 ******* Program HYDRUS
 ******* 
 Welcome to HYDRUS-1D                                                    
 Date:  13. 3.    Time:  12: 8:46
 Units: L = mm   , T = days , M = mmol 


    TLevel      Time           dt     ItrW ItrC    ItCum  KodT  KodB Converg  Peclet   Courant

      485  0.1000000E+02  0.21428E-01    2    1     2282    -4    -5     T     5.750     0.156
      869  0.2000000E+02  0.12659E-01    5    1     3980    -4    -5     T     5.417     0.092
     1240  0.3000000E+02  0.37128E-01    2    1     5616    -4    -5     T     6.459     0.271
     1485  0.4000000E+02  0.21647E-01    2    1     6119    -4    -5     T     5.759     0.158
     1729  0.5000000E+02  0.26545E-01    2    1     6607    -4    -5     T     5.963     0.194
     1973  0.6000000E+02  0.27158E-01    2    1     7095    -4    -5     T     5.990     0.198
     2217  0.7000000E+02  0.27234E-01    2    1     7583    -4    -5     T     5.993     0.199
     2461  0.8000000E+02  0.27244E-01    2    1     8071    -4    -5     T     5.994     0.199
     2705  0.9000000E+02  0.27245E-01    2    1     8559    -4    -5     T     5.994     0.199
     2949  0.1000000E+03  0.27245E-01    2    1     9047    -4    -5     T     5.994     0.199
     3193  0.1100000E+03  0.27245E-01    2    1     9535    -4    -5     T     5.994     0.199
     3437  0.1200000E+03  0.27245E-01    2    1    10023    -4    -5     T     5.994     0.199
     3681  0.1300000E+03  0.27245E-01    2    1    10511    -4    -5     T     5.994     0.199
     3925  0.1400000E+03  0.27245E-01    2    1    10999    -4    -5     T     5.994     0.199
     4169  0.1500000E+03  0.27245E-01    2    1    11487    -4    -5     T     5.994     0.199
     4413  0.1600000E+03  0.27245E-01    2    1    11975    -4    -5     T     5.994     0.199
     4657  0.1700000E+03  0.27245E-01    2    1    12463    -4    -5     T     5.994     0.199
     4901  0.1800000E+03  0.27245E-01    2    1    12951    -4    -5     T     5.994     0.199
     5145  0.1900000E+03  0.27245E-01    2    1    13439    -4    -5     T     5.994     0.199
     5389  0.2000000E+03  0.27245E-01    2    1    13927    -4    -5     T     5.994     0.199
     5633  0.2100000E+03  0.27245E-01    2    1    14415    -4    -5     T     5.994     0.199
     5877  0.2200000E+03  0.27245E-01    2    1    14903    -4    -5     T     5.994     0.199
     6121  0.2300000E+03  0.27245E-01    2    1    15391    -4    -5     T     5.994     0.199
     6365  0.2400000E+03  0.27245E-01    2    1    15879    -4    -5     T     5.994     0.199
     6609  0.2500000E+03  0.27245E-01    2    1    16367    -4    -5     T     5.994     0.199
     6853  0.2600000E+03  0.27245E-01    2    1    16855    -4    -5     T     5.994     0.199
     7097  0.2700000E+03  0.27245E-01    2    1    17343    -4    -5     T     5.994     0.199
     7341  0.2800000E+03  0.27245E-01    2    1    17831    -4    -5     T     5.994     0.199
     7585  0.2900000E+03  0.27245E-01    2    1    18319    -4    -5     T     5.994     0.199
     7829  0.3000000E+03  0.27245E-01    2    1    18807    -4    -5     T     5.994     0.199
     8073  0.3100000E+03  0.27245E-01    2    1    19295    -4    -5     T     5.994     0.199
     8317  0.3200000E+03  0.27245E-01    2    1    19783    -4    -5     T     5.994     0.199
     8561  0.3300000E+03  0.27245E-01    2    1    20271    -4    -5     T     5.994     0.199
     8805  0.3400000E+03  0.27245E-01    2    1    20759    -4    -5     T     5.994     0.199
     9049  0.3500000E+03  0.27245E-01    2    1    21247    -4    -5     T     5.994     0.199
     9293  0.3600000E+03  0.27245E-01    2    1    21735    -4    -5     T     5.994     0.199
     9537  0.3700000E+03  0.27245E-01    2    1    22223    -4    -5     T     5.994     0.199
     9781  0.3800000E+03  0.27245E-01    2    1    22711    -4    -5     T     5.994     0.199
    10025  0.3900000E+03  0.27245E-01    2    1    23199    -4    -5     T     5.994     0.199
    10269  0.4000000E+03  0.27245E-01    2    1    23687    -4    -5     T     5.994     0.199
    10513  0.4100000E+03  0.27245E-01    2    1    24175    -4    -5     T     5.994     0.199
    10757  0.4200000E+03  0.27245E-01    2    1    24663    -4    -5     T     5.994     0.199
    11001  0.4300000E+03  0.27245E-01    2    1    25151    -4    -5     T     5.994     0.199
    11245  0.4400000E+03  0.27245E-01    2    1    25639    -4    -5     T     5.994     0.199
    11489  0.4500000E+03  0.27245E-01    2    1    26127    -4    -5     T     5.994     0.199
    11733  0.4600000E+03  0.27245E-01    2    1    26615    -4    -5     T     5.994     0.199
    11977  0.4700000E+03  0.27245E-01    2    1    27103    -4    -5     T     5.994     0.199
    12221  0.4800000E+03  0.27245E-01    2    1    27591    -4    -5     T     5.994     0.199
    12465  0.4900000E+03  0.27245E-01    2    1    28079    -4    -5     T     5.994     0.199
    12709  0.5000000E+03  0.27245E-01    2    1    28567    -4    -5     T     5.994     0.199
    12953  0.5100000E+03  0.27245E-01    2    1    29055    -4    -5     T     5.994     0.199
    13197  0.5200000E+03  0.27245E-01    2    1    29543    -4    -5     T     5.994     0.199
    13441  0.5300000E+03  0.27245E-01    2    1    30031    -4    -5     T     5.994     0.199
    13685  0.5400000E+03  0.27245E-01    2    1    30519    -4    -5     T     5.994     0.199
    13929  0.5500000E+03  0.27245E-01    2    1    31007    -4    -5     T     5.994     0.199
    14173  0.5600000E+03  0.27245E-01    2    1    31495    -4    -5     T     5.994     0.199
    14417  0.5700000E+03  0.27245E-01    2    1    31983    -4    -5     T     5.994     0.199
    14661  0.5800000E+03  0.27245E-01    2    1    32471    -4    -5     T     5.994     0.199
    14905  0.5900000E+03  0.27245E-01    2    1    32959    -4    -5     T     5.994     0.199
    15149  0.6000000E+03  0.27245E-01    2    1    33447    -4    -5     T     5.994     0.199
    15393  0.6100000E+03  0.27245E-01    2    1    33935    -4    -5     T     5.994     0.199
    15637  0.6200000E+03  0.27245E-01    2    1    34423    -4    -5     T     5.994     0.199
    15881  0.6300000E+03  0.27245E-01    2    1    34911    -4    -5     T     5.994     0.199
    16125  0.6400000E+03  0.27245E-01    2    1    35399    -4    -5     T     5.994     0.199
    16369  0.6500000E+03  0.27245E-01    2    1    35887    -4    -5     T     5.994     0.199
    16613  0.6600000E+03  0.27245E-01    2    1    36375    -4    -5     T     5.994     0.199
    16857  0.6700000E+03  0.27245E-01    2    1    36863    -4    -5     T     5.994     0.199
    17101  0.6800000E+03  0.27245E-01    2    1    37351    -4    -5     T     5.994     0.199
    17345  0.6900000E+03  0.27245E-01    2    1    37839    -4    -5     T     5.994     0.199
    17589  0.7000000E+03  0.27245E-01    2    1    38327    -4    -5     T     5.994     0.199
    17833  0.7100000E+03  0.27245E-01    2    1    38815    -4    -5     T     5.994     0.199
    18077  0.7200000E+03  0.27245E-01    2    1    39303    -4    -5     T     5.994     0.199
    18321  0.7300000E+03  0.27245E-01    2    1    39791    -4    -5     T     5.994     0.199
    18565  0.7400000E+03  0.27245E-01    2    1    40279    -4    -5     T     5.994     0.199
    18809  0.7500000E+03  0.27245E-01    2    1    40767    -4    -5     T     5.994     0.199
    19053  0.7600000E+03  0.27245E-01    2    1    41255    -4    -5     T     5.994     0.199
    19297  0.7700000E+03  0.27245E-01    2    1    41743    -4    -5     T     5.994     0.199
    19541  0.7800000E+03  0.27245E-01    2    1    42231    -4    -5     T     5.994     0.199
    19785  0.7900000E+03  0.27245E-01    2    1    42719    -4    -5     T     5.994     0.199
    20029  0.8000000E+03  0.27245E-01    2    1    43207    -4    -5     T     5.994     0.199
    20273  0.8100000E+03  0.27245E-01    2    1    43695    -4    -5     T     5.994     0.199
    20517  0.8200000E+03  0.27245E-01    2    1    44183    -4    -5     T     5.994     0.199
    20761  0.8300000E+03  0.27245E-01    2    1    44671    -4    -5     T     5.994     0.199
    21005  0.8400000E+03  0.27245E-01    2    1    45159    -4    -5     T     5.994     0.199
    21249  0.8500000E+03  0.27245E-01    2    1    45647    -4    -5     T     5.994     0.199
    21493  0.8600000E+03  0.27245E-01    2    1    46135    -4    -5     T     5.994     0.199
    21737  0.8700000E+03  0.27245E-01    2    1    46623    -4    -5     T     5.994     0.199
    21981  0.8800000E+03  0.27245E-01    2    1    47111    -4    -5     T     5.994     0.199
    22225  0.8900000E+03  0.27245E-01    2    1    47599    -4    -5     T     5.994     0.199
    22469  0.9000000E+03  0.27245E-01    2    1    48087    -4    -5     T     5.994     0.199
    22713  0.9100000E+03  0.27245E-01    2    1    48575    -4    -5     T     5.994     0.199
    22957  0.9200000E+03  0.27245E-01    2    1    49063    -4    -5     T     5.994     0.199
    23201  0.9300000E+03  0.27245E-01    2    1    49551    -4    -5     T     5.994     0.199
    23445  0.9400000E+03  0.27245E-01    2    1    50039    -4    -5     T     5.994     0.199
    23689  0.9500000E+03  0.27245E-01    2    1    50527    -4    -5     T     5.994     0.199
    23933  0.9600000E+03  0.27245E-01    2    1    51015    -4    -5     T     5.994     0.199
    24177  0.9700000E+03  0.27245E-01    2    1    51503    -4    -5     T     5.994     0.199
    24421  0.9800000E+03  0.27245E-01    2    1    51991    -4    -5     T     5.994     0.199
    24665  0.9900000E+03  0.27245E-01    2    1    52479    -4    -5     T     5.994     0.199
    24909  0.1000000E+04  0.27245E-01    2    1    52967    -4    -5     T     5.994     0.199
end
