 All solute fluxes and cumulative solute fluxes are positive into the region

       Time         cvTop        cvBot      Sum(cvTop)   Sum(cvBot)     cvCh0        cvCh1         cTop        cRoot         cBot        cvRoot    Sum(cvRoot)  Sum(cvNEql) TLevel      cGWL        cRunOff   Sum(cRunOff)    (cv(i),    Sum(cv(i)), i=1,NObs)
        [T]        [M/L2/T]     [M/L2/T]      [M/L2]       [M/L2]       [M/L2]      [M/L2]        [M/L3]      [M/L3]        [M/L3]      [M/L2/T]      [M/L2]       [M/L2]              [M/L3]        [M/L2]      [M/L3]      [M/L2/T]      [M/L2]
       10.0000  0.15000E+03  0.00000E+00  0.15000E+04  0.00000E+00  0.00000E+00  0.00000E+00  0.30081E+02  0.22878E+02  0.00000E+00  0.00000E+00  0.00000E+00  0.00000E+00     485  0.00000E+00  0.00000E+00  0.52415E-02
       20.0000  0.15000E+03  0.00000E+00  0.30000E+04  0.00000E+00  0.00000E+00  0.00000E+00  0.30082E+02  0.46365E+02  0.00000E+00  0.00000E+00  0.00000E+00  0.00000E+00     869  0.00000E+00  0.00000E+00  0.52415E-02
       30.0000  0.15000E+03 -0.26680E-24  0.45000E+04 -0.15360E-25  0.00000E+00  0.00000E+00  0.30082E+02  0.53381E+02  0.11090E-23  0.00000E+00  0.00000E+00  0.00000E+00    1240  0.00000E+00  0.00000E+00  0.52415E-02
       40.0000  0.15000E+03 -0.15521E-04  0.60000E+04 -0.63889E-05  0.00000E+00  0.00000E+00  0.30081E+02  0.53380E+02  0.71812E-05  0.00000E+00  0.00000E+00  0.00000E+00    1485  0.00000E+00  0.00000E+00  0.52545E-02
       50.0000  0.15000E+03 -0.30617E+02  0.75001E+04 -0.39906E+02  0.00000E+00  0.00000E+00  0.30082E+02  0.53380E+02  0.13917E+02  0.00000E+00  0.00000E+00  0.00000E+00    1729  0.00000E+00  0.00000E+00  0.52545E-02
       60.0000  0.15000E+03 -0.15001E+03  0.90001E+04 -0.12278E+04  0.00000E+00  0.00000E+00  0.30082E+02  0.53381E+02  0.67641E+02  0.00000E+00  0.00000E+00  0.00000E+00    1973  0.00000E+00  0.00000E+00  0.52545E-02
       70.0000  0.15000E+03 -0.15000E+03  0.10500E+05 -0.27278E+04  0.00000E+00  0.00000E+00  0.30082E+02  0.53381E+02  0.67638E+02  0.00000E+00  0.00000E+00  0.00000E+00    2217  0.00000E+00  0.00000E+00  0.52545E-02
       80.0000  0.15000E+03 -0.15000E+03  0.12000E+05 -0.42278E+04  0.00000E+00  0.00000E+00  0.30082E+02  0.53381E+02  0.67638E+02  0.00000E+00  0.00000E+00  0.00000E+00    2461  0.00000E+00  0.00000E+00  0.52545E-02
       90.0000  0.15000E+03 -0.15000E+03  0.13500E+05 -0.57278E+04  0.00000E+00  0.00000E+00  0.30082E+02  0.53381E+02  0.67638E+02  0.00000E+00  0.00000E+00  0.00000E+00    2705  0.00000E+00  0.00000E+00  0.52545E-02
      100.0000  0.15000E+03 -0.15000E+03  0.15000E+05 -0.72278E+04  0.00000E+00  0.00000E+00  0.30082E+02  0.53381E+02  0.67638E+02  0.00000E+00  0.00000E+00  0.00000E+00    2949  0.00000E+00  0.00000E+00  0.52545E-02
      110.0000  0.15000E+03 -0.15000E+03  0.16500E+05 -0.87278E+04  0.00000E+00  0.00000E+00  0.30082E+02  0.53381E+02  0.67639E+02  0.00000E+00  0.00000E+00  0.00000E+00    3193  0.00000E+00  0.00000E+00  0.52545E-02
      120.0000  0.15000E+03 -0.15000E+03  0.18000E+05 -0.10228E+05  0.00000E+00  0.00000E+00  0.30082E+02  0.53381E+02  0.67639E+02  0.00000E+00  0.00000E+00  0.00000E+00    3437  0.00000E+00  0.00000E+00  0.52545E-02
      130.0000  0.15000E+03 -0.15000E+03  0.19500E+05 -0.11728E+05  0.00000E+00  0.00000E+00  0.30082E+02  0.53381E+02  0.67639E+02  0.00000E+00  0.00000E+00  0.00000E+00    3681  0.00000E+00  0.00000E+00  0.52545E-02
      140.0000  0.15000E+03 -0.15000E+03  0.20999E+05 -0.13228E+05  0.00000E+00  0.00000E+00  0.30082E+02  0.53381E+02  0.67639E+02  0.00000E+00  0.00000E+00  0.00000E+00    3925  0.00000E+00  0.00000E+00  0.52545E-02
      150.0000  0.15000E+03 -0.15000E+03  0.22499E+05 -0.14728E+05  0.00000E+00  0.00000E+00  0.30082E+02  0.53381E+02  0.67639E+02  0.00000E+00  0.00000E+00  0.00000E+00    4169  0.00000E+00  0.00000E+00  0.52545E-02
      160.0000  0.15000E+03 -0.15000E+03  0.23999E+05 -0.16227E+05  0.00000E+00  0.00000E+00  0.30082E+02  0.53380E+02  0.67639E+02  0.00000E+00  0.00000E+00  0.00000E+00    4413  0.00000E+00  0.00000E+00  0.52545E-02
      170.0000  0.15000E+03 -0.15000E+03  0.25499E+05 -0.17727E+05  0.00000E+00  0.00000E+00  0.30082E+02  0.53381E+02  0.67639E+02  0.00000E+00  0.00000E+00  0.00000E+00    4657  0.00000E+00  0.00000E+00  0.52545E-02
      180.0000  0.15000E+03 -0.15000E+03  0.26999E+05 -0.19227E+05  0.00000E+00  0.00000E+00  0.30082E+02  0.53380E+02  0.67639E+02  0.00000E+00  0.00000E+00  0.00000E+00    4901  0.00000E+00  0.00000E+00  0.52545E-02
      190.0000  0.15000E+03 -0.15000E+03  0.28499E+05 -0.20727E+05  0.00000E+00  0.00000E+00  0.30082E+02  0.53380E+02  0.67639E+02  0.00000E+00  0.00000E+00  0.00000E+00    5145  0.00000E+00  0.00000E+00  0.52545E-02
      200.0000  0.15000E+03 -0.15000E+03  0.29999E+05 -0.22227E+05  0.00000E+00  0.00000E+00  0.30082E+02  0.53381E+02  0.67639E+02  0.00000E+00  0.00000E+00  0.00000E+00    5389  0.00000E+00  0.00000E+00  0.52545E-02
      210.0000  0.15000E+03 -0.15000E+03  0.31499E+05 -0.23727E+05  0.00000E+00  0.00000E+00  0.30082E+02  0.53380E+02  0.67639E+02  0.00000E+00  0.00000E+00  0.00000E+00    5633  0.00000E+00  0.00000E+00  0.52545E-02
      220.0000  0.15000E+03 -0.15000E+03  0.32999E+05 -0.25227E+05  0.00000E+00  0.00000E+00  0.30082E+02  0.53380E+02  0.67639E+02  0.00000E+00  0.00000E+00  0.00000E+00    5877  0.00000E+00  0.00000E+00  0.52545E-02
      230.0000  0.15000E+03 -0.15000E+03  0.34499E+05 -0.26727E+05  0.00000E+00  0.00000E+00  0.30082E+02  0.53381E+02  0.67639E+02  0.00000E+00  0.00000E+00  0.00000E+00    6121  0.00000E+00  0.00000E+00  0.52545E-02
      240.0000  0.15000E+03 -0.15000E+03  0.36000E+05 -0.28227E+05  0.00000E+00  0.00000E+00  0.30082E+02  0.53380E+02  0.67639E+02  0.00000E+00  0.00000E+00  0.00000E+00    6365  0.00000E+00  0.00000E+00  0.52545E-02
      250.0000  0.15000E+03 -0.15000E+03  0.37500E+05 -0.29727E+05  0.00000E+00  0.00000E+00  0.30082E+02  0.53380E+02  0.67639E+02  0.00000E+00  0.00000E+00  0.00000E+00    6609  0.00000E+00  0.00000E+00  0.52545E-02
      260.0000  0.15000E+03 -0.15000E+03  0.39000E+05 -0.31227E+05  0.00000E+00  0.00000E+00  0.30082E+02  0.53380E+02  0.67639E+02  0.00000E+00  0.00000E+00  0.00000E+00    6853  0.00000E+00  0.00000E+00  0.52545E-02
      270.0000  0.15000E+03 -0.15000E+03  0.40501E+05 -0.32727E+05  0.00000E+00  0.00000E+00  0.30082E+02  0.53380E+02  0.67639E+02  0.00000E+00  0.00000E+00  0.00000E+00    7097  0.00000E+00  0.00000E+00  0.52545E-02
      280.0000  0.15000E+03 -0.15000E+03  0.42001E+05 -0.34227E+05  0.00000E+00  0.00000E+00  0.30082E+02  0.53380E+02  0.67639E+02  0.00000E+00  0.00000E+00  0.00000E+00    7341  0.00000E+00  0.00000E+00  0.52545E-02
      290.0000  0.15000E+03 -0.15000E+03  0.43502E+05 -0.35727E+05  0.00000E+00  0.00000E+00  0.30082E+02  0.53380E+02  0.67639E+02  0.00000E+00  0.00000E+00  0.00000E+00    7585  0.00000E+00  0.00000E+00  0.52545E-02
      300.0000  0.15000E+03 -0.15000E+03  0.45002E+05 -0.37228E+05  0.00000E+00  0.00000E+00  0.30082E+02  0.53380E+02  0.67639E+02  0.00000E+00  0.00000E+00  0.00000E+00    7829  0.00000E+00  0.00000E+00  0.52545E-02
      310.0000  0.15000E+03 -0.15000E+03  0.46502E+05 -0.38728E+05  0.00000E+00  0.00000E+00  0.30082E+02  0.53380E+02  0.67639E+02  0.00000E+00  0.00000E+00  0.00000E+00    8073  0.00000E+00  0.00000E+00  0.52545E-02
      320.0000  0.15000E+03 -0.15000E+03  0.48003E+05 -0.40229E+05  0.00000E+00  0.00000E+00  0.30082E+02  0.53380E+02  0.67639E+02  0.00000E+00  0.00000E+00  0.00000E+00    8317  0.00000E+00  0.00000E+00  0.52545E-02
      330.0000  0.15000E+03 -0.15000E+03  0.49503E+05 -0.41729E+05  0.00000E+00  0.00000E+00  0.30082E+02  0.53380E+02  0.67639E+02  0.00000E+00  0.00000E+00  0.00000E+00    8561  0.00000E+00  0.00000E+00  0.52545E-02
      340.0000  0.15000E+03 -0.15000E+03  0.51004E+05 -0.43229E+05  0.00000E+00  0.00000E+00  0.30082E+02  0.53380E+02  0.67639E+02  0.00000E+00  0.00000E+00  0.00000E+00    8805  0.00000E+00  0.00000E+00  0.52545E-02
      350.0000  0.15000E+03 -0.15000E+03  0.52504E+05 -0.44730E+05  0.00000E+00  0.00000E+00  0.30082E+02  0.53380E+02  0.67639E+02  0.00000E+00  0.00000E+00  0.00000E+00    9049  0.00000E+00  0.00000E+00  0.52545E-02
      360.0000  0.15000E+03 -0.15000E+03  0.54004E+05 -0.46230E+05  0.00000E+00  0.00000E+00  0.30082E+02  0.53380E+02  0.67639E+02  0.00000E+00  0.00000E+00  0.00000E+00    9293  0.00000E+00  0.00000E+00  0.52545E-02
      370.0000  0.15000E+03 -0.15000E+03  0.55505E+05 -0.47730E+05  0.00000E+00  0.00000E+00  0.30082E+02  0.53380E+02  0.67639E+02  0.00000E+00  0.00000E+00  0.00000E+00    9537  0.00000E+00  0.00000E+00  0.52545E-02
      380.0000  0.15000E+03 -0.15000E+03  0.57005E+05 -0.49231E+05  0.00000E+00  0.00000E+00  0.30082E+02  0.53381E+02  0.67639E+02  0.00000E+00  0.00000E+00  0.00000E+00    9781  0.00000E+00  0.00000E+00  0.52545E-02
      390.0000  0.15000E+03 -0.15000E+03  0.58506E+05 -0.50731E+05  0.00000E+00  0.00000E+00  0.30082E+02  0.53380E+02  0.67639E+02  0.00000E+00  0.00000E+00  0.00000E+00   10025  0.00000E+00  0.00000E+00  0.52545E-02
      400.0000  0.15000E+03 -0.15000E+03  0.60006E+05 -0.52232E+05  0.00000E+00  0.00000E+00  0.30082E+02  0.53380E+02  0.67639E+02  0.00000E+00  0.00000E+00  0.00000E+00   10269  0.00000E+00  0.00000E+00  0.52545E-02
      410.0000  0.15000E+03 -0.15000E+03  0.61506E+05 -0.53732E+05  0.00000E+00  0.00000E+00  0.30082E+02  0.53380E+02  0.67639E+02  0.00000E+00  0.00000E+00  0.00000E+00   10513  0.00000E+00  0.00000E+00  0.52545E-02
      420.0000  0.15000E+03 -0.15000E+03  0.63007E+05 -0.55232E+05  0.00000E+00  0.00000E+00  0.30082E+02  0.53380E+02  0.67639E+02  0.00000E+00  0.00000E+00  0.00000E+00   10757  0.00000E+00  0.00000E+00  0.52545E-02
      430.0000  0.15000E+03 -0.15000E+03  0.64507E+05 -0.56733E+05  0.00000E+00  0.00000E+00  0.30082E+02  0.53380E+02  0.67639E+02  0.00000E+00  0.00000E+00  0.00000E+00   11001  0.00000E+00  0.00000E+00  0.52545E-02
      440.0000  0.15000E+03 -0.15000E+03  0.66007E+05 -0.58233E+05  0.00000E+00  0.00000E+00  0.30082E+02  0.53380E+02  0.67639E+02  0.00000E+00  0.00000E+00  0.00000E+00   11245  0.00000E+00  0.00000E+00  0.52545E-02
      450.0000  0.15000E+03 -0.15000E+03  0.67508E+05 -0.59734E+05  0.00000E+00  0.00000E+00  0.30082E+02  0.53380E+02  0.67639E+02  0.00000E+00  0.00000E+00  0.00000E+00   11489  0.00000E+00  0.00000E+00  0.52545E-02
      460.0000  0.15000E+03 -0.15000E+03  0.69008E+05 -0.61234E+05  0.00000E+00  0.00000E+00  0.30082E+02  0.53380E+02  0.67639E+02  0.00000E+00  0.00000E+00  0.00000E+00   11733  0.00000E+00  0.00000E+00  0.52545E-02
      470.0000  0.15000E+03 -0.15000E+03  0.70509E+05 -0.62734E+05  0.00000E+00  0.00000E+00  0.30082E+02  0.53380E+02  0.67639E+02  0.00000E+00  0.00000E+00  0.00000E+00   11977  0.00000E+00  0.00000E+00  0.52545E-02
      480.0000  0.15000E+03 -0.15000E+03  0.72009E+05 -0.64235E+05  0.00000E+00  0.00000E+00  0.30082E+02  0.53380E+02  0.67639E+02  0.00000E+00  0.00000E+00  0.00000E+00   12221  0.00000E+00  0.00000E+00  0.52545E-02
      490.0000  0.15000E+03 -0.15000E+03  0.73509E+05 -0.65735E+05  0.00000E+00  0.00000E+00  0.30082E+02  0.53380E+02  0.67639E+02  0.00000E+00  0.00000E+00  0.00000E+00   12465  0.00000E+00  0.00000E+00  0.52545E-02
      500.0000  0.15000E+03 -0.15000E+03  0.75010E+05 -0.67235E+05  0.00000E+00  0.00000E+00  0.30082E+02  0.53381E+02  0.67639E+02  0.00000E+00  0.00000E+00  0.00000E+00   12709  0.00000E+00  0.00000E+00  0.52545E-02
      510.0000  0.15000E+03 -0.15000E+03  0.76510E+05 -0.68736E+05  0.00000E+00  0.00000E+00  0.30082E+02  0.53380E+02  0.67639E+02  0.00000E+00  0.00000E+00  0.00000E+00   12953  0.00000E+00  0.00000E+00  0.52545E-02
      520.0000  0.15000E+03 -0.15000E+03  0.78010E+05 -0.70236E+05  0.00000E+00  0.00000E+00  0.30082E+02  0.53380E+02  0.67639E+02  0.00000E+00  0.00000E+00  0.00000E+00   13197  0.00000E+00  0.00000E+00  0.52545E-02
      530.0000  0.15000E+03 -0.15000E+03  0.79511E+05 -0.71737E+05  0.00000E+00  0.00000E+00  0.30082E+02  0.53381E+02  0.67639E+02  0.00000E+00  0.00000E+00  0.00000E+00   13441  0.00000E+00  0.00000E+00  0.52545E-02
      540.0000  0.15000E+03 -0.15000E+03  0.81011E+05 -0.73237E+05  0.00000E+00  0.00000E+00  0.30082E+02  0.53380E+02  0.67639E+02  0.00000E+00  0.00000E+00  0.00000E+00   13685  0.00000E+00  0.00000E+00  0.52545E-02
      550.0000  0.15000E+03 -0.15000E+03  0.82512E+05 -0.74737E+05  0.00000E+00  0.00000E+00  0.30082E+02  0.53380E+02  0.67639E+02  0.00000E+00  0.00000E+00  0.00000E+00   13929  0.00000E+00  0.00000E+00  0.52545E-02
      560.0000  0.15000E+03 -0.15000E+03  0.84012E+05 -0.76238E+05  0.00000E+00  0.00000E+00  0.30082E+02  0.53380E+02  0.67639E+02  0.00000E+00  0.00000E+00  0.00000E+00   14173  0.00000E+00  0.00000E+00  0.52545E-02
      570.0000  0.15000E+03 -0.15000E+03  0.85512E+05 -0.77738E+05  0.00000E+00  0.00000E+00  0.30082E+02  0.53380E+02  0.67639E+02  0.00000E+00  0.00000E+00  0.00000E+00   14417  0.00000E+00  0.00000E+00  0.52545E-02
      580.0000  0.15000E+03 -0.15000E+03  0.87013E+05 -0.79239E+05  0.00000E+00  0.00000E+00  0.30082E+02  0.53380E+02  0.67639E+02  0.00000E+00  0.00000E+00  0.00000E+00   14661  0.00000E+00  0.00000E+00  0.52545E-02
      590.0000  0.15000E+03 -0.15000E+03  0.88513E+05 -0.80739E+05  0.00000E+00  0.00000E+00  0.30082E+02  0.53380E+02  0.67639E+02  0.00000E+00  0.00000E+00  0.00000E+00   14905  0.00000E+00  0.00000E+00  0.52545E-02
      600.0000  0.15000E+03 -0.15000E+03  0.90014E+05 -0.82239E+05  0.00000E+00  0.00000E+00  0.30082E+02  0.53380E+02  0.67639E+02  0.00000E+00  0.00000E+00  0.00000E+00   15149  0.00000E+00  0.00000E+00  0.52545E-02
      610.0000  0.15000E+03 -0.15000E+03  0.91514E+05 -0.83740E+05  0.00000E+00  0.00000E+00  0.30082E+02  0.53380E+02  0.67639E+02  0.00000E+00  0.00000E+00  0.00000E+00   15393  0.00000E+00  0.00000E+00  0.52545E-02
      620.0000  0.15000E+03 -0.15000E+03  0.93014E+05 -0.85240E+05  0.00000E+00  0.00000E+00  0.30082E+02  0.53381E+02  0.67639E+02  0.00000E+00  0.00000E+00  0.00000E+00   15637  0.00000E+00  0.00000E+00  0.52545E-02
      630.0000  0.15000E+03 -0.15000E+03  0.94515E+05 -0.86740E+05  0.00000E+00  0.00000E+00  0.30082E+02  0.53380E+02  0.67639E+02  0.00000E+00  0.00000E+00  0.00000E+00   15881  0.00000E+00  0.00000E+00  0.52545E-02
      640.0000  0.15000E+03 -0.15000E+03  0.96015E+05 -0.88241E+05  0.00000E+00  0.00000E+00  0.30082E+02  0.53380E+02  0.67639E+02  0.00000E+00  0.00000E+00  0.00000E+00   16125  0.00000E+00  0.00000E+00  0.52545E-02
      650.0000  0.15000E+03 -0.15000E+03  0.97515E+05 -0.89741E+05  0.00000E+00  0.00000E+00  0.30082E+02  0.53380E+02  0.67639E+02  0.00000E+00  0.00000E+00  0.00000E+00   16369  0.00000E+00  0.00000E+00  0.52545E-02
      660.0000  0.15000E+03 -0.15000E+03  0.99016E+05 -0.91242E+05  0.00000E+00  0.00000E+00  0.30082E+02  0.53380E+02  0.67639E+02  0.00000E+00  0.00000E+00  0.00000E+00   16613  0.00000E+00  0.00000E+00  0.52545E-02
      670.0000  0.15000E+03 -0.15000E+03  0.10052E+06 -0.92742E+05  0.00000E+00  0.00000E+00  0.30082E+02  0.53380E+02  0.67639E+02  0.00000E+00  0.00000E+00  0.00000E+00   16857  0.00000E+00  0.00000E+00  0.52545E-02
      680.0000  0.15000E+03 -0.15000E+03  0.10202E+06 -0.94242E+05  0.00000E+00  0.00000E+00  0.30082E+02  0.53380E+02  0.67639E+02  0.00000E+00  0.00000E+00  0.00000E+00   17101  0.00000E+00  0.00000E+00  0.52545E-02
      690.0000  0.15000E+03 -0.15000E+03  0.10352E+06 -0.95743E+05  0.00000E+00  0.00000E+00  0.30082E+02  0.53380E+02  0.67639E+02  0.00000E+00  0.00000E+00  0.00000E+00   17345  0.00000E+00  0.00000E+00  0.52545E-02
      700.0000  0.15000E+03 -0.15000E+03  0.10502E+06 -0.97243E+05  0.00000E+00  0.00000E+00  0.30082E+02  0.53380E+02  0.67639E+02  0.00000E+00  0.00000E+00  0.00000E+00   17589  0.00000E+00  0.00000E+00  0.52545E-02
      710.0000  0.15000E+03 -0.15000E+03  0.10652E+06 -0.98743E+05  0.00000E+00  0.00000E+00  0.30082E+02  0.53380E+02  0.67639E+02  0.00000E+00  0.00000E+00  0.00000E+00   17833  0.00000E+00  0.00000E+00  0.52545E-02
      720.0000  0.15000E+03 -0.15000E+03  0.10802E+06 -0.10024E+06  0.00000E+00  0.00000E+00  0.30082E+02  0.53380E+02  0.67639E+02  0.00000E+00  0.00000E+00  0.00000E+00   18077  0.00000E+00  0.00000E+00  0.52545E-02
      730.0000  0.15000E+03 -0.15000E+03  0.10952E+06 -0.10174E+06  0.00000E+00  0.00000E+00  0.30082E+02  0.53380E+02  0.67639E+02  0.00000E+00  0.00000E+00  0.00000E+00   18321  0.00000E+00  0.00000E+00  0.52545E-02
      740.0000  0.15000E+03 -0.15000E+03  0.11102E+06 -0.10324E+06  0.00000E+00  0.00000E+00  0.30082E+02  0.53380E+02  0.67639E+02  0.00000E+00  0.00000E+00  0.00000E+00   18565  0.00000E+00  0.00000E+00  0.52545E-02
      750.0000  0.15000E+03 -0.15000E+03  0.11252E+06 -0.10475E+06  0.00000E+00  0.00000E+00  0.30082E+02  0.53380E+02  0.67639E+02  0.00000E+00  0.00000E+00  0.00000E+00   18809  0.00000E+00  0.00000E+00  0.52545E-02
      760.0000  0.15000E+03 -0.15000E+03  0.11402E+06 -0.10625E+06  0.00000E+00  0.00000E+00  0.30082E+02  0.53380E+02  0.67639E+02  0.00000E+00  0.00000E+00  0.00000E+00   19053  0.00000E+00  0.00000E+00  0.52545E-02
      770.0000  0.15000E+03 -0.15000E+03  0.11552E+06 -0.10775E+06  0.00000E+00  0.00000E+00  0.30082E+02  0.53381E+02  0.67639E+02  0.00000E+00  0.00000E+00  0.00000E+00   19297  0.00000E+00  0.00000E+00  0.52545E-02
      780.0000  0.15000E+03 -0.15000E+03  0.11702E+06 -0.10925E+06  0.00000E+00  0.00000E+00  0.30082E+02  0.53380E+02  0.67639E+02  0.00000E+00  0.00000E+00  0.00000E+00   19541  0.00000E+00  0.00000E+00  0.52545E-02
      790.0000  0.15000E+03 -0.15000E+03  0.11852E+06 -0.11075E+06  0.00000E+00  0.00000E+00  0.30082E+02  0.53380E+02  0.67639E+02  0.00000E+00  0.00000E+00  0.00000E+00   19785  0.00000E+00  0.00000E+00  0.52545E-02
      800.0000  0.15000E+03 -0.15000E+03  0.12002E+06 -0.11225E+06  0.00000E+00  0.00000E+00  0.30082E+02  0.53380E+02  0.67639E+02  0.00000E+00  0.00000E+00  0.00000E+00   20029  0.00000E+00  0.00000E+00  0.52545E-02
      810.0000  0.15000E+03 -0.15000E+03  0.12152E+06 -0.11375E+06  0.00000E+00  0.00000E+00  0.30082E+02  0.53380E+02  0.67639E+02  0.00000E+00  0.00000E+00  0.00000E+00   20273  0.00000E+00  0.00000E+00  0.52545E-02
      820.0000  0.15000E+03 -0.15000E+03  0.12302E+06 -0.11525E+06  0.00000E+00  0.00000E+00  0.30082E+02  0.53380E+02  0.67639E+02  0.00000E+00  0.00000E+00  0.00000E+00   20517  0.00000E+00  0.00000E+00  0.52545E-02
      830.0000  0.15000E+03 -0.15000E+03  0.12452E+06 -0.11675E+06  0.00000E+00  0.00000E+00  0.30082E+02  0.53380E+02  0.67639E+02  0.00000E+00  0.00000E+00  0.00000E+00   20761  0.00000E+00  0.00000E+00  0.52545E-02
      840.0000  0.15000E+03 -0.15000E+03  0.12602E+06 -0.11825E+06  0.00000E+00  0.00000E+00  0.30082E+02  0.53380E+02  0.67639E+02  0.00000E+00  0.00000E+00  0.00000E+00   21005  0.00000E+00  0.00000E+00  0.52545E-02
      850.0000  0.15000E+03 -0.15000E+03  0.12752E+06 -0.11975E+06  0.00000E+00  0.00000E+00  0.30082E+02  0.53380E+02  0.67639E+02  0.00000E+00  0.00000E+00  0.00000E+00   21249  0.00000E+00  0.00000E+00  0.52545E-02
      860.0000  0.15000E+03 -0.15000E+03  0.12902E+06 -0.12125E+06  0.00000E+00  0.00000E+00  0.30082E+02  0.53381E+02  0.67639E+02  0.00000E+00  0.00000E+00  0.00000E+00   21493  0.00000E+00  0.00000E+00  0.52545E-02
      870.0000  0.15000E+03 -0.15000E+03  0.13052E+06 -0.12275E+06  0.00000E+00  0.00000E+00  0.30082E+02  0.53380E+02  0.67639E+02  0.00000E+00  0.00000E+00  0.00000E+00   21737  0.00000E+00  0.00000E+00  0.52545E-02
      880.0000  0.15000E+03 -0.15000E+03  0.13202E+06 -0.12425E+06  0.00000E+00  0.00000E+00  0.30082E+02  0.53380E+02  0.67639E+02  0.00000E+00  0.00000E+00  0.00000E+00   21981  0.00000E+00  0.00000E+00  0.52545E-02
      890.0000  0.15000E+03 -0.15000E+03  0.13352E+06 -0.12575E+06  0.00000E+00  0.00000E+00  0.30082E+02  0.53380E+02  0.67639E+02  0.00000E+00  0.00000E+00  0.00000E+00   22225  0.00000E+00  0.00000E+00  0.52545E-02
      900.0000  0.15000E+03 -0.15000E+03  0.13502E+06 -0.12725E+06  0.00000E+00  0.00000E+00  0.30082E+02  0.53380E+02  0.67639E+02  0.00000E+00  0.00000E+00  0.00000E+00   22469  0.00000E+00  0.00000E+00  0.52545E-02
      910.0000  0.15000E+03 -0.15000E+03  0.13652E+06 -0.12875E+06  0.00000E+00  0.00000E+00  0.30082E+02  0.53380E+02  0.67639E+02  0.00000E+00  0.00000E+00  0.00000E+00   22713  0.00000E+00  0.00000E+00  0.52545E-02
      920.0000  0.15000E+03 -0.15000E+03  0.13802E+06 -0.13025E+06  0.00000E+00  0.00000E+00  0.30082E+02  0.53380E+02  0.67639E+02  0.00000E+00  0.00000E+00  0.00000E+00   22957  0.00000E+00  0.00000E+00  0.52545E-02
      930.0000  0.15000E+03 -0.15000E+03  0.13952E+06 -0.13175E+06  0.00000E+00  0.00000E+00  0.30082E+02  0.53380E+02  0.67639E+02  0.00000E+00  0.00000E+00  0.00000E+00   23201  0.00000E+00  0.00000E+00  0.52545E-02
      940.0000  0.15000E+03 -0.15000E+03  0.14101E+06 -0.13325E+06  0.00000E+00  0.00000E+00  0.30082E+02  0.53380E+02  0.67639E+02  0.00000E+00  0.00000E+00  0.00000E+00   23445  0.00000E+00  0.00000E+00  0.52545E-02
      950.0000  0.15000E+03 -0.15000E+03  0.14251E+06 -0.13475E+06  0.00000E+00  0.00000E+00  0.30082E+02  0.53380E+02  0.67639E+02  0.00000E+00  0.00000E+00  0.00000E+00   23689  0.00000E+00  0.00000E+00  0.52545E-02
      960.0000  0.15000E+03 -0.15000E+03  0.14401E+06 -0.13625E+06  0.00000E+00  0.00000E+00  0.30082E+02  0.53380E+02  0.67639E+02  0.00000E+00  0.00000E+00  0.00000E+00   23933  0.00000E+00  0.00000E+00  0.52545E-02
      970.0000  0.15000E+03 -0.15000E+03  0.14551E+06 -0.13775E+06  0.00000E+00  0.00000E+00  0.30082E+02  0.53380E+02  0.67639E+02  0.00000E+00  0.00000E+00  0.00000E+00   24177  0.00000E+00  0.00000E+00  0.52545E-02
      980.0000  0.15000E+03 -0.15000E+03  0.14701E+06 -0.13924E+06  0.00000E+00  0.00000E+00  0.30082E+02  0.53381E+02  0.67639E+02  0.00000E+00  0.00000E+00  0.00000E+00   24421  0.00000E+00  0.00000E+00  0.52545E-02
      990.0000  0.15000E+03 -0.15000E+03  0.14851E+06 -0.14074E+06  0.00000E+00  0.00000E+00  0.30082E+02  0.53380E+02  0.67639E+02  0.00000E+00  0.00000E+00  0.00000E+00   24665  0.00000E+00  0.00000E+00  0.52545E-02
     1000.0000  0.15000E+03 -0.15000E+03  0.15001E+06 -0.14224E+06  0.00000E+00  0.00000E+00  0.30082E+02  0.53380E+02  0.67639E+02  0.00000E+00  0.00000E+00  0.00000E+00   24909  0.00000E+00  0.00000E+00  0.52545E-02
end
