 ******* Program HYDRUS
 ******* 
 Welcome to HYDRUS-1D                                                    
 Date:  13. 3.    Time:  12: 8:46
 Units: L = mm   , T = days , M = mmol 

       Time          rTop        rRoot        vTop         vRoot        vBot       sum(rTop)   sum(rRoot)    sum(vTop)   sum(vRoot)    sum(vBot)      hTop         hRoot        hBot        RunOff    sum(RunOff)     Volume     sum(Infil)    sum(Evap) TLevel Cum(WTrans)  SnowLayer
        [T]         [L/T]        [L/T]        [L/T]        [L/T]        [L/T]         [L]          [L]          [L]         [L]           [L]         [L]           [L]         [L]          [L/T]         [L]          [L]          [L]          [L]

      10.0000 -0.50000E+01  0.50000E+01 -0.50000E+01  0.32772E+01 -0.29768E-05 -0.50000E+02  0.50000E+02 -0.50000E+02  0.27340E+02 -0.29768E-04 -0.35862E+03 -0.10426E+04 -0.10000E+04  0.00000E+00  0.17472E-03  0.87368E+02  0.50000E+02  0.00000E+00    485  0.00000E+00      0.000
      20.0000 -0.50000E+01  0.50000E+01 -0.50000E+01  0.28403E+01 -0.29768E-05 -0.10000E+03  0.10000E+03 -0.10000E+03  0.58280E+02 -0.59537E-04 -0.35862E+03 -0.36696E+03 -0.10000E+04  0.00000E+00  0.17472E-03  0.10641E+03  0.10000E+03  0.00000E+00    869  0.00000E+00      0.000
      30.0000 -0.50000E+01  0.50000E+01 -0.50000E+01  0.27823E+01 -0.33433E+00 -0.15000E+03  0.15000E+03 -0.15000E+03  0.86180E+02 -0.27790E-01 -0.35862E+03 -0.36693E+03 -0.44047E+03  0.00000E+00  0.17472E-03  0.12849E+03  0.15000E+03  0.00000E+00   1240  0.00000E+00      0.000
      40.0000 -0.50000E+01  0.50000E+01 -0.50000E+01  0.27823E+01 -0.22177E+01 -0.20000E+03  0.20000E+03 -0.20000E+03  0.11400E+03 -0.21604E+02 -0.35862E+03 -0.36693E+03 -0.37010E+03  0.00000E+00  0.17515E-03  0.12909E+03  0.20000E+03  0.00000E+00   1485  0.00000E+00      0.000
      50.0000 -0.50000E+01  0.50000E+01 -0.50000E+01  0.27823E+01 -0.22177E+01 -0.25000E+03  0.25000E+03 -0.25000E+03  0.14183E+03 -0.43781E+02 -0.35862E+03 -0.36693E+03 -0.37010E+03  0.00000E+00  0.17515E-03  0.12909E+03  0.25000E+03  0.00000E+00   1729  0.00000E+00      0.000
      60.0000 -0.50000E+01  0.50000E+01 -0.50000E+01  0.27823E+01 -0.22177E+01 -0.30000E+03  0.30000E+03 -0.30000E+03  0.16965E+03 -0.65957E+02 -0.35862E+03 -0.36693E+03 -0.37010E+03  0.00000E+00  0.17515E-03  0.12909E+03  0.30000E+03  0.00000E+00   1973  0.00000E+00      0.000
      70.0000 -0.50000E+01  0.50000E+01 -0.50000E+01  0.27823E+01 -0.22177E+01 -0.35000E+03  0.35000E+03 -0.35000E+03  0.19747E+03 -0.88134E+02 -0.35862E+03 -0.36693E+03 -0.37010E+03  0.00000E+00  0.17515E-03  0.12909E+03  0.35000E+03  0.00000E+00   2217  0.00000E+00      0.000
      80.0000 -0.50000E+01  0.50000E+01 -0.50000E+01  0.27823E+01 -0.22177E+01 -0.40000E+03  0.40000E+03 -0.40000E+03  0.22529E+03 -0.11031E+03 -0.35862E+03 -0.36693E+03 -0.37010E+03  0.00000E+00  0.17515E-03  0.12909E+03  0.40000E+03  0.00000E+00   2461  0.00000E+00      0.000
      90.0000 -0.50000E+01  0.50000E+01 -0.50000E+01  0.27823E+01 -0.22177E+01 -0.45000E+03  0.45000E+03 -0.45000E+03  0.25312E+03 -0.13249E+03 -0.35862E+03 -0.36693E+03 -0.37010E+03  0.00000E+00  0.17515E-03  0.12909E+03  0.45000E+03  0.00000E+00   2705  0.00000E+00      0.000
     100.0000 -0.50000E+01  0.50000E+01 -0.50000E+01  0.27823E+01 -0.22177E+01 -0.50000E+03  0.50000E+03 -0.50000E+03  0.28094E+03 -0.15467E+03 -0.35862E+03 -0.36693E+03 -0.37010E+03  0.00000E+00  0.17515E-03  0.12909E+03  0.50000E+03  0.00000E+00   2949  0.00000E+00      0.000
     110.0000 -0.50000E+01  0.50000E+01 -0.50000E+01  0.27823E+01 -0.22177E+01 -0.55000E+03  0.55000E+03 -0.55000E+03  0.30877E+03 -0.17684E+03 -0.35862E+03 -0.36693E+03 -0.37010E+03  0.00000E+00  0.17515E-03  0.12909E+03  0.55000E+03  0.00000E+00   3193  0.00000E+00      0.000
     120.0000 -0.50000E+01  0.50000E+01 -0.50000E+01  0.27823E+01 -0.22177E+01 -0.60001E+03  0.60001E+03 -0.60001E+03  0.33659E+03 -0.19902E+03 -0.35862E+03 -0.36693E+03 -0.37010E+03  0.00000E+00  0.17515E-03  0.12909E+03  0.60001E+03  0.00000E+00   3437  0.00000E+00      0.000
     130.0000 -0.50000E+01  0.50000E+01 -0.50000E+01  0.27823E+01 -0.22177E+01 -0.65002E+03  0.65002E+03 -0.65002E+03  0.36442E+03 -0.22120E+03 -0.35862E+03 -0.36693E+03 -0.37010E+03  0.00000E+00  0.17515E-03  0.12909E+03  0.65002E+03  0.00000E+00   3681  0.00000E+00      0.000
     140.0000 -0.50000E+01  0.50000E+01 -0.50000E+01  0.27823E+01 -0.22177E+01 -0.70003E+03  0.70003E+03 -0.70003E+03  0.39225E+03 -0.24337E+03 -0.35862E+03 -0.36693E+03 -0.37010E+03  0.00000E+00  0.17515E-03  0.12909E+03  0.70003E+03  0.00000E+00   3925  0.00000E+00      0.000
     150.0000 -0.50000E+01  0.50000E+01 -0.50000E+01  0.27823E+01 -0.22177E+01 -0.75003E+03  0.75003E+03 -0.75003E+03  0.42007E+03 -0.26555E+03 -0.35862E+03 -0.36693E+03 -0.37010E+03  0.00000E+00  0.17515E-03  0.12909E+03  0.75003E+03  0.00000E+00   4169  0.00000E+00      0.000
     160.0000 -0.50000E+01  0.50000E+01 -0.50000E+01  0.27823E+01 -0.22177E+01 -0.80004E+03  0.80004E+03 -0.80004E+03  0.44790E+03 -0.28772E+03 -0.35862E+03 -0.36693E+03 -0.37010E+03  0.00000E+00  0.17515E-03  0.12909E+03  0.80004E+03  0.00000E+00   4413  0.00000E+00      0.000
     170.0000 -0.50000E+01  0.50000E+01 -0.50000E+01  0.27823E+01 -0.22177E+01 -0.85005E+03  0.85005E+03 -0.85005E+03  0.47573E+03 -0.30990E+03 -0.35862E+03 -0.36693E+03 -0.37010E+03  0.00000E+00  0.17515E-03  0.12909E+03  0.85005E+03  0.00000E+00   4657  0.00000E+00      0.000
     180.0000 -0.50000E+01  0.50000E+01 -0.50000E+01  0.27823E+01 -0.22177E+01 -0.90005E+03  0.90005E+03 -0.90005E+03  0.50355E+03 -0.33207E+03 -0.35862E+03 -0.36693E+03 -0.37010E+03  0.00000E+00  0.17515E-03  0.12909E+03  0.90005E+03  0.00000E+00   4901  0.00000E+00      0.000
     190.0000 -0.50000E+01  0.50000E+01 -0.50000E+01  0.27823E+01 -0.22177E+01 -0.95006E+03  0.95006E+03 -0.95006E+03  0.53138E+03 -0.35424E+03 -0.35862E+03 -0.36693E+03 -0.37010E+03  0.00000E+00  0.17515E-03  0.12909E+03  0.95006E+03  0.00000E+00   5145  0.00000E+00      0.000
     200.0000 -0.50000E+01  0.50000E+01 -0.50000E+01  0.27823E+01 -0.22177E+01 -0.10001E+04  0.10001E+04 -0.10001E+04  0.55921E+03 -0.37642E+03 -0.35862E+03 -0.36693E+03 -0.37010E+03  0.00000E+00  0.17515E-03  0.12909E+03  0.10001E+04  0.00000E+00   5389  0.00000E+00      0.000
     210.0000 -0.50000E+01  0.50000E+01 -0.50000E+01  0.27823E+01 -0.22177E+01 -0.10501E+04  0.10501E+04 -0.10501E+04  0.58703E+03 -0.39859E+03 -0.35862E+03 -0.36693E+03 -0.37010E+03  0.00000E+00  0.17515E-03  0.12909E+03  0.10501E+04  0.00000E+00   5633  0.00000E+00      0.000
     220.0000 -0.50000E+01  0.50000E+01 -0.50000E+01  0.27823E+01 -0.22177E+01 -0.11001E+04  0.11001E+04 -0.11001E+04  0.61486E+03 -0.42077E+03 -0.35862E+03 -0.36693E+03 -0.37010E+03  0.00000E+00  0.17515E-03  0.12909E+03  0.11001E+04  0.00000E+00   5877  0.00000E+00      0.000
     230.0000 -0.50000E+01  0.50000E+01 -0.50000E+01  0.27823E+01 -0.22177E+01 -0.11501E+04  0.11501E+04 -0.11501E+04  0.64268E+03 -0.44294E+03 -0.35862E+03 -0.36693E+03 -0.37010E+03  0.00000E+00  0.17515E-03  0.12909E+03  0.11501E+04  0.00000E+00   6121  0.00000E+00      0.000
     240.0000 -0.50000E+01  0.50000E+01 -0.50000E+01  0.27823E+01 -0.22177E+01 -0.12001E+04  0.12001E+04 -0.12001E+04  0.67051E+03 -0.46511E+03 -0.35862E+03 -0.36693E+03 -0.37010E+03  0.00000E+00  0.17515E-03  0.12909E+03  0.12001E+04  0.00000E+00   6365  0.00000E+00      0.000
     250.0000 -0.50000E+01  0.50000E+01 -0.50000E+01  0.27823E+01 -0.22177E+01 -0.12501E+04  0.12501E+04 -0.12501E+04  0.69834E+03 -0.48729E+03 -0.35862E+03 -0.36693E+03 -0.37010E+03  0.00000E+00  0.17515E-03  0.12909E+03  0.12501E+04  0.00000E+00   6609  0.00000E+00      0.000
     260.0000 -0.50000E+01  0.50000E+01 -0.50000E+01  0.27823E+01 -0.22177E+01 -0.13001E+04  0.13001E+04 -0.13001E+04  0.72616E+03 -0.50946E+03 -0.35862E+03 -0.36693E+03 -0.37010E+03  0.00000E+00  0.17515E-03  0.12909E+03  0.13001E+04  0.00000E+00   6853  0.00000E+00      0.000
     270.0000 -0.50000E+01  0.50000E+01 -0.50000E+01  0.27823E+01 -0.22177E+01 -0.13501E+04  0.13501E+04 -0.13501E+04  0.75399E+03 -0.53164E+03 -0.35862E+03 -0.36693E+03 -0.37010E+03  0.00000E+00  0.17515E-03  0.12909E+03  0.13501E+04  0.00000E+00   7097  0.00000E+00      0.000
     280.0000 -0.50000E+01  0.50000E+01 -0.50000E+01  0.27823E+01 -0.22177E+01 -0.14001E+04  0.14001E+04 -0.14001E+04  0.78182E+03 -0.55382E+03 -0.35862E+03 -0.36693E+03 -0.37010E+03  0.00000E+00  0.17515E-03  0.12909E+03  0.14001E+04  0.00000E+00   7341  0.00000E+00      0.000
     290.0000 -0.50000E+01  0.50000E+01 -0.50000E+01  0.27823E+01 -0.22177E+01 -0.14501E+04  0.14501E+04 -0.14501E+04  0.80964E+03 -0.57600E+03 -0.35862E+03 -0.36693E+03 -0.37010E+03  0.00000E+00  0.17515E-03  0.12909E+03  0.14501E+04  0.00000E+00   7585  0.00000E+00      0.000
     300.0000 -0.50000E+01  0.50000E+01 -0.50000E+01  0.27823E+01 -0.22177E+01 -0.15001E+04  0.15001E+04 -0.15001E+04  0.83747E+03 -0.59818E+03 -0.35862E+03 -0.36693E+03 -0.37010E+03  0.00000E+00  0.17515E-03  0.12909E+03  0.15001E+04  0.00000E+00   7829  0.00000E+00      0.000
     310.0000 -0.50000E+01  0.50000E+01 -0.50000E+01  0.27823E+01 -0.22177E+01 -0.15501E+04  0.15501E+04 -0.15501E+04  0.86529E+03 -0.62036E+03 -0.35862E+03 -0.36693E+03 -0.37010E+03  0.00000E+00  0.17515E-03  0.12909E+03  0.15501E+04  0.00000E+00   8073  0.00000E+00      0.000
     320.0000 -0.50000E+01  0.50000E+01 -0.50000E+01  0.27823E+01 -0.22177E+01 -0.16002E+04  0.16002E+04 -0.16002E+04  0.89312E+03 -0.64254E+03 -0.35862E+03 -0.36693E+03 -0.37010E+03  0.00000E+00  0.17515E-03  0.12909E+03  0.16002E+04  0.00000E+00   8317  0.00000E+00      0.000
     330.0000 -0.50000E+01  0.50000E+01 -0.50000E+01  0.27823E+01 -0.22177E+01 -0.16502E+04  0.16502E+04 -0.16502E+04  0.92095E+03 -0.66473E+03 -0.35862E+03 -0.36693E+03 -0.37010E+03  0.00000E+00  0.17515E-03  0.12909E+03  0.16502E+04  0.00000E+00   8561  0.00000E+00      0.000
     340.0000 -0.50000E+01  0.50000E+01 -0.50000E+01  0.27823E+01 -0.22177E+01 -0.17002E+04  0.17002E+04 -0.17002E+04  0.94877E+03 -0.68691E+03 -0.35862E+03 -0.36693E+03 -0.37010E+03  0.00000E+00  0.17515E-03  0.12909E+03  0.17002E+04  0.00000E+00   8805  0.00000E+00      0.000
     350.0000 -0.50000E+01  0.50000E+01 -0.50000E+01  0.27823E+01 -0.22177E+01 -0.17502E+04  0.17502E+04 -0.17502E+04  0.97660E+03 -0.70909E+03 -0.35862E+03 -0.36693E+03 -0.37010E+03  0.00000E+00  0.17515E-03  0.12909E+03  0.17502E+04  0.00000E+00   9049  0.00000E+00      0.000
     360.0000 -0.50000E+01  0.50000E+01 -0.50000E+01  0.27823E+01 -0.22177E+01 -0.18002E+04  0.18002E+04 -0.18002E+04  0.10044E+04 -0.73127E+03 -0.35862E+03 -0.36693E+03 -0.37010E+03  0.00000E+00  0.17515E-03  0.12909E+03  0.18002E+04  0.00000E+00   9293  0.00000E+00      0.000
     370.0000 -0.50000E+01  0.50000E+01 -0.50000E+01  0.27823E+01 -0.22177E+01 -0.18502E+04  0.18502E+04 -0.18502E+04  0.10322E+04 -0.75345E+03 -0.35862E+03 -0.36693E+03 -0.37010E+03  0.00000E+00  0.17515E-03  0.12909E+03  0.18502E+04  0.00000E+00   9537  0.00000E+00      0.000
     380.0000 -0.50000E+01  0.50000E+01 -0.50000E+01  0.27823E+01 -0.22177E+01 -0.19002E+04  0.19002E+04 -0.19002E+04  0.10601E+04 -0.77563E+03 -0.35862E+03 -0.36693E+03 -0.37010E+03  0.00000E+00  0.17515E-03  0.12909E+03  0.19002E+04  0.00000E+00   9781  0.00000E+00      0.000
     390.0000 -0.50000E+01  0.50000E+01 -0.50000E+01  0.27823E+01 -0.22177E+01 -0.19502E+04  0.19502E+04 -0.19502E+04  0.10879E+04 -0.79781E+03 -0.35862E+03 -0.36693E+03 -0.37010E+03  0.00000E+00  0.17515E-03  0.12909E+03  0.19502E+04  0.00000E+00  10025  0.00000E+00      0.000
     400.0000 -0.50000E+01  0.50000E+01 -0.50000E+01  0.27823E+01 -0.22177E+01 -0.20002E+04  0.20002E+04 -0.20002E+04  0.11157E+04 -0.81999E+03 -0.35862E+03 -0.36693E+03 -0.37010E+03  0.00000E+00  0.17515E-03  0.12909E+03  0.20002E+04  0.00000E+00  10269  0.00000E+00      0.000
     410.0000 -0.50000E+01  0.50000E+01 -0.50000E+01  0.27823E+01 -0.22177E+01 -0.20502E+04  0.20502E+04 -0.20502E+04  0.11435E+04 -0.84217E+03 -0.35862E+03 -0.36693E+03 -0.37010E+03  0.00000E+00  0.17515E-03  0.12909E+03  0.20502E+04  0.00000E+00  10513  0.00000E+00      0.000
     420.0000 -0.50000E+01  0.50000E+01 -0.50000E+01  0.27823E+01 -0.22177E+01 -0.21002E+04  0.21002E+04 -0.21002E+04  0.11713E+04 -0.86435E+03 -0.35862E+03 -0.36693E+03 -0.37010E+03  0.00000E+00  0.17515E-03  0.12909E+03  0.21002E+04  0.00000E+00  10757  0.00000E+00      0.000
     430.0000 -0.50000E+01  0.50000E+01 -0.50000E+01  0.27823E+01 -0.22177E+01 -0.21502E+04  0.21502E+04 -0.21502E+04  0.11991E+04 -0.88653E+03 -0.35862E+03 -0.36693E+03 -0.37010E+03  0.00000E+00  0.17515E-03  0.12909E+03  0.21502E+04  0.00000E+00  11001  0.00000E+00      0.000
     440.0000 -0.50000E+01  0.50000E+01 -0.50000E+01  0.27823E+01 -0.22177E+01 -0.22002E+04  0.22002E+04 -0.22002E+04  0.12269E+04 -0.90871E+03 -0.35862E+03 -0.36693E+03 -0.37010E+03  0.00000E+00  0.17515E-03  0.12909E+03  0.22002E+04  0.00000E+00  11245  0.00000E+00      0.000
     450.0000 -0.50000E+01  0.50000E+01 -0.50000E+01  0.27823E+01 -0.22177E+01 -0.22501E+04  0.22501E+04 -0.22501E+04  0.12547E+04 -0.93089E+03 -0.35862E+03 -0.36693E+03 -0.37010E+03  0.00000E+00  0.17515E-03  0.12909E+03  0.22501E+04  0.00000E+00  11489  0.00000E+00      0.000
     460.0000 -0.50000E+01  0.50000E+01 -0.50000E+01  0.27823E+01 -0.22177E+01 -0.23001E+04  0.23001E+04 -0.23001E+04  0.12826E+04 -0.95308E+03 -0.35862E+03 -0.36693E+03 -0.37010E+03  0.00000E+00  0.17515E-03  0.12909E+03  0.23001E+04  0.00000E+00  11733  0.00000E+00      0.000
     470.0000 -0.50000E+01  0.50000E+01 -0.50000E+01  0.27823E+01 -0.22177E+01 -0.23501E+04  0.23501E+04 -0.23501E+04  0.13104E+04 -0.97526E+03 -0.35862E+03 -0.36693E+03 -0.37010E+03  0.00000E+00  0.17515E-03  0.12909E+03  0.23501E+04  0.00000E+00  11977  0.00000E+00      0.000
     480.0000 -0.50000E+01  0.50000E+01 -0.50000E+01  0.27823E+01 -0.22177E+01 -0.24001E+04  0.24001E+04 -0.24001E+04  0.13382E+04 -0.99744E+03 -0.35862E+03 -0.36693E+03 -0.37010E+03  0.00000E+00  0.17515E-03  0.12909E+03  0.24001E+04  0.00000E+00  12221  0.00000E+00      0.000
     490.0000 -0.50000E+01  0.50000E+01 -0.50000E+01  0.27823E+01 -0.22177E+01 -0.24500E+04  0.24500E+04 -0.24500E+04  0.13660E+04 -0.10196E+04 -0.35862E+03 -0.36693E+03 -0.37010E+03  0.00000E+00  0.17515E-03  0.12909E+03  0.24500E+04  0.00000E+00  12465  0.00000E+00      0.000
     500.0000 -0.50000E+01  0.50000E+01 -0.50000E+01  0.27823E+01 -0.22177E+01 -0.25000E+04  0.25000E+04 -0.25000E+04  0.13938E+04 -0.10418E+04 -0.35862E+03 -0.36693E+03 -0.37010E+03  0.00000E+00  0.17515E-03  0.12909E+03  0.25000E+04  0.00000E+00  12709  0.00000E+00      0.000
     510.0000 -0.50000E+01  0.50000E+01 -0.50000E+01  0.27823E+01 -0.22177E+01 -0.25500E+04  0.25500E+04 -0.25500E+04  0.14216E+04 -0.10640E+04 -0.35862E+03 -0.36693E+03 -0.37010E+03  0.00000E+00  0.17515E-03  0.12909E+03  0.25500E+04  0.00000E+00  12953  0.00000E+00      0.000
     520.0000 -0.50000E+01  0.50000E+01 -0.50000E+01  0.27823E+01 -0.22177E+01 -0.26000E+04  0.26000E+04 -0.26000E+04  0.14494E+04 -0.10861E+04 -0.35862E+03 -0.36693E+03 -0.37010E+03  0.00000E+00  0.17515E-03  0.12909E+03  0.26000E+04  0.00000E+00  13197  0.00000E+00      0.000
     530.0000 -0.50000E+01  0.50000E+01 -0.50000E+01  0.27823E+01 -0.22177E+01 -0.26500E+04  0.26500E+04 -0.26500E+04  0.14772E+04 -0.11083E+04 -0.35862E+03 -0.36693E+03 -0.37010E+03  0.00000E+00  0.17515E-03  0.12909E+03  0.26500E+04  0.00000E+00  13441  0.00000E+00      0.000
     540.0000 -0.50000E+01  0.50000E+01 -0.50000E+01  0.27823E+01 -0.22177E+01 -0.26999E+04  0.26999E+04 -0.26999E+04  0.15051E+04 -0.11305E+04 -0.35862E+03 -0.36693E+03 -0.37010E+03  0.00000E+00  0.17515E-03  0.12909E+03  0.26999E+04  0.00000E+00  13685  0.00000E+00      0.000
     550.0000 -0.50000E+01  0.50000E+01 -0.50000E+01  0.27823E+01 -0.22177E+01 -0.27499E+04  0.27499E+04 -0.27499E+04  0.15329E+04 -0.11526E+04 -0.35862E+03 -0.36693E+03 -0.37010E+03  0.00000E+00  0.17515E-03  0.12909E+03  0.27499E+04  0.00000E+00  13929  0.00000E+00      0.000
     560.0000 -0.50000E+01  0.50000E+01 -0.50000E+01  0.27823E+01 -0.22177E+01 -0.27999E+04  0.27999E+04 -0.27999E+04  0.15607E+04 -0.11748E+04 -0.35862E+03 -0.36693E+03 -0.37010E+03  0.00000E+00  0.17515E-03  0.12909E+03  0.27999E+04  0.00000E+00  14173  0.00000E+00      0.000
     570.0000 -0.50000E+01  0.50000E+01 -0.50000E+01  0.27823E+01 -0.22177E+01 -0.28499E+04  0.28499E+04 -0.28499E+04  0.15885E+04 -0.11970E+04 -0.35862E+03 -0.36693E+03 -0.37010E+03  0.00000E+00  0.17515E-03  0.12909E+03  0.28499E+04  0.00000E+00  14417  0.00000E+00      0.000
     580.0000 -0.50000E+01  0.50000E+01 -0.50000E+01  0.27823E+01 -0.22177E+01 -0.28999E+04  0.28999E+04 -0.28999E+04  0.16163E+04 -0.12191E+04 -0.35862E+03 -0.36693E+03 -0.37010E+03  0.00000E+00  0.17515E-03  0.12909E+03  0.28999E+04  0.00000E+00  14661  0.00000E+00      0.000
     590.0000 -0.50000E+01  0.50000E+01 -0.50000E+01  0.27823E+01 -0.22177E+01 -0.29498E+04  0.29498E+04 -0.29498E+04  0.16441E+04 -0.12413E+04 -0.35862E+03 -0.36693E+03 -0.37010E+03  0.00000E+00  0.17515E-03  0.12909E+03  0.29498E+04  0.00000E+00  14905  0.00000E+00      0.000
     600.0000 -0.50000E+01  0.50000E+01 -0.50000E+01  0.27823E+01 -0.22177E+01 -0.29998E+04  0.29998E+04 -0.29998E+04  0.16719E+04 -0.12634E+04 -0.35862E+03 -0.36693E+03 -0.37010E+03  0.00000E+00  0.17515E-03  0.12909E+03  0.29998E+04  0.00000E+00  15149  0.00000E+00      0.000
     610.0000 -0.50000E+01  0.50000E+01 -0.50000E+01  0.27823E+01 -0.22177E+01 -0.30498E+04  0.30498E+04 -0.30498E+04  0.16997E+04 -0.12856E+04 -0.35862E+03 -0.36693E+03 -0.37010E+03  0.00000E+00  0.17515E-03  0.12909E+03  0.30498E+04  0.00000E+00  15393  0.00000E+00      0.000
     620.0000 -0.50000E+01  0.50000E+01 -0.50000E+01  0.27823E+01 -0.22177E+01 -0.30998E+04  0.30998E+04 -0.30998E+04  0.17276E+04 -0.13078E+04 -0.35862E+03 -0.36693E+03 -0.37010E+03  0.00000E+00  0.17515E-03  0.12909E+03  0.30998E+04  0.00000E+00  15637  0.00000E+00      0.000
     630.0000 -0.50000E+01  0.50000E+01 -0.50000E+01  0.27823E+01 -0.22177E+01 -0.31498E+04  0.31498E+04 -0.31498E+04  0.17554E+04 -0.13299E+04 -0.35862E+03 -0.36693E+03 -0.37010E+03  0.00000E+00  0.17515E-03  0.12909E+03  0.31498E+04  0.00000E+00  15881  0.00000E+00      0.000
     640.0000 -0.50000E+01  0.50000E+01 -0.50000E+01  0.27823E+01 -0.22177E+01 -0.31997E+04  0.31997E+04 -0.31997E+04  0.17832E+04 -0.13521E+04 -0.35862E+03 -0.36693E+03 -0.37010E+03  0.00000E+00  0.17515E-03  0.12909E+03  0.31997E+04  0.00000E+00  16125  0.00000E+00      0.000
     650.0000 -0.50000E+01  0.50000E+01 -0.50000E+01  0.27823E+01 -0.22177E+01 -0.32497E+04  0.32497E+04 -0.32497E+04  0.18110E+04 -0.13743E+04 -0.35862E+03 -0.36693E+03 -0.37010E+03  0.00000E+00  0.17515E-03  0.12909E+03  0.32497E+04  0.00000E+00  16369  0.00000E+00      0.000
     660.0000 -0.50000E+01  0.50000E+01 -0.50000E+01  0.27823E+01 -0.22177E+01 -0.32997E+04  0.32997E+04 -0.32997E+04  0.18388E+04 -0.13964E+04 -0.35862E+03 -0.36693E+03 -0.37010E+03  0.00000E+00  0.17515E-03  0.12909E+03  0.32997E+04  0.00000E+00  16613  0.00000E+00      0.000
     670.0000 -0.50000E+01  0.50000E+01 -0.50000E+01  0.27823E+01 -0.22177E+01 -0.33497E+04  0.33497E+04 -0.33497E+04  0.18666E+04 -0.14186E+04 -0.35862E+03 -0.36693E+03 -0.37010E+03  0.00000E+00  0.17515E-03  0.12909E+03  0.33497E+04  0.00000E+00  16857  0.00000E+00      0.000
     680.0000 -0.50000E+01  0.50000E+01 -0.50000E+01  0.27823E+01 -0.22177E+01 -0.33996E+04  0.33996E+04 -0.33996E+04  0.18944E+04 -0.14408E+04 -0.35862E+03 -0.36693E+03 -0.37010E+03  0.00000E+00  0.17515E-03  0.12909E+03  0.33996E+04  0.00000E+00  17101  0.00000E+00      0.000
     690.0000 -0.50000E+01  0.50000E+01 -0.50000E+01  0.27823E+01 -0.22177E+01 -0.34496E+04  0.34496E+04 -0.34496E+04  0.19222E+04 -0.14629E+04 -0.35862E+03 -0.36693E+03 -0.37010E+03  0.00000E+00  0.17515E-03  0.12909E+03  0.34496E+04  0.00000E+00  17345  0.00000E+00      0.000
     700.0000 -0.50000E+01  0.50000E+01 -0.50000E+01  0.27823E+01 -0.22177E+01 -0.34996E+04  0.34996E+04 -0.34996E+04  0.19500E+04 -0.14851E+04 -0.35862E+03 -0.36693E+03 -0.37010E+03  0.00000E+00  0.17515E-03  0.12909E+03  0.34996E+04  0.00000E+00  17589  0.00000E+00      0.000
     710.0000 -0.50000E+01  0.50000E+01 -0.50000E+01  0.27823E+01 -0.22177E+01 -0.35496E+04  0.35496E+04 -0.35496E+04  0.19779E+04 -0.15073E+04 -0.35862E+03 -0.36693E+03 -0.37010E+03  0.00000E+00  0.17515E-03  0.12909E+03  0.35496E+04  0.00000E+00  17833  0.00000E+00      0.000
     720.0000 -0.50000E+01  0.50000E+01 -0.50000E+01  0.27823E+01 -0.22177E+01 -0.35996E+04  0.35996E+04 -0.35996E+04  0.20057E+04 -0.15294E+04 -0.35862E+03 -0.36693E+03 -0.37010E+03  0.00000E+00  0.17515E-03  0.12909E+03  0.35996E+04  0.00000E+00  18077  0.00000E+00      0.000
     730.0000 -0.50000E+01  0.50000E+01 -0.50000E+01  0.27823E+01 -0.22177E+01 -0.36495E+04  0.36495E+04 -0.36495E+04  0.20335E+04 -0.15516E+04 -0.35862E+03 -0.36693E+03 -0.37010E+03  0.00000E+00  0.17515E-03  0.12909E+03  0.36495E+04  0.00000E+00  18321  0.00000E+00      0.000
     740.0000 -0.50000E+01  0.50000E+01 -0.50000E+01  0.27823E+01 -0.22177E+01 -0.36995E+04  0.36995E+04 -0.36995E+04  0.20613E+04 -0.15738E+04 -0.35862E+03 -0.36693E+03 -0.37010E+03  0.00000E+00  0.17515E-03  0.12909E+03  0.36995E+04  0.00000E+00  18565  0.00000E+00      0.000
     750.0000 -0.50000E+01  0.50000E+01 -0.50000E+01  0.27823E+01 -0.22177E+01 -0.37495E+04  0.37495E+04 -0.37495E+04  0.20891E+04 -0.15959E+04 -0.35862E+03 -0.36693E+03 -0.37010E+03  0.00000E+00  0.17515E-03  0.12909E+03  0.37495E+04  0.00000E+00  18809  0.00000E+00      0.000
     760.0000 -0.50000E+01  0.50000E+01 -0.50000E+01  0.27823E+01 -0.22177E+01 -0.37995E+04  0.37995E+04 -0.37995E+04  0.21169E+04 -0.16181E+04 -0.35862E+03 -0.36693E+03 -0.37010E+03  0.00000E+00  0.17515E-03  0.12909E+03  0.37995E+04  0.00000E+00  19053  0.00000E+00      0.000
     770.0000 -0.50000E+01  0.50000E+01 -0.50000E+01  0.27823E+01 -0.22177E+01 -0.38495E+04  0.38495E+04 -0.38495E+04  0.21447E+04 -0.16403E+04 -0.35862E+03 -0.36693E+03 -0.37010E+03  0.00000E+00  0.17515E-03  0.12909E+03  0.38495E+04  0.00000E+00  19297  0.00000E+00      0.000
     780.0000 -0.50000E+01  0.50000E+01 -0.50000E+01  0.27823E+01 -0.22177E+01 -0.38994E+04  0.38994E+04 -0.38994E+04  0.21725E+04 -0.16624E+04 -0.35862E+03 -0.36693E+03 -0.37010E+03  0.00000E+00  0.17515E-03  0.12909E+03  0.38994E+04  0.00000E+00  19541  0.00000E+00      0.000
     790.0000 -0.50000E+01  0.50000E+01 -0.50000E+01  0.27823E+01 -0.22177E+01 -0.39494E+04  0.39494E+04 -0.39494E+04  0.22004E+04 -0.16846E+04 -0.35862E+03 -0.36693E+03 -0.37010E+03  0.00000E+00  0.17515E-03  0.12909E+03  0.39494E+04  0.00000E+00  19785  0.00000E+00      0.000
     800.0000 -0.50000E+01  0.50000E+01 -0.50000E+01  0.27823E+01 -0.22177E+01 -0.39994E+04  0.39994E+04 -0.39994E+04  0.22282E+04 -0.17068E+04 -0.35862E+03 -0.36693E+03 -0.37010E+03  0.00000E+00  0.17515E-03  0.12909E+03  0.39994E+04  0.00000E+00  20029  0.00000E+00      0.000
     810.0000 -0.50000E+01  0.50000E+01 -0.50000E+01  0.27823E+01 -0.22177E+01 -0.40494E+04  0.40494E+04 -0.40494E+04  0.22560E+04 -0.17289E+04 -0.35862E+03 -0.36693E+03 -0.37010E+03  0.00000E+00  0.17515E-03  0.12909E+03  0.40494E+04  0.00000E+00  20273  0.00000E+00      0.000
     820.0000 -0.50000E+01  0.50000E+01 -0.50000E+01  0.27823E+01 -0.22177E+01 -0.40994E+04  0.40994E+04 -0.40994E+04  0.22838E+04 -0.17511E+04 -0.35862E+03 -0.36693E+03 -0.37010E+03  0.00000E+00  0.17515E-03  0.12909E+03  0.40994E+04  0.00000E+00  20517  0.00000E+00      0.000
     830.0000 -0.50000E+01  0.50000E+01 -0.50000E+01  0.27823E+01 -0.22177E+01 -0.41494E+04  0.41494E+04 -0.41494E+04  0.23116E+04 -0.17733E+04 -0.35862E+03 -0.36693E+03 -0.37010E+03  0.00000E+00  0.17515E-03  0.12909E+03  0.41494E+04  0.00000E+00  20761  0.00000E+00      0.000
     840.0000 -0.50000E+01  0.50000E+01 -0.50000E+01  0.27823E+01 -0.22177E+01 -0.41994E+04  0.41994E+04 -0.41994E+04  0.23394E+04 -0.17954E+04 -0.35862E+03 -0.36693E+03 -0.37010E+03  0.00000E+00  0.17515E-03  0.12909E+03  0.41994E+04  0.00000E+00  21005  0.00000E+00      0.000
     850.0000 -0.50000E+01  0.50000E+01 -0.50000E+01  0.27823E+01 -0.22177E+01 -0.42495E+04  0.42495E+04 -0.42495E+04  0.23672E+04 -0.18176E+04 -0.35862E+03 -0.36693E+03 -0.37010E+03  0.00000E+00  0.17515E-03  0.12909E+03  0.42495E+04  0.00000E+00  21249  0.00000E+00      0.000
     860.0000 -0.50000E+01  0.50000E+01 -0.50000E+01  0.27823E+01 -0.22177E+01 -0.42995E+04  0.42995E+04 -0.42995E+04  0.23950E+04 -0.18398E+04 -0.35862E+03 -0.36693E+03 -0.37010E+03  0.00000E+00  0.17515E-03  0.12909E+03  0.42995E+04  0.00000E+00  21493  0.00000E+00      0.000
     870.0000 -0.50000E+01  0.50000E+01 -0.50000E+01  0.27823E+01 -0.22177E+01 -0.43495E+04  0.43495E+04 -0.43495E+04  0.24228E+04 -0.18619E+04 -0.35862E+03 -0.36693E+03 -0.37010E+03  0.00000E+00  0.17515E-03  0.12909E+03  0.43495E+04  0.00000E+00  21737  0.00000E+00      0.000
     880.0000 -0.50000E+01  0.50000E+01 -0.50000E+01  0.27823E+01 -0.22177E+01 -0.43996E+04  0.43996E+04 -0.43996E+04  0.24507E+04 -0.18841E+04 -0.35862E+03 -0.36693E+03 -0.37010E+03  0.00000E+00  0.17515E-03  0.12909E+03  0.43996E+04  0.00000E+00  21981  0.00000E+00      0.000
     890.0000 -0.50000E+01  0.50000E+01 -0.50000E+01  0.27823E+01 -0.22177E+01 -0.44496E+04  0.44496E+04 -0.44496E+04  0.24785E+04 -0.19063E+04 -0.35862E+03 -0.36693E+03 -0.37010E+03  0.00000E+00  0.17515E-03  0.12909E+03  0.44496E+04  0.00000E+00  22225  0.00000E+00      0.000
     900.0000 -0.50000E+01  0.50000E+01 -0.50000E+01  0.27823E+01 -0.22177E+01 -0.44996E+04  0.44996E+04 -0.44996E+04  0.25063E+04 -0.19284E+04 -0.35862E+03 -0.36693E+03 -0.37010E+03  0.00000E+00  0.17515E-03  0.12909E+03  0.44996E+04  0.00000E+00  22469  0.00000E+00      0.000
     910.0000 -0.50000E+01  0.50000E+01 -0.50000E+01  0.27823E+01 -0.22177E+01 -0.45497E+04  0.45497E+04 -0.45497E+04  0.25341E+04 -0.19506E+04 -0.35862E+03 -0.36693E+03 -0.37010E+03  0.00000E+00  0.17515E-03  0.12909E+03  0.45497E+04  0.00000E+00  22713  0.00000E+00      0.000
     920.0000 -0.50000E+01  0.50000E+01 -0.50000E+01  0.27823E+01 -0.22177E+01 -0.45997E+04  0.45997E+04 -0.45997E+04  0.25619E+04 -0.19728E+04 -0.35862E+03 -0.36693E+03 -0.37010E+03  0.00000E+00  0.17515E-03  0.12909E+03  0.45997E+04  0.00000E+00  22957  0.00000E+00      0.000
     930.0000 -0.50000E+01  0.50000E+01 -0.50000E+01  0.27823E+01 -0.22177E+01 -0.46497E+04  0.46497E+04 -0.46497E+04  0.25897E+04 -0.19949E+04 -0.35862E+03 -0.36693E+03 -0.37010E+03  0.00000E+00  0.17515E-03  0.12909E+03  0.46497E+04  0.00000E+00  23201  0.00000E+00      0.000
     940.0000 -0.50000E+01  0.50000E+01 -0.50000E+01  0.27823E+01 -0.22177E+01 -0.46998E+04  0.46998E+04 -0.46998E+04  0.26175E+04 -0.20171E+04 -0.35862E+03 -0.36693E+03 -0.37010E+03  0.00000E+00  0.17515E-03  0.12909E+03  0.46998E+04  0.00000E+00  23445  0.00000E+00      0.000
     950.0000 -0.50000E+01  0.50000E+01 -0.50000E+01  0.27823E+01 -0.22177E+01 -0.47498E+04  0.47498E+04 -0.47498E+04  0.26453E+04 -0.20393E+04 -0.35862E+03 -0.36693E+03 -0.37010E+03  0.00000E+00  0.17515E-03  0.12909E+03  0.47498E+04  0.00000E+00  23689  0.00000E+00      0.000
     960.0000 -0.50000E+01  0.50000E+01 -0.50000E+01  0.27823E+01 -0.22177E+01 -0.47998E+04  0.47998E+04 -0.47998E+04  0.26732E+04 -0.20614E+04 -0.35862E+03 -0.36693E+03 -0.37010E+03  0.00000E+00  0.17515E-03  0.12909E+03  0.47998E+04  0.00000E+00  23933  0.00000E+00      0.000
     970.0000 -0.50000E+01  0.50000E+01 -0.50000E+01  0.27823E+01 -0.22177E+01 -0.48499E+04  0.48499E+04 -0.48499E+04  0.27010E+04 -0.20836E+04 -0.35862E+03 -0.36693E+03 -0.37010E+03  0.00000E+00  0.17515E-03  0.12909E+03  0.48499E+04  0.00000E+00  24177  0.00000E+00      0.000
     980.0000 -0.50000E+01  0.50000E+01 -0.50000E+01  0.27823E+01 -0.22177E+01 -0.48999E+04  0.48999E+04 -0.48999E+04  0.27288E+04 -0.21058E+04 -0.35862E+03 -0.36693E+03 -0.37010E+03  0.00000E+00  0.17515E-03  0.12909E+03  0.48999E+04  0.00000E+00  24421  0.00000E+00      0.000
     990.0000 -0.50000E+01  0.50000E+01 -0.50000E+01  0.27823E+01 -0.22177E+01 -0.49500E+04  0.49500E+04 -0.49500E+04  0.27566E+04 -0.21279E+04 -0.35862E+03 -0.36693E+03 -0.37010E+03  0.00000E+00  0.17515E-03  0.12909E+03  0.49500E+04  0.00000E+00  24665  0.00000E+00      0.000
    1000.0000 -0.50000E+01  0.50000E+01 -0.50000E+01  0.27823E+01 -0.22177E+01 -0.50000E+04  0.50000E+04 -0.50000E+04  0.27844E+04 -0.21501E+04 -0.35862E+03 -0.36693E+03 -0.37010E+03  0.00000E+00  0.17515E-03  0.12909E+03  0.50000E+04  0.00000E+00  24909  0.00000E+00      0.000
end
