 ******* Program HYDRUS
 ******* 
 Welcome to HYDRUS-1D                                                    
 Date:   3. 2.    Time:  15:12:39
 Units: L = mm   , T = days , M = mmol 

----------------------------------------------------------
 Time       [T]        0.0000
----------------------------------------------------------
 Sub-region num.                     1
----------------------------------------------------------
 Length   [L]        0.10000E+04  0.10000E+04
 W-volume [L]        0.71414E+02  0.71414E+02
 In-flow  [L/T]      0.00000E+00  0.00000E+00
 h Mean   [L]       -0.10000E+04 -0.10000E+04
 ConcVol  [M/L2] 1   0.00000E+00  0.00000E+00
 cMean    [M/L3] 1   0.00000E+00  0.00000E+00
 Top Flux [L/T]     -0.17119E-09
 Bot Flux [L/T]     -0.17119E-09
----------------------------------------------------------

----------------------------------------------------------
 Time       [T]      200.0000
----------------------------------------------------------
 Sub-region num.                     1
----------------------------------------------------------
 Length   [L]        0.10000E+04  0.10000E+04
 W-volume [L]        0.21193E+03  0.21193E+03
 In-flow  [L/T]      0.70001E+00  0.70001E+00
 h Mean   [L]       -0.45799E+03 -0.45799E+03
 ConcVol  [M/L2] 1   0.15000E+05  0.15000E+05
 cMean    [M/L3] 1   0.69866E+02  0.69866E+02
 Top Flux [L/T]     -0.24658E+01
 Bot Flux [L/T]     -0.17119E-09
 WatBalT  [L]       -0.18257E+00
 WatBalR  [%]              0.021
 CncBalT  [M]    1  -0.20508E-01
 CncBalR  [%]    1         0.000
----------------------------------------------------------

----------------------------------------------------------
 Time       [T]      400.0000
----------------------------------------------------------
 Sub-region num.                     1
----------------------------------------------------------
 Length   [L]        0.10000E+04  0.10000E+04
 W-volume [L]        0.21605E+03  0.21605E+03
 In-flow  [L/T]      0.00000E+00  0.00000E+00
 h Mean   [L]       -0.44428E+03 -0.44428E+03
 ConcVol  [M/L2] 1   0.20015E+05  0.20015E+05
 cMean    [M/L3] 1   0.93647E+02  0.93647E+02
 Top Flux [L/T]     -0.24658E+01
 Bot Flux [L/T]     -0.70016E+00
 WatBalT  [L]       -0.18535E+00
 WatBalR  [%]              0.010
 CncBalT  [M]    1   0.56850E+02
 CncBalR  [%]    1         0.142
----------------------------------------------------------

----------------------------------------------------------
 Time       [T]      600.0000
----------------------------------------------------------
 Sub-region num.                     1
----------------------------------------------------------
 Length   [L]        0.10000E+04  0.10000E+04
 W-volume [L]        0.21605E+03  0.21605E+03
 In-flow  [L/T]      0.00000E+00  0.00000E+00
 h Mean   [L]       -0.44428E+03 -0.44428E+03
 ConcVol  [M/L2] 1   0.20015E+05  0.20015E+05
 cMean    [M/L3] 1   0.93646E+02  0.93646E+02
 Top Flux [L/T]     -0.24658E+01
 Bot Flux [L/T]     -0.70016E+00
 WatBalT  [L]       -0.18535E+00
 WatBalR  [%]              0.006
 CncBalT  [M]    1   0.56633E+02
 CncBalR  [%]    1         0.081
----------------------------------------------------------

----------------------------------------------------------
 Time       [T]      800.0000
----------------------------------------------------------
 Sub-region num.                     1
----------------------------------------------------------
 Length   [L]        0.10000E+04  0.10000E+04
 W-volume [L]        0.21605E+03  0.21605E+03
 In-flow  [L/T]      0.00000E+00  0.00000E+00
 h Mean   [L]       -0.44428E+03 -0.44428E+03
 ConcVol  [M/L2] 1   0.20015E+05  0.20015E+05
 cMean    [M/L3] 1   0.93646E+02  0.93646E+02
 Top Flux [L/T]     -0.24658E+01
 Bot Flux [L/T]     -0.70016E+00
 WatBalT  [L]       -0.18535E+00
 WatBalR  [%]              0.005
 CncBalT  [M]    1   0.56572E+02
 CncBalR  [%]    1         0.057
----------------------------------------------------------

----------------------------------------------------------
 Time       [T]     1000.0000
----------------------------------------------------------
 Sub-region num.                     1
----------------------------------------------------------
 Length   [L]        0.10000E+04  0.10000E+04
 W-volume [L]        0.21605E+03  0.21605E+03
 In-flow  [L/T]      0.00000E+00  0.00000E+00
 h Mean   [L]       -0.44428E+03 -0.44428E+03
 ConcVol  [M/L2] 1   0.20015E+05  0.20015E+05
 cMean    [M/L3] 1   0.93646E+02  0.93646E+02
 Top Flux [L/T]     -0.24658E+01
 Bot Flux [L/T]     -0.70016E+00
 WatBalT  [L]       -0.18535E+00
 WatBalR  [%]              0.004
 CncBalT  [M]    1   0.56574E+02
 CncBalR  [%]    1         0.044
----------------------------------------------------------
 
 Calculation time [sec]   5.93000000156462     
