 ******* Program HYDRUS
 ******* 
 Welcome to HYDRUS-1D                                                    
 Date:   3. 2.    Time:  15:12:39
 Units: L = mm   , T = days , M = mmol 


    TLevel      Time           dt     ItrW ItrC    ItCum  KodT  KodB Converg  Peclet   Courant

     1255  0.1000000E+02  0.18830E-01    2    1     5737    -4    -5     T     5.158     0.037
     2237  0.2000000E+02  0.74042E-01    2    1    10175    -4    -5     T     5.673     0.142
     3178  0.3000000E+02  0.92162E-02    2    1    14447    -4    -5     T     5.075     0.018
     4011  0.4000000E+02  0.15719E+00    3    1    18166    -4    -5     T     6.677     0.301
     4831  0.5000000E+02  0.53597E-02    2    1    21889    -4    -5     T     5.043     0.010
     5650  0.6000000E+02  0.83842E-01    2    1    25539    -4    -5     T     5.773     0.161
     6479  0.7000000E+02  0.23421E-01    2    1    29298    -4    -5     T     5.194     0.045
     7276  0.8000000E+02  0.38056E-02    2    1    32916    -4    -5     T     5.031     0.007
     8036  0.9000000E+02  0.12137E+00    2    1    36323    -4    -5     T     6.202     0.233
     8821  0.1000000E+03  0.10778E+00    4    1    39866    -4    -5     T     6.040     0.207
     9584  0.1100000E+03  0.10165E+00    2    1    43305    -4    -5     T     5.969     0.195
    10367  0.1200000E+03  0.93211E-01    2    1    46825    -4    -5     T     5.875     0.179
    11153  0.1300000E+03  0.84825E-01    2    1    50357    -4    -5     T     5.784     0.163
    11959  0.1400000E+03  0.10308E-01    7    1    54008    -4    -5     T     5.084     0.020
    12745  0.1500000E+03  0.80908E-02    2    1    57541    -4    -5     T     5.065     0.016
    13538  0.1600000E+03  0.22245E-02    2    1    61139    -4    -5     T     5.018     0.004
    14305  0.1700000E+03  0.68411E-02   10    1    64612    -4    -5     T     5.055     0.013
    15076  0.1800000E+03  0.25513E-02    2    1    68098    -4    -5     T     5.020     0.005
    15866  0.1900000E+03  0.75413E-02    2    1    71668    -4    -5     T     5.061     0.014
    16652  0.2000000E+03  0.10971E-01    7    1    75234    -4    -5     T     5.089     0.021
    17052  0.2100000E+03  0.11056E+00    2    1    76939    -4    -5     T     6.072     0.212
    17116  0.2200000E+03  0.15364E+00    2    1    77067    -4    -5     T     6.626     0.294
    17180  0.2300000E+03  0.15471E+00    2    1    77195    -4    -5     T     6.641     0.297
    17244  0.2400000E+03  0.15474E+00    2    1    77323    -4    -5     T     6.642     0.297
    17308  0.2500000E+03  0.15474E+00    2    1    77451    -4    -5     T     6.642     0.297
    17372  0.2600000E+03  0.15474E+00    2    1    77579    -4    -5     T     6.642     0.297
    17436  0.2700000E+03  0.15474E+00    2    1    77707    -4    -5     T     6.642     0.297
    17500  0.2800000E+03  0.15474E+00    2    1    77835    -4    -5     T     6.642     0.297
    17564  0.2900000E+03  0.15474E+00    2    1    77963    -4    -5     T     6.642     0.297
    17628  0.3000000E+03  0.15474E+00    2    1    78091    -4    -5     T     6.642     0.297
    17692  0.3100000E+03  0.15474E+00    2    1    78219    -4    -5     T     6.642     0.297
    17756  0.3200000E+03  0.15474E+00    2    1    78347    -4    -5     T     6.642     0.297
    17820  0.3300000E+03  0.15474E+00    2    1    78475    -4    -5     T     6.642     0.297
    17884  0.3400000E+03  0.15474E+00    2    1    78603    -4    -5     T     6.642     0.297
    17948  0.3500000E+03  0.15474E+00    2    1    78731    -4    -5     T     6.642     0.297
    18012  0.3600000E+03  0.15474E+00    2    1    78859    -4    -5     T     6.642     0.297
    18076  0.3700000E+03  0.15474E+00    2    1    78987    -4    -5     T     6.642     0.297
    18140  0.3800000E+03  0.15474E+00    2    1    79115    -4    -5     T     6.642     0.297
    18204  0.3900000E+03  0.15474E+00    2    1    79243    -4    -5     T     6.642     0.297
    18268  0.4000000E+03  0.15474E+00    2    1    79371    -4    -5     T     6.642     0.297
    18332  0.4100000E+03  0.15474E+00    2    1    79499    -4    -5     T     6.642     0.297
    18396  0.4200000E+03  0.15474E+00    2    1    79627    -4    -5     T     6.642     0.297
    18460  0.4300000E+03  0.15474E+00    2    1    79755    -4    -5     T     6.642     0.297
    18524  0.4400000E+03  0.15474E+00    2    1    79883    -4    -5     T     6.642     0.297
    18588  0.4500000E+03  0.15474E+00    2    1    80011    -4    -5     T     6.642     0.297
    18652  0.4600000E+03  0.15474E+00    2    1    80139    -4    -5     T     6.642     0.297
    18716  0.4700000E+03  0.15474E+00    2    1    80267    -4    -5     T     6.642     0.297
    18780  0.4800000E+03  0.15474E+00    2    1    80395    -4    -5     T     6.642     0.297
    18844  0.4900000E+03  0.15474E+00    2    1    80523    -4    -5     T     6.642     0.297
    18908  0.5000000E+03  0.15474E+00    2    1    80651    -4    -5     T     6.642     0.297
    18972  0.5100000E+03  0.15474E+00    2    1    80779    -4    -5     T     6.642     0.297
    19036  0.5200000E+03  0.15474E+00    2    1    80907    -4    -5     T     6.642     0.297
    19100  0.5300000E+03  0.15474E+00    2    1    81035    -4    -5     T     6.642     0.297
    19164  0.5400000E+03  0.15474E+00    2    1    81163    -4    -5     T     6.642     0.297
    19228  0.5500000E+03  0.15474E+00    2    1    81291    -4    -5     T     6.642     0.297
    19292  0.5600000E+03  0.15474E+00    2    1    81419    -4    -5     T     6.642     0.297
    19356  0.5700000E+03  0.15474E+00    2    1    81547    -4    -5     T     6.642     0.297
    19420  0.5800000E+03  0.15474E+00    2    1    81675    -4    -5     T     6.642     0.297
    19484  0.5900000E+03  0.15474E+00    2    1    81803    -4    -5     T     6.642     0.297
    19548  0.6000000E+03  0.15474E+00    2    1    81931    -4    -5     T     6.642     0.297
    19612  0.6100000E+03  0.15474E+00    2    1    82059    -4    -5     T     6.642     0.297
    19676  0.6200000E+03  0.15474E+00    2    1    82187    -4    -5     T     6.642     0.297
    19740  0.6300000E+03  0.15474E+00    2    1    82315    -4    -5     T     6.642     0.297
    19804  0.6400000E+03  0.15474E+00    2    1    82443    -4    -5     T     6.642     0.297
    19868  0.6500000E+03  0.15474E+00    2    1    82571    -4    -5     T     6.642     0.297
    19932  0.6600000E+03  0.15474E+00    2    1    82699    -4    -5     T     6.642     0.297
    19996  0.6700000E+03  0.15474E+00    2    1    82827    -4    -5     T     6.642     0.297
    20060  0.6800000E+03  0.15474E+00    2    1    82955    -4    -5     T     6.642     0.297
    20124  0.6900000E+03  0.15474E+00    2    1    83083    -4    -5     T     6.642     0.297
    20188  0.7000000E+03  0.15474E+00    2    1    83211    -4    -5     T     6.642     0.297
    20252  0.7100000E+03  0.15474E+00    2    1    83339    -4    -5     T     6.642     0.297
    20316  0.7200000E+03  0.15474E+00    2    1    83467    -4    -5     T     6.642     0.297
    20380  0.7300000E+03  0.15474E+00    2    1    83595    -4    -5     T     6.642     0.297
    20444  0.7400000E+03  0.15474E+00    2    1    83723    -4    -5     T     6.642     0.297
    20508  0.7500000E+03  0.15474E+00    2    1    83851    -4    -5     T     6.642     0.297
    20572  0.7600000E+03  0.15474E+00    2    1    83979    -4    -5     T     6.642     0.297
    20636  0.7700000E+03  0.15474E+00    2    1    84107    -4    -5     T     6.642     0.297
    20700  0.7800000E+03  0.15474E+00    2    1    84235    -4    -5     T     6.642     0.297
    20764  0.7900000E+03  0.15474E+00    2    1    84363    -4    -5     T     6.642     0.297
    20828  0.8000000E+03  0.15474E+00    2    1    84491    -4    -5     T     6.642     0.297
    20892  0.8100000E+03  0.15474E+00    2    1    84619    -4    -5     T     6.642     0.297
    20956  0.8200000E+03  0.15474E+00    2    1    84747    -4    -5     T     6.642     0.297
    21020  0.8300000E+03  0.15474E+00    2    1    84875    -4    -5     T     6.642     0.297
    21084  0.8400000E+03  0.15474E+00    2    1    85003    -4    -5     T     6.642     0.297
    21148  0.8500000E+03  0.15474E+00    2    1    85131    -4    -5     T     6.642     0.297
    21212  0.8600000E+03  0.15474E+00    2    1    85259    -4    -5     T     6.642     0.297
    21276  0.8700000E+03  0.15474E+00    2    1    85387    -4    -5     T     6.642     0.297
    21340  0.8800000E+03  0.15474E+00    2    1    85515    -4    -5     T     6.642     0.297
    21404  0.8900000E+03  0.15474E+00    2    1    85643    -4    -5     T     6.642     0.297
    21468  0.9000000E+03  0.15474E+00    2    1    85771    -4    -5     T     6.642     0.297
    21532  0.9100000E+03  0.15474E+00    2    1    85899    -4    -5     T     6.642     0.297
    21596  0.9200000E+03  0.15474E+00    2    1    86027    -4    -5     T     6.642     0.297
    21660  0.9300000E+03  0.15474E+00    2    1    86155    -4    -5     T     6.642     0.297
    21724  0.9400000E+03  0.15474E+00    2    1    86283    -4    -5     T     6.642     0.297
    21788  0.9500000E+03  0.15474E+00    2    1    86411    -4    -5     T     6.642     0.297
    21852  0.9600000E+03  0.15474E+00    2    1    86539    -4    -5     T     6.642     0.297
    21916  0.9700000E+03  0.15474E+00    2    1    86667    -4    -5     T     6.642     0.297
    21980  0.9800000E+03  0.15474E+00    2    1    86795    -4    -5     T     6.642     0.297
    22044  0.9900000E+03  0.15474E+00    2    1    86923    -4    -5     T     6.642     0.297
    22108  0.1000000E+04  0.15474E+00    2    1    87051    -4    -5     T     6.642     0.297
end
