 All solute fluxes and cumulative solute fluxes are positive into the region

       Time         cvTop        cvBot      Sum(cvTop)   Sum(cvBot)     cvCh0        cvCh1         cTop        cRoot         cBot        cvRoot    Sum(cvRoot)  Sum(cvNEql) TLevel      cGWL        cRunOff   Sum(cRunOff)    (cv(i),    Sum(cv(i)), i=1,NObs)
        [T]        [M/L2/T]     [M/L2/T]      [M/L2]       [M/L2]       [M/L2]      [M/L2]        [M/L3]      [M/L3]        [M/L3]      [M/L2/T]      [M/L2]       [M/L2]              [M/L3]        [M/L2]      [M/L3]      [M/L2/T]      [M/L2]
       10.0000  0.75000E+02  0.00000E+00  0.75000E+03  0.00000E+00  0.00000E+00  0.00000E+00  0.30163E+02  0.65150E+01  0.00000E+00  0.00000E+00  0.00000E+00  0.00000E+00    1255  0.00000E+00  0.00000E+00  0.51729E-02
       20.0000  0.75000E+02  0.00000E+00  0.15000E+04  0.00000E+00  0.00000E+00  0.00000E+00  0.30162E+02  0.13127E+02  0.00000E+00  0.00000E+00  0.00000E+00  0.00000E+00    2237  0.00000E+00  0.00000E+00  0.57044E-02
       30.0000  0.75000E+02  0.00000E+00  0.22500E+04  0.00000E+00  0.00000E+00  0.00000E+00  0.30162E+02  0.19963E+02  0.00000E+00  0.00000E+00  0.00000E+00  0.00000E+00    3178  0.00000E+00  0.00000E+00  0.61910E-02
       40.0000  0.75000E+02  0.00000E+00  0.30000E+04  0.00000E+00  0.00000E+00  0.00000E+00  0.30162E+02  0.26775E+02  0.00000E+00  0.00000E+00  0.00000E+00  0.00000E+00    4011  0.00000E+00  0.00000E+00  0.65409E-02
       50.0000  0.75000E+02  0.00000E+00  0.37500E+04  0.00000E+00  0.00000E+00  0.00000E+00  0.30162E+02  0.33832E+02  0.00000E+00  0.00000E+00  0.00000E+00  0.00000E+00    4831  0.00000E+00  0.33617E-03  0.68990E-02
       60.0000  0.75000E+02  0.00000E+00  0.45000E+04  0.00000E+00  0.00000E+00  0.00000E+00  0.30162E+02  0.40799E+02  0.00000E+00  0.00000E+00  0.00000E+00  0.00000E+00    5650  0.00000E+00  0.00000E+00  0.69815E-02
       70.0000  0.75000E+02  0.00000E+00  0.52500E+04  0.00000E+00  0.00000E+00  0.00000E+00  0.30162E+02  0.47881E+02  0.00000E+00  0.00000E+00  0.00000E+00  0.00000E+00    6479  0.00000E+00  0.00000E+00  0.69873E-02
       80.0000  0.75000E+02  0.00000E+00  0.60000E+04  0.00000E+00  0.00000E+00  0.00000E+00  0.30162E+02  0.54960E+02  0.00000E+00  0.00000E+00  0.00000E+00  0.00000E+00    7276  0.00000E+00  0.00000E+00  0.69889E-02
       90.0000  0.75000E+02  0.00000E+00  0.67500E+04  0.00000E+00  0.00000E+00  0.00000E+00  0.30162E+02  0.61969E+02  0.00000E+00  0.00000E+00  0.00000E+00  0.00000E+00    8036  0.00000E+00  0.00000E+00  0.69889E-02
      100.0000  0.75000E+02  0.00000E+00  0.75000E+04  0.00000E+00  0.00000E+00  0.00000E+00  0.30161E+02  0.69070E+02  0.00000E+00  0.00000E+00  0.00000E+00  0.00000E+00    8821  0.00000E+00  0.00000E+00  0.69904E-02
      110.0000  0.75000E+02  0.00000E+00  0.82500E+04  0.00000E+00  0.00000E+00  0.00000E+00  0.30162E+02  0.75952E+02  0.00000E+00  0.00000E+00  0.00000E+00  0.00000E+00    9584  0.00000E+00  0.00000E+00  0.69904E-02
      120.0000  0.75000E+02  0.00000E+00  0.90000E+04  0.00000E+00  0.00000E+00  0.00000E+00  0.30162E+02  0.79694E+02  0.00000E+00  0.00000E+00  0.00000E+00  0.00000E+00   10367  0.00000E+00  0.00000E+00  0.69904E-02
      130.0000  0.75000E+02  0.00000E+00  0.97500E+04  0.00000E+00  0.00000E+00  0.00000E+00  0.30162E+02  0.80070E+02  0.00000E+00  0.00000E+00  0.00000E+00  0.00000E+00   11153  0.00000E+00  0.00000E+00  0.69904E-02
      140.0000  0.75000E+02  0.00000E+00  0.10500E+05  0.00000E+00  0.00000E+00  0.00000E+00  0.30161E+02  0.80045E+02  0.00000E+00  0.00000E+00  0.00000E+00  0.00000E+00   11959  0.00000E+00  0.00000E+00  0.69904E-02
      150.0000  0.75000E+02  0.00000E+00  0.11250E+05  0.00000E+00  0.00000E+00  0.00000E+00  0.30162E+02  0.80040E+02  0.00000E+00  0.00000E+00  0.00000E+00  0.00000E+00   12745  0.00000E+00  0.00000E+00  0.69904E-02
      160.0000  0.75000E+02  0.00000E+00  0.12000E+05  0.00000E+00  0.00000E+00  0.00000E+00  0.30162E+02  0.80039E+02  0.00000E+00  0.00000E+00  0.00000E+00  0.00000E+00   13538  0.00000E+00  0.00000E+00  0.69904E-02
      170.0000  0.75000E+02  0.00000E+00  0.12750E+05  0.00000E+00  0.00000E+00  0.00000E+00  0.30161E+02  0.80038E+02  0.00000E+00  0.00000E+00  0.00000E+00  0.00000E+00   14305  0.00000E+00  0.00000E+00  0.69904E-02
      180.0000  0.75000E+02  0.00000E+00  0.13500E+05  0.00000E+00  0.00000E+00  0.00000E+00  0.30162E+02  0.80038E+02  0.00000E+00  0.00000E+00  0.00000E+00  0.00000E+00   15076  0.00000E+00  0.00000E+00  0.69904E-02
      190.0000  0.75000E+02  0.00000E+00  0.14250E+05  0.00000E+00  0.00000E+00  0.00000E+00  0.30161E+02  0.80038E+02  0.00000E+00  0.00000E+00  0.00000E+00  0.00000E+00   15866  0.00000E+00  0.00000E+00  0.69904E-02
      200.0000  0.75000E+02  0.00000E+00  0.15000E+05  0.00000E+00  0.00000E+00  0.00000E+00  0.30162E+02  0.80038E+02  0.00000E+00  0.00000E+00  0.00000E+00  0.00000E+00   16652  0.00000E+00  0.00000E+00  0.69904E-02
      210.0000  0.75000E+02 -0.23667E-05  0.15750E+05 -0.31892E-05  0.00000E+00  0.00000E+00  0.30161E+02  0.80037E+02  0.36238E-05  0.00000E+00  0.00000E+00  0.00000E+00   17052  0.00000E+00  0.00000E+00  0.69904E-02
      220.0000  0.75000E+02 -0.61028E-03  0.16500E+05 -0.12874E-02  0.00000E+00  0.00000E+00  0.30162E+02  0.80037E+02  0.90351E-03  0.00000E+00  0.00000E+00  0.00000E+00   17116  0.00000E+00  0.00000E+00  0.69904E-02
      230.0000  0.75000E+02 -0.32280E-01  0.17250E+05 -0.90132E-01  0.00000E+00  0.00000E+00  0.30161E+02  0.80037E+02  0.47325E-01  0.00000E+00  0.00000E+00  0.00000E+00   17180  0.00000E+00  0.00000E+00  0.69904E-02
      240.0000  0.75000E+02 -0.61237E+00  0.18000E+05 -0.22410E+01  0.00000E+00  0.00000E+00  0.30161E+02  0.80037E+02  0.89165E+00  0.00000E+00  0.00000E+00  0.00000E+00   17244  0.00000E+00  0.00000E+00  0.69904E-02
      250.0000  0.75000E+02 -0.50910E+01  0.18750E+05 -0.25023E+02  0.00000E+00  0.00000E+00  0.30161E+02  0.80037E+02  0.73696E+01  0.00000E+00  0.00000E+00  0.00000E+00   17308  0.00000E+00  0.00000E+00  0.69904E-02
      260.0000  0.75000E+02 -0.20903E+02  0.19500E+05 -0.14427E+03  0.00000E+00  0.00000E+00  0.30161E+02  0.80037E+02  0.30107E+02  0.00000E+00  0.00000E+00  0.00000E+00   17372  0.00000E+00  0.00000E+00  0.69904E-02
      270.0000  0.75000E+02 -0.47244E+02  0.20250E+05 -0.48395E+03  0.00000E+00  0.00000E+00  0.30161E+02  0.80037E+02  0.67768E+02  0.00000E+00  0.00000E+00  0.00000E+00   17436  0.00000E+00  0.00000E+00  0.69904E-02
      280.0000  0.75000E+02 -0.67667E+02  0.21000E+05 -0.10716E+04  0.00000E+00  0.00000E+00  0.30161E+02  0.80037E+02  0.96790E+02  0.00000E+00  0.00000E+00  0.00000E+00   17500  0.00000E+00  0.00000E+00  0.69904E-02
      290.0000  0.75000E+02 -0.74414E+02  0.21750E+05 -0.17916E+04  0.00000E+00  0.00000E+00  0.30161E+02  0.80037E+02  0.10631E+03  0.00000E+00  0.00000E+00  0.00000E+00   17564  0.00000E+00  0.00000E+00  0.69904E-02
      300.0000  0.75000E+02 -0.75072E+02  0.22500E+05 -0.25408E+04  0.00000E+00  0.00000E+00  0.30161E+02  0.80037E+02  0.10722E+03  0.00000E+00  0.00000E+00  0.00000E+00   17628  0.00000E+00  0.00000E+00  0.69904E-02
      310.0000  0.75000E+02 -0.75025E+02  0.23250E+05 -0.32913E+04  0.00000E+00  0.00000E+00  0.30161E+02  0.80037E+02  0.10715E+03  0.00000E+00  0.00000E+00  0.00000E+00   17692  0.00000E+00  0.00000E+00  0.69904E-02
      320.0000  0.75000E+02 -0.75014E+02  0.24000E+05 -0.40415E+04  0.00000E+00  0.00000E+00  0.30161E+02  0.80037E+02  0.10714E+03  0.00000E+00  0.00000E+00  0.00000E+00   17756  0.00000E+00  0.00000E+00  0.69904E-02
      330.0000  0.75000E+02 -0.75010E+02  0.24750E+05 -0.47916E+04  0.00000E+00  0.00000E+00  0.30161E+02  0.80037E+02  0.10713E+03  0.00000E+00  0.00000E+00  0.00000E+00   17820  0.00000E+00  0.00000E+00  0.69904E-02
      340.0000  0.75000E+02 -0.75008E+02  0.25500E+05 -0.55417E+04  0.00000E+00  0.00000E+00  0.30161E+02  0.80037E+02  0.10713E+03  0.00000E+00  0.00000E+00  0.00000E+00   17884  0.00000E+00  0.00000E+00  0.69904E-02
      350.0000  0.75000E+02 -0.75007E+02  0.26249E+05 -0.62918E+04  0.00000E+00  0.00000E+00  0.30161E+02  0.80037E+02  0.10713E+03  0.00000E+00  0.00000E+00  0.00000E+00   17948  0.00000E+00  0.00000E+00  0.69904E-02
      360.0000  0.75000E+02 -0.75006E+02  0.26999E+05 -0.70418E+04  0.00000E+00  0.00000E+00  0.30161E+02  0.80037E+02  0.10713E+03  0.00000E+00  0.00000E+00  0.00000E+00   18012  0.00000E+00  0.00000E+00  0.69904E-02
      370.0000  0.75000E+02 -0.75005E+02  0.27749E+05 -0.77919E+04  0.00000E+00  0.00000E+00  0.30161E+02  0.80037E+02  0.10713E+03  0.00000E+00  0.00000E+00  0.00000E+00   18076  0.00000E+00  0.00000E+00  0.69904E-02
      380.0000  0.75000E+02 -0.75005E+02  0.28499E+05 -0.85419E+04  0.00000E+00  0.00000E+00  0.30161E+02  0.80037E+02  0.10713E+03  0.00000E+00  0.00000E+00  0.00000E+00   18140  0.00000E+00  0.00000E+00  0.69904E-02
      390.0000  0.75000E+02 -0.75005E+02  0.29249E+05 -0.92920E+04  0.00000E+00  0.00000E+00  0.30161E+02  0.80037E+02  0.10713E+03  0.00000E+00  0.00000E+00  0.00000E+00   18204  0.00000E+00  0.00000E+00  0.69904E-02
      400.0000  0.75000E+02 -0.75005E+02  0.29999E+05 -0.10042E+05  0.00000E+00  0.00000E+00  0.30161E+02  0.80037E+02  0.10713E+03  0.00000E+00  0.00000E+00  0.00000E+00   18268  0.00000E+00  0.00000E+00  0.69904E-02
      410.0000  0.75000E+02 -0.75005E+02  0.30749E+05 -0.10792E+05  0.00000E+00  0.00000E+00  0.30161E+02  0.80037E+02  0.10713E+03  0.00000E+00  0.00000E+00  0.00000E+00   18332  0.00000E+00  0.00000E+00  0.69904E-02
      420.0000  0.75000E+02 -0.75004E+02  0.31499E+05 -0.11542E+05  0.00000E+00  0.00000E+00  0.30161E+02  0.80037E+02  0.10713E+03  0.00000E+00  0.00000E+00  0.00000E+00   18396  0.00000E+00  0.00000E+00  0.69904E-02
      430.0000  0.75000E+02 -0.75004E+02  0.32249E+05 -0.12292E+05  0.00000E+00  0.00000E+00  0.30161E+02  0.80037E+02  0.10713E+03  0.00000E+00  0.00000E+00  0.00000E+00   18460  0.00000E+00  0.00000E+00  0.69904E-02
      440.0000  0.75000E+02 -0.75004E+02  0.32999E+05 -0.13042E+05  0.00000E+00  0.00000E+00  0.30161E+02  0.80037E+02  0.10713E+03  0.00000E+00  0.00000E+00  0.00000E+00   18524  0.00000E+00  0.00000E+00  0.69904E-02
      450.0000  0.75000E+02 -0.75004E+02  0.33749E+05 -0.13792E+05  0.00000E+00  0.00000E+00  0.30161E+02  0.80037E+02  0.10712E+03  0.00000E+00  0.00000E+00  0.00000E+00   18588  0.00000E+00  0.00000E+00  0.69904E-02
      460.0000  0.75000E+02 -0.75004E+02  0.34499E+05 -0.14542E+05  0.00000E+00  0.00000E+00  0.30161E+02  0.80037E+02  0.10712E+03  0.00000E+00  0.00000E+00  0.00000E+00   18652  0.00000E+00  0.00000E+00  0.69904E-02
      470.0000  0.75000E+02 -0.75004E+02  0.35249E+05 -0.15292E+05  0.00000E+00  0.00000E+00  0.30161E+02  0.80037E+02  0.10712E+03  0.00000E+00  0.00000E+00  0.00000E+00   18716  0.00000E+00  0.00000E+00  0.69904E-02
      480.0000  0.75000E+02 -0.75004E+02  0.35999E+05 -0.16042E+05  0.00000E+00  0.00000E+00  0.30161E+02  0.80037E+02  0.10712E+03  0.00000E+00  0.00000E+00  0.00000E+00   18780  0.00000E+00  0.00000E+00  0.69904E-02
      490.0000  0.75000E+02 -0.75004E+02  0.36749E+05 -0.16792E+05  0.00000E+00  0.00000E+00  0.30161E+02  0.80037E+02  0.10712E+03  0.00000E+00  0.00000E+00  0.00000E+00   18844  0.00000E+00  0.00000E+00  0.69904E-02
      500.0000  0.75000E+02 -0.75003E+02  0.37499E+05 -0.17543E+05  0.00000E+00  0.00000E+00  0.30161E+02  0.80037E+02  0.10712E+03  0.00000E+00  0.00000E+00  0.00000E+00   18908  0.00000E+00  0.00000E+00  0.69904E-02
      510.0000  0.75000E+02 -0.75003E+02  0.38249E+05 -0.18293E+05  0.00000E+00  0.00000E+00  0.30161E+02  0.80037E+02  0.10712E+03  0.00000E+00  0.00000E+00  0.00000E+00   18972  0.00000E+00  0.00000E+00  0.69904E-02
      520.0000  0.75000E+02 -0.75003E+02  0.38999E+05 -0.19043E+05  0.00000E+00  0.00000E+00  0.30161E+02  0.80037E+02  0.10712E+03  0.00000E+00  0.00000E+00  0.00000E+00   19036  0.00000E+00  0.00000E+00  0.69904E-02
      530.0000  0.75000E+02 -0.75003E+02  0.39749E+05 -0.19793E+05  0.00000E+00  0.00000E+00  0.30161E+02  0.80037E+02  0.10712E+03  0.00000E+00  0.00000E+00  0.00000E+00   19100  0.00000E+00  0.00000E+00  0.69904E-02
      540.0000  0.75000E+02 -0.75003E+02  0.40499E+05 -0.20543E+05  0.00000E+00  0.00000E+00  0.30161E+02  0.80037E+02  0.10712E+03  0.00000E+00  0.00000E+00  0.00000E+00   19164  0.00000E+00  0.00000E+00  0.69904E-02
      550.0000  0.75000E+02 -0.75003E+02  0.41249E+05 -0.21293E+05  0.00000E+00  0.00000E+00  0.30161E+02  0.80037E+02  0.10712E+03  0.00000E+00  0.00000E+00  0.00000E+00   19228  0.00000E+00  0.00000E+00  0.69904E-02
      560.0000  0.75000E+02 -0.75003E+02  0.41999E+05 -0.22043E+05  0.00000E+00  0.00000E+00  0.30161E+02  0.80037E+02  0.10712E+03  0.00000E+00  0.00000E+00  0.00000E+00   19292  0.00000E+00  0.00000E+00  0.69904E-02
      570.0000  0.75000E+02 -0.75003E+02  0.42749E+05 -0.22793E+05  0.00000E+00  0.00000E+00  0.30161E+02  0.80037E+02  0.10712E+03  0.00000E+00  0.00000E+00  0.00000E+00   19356  0.00000E+00  0.00000E+00  0.69904E-02
      580.0000  0.75000E+02 -0.75003E+02  0.43499E+05 -0.23543E+05  0.00000E+00  0.00000E+00  0.30161E+02  0.80037E+02  0.10712E+03  0.00000E+00  0.00000E+00  0.00000E+00   19420  0.00000E+00  0.00000E+00  0.69904E-02
      590.0000  0.75000E+02 -0.75002E+02  0.44249E+05 -0.24293E+05  0.00000E+00  0.00000E+00  0.30161E+02  0.80037E+02  0.10712E+03  0.00000E+00  0.00000E+00  0.00000E+00   19484  0.00000E+00  0.00000E+00  0.69904E-02
      600.0000  0.75000E+02 -0.75002E+02  0.44998E+05 -0.25043E+05  0.00000E+00  0.00000E+00  0.30161E+02  0.80037E+02  0.10712E+03  0.00000E+00  0.00000E+00  0.00000E+00   19548  0.00000E+00  0.00000E+00  0.69904E-02
      610.0000  0.75000E+02 -0.75002E+02  0.45748E+05 -0.25793E+05  0.00000E+00  0.00000E+00  0.30161E+02  0.80037E+02  0.10712E+03  0.00000E+00  0.00000E+00  0.00000E+00   19612  0.00000E+00  0.00000E+00  0.69904E-02
      620.0000  0.75000E+02 -0.75002E+02  0.46498E+05 -0.26543E+05  0.00000E+00  0.00000E+00  0.30161E+02  0.80037E+02  0.10712E+03  0.00000E+00  0.00000E+00  0.00000E+00   19676  0.00000E+00  0.00000E+00  0.69904E-02
      630.0000  0.75000E+02 -0.75002E+02  0.47248E+05 -0.27293E+05  0.00000E+00  0.00000E+00  0.30161E+02  0.80037E+02  0.10712E+03  0.00000E+00  0.00000E+00  0.00000E+00   19740  0.00000E+00  0.00000E+00  0.69904E-02
      640.0000  0.75000E+02 -0.75002E+02  0.47998E+05 -0.28043E+05  0.00000E+00  0.00000E+00  0.30161E+02  0.80037E+02  0.10712E+03  0.00000E+00  0.00000E+00  0.00000E+00   19804  0.00000E+00  0.00000E+00  0.69904E-02
      650.0000  0.75000E+02 -0.75002E+02  0.48748E+05 -0.28793E+05  0.00000E+00  0.00000E+00  0.30161E+02  0.80037E+02  0.10712E+03  0.00000E+00  0.00000E+00  0.00000E+00   19868  0.00000E+00  0.00000E+00  0.69904E-02
      660.0000  0.75000E+02 -0.75002E+02  0.49498E+05 -0.29543E+05  0.00000E+00  0.00000E+00  0.30161E+02  0.80037E+02  0.10712E+03  0.00000E+00  0.00000E+00  0.00000E+00   19932  0.00000E+00  0.00000E+00  0.69904E-02
      670.0000  0.75000E+02 -0.75002E+02  0.50248E+05 -0.30293E+05  0.00000E+00  0.00000E+00  0.30161E+02  0.80037E+02  0.10712E+03  0.00000E+00  0.00000E+00  0.00000E+00   19996  0.00000E+00  0.00000E+00  0.69904E-02
      680.0000  0.75000E+02 -0.75001E+02  0.50998E+05 -0.31044E+05  0.00000E+00  0.00000E+00  0.30161E+02  0.80037E+02  0.10712E+03  0.00000E+00  0.00000E+00  0.00000E+00   20060  0.00000E+00  0.00000E+00  0.69904E-02
      690.0000  0.75000E+02 -0.75001E+02  0.51748E+05 -0.31794E+05  0.00000E+00  0.00000E+00  0.30161E+02  0.80037E+02  0.10712E+03  0.00000E+00  0.00000E+00  0.00000E+00   20124  0.00000E+00  0.00000E+00  0.69904E-02
      700.0000  0.75000E+02 -0.75001E+02  0.52498E+05 -0.32544E+05  0.00000E+00  0.00000E+00  0.30161E+02  0.80037E+02  0.10712E+03  0.00000E+00  0.00000E+00  0.00000E+00   20188  0.00000E+00  0.00000E+00  0.69904E-02
      710.0000  0.75000E+02 -0.75001E+02  0.53248E+05 -0.33294E+05  0.00000E+00  0.00000E+00  0.30161E+02  0.80037E+02  0.10712E+03  0.00000E+00  0.00000E+00  0.00000E+00   20252  0.00000E+00  0.00000E+00  0.69904E-02
      720.0000  0.75000E+02 -0.75001E+02  0.53998E+05 -0.34044E+05  0.00000E+00  0.00000E+00  0.30161E+02  0.80037E+02  0.10712E+03  0.00000E+00  0.00000E+00  0.00000E+00   20316  0.00000E+00  0.00000E+00  0.69904E-02
      730.0000  0.75000E+02 -0.75001E+02  0.54748E+05 -0.34794E+05  0.00000E+00  0.00000E+00  0.30161E+02  0.80037E+02  0.10712E+03  0.00000E+00  0.00000E+00  0.00000E+00   20380  0.00000E+00  0.00000E+00  0.69904E-02
      740.0000  0.75000E+02 -0.75001E+02  0.55498E+05 -0.35543E+05  0.00000E+00  0.00000E+00  0.30161E+02  0.80037E+02  0.10712E+03  0.00000E+00  0.00000E+00  0.00000E+00   20444  0.00000E+00  0.00000E+00  0.69904E-02
      750.0000  0.75000E+02 -0.75001E+02  0.56248E+05 -0.36293E+05  0.00000E+00  0.00000E+00  0.30161E+02  0.80037E+02  0.10712E+03  0.00000E+00  0.00000E+00  0.00000E+00   20508  0.00000E+00  0.00000E+00  0.69904E-02
      760.0000  0.75000E+02 -0.75001E+02  0.56998E+05 -0.37043E+05  0.00000E+00  0.00000E+00  0.30161E+02  0.80037E+02  0.10712E+03  0.00000E+00  0.00000E+00  0.00000E+00   20572  0.00000E+00  0.00000E+00  0.69904E-02
      770.0000  0.75000E+02 -0.75001E+02  0.57748E+05 -0.37793E+05  0.00000E+00  0.00000E+00  0.30161E+02  0.80037E+02  0.10712E+03  0.00000E+00  0.00000E+00  0.00000E+00   20636  0.00000E+00  0.00000E+00  0.69904E-02
      780.0000  0.75000E+02 -0.75001E+02  0.58498E+05 -0.38543E+05  0.00000E+00  0.00000E+00  0.30161E+02  0.80037E+02  0.10712E+03  0.00000E+00  0.00000E+00  0.00000E+00   20700  0.00000E+00  0.00000E+00  0.69904E-02
      790.0000  0.75000E+02 -0.75001E+02  0.59248E+05 -0.39293E+05  0.00000E+00  0.00000E+00  0.30161E+02  0.80037E+02  0.10712E+03  0.00000E+00  0.00000E+00  0.00000E+00   20764  0.00000E+00  0.00000E+00  0.69904E-02
      800.0000  0.75000E+02 -0.75001E+02  0.59998E+05 -0.40043E+05  0.00000E+00  0.00000E+00  0.30161E+02  0.80037E+02  0.10712E+03  0.00000E+00  0.00000E+00  0.00000E+00   20828  0.00000E+00  0.00000E+00  0.69904E-02
      810.0000  0.75000E+02 -0.75001E+02  0.60748E+05 -0.40793E+05  0.00000E+00  0.00000E+00  0.30161E+02  0.80037E+02  0.10712E+03  0.00000E+00  0.00000E+00  0.00000E+00   20892  0.00000E+00  0.00000E+00  0.69904E-02
      820.0000  0.75000E+02 -0.75001E+02  0.61498E+05 -0.41543E+05  0.00000E+00  0.00000E+00  0.30161E+02  0.80037E+02  0.10712E+03  0.00000E+00  0.00000E+00  0.00000E+00   20956  0.00000E+00  0.00000E+00  0.69904E-02
      830.0000  0.75000E+02 -0.75001E+02  0.62247E+05 -0.42293E+05  0.00000E+00  0.00000E+00  0.30161E+02  0.80037E+02  0.10712E+03  0.00000E+00  0.00000E+00  0.00000E+00   21020  0.00000E+00  0.00000E+00  0.69904E-02
      840.0000  0.75000E+02 -0.75001E+02  0.62997E+05 -0.43043E+05  0.00000E+00  0.00000E+00  0.30161E+02  0.80037E+02  0.10712E+03  0.00000E+00  0.00000E+00  0.00000E+00   21084  0.00000E+00  0.00000E+00  0.69904E-02
      850.0000  0.75000E+02 -0.75001E+02  0.63747E+05 -0.43793E+05  0.00000E+00  0.00000E+00  0.30161E+02  0.80037E+02  0.10712E+03  0.00000E+00  0.00000E+00  0.00000E+00   21148  0.00000E+00  0.00000E+00  0.69904E-02
      860.0000  0.75000E+02 -0.75001E+02  0.64497E+05 -0.44543E+05  0.00000E+00  0.00000E+00  0.30161E+02  0.80037E+02  0.10712E+03  0.00000E+00  0.00000E+00  0.00000E+00   21212  0.00000E+00  0.00000E+00  0.69904E-02
      870.0000  0.75000E+02 -0.75001E+02  0.65247E+05 -0.45293E+05  0.00000E+00  0.00000E+00  0.30161E+02  0.80037E+02  0.10712E+03  0.00000E+00  0.00000E+00  0.00000E+00   21276  0.00000E+00  0.00000E+00  0.69904E-02
      880.0000  0.75000E+02 -0.75001E+02  0.65997E+05 -0.46043E+05  0.00000E+00  0.00000E+00  0.30161E+02  0.80037E+02  0.10712E+03  0.00000E+00  0.00000E+00  0.00000E+00   21340  0.00000E+00  0.00000E+00  0.69904E-02
      890.0000  0.75000E+02 -0.75001E+02  0.66748E+05 -0.46793E+05  0.00000E+00  0.00000E+00  0.30161E+02  0.80037E+02  0.10712E+03  0.00000E+00  0.00000E+00  0.00000E+00   21404  0.00000E+00  0.00000E+00  0.69904E-02
      900.0000  0.75000E+02 -0.75001E+02  0.67498E+05 -0.47543E+05  0.00000E+00  0.00000E+00  0.30161E+02  0.80037E+02  0.10712E+03  0.00000E+00  0.00000E+00  0.00000E+00   21468  0.00000E+00  0.00000E+00  0.69904E-02
      910.0000  0.75000E+02 -0.75001E+02  0.68248E+05 -0.48293E+05  0.00000E+00  0.00000E+00  0.30161E+02  0.80037E+02  0.10712E+03  0.00000E+00  0.00000E+00  0.00000E+00   21532  0.00000E+00  0.00000E+00  0.69904E-02
      920.0000  0.75000E+02 -0.75001E+02  0.68998E+05 -0.49043E+05  0.00000E+00  0.00000E+00  0.30161E+02  0.80037E+02  0.10712E+03  0.00000E+00  0.00000E+00  0.00000E+00   21596  0.00000E+00  0.00000E+00  0.69904E-02
      930.0000  0.75000E+02 -0.75001E+02  0.69748E+05 -0.49793E+05  0.00000E+00  0.00000E+00  0.30161E+02  0.80037E+02  0.10712E+03  0.00000E+00  0.00000E+00  0.00000E+00   21660  0.00000E+00  0.00000E+00  0.69904E-02
      940.0000  0.75000E+02 -0.75001E+02  0.70499E+05 -0.50543E+05  0.00000E+00  0.00000E+00  0.30161E+02  0.80037E+02  0.10712E+03  0.00000E+00  0.00000E+00  0.00000E+00   21724  0.00000E+00  0.00000E+00  0.69904E-02
      950.0000  0.75000E+02 -0.75001E+02  0.71249E+05 -0.51293E+05  0.00000E+00  0.00000E+00  0.30161E+02  0.80037E+02  0.10712E+03  0.00000E+00  0.00000E+00  0.00000E+00   21788  0.00000E+00  0.00000E+00  0.69904E-02
      960.0000  0.75000E+02 -0.75001E+02  0.71999E+05 -0.52043E+05  0.00000E+00  0.00000E+00  0.30161E+02  0.80037E+02  0.10712E+03  0.00000E+00  0.00000E+00  0.00000E+00   21852  0.00000E+00  0.00000E+00  0.69904E-02
      970.0000  0.75000E+02 -0.75000E+02  0.72749E+05 -0.52793E+05  0.00000E+00  0.00000E+00  0.30161E+02  0.80037E+02  0.10712E+03  0.00000E+00  0.00000E+00  0.00000E+00   21916  0.00000E+00  0.00000E+00  0.69904E-02
      980.0000  0.75000E+02 -0.75000E+02  0.73499E+05 -0.53542E+05  0.00000E+00  0.00000E+00  0.30161E+02  0.80037E+02  0.10712E+03  0.00000E+00  0.00000E+00  0.00000E+00   21980  0.00000E+00  0.00000E+00  0.69904E-02
      990.0000  0.75000E+02 -0.75000E+02  0.74249E+05 -0.54292E+05  0.00000E+00  0.00000E+00  0.30161E+02  0.80037E+02  0.10712E+03  0.00000E+00  0.00000E+00  0.00000E+00   22044  0.00000E+00  0.00000E+00  0.69904E-02
     1000.0000  0.75000E+02 -0.75000E+02  0.75000E+05 -0.55042E+05  0.00000E+00  0.00000E+00  0.30161E+02  0.80037E+02  0.10712E+03  0.00000E+00  0.00000E+00  0.00000E+00   22108  0.00000E+00  0.00000E+00  0.69904E-02
end
