 ******* Program HYDRUS
 ******* 
 Welcome to HYDRUS-1D                                                    
 Date:   3. 2.    Time:  15:12:39
 Units: L = mm   , T = days , M = mmol 

       Time          rTop        rRoot        vTop         vRoot        vBot       sum(rTop)   sum(rRoot)    sum(vTop)   sum(vRoot)    sum(vBot)      hTop         hRoot        hBot        RunOff    sum(RunOff)     Volume     sum(Infil)    sum(Evap) TLevel Cum(WTrans)  SnowLayer
        [T]         [L/T]        [L/T]        [L/T]        [L/T]        [L/T]         [L]          [L]          [L]         [L]           [L]         [L]           [L]         [L]          [L/T]         [L]          [L]          [L]          [L]

      10.0000 -0.25000E+01  0.50000E+01 -0.25000E+01  0.13566E+01 -0.17119E-09 -0.25000E+02  0.50000E+02 -0.25000E+02  0.17833E+02 -0.17119E-08 -0.40843E+03 -0.48587E+04 -0.10000E+04  0.00000E+00  0.17243E-03  0.78477E+02  0.25000E+02  0.00000E+00   1255  0.00000E+00      0.000
      20.0000 -0.25000E+01  0.50000E+01 -0.25000E+01  0.16144E+01 -0.17119E-09 -0.50000E+02  0.10000E+03 -0.50000E+02  0.32768E+02 -0.34238E-08 -0.40551E+03 -0.43757E+04 -0.10000E+04  0.00000E+00  0.19015E-03  0.88533E+02  0.50000E+02  0.00000E+00   2237  0.00000E+00      0.000
      30.0000 -0.25000E+01  0.50000E+01 -0.25000E+01  0.17005E+01 -0.17119E-09 -0.75000E+02  0.15000E+03 -0.75000E+02  0.49537E+02 -0.51358E-08 -0.40493E+03 -0.39190E+04 -0.10000E+04  0.00000E+00  0.20637E-03  0.96752E+02  0.75000E+02  0.00000E+00   3178  0.00000E+00      0.000
      40.0000 -0.25000E+01  0.50000E+01 -0.25000E+01  0.17960E+01 -0.17119E-09 -0.10000E+03  0.20000E+03 -0.10000E+03  0.67226E+02 -0.68477E-08 -0.40478E+03 -0.34102E+04 -0.10000E+04  0.00000E+00  0.21803E-03  0.10405E+03  0.10000E+03  0.00000E+00   4011  0.00000E+00      0.000
      50.0000 -0.25000E+01  0.50000E+01 -0.25000E+01  0.18285E+01 -0.17119E-09 -0.12500E+03  0.25000E+03 -0.12500E+03  0.85450E+02 -0.85596E-08 -0.40475E+03 -0.29020E+04 -0.10000E+04  0.11206E-04  0.22997E-03  0.11082E+03  0.12500E+03  0.00000E+00   4831  0.00000E+00      0.000
      60.0000 -0.25000E+01  0.50000E+01 -0.25000E+01  0.18630E+01 -0.17119E-09 -0.15000E+03  0.30000E+03 -0.15000E+03  0.10400E+03 -0.10272E-07 -0.40474E+03 -0.24508E+04 -0.10000E+04  0.00000E+00  0.23272E-03  0.11726E+03  0.15000E+03  0.00000E+00   5650  0.00000E+00      0.000
      70.0000 -0.25000E+01  0.50000E+01 -0.25000E+01  0.18858E+01 -0.17119E-09 -0.17500E+03  0.35000E+03 -0.17500E+03  0.12275E+03 -0.11983E-07 -0.40473E+03 -0.19337E+04 -0.10000E+04  0.00000E+00  0.23291E-03  0.12350E+03  0.17500E+03  0.00000E+00   6479  0.00000E+00      0.000
      80.0000 -0.25000E+01  0.50000E+01 -0.25000E+01  0.18743E+01 -0.17119E-09 -0.20000E+03  0.40000E+03 -0.20000E+03  0.14159E+03 -0.13695E-07 -0.40473E+03 -0.15159E+04 -0.10000E+04  0.00000E+00  0.23296E-03  0.12966E+03  0.20000E+03  0.00000E+00   7276  0.00000E+00      0.000
      90.0000 -0.25000E+01  0.50000E+01 -0.25000E+01  0.18732E+01 -0.17119E-09 -0.22500E+03  0.45000E+03 -0.22500E+03  0.16039E+03 -0.15407E-07 -0.40473E+03 -0.10434E+04 -0.10000E+04  0.00000E+00  0.23296E-03  0.13585E+03  0.22500E+03  0.00000E+00   8036  0.00000E+00      0.000
     100.0000 -0.25000E+01  0.50000E+01 -0.25000E+01  0.18481E+01 -0.17119E-09 -0.25000E+03  0.50000E+03 -0.25000E+03  0.17902E+03 -0.17119E-07 -0.40473E+03 -0.58894E+03 -0.10000E+04  0.00000E+00  0.23301E-03  0.14222E+03  0.25000E+03  0.00000E+00   8821  0.00000E+00      0.000
     110.0000 -0.25000E+01  0.50000E+01 -0.25000E+01  0.18087E+01 -0.17119E-09 -0.27500E+03  0.55000E+03 -0.27500E+03  0.19729E+03 -0.18831E-07 -0.40473E+03 -0.43977E+03 -0.10000E+04  0.00000E+00  0.23301E-03  0.14895E+03  0.27500E+03  0.00000E+00   9584  0.00000E+00      0.000
     120.0000 -0.25000E+01  0.50000E+01 -0.25000E+01  0.17999E+01 -0.17119E-09 -0.30000E+03  0.60000E+03 -0.30000E+03  0.21531E+03 -0.20543E-07 -0.40473E+03 -0.43945E+03 -0.10000E+04  0.00000E+00  0.23301E-03  0.15592E+03  0.30000E+03  0.00000E+00  10367  0.00000E+00      0.000
     130.0000 -0.25000E+01  0.50000E+01 -0.25000E+01  0.17998E+01 -0.17119E-09 -0.32500E+03  0.65000E+03 -0.32500E+03  0.23331E+03 -0.22255E-07 -0.40473E+03 -0.43939E+03 -0.10000E+04  0.00000E+00  0.23301E-03  0.16293E+03  0.32500E+03  0.00000E+00  11153  0.00000E+00      0.000
     140.0000 -0.25000E+01  0.50000E+01 -0.25000E+01  0.17998E+01 -0.17119E-09 -0.35000E+03  0.70000E+03 -0.35000E+03  0.25131E+03 -0.23967E-07 -0.40473E+03 -0.43938E+03 -0.10000E+04  0.00000E+00  0.23301E-03  0.16993E+03  0.35000E+03  0.00000E+00  11959  0.00000E+00      0.000
     150.0000 -0.25000E+01  0.50000E+01 -0.25000E+01  0.17998E+01 -0.17119E-09 -0.37500E+03  0.75000E+03 -0.37500E+03  0.26931E+03 -0.25679E-07 -0.40473E+03 -0.43937E+03 -0.10000E+04  0.00000E+00  0.23301E-03  0.17693E+03  0.37500E+03  0.00000E+00  12745  0.00000E+00      0.000
     160.0000 -0.25000E+01  0.50000E+01 -0.25000E+01  0.17998E+01 -0.17119E-09 -0.40000E+03  0.80000E+03 -0.40000E+03  0.28730E+03 -0.27391E-07 -0.40473E+03 -0.43937E+03 -0.10000E+04  0.00000E+00  0.23301E-03  0.18393E+03  0.40000E+03  0.00000E+00  13538  0.00000E+00      0.000
     170.0000 -0.25000E+01  0.50000E+01 -0.25000E+01  0.17998E+01 -0.17119E-09 -0.42500E+03  0.85000E+03 -0.42500E+03  0.30530E+03 -0.29103E-07 -0.40473E+03 -0.43937E+03 -0.10000E+04  0.00000E+00  0.23301E-03  0.19093E+03  0.42500E+03  0.00000E+00  14305  0.00000E+00      0.000
     180.0000 -0.25000E+01  0.50000E+01 -0.25000E+01  0.17998E+01 -0.17119E-09 -0.45000E+03  0.90000E+03 -0.45000E+03  0.32330E+03 -0.30815E-07 -0.40473E+03 -0.43937E+03 -0.10000E+04  0.00000E+00  0.23301E-03  0.19793E+03  0.45000E+03  0.00000E+00  15076  0.00000E+00      0.000
     190.0000 -0.25000E+01  0.50000E+01 -0.25000E+01  0.17998E+01 -0.17119E-09 -0.47500E+03  0.95000E+03 -0.47500E+03  0.34130E+03 -0.32526E-07 -0.40473E+03 -0.43937E+03 -0.10000E+04  0.00000E+00  0.23301E-03  0.20493E+03  0.47500E+03  0.00000E+00  15866  0.00000E+00      0.000
     200.0000 -0.25000E+01  0.50000E+01 -0.25000E+01  0.17998E+01 -0.17119E-09 -0.50000E+03  0.10000E+04 -0.50000E+03  0.35930E+03 -0.34238E-07 -0.40473E+03 -0.43937E+03 -0.10000E+04  0.00000E+00  0.23301E-03  0.21193E+03  0.50000E+03  0.00000E+00  16652  0.00000E+00      0.000
     210.0000 -0.25000E+01  0.50000E+01 -0.25000E+01  0.17998E+01 -0.67812E+00 -0.52500E+03  0.10500E+04 -0.52500E+03  0.37730E+03 -0.29477E+01 -0.40473E+03 -0.43937E+03 -0.44997E+03  0.00000E+00  0.23301E-03  0.21599E+03  0.52500E+03  0.00000E+00  17052  0.00000E+00      0.000
     220.0000 -0.25000E+01  0.50000E+01 -0.25000E+01  0.17998E+01 -0.69932E+00 -0.55000E+03  0.11000E+04 -0.55000E+03  0.39529E+03 -0.98907E+01 -0.40473E+03 -0.43937E+03 -0.44917E+03  0.00000E+00  0.23301E-03  0.21605E+03  0.55000E+03  0.00000E+00  17116  0.00000E+00      0.000
     230.0000 -0.25000E+01  0.50000E+01 -0.25000E+01  0.17998E+01 -0.70006E+00 -0.57500E+03  0.11500E+04 -0.57500E+03  0.41329E+03 -0.16889E+02 -0.40473E+03 -0.43937E+03 -0.44914E+03  0.00000E+00  0.23301E-03  0.21605E+03  0.57500E+03  0.00000E+00  17180  0.00000E+00      0.000
     240.0000 -0.25000E+01  0.50000E+01 -0.25000E+01  0.17998E+01 -0.70011E+00 -0.60000E+03  0.12000E+04 -0.60000E+03  0.43129E+03 -0.23890E+02 -0.40473E+03 -0.43937E+03 -0.44914E+03  0.00000E+00  0.23301E-03  0.21605E+03  0.60000E+03  0.00000E+00  17244  0.00000E+00      0.000
     250.0000 -0.25000E+01  0.50000E+01 -0.25000E+01  0.17998E+01 -0.70015E+00 -0.62500E+03  0.12500E+04 -0.62500E+03  0.44929E+03 -0.30892E+02 -0.40473E+03 -0.43937E+03 -0.44914E+03  0.00000E+00  0.23301E-03  0.21605E+03  0.62500E+03  0.00000E+00  17308  0.00000E+00      0.000
     260.0000 -0.25000E+01  0.50000E+01 -0.25000E+01  0.17998E+01 -0.70016E+00 -0.65000E+03  0.13000E+04 -0.65000E+03  0.46729E+03 -0.37893E+02 -0.40473E+03 -0.43937E+03 -0.44914E+03  0.00000E+00  0.23301E-03  0.21605E+03  0.65000E+03  0.00000E+00  17372  0.00000E+00      0.000
     270.0000 -0.25000E+01  0.50000E+01 -0.25000E+01  0.17998E+01 -0.70016E+00 -0.67500E+03  0.13500E+04 -0.67500E+03  0.48528E+03 -0.44895E+02 -0.40473E+03 -0.43937E+03 -0.44914E+03  0.00000E+00  0.23301E-03  0.21605E+03  0.67500E+03  0.00000E+00  17436  0.00000E+00      0.000
     280.0000 -0.25000E+01  0.50000E+01 -0.25000E+01  0.17998E+01 -0.70016E+00 -0.70000E+03  0.14000E+04 -0.70000E+03  0.50328E+03 -0.51896E+02 -0.40473E+03 -0.43937E+03 -0.44914E+03  0.00000E+00  0.23301E-03  0.21605E+03  0.70000E+03  0.00000E+00  17500  0.00000E+00      0.000
     290.0000 -0.25000E+01  0.50000E+01 -0.25000E+01  0.17998E+01 -0.70016E+00 -0.72500E+03  0.14500E+04 -0.72500E+03  0.52128E+03 -0.58898E+02 -0.40473E+03 -0.43937E+03 -0.44914E+03  0.00000E+00  0.23301E-03  0.21605E+03  0.72500E+03  0.00000E+00  17564  0.00000E+00      0.000
     300.0000 -0.25000E+01  0.50000E+01 -0.25000E+01  0.17998E+01 -0.70016E+00 -0.75000E+03  0.15000E+04 -0.75000E+03  0.53928E+03 -0.65899E+02 -0.40473E+03 -0.43937E+03 -0.44914E+03  0.00000E+00  0.23301E-03  0.21605E+03  0.75000E+03  0.00000E+00  17628  0.00000E+00      0.000
     310.0000 -0.25000E+01  0.50000E+01 -0.25000E+01  0.17998E+01 -0.70016E+00 -0.77500E+03  0.15500E+04 -0.77500E+03  0.55728E+03 -0.72901E+02 -0.40473E+03 -0.43937E+03 -0.44914E+03  0.00000E+00  0.23301E-03  0.21605E+03  0.77500E+03  0.00000E+00  17692  0.00000E+00      0.000
     320.0000 -0.25000E+01  0.50000E+01 -0.25000E+01  0.17998E+01 -0.70016E+00 -0.80000E+03  0.16000E+04 -0.80000E+03  0.57528E+03 -0.79902E+02 -0.40473E+03 -0.43937E+03 -0.44914E+03  0.00000E+00  0.23301E-03  0.21605E+03  0.80000E+03  0.00000E+00  17756  0.00000E+00      0.000
     330.0000 -0.25000E+01  0.50000E+01 -0.25000E+01  0.17998E+01 -0.70016E+00 -0.82500E+03  0.16500E+04 -0.82500E+03  0.59328E+03 -0.86904E+02 -0.40473E+03 -0.43937E+03 -0.44914E+03  0.00000E+00  0.23301E-03  0.21605E+03  0.82500E+03  0.00000E+00  17820  0.00000E+00      0.000
     340.0000 -0.25000E+01  0.50000E+01 -0.25000E+01  0.17998E+01 -0.70016E+00 -0.85000E+03  0.17000E+04 -0.85000E+03  0.61128E+03 -0.93905E+02 -0.40473E+03 -0.43937E+03 -0.44914E+03  0.00000E+00  0.23301E-03  0.21605E+03  0.85000E+03  0.00000E+00  17884  0.00000E+00      0.000
     350.0000 -0.25000E+01  0.50000E+01 -0.25000E+01  0.17998E+01 -0.70016E+00 -0.87499E+03  0.17500E+04 -0.87499E+03  0.62928E+03 -0.10091E+03 -0.40473E+03 -0.43937E+03 -0.44914E+03  0.00000E+00  0.23301E-03  0.21605E+03  0.87499E+03  0.00000E+00  17948  0.00000E+00      0.000
     360.0000 -0.25000E+01  0.50000E+01 -0.25000E+01  0.17998E+01 -0.70016E+00 -0.89999E+03  0.18000E+04 -0.89999E+03  0.64728E+03 -0.10791E+03 -0.40473E+03 -0.43937E+03 -0.44914E+03  0.00000E+00  0.23301E-03  0.21605E+03  0.89999E+03  0.00000E+00  18012  0.00000E+00      0.000
     370.0000 -0.25000E+01  0.50000E+01 -0.25000E+01  0.17998E+01 -0.70016E+00 -0.92499E+03  0.18500E+04 -0.92499E+03  0.66528E+03 -0.11491E+03 -0.40473E+03 -0.43937E+03 -0.44914E+03  0.00000E+00  0.23301E-03  0.21605E+03  0.92499E+03  0.00000E+00  18076  0.00000E+00      0.000
     380.0000 -0.25000E+01  0.50000E+01 -0.25000E+01  0.17998E+01 -0.70016E+00 -0.94999E+03  0.19000E+04 -0.94999E+03  0.68328E+03 -0.12191E+03 -0.40473E+03 -0.43937E+03 -0.44914E+03  0.00000E+00  0.23301E-03  0.21605E+03  0.94999E+03  0.00000E+00  18140  0.00000E+00      0.000
     390.0000 -0.25000E+01  0.50000E+01 -0.25000E+01  0.17998E+01 -0.70016E+00 -0.97499E+03  0.19500E+04 -0.97499E+03  0.70128E+03 -0.12891E+03 -0.40473E+03 -0.43937E+03 -0.44914E+03  0.00000E+00  0.23301E-03  0.21605E+03  0.97499E+03  0.00000E+00  18204  0.00000E+00      0.000
     400.0000 -0.25000E+01  0.50000E+01 -0.25000E+01  0.17998E+01 -0.70016E+00 -0.99999E+03  0.20000E+04 -0.99999E+03  0.71928E+03 -0.13591E+03 -0.40473E+03 -0.43937E+03 -0.44914E+03  0.00000E+00  0.23301E-03  0.21605E+03  0.99999E+03  0.00000E+00  18268  0.00000E+00      0.000
     410.0000 -0.25000E+01  0.50000E+01 -0.25000E+01  0.17998E+01 -0.70016E+00 -0.10250E+04  0.20500E+04 -0.10250E+04  0.73728E+03 -0.14292E+03 -0.40473E+03 -0.43937E+03 -0.44914E+03  0.00000E+00  0.23301E-03  0.21605E+03  0.10250E+04  0.00000E+00  18332  0.00000E+00      0.000
     420.0000 -0.25000E+01  0.50000E+01 -0.25000E+01  0.17998E+01 -0.70016E+00 -0.10500E+04  0.21000E+04 -0.10500E+04  0.75527E+03 -0.14992E+03 -0.40473E+03 -0.43937E+03 -0.44914E+03  0.00000E+00  0.23301E-03  0.21605E+03  0.10500E+04  0.00000E+00  18396  0.00000E+00      0.000
     430.0000 -0.25000E+01  0.50000E+01 -0.25000E+01  0.17998E+01 -0.70016E+00 -0.10750E+04  0.21500E+04 -0.10750E+04  0.77327E+03 -0.15692E+03 -0.40473E+03 -0.43937E+03 -0.44914E+03  0.00000E+00  0.23301E-03  0.21605E+03  0.10750E+04  0.00000E+00  18460  0.00000E+00      0.000
     440.0000 -0.25000E+01  0.50000E+01 -0.25000E+01  0.17998E+01 -0.70016E+00 -0.11000E+04  0.22000E+04 -0.11000E+04  0.79127E+03 -0.16392E+03 -0.40473E+03 -0.43937E+03 -0.44914E+03  0.00000E+00  0.23301E-03  0.21605E+03  0.11000E+04  0.00000E+00  18524  0.00000E+00      0.000
     450.0000 -0.25000E+01  0.50000E+01 -0.25000E+01  0.17998E+01 -0.70016E+00 -0.11250E+04  0.22500E+04 -0.11250E+04  0.80927E+03 -0.17092E+03 -0.40473E+03 -0.43937E+03 -0.44914E+03  0.00000E+00  0.23301E-03  0.21605E+03  0.11250E+04  0.00000E+00  18588  0.00000E+00      0.000
     460.0000 -0.25000E+01  0.50000E+01 -0.25000E+01  0.17998E+01 -0.70016E+00 -0.11500E+04  0.23000E+04 -0.11500E+04  0.82727E+03 -0.17792E+03 -0.40473E+03 -0.43937E+03 -0.44914E+03  0.00000E+00  0.23301E-03  0.21605E+03  0.11500E+04  0.00000E+00  18652  0.00000E+00      0.000
     470.0000 -0.25000E+01  0.50000E+01 -0.25000E+01  0.17998E+01 -0.70016E+00 -0.11750E+04  0.23500E+04 -0.11750E+04  0.84527E+03 -0.18492E+03 -0.40473E+03 -0.43937E+03 -0.44914E+03  0.00000E+00  0.23301E-03  0.21605E+03  0.11750E+04  0.00000E+00  18716  0.00000E+00      0.000
     480.0000 -0.25000E+01  0.50000E+01 -0.25000E+01  0.17998E+01 -0.70016E+00 -0.12000E+04  0.24000E+04 -0.12000E+04  0.86327E+03 -0.19193E+03 -0.40473E+03 -0.43937E+03 -0.44914E+03  0.00000E+00  0.23301E-03  0.21605E+03  0.12000E+04  0.00000E+00  18780  0.00000E+00      0.000
     490.0000 -0.25000E+01  0.50000E+01 -0.25000E+01  0.17998E+01 -0.70016E+00 -0.12250E+04  0.24500E+04 -0.12250E+04  0.88127E+03 -0.19893E+03 -0.40473E+03 -0.43937E+03 -0.44914E+03  0.00000E+00  0.23301E-03  0.21605E+03  0.12250E+04  0.00000E+00  18844  0.00000E+00      0.000
     500.0000 -0.25000E+01  0.50000E+01 -0.25000E+01  0.17998E+01 -0.70016E+00 -0.12500E+04  0.25000E+04 -0.12500E+04  0.89927E+03 -0.20593E+03 -0.40473E+03 -0.43937E+03 -0.44914E+03  0.00000E+00  0.23301E-03  0.21605E+03  0.12500E+04  0.00000E+00  18908  0.00000E+00      0.000
     510.0000 -0.25000E+01  0.50000E+01 -0.25000E+01  0.17998E+01 -0.70016E+00 -0.12750E+04  0.25500E+04 -0.12750E+04  0.91727E+03 -0.21293E+03 -0.40473E+03 -0.43937E+03 -0.44914E+03  0.00000E+00  0.23301E-03  0.21605E+03  0.12750E+04  0.00000E+00  18972  0.00000E+00      0.000
     520.0000 -0.25000E+01  0.50000E+01 -0.25000E+01  0.17998E+01 -0.70016E+00 -0.13000E+04  0.26000E+04 -0.13000E+04  0.93527E+03 -0.21993E+03 -0.40473E+03 -0.43937E+03 -0.44914E+03  0.00000E+00  0.23301E-03  0.21605E+03  0.13000E+04  0.00000E+00  19036  0.00000E+00      0.000
     530.0000 -0.25000E+01  0.50000E+01 -0.25000E+01  0.17998E+01 -0.70016E+00 -0.13250E+04  0.26500E+04 -0.13250E+04  0.95327E+03 -0.22693E+03 -0.40473E+03 -0.43937E+03 -0.44914E+03  0.00000E+00  0.23301E-03  0.21605E+03  0.13250E+04  0.00000E+00  19100  0.00000E+00      0.000
     540.0000 -0.25000E+01  0.50000E+01 -0.25000E+01  0.17998E+01 -0.70016E+00 -0.13500E+04  0.27001E+04 -0.13500E+04  0.97127E+03 -0.23394E+03 -0.40473E+03 -0.43937E+03 -0.44914E+03  0.00000E+00  0.23301E-03  0.21605E+03  0.13500E+04  0.00000E+00  19164  0.00000E+00      0.000
     550.0000 -0.25000E+01  0.50000E+01 -0.25000E+01  0.17998E+01 -0.70016E+00 -0.13750E+04  0.27501E+04 -0.13750E+04  0.98927E+03 -0.24094E+03 -0.40473E+03 -0.43937E+03 -0.44914E+03  0.00000E+00  0.23301E-03  0.21605E+03  0.13750E+04  0.00000E+00  19228  0.00000E+00      0.000
     560.0000 -0.25000E+01  0.50000E+01 -0.25000E+01  0.17998E+01 -0.70016E+00 -0.14000E+04  0.28001E+04 -0.14000E+04  0.10073E+04 -0.24794E+03 -0.40473E+03 -0.43937E+03 -0.44914E+03  0.00000E+00  0.23301E-03  0.21605E+03  0.14000E+04  0.00000E+00  19292  0.00000E+00      0.000
     570.0000 -0.25000E+01  0.50000E+01 -0.25000E+01  0.17998E+01 -0.70016E+00 -0.14250E+04  0.28501E+04 -0.14250E+04  0.10253E+04 -0.25494E+03 -0.40473E+03 -0.43937E+03 -0.44914E+03  0.00000E+00  0.23301E-03  0.21605E+03  0.14250E+04  0.00000E+00  19356  0.00000E+00      0.000
     580.0000 -0.25000E+01  0.50000E+01 -0.25000E+01  0.17998E+01 -0.70016E+00 -0.14500E+04  0.29001E+04 -0.14500E+04  0.10433E+04 -0.26194E+03 -0.40473E+03 -0.43937E+03 -0.44914E+03  0.00000E+00  0.23301E-03  0.21605E+03  0.14500E+04  0.00000E+00  19420  0.00000E+00      0.000
     590.0000 -0.25000E+01  0.50000E+01 -0.25000E+01  0.17998E+01 -0.70016E+00 -0.14750E+04  0.29501E+04 -0.14750E+04  0.10613E+04 -0.26894E+03 -0.40473E+03 -0.43937E+03 -0.44914E+03  0.00000E+00  0.23301E-03  0.21605E+03  0.14750E+04  0.00000E+00  19484  0.00000E+00      0.000
     600.0000 -0.25000E+01  0.50000E+01 -0.25000E+01  0.17998E+01 -0.70016E+00 -0.15000E+04  0.30001E+04 -0.15000E+04  0.10793E+04 -0.27594E+03 -0.40473E+03 -0.43937E+03 -0.44914E+03  0.00000E+00  0.23301E-03  0.21605E+03  0.15000E+04  0.00000E+00  19548  0.00000E+00      0.000
     610.0000 -0.25000E+01  0.50000E+01 -0.25000E+01  0.17998E+01 -0.70016E+00 -0.15250E+04  0.30501E+04 -0.15250E+04  0.10973E+04 -0.28295E+03 -0.40473E+03 -0.43937E+03 -0.44914E+03  0.00000E+00  0.23301E-03  0.21605E+03  0.15250E+04  0.00000E+00  19612  0.00000E+00      0.000
     620.0000 -0.25000E+01  0.50000E+01 -0.25000E+01  0.17998E+01 -0.70016E+00 -0.15500E+04  0.31001E+04 -0.15500E+04  0.11153E+04 -0.28995E+03 -0.40473E+03 -0.43937E+03 -0.44914E+03  0.00000E+00  0.23301E-03  0.21605E+03  0.15500E+04  0.00000E+00  19676  0.00000E+00      0.000
     630.0000 -0.25000E+01  0.50000E+01 -0.25000E+01  0.17998E+01 -0.70016E+00 -0.15751E+04  0.31501E+04 -0.15751E+04  0.11333E+04 -0.29695E+03 -0.40473E+03 -0.43937E+03 -0.44914E+03  0.00000E+00  0.23301E-03  0.21605E+03  0.15751E+04  0.00000E+00  19740  0.00000E+00      0.000
     640.0000 -0.25000E+01  0.50000E+01 -0.25000E+01  0.17998E+01 -0.70016E+00 -0.16001E+04  0.32001E+04 -0.16001E+04  0.11513E+04 -0.30395E+03 -0.40473E+03 -0.43937E+03 -0.44914E+03  0.00000E+00  0.23301E-03  0.21605E+03  0.16001E+04  0.00000E+00  19804  0.00000E+00      0.000
     650.0000 -0.25000E+01  0.50000E+01 -0.25000E+01  0.17998E+01 -0.70016E+00 -0.16251E+04  0.32501E+04 -0.16251E+04  0.11693E+04 -0.31095E+03 -0.40473E+03 -0.43937E+03 -0.44914E+03  0.00000E+00  0.23301E-03  0.21605E+03  0.16251E+04  0.00000E+00  19868  0.00000E+00      0.000
     660.0000 -0.25000E+01  0.50000E+01 -0.25000E+01  0.17998E+01 -0.70016E+00 -0.16501E+04  0.33001E+04 -0.16501E+04  0.11873E+04 -0.31795E+03 -0.40473E+03 -0.43937E+03 -0.44914E+03  0.00000E+00  0.23301E-03  0.21605E+03  0.16501E+04  0.00000E+00  19932  0.00000E+00      0.000
     670.0000 -0.25000E+01  0.50000E+01 -0.25000E+01  0.17998E+01 -0.70016E+00 -0.16751E+04  0.33501E+04 -0.16751E+04  0.12053E+04 -0.32495E+03 -0.40473E+03 -0.43937E+03 -0.44914E+03  0.00000E+00  0.23301E-03  0.21605E+03  0.16751E+04  0.00000E+00  19996  0.00000E+00      0.000
     680.0000 -0.25000E+01  0.50000E+01 -0.25000E+01  0.17998E+01 -0.70016E+00 -0.17001E+04  0.34001E+04 -0.17001E+04  0.12233E+04 -0.33196E+03 -0.40473E+03 -0.43937E+03 -0.44914E+03  0.00000E+00  0.23301E-03  0.21605E+03  0.17001E+04  0.00000E+00  20060  0.00000E+00      0.000
     690.0000 -0.25000E+01  0.50000E+01 -0.25000E+01  0.17998E+01 -0.70016E+00 -0.17251E+04  0.34501E+04 -0.17251E+04  0.12413E+04 -0.33896E+03 -0.40473E+03 -0.43937E+03 -0.44914E+03  0.00000E+00  0.23301E-03  0.21605E+03  0.17251E+04  0.00000E+00  20124  0.00000E+00      0.000
     700.0000 -0.25000E+01  0.50000E+01 -0.25000E+01  0.17998E+01 -0.70016E+00 -0.17501E+04  0.35001E+04 -0.17501E+04  0.12593E+04 -0.34596E+03 -0.40473E+03 -0.43937E+03 -0.44914E+03  0.00000E+00  0.23301E-03  0.21605E+03  0.17501E+04  0.00000E+00  20188  0.00000E+00      0.000
     710.0000 -0.25000E+01  0.50000E+01 -0.25000E+01  0.17998E+01 -0.70016E+00 -0.17751E+04  0.35501E+04 -0.17751E+04  0.12773E+04 -0.35296E+03 -0.40473E+03 -0.43937E+03 -0.44914E+03  0.00000E+00  0.23301E-03  0.21605E+03  0.17751E+04  0.00000E+00  20252  0.00000E+00      0.000
     720.0000 -0.25000E+01  0.50000E+01 -0.25000E+01  0.17998E+01 -0.70016E+00 -0.18001E+04  0.36002E+04 -0.18001E+04  0.12953E+04 -0.35996E+03 -0.40473E+03 -0.43937E+03 -0.44914E+03  0.00000E+00  0.23301E-03  0.21605E+03  0.18001E+04  0.00000E+00  20316  0.00000E+00      0.000
     730.0000 -0.25000E+01  0.50000E+01 -0.25000E+01  0.17998E+01 -0.70016E+00 -0.18251E+04  0.36502E+04 -0.18251E+04  0.13133E+04 -0.36696E+03 -0.40473E+03 -0.43937E+03 -0.44914E+03  0.00000E+00  0.23301E-03  0.21605E+03  0.18251E+04  0.00000E+00  20380  0.00000E+00      0.000
     740.0000 -0.25000E+01  0.50000E+01 -0.25000E+01  0.17998E+01 -0.70016E+00 -0.18501E+04  0.37002E+04 -0.18501E+04  0.13313E+04 -0.37396E+03 -0.40473E+03 -0.43937E+03 -0.44914E+03  0.00000E+00  0.23301E-03  0.21605E+03  0.18501E+04  0.00000E+00  20444  0.00000E+00      0.000
     750.0000 -0.25000E+01  0.50000E+01 -0.25000E+01  0.17998E+01 -0.70016E+00 -0.18751E+04  0.37502E+04 -0.18751E+04  0.13493E+04 -0.38097E+03 -0.40473E+03 -0.43937E+03 -0.44914E+03  0.00000E+00  0.23301E-03  0.21605E+03  0.18751E+04  0.00000E+00  20508  0.00000E+00      0.000
     760.0000 -0.25000E+01  0.50000E+01 -0.25000E+01  0.17998E+01 -0.70016E+00 -0.19001E+04  0.38002E+04 -0.19001E+04  0.13673E+04 -0.38797E+03 -0.40473E+03 -0.43937E+03 -0.44914E+03  0.00000E+00  0.23301E-03  0.21605E+03  0.19001E+04  0.00000E+00  20572  0.00000E+00      0.000
     770.0000 -0.25000E+01  0.50000E+01 -0.25000E+01  0.17998E+01 -0.70016E+00 -0.19251E+04  0.38502E+04 -0.19251E+04  0.13853E+04 -0.39497E+03 -0.40473E+03 -0.43937E+03 -0.44914E+03  0.00000E+00  0.23301E-03  0.21605E+03  0.19251E+04  0.00000E+00  20636  0.00000E+00      0.000
     780.0000 -0.25000E+01  0.50000E+01 -0.25000E+01  0.17998E+01 -0.70016E+00 -0.19501E+04  0.39002E+04 -0.19501E+04  0.14033E+04 -0.40197E+03 -0.40473E+03 -0.43937E+03 -0.44914E+03  0.00000E+00  0.23301E-03  0.21605E+03  0.19501E+04  0.00000E+00  20700  0.00000E+00      0.000
     790.0000 -0.25000E+01  0.50000E+01 -0.25000E+01  0.17998E+01 -0.70016E+00 -0.19751E+04  0.39502E+04 -0.19751E+04  0.14213E+04 -0.40897E+03 -0.40473E+03 -0.43937E+03 -0.44914E+03  0.00000E+00  0.23301E-03  0.21605E+03  0.19751E+04  0.00000E+00  20764  0.00000E+00      0.000
     800.0000 -0.25000E+01  0.50000E+01 -0.25000E+01  0.17998E+01 -0.70016E+00 -0.20001E+04  0.40002E+04 -0.20001E+04  0.14393E+04 -0.41597E+03 -0.40473E+03 -0.43937E+03 -0.44914E+03  0.00000E+00  0.23301E-03  0.21605E+03  0.20001E+04  0.00000E+00  20828  0.00000E+00      0.000
     810.0000 -0.25000E+01  0.50000E+01 -0.25000E+01  0.17998E+01 -0.70016E+00 -0.20251E+04  0.40502E+04 -0.20251E+04  0.14573E+04 -0.42298E+03 -0.40473E+03 -0.43937E+03 -0.44914E+03  0.00000E+00  0.23301E-03  0.21605E+03  0.20251E+04  0.00000E+00  20892  0.00000E+00      0.000
     820.0000 -0.25000E+01  0.50000E+01 -0.25000E+01  0.17998E+01 -0.70016E+00 -0.20501E+04  0.41002E+04 -0.20501E+04  0.14753E+04 -0.42998E+03 -0.40473E+03 -0.43937E+03 -0.44914E+03  0.00000E+00  0.23301E-03  0.21605E+03  0.20501E+04  0.00000E+00  20956  0.00000E+00      0.000
     830.0000 -0.25000E+01  0.50000E+01 -0.25000E+01  0.17998E+01 -0.70016E+00 -0.20751E+04  0.41502E+04 -0.20751E+04  0.14933E+04 -0.43698E+03 -0.40473E+03 -0.43937E+03 -0.44914E+03  0.00000E+00  0.23301E-03  0.21605E+03  0.20751E+04  0.00000E+00  21020  0.00000E+00      0.000
     840.0000 -0.25000E+01  0.50000E+01 -0.25000E+01  0.17998E+01 -0.70016E+00 -0.21001E+04  0.42002E+04 -0.21001E+04  0.15113E+04 -0.44398E+03 -0.40473E+03 -0.43937E+03 -0.44914E+03  0.00000E+00  0.23301E-03  0.21605E+03  0.21001E+04  0.00000E+00  21084  0.00000E+00      0.000
     850.0000 -0.25000E+01  0.50000E+01 -0.25000E+01  0.17998E+01 -0.70016E+00 -0.21251E+04  0.42502E+04 -0.21251E+04  0.15293E+04 -0.45098E+03 -0.40473E+03 -0.43937E+03 -0.44914E+03  0.00000E+00  0.23301E-03  0.21605E+03  0.21251E+04  0.00000E+00  21148  0.00000E+00      0.000
     860.0000 -0.25000E+01  0.50000E+01 -0.25000E+01  0.17998E+01 -0.70016E+00 -0.21501E+04  0.43002E+04 -0.21501E+04  0.15473E+04 -0.45798E+03 -0.40473E+03 -0.43937E+03 -0.44914E+03  0.00000E+00  0.23301E-03  0.21605E+03  0.21501E+04  0.00000E+00  21212  0.00000E+00      0.000
     870.0000 -0.25000E+01  0.50000E+01 -0.25000E+01  0.17998E+01 -0.70016E+00 -0.21751E+04  0.43502E+04 -0.21751E+04  0.15653E+04 -0.46498E+03 -0.40473E+03 -0.43937E+03 -0.44914E+03  0.00000E+00  0.23301E-03  0.21605E+03  0.21751E+04  0.00000E+00  21276  0.00000E+00      0.000
     880.0000 -0.25000E+01  0.50000E+01 -0.25000E+01  0.17998E+01 -0.70016E+00 -0.22001E+04  0.44003E+04 -0.22001E+04  0.15833E+04 -0.47199E+03 -0.40473E+03 -0.43937E+03 -0.44914E+03  0.00000E+00  0.23301E-03  0.21605E+03  0.22001E+04  0.00000E+00  21340  0.00000E+00      0.000
     890.0000 -0.25000E+01  0.50000E+01 -0.25000E+01  0.17998E+01 -0.70016E+00 -0.22251E+04  0.44503E+04 -0.22251E+04  0.16013E+04 -0.47899E+03 -0.40473E+03 -0.43937E+03 -0.44914E+03  0.00000E+00  0.23301E-03  0.21605E+03  0.22251E+04  0.00000E+00  21404  0.00000E+00      0.000
     900.0000 -0.25000E+01  0.50000E+01 -0.25000E+01  0.17998E+01 -0.70016E+00 -0.22501E+04  0.45003E+04 -0.22501E+04  0.16193E+04 -0.48599E+03 -0.40473E+03 -0.43937E+03 -0.44914E+03  0.00000E+00  0.23301E-03  0.21605E+03  0.22501E+04  0.00000E+00  21468  0.00000E+00      0.000
     910.0000 -0.25000E+01  0.50000E+01 -0.25000E+01  0.17998E+01 -0.70016E+00 -0.22751E+04  0.45503E+04 -0.22751E+04  0.16373E+04 -0.49299E+03 -0.40473E+03 -0.43937E+03 -0.44914E+03  0.00000E+00  0.23301E-03  0.21605E+03  0.22751E+04  0.00000E+00  21532  0.00000E+00      0.000
     920.0000 -0.25000E+01  0.50000E+01 -0.25000E+01  0.17998E+01 -0.70016E+00 -0.23001E+04  0.46003E+04 -0.23001E+04  0.16553E+04 -0.49999E+03 -0.40473E+03 -0.43937E+03 -0.44914E+03  0.00000E+00  0.23301E-03  0.21605E+03  0.23001E+04  0.00000E+00  21596  0.00000E+00      0.000
     930.0000 -0.25000E+01  0.50000E+01 -0.25000E+01  0.17998E+01 -0.70016E+00 -0.23251E+04  0.46503E+04 -0.23251E+04  0.16733E+04 -0.50699E+03 -0.40473E+03 -0.43937E+03 -0.44914E+03  0.00000E+00  0.23301E-03  0.21605E+03  0.23251E+04  0.00000E+00  21660  0.00000E+00      0.000
     940.0000 -0.25000E+01  0.50000E+01 -0.25000E+01  0.17998E+01 -0.70016E+00 -0.23501E+04  0.47003E+04 -0.23501E+04  0.16913E+04 -0.51400E+03 -0.40473E+03 -0.43937E+03 -0.44914E+03  0.00000E+00  0.23301E-03  0.21605E+03  0.23501E+04  0.00000E+00  21724  0.00000E+00      0.000
     950.0000 -0.25000E+01  0.50000E+01 -0.25000E+01  0.17998E+01 -0.70016E+00 -0.23752E+04  0.47503E+04 -0.23752E+04  0.17093E+04 -0.52100E+03 -0.40473E+03 -0.43937E+03 -0.44914E+03  0.00000E+00  0.23301E-03  0.21605E+03  0.23752E+04  0.00000E+00  21788  0.00000E+00      0.000
     960.0000 -0.25000E+01  0.50000E+01 -0.25000E+01  0.17998E+01 -0.70016E+00 -0.24002E+04  0.48003E+04 -0.24002E+04  0.17273E+04 -0.52800E+03 -0.40473E+03 -0.43937E+03 -0.44914E+03  0.00000E+00  0.23301E-03  0.21605E+03  0.24002E+04  0.00000E+00  21852  0.00000E+00      0.000
     970.0000 -0.25000E+01  0.50000E+01 -0.25000E+01  0.17998E+01 -0.70016E+00 -0.24252E+04  0.48503E+04 -0.24252E+04  0.17453E+04 -0.53500E+03 -0.40473E+03 -0.43937E+03 -0.44914E+03  0.00000E+00  0.23301E-03  0.21605E+03  0.24252E+04  0.00000E+00  21916  0.00000E+00      0.000
     980.0000 -0.25000E+01  0.50000E+01 -0.25000E+01  0.17998E+01 -0.70016E+00 -0.24502E+04  0.49003E+04 -0.24502E+04  0.17633E+04 -0.54201E+03 -0.40473E+03 -0.43937E+03 -0.44914E+03  0.00000E+00  0.23301E-03  0.21605E+03  0.24502E+04  0.00000E+00  21980  0.00000E+00      0.000
     990.0000 -0.25000E+01  0.50000E+01 -0.25000E+01  0.17998E+01 -0.70016E+00 -0.24752E+04  0.49503E+04 -0.24752E+04  0.17813E+04 -0.54901E+03 -0.40473E+03 -0.43937E+03 -0.44914E+03  0.00000E+00  0.23301E-03  0.21605E+03  0.24752E+04  0.00000E+00  22044  0.00000E+00      0.000
    1000.0000 -0.25000E+01  0.50000E+01 -0.25000E+01  0.17998E+01 -0.70016E+00 -0.25002E+04  0.50003E+04 -0.25002E+04  0.17993E+04 -0.55601E+03 -0.40473E+03 -0.43937E+03 -0.44914E+03  0.00000E+00  0.23301E-03  0.21605E+03  0.25002E+04  0.00000E+00  22108  0.00000E+00      0.000
end
