 ******* Program HYDRUS
 ******* 
 Welcome to HYDRUS-1D                                                    
 Date:  20.10.    Time:  12:12:34
 Units: L = mm   , T = days , M = mmol 

----------------------------------------------------------
 Time       [T]        0.0000
----------------------------------------------------------
 Sub-region num.                     1
----------------------------------------------------------
 Length   [L]        0.10000E+04  0.10000E+04
 W-volume [L]        0.71414E+02  0.71414E+02
 In-flow  [L/T]      0.00000E+00  0.00000E+00
 h Mean   [L]       -0.10000E+04 -0.10000E+04
 ConcVol  [M/L2] 1   0.00000E+00  0.00000E+00
 cMean    [M/L3] 1   0.00000E+00  0.00000E+00
 Top Flux [L/T]     -0.17119E-09
 Bot Flux [L/T]     -0.17119E-09
----------------------------------------------------------

----------------------------------------------------------
 Time       [T]      200.0000
----------------------------------------------------------
 Sub-region num.                     1
----------------------------------------------------------
 Length   [L]        0.10000E+04  0.10000E+04
 W-volume [L]        0.28873E+03  0.28873E+03
 In-flow  [L/T]     -0.12895E-01 -0.12895E-01
 h Mean   [L]       -0.37629E+03 -0.37629E+03
 ConcVol  [M/L2] 1   0.14677E+05  0.14677E+05
 cMean    [M/L3] 1   0.50838E+02  0.50838E+02
 Top Flux [L/T]     -0.68407E+01
 Bot Flux [L/T]     -0.37158E+01
 WatBalT  [L]        0.10834E-01
 WatBalR  [%]              0.000
 CncBalT  [M]    1   0.39355E+02
 CncBalR  [%]    1         0.058
----------------------------------------------------------

----------------------------------------------------------
 Time       [T]      400.0000
----------------------------------------------------------
 Sub-region num.                     1
----------------------------------------------------------
 Length   [L]        0.10000E+04  0.10000E+04
 W-volume [L]        0.28873E+03  0.28873E+03
 In-flow  [L/T]     -0.68322E-02 -0.68322E-02
 h Mean   [L]       -0.37629E+03 -0.37629E+03
 ConcVol  [M/L2] 1   0.14677E+05  0.14677E+05
 cMean    [M/L3] 1   0.50838E+02  0.50838E+02
 Top Flux [L/T]     -0.68408E+01
 Bot Flux [L/T]     -0.37068E+01
 WatBalT  [L]        0.26596E-01
 WatBalR  [%]              0.001
 CncBalT  [M]    1   0.37976E+02
 CncBalR  [%]    1         0.025
----------------------------------------------------------

----------------------------------------------------------
 Time       [T]      600.0000
----------------------------------------------------------
 Sub-region num.                     1
----------------------------------------------------------
 Length   [L]        0.10000E+04  0.10000E+04
 W-volume [L]        0.28873E+03  0.28873E+03
 In-flow  [L/T]      0.63608E-02  0.63608E-02
 h Mean   [L]       -0.37629E+03 -0.37629E+03
 ConcVol  [M/L2] 1   0.14677E+05  0.14677E+05
 cMean    [M/L3] 1   0.50838E+02  0.50838E+02
 Top Flux [L/T]     -0.68410E+01
 Bot Flux [L/T]     -0.36954E+01
 WatBalT  [L]        0.43259E-01
 WatBalR  [%]              0.001
 CncBalT  [M]    1   0.36790E+02
 CncBalR  [%]    1         0.016
----------------------------------------------------------

----------------------------------------------------------
 Time       [T]      800.0000
----------------------------------------------------------
 Sub-region num.                     1
----------------------------------------------------------
 Length   [L]        0.10000E+04  0.10000E+04
 W-volume [L]        0.28873E+03  0.28873E+03
 In-flow  [L/T]      0.16685E-02  0.16685E-02
 h Mean   [L]       -0.37629E+03 -0.37629E+03
 ConcVol  [M/L2] 1   0.14677E+05  0.14677E+05
 cMean    [M/L3] 1   0.50838E+02  0.50838E+02
 Top Flux [L/T]     -0.68408E+01
 Bot Flux [L/T]     -0.36954E+01
 WatBalT  [L]        0.60577E-01
 WatBalR  [%]              0.001
 CncBalT  [M]    1   0.35277E+02
 CncBalR  [%]    1         0.011
----------------------------------------------------------

----------------------------------------------------------
 Time       [T]     1000.0000
----------------------------------------------------------
 Sub-region num.                     1
----------------------------------------------------------
 Length   [L]        0.10000E+04  0.10000E+04
 W-volume [L]        0.28873E+03  0.28873E+03
 In-flow  [L/T]     -0.83109E-03 -0.83109E-03
 h Mean   [L]       -0.37629E+03 -0.37629E+03
 ConcVol  [M/L2] 1   0.14677E+05  0.14677E+05
 cMean    [M/L3] 1   0.50838E+02  0.50838E+02
 Top Flux [L/T]     -0.68408E+01
 Bot Flux [L/T]     -0.37010E+01
 WatBalT  [L]        0.73563E-01
 WatBalR  [%]              0.001
 CncBalT  [M]    1   0.34045E+02
 CncBalR  [%]    1         0.009
----------------------------------------------------------
 
 Calculation time [sec]   320.880000010133     
