 ******* Program HYDRUS
 ******* 
 Welcome to HYDRUS-1D                                                    
 Date:  20.10.    Time:  12:12:34
 Units: L = mm   , T = days , M = mmol 


    TLevel      Time           dt     ItrW ItrC    ItCum  KodT  KodB Converg  Peclet   Courant

     9882  0.1000000E+02  0.12790E-02    7    1    43837    -4    -5     T     5.025     0.006
    21620  0.2000000E+02  0.97071E-03    2    1    95457    -4    -5     T     5.019     0.005
    33616  0.3000000E+02  0.96417E-03    2    1   148375    -4    -5     T     5.019     0.005
    45812  0.4000000E+02  0.43386E-03    2    1   201935    -4    -5     T     5.009     0.002
    58009  0.5000000E+02  0.92804E-03    2    1   255507    -4    -5     T     5.018     0.004
    70214  0.6000000E+02  0.43351E-03    2    1   309127    -4    -5     T     5.009     0.002
    82420  0.7000000E+02  0.98332E-03    2    1   362731    -4    -5     T     5.019     0.005
    94621  0.8000000E+02  0.81301E-03    2    1   416327    -4    -5     T     5.016     0.004
   106818  0.9000000E+02  0.11194E-02    3    1   469897    -4    -5     T     5.022     0.005
   119013  0.1000000E+03  0.11982E-02    4    1   523472    -4    -5     T     5.024     0.006
   131214  0.1100000E+03  0.44067E-03    2    1   577077    -4    -5     T     5.009     0.002
   143415  0.1200000E+03  0.12239E-02    9    1   630692    -4    -5     T     5.024     0.006
   155601  0.1300000E+03  0.82379E-03    2    1   684243    -4    -5     T     5.016     0.004
   167806  0.1400000E+03  0.97555E-03    2    1   737849    -4    -5     T     5.019     0.005
   180004  0.1500000E+03  0.93163E-03    2    1   791437    -4    -5     T     5.018     0.004
   192210  0.1600000E+03  0.48129E-03    2    1   845049    -4    -5     T     5.009     0.002
   204415  0.1700000E+03  0.10976E-02    2    1   898647    -4    -5     T     5.022     0.005
   216615  0.1800000E+03  0.10828E-02    2    1   952247    -4    -5     T     5.021     0.005
   228808  0.1900000E+03  0.85861E-03    2    1  1005836    -4    -5     T     5.017     0.004
   241006  0.2000000E+03  0.44374E-03    2    1  1059418    -4    -5     T     5.009     0.002
   253207  0.2100000E+03  0.12024E-02    5    1  1113020    -4    -5     T     5.024     0.006
   265413  0.2200000E+03  0.86150E-03    2    1  1166643    -4    -5     T     5.017     0.004
   277604  0.2300000E+03  0.12442E-02    8    1  1220223    -4    -5     T     5.025     0.006
   289803  0.2400000E+03  0.99361E-03    2    1  1273810    -4    -5     T     5.020     0.005
   302000  0.2500000E+03  0.49341E-03    2    1  1327400    -4    -5     T     5.010     0.002
   314197  0.2600000E+03  0.89461E-03    2    1  1380986    -4    -5     T     5.018     0.004
   326393  0.2700000E+03  0.11377E-02    3    1  1434567    -4    -5     T     5.023     0.005
   338592  0.2800000E+03  0.44850E-03    2    1  1488179    -4    -5     T     5.009     0.002
   350800  0.2900000E+03  0.49390E-03    2    1  1541796    -4    -5     T     5.010     0.002
   363006  0.3000000E+03  0.88557E-03    2    1  1595405    -4    -5     T     5.018     0.004
   375207  0.3100000E+03  0.11026E-02    2    1  1649018    -4    -5     T     5.022     0.005
   387407  0.3200000E+03  0.98711E-03    2    1  1702622    -4    -5     T     5.020     0.005
   399613  0.3300000E+03  0.12685E-02    4    1  1756241    -4    -5     T     5.025     0.006
   411820  0.3400000E+03  0.98435E-03    2    1  1809862    -4    -5     T     5.019     0.005
   424007  0.3500000E+03  0.12312E-02    2    1  1863418    -4    -5     T     5.024     0.006
   436207  0.3600000E+03  0.91172E-03    2    1  1917018    -4    -5     T     5.018     0.004
   448413  0.3700000E+03  0.99533E-03    2    1  1970627    -4    -5     T     5.020     0.005
   460621  0.3800000E+03  0.12899E-02    2    1  2024238    -4    -5     T     5.026     0.006
   472815  0.3900000E+03  0.98662E-03    2    1  2077824    -4    -5     T     5.020     0.005
   485015  0.4000000E+03  0.94218E-03    2    1  2131423    -4    -5     T     5.019     0.004
   497210  0.4100000E+03  0.96408E-03    2    1  2185014    -4    -5     T     5.019     0.005
   509409  0.4200000E+03  0.11068E-02    2    1  2238604    -4    -5     T     5.022     0.005
   521606  0.4300000E+03  0.12783E-02    2    1  2292182    -4    -5     T     5.025     0.006
   533808  0.4400000E+03  0.12706E-02    9    1  2345785    -4    -5     T     5.025     0.006
   546005  0.4500000E+03  0.93573E-03    2    1  2399387    -4    -5     T     5.018     0.004
   558205  0.4600000E+03  0.11035E-02    2    1  2452975    -4    -5     T     5.022     0.005
   570403  0.4700000E+03  0.13135E-02    3    1  2506563    -4    -5     T     5.026     0.006
   582612  0.4800000E+03  0.96314E-03    2    1  2560190    -4    -5     T     5.019     0.005
   594803  0.4900000E+03  0.12768E-02    3    1  2613766    -4    -5     T     5.025     0.006
   606993  0.5000000E+03  0.11041E-02    2    1  2667342    -4    -5     T     5.022     0.005
   619186  0.5100000E+03  0.93383E-03    2    1  2720907    -4    -5     T     5.018     0.004
   631391  0.5200000E+03  0.10218E-02    2    1  2774522    -4    -5     T     5.020     0.005
   643597  0.5300000E+03  0.49032E-03    2    1  2828147    -4    -5     T     5.010     0.002
   655795  0.5400000E+03  0.48125E-03    2    1  2881728    -4    -5     T     5.009     0.002
   668002  0.5500000E+03  0.44683E-03    2    1  2935348    -4    -5     T     5.009     0.002
   680200  0.5600000E+03  0.96844E-03    2    1  2988932    -4    -5     T     5.019     0.005
   692398  0.5700000E+03  0.96373E-03    2    1  3042523    -4    -5     T     5.019     0.005
   704595  0.5800000E+03  0.44446E-03    2    1  3096119    -4    -5     T     5.009     0.002
   716796  0.5900000E+03  0.97852E-03    2    1  3149717    -4    -5     T     5.019     0.005
   728998  0.6000000E+03  0.95580E-03    2    1  3203318    -4    -5     T     5.019     0.005
   741197  0.6100000E+03  0.13021E-02    3    1  3256898    -4    -5     T     5.026     0.006
   753388  0.6200000E+03  0.86538E-03    2    1  3310467    -4    -5     T     5.017     0.004
   765590  0.6300000E+03  0.44716E-03    2    1  3364064    -4    -5     T     5.009     0.002
   777801  0.6400000E+03  0.95625E-03    2    1  3417684    -4    -5     T     5.019     0.005
   790004  0.6500000E+03  0.13271E-02    7    1  3471295    -4    -5     T     5.026     0.006
   802202  0.6600000E+03  0.44569E-03    2    1  3524895    -4    -5     T     5.009     0.002
   814397  0.6700000E+03  0.92330E-03    2    1  3578466    -4    -5     T     5.018     0.004
   826592  0.6800000E+03  0.98565E-03    2    1  3632041    -4    -5     T     5.019     0.005
   838784  0.6900000E+03  0.95228E-03    2    1  3685619    -4    -5     T     5.019     0.005
   850979  0.7000000E+03  0.42004E-03    2    1  3739204    -4    -5     T     5.008     0.002
   863179  0.7100000E+03  0.98445E-03    2    1  3792797    -4    -5     T     5.019     0.005
   875372  0.7200000E+03  0.86882E-03    2    1  3846356    -4    -5     T     5.017     0.004
   887577  0.7300000E+03  0.11588E-02    4    1  3899972    -4    -5     T     5.023     0.005
   899780  0.7400000E+03  0.92681E-03    2    1  3953563    -4    -5     T     5.018     0.004
   911990  0.7500000E+03  0.12012E-02    5    1  4007195    -4    -5     T     5.024     0.006
   924193  0.7600000E+03  0.43424E-03    2    1  4060805    -4    -5     T     5.009     0.002
   936397  0.7700000E+03  0.98818E-03    2    1  4114415    -4    -5     T     5.020     0.005
   948593  0.7800000E+03  0.44296E-03    2    1  4168010    -4    -5     T     5.009     0.002
   960794  0.7900000E+03  0.92325E-03    2    1  4221603    -4    -5     T     5.018     0.004
   972993  0.8000000E+03  0.92881E-03    2    1  4275197    -4    -5     T     5.018     0.004
   985200  0.8100000E+03  0.97352E-03    2    1  4328821    -4    -5     T     5.019     0.005
   997408  0.8200000E+03  0.13362E-02    3    1  4382442    -4    -5     T     5.026     0.006
     9603  0.8300000E+03  0.46275E-03    2    1  4436023    -4    -5     T     5.009     0.002
    21807  0.8400000E+03  0.87931E-03    2    1  4489626    -4    -5     T     5.017     0.004
    34011  0.8500000E+03  0.93953E-03    2    1  4543228    -4    -5     T     5.019     0.004
    46208  0.8600000E+03  0.12281E-02    2    1  4596807    -4    -5     T     5.024     0.006
    58398  0.8700000E+03  0.40546E-03    2    1  4650386    -4    -5     T     5.008     0.002
    70603  0.8800000E+03  0.98856E-03    2    1  4703988    -4    -5     T     5.020     0.005
    82811  0.8900000E+03  0.10370E-02    2    1  4757616    -4    -5     T     5.021     0.005
    95006  0.9000000E+03  0.95447E-03    2    1  4811188    -4    -5     T     5.019     0.005
   107193  0.9100000E+03  0.92669E-03    2    1  4864733    -4    -5     T     5.018     0.004
   119391  0.9200000E+03  0.12308E-02    8    1  4918316    -4    -5     T     5.024     0.006
   131594  0.9300000E+03  0.97035E-03    2    1  4971915    -4    -5     T     5.019     0.005
   143796  0.9400000E+03  0.11465E-02    2    1  5025510    -4    -5     T     5.023     0.005
   155999  0.9500000E+03  0.91543E-03    2    1  5079121    -4    -5     T     5.018     0.004
   168202  0.9600000E+03  0.80951E-03    2    1  5132736    -4    -5     T     5.016     0.004
   180399  0.9700000E+03  0.48087E-03    2    1  5186322    -4    -5     T     5.009     0.002
   192600  0.9800000E+03  0.84623E-03    2    1  5239910    -4    -5     T     5.017     0.004
   204800  0.9900000E+03  0.47403E-03    2    1  5293511    -4    -5     T     5.009     0.002
   216993  0.1000000E+04  0.10042E-02    2    1  5347088    -4    -5     T     5.020     0.005
end
