 All solute fluxes and cumulative solute fluxes are positive into the region

       Time         cvTop        cvBot      Sum(cvTop)   Sum(cvBot)     cvCh0        cvCh1         cTop        cRoot         cBot        cvRoot    Sum(cvRoot)  Sum(cvNEql) TLevel      cGWL        cRunOff   Sum(cRunOff)    (cv(i),    Sum(cv(i)), i=1,NObs)
        [T]        [M/L2/T]     [M/L2/T]      [M/L2]       [M/L2]       [M/L2]      [M/L2]        [M/L3]      [M/L3]        [M/L3]      [M/L2/T]      [M/L2]       [M/L2]              [M/L3]        [M/L2]      [M/L3]      [M/L2/T]      [M/L2]
       10.0000  0.20625E+03  0.00000E+00  0.20625E+04  0.00000E+00  0.00000E+00  0.00000E+00  0.30061E+02  0.14507E+02  0.00000E+00  0.00000E+00  0.00000E+00  0.00000E+00    9882  0.00000E+00  0.35763E-03  0.15007E-01
       20.0000  0.20625E+03  0.00000E+00  0.41250E+04  0.00000E+00  0.00000E+00  0.00000E+00  0.30059E+02  0.28915E+02  0.00000E+00  0.00000E+00  0.00000E+00  0.00000E+00   21620  0.00000E+00  0.21887E-02  0.29353E-01
       30.0000  0.20625E+03  0.00000E+00  0.61875E+04  0.00000E+00  0.00000E+00  0.00000E+00  0.30059E+02  0.43021E+02  0.00000E+00  0.00000E+00  0.00000E+00  0.00000E+00   33616  0.00000E+00  0.00000E+00  0.42083E-01
       40.0000  0.20625E+03  0.00000E+00  0.82500E+04  0.00000E+00  0.00000E+00  0.00000E+00  0.30059E+02  0.45921E+02  0.00000E+00  0.00000E+00  0.00000E+00  0.00000E+00   45812  0.00000E+00  0.39196E-02  0.50994E-01
       50.0000  0.20625E+03  0.00000E+00  0.10313E+05  0.00000E+00  0.00000E+00  0.00000E+00  0.30059E+02  0.45922E+02  0.00000E+00  0.00000E+00  0.00000E+00  0.00000E+00   58009  0.00000E+00  0.00000E+00  0.59760E-01
       60.0000  0.20625E+03 -0.93554E-02  0.12375E+05 -0.45318E-02  0.00000E+00  0.00000E+00  0.30059E+02  0.45922E+02  0.25329E-02  0.00000E+00  0.00000E+00  0.00000E+00   70214  0.00000E+00  0.39196E-02  0.68965E-01
       70.0000  0.20625E+03 -0.75879E+02  0.14438E+05 -0.15567E+03  0.00000E+00  0.00000E+00  0.30059E+02  0.45922E+02  0.20497E+02  0.00000E+00  0.00000E+00  0.00000E+00   82420  0.00000E+00  0.00000E+00  0.77267E-01
       80.0000  0.20625E+03 -0.20698E+03  0.16500E+05 -0.18632E+04  0.00000E+00  0.00000E+00  0.30059E+02  0.45922E+02  0.55743E+02  0.00000E+00  0.00000E+00  0.00000E+00   94621  0.00000E+00  0.24462E-02  0.87304E-01
       90.0000  0.20625E+03 -0.20774E+03  0.18563E+05 -0.39257E+04  0.00000E+00  0.00000E+00  0.30059E+02  0.45922E+02  0.55717E+02  0.00000E+00  0.00000E+00  0.00000E+00  106818  0.00000E+00  0.00000E+00  0.95514E-01
      100.0000  0.20625E+03 -0.20764E+03  0.20625E+05 -0.59882E+04  0.00000E+00  0.00000E+00  0.30059E+02  0.45922E+02  0.55715E+02  0.00000E+00  0.00000E+00  0.00000E+00  119013  0.00000E+00  0.42915E-03  0.10449E+00
      110.0000  0.20625E+03 -0.20664E+03  0.22687E+05 -0.80507E+04  0.00000E+00  0.00000E+00  0.30059E+02  0.45922E+02  0.55720E+02  0.00000E+00  0.00000E+00  0.00000E+00  131214  0.00000E+00  0.39196E-02  0.11259E+00
      120.0000  0.20625E+03 -0.20695E+03  0.24750E+05 -0.10113E+05  0.00000E+00  0.00000E+00  0.30059E+02  0.45922E+02  0.55717E+02  0.00000E+00  0.00000E+00  0.00000E+00  143415  0.00000E+00  0.54359E-03  0.12061E+00
      130.0000  0.20625E+03 -0.20706E+03  0.26812E+05 -0.12176E+05  0.00000E+00  0.00000E+00  0.30059E+02  0.45922E+02  0.55717E+02  0.00000E+00  0.00000E+00  0.00000E+00  155601  0.00000E+00  0.00000E+00  0.12938E+00
      140.0000  0.20625E+03 -0.20560E+03  0.28875E+05 -0.14238E+05  0.00000E+00  0.00000E+00  0.30059E+02  0.45922E+02  0.55714E+02  0.00000E+00  0.00000E+00  0.00000E+00  167806  0.00000E+00  0.00000E+00  0.13660E+00
      150.0000  0.20625E+03 -0.20679E+03  0.30937E+05 -0.16301E+05  0.00000E+00  0.00000E+00  0.30059E+02  0.45922E+02  0.55715E+02  0.00000E+00  0.00000E+00  0.00000E+00  180004  0.00000E+00  0.00000E+00  0.14513E+00
      160.0000  0.20625E+03 -0.20667E+03  0.32999E+05 -0.18363E+05  0.00000E+00  0.00000E+00  0.30059E+02  0.45922E+02  0.55715E+02  0.00000E+00  0.00000E+00  0.00000E+00  192210  0.00000E+00  0.98705E-03  0.15316E+00
      170.0000  0.20625E+03 -0.20542E+03  0.35062E+05 -0.20425E+05  0.00000E+00  0.00000E+00  0.30059E+02  0.45922E+02  0.55718E+02  0.00000E+00  0.00000E+00  0.00000E+00  204415  0.00000E+00  0.00000E+00  0.16114E+00
      180.0000  0.20625E+03 -0.20595E+03  0.37125E+05 -0.22488E+05  0.00000E+00  0.00000E+00  0.30059E+02  0.45922E+02  0.55716E+02  0.00000E+00  0.00000E+00  0.00000E+00  216615  0.00000E+00  0.00000E+00  0.16900E+00
      190.0000  0.20625E+03 -0.20674E+03  0.39188E+05 -0.24550E+05  0.00000E+00  0.00000E+00  0.30059E+02  0.45922E+02  0.55715E+02  0.00000E+00  0.00000E+00  0.00000E+00  228808  0.00000E+00  0.00000E+00  0.17664E+00
      200.0000  0.20625E+03 -0.20722E+03  0.41250E+05 -0.26612E+05  0.00000E+00  0.00000E+00  0.30059E+02  0.45922E+02  0.55723E+02  0.00000E+00  0.00000E+00  0.00000E+00  241006  0.00000E+00  0.21458E-02  0.18608E+00
      210.0000  0.20625E+03 -0.20652E+03  0.43313E+05 -0.28675E+05  0.00000E+00  0.00000E+00  0.30059E+02  0.45922E+02  0.55715E+02  0.00000E+00  0.00000E+00  0.00000E+00  253207  0.00000E+00  0.10443E-02  0.19386E+00
      220.0000  0.20625E+03 -0.20655E+03  0.45376E+05 -0.30737E+05  0.00000E+00  0.00000E+00  0.30059E+02  0.45922E+02  0.55716E+02  0.00000E+00  0.00000E+00  0.00000E+00  265413  0.00000E+00  0.00000E+00  0.20092E+00
      230.0000  0.20625E+03 -0.20588E+03  0.47439E+05 -0.32799E+05  0.00000E+00  0.00000E+00  0.30059E+02  0.45922E+02  0.55728E+02  0.00000E+00  0.00000E+00  0.00000E+00  277604  0.00000E+00  0.00000E+00  0.21097E+00
      240.0000  0.20625E+03 -0.20625E+03  0.49501E+05 -0.34863E+05  0.00000E+00  0.00000E+00  0.30059E+02  0.45922E+02  0.55718E+02  0.00000E+00  0.00000E+00  0.00000E+00  289803  0.00000E+00  0.21458E-02  0.21959E+00
      250.0000  0.20625E+03 -0.20564E+03  0.51564E+05 -0.36926E+05  0.00000E+00  0.00000E+00  0.30059E+02  0.45922E+02  0.55714E+02  0.00000E+00  0.00000E+00  0.00000E+00  302000  0.00000E+00  0.14305E-02  0.23022E+00
      260.0000  0.20625E+03 -0.20663E+03  0.53627E+05 -0.38989E+05  0.00000E+00  0.00000E+00  0.30059E+02  0.45922E+02  0.55717E+02  0.00000E+00  0.00000E+00  0.00000E+00  314197  0.00000E+00  0.98705E-03  0.23983E+00
      270.0000  0.20625E+03 -0.20351E+03  0.55690E+05 -0.41052E+05  0.00000E+00  0.00000E+00  0.30059E+02  0.45923E+02  0.55719E+02  0.00000E+00  0.00000E+00  0.00000E+00  326393  0.00000E+00  0.62943E-03  0.25042E+00
      280.0000  0.20625E+03 -0.20673E+03  0.57752E+05 -0.43115E+05  0.00000E+00  0.00000E+00  0.30059E+02  0.45922E+02  0.55719E+02  0.00000E+00  0.00000E+00  0.00000E+00  338592  0.00000E+00  0.34189E-02  0.25999E+00
      290.0000  0.20625E+03 -0.20623E+03  0.59815E+05 -0.45178E+05  0.00000E+00  0.00000E+00  0.30059E+02  0.45922E+02  0.55717E+02  0.00000E+00  0.00000E+00  0.00000E+00  350800  0.00000E+00  0.39196E-02  0.26888E+00
      300.0000  0.20625E+03 -0.20637E+03  0.61878E+05 -0.47242E+05  0.00000E+00  0.00000E+00  0.30059E+02  0.45922E+02  0.55711E+02  0.00000E+00  0.00000E+00  0.00000E+00  363006  0.00000E+00  0.00000E+00  0.27726E+00
      310.0000  0.20625E+03 -0.20567E+03  0.63941E+05 -0.49305E+05  0.00000E+00  0.00000E+00  0.30059E+02  0.45922E+02  0.55713E+02  0.00000E+00  0.00000E+00  0.00000E+00  375207  0.00000E+00  0.00000E+00  0.28542E+00
      320.0000  0.20625E+03 -0.20715E+03  0.66003E+05 -0.51368E+05  0.00000E+00  0.00000E+00  0.30059E+02  0.45921E+02  0.55725E+02  0.00000E+00  0.00000E+00  0.00000E+00  387407  0.00000E+00  0.00000E+00  0.29374E+00
      330.0000  0.20625E+03 -0.20605E+03  0.68066E+05 -0.53431E+05  0.00000E+00  0.00000E+00  0.30059E+02  0.45922E+02  0.55720E+02  0.00000E+00  0.00000E+00  0.00000E+00  399613  0.00000E+00  0.32902E-03  0.30367E+00
      340.0000  0.20625E+03 -0.20653E+03  0.70128E+05 -0.55495E+05  0.00000E+00  0.00000E+00  0.30059E+02  0.45922E+02  0.55715E+02  0.00000E+00  0.00000E+00  0.00000E+00  411820  0.00000E+00  0.98705E-03  0.31210E+00
      350.0000  0.20625E+03 -0.20555E+03  0.72191E+05 -0.57558E+05  0.00000E+00  0.00000E+00  0.30059E+02  0.45922E+02  0.55721E+02  0.00000E+00  0.00000E+00  0.00000E+00  424007  0.00000E+00  0.14877E-02  0.32185E+00
      360.0000  0.20625E+03 -0.20689E+03  0.74253E+05 -0.59621E+05  0.00000E+00  0.00000E+00  0.30059E+02  0.45923E+02  0.55712E+02  0.00000E+00  0.00000E+00  0.00000E+00  436207  0.00000E+00  0.98705E-03  0.33114E+00
      370.0000  0.20625E+03 -0.20638E+03  0.76316E+05 -0.61684E+05  0.00000E+00  0.00000E+00  0.30059E+02  0.45922E+02  0.55714E+02  0.00000E+00  0.00000E+00  0.00000E+00  448413  0.00000E+00  0.00000E+00  0.33914E+00
      380.0000  0.20625E+03 -0.20684E+03  0.78378E+05 -0.63748E+05  0.00000E+00  0.00000E+00  0.30059E+02  0.45922E+02  0.55716E+02  0.00000E+00  0.00000E+00  0.00000E+00  460621  0.00000E+00  0.00000E+00  0.34765E+00
      390.0000  0.20625E+03 -0.20642E+03  0.80441E+05 -0.65811E+05  0.00000E+00  0.00000E+00  0.30059E+02  0.45922E+02  0.55718E+02  0.00000E+00  0.00000E+00  0.00000E+00  472815  0.00000E+00  0.00000E+00  0.35686E+00
      400.0000  0.20625E+03 -0.20626E+03  0.82504E+05 -0.67873E+05  0.00000E+00  0.00000E+00  0.30059E+02  0.45922E+02  0.55724E+02  0.00000E+00  0.00000E+00  0.00000E+00  485015  0.00000E+00  0.00000E+00  0.36627E+00
      410.0000  0.20625E+03 -0.20685E+03  0.84566E+05 -0.69935E+05  0.00000E+00  0.00000E+00  0.30059E+02  0.45922E+02  0.55724E+02  0.00000E+00  0.00000E+00  0.00000E+00  497210  0.00000E+00  0.10586E-02  0.37527E+00
      420.0000  0.20625E+03 -0.20513E+03  0.86628E+05 -0.71997E+05  0.00000E+00  0.00000E+00  0.30059E+02  0.45922E+02  0.55719E+02  0.00000E+00  0.00000E+00  0.00000E+00  509409  0.00000E+00  0.12445E-02  0.38294E+00
      430.0000  0.20625E+03 -0.20645E+03  0.88691E+05 -0.74060E+05  0.00000E+00  0.00000E+00  0.30059E+02  0.45922E+02  0.55719E+02  0.00000E+00  0.00000E+00  0.00000E+00  521606  0.00000E+00  0.00000E+00  0.39148E+00
      440.0000  0.20625E+03 -0.20619E+03  0.90754E+05 -0.76122E+05  0.00000E+00  0.00000E+00  0.30059E+02  0.45922E+02  0.55721E+02  0.00000E+00  0.00000E+00  0.00000E+00  533808  0.00000E+00  0.15879E-02  0.40138E+00
      450.0000  0.20625E+03 -0.20657E+03  0.92816E+05 -0.78184E+05  0.00000E+00  0.00000E+00  0.30059E+02  0.45922E+02  0.55715E+02  0.00000E+00  0.00000E+00  0.00000E+00  546005  0.00000E+00  0.21458E-02  0.41036E+00
      460.0000  0.20625E+03 -0.20580E+03  0.94879E+05 -0.80247E+05  0.00000E+00  0.00000E+00  0.30059E+02  0.45922E+02  0.55718E+02  0.00000E+00  0.00000E+00  0.00000E+00  558205  0.00000E+00  0.18167E-02  0.41963E+00
      470.0000  0.20625E+03 -0.20592E+03  0.96941E+05 -0.82309E+05  0.00000E+00  0.00000E+00  0.30059E+02  0.45922E+02  0.55722E+02  0.00000E+00  0.00000E+00  0.00000E+00  570403  0.00000E+00  0.72956E-03  0.42770E+00
      480.0000  0.20625E+03 -0.20691E+03  0.99004E+05 -0.84371E+05  0.00000E+00  0.00000E+00  0.30059E+02  0.45922E+02  0.55724E+02  0.00000E+00  0.00000E+00  0.00000E+00  582612  0.00000E+00  0.00000E+00  0.43672E+00
      490.0000  0.20625E+03 -0.20463E+03  0.10107E+06 -0.86433E+05  0.00000E+00  0.00000E+00  0.30059E+02  0.45923E+02  0.55718E+02  0.00000E+00  0.00000E+00  0.00000E+00  594803  0.00000E+00  0.11730E-02  0.44551E+00
      500.0000  0.20625E+03 -0.20566E+03  0.10313E+06 -0.88496E+05  0.00000E+00  0.00000E+00  0.30059E+02  0.45922E+02  0.55721E+02  0.00000E+00  0.00000E+00  0.00000E+00  606993  0.00000E+00  0.00000E+00  0.45373E+00
      510.0000  0.20625E+03 -0.20687E+03  0.10519E+06 -0.90559E+05  0.00000E+00  0.00000E+00  0.30059E+02  0.45922E+02  0.55721E+02  0.00000E+00  0.00000E+00  0.00000E+00  619186  0.00000E+00  0.20742E-02  0.46221E+00
      520.0000  0.20625E+03 -0.20611E+03  0.10725E+06 -0.92621E+05  0.00000E+00  0.00000E+00  0.30059E+02  0.45922E+02  0.55717E+02  0.00000E+00  0.00000E+00  0.00000E+00  631391  0.00000E+00  0.23460E-02  0.47076E+00
      530.0000  0.20625E+03 -0.20693E+03  0.10932E+06 -0.94683E+05  0.00000E+00  0.00000E+00  0.30059E+02  0.45922E+02  0.55719E+02  0.00000E+00  0.00000E+00  0.00000E+00  643597  0.00000E+00  0.39196E-02  0.47990E+00
      540.0000  0.20625E+03 -0.20661E+03  0.11138E+06 -0.96746E+05  0.00000E+00  0.00000E+00  0.30059E+02  0.45922E+02  0.55712E+02  0.00000E+00  0.00000E+00  0.00000E+00  655795  0.00000E+00  0.00000E+00  0.48891E+00
      550.0000  0.20625E+03 -0.20638E+03  0.11344E+06 -0.98808E+05  0.00000E+00  0.00000E+00  0.30059E+02  0.45922E+02  0.55715E+02  0.00000E+00  0.00000E+00  0.00000E+00  668002  0.00000E+00  0.39196E-02  0.49750E+00
      560.0000  0.20625E+03 -0.20686E+03  0.11550E+06 -0.10087E+06  0.00000E+00  0.00000E+00  0.30059E+02  0.45922E+02  0.55717E+02  0.00000E+00  0.00000E+00  0.00000E+00  680200  0.00000E+00  0.00000E+00  0.50687E+00
      570.0000  0.20625E+03 -0.20656E+03  0.11757E+06 -0.10293E+06  0.00000E+00  0.00000E+00  0.30059E+02  0.45922E+02  0.55724E+02  0.00000E+00  0.00000E+00  0.00000E+00  692398  0.00000E+00  0.00000E+00  0.51526E+00
      580.0000  0.20625E+03 -0.20631E+03  0.11963E+06 -0.10500E+06  0.00000E+00  0.00000E+00  0.30059E+02  0.45923E+02  0.55712E+02  0.00000E+00  0.00000E+00  0.00000E+00  704595  0.00000E+00  0.98705E-03  0.52376E+00
      590.0000  0.20625E+03 -0.20534E+03  0.12169E+06 -0.10706E+06  0.00000E+00  0.00000E+00  0.30059E+02  0.45922E+02  0.55717E+02  0.00000E+00  0.00000E+00  0.00000E+00  716796  0.00000E+00  0.61512E-03  0.53173E+00
      600.0000  0.20625E+03 -0.20577E+03  0.12376E+06 -0.10912E+06  0.00000E+00  0.00000E+00  0.30059E+02  0.45922E+02  0.55715E+02  0.00000E+00  0.00000E+00  0.00000E+00  728998  0.00000E+00  0.94414E-03  0.54040E+00
      610.0000  0.20625E+03 -0.20712E+03  0.12582E+06 -0.11118E+06  0.00000E+00  0.00000E+00  0.30059E+02  0.45922E+02  0.55717E+02  0.00000E+00  0.00000E+00  0.00000E+00  741197  0.00000E+00  0.15163E-02  0.54978E+00
      620.0000  0.20625E+03 -0.20433E+03  0.12788E+06 -0.11324E+06  0.00000E+00  0.00000E+00  0.30059E+02  0.45922E+02  0.55718E+02  0.00000E+00  0.00000E+00  0.00000E+00  753388  0.00000E+00  0.19884E-02  0.55815E+00
      630.0000  0.20625E+03 -0.20753E+03  0.12994E+06 -0.11531E+06  0.00000E+00  0.00000E+00  0.30059E+02  0.45922E+02  0.55719E+02  0.00000E+00  0.00000E+00  0.00000E+00  765590  0.00000E+00  0.37193E-03  0.56676E+00
      640.0000  0.20625E+03 -0.20570E+03  0.13201E+06 -0.11737E+06  0.00000E+00  0.00000E+00  0.30059E+02  0.45922E+02  0.55718E+02  0.00000E+00  0.00000E+00  0.00000E+00  777801  0.00000E+00  0.00000E+00  0.57488E+00
      650.0000  0.20625E+03 -0.20450E+03  0.13407E+06 -0.11943E+06  0.00000E+00  0.00000E+00  0.30059E+02  0.45922E+02  0.55716E+02  0.00000E+00  0.00000E+00  0.00000E+00  790004  0.00000E+00  0.68665E-03  0.58371E+00
      660.0000  0.20625E+03 -0.20597E+03  0.13613E+06 -0.12149E+06  0.00000E+00  0.00000E+00  0.30059E+02  0.45922E+02  0.55722E+02  0.00000E+00  0.00000E+00  0.00000E+00  802202  0.00000E+00  0.16022E-02  0.59373E+00
      670.0000  0.20625E+03 -0.20666E+03  0.13820E+06 -0.12356E+06  0.00000E+00  0.00000E+00  0.30059E+02  0.45922E+02  0.55720E+02  0.00000E+00  0.00000E+00  0.00000E+00  814397  0.00000E+00  0.23174E-02  0.60218E+00
      680.0000  0.20625E+03 -0.20671E+03  0.14026E+06 -0.12562E+06  0.00000E+00  0.00000E+00  0.30059E+02  0.45922E+02  0.55714E+02  0.00000E+00  0.00000E+00  0.00000E+00  826592  0.00000E+00  0.40054E-03  0.61128E+00
      690.0000  0.20625E+03 -0.20648E+03  0.14232E+06 -0.12768E+06  0.00000E+00  0.00000E+00  0.30059E+02  0.45922E+02  0.55714E+02  0.00000E+00  0.00000E+00  0.00000E+00  838784  0.00000E+00  0.00000E+00  0.62040E+00
      700.0000  0.20625E+03 -0.20536E+03  0.14439E+06 -0.12974E+06  0.00000E+00  0.00000E+00  0.30059E+02  0.45922E+02  0.55719E+02  0.00000E+00  0.00000E+00  0.00000E+00  850979  0.00000E+00  0.00000E+00  0.62805E+00
      710.0000  0.20625E+03 -0.20688E+03  0.14645E+06 -0.13181E+06  0.00000E+00  0.00000E+00  0.30059E+02  0.45922E+02  0.55717E+02  0.00000E+00  0.00000E+00  0.00000E+00  863179  0.00000E+00  0.40054E-03  0.63704E+00
      720.0000  0.20625E+03 -0.20605E+03  0.14851E+06 -0.13387E+06  0.00000E+00  0.00000E+00  0.30059E+02  0.45922E+02  0.55720E+02  0.00000E+00  0.00000E+00  0.00000E+00  875372  0.00000E+00  0.98705E-03  0.64518E+00
      730.0000  0.20625E+03 -0.20843E+03  0.15057E+06 -0.13593E+06  0.00000E+00  0.00000E+00  0.30059E+02  0.45922E+02  0.55716E+02  0.00000E+00  0.00000E+00  0.00000E+00  887577  0.00000E+00  0.21458E-02  0.65229E+00
      740.0000  0.20625E+03 -0.20663E+03  0.15264E+06 -0.13799E+06  0.00000E+00  0.00000E+00  0.30059E+02  0.45922E+02  0.55715E+02  0.00000E+00  0.00000E+00  0.00000E+00  899780  0.00000E+00  0.90122E-03  0.66001E+00
      750.0000  0.20625E+03 -0.20573E+03  0.15470E+06 -0.14006E+06  0.00000E+00  0.00000E+00  0.30059E+02  0.45922E+02  0.55718E+02  0.00000E+00  0.00000E+00  0.00000E+00  911990  0.00000E+00  0.94414E-03  0.66733E+00
      760.0000  0.20625E+03 -0.20665E+03  0.15676E+06 -0.14212E+06  0.00000E+00  0.00000E+00  0.30059E+02  0.45922E+02  0.55715E+02  0.00000E+00  0.00000E+00  0.00000E+00  924193  0.00000E+00  0.39196E-02  0.67557E+00
      770.0000  0.20625E+03 -0.20656E+03  0.15883E+06 -0.14418E+06  0.00000E+00  0.00000E+00  0.30059E+02  0.45922E+02  0.55717E+02  0.00000E+00  0.00000E+00  0.00000E+00  936397  0.00000E+00  0.15879E-02  0.68471E+00
      780.0000  0.20625E+03 -0.20678E+03  0.16089E+06 -0.14625E+06  0.00000E+00  0.00000E+00  0.30059E+02  0.45922E+02  0.55717E+02  0.00000E+00  0.00000E+00  0.00000E+00  948593  0.00000E+00  0.26751E-02  0.69322E+00
      790.0000  0.20625E+03 -0.20608E+03  0.16295E+06 -0.14831E+06  0.00000E+00  0.00000E+00  0.30059E+02  0.45922E+02  0.55722E+02  0.00000E+00  0.00000E+00  0.00000E+00  960794  0.00000E+00  0.22316E-02  0.70292E+00
      800.0000  0.20625E+03 -0.20548E+03  0.16502E+06 -0.15037E+06  0.00000E+00  0.00000E+00  0.30059E+02  0.45922E+02  0.55716E+02  0.00000E+00  0.00000E+00  0.00000E+00  972993  0.00000E+00  0.00000E+00  0.71182E+00
      810.0000  0.20625E+03 -0.20587E+03  0.16708E+06 -0.15243E+06  0.00000E+00  0.00000E+00  0.30059E+02  0.45922E+02  0.55714E+02  0.00000E+00  0.00000E+00  0.00000E+00  985200  0.00000E+00  0.00000E+00  0.72091E+00
      820.0000  0.20625E+03 -0.20474E+03  0.16914E+06 -0.15450E+06  0.00000E+00  0.00000E+00  0.30059E+02  0.45922E+02  0.55720E+02  0.00000E+00  0.00000E+00  0.00000E+00  997408  0.00000E+00  0.12016E-02  0.72871E+00
      830.0000  0.20625E+03 -0.20673E+03  0.17121E+06 -0.15656E+06  0.00000E+00  0.00000E+00  0.30059E+02  0.45922E+02  0.55718E+02  0.00000E+00  0.00000E+00  0.00000E+00    9603  0.00000E+00  0.38481E-02  0.73857E+00
      840.0000  0.20625E+03 -0.20667E+03  0.17327E+06 -0.15862E+06  0.00000E+00  0.00000E+00  0.30059E+02  0.45922E+02  0.55714E+02  0.00000E+00  0.00000E+00  0.00000E+00   21807  0.00000E+00  0.00000E+00  0.74632E+00
      850.0000  0.20625E+03 -0.20563E+03  0.17533E+06 -0.16069E+06  0.00000E+00  0.00000E+00  0.30059E+02  0.45922E+02  0.55713E+02  0.00000E+00  0.00000E+00  0.00000E+00   34011  0.00000E+00  0.00000E+00  0.75471E+00
      860.0000  0.20625E+03 -0.20650E+03  0.17740E+06 -0.16275E+06  0.00000E+00  0.00000E+00  0.30059E+02  0.45921E+02  0.55727E+02  0.00000E+00  0.00000E+00  0.00000E+00   46208  0.00000E+00  0.00000E+00  0.76344E+00
      870.0000  0.20625E+03 -0.20527E+03  0.17946E+06 -0.16481E+06  0.00000E+00  0.00000E+00  0.30059E+02  0.45923E+02  0.55713E+02  0.00000E+00  0.00000E+00  0.00000E+00   58398  0.00000E+00  0.00000E+00  0.77169E+00
      880.0000  0.20625E+03 -0.20594E+03  0.18152E+06 -0.16687E+06  0.00000E+00  0.00000E+00  0.30059E+02  0.45922E+02  0.55721E+02  0.00000E+00  0.00000E+00  0.00000E+00   70603  0.00000E+00  0.00000E+00  0.78133E+00
      890.0000  0.20625E+03 -0.20538E+03  0.18358E+06 -0.16894E+06  0.00000E+00  0.00000E+00  0.30059E+02  0.45922E+02  0.55720E+02  0.00000E+00  0.00000E+00  0.00000E+00   82811  0.00000E+00  0.00000E+00  0.78796E+00
      900.0000  0.20625E+03 -0.20693E+03  0.18565E+06 -0.17100E+06  0.00000E+00  0.00000E+00  0.30059E+02  0.45922E+02  0.55716E+02  0.00000E+00  0.00000E+00  0.00000E+00   95006  0.00000E+00  0.16880E-02  0.79670E+00
      910.0000  0.20625E+03 -0.20682E+03  0.18771E+06 -0.17306E+06  0.00000E+00  0.00000E+00  0.30059E+02  0.45922E+02  0.55720E+02  0.00000E+00  0.00000E+00  0.00000E+00  107193  0.00000E+00  0.11444E-02  0.80579E+00
      920.0000  0.20625E+03 -0.20998E+03  0.18977E+06 -0.17513E+06  0.00000E+00  0.00000E+00  0.30059E+02  0.45921E+02  0.55710E+02  0.00000E+00  0.00000E+00  0.00000E+00  119391  0.00000E+00  0.85831E-03  0.81343E+00
      930.0000  0.20625E+03 -0.20615E+03  0.19184E+06 -0.17719E+06  0.00000E+00  0.00000E+00  0.30059E+02  0.45921E+02  0.55720E+02  0.00000E+00  0.00000E+00  0.00000E+00  131594  0.00000E+00  0.98705E-03  0.82287E+00
      940.0000  0.20625E+03 -0.20562E+03  0.19390E+06 -0.17925E+06  0.00000E+00  0.00000E+00  0.30059E+02  0.45922E+02  0.55717E+02  0.00000E+00  0.00000E+00  0.00000E+00  143796  0.00000E+00  0.51498E-03  0.83249E+00
      950.0000  0.20625E+03 -0.20679E+03  0.19596E+06 -0.18131E+06  0.00000E+00  0.00000E+00  0.30059E+02  0.45922E+02  0.55711E+02  0.00000E+00  0.00000E+00  0.00000E+00  155999  0.00000E+00  0.98705E-03  0.84142E+00
      960.0000  0.20625E+03 -0.20571E+03  0.19803E+06 -0.18338E+06  0.00000E+00  0.00000E+00  0.30059E+02  0.45923E+02  0.55719E+02  0.00000E+00  0.00000E+00  0.00000E+00  168202  0.00000E+00  0.24319E-02  0.85001E+00
      970.0000  0.20625E+03 -0.20692E+03  0.20009E+06 -0.18544E+06  0.00000E+00  0.00000E+00  0.30059E+02  0.45923E+02  0.55709E+02  0.00000E+00  0.00000E+00  0.00000E+00  180399  0.00000E+00  0.39196E-02  0.85883E+00
      980.0000  0.20625E+03 -0.20528E+03  0.20215E+06 -0.18750E+06  0.00000E+00  0.00000E+00  0.30059E+02  0.45922E+02  0.55715E+02  0.00000E+00  0.00000E+00  0.00000E+00  192600  0.00000E+00  0.00000E+00  0.86584E+00
      990.0000  0.20625E+03 -0.20690E+03  0.20422E+06 -0.18957E+06  0.00000E+00  0.00000E+00  0.30059E+02  0.45922E+02  0.55716E+02  0.00000E+00  0.00000E+00  0.00000E+00  204800  0.00000E+00  0.39196E-02  0.87448E+00
     1000.0000  0.20625E+03 -0.20551E+03  0.20628E+06 -0.19163E+06  0.00000E+00  0.00000E+00  0.30059E+02  0.45923E+02  0.55710E+02  0.00000E+00  0.00000E+00  0.00000E+00  216993  0.00000E+00  0.00000E+00  0.88249E+00
end
