 ******* Program HYDRUS
 ******* 
 Welcome to HYDRUS-1D                                                    
 Date:  20.10.    Time:  12:12:34
 Units: L = mm   , T = days , M = mmol 

       Time          rTop        rRoot        vTop         vRoot        vBot       sum(rTop)   sum(rRoot)    sum(vTop)   sum(vRoot)    sum(vBot)      hTop         hRoot        hBot        RunOff    sum(RunOff)     Volume     sum(Infil)    sum(Evap) TLevel Cum(WTrans)  SnowLayer
        [T]         [L/T]        [L/T]        [L/T]        [L/T]        [L/T]         [L]          [L]          [L]         [L]           [L]         [L]           [L]         [L]          [L/T]         [L]          [L]          [L]          [L]

      10.0000 -0.68750E+01  0.50000E+01 -0.68750E+01  0.27435E+01 -0.17119E-09 -0.68750E+02  0.50000E+02 -0.68750E+02  0.26623E+02 -0.17119E-08 -0.37594E+03 -0.29253E+04 -0.10000E+04  0.11921E-04  0.50024E-03  0.11354E+03  0.68750E+02  0.00000E+00   9882  0.00000E+00      0.000
      20.0000 -0.68750E+01  0.50000E+01 -0.68751E+01  0.32935E+01 -0.17119E-09 -0.13750E+03  0.10000E+03 -0.13750E+03  0.57571E+02 -0.34238E-08 -0.37594E+03 -0.13081E+04 -0.10000E+04  0.72956E-04  0.97844E-03  0.15134E+03  0.13750E+03  0.00000E+00  21620  0.00000E+00      0.000
      30.0000 -0.68750E+01  0.50000E+01 -0.68750E+01  0.31926E+01 -0.17119E-09 -0.20625E+03  0.15000E+03 -0.20625E+03  0.90260E+02 -0.51358E-08 -0.37594E+03 -0.37748E+03 -0.10000E+04  0.00000E+00  0.14028E-02  0.18740E+03  0.20625E+03  0.00000E+00  33616  0.00000E+00      0.000
      40.0000 -0.68750E+01  0.50000E+01 -0.68751E+01  0.31734E+01 -0.17119E-09 -0.27500E+03  0.20000E+03 -0.27500E+03  0.12202E+03 -0.68477E-08 -0.37594E+03 -0.37623E+03 -0.10000E+04  0.13065E-03  0.16998E-02  0.22440E+03  0.27500E+03  0.00000E+00  45812  0.00000E+00      0.000
      50.0000 -0.68750E+01  0.50000E+01 -0.68750E+01  0.31734E+01 -0.17119E-09 -0.34375E+03  0.25000E+03 -0.34375E+03  0.15375E+03 -0.85596E-08 -0.37594E+03 -0.37623E+03 -0.10000E+04  0.00000E+00  0.19920E-02  0.26141E+03  0.34375E+03  0.00000E+00  58009  0.00000E+00      0.000
      60.0000 -0.68750E+01  0.50000E+01 -0.68751E+01  0.31734E+01 -0.37037E+01 -0.41250E+03  0.30000E+03 -0.41250E+03  0.18548E+03 -0.96976E+01 -0.37594E+03 -0.37623E+03 -0.37636E+03  0.13065E-03  0.22989E-02  0.28873E+03  0.41250E+03  0.00000E+00  70214  0.00000E+00      0.000
      70.0000 -0.68750E+01  0.50000E+01 -0.68750E+01  0.31734E+01 -0.36919E+01 -0.48125E+03  0.35000E+03 -0.48125E+03  0.21722E+03 -0.46715E+02 -0.37594E+03 -0.37623E+03 -0.37635E+03  0.00000E+00  0.25756E-02  0.28873E+03  0.48125E+03  0.00000E+00  82420  0.00000E+00      0.000
      80.0000 -0.68750E+01  0.50000E+01 -0.68751E+01  0.31734E+01 -0.37137E+01 -0.55000E+03  0.40000E+03 -0.55000E+03  0.24895E+03 -0.83733E+02 -0.37594E+03 -0.37623E+03 -0.37635E+03  0.81539E-04  0.29101E-02  0.28873E+03  0.55000E+03  0.00000E+00  94621  0.00000E+00      0.000
      90.0000 -0.68750E+01  0.50000E+01 -0.68750E+01  0.31734E+01 -0.37343E+01 -0.61874E+03  0.45000E+03 -0.61874E+03  0.28069E+03 -0.12075E+03 -0.37594E+03 -0.37623E+03 -0.37635E+03  0.00000E+00  0.31838E-02  0.28873E+03  0.61874E+03  0.00000E+00 106818  0.00000E+00      0.000
     100.0000 -0.68750E+01  0.50000E+01 -0.68750E+01  0.31734E+01 -0.37245E+01 -0.68748E+03  0.50001E+03 -0.68748E+03  0.31242E+03 -0.15777E+03 -0.37594E+03 -0.37623E+03 -0.37636E+03  0.14305E-04  0.34830E-02  0.28873E+03  0.68748E+03  0.00000E+00 119013  0.00000E+00      0.000
     110.0000 -0.68750E+01  0.50000E+01 -0.68751E+01  0.31734E+01 -0.37142E+01 -0.75623E+03  0.55000E+03 -0.75623E+03  0.34415E+03 -0.19479E+03 -0.37594E+03 -0.37623E+03 -0.37635E+03  0.13065E-03  0.37531E-02  0.28873E+03  0.75623E+03  0.00000E+00 131214  0.00000E+00      0.000
     120.0000 -0.68750E+01  0.50000E+01 -0.68750E+01  0.31734E+01 -0.36897E+01 -0.82498E+03  0.60000E+03 -0.82498E+03  0.37589E+03 -0.23180E+03 -0.37594E+03 -0.37623E+03 -0.37636E+03  0.18120E-04  0.40202E-02  0.28873E+03  0.82498E+03  0.00000E+00 143415  0.00000E+00      0.000
     130.0000 -0.68750E+01  0.50000E+01 -0.68750E+01  0.31734E+01 -0.37175E+01 -0.89372E+03  0.65000E+03 -0.89372E+03  0.40762E+03 -0.26882E+03 -0.37594E+03 -0.37623E+03 -0.37635E+03  0.00000E+00  0.43126E-02  0.28873E+03  0.89372E+03  0.00000E+00 155601  0.00000E+00      0.000
     140.0000 -0.68750E+01  0.50000E+01 -0.68750E+01  0.31734E+01 -0.36851E+01 -0.96247E+03  0.70000E+03 -0.96247E+03  0.43935E+03 -0.30584E+03 -0.37594E+03 -0.37623E+03 -0.37636E+03  0.00000E+00  0.45532E-02  0.28873E+03  0.96247E+03  0.00000E+00 167806  0.00000E+00      0.000
     150.0000 -0.68750E+01  0.50000E+01 -0.68750E+01  0.31734E+01 -0.37072E+01 -0.10312E+04  0.75000E+03 -0.10312E+04  0.47109E+03 -0.34285E+03 -0.37594E+03 -0.37623E+03 -0.37635E+03  0.00000E+00  0.48375E-02  0.28873E+03  0.10312E+04  0.00000E+00 180004  0.00000E+00      0.000
     160.0000 -0.68750E+01  0.50000E+01 -0.68750E+01  0.31734E+01 -0.37107E+01 -0.11000E+04  0.80000E+03 -0.11000E+04  0.50282E+03 -0.37987E+03 -0.37594E+03 -0.37623E+03 -0.37635E+03  0.32902E-04  0.51053E-02  0.28873E+03  0.11000E+04  0.00000E+00 192210  0.00000E+00      0.000
     170.0000 -0.68750E+01  0.50000E+01 -0.68750E+01  0.31734E+01 -0.37084E+01 -0.11687E+04  0.85000E+03 -0.11687E+04  0.53455E+03 -0.41688E+03 -0.37594E+03 -0.37623E+03 -0.37636E+03  0.00000E+00  0.53712E-02  0.28873E+03  0.11687E+04  0.00000E+00 204415  0.00000E+00      0.000
     180.0000 -0.68750E+01  0.50000E+01 -0.68750E+01  0.31734E+01 -0.37188E+01 -0.12375E+04  0.90000E+03 -0.12375E+04  0.56629E+03 -0.45390E+03 -0.37594E+03 -0.37623E+03 -0.37636E+03  0.00000E+00  0.56334E-02  0.28873E+03  0.12375E+04  0.00000E+00 216615  0.00000E+00      0.000
     190.0000 -0.68750E+01  0.50000E+01 -0.68750E+01  0.31734E+01 -0.37147E+01 -0.13062E+04  0.95000E+03 -0.13062E+04  0.59802E+03 -0.49092E+03 -0.37594E+03 -0.37623E+03 -0.37635E+03  0.00000E+00  0.58880E-02  0.28873E+03  0.13062E+04  0.00000E+00 228808  0.00000E+00      0.000
     200.0000 -0.68750E+01  0.50000E+01 -0.68749E+01  0.31734E+01 -0.37148E+01 -0.13750E+04  0.10000E+04 -0.13750E+04  0.62976E+03 -0.52794E+03 -0.37594E+03 -0.37623E+03 -0.37635E+03  0.71526E-04  0.62025E-02  0.28873E+03  0.13750E+04  0.00000E+00 241006  0.00000E+00      0.000
     210.0000 -0.68750E+01  0.50000E+01 -0.68750E+01  0.31734E+01 -0.37479E+01 -0.14438E+04  0.10500E+04 -0.14438E+04  0.66149E+03 -0.56495E+03 -0.37594E+03 -0.37623E+03 -0.37635E+03  0.34809E-04  0.64619E-02  0.28873E+03  0.14438E+04  0.00000E+00 253207  0.00000E+00      0.000
     220.0000 -0.68750E+01  0.50000E+01 -0.68750E+01  0.31734E+01 -0.37044E+01 -0.15125E+04  0.11000E+04 -0.15125E+04  0.69323E+03 -0.60198E+03 -0.37594E+03 -0.37623E+03 -0.37635E+03  0.00000E+00  0.66972E-02  0.28873E+03  0.15125E+04  0.00000E+00 265413  0.00000E+00      0.000
     230.0000 -0.68750E+01  0.50000E+01 -0.68750E+01  0.31734E+01 -0.36465E+01 -0.15813E+04  0.11500E+04 -0.15813E+04  0.72496E+03 -0.63899E+03 -0.37594E+03 -0.37623E+03 -0.37636E+03  0.00000E+00  0.70325E-02  0.28873E+03  0.15813E+04  0.00000E+00 277604  0.00000E+00      0.000
     240.0000 -0.68750E+01  0.50000E+01 -0.68749E+01  0.31734E+01 -0.37013E+01 -0.16500E+04  0.12000E+04 -0.16500E+04  0.75669E+03 -0.67602E+03 -0.37594E+03 -0.37623E+03 -0.37635E+03  0.71526E-04  0.73196E-02  0.28873E+03  0.16500E+04  0.00000E+00 289803  0.00000E+00      0.000
     250.0000 -0.68750E+01  0.50000E+01 -0.68750E+01  0.31734E+01 -0.36979E+01 -0.17188E+04  0.12500E+04 -0.17188E+04  0.78843E+03 -0.71303E+03 -0.37594E+03 -0.37623E+03 -0.37636E+03  0.47684E-04  0.76741E-02  0.28873E+03  0.17188E+04  0.00000E+00 302000  0.00000E+00      0.000
     260.0000 -0.68750E+01  0.50000E+01 -0.68750E+01  0.31734E+01 -0.37001E+01 -0.17875E+04  0.13000E+04 -0.17875E+04  0.82016E+03 -0.75005E+03 -0.37594E+03 -0.37623E+03 -0.37635E+03  0.32902E-04  0.79943E-02  0.28873E+03  0.17875E+04  0.00000E+00 314197  0.00000E+00      0.000
     270.0000 -0.68750E+01  0.50000E+01 -0.68750E+01  0.31734E+01 -0.36599E+01 -0.18563E+04  0.13500E+04 -0.18563E+04  0.85189E+03 -0.78707E+03 -0.37594E+03 -0.37623E+03 -0.37636E+03  0.20981E-04  0.83471E-02  0.28873E+03  0.18563E+04  0.00000E+00 326393  0.00000E+00      0.000
     280.0000 -0.68750E+01  0.50000E+01 -0.68749E+01  0.31734E+01 -0.37086E+01 -0.19250E+04  0.14000E+04 -0.19250E+04  0.88362E+03 -0.82409E+03 -0.37594E+03 -0.37623E+03 -0.37635E+03  0.11396E-03  0.86663E-02  0.28873E+03  0.19250E+04  0.00000E+00 338592  0.00000E+00      0.000
     290.0000 -0.68750E+01  0.50000E+01 -0.68751E+01  0.31734E+01 -0.37079E+01 -0.19938E+04  0.14500E+04 -0.19938E+04  0.91536E+03 -0.86111E+03 -0.37594E+03 -0.37623E+03 -0.37635E+03  0.13065E-03  0.89624E-02  0.28873E+03  0.19938E+04  0.00000E+00 350800  0.00000E+00      0.000
     300.0000 -0.68750E+01  0.50000E+01 -0.68750E+01  0.31734E+01 -0.37134E+01 -0.20625E+04  0.15000E+04 -0.20625E+04  0.94709E+03 -0.89813E+03 -0.37594E+03 -0.37623E+03 -0.37635E+03  0.00000E+00  0.92421E-02  0.28873E+03  0.20625E+04  0.00000E+00 363006  0.00000E+00      0.000
     310.0000 -0.68750E+01  0.50000E+01 -0.68750E+01  0.31734E+01 -0.36829E+01 -0.21313E+04  0.15500E+04 -0.21313E+04  0.97883E+03 -0.93515E+03 -0.37594E+03 -0.37623E+03 -0.37636E+03  0.00000E+00  0.95140E-02  0.28873E+03  0.21313E+04  0.00000E+00 375207  0.00000E+00      0.000
     320.0000 -0.68750E+01  0.50000E+01 -0.68750E+01  0.31734E+01 -0.37185E+01 -0.22000E+04  0.16000E+04 -0.22000E+04  0.10106E+04 -0.97217E+03 -0.37594E+03 -0.37623E+03 -0.37635E+03  0.00000E+00  0.97912E-02  0.28873E+03  0.22000E+04  0.00000E+00 387407  0.00000E+00      0.000
     330.0000 -0.68750E+01  0.50000E+01 -0.68750E+01  0.31734E+01 -0.36815E+01 -0.22688E+04  0.16500E+04 -0.22688E+04  0.10423E+04 -0.10092E+04 -0.37594E+03 -0.37623E+03 -0.37636E+03  0.10967E-04  0.10122E-01  0.28873E+03  0.22688E+04  0.00000E+00 399613  0.00000E+00      0.000
     340.0000 -0.68750E+01  0.50000E+01 -0.68750E+01  0.31734E+01 -0.36969E+01 -0.23375E+04  0.17000E+04 -0.23375E+04  0.10740E+04 -0.10462E+04 -0.37594E+03 -0.37623E+03 -0.37635E+03  0.32902E-04  0.10403E-01  0.28873E+03  0.23375E+04  0.00000E+00 411820  0.00000E+00      0.000
     350.0000 -0.68750E+01  0.50000E+01 -0.68750E+01  0.31734E+01 -0.36611E+01 -0.24062E+04  0.17500E+04 -0.24062E+04  0.11057E+04 -0.10832E+04 -0.37594E+03 -0.37623E+03 -0.37635E+03  0.49591E-04  0.10728E-01  0.28873E+03  0.24062E+04  0.00000E+00 424007  0.00000E+00      0.000
     360.0000 -0.68750E+01  0.50000E+01 -0.68750E+01  0.31734E+01 -0.37122E+01 -0.24750E+04  0.18000E+04 -0.24750E+04  0.11375E+04 -0.11202E+04 -0.37594E+03 -0.37623E+03 -0.37635E+03  0.32902E-04  0.11038E-01  0.28873E+03  0.24750E+04  0.00000E+00 436207  0.00000E+00      0.000
     370.0000 -0.68750E+01  0.50000E+01 -0.68750E+01  0.31734E+01 -0.37150E+01 -0.25437E+04  0.18500E+04 -0.25437E+04  0.11692E+04 -0.11572E+04 -0.37594E+03 -0.37623E+03 -0.37635E+03  0.00000E+00  0.11305E-01  0.28873E+03  0.25437E+04  0.00000E+00 448413  0.00000E+00      0.000
     380.0000 -0.68750E+01  0.50000E+01 -0.68750E+01  0.31734E+01 -0.37395E+01 -0.26124E+04  0.19000E+04 -0.26125E+04  0.12009E+04 -0.11942E+04 -0.37594E+03 -0.37623E+03 -0.37636E+03  0.00000E+00  0.11588E-01  0.28873E+03  0.26125E+04  0.00000E+00 460621  0.00000E+00      0.000
     390.0000 -0.68750E+01  0.50000E+01 -0.68750E+01  0.31734E+01 -0.36936E+01 -0.26812E+04  0.19500E+04 -0.26812E+04  0.12326E+04 -0.12312E+04 -0.37594E+03 -0.37623E+03 -0.37635E+03  0.00000E+00  0.11895E-01  0.28873E+03  0.26812E+04  0.00000E+00 472815  0.00000E+00      0.000
     400.0000 -0.68750E+01  0.50000E+01 -0.68750E+01  0.31734E+01 -0.37085E+01 -0.27499E+04  0.20000E+04 -0.27499E+04  0.12644E+04 -0.12682E+04 -0.37594E+03 -0.37623E+03 -0.37635E+03  0.00000E+00  0.12209E-01  0.28873E+03  0.27499E+04  0.00000E+00 485015  0.00000E+00      0.000
     410.0000 -0.68750E+01  0.50000E+01 -0.68750E+01  0.31734E+01 -0.37019E+01 -0.28187E+04  0.20500E+04 -0.28187E+04  0.12961E+04 -0.13052E+04 -0.37594E+03 -0.37623E+03 -0.37635E+03  0.35286E-04  0.12509E-01  0.28873E+03  0.28187E+04  0.00000E+00 497210  0.00000E+00      0.000
     420.0000 -0.68750E+01  0.50000E+01 -0.68750E+01  0.31734E+01 -0.36810E+01 -0.28874E+04  0.21000E+04 -0.28874E+04  0.13278E+04 -0.13423E+04 -0.37594E+03 -0.37623E+03 -0.37636E+03  0.41485E-04  0.12764E-01  0.28873E+03  0.28874E+04  0.00000E+00 509409  0.00000E+00      0.000
     430.0000 -0.68750E+01  0.50000E+01 -0.68750E+01  0.31734E+01 -0.36971E+01 -0.29562E+04  0.21500E+04 -0.29562E+04  0.13595E+04 -0.13793E+04 -0.37594E+03 -0.37623E+03 -0.37635E+03  0.00000E+00  0.13049E-01  0.28873E+03  0.29562E+04  0.00000E+00 521606  0.00000E+00      0.000
     440.0000 -0.68750E+01  0.50000E+01 -0.68751E+01  0.31734E+01 -0.36748E+01 -0.30249E+04  0.22001E+04 -0.30249E+04  0.13913E+04 -0.14163E+04 -0.37594E+03 -0.37623E+03 -0.37636E+03  0.52929E-04  0.13379E-01  0.28873E+03  0.30249E+04  0.00000E+00 533808  0.00000E+00      0.000
     450.0000 -0.68750E+01  0.50000E+01 -0.68749E+01  0.31734E+01 -0.37088E+01 -0.30936E+04  0.22501E+04 -0.30936E+04  0.14230E+04 -0.14533E+04 -0.37594E+03 -0.37623E+03 -0.37635E+03  0.71526E-04  0.13679E-01  0.28873E+03  0.30936E+04  0.00000E+00 546005  0.00000E+00      0.000
     460.0000 -0.68750E+01  0.50000E+01 -0.68751E+01  0.31734E+01 -0.37125E+01 -0.31624E+04  0.23001E+04 -0.31624E+04  0.14547E+04 -0.14903E+04 -0.37594E+03 -0.37623E+03 -0.37636E+03  0.60558E-04  0.13987E-01  0.28873E+03  0.31624E+04  0.00000E+00 558205  0.00000E+00      0.000
     470.0000 -0.68750E+01  0.50000E+01 -0.68750E+01  0.31734E+01 -0.36956E+01 -0.32311E+04  0.23501E+04 -0.32311E+04  0.14865E+04 -0.15273E+04 -0.37594E+03 -0.37623E+03 -0.37635E+03  0.24319E-04  0.14257E-01  0.28873E+03  0.32311E+04  0.00000E+00 570403  0.00000E+00      0.000
     480.0000 -0.68750E+01  0.50000E+01 -0.68750E+01  0.31734E+01 -0.37050E+01 -0.32999E+04  0.24001E+04 -0.32999E+04  0.15182E+04 -0.15643E+04 -0.37594E+03 -0.37623E+03 -0.37635E+03  0.00000E+00  0.14557E-01  0.28873E+03  0.32999E+04  0.00000E+00 582612  0.00000E+00      0.000
     490.0000 -0.68750E+01  0.50000E+01 -0.68750E+01  0.31734E+01 -0.36756E+01 -0.33686E+04  0.24501E+04 -0.33686E+04  0.15499E+04 -0.16013E+04 -0.37594E+03 -0.37623E+03 -0.37635E+03  0.39101E-04  0.14850E-01  0.28873E+03  0.33686E+04  0.00000E+00 594803  0.00000E+00      0.000
     500.0000 -0.68750E+01  0.50000E+01 -0.68750E+01  0.31734E+01 -0.36956E+01 -0.34373E+04  0.25001E+04 -0.34374E+04  0.15816E+04 -0.16383E+04 -0.37594E+03 -0.37623E+03 -0.37636E+03  0.00000E+00  0.15124E-01  0.28873E+03  0.34374E+04  0.00000E+00 606993  0.00000E+00      0.000
     510.0000 -0.68750E+01  0.50000E+01 -0.68749E+01  0.31734E+01 -0.37078E+01 -0.35061E+04  0.25502E+04 -0.35061E+04  0.16134E+04 -0.16753E+04 -0.37594E+03 -0.37623E+03 -0.37635E+03  0.69141E-04  0.15407E-01  0.28873E+03  0.35061E+04  0.00000E+00 619186  0.00000E+00      0.000
     520.0000 -0.68750E+01  0.50000E+01 -0.68751E+01  0.31734E+01 -0.37171E+01 -0.35748E+04  0.26002E+04 -0.35748E+04  0.16451E+04 -0.17123E+04 -0.37594E+03 -0.37623E+03 -0.37635E+03  0.78201E-04  0.15692E-01  0.28873E+03  0.35748E+04  0.00000E+00 631391  0.00000E+00      0.000
     530.0000 -0.68750E+01  0.50000E+01 -0.68751E+01  0.31734E+01 -0.37063E+01 -0.36436E+04  0.26502E+04 -0.36436E+04  0.16768E+04 -0.17493E+04 -0.37594E+03 -0.37623E+03 -0.37635E+03  0.13065E-03  0.15996E-01  0.28873E+03  0.36436E+04  0.00000E+00 643597  0.00000E+00      0.000
     540.0000 -0.68750E+01  0.50000E+01 -0.68750E+01  0.31734E+01 -0.37039E+01 -0.37123E+04  0.27002E+04 -0.37123E+04  0.17085E+04 -0.17863E+04 -0.37594E+03 -0.37623E+03 -0.37635E+03  0.00000E+00  0.16297E-01  0.28873E+03  0.37123E+04  0.00000E+00 655795  0.00000E+00      0.000
     550.0000 -0.68750E+01  0.50000E+01 -0.68751E+01  0.31734E+01 -0.36982E+01 -0.37811E+04  0.27502E+04 -0.37811E+04  0.17403E+04 -0.18233E+04 -0.37594E+03 -0.37623E+03 -0.37635E+03  0.13065E-03  0.16583E-01  0.28873E+03  0.37811E+04  0.00000E+00 668002  0.00000E+00      0.000
     560.0000 -0.68750E+01  0.50000E+01 -0.68750E+01  0.31734E+01 -0.37171E+01 -0.38498E+04  0.28002E+04 -0.38498E+04  0.17720E+04 -0.18603E+04 -0.37594E+03 -0.37623E+03 -0.37635E+03  0.00000E+00  0.16896E-01  0.28873E+03  0.38498E+04  0.00000E+00 680200  0.00000E+00      0.000
     570.0000 -0.68750E+01  0.50000E+01 -0.68750E+01  0.31734E+01 -0.37037E+01 -0.39185E+04  0.28503E+04 -0.39185E+04  0.18037E+04 -0.18974E+04 -0.37594E+03 -0.37623E+03 -0.37635E+03  0.00000E+00  0.17175E-01  0.28873E+03  0.39185E+04  0.00000E+00 692398  0.00000E+00      0.000
     580.0000 -0.68750E+01  0.50000E+01 -0.68750E+01  0.31734E+01 -0.37074E+01 -0.39873E+04  0.29003E+04 -0.39873E+04  0.18355E+04 -0.19344E+04 -0.37594E+03 -0.37623E+03 -0.37635E+03  0.32902E-04  0.17459E-01  0.28873E+03  0.39873E+04  0.00000E+00 704595  0.00000E+00      0.000
     590.0000 -0.68750E+01  0.50000E+01 -0.68750E+01  0.31734E+01 -0.36912E+01 -0.40560E+04  0.29503E+04 -0.40560E+04  0.18672E+04 -0.19714E+04 -0.37594E+03 -0.37623E+03 -0.37636E+03  0.20504E-04  0.17724E-01  0.28873E+03  0.40560E+04  0.00000E+00 716796  0.00000E+00      0.000
     600.0000 -0.68750E+01  0.50000E+01 -0.68750E+01  0.31734E+01 -0.36976E+01 -0.41248E+04  0.30003E+04 -0.41248E+04  0.18989E+04 -0.20084E+04 -0.37594E+03 -0.37623E+03 -0.37635E+03  0.31471E-04  0.18013E-01  0.28873E+03  0.41248E+04  0.00000E+00 728998  0.00000E+00      0.000
     610.0000 -0.68750E+01  0.50000E+01 -0.68749E+01  0.31734E+01 -0.37075E+01 -0.41935E+04  0.30503E+04 -0.41935E+04  0.19306E+04 -0.20454E+04 -0.37594E+03 -0.37623E+03 -0.37635E+03  0.50545E-04  0.18326E-01  0.28873E+03  0.41935E+04  0.00000E+00 741197  0.00000E+00      0.000
     620.0000 -0.68750E+01  0.50000E+01 -0.68749E+01  0.31734E+01 -0.36810E+01 -0.42623E+04  0.31003E+04 -0.42623E+04  0.19624E+04 -0.20824E+04 -0.37594E+03 -0.37623E+03 -0.37635E+03  0.66280E-04  0.18605E-01  0.28873E+03  0.42623E+04  0.00000E+00 753388  0.00000E+00      0.000
     630.0000 -0.68750E+01  0.50000E+01 -0.68750E+01  0.31734E+01 -0.37278E+01 -0.43311E+04  0.31503E+04 -0.43311E+04  0.19941E+04 -0.21194E+04 -0.37594E+03 -0.37623E+03 -0.37635E+03  0.12398E-04  0.18892E-01  0.28873E+03  0.43311E+04  0.00000E+00 765590  0.00000E+00      0.000
     640.0000 -0.68750E+01  0.50000E+01 -0.68750E+01  0.31734E+01 -0.36849E+01 -0.43999E+04  0.32004E+04 -0.43999E+04  0.20258E+04 -0.21565E+04 -0.37594E+03 -0.37623E+03 -0.37636E+03  0.00000E+00  0.19163E-01  0.28873E+03  0.43999E+04  0.00000E+00 777801  0.00000E+00      0.000
     650.0000 -0.68750E+01  0.50000E+01 -0.68750E+01  0.31734E+01 -0.36566E+01 -0.44686E+04  0.32504E+04 -0.44686E+04  0.20575E+04 -0.21935E+04 -0.37594E+03 -0.37623E+03 -0.37635E+03  0.22888E-04  0.19457E-01  0.28873E+03  0.44686E+04  0.00000E+00 790004  0.00000E+00      0.000
     660.0000 -0.68750E+01  0.50000E+01 -0.68751E+01  0.31734E+01 -0.37032E+01 -0.45374E+04  0.33004E+04 -0.45374E+04  0.20893E+04 -0.22306E+04 -0.37594E+03 -0.37623E+03 -0.37636E+03  0.53406E-04  0.19791E-01  0.28873E+03  0.45374E+04  0.00000E+00 802202  0.00000E+00      0.000
     670.0000 -0.68750E+01  0.50000E+01 -0.68749E+01  0.31734E+01 -0.37135E+01 -0.46062E+04  0.33504E+04 -0.46062E+04  0.21210E+04 -0.22676E+04 -0.37594E+03 -0.37623E+03 -0.37635E+03  0.77248E-04  0.20073E-01  0.28873E+03  0.46062E+04  0.00000E+00 814397  0.00000E+00      0.000
     680.0000 -0.68750E+01  0.50000E+01 -0.68750E+01  0.31734E+01 -0.37098E+01 -0.46749E+04  0.34004E+04 -0.46749E+04  0.21528E+04 -0.23046E+04 -0.37594E+03 -0.37623E+03 -0.37635E+03  0.13351E-04  0.20377E-01  0.28873E+03  0.46749E+04  0.00000E+00 826592  0.00000E+00      0.000
     690.0000 -0.68750E+01  0.50000E+01 -0.68750E+01  0.31734E+01 -0.37109E+01 -0.47437E+04  0.34504E+04 -0.47437E+04  0.21845E+04 -0.23417E+04 -0.37594E+03 -0.37623E+03 -0.37635E+03  0.00000E+00  0.20681E-01  0.28873E+03  0.47437E+04  0.00000E+00 838784  0.00000E+00      0.000
     700.0000 -0.68750E+01  0.50000E+01 -0.68750E+01  0.31734E+01 -0.36920E+01 -0.48125E+04  0.35005E+04 -0.48125E+04  0.22163E+04 -0.23787E+04 -0.37594E+03 -0.37623E+03 -0.37636E+03  0.00000E+00  0.20936E-01  0.28873E+03  0.48125E+04  0.00000E+00 850979  0.00000E+00      0.000
     710.0000 -0.68750E+01  0.50000E+01 -0.68750E+01  0.31734E+01 -0.37049E+01 -0.48812E+04  0.35505E+04 -0.48812E+04  0.22480E+04 -0.24157E+04 -0.37594E+03 -0.37623E+03 -0.37635E+03  0.13351E-04  0.21235E-01  0.28873E+03  0.48812E+04  0.00000E+00 863179  0.00000E+00      0.000
     720.0000 -0.68750E+01  0.50000E+01 -0.68750E+01  0.31734E+01 -0.37014E+01 -0.49500E+04  0.36005E+04 -0.49500E+04  0.22798E+04 -0.24528E+04 -0.37594E+03 -0.37623E+03 -0.37635E+03  0.32902E-04  0.21507E-01  0.28873E+03  0.49500E+04  0.00000E+00 875372  0.00000E+00      0.000
     730.0000 -0.68750E+01  0.50000E+01 -0.68749E+01  0.31734E+01 -0.37516E+01 -0.50188E+04  0.36505E+04 -0.50188E+04  0.23115E+04 -0.24898E+04 -0.37594E+03 -0.37623E+03 -0.37635E+03  0.71526E-04  0.21744E-01  0.28873E+03  0.50188E+04  0.00000E+00 887577  0.00000E+00      0.000
     740.0000 -0.68750E+01  0.50000E+01 -0.68750E+01  0.31734E+01 -0.37034E+01 -0.50875E+04  0.37005E+04 -0.50875E+04  0.23433E+04 -0.25268E+04 -0.37594E+03 -0.37623E+03 -0.37635E+03  0.30041E-04  0.22001E-01  0.28873E+03  0.50875E+04  0.00000E+00 899780  0.00000E+00      0.000
     750.0000 -0.68750E+01  0.50000E+01 -0.68750E+01  0.31734E+01 -0.36412E+01 -0.51563E+04  0.37505E+04 -0.51563E+04  0.23750E+04 -0.25639E+04 -0.37594E+03 -0.37623E+03 -0.37635E+03  0.31471E-04  0.22245E-01  0.28873E+03  0.51563E+04  0.00000E+00 911990  0.00000E+00      0.000
     760.0000 -0.68750E+01  0.50000E+01 -0.68751E+01  0.31734E+01 -0.37006E+01 -0.52251E+04  0.38006E+04 -0.52251E+04  0.24068E+04 -0.26009E+04 -0.37594E+03 -0.37623E+03 -0.37635E+03  0.13065E-03  0.22520E-01  0.28873E+03  0.52251E+04  0.00000E+00 924193  0.00000E+00      0.000
     770.0000 -0.68750E+01  0.50000E+01 -0.68749E+01  0.31734E+01 -0.37231E+01 -0.52938E+04  0.38506E+04 -0.52939E+04  0.24385E+04 -0.26380E+04 -0.37594E+03 -0.37623E+03 -0.37635E+03  0.52929E-04  0.22825E-01  0.28873E+03  0.52939E+04  0.00000E+00 936397  0.00000E+00      0.000
     780.0000 -0.68750E+01  0.50000E+01 -0.68751E+01  0.31734E+01 -0.37079E+01 -0.53626E+04  0.39006E+04 -0.53626E+04  0.24703E+04 -0.26750E+04 -0.37594E+03 -0.37623E+03 -0.37635E+03  0.89169E-04  0.23108E-01  0.28873E+03  0.53626E+04  0.00000E+00 948593  0.00000E+00      0.000
     790.0000 -0.68750E+01  0.50000E+01 -0.68749E+01  0.31734E+01 -0.36945E+01 -0.54314E+04  0.39506E+04 -0.54314E+04  0.25020E+04 -0.27120E+04 -0.37594E+03 -0.37623E+03 -0.37636E+03  0.74387E-04  0.23432E-01  0.28873E+03  0.54314E+04  0.00000E+00 960794  0.00000E+00      0.000
     800.0000 -0.68750E+01  0.50000E+01 -0.68750E+01  0.31734E+01 -0.36981E+01 -0.55001E+04  0.40006E+04 -0.55002E+04  0.25338E+04 -0.27491E+04 -0.37594E+03 -0.37623E+03 -0.37636E+03  0.00000E+00  0.23729E-01  0.28873E+03  0.55002E+04  0.00000E+00 972993  0.00000E+00      0.000
     810.0000 -0.68750E+01  0.50000E+01 -0.68750E+01  0.31734E+01 -0.36968E+01 -0.55689E+04  0.40506E+04 -0.55689E+04  0.25655E+04 -0.27861E+04 -0.37594E+03 -0.37623E+03 -0.37635E+03  0.00000E+00  0.24032E-01  0.28873E+03  0.55689E+04  0.00000E+00 985200  0.00000E+00      0.000
     820.0000 -0.68750E+01  0.50000E+01 -0.68750E+01  0.31734E+01 -0.36628E+01 -0.56377E+04  0.41007E+04 -0.56377E+04  0.25973E+04 -0.28232E+04 -0.37594E+03 -0.37623E+03 -0.37635E+03  0.40054E-04  0.24292E-01  0.28873E+03  0.56377E+04  0.00000E+00 997408  0.00000E+00      0.000
     830.0000 -0.68750E+01  0.50000E+01 -0.68751E+01  0.31734E+01 -0.37114E+01 -0.57065E+04  0.41506E+04 -0.57065E+04  0.26290E+04 -0.28602E+04 -0.37594E+03 -0.37623E+03 -0.37635E+03  0.12827E-03  0.24620E-01  0.28873E+03  0.57065E+04  0.00000E+00   9603  0.00000E+00      0.000
     840.0000 -0.68750E+01  0.50000E+01 -0.68750E+01  0.31734E+01 -0.37032E+01 -0.57752E+04  0.42006E+04 -0.57752E+04  0.26608E+04 -0.28972E+04 -0.37594E+03 -0.37623E+03 -0.37635E+03  0.00000E+00  0.24879E-01  0.28873E+03  0.57752E+04  0.00000E+00  21807  0.00000E+00      0.000
     850.0000 -0.68750E+01  0.50000E+01 -0.68750E+01  0.31734E+01 -0.36869E+01 -0.58440E+04  0.42506E+04 -0.58440E+04  0.26925E+04 -0.29343E+04 -0.37594E+03 -0.37623E+03 -0.37636E+03  0.00000E+00  0.25159E-01  0.28873E+03  0.58440E+04  0.00000E+00  34011  0.00000E+00      0.000
     860.0000 -0.68750E+01  0.50000E+01 -0.68750E+01  0.31734E+01 -0.37103E+01 -0.59128E+04  0.43006E+04 -0.59128E+04  0.27243E+04 -0.29713E+04 -0.37594E+03 -0.37623E+03 -0.37635E+03  0.00000E+00  0.25450E-01  0.28873E+03  0.59128E+04  0.00000E+00  46208  0.00000E+00      0.000
     870.0000 -0.68750E+01  0.50000E+01 -0.68750E+01  0.31734E+01 -0.36931E+01 -0.59815E+04  0.43505E+04 -0.59815E+04  0.27560E+04 -0.30083E+04 -0.37594E+03 -0.37623E+03 -0.37635E+03  0.00000E+00  0.25725E-01  0.28873E+03  0.59815E+04  0.00000E+00  58398  0.00000E+00      0.000
     880.0000 -0.68750E+01  0.50000E+01 -0.68750E+01  0.31734E+01 -0.36835E+01 -0.60503E+04  0.44005E+04 -0.60503E+04  0.27878E+04 -0.30454E+04 -0.37594E+03 -0.37623E+03 -0.37636E+03  0.00000E+00  0.26046E-01  0.28873E+03  0.60503E+04  0.00000E+00  70603  0.00000E+00      0.000
     890.0000 -0.68750E+01  0.50000E+01 -0.68750E+01  0.31734E+01 -0.36804E+01 -0.61191E+04  0.44505E+04 -0.61191E+04  0.28195E+04 -0.30824E+04 -0.37594E+03 -0.37623E+03 -0.37636E+03  0.00000E+00  0.26267E-01  0.28873E+03  0.61191E+04  0.00000E+00  82811  0.00000E+00      0.000
     900.0000 -0.68750E+01  0.50000E+01 -0.68749E+01  0.31734E+01 -0.37101E+01 -0.61878E+04  0.45005E+04 -0.61878E+04  0.28512E+04 -0.31195E+04 -0.37594E+03 -0.37623E+03 -0.37635E+03  0.56267E-04  0.26559E-01  0.28873E+03  0.61878E+04  0.00000E+00  95006  0.00000E+00      0.000
     910.0000 -0.68750E+01  0.50000E+01 -0.68750E+01  0.31734E+01 -0.37073E+01 -0.62566E+04  0.45504E+04 -0.62566E+04  0.28830E+04 -0.31565E+04 -0.37594E+03 -0.37623E+03 -0.37635E+03  0.38147E-04  0.26862E-01  0.28873E+03  0.62566E+04  0.00000E+00 107193  0.00000E+00      0.000
     920.0000 -0.68750E+01  0.50000E+01 -0.68750E+01  0.31734E+01 -0.38551E+01 -0.63254E+04  0.46004E+04 -0.63254E+04  0.29147E+04 -0.31936E+04 -0.37594E+03 -0.37623E+03 -0.37635E+03  0.28610E-04  0.27116E-01  0.28873E+03  0.63254E+04  0.00000E+00 119391  0.00000E+00      0.000
     930.0000 -0.68750E+01  0.50000E+01 -0.68750E+01  0.31734E+01 -0.36960E+01 -0.63941E+04  0.46504E+04 -0.63941E+04  0.29465E+04 -0.32306E+04 -0.37594E+03 -0.37623E+03 -0.37635E+03  0.32902E-04  0.27431E-01  0.28873E+03  0.63941E+04  0.00000E+00 131594  0.00000E+00      0.000
     940.0000 -0.68750E+01  0.50000E+01 -0.68750E+01  0.31734E+01 -0.36793E+01 -0.64629E+04  0.47004E+04 -0.64629E+04  0.29782E+04 -0.32676E+04 -0.37594E+03 -0.37623E+03 -0.37636E+03  0.17166E-04  0.27752E-01  0.28873E+03  0.64629E+04  0.00000E+00 143796  0.00000E+00      0.000
     950.0000 -0.68750E+01  0.50000E+01 -0.68750E+01  0.31734E+01 -0.37050E+01 -0.65317E+04  0.47504E+04 -0.65317E+04  0.30100E+04 -0.33047E+04 -0.37594E+03 -0.37623E+03 -0.37635E+03  0.32902E-04  0.28049E-01  0.28873E+03  0.65317E+04  0.00000E+00 155999  0.00000E+00      0.000
     960.0000 -0.68750E+01  0.50000E+01 -0.68751E+01  0.31734E+01 -0.36852E+01 -0.66004E+04  0.48003E+04 -0.66004E+04  0.30417E+04 -0.33417E+04 -0.37594E+03 -0.37623E+03 -0.37636E+03  0.81062E-04  0.28335E-01  0.28873E+03  0.66004E+04  0.00000E+00 168202  0.00000E+00      0.000
     970.0000 -0.68750E+01  0.50000E+01 -0.68751E+01  0.31734E+01 -0.37142E+01 -0.66692E+04  0.48503E+04 -0.66692E+04  0.30735E+04 -0.33787E+04 -0.37594E+03 -0.37623E+03 -0.37635E+03  0.13065E-03  0.28629E-01  0.28873E+03  0.66692E+04  0.00000E+00 180399  0.00000E+00      0.000
     980.0000 -0.68750E+01  0.50000E+01 -0.68750E+01  0.31734E+01 -0.36850E+01 -0.67380E+04  0.49003E+04 -0.67380E+04  0.31052E+04 -0.34158E+04 -0.37594E+03 -0.37623E+03 -0.37636E+03  0.00000E+00  0.28863E-01  0.28873E+03  0.67380E+04  0.00000E+00 192600  0.00000E+00      0.000
     990.0000 -0.68750E+01  0.50000E+01 -0.68751E+01  0.31734E+01 -0.37111E+01 -0.68067E+04  0.49503E+04 -0.68067E+04  0.31370E+04 -0.34528E+04 -0.37594E+03 -0.37623E+03 -0.37635E+03  0.13065E-03  0.29151E-01  0.28873E+03  0.68067E+04  0.00000E+00 204800  0.00000E+00      0.000
    1000.0000 -0.68750E+01  0.50000E+01 -0.68750E+01  0.31734E+01 -0.37033E+01 -0.68755E+04  0.50002E+04 -0.68755E+04  0.31687E+04 -0.34898E+04 -0.37594E+03 -0.37623E+03 -0.37636E+03  0.00000E+00  0.29419E-01  0.28873E+03  0.68755E+04  0.00000E+00 216993  0.00000E+00      0.000
end
