 ******* Program HYDRUS
 ******* 
 Welcome to HYDRUS-1D                                                    
 Date:   3. 2.    Time:  15:33:45
 Units: L = mm   , T = days , M = mmol 

----------------------------------------------------------
 Time       [T]        0.0000
----------------------------------------------------------
 Sub-region num.                     1
----------------------------------------------------------
 Length   [L]        0.10000E+04  0.10000E+04
 W-volume [L]        0.71414E+02  0.71414E+02
 In-flow  [L/T]      0.00000E+00  0.00000E+00
 h Mean   [L]       -0.10000E+04 -0.10000E+04
 ConcVol  [M/L2] 1   0.00000E+00  0.00000E+00
 cMean    [M/L3] 1   0.00000E+00  0.00000E+00
 Top Flux [L/T]     -0.17119E-09
 Bot Flux [L/T]     -0.17119E-09
----------------------------------------------------------

----------------------------------------------------------
 Time       [T]      200.0000
----------------------------------------------------------
 Sub-region num.                     1
----------------------------------------------------------
 Length   [L]        0.10000E+04  0.10000E+04
 W-volume [L]        0.28889E+03  0.28889E+03
 In-flow  [L/T]     -0.50291E-03 -0.50291E-03
 h Mean   [L]       -0.37622E+03 -0.37622E+03
 ConcVol  [M/L2] 1   0.14079E+05  0.14079E+05
 cMean    [M/L3] 1   0.48741E+02  0.48741E+02
 Top Flux [L/T]     -0.74658E+01
 Bot Flux [L/T]     -0.42362E+01
 WatBalT  [L]       -0.92239E-01
 WatBalR  [%]              0.003
 CncBalT  [M]    1   0.37228E+02
 CncBalR  [%]    1         0.049
----------------------------------------------------------

----------------------------------------------------------
 Time       [T]      400.0000
----------------------------------------------------------
 Sub-region num.                     1
----------------------------------------------------------
 Length   [L]        0.10000E+04  0.10000E+04
 W-volume [L]        0.28889E+03  0.28889E+03
 In-flow  [L/T]     -0.29309E-02 -0.29309E-02
 h Mean   [L]       -0.37622E+03 -0.37622E+03
 ConcVol  [M/L2] 1   0.14079E+05  0.14079E+05
 cMean    [M/L3] 1   0.48741E+02  0.48741E+02
 Top Flux [L/T]     -0.74656E+01
 Bot Flux [L/T]     -0.42356E+01
 WatBalT  [L]       -0.13435E+00
 WatBalR  [%]              0.002
 CncBalT  [M]    1   0.34645E+02
 CncBalR  [%]    1         0.021
----------------------------------------------------------

----------------------------------------------------------
 Time       [T]      600.0000
----------------------------------------------------------
 Sub-region num.                     1
----------------------------------------------------------
 Length   [L]        0.10000E+04  0.10000E+04
 W-volume [L]        0.28889E+03  0.28889E+03
 In-flow  [L/T]      0.30067E-02  0.30067E-02
 h Mean   [L]       -0.37622E+03 -0.37622E+03
 ConcVol  [M/L2] 1   0.14079E+05  0.14079E+05
 cMean    [M/L3] 1   0.48741E+02  0.48741E+02
 Top Flux [L/T]     -0.74657E+01
 Bot Flux [L/T]     -0.42363E+01
 WatBalT  [L]       -0.16835E+00
 WatBalR  [%]              0.002
 CncBalT  [M]    1   0.32437E+02
 CncBalR  [%]    1         0.013
----------------------------------------------------------

----------------------------------------------------------
 Time       [T]      800.0000
----------------------------------------------------------
 Sub-region num.                     1
----------------------------------------------------------
 Length   [L]        0.10000E+04  0.10000E+04
 W-volume [L]        0.28889E+03  0.28889E+03
 In-flow  [L/T]     -0.15024E-02 -0.15024E-02
 h Mean   [L]       -0.37622E+03 -0.37622E+03
 ConcVol  [M/L2] 1   0.14079E+05  0.14079E+05
 cMean    [M/L3] 1   0.48741E+02  0.48741E+02
 Top Flux [L/T]     -0.74659E+01
 Bot Flux [L/T]     -0.42358E+01
 WatBalT  [L]       -0.20996E+00
 WatBalR  [%]              0.002
 CncBalT  [M]    1   0.29739E+02
 CncBalR  [%]    1         0.009
----------------------------------------------------------

----------------------------------------------------------
 Time       [T]     1000.0000
----------------------------------------------------------
 Sub-region num.                     1
----------------------------------------------------------
 Length   [L]        0.10000E+04  0.10000E+04
 W-volume [L]        0.28889E+03  0.28889E+03
 In-flow  [L/T]      0.51239E-03  0.51239E-03
 h Mean   [L]       -0.37622E+03 -0.37622E+03
 ConcVol  [M/L2] 1   0.14079E+05  0.14079E+05
 cMean    [M/L3] 1   0.48741E+02  0.48741E+02
 Top Flux [L/T]     -0.74657E+01
 Bot Flux [L/T]     -0.42362E+01
 WatBalT  [L]       -0.24788E+00
 WatBalR  [%]              0.002
 CncBalT  [M]    1   0.27578E+02
 CncBalR  [%]    1         0.006
----------------------------------------------------------
 
 Calculation time [sec]   333.000000000000     
