 ******* Program HYDRUS
 ******* 
 Welcome to HYDRUS-1D                                                    
 Date:   3. 2.    Time:  15:33:45
 Units: L = mm   , T = days , M = mmol 


    TLevel      Time           dt     ItrW ItrC    ItCum  KodT  KodB Converg  Peclet   Courant

     9955  0.1000000E+02  0.46774E-03    2    1    44191    -4    -5     T     5.010     0.002
    21541  0.2000000E+02  0.96372E-03    2    1    95214    -4    -5     T     5.021     0.005
    32442  0.3000000E+02  0.11006E-02    5    1   145042    -4    -5     T     5.024     0.006
    41500  0.4000000E+02  0.40828E-03    2    1   190325    -4    -5     T     5.009     0.002
    53365  0.5000000E+02  0.95188E-03    2    1   243251    -4    -5     T     5.021     0.005
    65259  0.6000000E+02  0.47092E-03    2    1   296253    -4    -5     T     5.010     0.002
    77045  0.7000000E+02  0.11503E-02    2    1   349268    -4    -5     T     5.025     0.006
    88841  0.8000000E+02  0.97443E-03    2    1   402307    -4    -5     T     5.021     0.005
   100722  0.9000000E+02  0.11826E-02    5    1   455283    -4    -5     T     5.026     0.006
   112643  0.1000000E+03  0.10121E-02    2    1   508311    -4    -5     T     5.022     0.005
   124439  0.1100000E+03  0.11934E-02   10    1   561369    -4    -5     T     5.026     0.006
   136360  0.1200000E+03  0.41634E-03    2    1   614396    -4    -5     T     5.009     0.002
   148403  0.1300000E+03  0.89645E-03    2    1   667316    -4    -5     T     5.019     0.005
   159966  0.1400000E+03  0.11996E-02    4    1   719370    -4    -5     T     5.026     0.006
   171834  0.1500000E+03  0.80879E-03    2    1   772434    -4    -5     T     5.017     0.004
   183652  0.1600000E+03  0.12605E-02   10    1   825450    -4    -5     T     5.027     0.006
   195554  0.1700000E+03  0.99355E-03    2    1   878455    -4    -5     T     5.021     0.005
   207534  0.1800000E+03  0.86870E-03    2    1   931441    -4    -5     T     5.019     0.004
   219381  0.1900000E+03  0.96782E-03    2    1   984401    -4    -5     T     5.021     0.005
   231326  0.2000000E+03  0.94817E-03    2    1  1037358    -4    -5     T     5.020     0.005
   243257  0.2100000E+03  0.78566E-03    2    1  1090342    -4    -5     T     5.017     0.004
   255279  0.2200000E+03  0.48995E-03    2    1  1143337    -4    -5     T     5.011     0.003
   267174  0.2300000E+03  0.48113E-03    2    1  1196342    -4    -5     T     5.010     0.002
   279009  0.2400000E+03  0.10318E-02    2    1  1249379    -4    -5     T     5.022     0.005
   290981  0.2500000E+03  0.10861E-02    2    1  1302390    -4    -5     T     5.023     0.006
   302906  0.2600000E+03  0.84920E-03    2    1  1355388    -4    -5     T     5.018     0.004
   314769  0.2700000E+03  0.12330E-02    2    1  1408415    -4    -5     T     5.027     0.006
   326664  0.2800000E+03  0.87952E-03    2    1  1461375    -4    -5     T     5.019     0.005
   338525  0.2900000E+03  0.85388E-03    2    1  1514387    -4    -5     T     5.018     0.004
   350521  0.3000000E+03  0.45700E-03    2    1  1567377    -4    -5     T     5.010     0.002
   362451  0.3100000E+03  0.49357E-03    2    1  1620347    -4    -5     T     5.011     0.003
   374420  0.3200000E+03  0.12118E-02    2    1  1673318    -4    -5     T     5.026     0.006
   386148  0.3300000E+03  0.12792E-02    2    1  1726368    -4    -5     T     5.028     0.007
   398053  0.3400000E+03  0.11781E-02    2    1  1779279    -4    -5     T     5.025     0.006
   410102  0.3500000E+03  0.12125E-02    7    1  1832245    -4    -5     T     5.026     0.006
   422004  0.3600000E+03  0.45365E-03    2    1  1885228    -4    -5     T     5.010     0.002
   433712  0.3700000E+03  0.80528E-03    2    1  1938194    -4    -5     T     5.017     0.004
   445678  0.3800000E+03  0.99577E-03    2    1  1991141    -4    -5     T     5.021     0.005
   457583  0.3900000E+03  0.47495E-03    2    1  2044155    -4    -5     T     5.010     0.002
   469566  0.4000000E+03  0.44742E-03    2    1  2097137    -4    -5     T     5.010     0.002
   481478  0.4100000E+03  0.11745E-02    2    1  2150162    -4    -5     T     5.025     0.006
   493339  0.4200000E+03  0.48523E-03    2    1  2203194    -4    -5     T     5.010     0.003
   505322  0.4300000E+03  0.94582E-03    2    1  2256184    -4    -5     T     5.020     0.005
   517265  0.4400000E+03  0.11931E-02    7    1  2309208    -4    -5     T     5.026     0.006
   528909  0.4500000E+03  0.10557E-02    2    1  2361613    -4    -5     T     5.023     0.005
   540803  0.4600000E+03  0.10613E-02    2    1  2414660    -4    -5     T     5.023     0.005
   552856  0.4700000E+03  0.79561E-03    2    1  2467657    -4    -5     T     5.017     0.004
   564771  0.4800000E+03  0.46124E-03    2    1  2520693    -4    -5     T     5.010     0.002
   576650  0.4900000E+03  0.41285E-03    2    1  2573686    -4    -5     T     5.009     0.002
   588574  0.5000000E+03  0.44965E-03    2    1  2626600    -4    -5     T     5.010     0.002
   600483  0.5100000E+03  0.92379E-03    2    1  2679583    -4    -5     T     5.020     0.005
   612440  0.5200000E+03  0.46197E-03    2    1  2732588    -4    -5     T     5.010     0.002
   624292  0.5300000E+03  0.97541E-03    2    1  2785667    -4    -5     T     5.021     0.005
   636094  0.5400000E+03  0.44865E-03    2    1  2838740    -4    -5     T     5.010     0.002
   647930  0.5500000E+03  0.43174E-03    2    1  2891744    -4    -5     T     5.009     0.002
   659674  0.5600000E+03  0.97275E-03    2    1  2944741    -4    -5     T     5.021     0.005
   671612  0.5700000E+03  0.98079E-03    2    1  2997763    -4    -5     T     5.021     0.005
   683584  0.5800000E+03  0.11192E-02    2    1  3050771    -4    -5     T     5.024     0.006
   695529  0.5900000E+03  0.49405E-03    2    1  3103738    -4    -5     T     5.011     0.003
   707394  0.6000000E+03  0.95152E-03    2    1  3156796    -4    -5     T     5.021     0.005
   719326  0.6100000E+03  0.12851E-02    2    1  3209795    -4    -5     T     5.028     0.007
   731183  0.6200000E+03  0.96564E-03    2    1  3262806    -4    -5     T     5.021     0.005
   743107  0.6300000E+03  0.10136E-02    2    1  3315814    -4    -5     T     5.022     0.005
   754953  0.6400000E+03  0.96501E-03    2    1  3368821    -4    -5     T     5.021     0.005
   766945  0.6500000E+03  0.41647E-03    2    1  3421769    -4    -5     T     5.009     0.002
   779000  0.6600000E+03  0.96834E-03    2    1  3474732    -4    -5     T     5.021     0.005
   790916  0.6700000E+03  0.12487E-02    2    1  3527722    -4    -5     T     5.027     0.006
   802765  0.6800000E+03  0.94842E-03    2    1  3580737    -4    -5     T     5.020     0.005
   814775  0.6900000E+03  0.98480E-03    2    1  3633704    -4    -5     T     5.021     0.005
   826703  0.7000000E+03  0.11386E-02    3    1  3686663    -4    -5     T     5.025     0.006
   838676  0.7100000E+03  0.93336E-03    2    1  3739622    -4    -5     T     5.020     0.005
   850631  0.7200000E+03  0.10100E-02    2    1  3792656    -4    -5     T     5.022     0.005
   862407  0.7300000E+03  0.10965E-02    3    1  3845664    -4    -5     T     5.024     0.006
   874249  0.7400000E+03  0.10075E-02    2    1  3898670    -4    -5     T     5.022     0.005
   886000  0.7500000E+03  0.96619E-03    2    1  3951651    -4    -5     T     5.021     0.005
   897770  0.7600000E+03  0.11782E-02    2    1  4004649    -4    -5     T     5.025     0.006
   909577  0.7700000E+03  0.50068E-03    2    1  4057686    -4    -5     T     5.011     0.003
   921622  0.7800000E+03  0.12751E-02    2    1  4110635    -4    -5     T     5.028     0.007
   933530  0.7900000E+03  0.95204E-03    2    1  4163674    -4    -5     T     5.021     0.005
   945448  0.8000000E+03  0.12697E-02    2    1  4216695    -4    -5     T     5.027     0.007
   957318  0.8100000E+03  0.44482E-03    2    1  4269766    -4    -5     T     5.010     0.002
   969114  0.8200000E+03  0.50178E-03    2    1  4322377    -4    -5     T     5.011     0.003
   980938  0.8300000E+03  0.87038E-03    2    1  4375372    -4    -5     T     5.019     0.004
   992863  0.8400000E+03  0.98774E-03    2    1  4428390    -4    -5     T     5.021     0.005
     4675  0.8500000E+03  0.87190E-03    2    1  4481425    -4    -5     T     5.019     0.004
    16561  0.8600000E+03  0.99409E-03    2    1  4534431    -4    -5     T     5.021     0.005
    28483  0.8700000E+03  0.96791E-03    2    1  4587427    -4    -5     T     5.021     0.005
    40537  0.8800000E+03  0.90937E-03    2    1  4640412    -4    -5     T     5.020     0.005
    52441  0.8900000E+03  0.96922E-03    2    1  4693397    -4    -5     T     5.021     0.005
    64417  0.9000000E+03  0.11858E-02    2    1  4746393    -4    -5     T     5.026     0.006
    76314  0.9100000E+03  0.45094E-03    2    1  4799428    -4    -5     T     5.010     0.002
    88290  0.9200000E+03  0.94165E-03    2    1  4852386    -4    -5     T     5.020     0.005
   100180  0.9300000E+03  0.10002E-02    2    1  4905333    -4    -5     T     5.022     0.005
   112169  0.9400000E+03  0.54890E-03    2    1  4958329    -4    -5     T     5.012     0.003
   124078  0.9500000E+03  0.47719E-03    2    1  5011292    -4    -5     T     5.010     0.002
   135949  0.9600000E+03  0.41282E-03    2    1  5064317    -4    -5     T     5.009     0.002
   147947  0.9700000E+03  0.12796E-02    2    1  5117297    -4    -5     T     5.028     0.007
   159891  0.9800000E+03  0.49339E-03    2    1  5170315    -4    -5     T     5.011     0.003
   171812  0.9900000E+03  0.11343E-02    4    1  5223311    -4    -5     T     5.024     0.006
   183573  0.1000000E+04  0.93057E-03    2    1  5276330    -4    -5     T     5.020     0.005
end
