 All solute fluxes and cumulative solute fluxes are positive into the region

       Time         cvTop        cvBot      Sum(cvTop)   Sum(cvBot)     cvCh0        cvCh1         cTop        cRoot         cBot        cvRoot    Sum(cvRoot)  Sum(cvNEql) TLevel      cGWL        cRunOff   Sum(cRunOff)    (cv(i),    Sum(cv(i)), i=1,NObs)
        [T]        [M/L2/T]     [M/L2/T]      [M/L2]       [M/L2]       [M/L2]      [M/L2]        [M/L3]      [M/L3]        [M/L3]      [M/L2/T]      [M/L2]       [M/L2]              [M/L3]        [M/L2]      [M/L3]      [M/L2/T]      [M/L2]
       10.0000  0.22500E+03  0.00000E+00  0.22500E+04  0.00000E+00  0.00000E+00  0.00000E+00  0.30055E+02  0.15739E+02  0.00000E+00  0.00000E+00  0.00000E+00  0.00000E+00    9955  0.00000E+00  0.32616E-02  0.15121E-01
       20.0000  0.22500E+03  0.00000E+00  0.45000E+04  0.00000E+00  0.00000E+00  0.00000E+00  0.30054E+02  0.31379E+02  0.00000E+00  0.00000E+00  0.00000E+00  0.00000E+00   21541  0.00000E+00  0.16594E-02  0.29554E-01
       30.0000  0.22500E+03  0.00000E+00  0.67501E+04  0.00000E+00  0.00000E+00  0.00000E+00  0.30054E+02  0.44174E+02  0.00000E+00  0.00000E+00  0.00000E+00  0.00000E+00   32442  0.00000E+00  0.10443E-02  0.43353E-01
       40.0000  0.22500E+03  0.00000E+00  0.89988E+04  0.00000E+00  0.00000E+00  0.00000E+00  0.30054E+02  0.44329E+02  0.00000E+00  0.00000E+00  0.00000E+00  0.00000E+00   41500  0.00000E+00  0.51641E-02  0.55033E-01
       50.0000  0.22500E+03 -0.48922E-05  0.11249E+05 -0.90881E-06  0.00000E+00  0.00000E+00  0.30054E+02  0.44328E+02  0.30172E-05  0.00000E+00  0.00000E+00  0.00000E+00   53365  0.00000E+00  0.16308E-02  0.69727E-01
       60.0000  0.22500E+03 -0.40780E+02  0.13499E+05 -0.59069E+02  0.00000E+00  0.00000E+00  0.30054E+02  0.44327E+02  0.96277E+01  0.00000E+00  0.00000E+00  0.00000E+00   65259  0.00000E+00  0.31757E-02  0.84368E-01
       70.0000  0.22500E+03 -0.22491E+03  0.15749E+05 -0.17089E+04  0.00000E+00  0.00000E+00  0.30055E+02  0.44328E+02  0.53087E+02  0.00000E+00  0.00000E+00  0.00000E+00   77045  0.00000E+00  0.24605E-02  0.98899E-01
       80.0000  0.22500E+03 -0.22500E+03  0.17999E+05 -0.39590E+04  0.00000E+00  0.00000E+00  0.30055E+02  0.44327E+02  0.53120E+02  0.00000E+00  0.00000E+00  0.00000E+00   88841  0.00000E+00  0.26464E-02  0.11354E+00
       90.0000  0.22500E+03 -0.22502E+03  0.20249E+05 -0.62091E+04  0.00000E+00  0.00000E+00  0.30054E+02  0.44328E+02  0.53114E+02  0.00000E+00  0.00000E+00  0.00000E+00  100722  0.00000E+00  0.23031E-02  0.12809E+00
      100.0000  0.22500E+03 -0.22502E+03  0.22499E+05 -0.84591E+04  0.00000E+00  0.00000E+00  0.30054E+02  0.44328E+02  0.53114E+02  0.00000E+00  0.00000E+00  0.00000E+00  112643  0.00000E+00  0.16880E-02  0.14266E+00
      110.0000  0.22500E+03 -0.22502E+03  0.24749E+05 -0.10709E+05  0.00000E+00  0.00000E+00  0.30055E+02  0.44328E+02  0.53113E+02  0.00000E+00  0.00000E+00  0.00000E+00  124439  0.00000E+00  0.12016E-02  0.15722E+00
      120.0000  0.22500E+03 -0.22617E+03  0.26999E+05 -0.12959E+05  0.00000E+00  0.00000E+00  0.30055E+02  0.44328E+02  0.53112E+02  0.00000E+00  0.00000E+00  0.00000E+00  136360  0.00000E+00  0.20027E-02  0.17182E+00
      130.0000  0.22500E+03 -0.22492E+03  0.29249E+05 -0.15209E+05  0.00000E+00  0.00000E+00  0.30055E+02  0.44327E+02  0.53113E+02  0.00000E+00  0.00000E+00  0.00000E+00  148403  0.00000E+00  0.00000E+00  0.18661E+00
      140.0000  0.22500E+03 -0.22583E+03  0.31499E+05 -0.17459E+05  0.00000E+00  0.00000E+00  0.30054E+02  0.44328E+02  0.53114E+02  0.00000E+00  0.00000E+00  0.00000E+00  159966  0.00000E+00  0.00000E+00  0.20106E+00
      150.0000  0.22500E+03 -0.22498E+03  0.33749E+05 -0.19709E+05  0.00000E+00  0.00000E+00  0.30055E+02  0.44328E+02  0.53113E+02  0.00000E+00  0.00000E+00  0.00000E+00  171834  0.00000E+00  0.15450E-02  0.21572E+00
      160.0000  0.22500E+03 -0.22498E+03  0.35998E+05 -0.21959E+05  0.00000E+00  0.00000E+00  0.30054E+02  0.44328E+02  0.53113E+02  0.00000E+00  0.00000E+00  0.00000E+00  183652  0.00000E+00  0.80109E-03  0.23014E+00
      170.0000  0.22500E+03 -0.22504E+03  0.38247E+05 -0.24209E+05  0.00000E+00  0.00000E+00  0.30054E+02  0.44328E+02  0.53113E+02  0.00000E+00  0.00000E+00  0.00000E+00  195554  0.00000E+00  0.57220E-03  0.24478E+00
      180.0000  0.22500E+03 -0.22485E+03  0.40497E+05 -0.26458E+05  0.00000E+00  0.00000E+00  0.30055E+02  0.44328E+02  0.53115E+02  0.00000E+00  0.00000E+00  0.00000E+00  207534  0.00000E+00  0.14305E-02  0.25945E+00
      190.0000  0.22500E+03 -0.22503E+03  0.42747E+05 -0.28708E+05  0.00000E+00  0.00000E+00  0.30054E+02  0.44328E+02  0.53113E+02  0.00000E+00  0.00000E+00  0.00000E+00  219381  0.00000E+00  0.12589E-02  0.27417E+00
      200.0000  0.22500E+03 -0.22500E+03  0.44996E+05 -0.30958E+05  0.00000E+00  0.00000E+00  0.30055E+02  0.44328E+02  0.53115E+02  0.00000E+00  0.00000E+00  0.00000E+00  231326  0.00000E+00  0.11301E-02  0.28903E+00
      210.0000  0.22500E+03 -0.22500E+03  0.47246E+05 -0.33208E+05  0.00000E+00  0.00000E+00  0.30054E+02  0.44328E+02  0.53112E+02  0.00000E+00  0.00000E+00  0.00000E+00  243257  0.00000E+00  0.13876E-02  0.30368E+00
      220.0000  0.22500E+03 -0.22488E+03  0.49496E+05 -0.35458E+05  0.00000E+00  0.00000E+00  0.30054E+02  0.44328E+02  0.53112E+02  0.00000E+00  0.00000E+00  0.00000E+00  255279  0.00000E+00  0.46921E-02  0.31852E+00
      230.0000  0.22500E+03 -0.22528E+03  0.51746E+05 -0.37709E+05  0.00000E+00  0.00000E+00  0.30055E+02  0.44328E+02  0.53112E+02  0.00000E+00  0.00000E+00  0.00000E+00  267174  0.00000E+00  0.31900E-02  0.33328E+00
      240.0000  0.22500E+03 -0.22497E+03  0.53995E+05 -0.39959E+05  0.00000E+00  0.00000E+00  0.30054E+02  0.44327E+02  0.53113E+02  0.00000E+00  0.00000E+00  0.00000E+00  279009  0.00000E+00  0.00000E+00  0.34775E+00
      250.0000  0.22500E+03 -0.22502E+03  0.56245E+05 -0.42209E+05  0.00000E+00  0.00000E+00  0.30055E+02  0.44328E+02  0.53115E+02  0.00000E+00  0.00000E+00  0.00000E+00  290981  0.00000E+00  0.13018E-02  0.36252E+00
      260.0000  0.22500E+03 -0.22515E+03  0.58495E+05 -0.44460E+05  0.00000E+00  0.00000E+00  0.30055E+02  0.44328E+02  0.53113E+02  0.00000E+00  0.00000E+00  0.00000E+00  302906  0.00000E+00  0.13447E-02  0.37713E+00
      270.0000  0.22500E+03 -0.22496E+03  0.60744E+05 -0.46710E+05  0.00000E+00  0.00000E+00  0.30055E+02  0.44328E+02  0.53113E+02  0.00000E+00  0.00000E+00  0.00000E+00  314769  0.00000E+00  0.18597E-02  0.39170E+00
      280.0000  0.22500E+03 -0.22501E+03  0.62994E+05 -0.48960E+05  0.00000E+00  0.00000E+00  0.30054E+02  0.44327E+02  0.53116E+02  0.00000E+00  0.00000E+00  0.00000E+00  326664  0.00000E+00  0.19026E-02  0.40631E+00
      290.0000  0.22500E+03 -0.22484E+03  0.65243E+05 -0.51211E+05  0.00000E+00  0.00000E+00  0.30055E+02  0.44328E+02  0.53113E+02  0.00000E+00  0.00000E+00  0.00000E+00  338525  0.00000E+00  0.84400E-03  0.42094E+00
      300.0000  0.22500E+03 -0.22501E+03  0.67494E+05 -0.53461E+05  0.00000E+00  0.00000E+00  0.30055E+02  0.44328E+02  0.53112E+02  0.00000E+00  0.00000E+00  0.00000E+00  350521  0.00000E+00  0.33617E-02  0.43574E+00
      310.0000  0.22500E+03 -0.22493E+03  0.69744E+05 -0.55711E+05  0.00000E+00  0.00000E+00  0.30055E+02  0.44327E+02  0.53115E+02  0.00000E+00  0.00000E+00  0.00000E+00  362451  0.00000E+00  0.29469E-02  0.45054E+00
      320.0000  0.22500E+03 -0.22502E+03  0.71994E+05 -0.57961E+05  0.00000E+00  0.00000E+00  0.30055E+02  0.44327E+02  0.53111E+02  0.00000E+00  0.00000E+00  0.00000E+00  374420  0.00000E+00  0.00000E+00  0.46530E+00
      330.0000  0.22500E+03 -0.22475E+03  0.74244E+05 -0.60211E+05  0.00000E+00  0.00000E+00  0.30055E+02  0.44328E+02  0.53114E+02  0.00000E+00  0.00000E+00  0.00000E+00  386148  0.00000E+00  0.95844E-03  0.47964E+00
      340.0000  0.22500E+03 -0.22516E+03  0.76495E+05 -0.62462E+05  0.00000E+00  0.00000E+00  0.30054E+02  0.44328E+02  0.53115E+02  0.00000E+00  0.00000E+00  0.00000E+00  398053  0.00000E+00  0.85831E-03  0.49433E+00
      350.0000  0.22500E+03 -0.22533E+03  0.78746E+05 -0.64712E+05  0.00000E+00  0.00000E+00  0.30054E+02  0.44327E+02  0.53112E+02  0.00000E+00  0.00000E+00  0.00000E+00  410102  0.00000E+00  0.15879E-02  0.50900E+00
      360.0000  0.22500E+03 -0.22510E+03  0.80996E+05 -0.66962E+05  0.00000E+00  0.00000E+00  0.30055E+02  0.44328E+02  0.53113E+02  0.00000E+00  0.00000E+00  0.00000E+00  422004  0.00000E+00  0.15593E-02  0.52357E+00
      370.0000  0.22500E+03 -0.22598E+03  0.83245E+05 -0.69212E+05  0.00000E+00  0.00000E+00  0.30054E+02  0.44328E+02  0.53110E+02  0.00000E+00  0.00000E+00  0.00000E+00  433712  0.00000E+00  0.26178E-02  0.53809E+00
      380.0000  0.22500E+03 -0.22498E+03  0.85496E+05 -0.71463E+05  0.00000E+00  0.00000E+00  0.30055E+02  0.44328E+02  0.53114E+02  0.00000E+00  0.00000E+00  0.00000E+00  445678  0.00000E+00  0.21887E-02  0.55269E+00
      390.0000  0.22500E+03 -0.22500E+03  0.87746E+05 -0.73713E+05  0.00000E+00  0.00000E+00  0.30055E+02  0.44328E+02  0.53111E+02  0.00000E+00  0.00000E+00  0.00000E+00  457583  0.00000E+00  0.53358E-02  0.56751E+00
      400.0000  0.22500E+03 -0.22499E+03  0.89996E+05 -0.75964E+05  0.00000E+00  0.00000E+00  0.30055E+02  0.44327E+02  0.53113E+02  0.00000E+00  0.00000E+00  0.00000E+00  469566  0.00000E+00  0.67234E-03  0.58236E+00
      410.0000  0.22500E+03 -0.22502E+03  0.92246E+05 -0.78215E+05  0.00000E+00  0.00000E+00  0.30055E+02  0.44328E+02  0.53114E+02  0.00000E+00  0.00000E+00  0.00000E+00  481478  0.00000E+00  0.00000E+00  0.59720E+00
      420.0000  0.22500E+03 -0.22513E+03  0.94496E+05 -0.80465E+05  0.00000E+00  0.00000E+00  0.30054E+02  0.44328E+02  0.53113E+02  0.00000E+00  0.00000E+00  0.00000E+00  493339  0.00000E+00  0.40483E-02  0.61182E+00
      430.0000  0.22500E+03 -0.22502E+03  0.96746E+05 -0.82715E+05  0.00000E+00  0.00000E+00  0.30054E+02  0.44327E+02  0.53112E+02  0.00000E+00  0.00000E+00  0.00000E+00  505322  0.00000E+00  0.17595E-02  0.62648E+00
      440.0000  0.22500E+03 -0.22501E+03  0.98997E+05 -0.84966E+05  0.00000E+00  0.00000E+00  0.30055E+02  0.44328E+02  0.53111E+02  0.00000E+00  0.00000E+00  0.00000E+00  517265  0.00000E+00  0.31471E-03  0.64120E+00
      450.0000  0.22500E+03 -0.22504E+03  0.10125E+06 -0.87217E+05  0.00000E+00  0.00000E+00  0.30054E+02  0.44328E+02  0.53115E+02  0.00000E+00  0.00000E+00  0.00000E+00  528909  0.00000E+00  0.24033E-02  0.65560E+00
      460.0000  0.22500E+03 -0.22530E+03  0.10350E+06 -0.89467E+05  0.00000E+00  0.00000E+00  0.30055E+02  0.44328E+02  0.53115E+02  0.00000E+00  0.00000E+00  0.00000E+00  540803  0.00000E+00  0.40054E-03  0.67037E+00
      470.0000  0.22500E+03 -0.22499E+03  0.10575E+06 -0.91718E+05  0.00000E+00  0.00000E+00  0.30055E+02  0.44328E+02  0.53110E+02  0.00000E+00  0.00000E+00  0.00000E+00  552856  0.00000E+00  0.00000E+00  0.68513E+00
      480.0000  0.22500E+03 -0.22500E+03  0.10800E+06 -0.93969E+05  0.00000E+00  0.00000E+00  0.30054E+02  0.44328E+02  0.53116E+02  0.00000E+00  0.00000E+00  0.00000E+00  564771  0.00000E+00  0.00000E+00  0.69983E+00
      490.0000  0.22500E+03 -0.22532E+03  0.11025E+06 -0.96220E+05  0.00000E+00  0.00000E+00  0.30055E+02  0.44327E+02  0.53114E+02  0.00000E+00  0.00000E+00  0.00000E+00  576650  0.00000E+00  0.16737E-02  0.71445E+00
      500.0000  0.22500E+03 -0.22506E+03  0.11250E+06 -0.98470E+05  0.00000E+00  0.00000E+00  0.30055E+02  0.44328E+02  0.53112E+02  0.00000E+00  0.00000E+00  0.00000E+00  588574  0.00000E+00  0.33617E-02  0.72917E+00
      510.0000  0.22500E+03 -0.22500E+03  0.11475E+06 -0.10072E+06  0.00000E+00  0.00000E+00  0.30055E+02  0.44327E+02  0.53116E+02  0.00000E+00  0.00000E+00  0.00000E+00  600483  0.00000E+00  0.10729E-02  0.74379E+00
      520.0000  0.22500E+03 -0.22502E+03  0.11700E+06 -0.10297E+06  0.00000E+00  0.00000E+00  0.30054E+02  0.44328E+02  0.53114E+02  0.00000E+00  0.00000E+00  0.00000E+00  612440  0.00000E+00  0.61512E-03  0.75870E+00
      530.0000  0.22500E+03 -0.22505E+03  0.11925E+06 -0.10522E+06  0.00000E+00  0.00000E+00  0.30055E+02  0.44328E+02  0.53112E+02  0.00000E+00  0.00000E+00  0.00000E+00  624292  0.00000E+00  0.12302E-02  0.77330E+00
      540.0000  0.22500E+03 -0.22505E+03  0.12150E+06 -0.10747E+06  0.00000E+00  0.00000E+00  0.30055E+02  0.44328E+02  0.53113E+02  0.00000E+00  0.00000E+00  0.00000E+00  636094  0.00000E+00  0.24891E-02  0.78780E+00
      550.0000  0.22500E+03 -0.22503E+03  0.12375E+06 -0.10972E+06  0.00000E+00  0.00000E+00  0.30055E+02  0.44328E+02  0.53113E+02  0.00000E+00  0.00000E+00  0.00000E+00  647930  0.00000E+00  0.61512E-03  0.80245E+00
      560.0000  0.22500E+03 -0.22533E+03  0.12600E+06 -0.11197E+06  0.00000E+00  0.00000E+00  0.30055E+02  0.44328E+02  0.53115E+02  0.00000E+00  0.00000E+00  0.00000E+00  659674  0.00000E+00  0.21315E-02  0.81694E+00
      570.0000  0.22500E+03 -0.22500E+03  0.12825E+06 -0.11422E+06  0.00000E+00  0.00000E+00  0.30055E+02  0.44328E+02  0.53113E+02  0.00000E+00  0.00000E+00  0.00000E+00  671612  0.00000E+00  0.84400E-03  0.83160E+00
      580.0000  0.22500E+03 -0.22460E+03  0.13050E+06 -0.11647E+06  0.00000E+00  0.00000E+00  0.30055E+02  0.44327E+02  0.53110E+02  0.00000E+00  0.00000E+00  0.00000E+00  683584  0.00000E+00  0.12589E-02  0.84639E+00
      590.0000  0.22500E+03 -0.22503E+03  0.13275E+06 -0.11873E+06  0.00000E+00  0.00000E+00  0.30055E+02  0.44328E+02  0.53113E+02  0.00000E+00  0.00000E+00  0.00000E+00  695529  0.00000E+00  0.72956E-03  0.86105E+00
      600.0000  0.22500E+03 -0.22501E+03  0.13500E+06 -0.12098E+06  0.00000E+00  0.00000E+00  0.30054E+02  0.44328E+02  0.53117E+02  0.00000E+00  0.00000E+00  0.00000E+00  707394  0.00000E+00  0.17738E-02  0.87560E+00
      610.0000  0.22500E+03 -0.22500E+03  0.13724E+06 -0.12323E+06  0.00000E+00  0.00000E+00  0.30055E+02  0.44328E+02  0.53112E+02  0.00000E+00  0.00000E+00  0.00000E+00  719326  0.00000E+00  0.19598E-02  0.89031E+00
      620.0000  0.22500E+03 -0.22495E+03  0.13949E+06 -0.12548E+06  0.00000E+00  0.00000E+00  0.30055E+02  0.44328E+02  0.53111E+02  0.00000E+00  0.00000E+00  0.00000E+00  731183  0.00000E+00  0.26321E-02  0.90494E+00
      630.0000  0.22500E+03 -0.22508E+03  0.14174E+06 -0.12773E+06  0.00000E+00  0.00000E+00  0.30055E+02  0.44328E+02  0.53114E+02  0.00000E+00  0.00000E+00  0.00000E+00  743107  0.00000E+00  0.19741E-02  0.91967E+00
      640.0000  0.22500E+03 -0.22525E+03  0.14399E+06 -0.12998E+06  0.00000E+00  0.00000E+00  0.30054E+02  0.44328E+02  0.53114E+02  0.00000E+00  0.00000E+00  0.00000E+00  754953  0.00000E+00  0.14877E-02  0.93427E+00
      650.0000  0.22500E+03 -0.22693E+03  0.14623E+06 -0.13223E+06  0.00000E+00  0.00000E+00  0.30055E+02  0.44328E+02  0.53113E+02  0.00000E+00  0.00000E+00  0.00000E+00  766945  0.00000E+00  0.27752E-02  0.94912E+00
      660.0000  0.22500E+03 -0.22520E+03  0.14848E+06 -0.13448E+06  0.00000E+00  0.00000E+00  0.30054E+02  0.44327E+02  0.53114E+02  0.00000E+00  0.00000E+00  0.00000E+00  779000  0.00000E+00  0.20885E-02  0.96402E+00
      670.0000  0.22500E+03 -0.22499E+03  0.15073E+06 -0.13672E+06  0.00000E+00  0.00000E+00  0.30054E+02  0.44328E+02  0.53112E+02  0.00000E+00  0.00000E+00  0.00000E+00  790916  0.00000E+00  0.18883E-02  0.97874E+00
      680.0000  0.22500E+03 -0.22504E+03  0.15298E+06 -0.13897E+06  0.00000E+00  0.00000E+00  0.30055E+02  0.44328E+02  0.53115E+02  0.00000E+00  0.00000E+00  0.00000E+00  802765  0.00000E+00  0.88692E-03  0.99335E+00
      690.0000  0.22500E+03 -0.22506E+03  0.15522E+06 -0.14122E+06  0.00000E+00  0.00000E+00  0.30055E+02  0.44328E+02  0.53115E+02  0.00000E+00  0.00000E+00  0.00000E+00  814775  0.00000E+00  0.74387E-03  0.10081E+01
      700.0000  0.22500E+03 -0.22496E+03  0.15747E+06 -0.14347E+06  0.00000E+00  0.00000E+00  0.30055E+02  0.44328E+02  0.53113E+02  0.00000E+00  0.00000E+00  0.00000E+00  826703  0.00000E+00  0.71526E-03  0.10229E+01
      710.0000  0.22500E+03 -0.22501E+03  0.15972E+06 -0.14571E+06  0.00000E+00  0.00000E+00  0.30054E+02  0.44327E+02  0.53114E+02  0.00000E+00  0.00000E+00  0.00000E+00  838676  0.00000E+00  0.22030E-02  0.10377E+01
      720.0000  0.22500E+03 -0.22504E+03  0.16197E+06 -0.14796E+06  0.00000E+00  0.00000E+00  0.30054E+02  0.44328E+02  0.53113E+02  0.00000E+00  0.00000E+00  0.00000E+00  850631  0.00000E+00  0.10586E-02  0.10525E+01
      730.0000  0.22500E+03 -0.22601E+03  0.16421E+06 -0.15021E+06  0.00000E+00  0.00000E+00  0.30054E+02  0.44328E+02  0.53113E+02  0.00000E+00  0.00000E+00  0.00000E+00  862407  0.00000E+00  0.17738E-02  0.10670E+01
      740.0000  0.22500E+03 -0.22499E+03  0.16646E+06 -0.15246E+06  0.00000E+00  0.00000E+00  0.30054E+02  0.44327E+02  0.53115E+02  0.00000E+00  0.00000E+00  0.00000E+00  874249  0.00000E+00  0.10729E-02  0.10817E+01
      750.0000  0.22500E+03 -0.22500E+03  0.16871E+06 -0.15471E+06  0.00000E+00  0.00000E+00  0.30055E+02  0.44329E+02  0.53116E+02  0.00000E+00  0.00000E+00  0.00000E+00  886000  0.00000E+00  0.26178E-02  0.10963E+01
      760.0000  0.22500E+03 -0.22509E+03  0.17096E+06 -0.15695E+06  0.00000E+00  0.00000E+00  0.30055E+02  0.44327E+02  0.53113E+02  0.00000E+00  0.00000E+00  0.00000E+00  897770  0.00000E+00  0.19598E-02  0.11108E+01
      770.0000  0.22500E+03 -0.22507E+03  0.17320E+06 -0.15920E+06  0.00000E+00  0.00000E+00  0.30054E+02  0.44328E+02  0.53113E+02  0.00000E+00  0.00000E+00  0.00000E+00  909577  0.00000E+00  0.22602E-02  0.11253E+01
      780.0000  0.22500E+03 -0.22507E+03  0.17545E+06 -0.16145E+06  0.00000E+00  0.00000E+00  0.30055E+02  0.44328E+02  0.53112E+02  0.00000E+00  0.00000E+00  0.00000E+00  921622  0.00000E+00  0.24748E-02  0.11402E+01
      790.0000  0.22500E+03 -0.22504E+03  0.17770E+06 -0.16370E+06  0.00000E+00  0.00000E+00  0.30055E+02  0.44328E+02  0.53115E+02  0.00000E+00  0.00000E+00  0.00000E+00  933530  0.00000E+00  0.00000E+00  0.11550E+01
      800.0000  0.22500E+03 -0.22495E+03  0.17995E+06 -0.16595E+06  0.00000E+00  0.00000E+00  0.30055E+02  0.44328E+02  0.53114E+02  0.00000E+00  0.00000E+00  0.00000E+00  945448  0.00000E+00  0.50068E-03  0.11697E+01
      810.0000  0.22500E+03 -0.22498E+03  0.18219E+06 -0.16819E+06  0.00000E+00  0.00000E+00  0.30054E+02  0.44327E+02  0.53114E+02  0.00000E+00  0.00000E+00  0.00000E+00  957318  0.00000E+00  0.16594E-02  0.11845E+01
      820.0000  0.22500E+03 -0.22500E+03  0.18444E+06 -0.17044E+06  0.00000E+00  0.00000E+00  0.30054E+02  0.44328E+02  0.53113E+02  0.00000E+00  0.00000E+00  0.00000E+00  969114  0.00000E+00  0.24462E-02  0.11992E+01
      830.0000  0.22500E+03 -0.22502E+03  0.18669E+06 -0.17269E+06  0.00000E+00  0.00000E+00  0.30055E+02  0.44328E+02  0.53113E+02  0.00000E+00  0.00000E+00  0.00000E+00  980938  0.00000E+00  0.19598E-02  0.12138E+01
      840.0000  0.22500E+03 -0.22507E+03  0.18894E+06 -0.17494E+06  0.00000E+00  0.00000E+00  0.30055E+02  0.44328E+02  0.53112E+02  0.00000E+00  0.00000E+00  0.00000E+00  992863  0.00000E+00  0.25463E-02  0.12285E+01
      850.0000  0.22500E+03 -0.22479E+03  0.19119E+06 -0.17719E+06  0.00000E+00  0.00000E+00  0.30055E+02  0.44328E+02  0.53112E+02  0.00000E+00  0.00000E+00  0.00000E+00    4675  0.00000E+00  0.11444E-02  0.12432E+01
      860.0000  0.22500E+03 -0.22493E+03  0.19343E+06 -0.17943E+06  0.00000E+00  0.00000E+00  0.30054E+02  0.44328E+02  0.53115E+02  0.00000E+00  0.00000E+00  0.00000E+00   16561  0.00000E+00  0.12589E-02  0.12578E+01
      870.0000  0.22500E+03 -0.22503E+03  0.19568E+06 -0.18168E+06  0.00000E+00  0.00000E+00  0.30054E+02  0.44327E+02  0.53115E+02  0.00000E+00  0.00000E+00  0.00000E+00   28483  0.00000E+00  0.10729E-02  0.12726E+01
      880.0000  0.22500E+03 -0.22497E+03  0.19793E+06 -0.18393E+06  0.00000E+00  0.00000E+00  0.30055E+02  0.44328E+02  0.53113E+02  0.00000E+00  0.00000E+00  0.00000E+00   40537  0.00000E+00  0.14019E-02  0.12873E+01
      890.0000  0.22500E+03 -0.22501E+03  0.20018E+06 -0.18618E+06  0.00000E+00  0.00000E+00  0.30054E+02  0.44328E+02  0.53114E+02  0.00000E+00  0.00000E+00  0.00000E+00   52441  0.00000E+00  0.20027E-02  0.13020E+01
      900.0000  0.22500E+03 -0.22502E+03  0.20242E+06 -0.18843E+06  0.00000E+00  0.00000E+00  0.30054E+02  0.44328E+02  0.53112E+02  0.00000E+00  0.00000E+00  0.00000E+00   64417  0.00000E+00  0.14305E-02  0.13167E+01
      910.0000  0.22500E+03 -0.22500E+03  0.20467E+06 -0.19067E+06  0.00000E+00  0.00000E+00  0.30055E+02  0.44328E+02  0.53113E+02  0.00000E+00  0.00000E+00  0.00000E+00   76314  0.00000E+00  0.71526E-03  0.13313E+01
      920.0000  0.22500E+03 -0.22506E+03  0.20692E+06 -0.19292E+06  0.00000E+00  0.00000E+00  0.30054E+02  0.44328E+02  0.53114E+02  0.00000E+00  0.00000E+00  0.00000E+00   88290  0.00000E+00  0.00000E+00  0.13460E+01
      930.0000  0.22500E+03 -0.22494E+03  0.20917E+06 -0.19517E+06  0.00000E+00  0.00000E+00  0.30055E+02  0.44328E+02  0.53115E+02  0.00000E+00  0.00000E+00  0.00000E+00  100180  0.00000E+00  0.30041E-03  0.13606E+01
      940.0000  0.22500E+03 -0.22511E+03  0.21141E+06 -0.19742E+06  0.00000E+00  0.00000E+00  0.30055E+02  0.44328E+02  0.53115E+02  0.00000E+00  0.00000E+00  0.00000E+00  112169  0.00000E+00  0.16737E-02  0.13752E+01
      950.0000  0.22500E+03 -0.22559E+03  0.21366E+06 -0.19966E+06  0.00000E+00  0.00000E+00  0.30055E+02  0.44328E+02  0.53111E+02  0.00000E+00  0.00000E+00  0.00000E+00  124078  0.00000E+00  0.47493E-02  0.13898E+01
      960.0000  0.22500E+03 -0.22508E+03  0.21591E+06 -0.20191E+06  0.00000E+00  0.00000E+00  0.30055E+02  0.44328E+02  0.53115E+02  0.00000E+00  0.00000E+00  0.00000E+00  135949  0.00000E+00  0.56648E-02  0.14045E+01
      970.0000  0.22500E+03 -0.22502E+03  0.21816E+06 -0.20416E+06  0.00000E+00  0.00000E+00  0.30054E+02  0.44328E+02  0.53113E+02  0.00000E+00  0.00000E+00  0.00000E+00  147947  0.00000E+00  0.58651E-03  0.14192E+01
      980.0000  0.22500E+03 -0.22504E+03  0.22040E+06 -0.20641E+06  0.00000E+00  0.00000E+00  0.30054E+02  0.44328E+02  0.53112E+02  0.00000E+00  0.00000E+00  0.00000E+00  159891  0.00000E+00  0.21887E-02  0.14341E+01
      990.0000  0.22500E+03 -0.22508E+03  0.22265E+06 -0.20866E+06  0.00000E+00  0.00000E+00  0.30054E+02  0.44328E+02  0.53114E+02  0.00000E+00  0.00000E+00  0.00000E+00  171812  0.00000E+00  0.12589E-02  0.14485E+01
     1000.0000  0.22500E+03 -0.22499E+03  0.22490E+06 -0.21090E+06  0.00000E+00  0.00000E+00  0.30054E+02  0.44328E+02  0.53114E+02  0.00000E+00  0.00000E+00  0.00000E+00  183573  0.00000E+00  0.14448E-02  0.14630E+01
end
