 ******* Program HYDRUS
 ******* 
 Welcome to HYDRUS-1D                                                    
 Date:  13. 3.    Time:  12:52:40
 Units: L = mm   , T = days , M = mmol 

----------------------------------------------------------
 Time       [T]        0.0000
----------------------------------------------------------
 Sub-region num.                     1
----------------------------------------------------------
 Length   [L]        0.10000E+04  0.10000E+04
 W-volume [L]        0.64709E+02  0.64709E+02
 In-flow  [L/T]      0.00000E+00  0.00000E+00
 h Mean   [L]       -0.10000E+04 -0.10000E+04
 ConcVol  [M/L2] 1   0.00000E+00  0.00000E+00
 cMean    [M/L3] 1   0.00000E+00  0.00000E+00
 Top Flux [L/T]     -0.29768E-05
 Bot Flux [L/T]     -0.29768E-05
----------------------------------------------------------

----------------------------------------------------------
 Time       [T]      200.0000
----------------------------------------------------------
 Sub-region num.                     1
----------------------------------------------------------
 Length   [L]        0.10000E+04  0.10000E+04
 W-volume [L]        0.12612E+03  0.12612E+03
 In-flow  [L/T]      0.60819E-04  0.60819E-04
 h Mean   [L]       -0.37271E+03 -0.37271E+03
 ConcVol  [M/L2] 1   0.90884E+04  0.90884E+04
 cMean    [M/L3] 1   0.72257E+02  0.72257E+02
 Top Flux [L/T]     -0.37158E+01
 Bot Flux [L/T]     -0.13750E+01
 WatBalT  [L]       -0.12909E-01
 WatBalR  [%]              0.001
 CncBalT  [M]    1   0.25632E+02
 CncBalR  [%]    1         0.071
----------------------------------------------------------

----------------------------------------------------------
 Time       [T]      400.0000
----------------------------------------------------------
 Sub-region num.                     1
----------------------------------------------------------
 Length   [L]        0.10000E+04  0.10000E+04
 W-volume [L]        0.12612E+03  0.12612E+03
 In-flow  [L/T]      0.26722E-04  0.26722E-04
 h Mean   [L]       -0.37271E+03 -0.37271E+03
 ConcVol  [M/L2] 1   0.90884E+04  0.90884E+04
 cMean    [M/L3] 1   0.72257E+02  0.72257E+02
 Top Flux [L/T]     -0.37158E+01
 Bot Flux [L/T]     -0.13751E+01
 WatBalT  [L]       -0.12535E-01
 WatBalR  [%]              0.000
 CncBalT  [M]    1   0.25633E+02
 CncBalR  [%]    1         0.032
----------------------------------------------------------

----------------------------------------------------------
 Time       [T]      600.0000
----------------------------------------------------------
 Sub-region num.                     1
----------------------------------------------------------
 Length   [L]        0.10000E+04  0.10000E+04
 W-volume [L]        0.12612E+03  0.12612E+03
 In-flow  [L/T]     -0.66305E-04 -0.66305E-04
 h Mean   [L]       -0.37271E+03 -0.37271E+03
 ConcVol  [M/L2] 1   0.90884E+04  0.90884E+04
 cMean    [M/L3] 1   0.72257E+02  0.72257E+02
 Top Flux [L/T]     -0.37158E+01
 Bot Flux [L/T]     -0.13752E+01
 WatBalT  [L]       -0.12512E-01
 WatBalR  [%]              0.000
 CncBalT  [M]    1   0.25635E+02
 CncBalR  [%]    1         0.020
----------------------------------------------------------

----------------------------------------------------------
 Time       [T]      800.0000
----------------------------------------------------------
 Sub-region num.                     1
----------------------------------------------------------
 Length   [L]        0.10000E+04  0.10000E+04
 W-volume [L]        0.12612E+03  0.12612E+03
 In-flow  [L/T]      0.57431E-04  0.57431E-04
 h Mean   [L]       -0.37271E+03 -0.37271E+03
 ConcVol  [M/L2] 1   0.90884E+04  0.90884E+04
 cMean    [M/L3] 1   0.72256E+02  0.72256E+02
 Top Flux [L/T]     -0.37158E+01
 Bot Flux [L/T]     -0.13751E+01
 WatBalT  [L]       -0.12169E-01
 WatBalR  [%]              0.000
 CncBalT  [M]    1   0.25622E+02
 CncBalR  [%]    1         0.015
----------------------------------------------------------

----------------------------------------------------------
 Time       [T]     1000.0000
----------------------------------------------------------
 Sub-region num.                     1
----------------------------------------------------------
 Length   [L]        0.10000E+04  0.10000E+04
 W-volume [L]        0.12612E+03  0.12612E+03
 In-flow  [L/T]     -0.65081E-05 -0.65081E-05
 h Mean   [L]       -0.37271E+03 -0.37271E+03
 ConcVol  [M/L2] 1   0.90884E+04  0.90884E+04
 cMean    [M/L3] 1   0.72257E+02  0.72257E+02
 Top Flux [L/T]     -0.37158E+01
 Bot Flux [L/T]     -0.13751E+01
 WatBalT  [L]       -0.12024E-01
 WatBalR  [%]              0.000
 CncBalT  [M]    1   0.25620E+02
 CncBalR  [%]    1         0.012
----------------------------------------------------------
 
 Calculation time [sec]   6.92999999225140     
