 ******* Program HYDRUS
 ******* 
 Welcome to HYDRUS-1D                                                    
 Date:  13. 3.    Time:  12:52:40
 Units: L = mm   , T = days , M = mmol 


    TLevel      Time           dt     ItrW ItrC    ItCum  KodT  KodB Converg  Peclet   Courant

      400  0.1000000E+02  0.35157E-01    2    1     1831    -4    -5     T     5.986     0.198
      589  0.2000000E+02  0.39123E-01    2    1     2497    -4    -5     T     6.122     0.220
      788  0.3000000E+02  0.47521E-01    4    1     3328    -4    -5     T     6.432     0.267
     1012  0.4000000E+02  0.44230E-01    2    1     4380    -4    -5     T     6.307     0.249
     1238  0.5000000E+02  0.40625E-01    4    1     5404    -4    -5     T     6.176     0.228
     1482  0.6000000E+02  0.36582E-01    2    1     6587    -4    -5     T     6.034     0.206
     1724  0.7000000E+02  0.41065E-01    4    1     7728    -4    -5     T     6.191     0.231
     1966  0.8000000E+02  0.46720E-01    7    1     8895    -4    -5     T     6.401     0.263
     2210  0.9000000E+02  0.40089E-01    3    1    10046    -4    -5     T     6.157     0.225
     2461  0.1000000E+03  0.45209E-01    5    1    11212    -4    -5     T     6.344     0.254
     2705  0.1100000E+03  0.48159E-01    4    1    12366    -4    -5     T     6.457     0.271
     2948  0.1200000E+03  0.43357E-01    4    1    13522    -4    -5     T     6.275     0.244
     3190  0.1300000E+03  0.44326E-01    2    1    14664    -4    -5     T     6.311     0.249
     3430  0.1400000E+03  0.37797E-01    4    1    15825    -4    -5     T     6.076     0.213
     3672  0.1500000E+03  0.25880E-01    2    1    16974    -4    -5     T     5.690     0.146
     3905  0.1600000E+03  0.34502E-01    3    1    18175    -4    -5     T     5.964     0.194
     4147  0.1700000E+03  0.47922E-01    2    1    19366    -4    -5     T     6.448     0.269
     4390  0.1800000E+03  0.45280E-01    5    1    20499    -4    -5     T     6.347     0.255
     4618  0.1900000E+03  0.48428E-01    7    1    21654    -4    -5     T     6.468     0.272
     4869  0.2000000E+03  0.45082E-01    5    1    22812    -4    -5     T     6.339     0.253
     5086  0.2100000E+03  0.45457E-01    3    1    23961    -4    -5     T     6.353     0.256
     5333  0.2200000E+03  0.38632E-01    3    1    25135    -4    -5     T     6.105     0.217
     5561  0.2300000E+03  0.49233E-01    3    1    26256    -4    -5     T     6.499     0.277
     5802  0.2400000E+03  0.46418E-01    5    1    27382    -4    -5     T     6.390     0.261
     6030  0.2500000E+03  0.38100E-01    2    1    28545    -4    -5     T     6.087     0.214
     6251  0.2600000E+03  0.27550E-01    2    1    29700    -4    -5     T     5.741     0.155
     6496  0.2700000E+03  0.31230E-01    2    1    30874    -4    -5     T     5.857     0.176
     6741  0.2800000E+03  0.33980E-01    2    1    32051    -4    -5     T     5.947     0.191
     6975  0.2900000E+03  0.39736E-01    3    1    33187    -4    -5     T     6.144     0.223
     7223  0.3000000E+03  0.50859E-01    7    1    34359    -4    -5     T     6.564     0.286
     7449  0.3100000E+03  0.45791E-01    5    1    35474    -4    -5     T     6.366     0.257
     7686  0.3200000E+03  0.41530E-01    4    1    36606    -4    -5     T     6.208     0.234
     7931  0.3300000E+03  0.38274E-01    2    1    37744    -4    -5     T     6.093     0.215
     8173  0.3400000E+03  0.53095E-01    7    1    38900    -4    -5     T     6.656     0.299
     8411  0.3500000E+03  0.45545E-01    5    1    40054    -4    -5     T     6.357     0.256
     8647  0.3600000E+03  0.37911E-01    2    1    41205    -4    -5     T     6.080     0.213
     8886  0.3700000E+03  0.34995E-01    2    1    42332    -4    -5     T     5.981     0.197
     9127  0.3800000E+03  0.31692E-01    3    1    43487    -4    -5     T     5.872     0.178
     9356  0.3900000E+03  0.20265E-01    2    1    44741    -4    -5     T     5.525     0.114
     9585  0.4000000E+03  0.37915E-01    2    1    45875    -4    -5     T     6.080     0.213
     9823  0.4100000E+03  0.27909E-01    2    1    47015    -4    -5     T     5.752     0.157
    10064  0.4200000E+03  0.27458E-01    2    1    48162    -4    -5     T     5.738     0.154
    10290  0.4300000E+03  0.41867E-01    3    1    49324    -4    -5     T     6.220     0.235
    10536  0.4400000E+03  0.50409E-01    7    1    50511    -4    -5     T     6.546     0.283
    10779  0.4500000E+03  0.34852E-01    2    1    51640    -4    -5     T     5.976     0.196
    11023  0.4600000E+03  0.38282E-01    3    1    52793    -4    -5     T     6.093     0.215
    11270  0.4700000E+03  0.34807E-01    3    1    53947    -4    -5     T     5.974     0.196
    11516  0.4800000E+03  0.37655E-01    2    1    55118    -4    -5     T     6.071     0.212
    11740  0.4900000E+03  0.48908E-01    7    1    56238    -4    -5     T     6.487     0.275
    11981  0.5000000E+03  0.36922E-01    2    1    57412    -4    -5     T     6.046     0.208
    12213  0.5100000E+03  0.54465E-01    6    1    58542    -4    -5     T     6.713     0.306
    12439  0.5200000E+03  0.31237E-01    3    1    59665    -4    -5     T     5.857     0.176
    12678  0.5300000E+03  0.45997E-01    5    1    60819    -4    -5     T     6.374     0.259
    12918  0.5400000E+03  0.50205E-01    5    1    61950    -4    -5     T     6.538     0.282
    13158  0.5500000E+03  0.31771E-01    2    1    63102    -4    -5     T     5.875     0.179
    13403  0.5600000E+03  0.26996E-01    2    1    64271    -4    -5     T     5.724     0.152
    13636  0.5700000E+03  0.36701E-01    3    1    65400    -4    -5     T     6.038     0.206
    13875  0.5800000E+03  0.34259E-01    2    1    66573    -4    -5     T     5.956     0.193
    14100  0.5900000E+03  0.35252E-01    2    1    67706    -4    -5     T     5.989     0.198
    14350  0.6000000E+03  0.46750E-01    6    1    68878    -4    -5     T     6.403     0.263
    14593  0.6100000E+03  0.44666E-01    5    1    70032    -4    -5     T     6.324     0.251
    14833  0.6200000E+03  0.45600E-01    5    1    71188    -4    -5     T     6.359     0.256
    15059  0.6300000E+03  0.36411E-01    2    1    72323    -4    -5     T     6.029     0.205
    15308  0.6400000E+03  0.42121E-01    4    1    73496    -4    -5     T     6.230     0.237
    15546  0.6500000E+03  0.46693E-01    6    1    74652    -4    -5     T     6.400     0.263
    15764  0.6600000E+03  0.43824E-01    5    1    75786    -4    -5     T     6.292     0.246
    16011  0.6700000E+03  0.38613E-01    2    1    76951    -4    -5     T     6.105     0.217
    16234  0.6800000E+03  0.35143E-01    3    1    78100    -4    -5     T     5.986     0.198
    16480  0.6900000E+03  0.27036E-01    2    1    79260    -4    -5     T     5.725     0.152
    16716  0.7000000E+03  0.27225E-01    2    1    80424    -4    -5     T     5.731     0.153
    16934  0.7100000E+03  0.39376E-01    3    1    81575    -4    -5     T     6.131     0.221
    17176  0.7200000E+03  0.36558E-01    4    1    82710    -4    -5     T     6.034     0.206
    17420  0.7300000E+03  0.35744E-01    2    1    83863    -4    -5     T     6.006     0.201
    17668  0.7400000E+03  0.37386E-01    4    1    85020    -4    -5     T     6.062     0.210
    17916  0.7500000E+03  0.42718E-01    4    1    86169    -4    -5     T     6.251     0.240
    18156  0.7600000E+03  0.33259E-01    2    1    87302    -4    -5     T     5.923     0.187
    18373  0.7700000E+03  0.46536E-01    6    1    88470    -4    -5     T     6.394     0.262
    18590  0.7800000E+03  0.45671E-01    5    1    89619    -4    -5     T     6.361     0.257
    18807  0.7900000E+03  0.45671E-01    5    1    90762    -4    -5     T     6.361     0.257
    19024  0.8000000E+03  0.45671E-01    5    1    91911    -4    -5     T     6.361     0.257
    19241  0.8100000E+03  0.45671E-01    5    1    93057    -4    -5     T     6.361     0.257
    19458  0.8200000E+03  0.45671E-01    5    1    94199    -4    -5     T     6.361     0.257
    19675  0.8300000E+03  0.45671E-01    5    1    95345    -4    -5     T     6.361     0.257
    19892  0.8400000E+03  0.45671E-01    5    1    96488    -4    -5     T     6.361     0.257
    20109  0.8500000E+03  0.45671E-01    5    1    97634    -4    -5     T     6.361     0.257
    20326  0.8600000E+03  0.45671E-01    5    1    98781    -4    -5     T     6.361     0.257
    20543  0.8700000E+03  0.45671E-01    5    1    99925    -4    -5     T     6.361     0.257
    20760  0.8800000E+03  0.45671E-01    5    1   101070    -4    -5     T     6.361     0.257
    20977  0.8900000E+03  0.45671E-01    5    1   102218    -4    -5     T     6.361     0.257
    21194  0.9000000E+03  0.45671E-01    5    1   103361    -4    -5     T     6.361     0.257
    21411  0.9100000E+03  0.45671E-01    5    1   104507    -4    -5     T     6.361     0.257
    21628  0.9200000E+03  0.45671E-01    5    1   105657    -4    -5     T     6.361     0.257
    21845  0.9300000E+03  0.45671E-01    5    1   106802    -4    -5     T     6.361     0.257
    22062  0.9400000E+03  0.45671E-01    5    1   107944    -4    -5     T     6.361     0.257
    22279  0.9500000E+03  0.45671E-01    5    1   109088    -4    -5     T     6.361     0.257
    22496  0.9600000E+03  0.45671E-01    5    1   110232    -4    -5     T     6.361     0.257
    22713  0.9700000E+03  0.45671E-01    5    1   111375    -4    -5     T     6.361     0.257
    22930  0.9800000E+03  0.45671E-01    5    1   112521    -4    -5     T     6.361     0.257
    23147  0.9900000E+03  0.45671E-01    5    1   113665    -4    -5     T     6.361     0.257
    23364  0.1000000E+04  0.45671E-01    5    1   114809    -4    -5     T     6.361     0.257
end
