 All solute fluxes and cumulative solute fluxes are positive into the region

       Time         cvTop        cvBot      Sum(cvTop)   Sum(cvBot)     cvCh0        cvCh1         cTop        cRoot         cBot        cvRoot    Sum(cvRoot)  Sum(cvNEql) TLevel      cGWL        cRunOff   Sum(cRunOff)    (cv(i),    Sum(cv(i)), i=1,NObs)
        [T]        [M/L2/T]     [M/L2/T]      [M/L2]       [M/L2]       [M/L2]      [M/L2]        [M/L3]      [M/L3]        [M/L3]      [M/L2/T]      [M/L2]       [M/L2]              [M/L3]        [M/L2]      [M/L3]      [M/L2/T]      [M/L2]
       10.0000  0.11250E+03  0.00000E+00  0.11250E+04  0.00000E+00  0.00000E+00  0.00000E+00  0.30108E+02  0.17543E+02  0.00000E+00  0.00000E+00  0.00000E+00  0.00000E+00     400  0.00000E+00  0.00000E+00  0.59794E-02
       20.0000  0.11250E+03  0.00000E+00  0.22500E+04  0.00000E+00  0.00000E+00  0.00000E+00  0.30108E+02  0.35482E+02  0.00000E+00  0.00000E+00  0.00000E+00  0.00000E+00     589  0.00000E+00  0.00000E+00  0.63688E-02
       30.0000  0.11250E+03  0.00000E+00  0.33750E+04  0.00000E+00  0.00000E+00  0.00000E+00  0.30108E+02  0.53452E+02  0.00000E+00  0.00000E+00  0.00000E+00  0.00000E+00     788  0.00000E+00  0.00000E+00  0.68107E-02
       40.0000  0.11250E+03  0.00000E+00  0.45000E+04  0.00000E+00  0.00000E+00  0.00000E+00  0.30108E+02  0.62614E+02  0.00000E+00  0.00000E+00  0.00000E+00  0.00000E+00    1012  0.00000E+00  0.00000E+00  0.73200E-02
       50.0000  0.11250E+03 -0.26554E-19  0.56250E+04 -0.47110E-20  0.00000E+00  0.00000E+00  0.30108E+02  0.62603E+02  0.21606E-19  0.00000E+00  0.00000E+00  0.00000E+00    1238  0.00000E+00  0.00000E+00  0.80169E-02
       60.0000  0.11250E+03 -0.11359E-06  0.67500E+04 -0.59814E-07  0.00000E+00  0.00000E+00  0.30108E+02  0.62605E+02  0.85493E-07  0.00000E+00  0.00000E+00  0.00000E+00    1482  0.00000E+00  0.00000E+00  0.87296E-02
       70.0000  0.11250E+03 -0.13222E+00  0.78750E+04 -0.13171E+00  0.00000E+00  0.00000E+00  0.30108E+02  0.62604E+02  0.98025E-01  0.00000E+00  0.00000E+00  0.00000E+00    1724  0.00000E+00  0.00000E+00  0.91247E-02
       80.0000  0.11250E+03 -0.47833E+02  0.90000E+04 -0.12332E+03  0.00000E+00  0.00000E+00  0.30108E+02  0.62610E+02  0.35008E+02  0.00000E+00  0.00000E+00  0.00000E+00    1966  0.00000E+00  0.00000E+00  0.96618E-02
       90.0000  0.11250E+03 -0.11243E+03  0.10125E+05 -0.10622E+04  0.00000E+00  0.00000E+00  0.30108E+02  0.62604E+02  0.81757E+02  0.00000E+00  0.00000E+00  0.00000E+00    2210  0.00000E+00  0.00000E+00  0.10046E-01
      100.0000  0.11250E+03 -0.11249E+03  0.11250E+05 -0.21871E+04  0.00000E+00  0.00000E+00  0.30108E+02  0.62605E+02  0.81810E+02  0.00000E+00  0.00000E+00  0.00000E+00    2461  0.00000E+00  0.30041E-03  0.10521E-01
      110.0000  0.11250E+03 -0.11250E+03  0.12375E+05 -0.33121E+04  0.00000E+00  0.00000E+00  0.30108E+02  0.62601E+02  0.81814E+02  0.00000E+00  0.00000E+00  0.00000E+00    2705  0.00000E+00  0.00000E+00  0.10885E-01
      120.0000  0.11250E+03 -0.11250E+03  0.13500E+05 -0.44371E+04  0.00000E+00  0.00000E+00  0.30108E+02  0.62600E+02  0.81815E+02  0.00000E+00  0.00000E+00  0.00000E+00    2948  0.00000E+00  0.00000E+00  0.11295E-01
      130.0000  0.11250E+03 -0.11251E+03  0.14625E+05 -0.55621E+04  0.00000E+00  0.00000E+00  0.30108E+02  0.62606E+02  0.81820E+02  0.00000E+00  0.00000E+00  0.00000E+00    3190  0.00000E+00  0.00000E+00  0.11676E-01
      140.0000  0.11250E+03 -0.11251E+03  0.15750E+05 -0.66871E+04  0.00000E+00  0.00000E+00  0.30108E+02  0.62605E+02  0.81808E+02  0.00000E+00  0.00000E+00  0.00000E+00    3430  0.00000E+00  0.00000E+00  0.11954E-01
      150.0000  0.11250E+03 -0.11249E+03  0.16875E+05 -0.78121E+04  0.00000E+00  0.00000E+00  0.30108E+02  0.62602E+02  0.81805E+02  0.00000E+00  0.00000E+00  0.00000E+00    3672  0.00000E+00  0.31471E-03  0.12462E-01
      160.0000  0.11250E+03 -0.11249E+03  0.18000E+05 -0.89371E+04  0.00000E+00  0.00000E+00  0.30108E+02  0.62607E+02  0.81799E+02  0.00000E+00  0.00000E+00  0.00000E+00    3905  0.00000E+00  0.00000E+00  0.12865E-01
      170.0000  0.11250E+03 -0.11251E+03  0.19125E+05 -0.10062E+05  0.00000E+00  0.00000E+00  0.30108E+02  0.62604E+02  0.81816E+02  0.00000E+00  0.00000E+00  0.00000E+00    4147  0.00000E+00  0.31471E-03  0.13302E-01
      180.0000  0.11250E+03 -0.11252E+03  0.20250E+05 -0.11187E+05  0.00000E+00  0.00000E+00  0.30108E+02  0.62607E+02  0.81819E+02  0.00000E+00  0.00000E+00  0.00000E+00    4390  0.00000E+00  0.00000E+00  0.13742E-01
      190.0000  0.11250E+03 -0.11249E+03  0.21375E+05 -0.12312E+05  0.00000E+00  0.00000E+00  0.30108E+02  0.62605E+02  0.81808E+02  0.00000E+00  0.00000E+00  0.00000E+00    4618  0.00000E+00  0.00000E+00  0.14101E-01
      200.0000  0.11250E+03 -0.11249E+03  0.22500E+05 -0.13437E+05  0.00000E+00  0.00000E+00  0.30108E+02  0.62608E+02  0.81813E+02  0.00000E+00  0.00000E+00  0.00000E+00    4869  0.00000E+00  0.00000E+00  0.14442E-01
      210.0000  0.11250E+03 -0.11250E+03  0.23625E+05 -0.14562E+05  0.00000E+00  0.00000E+00  0.30108E+02  0.62604E+02  0.81809E+02  0.00000E+00  0.00000E+00  0.00000E+00    5086  0.00000E+00  0.34332E-03  0.14923E-01
      220.0000  0.11250E+03 -0.11249E+03  0.24750E+05 -0.15687E+05  0.00000E+00  0.00000E+00  0.30108E+02  0.62603E+02  0.81814E+02  0.00000E+00  0.00000E+00  0.00000E+00    5333  0.00000E+00  0.00000E+00  0.15317E-01
      230.0000  0.11250E+03 -0.11249E+03  0.25875E+05 -0.16812E+05  0.00000E+00  0.00000E+00  0.30108E+02  0.62605E+02  0.81811E+02  0.00000E+00  0.00000E+00  0.00000E+00    5561  0.00000E+00  0.00000E+00  0.15898E-01
      240.0000  0.11250E+03 -0.11249E+03  0.27000E+05 -0.17937E+05  0.00000E+00  0.00000E+00  0.30108E+02  0.62605E+02  0.81811E+02  0.00000E+00  0.00000E+00  0.00000E+00    5802  0.00000E+00  0.00000E+00  0.16287E-01
      250.0000  0.11250E+03 -0.11249E+03  0.28125E+05 -0.19062E+05  0.00000E+00  0.00000E+00  0.30108E+02  0.62602E+02  0.81811E+02  0.00000E+00  0.00000E+00  0.00000E+00    6030  0.00000E+00  0.00000E+00  0.16632E-01
      260.0000  0.11250E+03 -0.11250E+03  0.29250E+05 -0.20187E+05  0.00000E+00  0.00000E+00  0.30108E+02  0.62608E+02  0.81808E+02  0.00000E+00  0.00000E+00  0.00000E+00    6251  0.00000E+00  0.00000E+00  0.16916E-01
      270.0000  0.11250E+03 -0.11251E+03  0.30375E+05 -0.21312E+05  0.00000E+00  0.00000E+00  0.30108E+02  0.62604E+02  0.81819E+02  0.00000E+00  0.00000E+00  0.00000E+00    6496  0.00000E+00  0.00000E+00  0.17335E-01
      280.0000  0.11250E+03 -0.11251E+03  0.31500E+05 -0.22437E+05  0.00000E+00  0.00000E+00  0.30108E+02  0.62608E+02  0.81821E+02  0.00000E+00  0.00000E+00  0.00000E+00    6741  0.00000E+00  0.00000E+00  0.17726E-01
      290.0000  0.11250E+03 -0.11250E+03  0.32625E+05 -0.23562E+05  0.00000E+00  0.00000E+00  0.30108E+02  0.62606E+02  0.81804E+02  0.00000E+00  0.00000E+00  0.00000E+00    6975  0.00000E+00  0.30756E-03  0.18269E-01
      300.0000  0.11250E+03 -0.11250E+03  0.33750E+05 -0.24687E+05  0.00000E+00  0.00000E+00  0.30108E+02  0.62602E+02  0.81816E+02  0.00000E+00  0.00000E+00  0.00000E+00    7223  0.00000E+00  0.00000E+00  0.18818E-01
      310.0000  0.11250E+03 -0.11251E+03  0.34875E+05 -0.25812E+05  0.00000E+00  0.00000E+00  0.30108E+02  0.62610E+02  0.81814E+02  0.00000E+00  0.00000E+00  0.00000E+00    7449  0.00000E+00  0.00000E+00  0.19198E-01
      320.0000  0.11250E+03 -0.11251E+03  0.36000E+05 -0.26937E+05  0.00000E+00  0.00000E+00  0.30108E+02  0.62605E+02  0.81817E+02  0.00000E+00  0.00000E+00  0.00000E+00    7686  0.00000E+00  0.00000E+00  0.19663E-01
      330.0000  0.11250E+03 -0.11249E+03  0.37125E+05 -0.28062E+05  0.00000E+00  0.00000E+00  0.30108E+02  0.62599E+02  0.81812E+02  0.00000E+00  0.00000E+00  0.00000E+00    7931  0.00000E+00  0.00000E+00  0.20087E-01
      340.0000  0.11250E+03 -0.11249E+03  0.38250E+05 -0.29187E+05  0.00000E+00  0.00000E+00  0.30108E+02  0.62603E+02  0.81805E+02  0.00000E+00  0.00000E+00  0.00000E+00    8173  0.00000E+00  0.00000E+00  0.20563E-01
      350.0000  0.11250E+03 -0.11251E+03  0.39375E+05 -0.30312E+05  0.00000E+00  0.00000E+00  0.30108E+02  0.62603E+02  0.81819E+02  0.00000E+00  0.00000E+00  0.00000E+00    8411  0.00000E+00  0.00000E+00  0.20963E-01
      360.0000  0.11250E+03 -0.11251E+03  0.40500E+05 -0.31437E+05  0.00000E+00  0.00000E+00  0.30108E+02  0.62606E+02  0.81815E+02  0.00000E+00  0.00000E+00  0.00000E+00    8647  0.00000E+00  0.00000E+00  0.21398E-01
      370.0000  0.11250E+03 -0.11248E+03  0.41625E+05 -0.32562E+05  0.00000E+00  0.00000E+00  0.30108E+02  0.62605E+02  0.81800E+02  0.00000E+00  0.00000E+00  0.00000E+00    8886  0.00000E+00  0.00000E+00  0.21764E-01
      380.0000  0.11250E+03 -0.11249E+03  0.42750E+05 -0.33687E+05  0.00000E+00  0.00000E+00  0.30108E+02  0.62604E+02  0.81804E+02  0.00000E+00  0.00000E+00  0.00000E+00    9127  0.00000E+00  0.00000E+00  0.22233E-01
      390.0000  0.11250E+03 -0.11250E+03  0.43875E+05 -0.34812E+05  0.00000E+00  0.00000E+00  0.30108E+02  0.62601E+02  0.81816E+02  0.00000E+00  0.00000E+00  0.00000E+00    9356  0.00000E+00  0.00000E+00  0.22608E-01
      400.0000  0.11250E+03 -0.11251E+03  0.45000E+05 -0.35937E+05  0.00000E+00  0.00000E+00  0.30108E+02  0.62605E+02  0.81818E+02  0.00000E+00  0.00000E+00  0.00000E+00    9585  0.00000E+00  0.00000E+00  0.22985E-01
      410.0000  0.11250E+03 -0.11250E+03  0.46125E+05 -0.37062E+05  0.00000E+00  0.00000E+00  0.30108E+02  0.62603E+02  0.81815E+02  0.00000E+00  0.00000E+00  0.00000E+00    9823  0.00000E+00  0.00000E+00  0.23481E-01
      420.0000  0.11250E+03 -0.11250E+03  0.47250E+05 -0.38187E+05  0.00000E+00  0.00000E+00  0.30108E+02  0.62609E+02  0.81812E+02  0.00000E+00  0.00000E+00  0.00000E+00   10064  0.00000E+00  0.00000E+00  0.24057E-01
      430.0000  0.11250E+03 -0.11248E+03  0.48376E+05 -0.39312E+05  0.00000E+00  0.00000E+00  0.30108E+02  0.62605E+02  0.81798E+02  0.00000E+00  0.00000E+00  0.00000E+00   10290  0.00000E+00  0.00000E+00  0.24401E-01
      440.0000  0.11250E+03 -0.11249E+03  0.49501E+05 -0.40437E+05  0.00000E+00  0.00000E+00  0.30108E+02  0.62607E+02  0.81812E+02  0.00000E+00  0.00000E+00  0.00000E+00   10536  0.00000E+00  0.00000E+00  0.24828E-01
      450.0000  0.11250E+03 -0.11249E+03  0.50626E+05 -0.41562E+05  0.00000E+00  0.00000E+00  0.30108E+02  0.62603E+02  0.81809E+02  0.00000E+00  0.00000E+00  0.00000E+00   10779  0.00000E+00  0.00000E+00  0.25215E-01
      460.0000  0.11250E+03 -0.11250E+03  0.51751E+05 -0.42687E+05  0.00000E+00  0.00000E+00  0.30108E+02  0.62604E+02  0.81816E+02  0.00000E+00  0.00000E+00  0.00000E+00   11023  0.00000E+00  0.00000E+00  0.25577E-01
      470.0000  0.11250E+03 -0.11250E+03  0.52876E+05 -0.43812E+05  0.00000E+00  0.00000E+00  0.30108E+02  0.62607E+02  0.81813E+02  0.00000E+00  0.00000E+00  0.00000E+00   11270  0.00000E+00  0.00000E+00  0.26003E-01
      480.0000  0.11250E+03 -0.11251E+03  0.54001E+05 -0.44937E+05  0.00000E+00  0.00000E+00  0.30108E+02  0.62607E+02  0.81816E+02  0.00000E+00  0.00000E+00  0.00000E+00   11516  0.00000E+00  0.00000E+00  0.26318E-01
      490.0000  0.11250E+03 -0.11251E+03  0.55125E+05 -0.46062E+05  0.00000E+00  0.00000E+00  0.30108E+02  0.62605E+02  0.81817E+02  0.00000E+00  0.00000E+00  0.00000E+00   11740  0.00000E+00  0.00000E+00  0.26694E-01
      500.0000  0.11250E+03 -0.11250E+03  0.56250E+05 -0.47187E+05  0.00000E+00  0.00000E+00  0.30108E+02  0.62606E+02  0.81814E+02  0.00000E+00  0.00000E+00  0.00000E+00   11981  0.00000E+00  0.00000E+00  0.27051E-01
      510.0000  0.11250E+03 -0.11251E+03  0.57375E+05 -0.48312E+05  0.00000E+00  0.00000E+00  0.30108E+02  0.62611E+02  0.81815E+02  0.00000E+00  0.00000E+00  0.00000E+00   12213  0.00000E+00  0.00000E+00  0.27495E-01
      520.0000  0.11250E+03 -0.11251E+03  0.58500E+05 -0.49437E+05  0.00000E+00  0.00000E+00  0.30108E+02  0.62603E+02  0.81817E+02  0.00000E+00  0.00000E+00  0.00000E+00   12439  0.00000E+00  0.00000E+00  0.28028E-01
      530.0000  0.11250E+03 -0.11251E+03  0.59625E+05 -0.50562E+05  0.00000E+00  0.00000E+00  0.30108E+02  0.62605E+02  0.81813E+02  0.00000E+00  0.00000E+00  0.00000E+00   12678  0.00000E+00  0.00000E+00  0.28325E-01
      540.0000  0.11250E+03 -0.11250E+03  0.60750E+05 -0.51687E+05  0.00000E+00  0.00000E+00  0.30108E+02  0.62605E+02  0.81811E+02  0.00000E+00  0.00000E+00  0.00000E+00   12918  0.00000E+00  0.00000E+00  0.28817E-01
      550.0000  0.11250E+03 -0.11251E+03  0.61875E+05 -0.52812E+05  0.00000E+00  0.00000E+00  0.30108E+02  0.62604E+02  0.81827E+02  0.00000E+00  0.00000E+00  0.00000E+00   13158  0.00000E+00  0.00000E+00  0.29383E-01
      560.0000  0.11250E+03 -0.11250E+03  0.63000E+05 -0.53937E+05  0.00000E+00  0.00000E+00  0.30108E+02  0.62599E+02  0.81812E+02  0.00000E+00  0.00000E+00  0.00000E+00   13403  0.00000E+00  0.00000E+00  0.29789E-01
      570.0000  0.11250E+03 -0.11250E+03  0.64125E+05 -0.55062E+05  0.00000E+00  0.00000E+00  0.30108E+02  0.62606E+02  0.81807E+02  0.00000E+00  0.00000E+00  0.00000E+00   13636  0.00000E+00  0.00000E+00  0.30179E-01
      580.0000  0.11250E+03 -0.11250E+03  0.65250E+05 -0.56187E+05  0.00000E+00  0.00000E+00  0.30108E+02  0.62609E+02  0.81816E+02  0.00000E+00  0.00000E+00  0.00000E+00   13875  0.00000E+00  0.00000E+00  0.30568E-01
      590.0000  0.11250E+03 -0.11250E+03  0.66375E+05 -0.57312E+05  0.00000E+00  0.00000E+00  0.30108E+02  0.62607E+02  0.81811E+02  0.00000E+00  0.00000E+00  0.00000E+00   14100  0.00000E+00  0.32187E-03  0.30888E-01
      600.0000  0.11250E+03 -0.11250E+03  0.67500E+05 -0.58437E+05  0.00000E+00  0.00000E+00  0.30108E+02  0.62606E+02  0.81808E+02  0.00000E+00  0.00000E+00  0.00000E+00   14350  0.00000E+00  0.00000E+00  0.31347E-01
      610.0000  0.11250E+03 -0.11249E+03  0.68625E+05 -0.59562E+05  0.00000E+00  0.00000E+00  0.30108E+02  0.62608E+02  0.81810E+02  0.00000E+00  0.00000E+00  0.00000E+00   14593  0.00000E+00  0.00000E+00  0.31721E-01
      620.0000  0.11250E+03 -0.11250E+03  0.69750E+05 -0.60687E+05  0.00000E+00  0.00000E+00  0.30108E+02  0.62602E+02  0.81819E+02  0.00000E+00  0.00000E+00  0.00000E+00   14833  0.00000E+00  0.00000E+00  0.32195E-01
      630.0000  0.11250E+03 -0.11250E+03  0.70875E+05 -0.61812E+05  0.00000E+00  0.00000E+00  0.30108E+02  0.62606E+02  0.81814E+02  0.00000E+00  0.00000E+00  0.00000E+00   15059  0.00000E+00  0.00000E+00  0.32664E-01
      640.0000  0.11250E+03 -0.11250E+03  0.72000E+05 -0.62937E+05  0.00000E+00  0.00000E+00  0.30108E+02  0.62605E+02  0.81812E+02  0.00000E+00  0.00000E+00  0.00000E+00   15308  0.00000E+00  0.36478E-03  0.33150E-01
      650.0000  0.11250E+03 -0.11250E+03  0.73125E+05 -0.64062E+05  0.00000E+00  0.00000E+00  0.30108E+02  0.62604E+02  0.81816E+02  0.00000E+00  0.00000E+00  0.00000E+00   15546  0.00000E+00  0.00000E+00  0.33524E-01
      660.0000  0.11250E+03 -0.11250E+03  0.74250E+05 -0.65187E+05  0.00000E+00  0.00000E+00  0.30108E+02  0.62604E+02  0.81809E+02  0.00000E+00  0.00000E+00  0.00000E+00   15764  0.00000E+00  0.36478E-03  0.33965E-01
      670.0000  0.11250E+03 -0.11248E+03  0.75375E+05 -0.66313E+05  0.00000E+00  0.00000E+00  0.30108E+02  0.62600E+02  0.81807E+02  0.00000E+00  0.00000E+00  0.00000E+00   16011  0.00000E+00  0.00000E+00  0.34449E-01
      680.0000  0.11250E+03 -0.11249E+03  0.76500E+05 -0.67437E+05  0.00000E+00  0.00000E+00  0.30108E+02  0.62608E+02  0.81805E+02  0.00000E+00  0.00000E+00  0.00000E+00   16234  0.00000E+00  0.30756E-03  0.34849E-01
      690.0000  0.11250E+03 -0.11249E+03  0.77625E+05 -0.68562E+05  0.00000E+00  0.00000E+00  0.30108E+02  0.62607E+02  0.81805E+02  0.00000E+00  0.00000E+00  0.00000E+00   16480  0.00000E+00  0.00000E+00  0.35225E-01
      700.0000  0.11250E+03 -0.11250E+03  0.78749E+05 -0.69687E+05  0.00000E+00  0.00000E+00  0.30108E+02  0.62610E+02  0.81812E+02  0.00000E+00  0.00000E+00  0.00000E+00   16716  0.00000E+00  0.00000E+00  0.35673E-01
      710.0000  0.11250E+03 -0.11249E+03  0.79875E+05 -0.70813E+05  0.00000E+00  0.00000E+00  0.30108E+02  0.62603E+02  0.81808E+02  0.00000E+00  0.00000E+00  0.00000E+00   16934  0.00000E+00  0.00000E+00  0.36173E-01
      720.0000  0.11250E+03 -0.11250E+03  0.81000E+05 -0.71938E+05  0.00000E+00  0.00000E+00  0.30108E+02  0.62604E+02  0.81813E+02  0.00000E+00  0.00000E+00  0.00000E+00   17176  0.00000E+00  0.00000E+00  0.36505E-01
      730.0000  0.11250E+03 -0.11251E+03  0.82125E+05 -0.73063E+05  0.00000E+00  0.00000E+00  0.30108E+02  0.62605E+02  0.81819E+02  0.00000E+00  0.00000E+00  0.00000E+00   17420  0.00000E+00  0.00000E+00  0.36856E-01
      740.0000  0.11250E+03 -0.11252E+03  0.83250E+05 -0.74188E+05  0.00000E+00  0.00000E+00  0.30108E+02  0.62610E+02  0.81824E+02  0.00000E+00  0.00000E+00  0.00000E+00   17668  0.00000E+00  0.00000E+00  0.37256E-01
      750.0000  0.11250E+03 -0.11249E+03  0.84375E+05 -0.75313E+05  0.00000E+00  0.00000E+00  0.30108E+02  0.62605E+02  0.81806E+02  0.00000E+00  0.00000E+00  0.00000E+00   17916  0.00000E+00  0.00000E+00  0.37738E-01
      760.0000  0.11250E+03 -0.11250E+03  0.85500E+05 -0.76438E+05  0.00000E+00  0.00000E+00  0.30108E+02  0.62603E+02  0.81810E+02  0.00000E+00  0.00000E+00  0.00000E+00   18156  0.00000E+00  0.00000E+00  0.38197E-01
      770.0000  0.11250E+03 -0.11250E+03  0.86625E+05 -0.77563E+05  0.00000E+00  0.00000E+00  0.30108E+02  0.62605E+02  0.81813E+02  0.00000E+00  0.00000E+00  0.00000E+00   18373  0.00000E+00  0.00000E+00  0.38489E-01
      780.0000  0.11250E+03 -0.11251E+03  0.87750E+05 -0.78688E+05  0.00000E+00  0.00000E+00  0.30108E+02  0.62606E+02  0.81820E+02  0.00000E+00  0.00000E+00  0.00000E+00   18590  0.00000E+00  0.00000E+00  0.38938E-01
      790.0000  0.11250E+03 -0.11251E+03  0.88876E+05 -0.79813E+05  0.00000E+00  0.00000E+00  0.30108E+02  0.62606E+02  0.81817E+02  0.00000E+00  0.00000E+00  0.00000E+00   18807  0.00000E+00  0.00000E+00  0.39370E-01
      800.0000  0.11250E+03 -0.11249E+03  0.90001E+05 -0.80938E+05  0.00000E+00  0.00000E+00  0.30108E+02  0.62606E+02  0.81806E+02  0.00000E+00  0.00000E+00  0.00000E+00   19024  0.00000E+00  0.00000E+00  0.39917E-01
      810.0000  0.11250E+03 -0.11249E+03  0.91126E+05 -0.82064E+05  0.00000E+00  0.00000E+00  0.30108E+02  0.62606E+02  0.81806E+02  0.00000E+00  0.00000E+00  0.00000E+00   19241  0.00000E+00  0.00000E+00  0.40273E-01
      820.0000  0.11250E+03 -0.11250E+03  0.92251E+05 -0.83189E+05  0.00000E+00  0.00000E+00  0.30108E+02  0.62605E+02  0.81814E+02  0.00000E+00  0.00000E+00  0.00000E+00   19458  0.00000E+00  0.00000E+00  0.40737E-01
      830.0000  0.11250E+03 -0.11250E+03  0.93377E+05 -0.84314E+05  0.00000E+00  0.00000E+00  0.30108E+02  0.62605E+02  0.81813E+02  0.00000E+00  0.00000E+00  0.00000E+00   19675  0.00000E+00  0.00000E+00  0.41136E-01
      840.0000  0.11250E+03 -0.11250E+03  0.94502E+05 -0.85439E+05  0.00000E+00  0.00000E+00  0.30108E+02  0.62606E+02  0.81812E+02  0.00000E+00  0.00000E+00  0.00000E+00   19892  0.00000E+00  0.00000E+00  0.41609E-01
      850.0000  0.11250E+03 -0.11250E+03  0.95627E+05 -0.86565E+05  0.00000E+00  0.00000E+00  0.30108E+02  0.62605E+02  0.81812E+02  0.00000E+00  0.00000E+00  0.00000E+00   20109  0.00000E+00  0.00000E+00  0.41904E-01
      860.0000  0.11250E+03 -0.11250E+03  0.96752E+05 -0.87690E+05  0.00000E+00  0.00000E+00  0.30108E+02  0.62607E+02  0.81812E+02  0.00000E+00  0.00000E+00  0.00000E+00   20326  0.00000E+00  0.00000E+00  0.42318E-01
      870.0000  0.11250E+03 -0.11250E+03  0.97877E+05 -0.88815E+05  0.00000E+00  0.00000E+00  0.30108E+02  0.62605E+02  0.81812E+02  0.00000E+00  0.00000E+00  0.00000E+00   20543  0.00000E+00  0.00000E+00  0.42758E-01
      880.0000  0.11250E+03 -0.11250E+03  0.99003E+05 -0.89940E+05  0.00000E+00  0.00000E+00  0.30108E+02  0.62605E+02  0.81812E+02  0.00000E+00  0.00000E+00  0.00000E+00   20760  0.00000E+00  0.00000E+00  0.43106E-01
      890.0000  0.11250E+03 -0.11250E+03  0.10013E+06 -0.91065E+05  0.00000E+00  0.00000E+00  0.30108E+02  0.62605E+02  0.81812E+02  0.00000E+00  0.00000E+00  0.00000E+00   20977  0.00000E+00  0.30041E-03  0.43556E-01
      900.0000  0.11250E+03 -0.11250E+03  0.10125E+06 -0.92191E+05  0.00000E+00  0.00000E+00  0.30108E+02  0.62607E+02  0.81812E+02  0.00000E+00  0.00000E+00  0.00000E+00   21194  0.00000E+00  0.30041E-03  0.44113E-01
      910.0000  0.11250E+03 -0.11250E+03  0.10238E+06 -0.93316E+05  0.00000E+00  0.00000E+00  0.30108E+02  0.62606E+02  0.81812E+02  0.00000E+00  0.00000E+00  0.00000E+00   21411  0.00000E+00  0.00000E+00  0.44679E-01
      920.0000  0.11250E+03 -0.11250E+03  0.10350E+06 -0.94441E+05  0.00000E+00  0.00000E+00  0.30108E+02  0.62605E+02  0.81812E+02  0.00000E+00  0.00000E+00  0.00000E+00   21628  0.00000E+00  0.32187E-03  0.45050E-01
      930.0000  0.11250E+03 -0.11250E+03  0.10463E+06 -0.95566E+05  0.00000E+00  0.00000E+00  0.30108E+02  0.62605E+02  0.81812E+02  0.00000E+00  0.00000E+00  0.00000E+00   21845  0.00000E+00  0.00000E+00  0.45474E-01
      940.0000  0.11250E+03 -0.11250E+03  0.10575E+06 -0.96691E+05  0.00000E+00  0.00000E+00  0.30108E+02  0.62605E+02  0.81812E+02  0.00000E+00  0.00000E+00  0.00000E+00   22062  0.00000E+00  0.00000E+00  0.45897E-01
      950.0000  0.11250E+03 -0.11250E+03  0.10688E+06 -0.97817E+05  0.00000E+00  0.00000E+00  0.30108E+02  0.62605E+02  0.81812E+02  0.00000E+00  0.00000E+00  0.00000E+00   22279  0.00000E+00  0.00000E+00  0.46323E-01
      960.0000  0.11250E+03 -0.11250E+03  0.10800E+06 -0.98942E+05  0.00000E+00  0.00000E+00  0.30108E+02  0.62606E+02  0.81812E+02  0.00000E+00  0.00000E+00  0.00000E+00   22496  0.00000E+00  0.00000E+00  0.46717E-01
      970.0000  0.11250E+03 -0.11250E+03  0.10913E+06 -0.10007E+06  0.00000E+00  0.00000E+00  0.30108E+02  0.62605E+02  0.81812E+02  0.00000E+00  0.00000E+00  0.00000E+00   22713  0.00000E+00  0.00000E+00  0.47145E-01
      980.0000  0.11250E+03 -0.11250E+03  0.11025E+06 -0.10119E+06  0.00000E+00  0.00000E+00  0.30108E+02  0.62607E+02  0.81812E+02  0.00000E+00  0.00000E+00  0.00000E+00   22930  0.00000E+00  0.00000E+00  0.47577E-01
      990.0000  0.11250E+03 -0.11250E+03  0.11138E+06 -0.10232E+06  0.00000E+00  0.00000E+00  0.30108E+02  0.62606E+02  0.81812E+02  0.00000E+00  0.00000E+00  0.00000E+00   23147  0.00000E+00  0.00000E+00  0.47936E-01
     1000.0000  0.11250E+03 -0.11250E+03  0.11251E+06 -0.10344E+06  0.00000E+00  0.00000E+00  0.30108E+02  0.62605E+02  0.81812E+02  0.00000E+00  0.00000E+00  0.00000E+00   23364  0.00000E+00  0.40054E-03  0.48295E-01
end
