 ******* Program HYDRUS
 ******* 
 Welcome to HYDRUS-1D                                                    
 Date:  13. 3.    Time:  12:52:40
 Units: L = mm   , T = days , M = mmol 

       Time          rTop        rRoot        vTop         vRoot        vBot       sum(rTop)   sum(rRoot)    sum(vTop)   sum(vRoot)    sum(vBot)      hTop         hRoot        hBot        RunOff    sum(RunOff)     Volume     sum(Infil)    sum(Evap) TLevel Cum(WTrans)  SnowLayer
        [T]         [L/T]        [L/T]        [L/T]        [L/T]        [L/T]         [L]          [L]          [L]         [L]           [L]         [L]           [L]         [L]          [L/T]         [L]          [L]          [L]          [L]

      10.0000 -0.37500E+01  0.50000E+01 -0.37500E+01  0.27533E+01 -0.29768E-05 -0.37500E+02  0.50000E+02 -0.37500E+02  0.22849E+02 -0.29768E-04 -0.36403E+03 -0.16475E+04 -0.10000E+04  0.00000E+00  0.19931E-03  0.79366E+02  0.37500E+02  0.00000E+00    400  0.00000E+00      0.000
      20.0000 -0.37500E+01  0.50000E+01 -0.37500E+01  0.27634E+01 -0.29768E-05 -0.75000E+02  0.10000E+03 -0.75000E+02  0.50739E+02 -0.59537E-04 -0.36402E+03 -0.78761E+03 -0.10000E+04  0.00000E+00  0.21229E-03  0.88976E+02  0.75000E+02  0.00000E+00    589  0.00000E+00      0.000
      30.0000 -0.37500E+01  0.50000E+01 -0.37500E+01  0.24413E+01 -0.29768E-05 -0.11250E+03  0.15000E+03 -0.11250E+03  0.76810E+02 -0.89305E-04 -0.36403E+03 -0.37150E+03 -0.10000E+04  0.00000E+00  0.22702E-03  0.10039E+03  0.11250E+03  0.00000E+00    788  0.00000E+00      0.000
      40.0000 -0.37500E+01  0.50000E+01 -0.37500E+01  0.23749E+01 -0.29768E-05 -0.15000E+03  0.20000E+03 -0.15000E+03  0.10069E+03 -0.11907E-03 -0.36403E+03 -0.37145E+03 -0.10000E+04  0.00000E+00  0.24400E-03  0.11400E+03  0.15000E+03  0.00000E+00   1012  0.00000E+00      0.000
      50.0000 -0.37500E+01  0.50000E+01 -0.37500E+01  0.23749E+01 -0.13766E+01 -0.18750E+03  0.25000E+03 -0.18750E+03  0.12444E+03 -0.16387E+01 -0.36403E+03 -0.37144E+03 -0.37394E+03  0.00000E+00  0.26723E-03  0.12612E+03  0.18750E+03  0.00000E+00   1238  0.00000E+00      0.000
      60.0000 -0.37500E+01  0.50000E+01 -0.37500E+01  0.23749E+01 -0.13750E+01 -0.22500E+03  0.30000E+03 -0.22500E+03  0.14819E+03 -0.15390E+02 -0.36403E+03 -0.37146E+03 -0.37395E+03  0.00000E+00  0.29099E-03  0.12612E+03  0.22500E+03  0.00000E+00   1482  0.00000E+00      0.000
      70.0000 -0.37500E+01  0.50000E+01 -0.37500E+01  0.23749E+01 -0.13752E+01 -0.26250E+03  0.35000E+03 -0.26250E+03  0.17194E+03 -0.29141E+02 -0.36403E+03 -0.37145E+03 -0.37395E+03  0.00000E+00  0.30416E-03  0.12612E+03  0.26250E+03  0.00000E+00   1724  0.00000E+00      0.000
      80.0000 -0.37500E+01  0.50000E+01 -0.37500E+01  0.23749E+01 -0.13749E+01 -0.30000E+03  0.40000E+03 -0.30000E+03  0.19569E+03 -0.42892E+02 -0.36403E+03 -0.37146E+03 -0.37396E+03  0.00000E+00  0.32206E-03  0.12612E+03  0.30000E+03  0.00000E+00   1966  0.00000E+00      0.000
      90.0000 -0.37500E+01  0.50000E+01 -0.37500E+01  0.23749E+01 -0.13752E+01 -0.33750E+03  0.45000E+03 -0.33750E+03  0.21944E+03 -0.56643E+02 -0.36402E+03 -0.37145E+03 -0.37395E+03  0.00000E+00  0.33486E-03  0.12612E+03  0.33750E+03  0.00000E+00   2210  0.00000E+00      0.000
     100.0000 -0.37500E+01  0.50000E+01 -0.37500E+01  0.23749E+01 -0.13751E+01 -0.37500E+03  0.50000E+03 -0.37500E+03  0.24319E+03 -0.70394E+02 -0.36403E+03 -0.37146E+03 -0.37395E+03  0.10014E-04  0.35072E-03  0.12612E+03  0.37500E+03  0.00000E+00   2461  0.00000E+00      0.000
     110.0000 -0.37500E+01  0.50000E+01 -0.37500E+01  0.23749E+01 -0.13750E+01 -0.41250E+03  0.55000E+03 -0.41250E+03  0.26694E+03 -0.84144E+02 -0.36402E+03 -0.37145E+03 -0.37395E+03  0.00000E+00  0.36285E-03  0.12612E+03  0.41250E+03  0.00000E+00   2705  0.00000E+00      0.000
     120.0000 -0.37500E+01  0.50000E+01 -0.37500E+01  0.23749E+01 -0.13750E+01 -0.45000E+03  0.60000E+03 -0.45000E+03  0.29068E+03 -0.97895E+02 -0.36402E+03 -0.37145E+03 -0.37395E+03  0.00000E+00  0.37649E-03  0.12612E+03  0.45000E+03  0.00000E+00   2948  0.00000E+00      0.000
     130.0000 -0.37500E+01  0.50000E+01 -0.37500E+01  0.23749E+01 -0.13751E+01 -0.48750E+03  0.65000E+03 -0.48750E+03  0.31443E+03 -0.11165E+03 -0.36402E+03 -0.37145E+03 -0.37395E+03  0.00000E+00  0.38921E-03  0.12612E+03  0.48750E+03  0.00000E+00   3190  0.00000E+00      0.000
     140.0000 -0.37500E+01  0.50000E+01 -0.37500E+01  0.23749E+01 -0.13753E+01 -0.52500E+03  0.70000E+03 -0.52500E+03  0.33818E+03 -0.12540E+03 -0.36402E+03 -0.37145E+03 -0.37395E+03  0.00000E+00  0.39848E-03  0.12612E+03  0.52500E+03  0.00000E+00   3430  0.00000E+00      0.000
     150.0000 -0.37500E+01  0.50000E+01 -0.37500E+01  0.23749E+01 -0.13751E+01 -0.56250E+03  0.75000E+03 -0.56250E+03  0.36193E+03 -0.13915E+03 -0.36403E+03 -0.37146E+03 -0.37395E+03  0.10490E-04  0.41541E-03  0.12612E+03  0.56250E+03  0.00000E+00   3672  0.00000E+00      0.000
     160.0000 -0.37500E+01  0.50000E+01 -0.37500E+01  0.23749E+01 -0.13751E+01 -0.60000E+03  0.80000E+03 -0.60000E+03  0.38568E+03 -0.15290E+03 -0.36403E+03 -0.37146E+03 -0.37395E+03  0.00000E+00  0.42882E-03  0.12612E+03  0.60000E+03  0.00000E+00   3905  0.00000E+00      0.000
     170.0000 -0.37500E+01  0.50000E+01 -0.37500E+01  0.23749E+01 -0.13752E+01 -0.63750E+03  0.85000E+03 -0.63750E+03  0.40943E+03 -0.16665E+03 -0.36403E+03 -0.37145E+03 -0.37395E+03  0.10490E-04  0.44339E-03  0.12612E+03  0.63750E+03  0.00000E+00   4147  0.00000E+00      0.000
     180.0000 -0.37500E+01  0.50000E+01 -0.37500E+01  0.23749E+01 -0.13752E+01 -0.67500E+03  0.90000E+03 -0.67500E+03  0.43318E+03 -0.18040E+03 -0.36402E+03 -0.37145E+03 -0.37395E+03  0.00000E+00  0.45808E-03  0.12612E+03  0.67500E+03  0.00000E+00   4390  0.00000E+00      0.000
     190.0000 -0.37500E+01  0.50000E+01 -0.37500E+01  0.23749E+01 -0.13750E+01 -0.71250E+03  0.95000E+03 -0.71250E+03  0.45693E+03 -0.19415E+03 -0.36403E+03 -0.37145E+03 -0.37395E+03  0.00000E+00  0.47003E-03  0.12612E+03  0.71250E+03  0.00000E+00   4618  0.00000E+00      0.000
     200.0000 -0.37500E+01  0.50000E+01 -0.37500E+01  0.23749E+01 -0.13750E+01 -0.75000E+03  0.10000E+04 -0.75000E+03  0.48068E+03 -0.20790E+03 -0.36402E+03 -0.37145E+03 -0.37395E+03  0.00000E+00  0.48140E-03  0.12612E+03  0.75000E+03  0.00000E+00   4869  0.00000E+00      0.000
     210.0000 -0.37500E+01  0.50000E+01 -0.37500E+01  0.23749E+01 -0.13752E+01 -0.78750E+03  0.10500E+04 -0.78750E+03  0.50443E+03 -0.22165E+03 -0.36403E+03 -0.37145E+03 -0.37395E+03  0.11444E-04  0.49742E-03  0.12612E+03  0.78750E+03  0.00000E+00   5086  0.00000E+00      0.000
     220.0000 -0.37500E+01  0.50000E+01 -0.37500E+01  0.23749E+01 -0.13749E+01 -0.82500E+03  0.11000E+04 -0.82500E+03  0.52818E+03 -0.23541E+03 -0.36402E+03 -0.37145E+03 -0.37395E+03  0.00000E+00  0.51056E-03  0.12612E+03  0.82500E+03  0.00000E+00   5333  0.00000E+00      0.000
     230.0000 -0.37500E+01  0.50000E+01 -0.37500E+01  0.23749E+01 -0.13750E+01 -0.86250E+03  0.11500E+04 -0.86250E+03  0.55193E+03 -0.24916E+03 -0.36403E+03 -0.37146E+03 -0.37395E+03  0.00000E+00  0.52994E-03  0.12612E+03  0.86250E+03  0.00000E+00   5561  0.00000E+00      0.000
     240.0000 -0.37500E+01  0.50000E+01 -0.37500E+01  0.23749E+01 -0.13750E+01 -0.90000E+03  0.12000E+04 -0.90000E+03  0.57568E+03 -0.26291E+03 -0.36403E+03 -0.37145E+03 -0.37395E+03  0.00000E+00  0.54290E-03  0.12612E+03  0.90000E+03  0.00000E+00   5802  0.00000E+00      0.000
     250.0000 -0.37500E+01  0.50000E+01 -0.37500E+01  0.23749E+01 -0.13750E+01 -0.93750E+03  0.12500E+04 -0.93750E+03  0.59943E+03 -0.27666E+03 -0.36403E+03 -0.37145E+03 -0.37395E+03  0.00000E+00  0.55439E-03  0.12612E+03  0.93750E+03  0.00000E+00   6030  0.00000E+00      0.000
     260.0000 -0.37500E+01  0.50000E+01 -0.37500E+01  0.23749E+01 -0.13751E+01 -0.97501E+03  0.13000E+04 -0.97501E+03  0.62318E+03 -0.29041E+03 -0.36403E+03 -0.37146E+03 -0.37395E+03  0.00000E+00  0.56388E-03  0.12612E+03  0.97501E+03  0.00000E+00   6251  0.00000E+00      0.000
     270.0000 -0.37500E+01  0.50000E+01 -0.37500E+01  0.23749E+01 -0.13751E+01 -0.10125E+04  0.13500E+04 -0.10125E+04  0.64693E+03 -0.30416E+03 -0.36403E+03 -0.37145E+03 -0.37395E+03  0.00000E+00  0.57784E-03  0.12612E+03  0.10125E+04  0.00000E+00   6496  0.00000E+00      0.000
     280.0000 -0.37500E+01  0.50000E+01 -0.37500E+01  0.23749E+01 -0.13750E+01 -0.10500E+04  0.14000E+04 -0.10500E+04  0.67068E+03 -0.31791E+03 -0.36403E+03 -0.37145E+03 -0.37395E+03  0.00000E+00  0.59087E-03  0.12612E+03  0.10500E+04  0.00000E+00   6741  0.00000E+00      0.000
     290.0000 -0.37500E+01  0.50000E+01 -0.37500E+01  0.23749E+01 -0.13752E+01 -0.10875E+04  0.14500E+04 -0.10875E+04  0.69442E+03 -0.33166E+03 -0.36403E+03 -0.37145E+03 -0.37395E+03  0.10252E-04  0.60897E-03  0.12612E+03  0.10875E+04  0.00000E+00   6975  0.00000E+00      0.000
     300.0000 -0.37500E+01  0.50000E+01 -0.37500E+01  0.23749E+01 -0.13750E+01 -0.11250E+04  0.15000E+04 -0.11250E+04  0.71817E+03 -0.34541E+03 -0.36402E+03 -0.37145E+03 -0.37395E+03  0.00000E+00  0.62727E-03  0.12612E+03  0.11250E+04  0.00000E+00   7223  0.00000E+00      0.000
     310.0000 -0.37500E+01  0.50000E+01 -0.37500E+01  0.23749E+01 -0.13751E+01 -0.11625E+04  0.15500E+04 -0.11625E+04  0.74192E+03 -0.35916E+03 -0.36403E+03 -0.37145E+03 -0.37395E+03  0.00000E+00  0.63993E-03  0.12612E+03  0.11625E+04  0.00000E+00   7449  0.00000E+00      0.000
     320.0000 -0.37500E+01  0.50000E+01 -0.37500E+01  0.23749E+01 -0.13752E+01 -0.12000E+04  0.16000E+04 -0.12000E+04  0.76567E+03 -0.37292E+03 -0.36402E+03 -0.37145E+03 -0.37395E+03  0.00000E+00  0.65545E-03  0.12612E+03  0.12000E+04  0.00000E+00   7686  0.00000E+00      0.000
     330.0000 -0.37500E+01  0.50000E+01 -0.37500E+01  0.23749E+01 -0.13750E+01 -0.12375E+04  0.16500E+04 -0.12375E+04  0.78942E+03 -0.38667E+03 -0.36403E+03 -0.37145E+03 -0.37395E+03  0.00000E+00  0.66958E-03  0.12612E+03  0.12375E+04  0.00000E+00   7931  0.00000E+00      0.000
     340.0000 -0.37500E+01  0.50000E+01 -0.37500E+01  0.23749E+01 -0.13751E+01 -0.12750E+04  0.17000E+04 -0.12750E+04  0.81317E+03 -0.40042E+03 -0.36402E+03 -0.37145E+03 -0.37395E+03  0.00000E+00  0.68543E-03  0.12612E+03  0.12750E+04  0.00000E+00   8173  0.00000E+00      0.000
     350.0000 -0.37500E+01  0.50000E+01 -0.37500E+01  0.23749E+01 -0.13751E+01 -0.13125E+04  0.17500E+04 -0.13125E+04  0.83692E+03 -0.41417E+03 -0.36403E+03 -0.37145E+03 -0.37395E+03  0.00000E+00  0.69878E-03  0.12612E+03  0.13125E+04  0.00000E+00   8411  0.00000E+00      0.000
     360.0000 -0.37500E+01  0.50000E+01 -0.37500E+01  0.23749E+01 -0.13751E+01 -0.13500E+04  0.18000E+04 -0.13500E+04  0.86067E+03 -0.42792E+03 -0.36403E+03 -0.37146E+03 -0.37395E+03  0.00000E+00  0.71325E-03  0.12612E+03  0.13500E+04  0.00000E+00   8647  0.00000E+00      0.000
     370.0000 -0.37500E+01  0.50000E+01 -0.37500E+01  0.23749E+01 -0.13751E+01 -0.13875E+04  0.18500E+04 -0.13875E+04  0.88442E+03 -0.44167E+03 -0.36403E+03 -0.37145E+03 -0.37395E+03  0.00000E+00  0.72548E-03  0.12612E+03  0.13875E+04  0.00000E+00   8886  0.00000E+00      0.000
     380.0000 -0.37500E+01  0.50000E+01 -0.37500E+01  0.23749E+01 -0.13751E+01 -0.14250E+04  0.19000E+04 -0.14250E+04  0.90817E+03 -0.45542E+03 -0.36403E+03 -0.37145E+03 -0.37395E+03  0.00000E+00  0.74110E-03  0.12612E+03  0.14250E+04  0.00000E+00   9127  0.00000E+00      0.000
     390.0000 -0.37500E+01  0.50000E+01 -0.37500E+01  0.23749E+01 -0.13751E+01 -0.14625E+04  0.19500E+04 -0.14625E+04  0.93191E+03 -0.46917E+03 -0.36403E+03 -0.37145E+03 -0.37395E+03  0.00000E+00  0.75361E-03  0.12612E+03  0.14625E+04  0.00000E+00   9356  0.00000E+00      0.000
     400.0000 -0.37500E+01  0.50000E+01 -0.37500E+01  0.23749E+01 -0.13751E+01 -0.15000E+04  0.20000E+04 -0.15000E+04  0.95566E+03 -0.48292E+03 -0.36403E+03 -0.37145E+03 -0.37395E+03  0.00000E+00  0.76616E-03  0.12612E+03  0.15000E+04  0.00000E+00   9585  0.00000E+00      0.000
     410.0000 -0.37500E+01  0.50000E+01 -0.37500E+01  0.23749E+01 -0.13751E+01 -0.15375E+04  0.20500E+04 -0.15375E+04  0.97941E+03 -0.49667E+03 -0.36402E+03 -0.37145E+03 -0.37395E+03  0.00000E+00  0.78270E-03  0.12612E+03  0.15375E+04  0.00000E+00   9823  0.00000E+00      0.000
     420.0000 -0.37500E+01  0.50000E+01 -0.37500E+01  0.23749E+01 -0.13751E+01 -0.15750E+04  0.21000E+04 -0.15750E+04  0.10032E+04 -0.51042E+03 -0.36403E+03 -0.37146E+03 -0.37395E+03  0.00000E+00  0.80189E-03  0.12612E+03  0.15750E+04  0.00000E+00  10064  0.00000E+00      0.000
     430.0000 -0.37500E+01  0.50000E+01 -0.37500E+01  0.23749E+01 -0.13751E+01 -0.16125E+04  0.21500E+04 -0.16125E+04  0.10269E+04 -0.52418E+03 -0.36403E+03 -0.37146E+03 -0.37395E+03  0.00000E+00  0.81335E-03  0.12612E+03  0.16125E+04  0.00000E+00  10290  0.00000E+00      0.000
     440.0000 -0.37500E+01  0.50000E+01 -0.37500E+01  0.23749E+01 -0.13750E+01 -0.16500E+04  0.22000E+04 -0.16500E+04  0.10507E+04 -0.53793E+03 -0.36402E+03 -0.37145E+03 -0.37395E+03  0.00000E+00  0.82760E-03  0.12612E+03  0.16500E+04  0.00000E+00  10536  0.00000E+00      0.000
     450.0000 -0.37500E+01  0.50000E+01 -0.37500E+01  0.23749E+01 -0.13751E+01 -0.16875E+04  0.22500E+04 -0.16875E+04  0.10744E+04 -0.55168E+03 -0.36403E+03 -0.37145E+03 -0.37395E+03  0.00000E+00  0.84050E-03  0.12612E+03  0.16875E+04  0.00000E+00  10779  0.00000E+00      0.000
     460.0000 -0.37500E+01  0.50000E+01 -0.37500E+01  0.23749E+01 -0.13750E+01 -0.17250E+04  0.23000E+04 -0.17250E+04  0.10982E+04 -0.56543E+03 -0.36402E+03 -0.37145E+03 -0.37395E+03  0.00000E+00  0.85256E-03  0.12612E+03  0.17250E+04  0.00000E+00  11023  0.00000E+00      0.000
     470.0000 -0.37500E+01  0.50000E+01 -0.37500E+01  0.23749E+01 -0.13751E+01 -0.17625E+04  0.23500E+04 -0.17625E+04  0.11219E+04 -0.57918E+03 -0.36403E+03 -0.37145E+03 -0.37395E+03  0.00000E+00  0.86678E-03  0.12612E+03  0.17625E+04  0.00000E+00  11270  0.00000E+00      0.000
     480.0000 -0.37500E+01  0.50000E+01 -0.37500E+01  0.23749E+01 -0.13751E+01 -0.18000E+04  0.24000E+04 -0.18000E+04  0.11457E+04 -0.59293E+03 -0.36403E+03 -0.37146E+03 -0.37395E+03  0.00000E+00  0.87727E-03  0.12612E+03  0.18000E+04  0.00000E+00  11516  0.00000E+00      0.000
     490.0000 -0.37500E+01  0.50000E+01 -0.37500E+01  0.23749E+01 -0.13752E+01 -0.18375E+04  0.24500E+04 -0.18375E+04  0.11694E+04 -0.60669E+03 -0.36403E+03 -0.37146E+03 -0.37395E+03  0.00000E+00  0.88979E-03  0.12612E+03  0.18375E+04  0.00000E+00  11740  0.00000E+00      0.000
     500.0000 -0.37500E+01  0.50000E+01 -0.37500E+01  0.23749E+01 -0.13750E+01 -0.18750E+04  0.25000E+04 -0.18750E+04  0.11932E+04 -0.62044E+03 -0.36403E+03 -0.37146E+03 -0.37395E+03  0.00000E+00  0.90168E-03  0.12612E+03  0.18750E+04  0.00000E+00  11981  0.00000E+00      0.000
     510.0000 -0.37500E+01  0.50000E+01 -0.37500E+01  0.23749E+01 -0.13751E+01 -0.19125E+04  0.25500E+04 -0.19125E+04  0.12169E+04 -0.63419E+03 -0.36403E+03 -0.37145E+03 -0.37395E+03  0.00000E+00  0.91652E-03  0.12612E+03  0.19125E+04  0.00000E+00  12213  0.00000E+00      0.000
     520.0000 -0.37500E+01  0.50000E+01 -0.37500E+01  0.23749E+01 -0.13751E+01 -0.19500E+04  0.26000E+04 -0.19500E+04  0.12407E+04 -0.64794E+03 -0.36403E+03 -0.37145E+03 -0.37395E+03  0.00000E+00  0.93426E-03  0.12612E+03  0.19500E+04  0.00000E+00  12439  0.00000E+00      0.000
     530.0000 -0.37500E+01  0.50000E+01 -0.37500E+01  0.23749E+01 -0.13752E+01 -0.19875E+04  0.26500E+04 -0.19875E+04  0.12644E+04 -0.66169E+03 -0.36403E+03 -0.37145E+03 -0.37395E+03  0.00000E+00  0.94415E-03  0.12612E+03  0.19875E+04  0.00000E+00  12678  0.00000E+00      0.000
     540.0000 -0.37500E+01  0.50000E+01 -0.37500E+01  0.23749E+01 -0.13751E+01 -0.20250E+04  0.27000E+04 -0.20250E+04  0.12882E+04 -0.67544E+03 -0.36403E+03 -0.37145E+03 -0.37395E+03  0.00000E+00  0.96056E-03  0.12612E+03  0.20250E+04  0.00000E+00  12918  0.00000E+00      0.000
     550.0000 -0.37500E+01  0.50000E+01 -0.37500E+01  0.23749E+01 -0.13750E+01 -0.20625E+04  0.27500E+04 -0.20625E+04  0.13119E+04 -0.68919E+03 -0.36403E+03 -0.37145E+03 -0.37395E+03  0.00000E+00  0.97944E-03  0.12612E+03  0.20625E+04  0.00000E+00  13158  0.00000E+00      0.000
     560.0000 -0.37500E+01  0.50000E+01 -0.37500E+01  0.23749E+01 -0.13751E+01 -0.21000E+04  0.28000E+04 -0.21000E+04  0.13356E+04 -0.70294E+03 -0.36403E+03 -0.37145E+03 -0.37395E+03  0.00000E+00  0.99296E-03  0.12612E+03  0.21000E+04  0.00000E+00  13403  0.00000E+00      0.000
     570.0000 -0.37500E+01  0.50000E+01 -0.37500E+01  0.23749E+01 -0.13752E+01 -0.21375E+04  0.28500E+04 -0.21375E+04  0.13594E+04 -0.71669E+03 -0.36403E+03 -0.37145E+03 -0.37395E+03  0.00000E+00  0.10060E-02  0.12612E+03  0.21375E+04  0.00000E+00  13636  0.00000E+00      0.000
     580.0000 -0.37500E+01  0.50000E+01 -0.37500E+01  0.23749E+01 -0.13751E+01 -0.21750E+04  0.29000E+04 -0.21750E+04  0.13831E+04 -0.73044E+03 -0.36403E+03 -0.37145E+03 -0.37395E+03  0.00000E+00  0.10189E-02  0.12612E+03  0.21750E+04  0.00000E+00  13875  0.00000E+00      0.000
     590.0000 -0.37500E+01  0.50000E+01 -0.37500E+01  0.23749E+01 -0.13751E+01 -0.22125E+04  0.29501E+04 -0.22125E+04  0.14069E+04 -0.74419E+03 -0.36403E+03 -0.37145E+03 -0.37395E+03  0.10729E-04  0.10296E-02  0.12612E+03  0.22125E+04  0.00000E+00  14100  0.00000E+00      0.000
     600.0000 -0.37500E+01  0.50000E+01 -0.37500E+01  0.23749E+01 -0.13752E+01 -0.22500E+04  0.30001E+04 -0.22500E+04  0.14307E+04 -0.75794E+03 -0.36402E+03 -0.37145E+03 -0.37395E+03  0.00000E+00  0.10449E-02  0.12612E+03  0.22500E+04  0.00000E+00  14350  0.00000E+00      0.000
     610.0000 -0.37500E+01  0.50000E+01 -0.37500E+01  0.23749E+01 -0.13750E+01 -0.22875E+04  0.30501E+04 -0.22875E+04  0.14544E+04 -0.77169E+03 -0.36403E+03 -0.37145E+03 -0.37395E+03  0.00000E+00  0.10574E-02  0.12612E+03  0.22875E+04  0.00000E+00  14593  0.00000E+00      0.000
     620.0000 -0.37500E+01  0.50000E+01 -0.37500E+01  0.23749E+01 -0.13751E+01 -0.23250E+04  0.31001E+04 -0.23250E+04  0.14782E+04 -0.78544E+03 -0.36403E+03 -0.37146E+03 -0.37395E+03  0.00000E+00  0.10732E-02  0.12612E+03  0.23250E+04  0.00000E+00  14833  0.00000E+00      0.000
     630.0000 -0.37500E+01  0.50000E+01 -0.37500E+01  0.23749E+01 -0.13751E+01 -0.23625E+04  0.31501E+04 -0.23625E+04  0.15019E+04 -0.79919E+03 -0.36403E+03 -0.37145E+03 -0.37395E+03  0.00000E+00  0.10888E-02  0.12612E+03  0.23625E+04  0.00000E+00  15059  0.00000E+00      0.000
     640.0000 -0.37500E+01  0.50000E+01 -0.37500E+01  0.23749E+01 -0.13751E+01 -0.24000E+04  0.32001E+04 -0.24000E+04  0.15257E+04 -0.81295E+03 -0.36403E+03 -0.37146E+03 -0.37395E+03  0.12159E-04  0.11050E-02  0.12612E+03  0.24000E+04  0.00000E+00  15308  0.00000E+00      0.000
     650.0000 -0.37500E+01  0.50000E+01 -0.37500E+01  0.23749E+01 -0.13751E+01 -0.24375E+04  0.32501E+04 -0.24375E+04  0.15494E+04 -0.82670E+03 -0.36403E+03 -0.37146E+03 -0.37395E+03  0.00000E+00  0.11175E-02  0.12612E+03  0.24375E+04  0.00000E+00  15546  0.00000E+00      0.000
     660.0000 -0.37500E+01  0.50000E+01 -0.37500E+01  0.23749E+01 -0.13751E+01 -0.24750E+04  0.33001E+04 -0.24750E+04  0.15731E+04 -0.84045E+03 -0.36403E+03 -0.37145E+03 -0.37395E+03  0.12159E-04  0.11322E-02  0.12612E+03  0.24750E+04  0.00000E+00  15764  0.00000E+00      0.000
     670.0000 -0.37500E+01  0.50000E+01 -0.37500E+01  0.23749E+01 -0.13750E+01 -0.25125E+04  0.33501E+04 -0.25125E+04  0.15969E+04 -0.85420E+03 -0.36403E+03 -0.37145E+03 -0.37395E+03  0.00000E+00  0.11483E-02  0.12612E+03  0.25125E+04  0.00000E+00  16011  0.00000E+00      0.000
     680.0000 -0.37500E+01  0.50000E+01 -0.37500E+01  0.23749E+01 -0.13751E+01 -0.25500E+04  0.34001E+04 -0.25500E+04  0.16206E+04 -0.86795E+03 -0.36403E+03 -0.37145E+03 -0.37395E+03  0.10252E-04  0.11616E-02  0.12612E+03  0.25500E+04  0.00000E+00  16234  0.00000E+00      0.000
     690.0000 -0.37500E+01  0.50000E+01 -0.37500E+01  0.23749E+01 -0.13752E+01 -0.25875E+04  0.34501E+04 -0.25875E+04  0.16444E+04 -0.88170E+03 -0.36403E+03 -0.37145E+03 -0.37395E+03  0.00000E+00  0.11742E-02  0.12612E+03  0.25875E+04  0.00000E+00  16480  0.00000E+00      0.000
     700.0000 -0.37500E+01  0.50000E+01 -0.37500E+01  0.23749E+01 -0.13751E+01 -0.26250E+04  0.35001E+04 -0.26250E+04  0.16681E+04 -0.89545E+03 -0.36403E+03 -0.37146E+03 -0.37395E+03  0.00000E+00  0.11891E-02  0.12612E+03  0.26250E+04  0.00000E+00  16716  0.00000E+00      0.000
     710.0000 -0.37500E+01  0.50000E+01 -0.37500E+01  0.23749E+01 -0.13751E+01 -0.26625E+04  0.35501E+04 -0.26625E+04  0.16919E+04 -0.90920E+03 -0.36403E+03 -0.37145E+03 -0.37395E+03  0.00000E+00  0.12058E-02  0.12612E+03  0.26625E+04  0.00000E+00  16934  0.00000E+00      0.000
     720.0000 -0.37500E+01  0.50000E+01 -0.37500E+01  0.23749E+01 -0.13751E+01 -0.27000E+04  0.36001E+04 -0.27000E+04  0.17157E+04 -0.92295E+03 -0.36403E+03 -0.37145E+03 -0.37395E+03  0.00000E+00  0.12169E-02  0.12612E+03  0.27000E+04  0.00000E+00  17176  0.00000E+00      0.000
     730.0000 -0.37500E+01  0.50000E+01 -0.37500E+01  0.23749E+01 -0.13751E+01 -0.27375E+04  0.36501E+04 -0.27375E+04  0.17394E+04 -0.93670E+03 -0.36403E+03 -0.37145E+03 -0.37395E+03  0.00000E+00  0.12285E-02  0.12612E+03  0.27375E+04  0.00000E+00  17420  0.00000E+00      0.000
     740.0000 -0.37500E+01  0.50000E+01 -0.37500E+01  0.23749E+01 -0.13751E+01 -0.27750E+04  0.37001E+04 -0.27750E+04  0.17631E+04 -0.95045E+03 -0.36403E+03 -0.37145E+03 -0.37395E+03  0.00000E+00  0.12419E-02  0.12612E+03  0.27750E+04  0.00000E+00  17668  0.00000E+00      0.000
     750.0000 -0.37500E+01  0.50000E+01 -0.37500E+01  0.23749E+01 -0.13751E+01 -0.28125E+04  0.37501E+04 -0.28125E+04  0.17869E+04 -0.96420E+03 -0.36403E+03 -0.37146E+03 -0.37395E+03  0.00000E+00  0.12579E-02  0.12612E+03  0.28125E+04  0.00000E+00  17916  0.00000E+00      0.000
     760.0000 -0.37500E+01  0.50000E+01 -0.37500E+01  0.23749E+01 -0.13751E+01 -0.28500E+04  0.38001E+04 -0.28500E+04  0.18106E+04 -0.97796E+03 -0.36403E+03 -0.37145E+03 -0.37395E+03  0.00000E+00  0.12732E-02  0.12612E+03  0.28500E+04  0.00000E+00  18156  0.00000E+00      0.000
     770.0000 -0.37500E+01  0.50000E+01 -0.37500E+01  0.23749E+01 -0.13751E+01 -0.28875E+04  0.38501E+04 -0.28875E+04  0.18344E+04 -0.99171E+03 -0.36403E+03 -0.37145E+03 -0.37395E+03  0.00000E+00  0.12830E-02  0.12612E+03  0.28875E+04  0.00000E+00  18373  0.00000E+00      0.000
     780.0000 -0.37500E+01  0.50000E+01 -0.37500E+01  0.23749E+01 -0.13751E+01 -0.29250E+04  0.39001E+04 -0.29250E+04  0.18581E+04 -0.10055E+04 -0.36403E+03 -0.37145E+03 -0.37395E+03  0.00000E+00  0.12979E-02  0.12612E+03  0.29250E+04  0.00000E+00  18590  0.00000E+00      0.000
     790.0000 -0.37500E+01  0.50000E+01 -0.37500E+01  0.23749E+01 -0.13751E+01 -0.29625E+04  0.39500E+04 -0.29625E+04  0.18819E+04 -0.10192E+04 -0.36402E+03 -0.37145E+03 -0.37395E+03  0.00000E+00  0.13123E-02  0.12612E+03  0.29625E+04  0.00000E+00  18807  0.00000E+00      0.000
     800.0000 -0.37500E+01  0.50000E+01 -0.37500E+01  0.23749E+01 -0.13751E+01 -0.30000E+04  0.40000E+04 -0.30000E+04  0.19056E+04 -0.10330E+04 -0.36402E+03 -0.37145E+03 -0.37395E+03  0.00000E+00  0.13306E-02  0.12612E+03  0.30000E+04  0.00000E+00  19024  0.00000E+00      0.000
     810.0000 -0.37500E+01  0.50000E+01 -0.37500E+01  0.23749E+01 -0.13751E+01 -0.30375E+04  0.40500E+04 -0.30375E+04  0.19294E+04 -0.10467E+04 -0.36403E+03 -0.37145E+03 -0.37395E+03  0.00000E+00  0.13424E-02  0.12612E+03  0.30375E+04  0.00000E+00  19241  0.00000E+00      0.000
     820.0000 -0.37500E+01  0.50000E+01 -0.37500E+01  0.23749E+01 -0.13751E+01 -0.30750E+04  0.41000E+04 -0.30750E+04  0.19532E+04 -0.10605E+04 -0.36403E+03 -0.37145E+03 -0.37395E+03  0.00000E+00  0.13579E-02  0.12612E+03  0.30750E+04  0.00000E+00  19458  0.00000E+00      0.000
     830.0000 -0.37500E+01  0.50000E+01 -0.37500E+01  0.23749E+01 -0.13751E+01 -0.31125E+04  0.41500E+04 -0.31125E+04  0.19769E+04 -0.10742E+04 -0.36403E+03 -0.37146E+03 -0.37395E+03  0.00000E+00  0.13712E-02  0.12612E+03  0.31125E+04  0.00000E+00  19675  0.00000E+00      0.000
     840.0000 -0.37500E+01  0.50000E+01 -0.37500E+01  0.23749E+01 -0.13751E+01 -0.31500E+04  0.42000E+04 -0.31500E+04  0.20007E+04 -0.10879E+04 -0.36403E+03 -0.37145E+03 -0.37395E+03  0.00000E+00  0.13870E-02  0.12612E+03  0.31500E+04  0.00000E+00  19892  0.00000E+00      0.000
     850.0000 -0.37500E+01  0.50000E+01 -0.37500E+01  0.23749E+01 -0.13751E+01 -0.31875E+04  0.42500E+04 -0.31875E+04  0.20244E+04 -0.11017E+04 -0.36403E+03 -0.37145E+03 -0.37395E+03  0.00000E+00  0.13968E-02  0.12612E+03  0.31875E+04  0.00000E+00  20109  0.00000E+00      0.000
     860.0000 -0.37500E+01  0.50000E+01 -0.37500E+01  0.23749E+01 -0.13751E+01 -0.32250E+04  0.43000E+04 -0.32250E+04  0.20482E+04 -0.11154E+04 -0.36402E+03 -0.37145E+03 -0.37395E+03  0.00000E+00  0.14106E-02  0.12612E+03  0.32250E+04  0.00000E+00  20326  0.00000E+00      0.000
     870.0000 -0.37500E+01  0.50000E+01 -0.37500E+01  0.23749E+01 -0.13751E+01 -0.32625E+04  0.43500E+04 -0.32625E+04  0.20719E+04 -0.11292E+04 -0.36403E+03 -0.37146E+03 -0.37395E+03  0.00000E+00  0.14253E-02  0.12612E+03  0.32625E+04  0.00000E+00  20543  0.00000E+00      0.000
     880.0000 -0.37500E+01  0.50000E+01 -0.37500E+01  0.23749E+01 -0.13751E+01 -0.33000E+04  0.44000E+04 -0.33000E+04  0.20956E+04 -0.11429E+04 -0.36403E+03 -0.37146E+03 -0.37395E+03  0.00000E+00  0.14369E-02  0.12612E+03  0.33000E+04  0.00000E+00  20760  0.00000E+00      0.000
     890.0000 -0.37500E+01  0.50000E+01 -0.37500E+01  0.23749E+01 -0.13751E+01 -0.33375E+04  0.44500E+04 -0.33374E+04  0.21193E+04 -0.11566E+04 -0.36403E+03 -0.37145E+03 -0.37395E+03  0.10014E-04  0.14519E-02  0.12612E+03  0.33374E+04  0.00000E+00  20977  0.00000E+00      0.000
     900.0000 -0.37500E+01  0.50000E+01 -0.37500E+01  0.23749E+01 -0.13751E+01 -0.33749E+04  0.44999E+04 -0.33749E+04  0.21431E+04 -0.11704E+04 -0.36402E+03 -0.37145E+03 -0.37395E+03  0.10014E-04  0.14704E-02  0.12612E+03  0.33749E+04  0.00000E+00  21194  0.00000E+00      0.000
     910.0000 -0.37500E+01  0.50000E+01 -0.37500E+01  0.23749E+01 -0.13751E+01 -0.34124E+04  0.45499E+04 -0.34124E+04  0.21668E+04 -0.11841E+04 -0.36403E+03 -0.37145E+03 -0.37395E+03  0.00000E+00  0.14893E-02  0.12612E+03  0.34124E+04  0.00000E+00  21411  0.00000E+00      0.000
     920.0000 -0.37500E+01  0.50000E+01 -0.37500E+01  0.23749E+01 -0.13751E+01 -0.34499E+04  0.45999E+04 -0.34499E+04  0.21905E+04 -0.11979E+04 -0.36403E+03 -0.37145E+03 -0.37395E+03  0.10729E-04  0.15017E-02  0.12612E+03  0.34499E+04  0.00000E+00  21628  0.00000E+00      0.000
     930.0000 -0.37500E+01  0.50000E+01 -0.37500E+01  0.23749E+01 -0.13751E+01 -0.34874E+04  0.46499E+04 -0.34874E+04  0.22142E+04 -0.12116E+04 -0.36403E+03 -0.37145E+03 -0.37395E+03  0.00000E+00  0.15158E-02  0.12612E+03  0.34874E+04  0.00000E+00  21845  0.00000E+00      0.000
     940.0000 -0.37500E+01  0.50000E+01 -0.37500E+01  0.23749E+01 -0.13751E+01 -0.35249E+04  0.46999E+04 -0.35249E+04  0.22380E+04 -0.12254E+04 -0.36403E+03 -0.37146E+03 -0.37395E+03  0.00000E+00  0.15299E-02  0.12612E+03  0.35249E+04  0.00000E+00  22062  0.00000E+00      0.000
     950.0000 -0.37500E+01  0.50000E+01 -0.37500E+01  0.23749E+01 -0.13751E+01 -0.35624E+04  0.47499E+04 -0.35624E+04  0.22617E+04 -0.12391E+04 -0.36403E+03 -0.37145E+03 -0.37395E+03  0.00000E+00  0.15441E-02  0.12612E+03  0.35624E+04  0.00000E+00  22279  0.00000E+00      0.000
     960.0000 -0.37500E+01  0.50000E+01 -0.37500E+01  0.23749E+01 -0.13751E+01 -0.35999E+04  0.47999E+04 -0.35999E+04  0.22854E+04 -0.12528E+04 -0.36403E+03 -0.37145E+03 -0.37395E+03  0.00000E+00  0.15572E-02  0.12612E+03  0.35999E+04  0.00000E+00  22496  0.00000E+00      0.000
     970.0000 -0.37500E+01  0.50000E+01 -0.37500E+01  0.23749E+01 -0.13751E+01 -0.36374E+04  0.48499E+04 -0.36374E+04  0.23091E+04 -0.12666E+04 -0.36403E+03 -0.37145E+03 -0.37395E+03  0.00000E+00  0.15715E-02  0.12612E+03  0.36374E+04  0.00000E+00  22713  0.00000E+00      0.000
     980.0000 -0.37500E+01  0.50000E+01 -0.37500E+01  0.23749E+01 -0.13751E+01 -0.36749E+04  0.48999E+04 -0.36749E+04  0.23329E+04 -0.12803E+04 -0.36402E+03 -0.37145E+03 -0.37395E+03  0.00000E+00  0.15859E-02  0.12612E+03  0.36749E+04  0.00000E+00  22930  0.00000E+00      0.000
     990.0000 -0.37500E+01  0.50000E+01 -0.37500E+01  0.23749E+01 -0.13751E+01 -0.37124E+04  0.49499E+04 -0.37124E+04  0.23566E+04 -0.12941E+04 -0.36403E+03 -0.37145E+03 -0.37395E+03  0.00000E+00  0.15979E-02  0.12612E+03  0.37124E+04  0.00000E+00  23147  0.00000E+00      0.000
    1000.0000 -0.37500E+01  0.50000E+01 -0.37500E+01  0.23749E+01 -0.13751E+01 -0.37499E+04  0.49999E+04 -0.37499E+04  0.23803E+04 -0.13078E+04 -0.36403E+03 -0.37146E+03 -0.37395E+03  0.13351E-04  0.16099E-02  0.12612E+03  0.37499E+04  0.00000E+00  23364  0.00000E+00      0.000
end
