 ******* Program HYDRUS
 ******* 
 Welcome to HYDRUS-1D                                                    
 Date:  13. 3.    Time:  12:48:37
 Units: L = mm   , T = days , M = mmol 

----------------------------------------------------------
 Time       [T]        0.0000
----------------------------------------------------------
 Sub-region num.                     1
----------------------------------------------------------
 Length   [L]        0.10000E+04  0.10000E+04
 W-volume [L]        0.64709E+02  0.64709E+02
 In-flow  [L/T]      0.00000E+00  0.00000E+00
 h Mean   [L]       -0.10000E+04 -0.10000E+04
 ConcVol  [M/L2] 1   0.00000E+00  0.00000E+00
 cMean    [M/L3] 1   0.00000E+00  0.00000E+00
 Top Flux [L/T]     -0.29768E-05
 Bot Flux [L/T]     -0.29768E-05
----------------------------------------------------------

----------------------------------------------------------
 Time       [T]      200.0000
----------------------------------------------------------
 Sub-region num.                     1
----------------------------------------------------------
 Length   [L]        0.10000E+04  0.10000E+04
 W-volume [L]        0.13400E+03  0.13400E+03
 In-flow  [L/T]      0.00000E+00  0.00000E+00
 h Mean   [L]       -0.36160E+03 -0.36160E+03
 ConcVol  [M/L2] 1   0.93903E+04  0.93903E+04
 cMean    [M/L3] 1   0.70651E+02  0.70651E+02
 Top Flux [L/T]     -0.89504E+01
 Bot Flux [L/T]     -0.32431E+01
 WatBalT  [L]        0.24254E-01
 WatBalR  [%]              0.001
 CncBalT  [M]    1   0.27104E+02
 CncBalR  [%]    1         0.027
----------------------------------------------------------

----------------------------------------------------------
 Time       [T]      400.0000
----------------------------------------------------------
 Sub-region num.                     1
----------------------------------------------------------
 Length   [L]        0.10000E+04  0.10000E+04
 W-volume [L]        0.13400E+03  0.13400E+03
 In-flow  [L/T]      0.00000E+00  0.00000E+00
 h Mean   [L]       -0.36160E+03 -0.36160E+03
 ConcVol  [M/L2] 1   0.93903E+04  0.93903E+04
 cMean    [M/L3] 1   0.70651E+02  0.70651E+02
 Top Flux [L/T]     -0.89504E+01
 Bot Flux [L/T]     -0.32431E+01
 WatBalT  [L]        0.24254E-01
 WatBalR  [%]              0.000
 CncBalT  [M]    1   0.27104E+02
 CncBalR  [%]    1         0.013
----------------------------------------------------------

----------------------------------------------------------
 Time       [T]      600.0000
----------------------------------------------------------
 Sub-region num.                     1
----------------------------------------------------------
 Length   [L]        0.10000E+04  0.10000E+04
 W-volume [L]        0.13400E+03  0.13400E+03
 In-flow  [L/T]      0.00000E+00  0.00000E+00
 h Mean   [L]       -0.36160E+03 -0.36160E+03
 ConcVol  [M/L2] 1   0.93903E+04  0.93903E+04
 cMean    [M/L3] 1   0.70651E+02  0.70651E+02
 Top Flux [L/T]     -0.89504E+01
 Bot Flux [L/T]     -0.32431E+01
 WatBalT  [L]        0.24254E-01
 WatBalR  [%]              0.000
 CncBalT  [M]    1   0.27104E+02
 CncBalR  [%]    1         0.009
----------------------------------------------------------

----------------------------------------------------------
 Time       [T]      800.0000
----------------------------------------------------------
 Sub-region num.                     1
----------------------------------------------------------
 Length   [L]        0.10000E+04  0.10000E+04
 W-volume [L]        0.13400E+03  0.13400E+03
 In-flow  [L/T]      0.00000E+00  0.00000E+00
 h Mean   [L]       -0.36160E+03 -0.36160E+03
 ConcVol  [M/L2] 1   0.93903E+04  0.93903E+04
 cMean    [M/L3] 1   0.70651E+02  0.70651E+02
 Top Flux [L/T]     -0.89504E+01
 Bot Flux [L/T]     -0.32431E+01
 WatBalT  [L]        0.24254E-01
 WatBalR  [%]              0.000
 CncBalT  [M]    1   0.27104E+02
 CncBalR  [%]    1         0.006
----------------------------------------------------------

----------------------------------------------------------
 Time       [T]     1000.0000
----------------------------------------------------------
 Sub-region num.                     1
----------------------------------------------------------
 Length   [L]        0.10000E+04  0.10000E+04
 W-volume [L]        0.13400E+03  0.13400E+03
 In-flow  [L/T]      0.00000E+00  0.00000E+00
 h Mean   [L]       -0.36160E+03 -0.36160E+03
 ConcVol  [M/L2] 1   0.93903E+04  0.93903E+04
 cMean    [M/L3] 1   0.70651E+02  0.70651E+02
 Top Flux [L/T]     -0.89504E+01
 Bot Flux [L/T]     -0.32431E+01
 WatBalT  [L]        0.24254E-01
 WatBalR  [%]              0.000
 CncBalT  [M]    1   0.27104E+02
 CncBalR  [%]    1         0.005
----------------------------------------------------------
 
 Calculation time [sec]   9.04000000655651     
