 ******* Program HYDRUS
 ******* 
 Welcome to HYDRUS-1D                                                    
 Date:  13. 3.    Time:  12:48:37
 Units: L = mm   , T = days , M = mmol 


    TLevel      Time           dt     ItrW ItrC    ItCum  KodT  KodB Converg  Peclet   Courant

      615  0.1000000E+02  0.17202E-01    4    1     2859    -4    -5     T     6.052     0.209
     1091  0.2000000E+02  0.16089E-01    2    1     4682    -4    -5     T     5.971     0.195
     1496  0.3000000E+02  0.15483E-01    2    1     5492    -4    -5     T     5.928     0.188
     1901  0.4000000E+02  0.15407E-01    2    1     6302    -4    -5     T     5.922     0.187
     2306  0.5000000E+02  0.15398E-01    2    1     7112    -4    -5     T     5.922     0.187
     2711  0.6000000E+02  0.15396E-01    2    1     7922    -4    -5     T     5.922     0.187
     3116  0.7000000E+02  0.15396E-01    2    1     8732    -4    -5     T     5.922     0.187
     3521  0.8000000E+02  0.15396E-01    2    1     9542    -4    -5     T     5.922     0.187
     3926  0.9000000E+02  0.15396E-01    2    1    10352    -4    -5     T     5.922     0.187
     4331  0.1000000E+03  0.15396E-01    2    1    11162    -4    -5     T     5.922     0.187
     4736  0.1100000E+03  0.15396E-01    2    1    11972    -4    -5     T     5.922     0.187
     5141  0.1200000E+03  0.15396E-01    2    1    12782    -4    -5     T     5.922     0.187
     5546  0.1300000E+03  0.15396E-01    2    1    13592    -4    -5     T     5.922     0.187
     5951  0.1400000E+03  0.15396E-01    2    1    14402    -4    -5     T     5.922     0.187
     6356  0.1500000E+03  0.15396E-01    2    1    15212    -4    -5     T     5.922     0.187
     6761  0.1600000E+03  0.15396E-01    2    1    16022    -4    -5     T     5.922     0.187
     7166  0.1700000E+03  0.15396E-01    2    1    16832    -4    -5     T     5.922     0.187
     7571  0.1800000E+03  0.15396E-01    2    1    17642    -4    -5     T     5.922     0.187
     7976  0.1900000E+03  0.15396E-01    2    1    18452    -4    -5     T     5.922     0.187
     8381  0.2000000E+03  0.15396E-01    2    1    19262    -4    -5     T     5.922     0.187
     8786  0.2100000E+03  0.15396E-01    2    1    20072    -4    -5     T     5.922     0.187
     9191  0.2200000E+03  0.15396E-01    2    1    20882    -4    -5     T     5.922     0.187
     9596  0.2300000E+03  0.15396E-01    2    1    21692    -4    -5     T     5.922     0.187
    10001  0.2400000E+03  0.15396E-01    2    1    22502    -4    -5     T     5.922     0.187
    10406  0.2500000E+03  0.15396E-01    2    1    23312    -4    -5     T     5.922     0.187
    10811  0.2600000E+03  0.15396E-01    2    1    24122    -4    -5     T     5.922     0.187
    11216  0.2700000E+03  0.15396E-01    2    1    24932    -4    -5     T     5.922     0.187
    11621  0.2800000E+03  0.15396E-01    2    1    25742    -4    -5     T     5.922     0.187
    12026  0.2900000E+03  0.15396E-01    2    1    26552    -4    -5     T     5.922     0.187
    12431  0.3000000E+03  0.15396E-01    2    1    27362    -4    -5     T     5.922     0.187
    12836  0.3100000E+03  0.15396E-01    2    1    28172    -4    -5     T     5.922     0.187
    13241  0.3200000E+03  0.15396E-01    2    1    28982    -4    -5     T     5.922     0.187
    13646  0.3300000E+03  0.15396E-01    2    1    29792    -4    -5     T     5.922     0.187
    14051  0.3400000E+03  0.15396E-01    2    1    30602    -4    -5     T     5.922     0.187
    14456  0.3500000E+03  0.15396E-01    2    1    31412    -4    -5     T     5.922     0.187
    14861  0.3600000E+03  0.15396E-01    2    1    32222    -4    -5     T     5.922     0.187
    15266  0.3700000E+03  0.15396E-01    2    1    33032    -4    -5     T     5.922     0.187
    15671  0.3800000E+03  0.15396E-01    2    1    33842    -4    -5     T     5.922     0.187
    16076  0.3900000E+03  0.15396E-01    2    1    34652    -4    -5     T     5.922     0.187
    16481  0.4000000E+03  0.15396E-01    2    1    35462    -4    -5     T     5.922     0.187
    16886  0.4100000E+03  0.15396E-01    2    1    36272    -4    -5     T     5.922     0.187
    17291  0.4200000E+03  0.15396E-01    2    1    37082    -4    -5     T     5.922     0.187
    17696  0.4300000E+03  0.15396E-01    2    1    37892    -4    -5     T     5.922     0.187
    18101  0.4400000E+03  0.15396E-01    2    1    38702    -4    -5     T     5.922     0.187
    18506  0.4500000E+03  0.15396E-01    2    1    39512    -4    -5     T     5.922     0.187
    18911  0.4600000E+03  0.15396E-01    2    1    40322    -4    -5     T     5.922     0.187
    19316  0.4700000E+03  0.15396E-01    2    1    41132    -4    -5     T     5.922     0.187
    19721  0.4800000E+03  0.15396E-01    2    1    41942    -4    -5     T     5.922     0.187
    20126  0.4900000E+03  0.15396E-01    2    1    42752    -4    -5     T     5.922     0.187
    20531  0.5000000E+03  0.15396E-01    2    1    43562    -4    -5     T     5.922     0.187
    20936  0.5100000E+03  0.15396E-01    2    1    44372    -4    -5     T     5.922     0.187
    21341  0.5200000E+03  0.15396E-01    2    1    45182    -4    -5     T     5.922     0.187
    21746  0.5300000E+03  0.15396E-01    2    1    45992    -4    -5     T     5.922     0.187
    22151  0.5400000E+03  0.15396E-01    2    1    46802    -4    -5     T     5.922     0.187
    22556  0.5500000E+03  0.15396E-01    2    1    47612    -4    -5     T     5.922     0.187
    22961  0.5600000E+03  0.15396E-01    2    1    48422    -4    -5     T     5.922     0.187
    23366  0.5700000E+03  0.15396E-01    2    1    49232    -4    -5     T     5.922     0.187
    23771  0.5800000E+03  0.15396E-01    2    1    50042    -4    -5     T     5.922     0.187
    24176  0.5900000E+03  0.15396E-01    2    1    50852    -4    -5     T     5.922     0.187
    24581  0.6000000E+03  0.15396E-01    2    1    51662    -4    -5     T     5.922     0.187
    24986  0.6100000E+03  0.15396E-01    2    1    52472    -4    -5     T     5.922     0.187
    25391  0.6200000E+03  0.15396E-01    2    1    53282    -4    -5     T     5.922     0.187
    25796  0.6300000E+03  0.15396E-01    2    1    54092    -4    -5     T     5.922     0.187
    26201  0.6400000E+03  0.15396E-01    2    1    54902    -4    -5     T     5.922     0.187
    26606  0.6500000E+03  0.15396E-01    2    1    55712    -4    -5     T     5.922     0.187
    27011  0.6600000E+03  0.15396E-01    2    1    56522    -4    -5     T     5.922     0.187
    27416  0.6700000E+03  0.15396E-01    2    1    57332    -4    -5     T     5.922     0.187
    27821  0.6800000E+03  0.15396E-01    2    1    58142    -4    -5     T     5.922     0.187
    28226  0.6900000E+03  0.15396E-01    2    1    58952    -4    -5     T     5.922     0.187
    28631  0.7000000E+03  0.15396E-01    2    1    59762    -4    -5     T     5.922     0.187
    29036  0.7100000E+03  0.15396E-01    2    1    60572    -4    -5     T     5.922     0.187
    29441  0.7200000E+03  0.15396E-01    2    1    61382    -4    -5     T     5.922     0.187
    29846  0.7300000E+03  0.15396E-01    2    1    62192    -4    -5     T     5.922     0.187
    30251  0.7400000E+03  0.15396E-01    2    1    63002    -4    -5     T     5.922     0.187
    30656  0.7500000E+03  0.15396E-01    2    1    63812    -4    -5     T     5.922     0.187
    31061  0.7600000E+03  0.15396E-01    2    1    64622    -4    -5     T     5.922     0.187
    31466  0.7700000E+03  0.15396E-01    2    1    65432    -4    -5     T     5.922     0.187
    31871  0.7800000E+03  0.15396E-01    2    1    66242    -4    -5     T     5.922     0.187
    32276  0.7900000E+03  0.15396E-01    2    1    67052    -4    -5     T     5.922     0.187
    32681  0.8000000E+03  0.15396E-01    2    1    67862    -4    -5     T     5.922     0.187
    33086  0.8100000E+03  0.15396E-01    2    1    68672    -4    -5     T     5.922     0.187
    33491  0.8200000E+03  0.15396E-01    2    1    69482    -4    -5     T     5.922     0.187
    33896  0.8300000E+03  0.15396E-01    2    1    70292    -4    -5     T     5.922     0.187
    34301  0.8400000E+03  0.15396E-01    2    1    71102    -4    -5     T     5.922     0.187
    34706  0.8500000E+03  0.15396E-01    2    1    71912    -4    -5     T     5.922     0.187
    35111  0.8600000E+03  0.15396E-01    2    1    72722    -4    -5     T     5.922     0.187
    35516  0.8700000E+03  0.15396E-01    2    1    73532    -4    -5     T     5.922     0.187
    35921  0.8800000E+03  0.15396E-01    2    1    74342    -4    -5     T     5.922     0.187
    36326  0.8900000E+03  0.15396E-01    2    1    75152    -4    -5     T     5.922     0.187
    36731  0.9000000E+03  0.15396E-01    2    1    75962    -4    -5     T     5.922     0.187
    37136  0.9100000E+03  0.15396E-01    2    1    76772    -4    -5     T     5.922     0.187
    37541  0.9200000E+03  0.15396E-01    2    1    77582    -4    -5     T     5.922     0.187
    37946  0.9300000E+03  0.15396E-01    2    1    78392    -4    -5     T     5.922     0.187
    38351  0.9400000E+03  0.15396E-01    2    1    79202    -4    -5     T     5.922     0.187
    38756  0.9500000E+03  0.15396E-01    2    1    80012    -4    -5     T     5.922     0.187
    39161  0.9600000E+03  0.15396E-01    2    1    80822    -4    -5     T     5.922     0.187
    39566  0.9700000E+03  0.15396E-01    2    1    81632    -4    -5     T     5.922     0.187
    39971  0.9800000E+03  0.15396E-01    2    1    82442    -4    -5     T     5.922     0.187
    40376  0.9900000E+03  0.15396E-01    2    1    83252    -4    -5     T     5.922     0.187
    40781  0.1000000E+04  0.15396E-01    2    1    84062    -4    -5     T     5.922     0.187
end
