 All solute fluxes and cumulative solute fluxes are positive into the region

       Time         cvTop        cvBot      Sum(cvTop)   Sum(cvBot)     cvCh0        cvCh1         cTop        cRoot         cBot        cvRoot    Sum(cvRoot)  Sum(cvNEql) TLevel      cGWL        cRunOff   Sum(cRunOff)    (cv(i),    Sum(cv(i)), i=1,NObs)
        [T]        [M/L2/T]     [M/L2/T]      [M/L2]       [M/L2]       [M/L2]      [M/L2]        [M/L3]      [M/L3]        [M/L3]      [M/L2/T]      [M/L2]       [M/L2]              [M/L3]        [M/L2]      [M/L3]      [M/L2/T]      [M/L2]
       10.0000  0.27000E+03  0.00000E+00  0.27000E+04  0.00000E+00  0.00000E+00  0.00000E+00  0.30066E+02  0.39548E+02  0.00000E+00  0.00000E+00  0.00000E+00  0.00000E+00     615  0.00000E+00  0.42915E-03  0.31221E-02
       20.0000  0.27000E+03 -0.54039E-17  0.54000E+04 -0.78274E-18  0.00000E+00  0.00000E+00  0.30066E+02  0.57923E+02  0.17610E-17  0.00000E+00  0.00000E+00  0.00000E+00    1091  0.00000E+00  0.42915E-03  0.74136E-02
       30.0000  0.27000E+03 -0.57883E+00  0.81001E+04 -0.28942E+00  0.00000E+00  0.00000E+00  0.30066E+02  0.57923E+02  0.18107E+00  0.00000E+00  0.00000E+00  0.00000E+00    1496  0.00000E+00  0.42915E-03  0.11705E-01
       40.0000  0.27000E+03 -0.27002E+03  0.10800E+05 -0.14369E+04  0.00000E+00  0.00000E+00  0.30066E+02  0.57923E+02  0.83260E+02  0.00000E+00  0.00000E+00  0.00000E+00    1901  0.00000E+00  0.42915E-03  0.15996E-01
       50.0000  0.27000E+03 -0.27000E+03  0.13500E+05 -0.41368E+04  0.00000E+00  0.00000E+00  0.30066E+02  0.57923E+02  0.83253E+02  0.00000E+00  0.00000E+00  0.00000E+00    2306  0.00000E+00  0.42915E-03  0.20288E-01
       60.0000  0.27000E+03 -0.27000E+03  0.16200E+05 -0.68369E+04  0.00000E+00  0.00000E+00  0.30066E+02  0.57923E+02  0.83253E+02  0.00000E+00  0.00000E+00  0.00000E+00    2711  0.00000E+00  0.42915E-03  0.24579E-01
       70.0000  0.27000E+03 -0.27000E+03  0.18900E+05 -0.95370E+04  0.00000E+00  0.00000E+00  0.30066E+02  0.57923E+02  0.83253E+02  0.00000E+00  0.00000E+00  0.00000E+00    3116  0.00000E+00  0.42915E-03  0.28871E-01
       80.0000  0.27000E+03 -0.27000E+03  0.21600E+05 -0.12237E+05  0.00000E+00  0.00000E+00  0.30066E+02  0.57923E+02  0.83253E+02  0.00000E+00  0.00000E+00  0.00000E+00    3521  0.00000E+00  0.42915E-03  0.33162E-01
       90.0000  0.27000E+03 -0.27000E+03  0.24300E+05 -0.14937E+05  0.00000E+00  0.00000E+00  0.30066E+02  0.57923E+02  0.83253E+02  0.00000E+00  0.00000E+00  0.00000E+00    3926  0.00000E+00  0.42915E-03  0.37453E-01
      100.0000  0.27000E+03 -0.27000E+03  0.27001E+05 -0.17637E+05  0.00000E+00  0.00000E+00  0.30066E+02  0.57923E+02  0.83253E+02  0.00000E+00  0.00000E+00  0.00000E+00    4331  0.00000E+00  0.42915E-03  0.41745E-01
      110.0000  0.27000E+03 -0.27000E+03  0.29701E+05 -0.20337E+05  0.00000E+00  0.00000E+00  0.30066E+02  0.57923E+02  0.83253E+02  0.00000E+00  0.00000E+00  0.00000E+00    4736  0.00000E+00  0.42915E-03  0.46036E-01
      120.0000  0.27000E+03 -0.27000E+03  0.32401E+05 -0.23037E+05  0.00000E+00  0.00000E+00  0.30066E+02  0.57923E+02  0.83253E+02  0.00000E+00  0.00000E+00  0.00000E+00    5141  0.00000E+00  0.42915E-03  0.50328E-01
      130.0000  0.27000E+03 -0.27000E+03  0.35100E+05 -0.25737E+05  0.00000E+00  0.00000E+00  0.30066E+02  0.57923E+02  0.83253E+02  0.00000E+00  0.00000E+00  0.00000E+00    5546  0.00000E+00  0.42915E-03  0.54619E-01
      140.0000  0.27000E+03 -0.27000E+03  0.37799E+05 -0.28437E+05  0.00000E+00  0.00000E+00  0.30066E+02  0.57923E+02  0.83253E+02  0.00000E+00  0.00000E+00  0.00000E+00    5951  0.00000E+00  0.42915E-03  0.58910E-01
      150.0000  0.27000E+03 -0.27000E+03  0.40499E+05 -0.31138E+05  0.00000E+00  0.00000E+00  0.30066E+02  0.57923E+02  0.83253E+02  0.00000E+00  0.00000E+00  0.00000E+00    6356  0.00000E+00  0.42915E-03  0.63202E-01
      160.0000  0.27000E+03 -0.27000E+03  0.43198E+05 -0.33837E+05  0.00000E+00  0.00000E+00  0.30066E+02  0.57923E+02  0.83253E+02  0.00000E+00  0.00000E+00  0.00000E+00    6761  0.00000E+00  0.42915E-03  0.67495E-01
      170.0000  0.27000E+03 -0.27000E+03  0.45897E+05 -0.36537E+05  0.00000E+00  0.00000E+00  0.30066E+02  0.57923E+02  0.83253E+02  0.00000E+00  0.00000E+00  0.00000E+00    7166  0.00000E+00  0.42915E-03  0.71788E-01
      180.0000  0.27000E+03 -0.27000E+03  0.48597E+05 -0.39236E+05  0.00000E+00  0.00000E+00  0.30066E+02  0.57923E+02  0.83253E+02  0.00000E+00  0.00000E+00  0.00000E+00    7571  0.00000E+00  0.42915E-03  0.76081E-01
      190.0000  0.27000E+03 -0.27000E+03  0.51296E+05 -0.41935E+05  0.00000E+00  0.00000E+00  0.30066E+02  0.57923E+02  0.83253E+02  0.00000E+00  0.00000E+00  0.00000E+00    7976  0.00000E+00  0.42915E-03  0.80374E-01
      200.0000  0.27000E+03 -0.27000E+03  0.53995E+05 -0.44634E+05  0.00000E+00  0.00000E+00  0.30066E+02  0.57923E+02  0.83253E+02  0.00000E+00  0.00000E+00  0.00000E+00    8381  0.00000E+00  0.42915E-03  0.84667E-01
      210.0000  0.27000E+03 -0.27000E+03  0.56694E+05 -0.47334E+05  0.00000E+00  0.00000E+00  0.30066E+02  0.57923E+02  0.83253E+02  0.00000E+00  0.00000E+00  0.00000E+00    8786  0.00000E+00  0.42915E-03  0.88959E-01
      220.0000  0.27000E+03 -0.27000E+03  0.59394E+05 -0.50033E+05  0.00000E+00  0.00000E+00  0.30066E+02  0.57923E+02  0.83253E+02  0.00000E+00  0.00000E+00  0.00000E+00    9191  0.00000E+00  0.42915E-03  0.93252E-01
      230.0000  0.27000E+03 -0.27000E+03  0.62093E+05 -0.52732E+05  0.00000E+00  0.00000E+00  0.30066E+02  0.57923E+02  0.83253E+02  0.00000E+00  0.00000E+00  0.00000E+00    9596  0.00000E+00  0.42915E-03  0.97545E-01
      240.0000  0.27000E+03 -0.27000E+03  0.64792E+05 -0.55432E+05  0.00000E+00  0.00000E+00  0.30066E+02  0.57923E+02  0.83253E+02  0.00000E+00  0.00000E+00  0.00000E+00   10001  0.00000E+00  0.42915E-03  0.10184E+00
      250.0000  0.27000E+03 -0.27000E+03  0.67493E+05 -0.58131E+05  0.00000E+00  0.00000E+00  0.30066E+02  0.57923E+02  0.83253E+02  0.00000E+00  0.00000E+00  0.00000E+00   10406  0.00000E+00  0.42915E-03  0.10613E+00
      260.0000  0.27000E+03 -0.27000E+03  0.70194E+05 -0.60830E+05  0.00000E+00  0.00000E+00  0.30066E+02  0.57923E+02  0.83253E+02  0.00000E+00  0.00000E+00  0.00000E+00   10811  0.00000E+00  0.42915E-03  0.11042E+00
      270.0000  0.27000E+03 -0.27000E+03  0.72894E+05 -0.63530E+05  0.00000E+00  0.00000E+00  0.30066E+02  0.57923E+02  0.83253E+02  0.00000E+00  0.00000E+00  0.00000E+00   11216  0.00000E+00  0.42915E-03  0.11472E+00
      280.0000  0.27000E+03 -0.27000E+03  0.75595E+05 -0.66229E+05  0.00000E+00  0.00000E+00  0.30066E+02  0.57923E+02  0.83253E+02  0.00000E+00  0.00000E+00  0.00000E+00   11621  0.00000E+00  0.42915E-03  0.11901E+00
      290.0000  0.27000E+03 -0.27000E+03  0.78296E+05 -0.68930E+05  0.00000E+00  0.00000E+00  0.30066E+02  0.57923E+02  0.83253E+02  0.00000E+00  0.00000E+00  0.00000E+00   12026  0.00000E+00  0.42915E-03  0.12330E+00
      300.0000  0.27000E+03 -0.27000E+03  0.80997E+05 -0.71631E+05  0.00000E+00  0.00000E+00  0.30066E+02  0.57923E+02  0.83253E+02  0.00000E+00  0.00000E+00  0.00000E+00   12431  0.00000E+00  0.42915E-03  0.12759E+00
      310.0000  0.27000E+03 -0.27000E+03  0.83698E+05 -0.74332E+05  0.00000E+00  0.00000E+00  0.30066E+02  0.57923E+02  0.83253E+02  0.00000E+00  0.00000E+00  0.00000E+00   12836  0.00000E+00  0.42915E-03  0.13188E+00
      320.0000  0.27000E+03 -0.27000E+03  0.86399E+05 -0.77033E+05  0.00000E+00  0.00000E+00  0.30066E+02  0.57923E+02  0.83253E+02  0.00000E+00  0.00000E+00  0.00000E+00   13241  0.00000E+00  0.42915E-03  0.13617E+00
      330.0000  0.27000E+03 -0.27000E+03  0.89100E+05 -0.79733E+05  0.00000E+00  0.00000E+00  0.30066E+02  0.57923E+02  0.83253E+02  0.00000E+00  0.00000E+00  0.00000E+00   13646  0.00000E+00  0.42915E-03  0.14046E+00
      340.0000  0.27000E+03 -0.27000E+03  0.91800E+05 -0.82434E+05  0.00000E+00  0.00000E+00  0.30066E+02  0.57923E+02  0.83253E+02  0.00000E+00  0.00000E+00  0.00000E+00   14051  0.00000E+00  0.42915E-03  0.14475E+00
      350.0000  0.27000E+03 -0.27000E+03  0.94501E+05 -0.85135E+05  0.00000E+00  0.00000E+00  0.30066E+02  0.57923E+02  0.83253E+02  0.00000E+00  0.00000E+00  0.00000E+00   14456  0.00000E+00  0.42915E-03  0.14904E+00
      360.0000  0.27000E+03 -0.27000E+03  0.97202E+05 -0.87836E+05  0.00000E+00  0.00000E+00  0.30066E+02  0.57923E+02  0.83253E+02  0.00000E+00  0.00000E+00  0.00000E+00   14861  0.00000E+00  0.42915E-03  0.15333E+00
      370.0000  0.27000E+03 -0.27000E+03  0.99903E+05 -0.90537E+05  0.00000E+00  0.00000E+00  0.30066E+02  0.57923E+02  0.83253E+02  0.00000E+00  0.00000E+00  0.00000E+00   15266  0.00000E+00  0.42915E-03  0.15762E+00
      380.0000  0.27000E+03 -0.27000E+03  0.10260E+06 -0.93238E+05  0.00000E+00  0.00000E+00  0.30066E+02  0.57923E+02  0.83253E+02  0.00000E+00  0.00000E+00  0.00000E+00   15671  0.00000E+00  0.42915E-03  0.16191E+00
      390.0000  0.27000E+03 -0.27000E+03  0.10530E+06 -0.95939E+05  0.00000E+00  0.00000E+00  0.30066E+02  0.57923E+02  0.83253E+02  0.00000E+00  0.00000E+00  0.00000E+00   16076  0.00000E+00  0.42915E-03  0.16620E+00
      400.0000  0.27000E+03 -0.27000E+03  0.10801E+06 -0.98639E+05  0.00000E+00  0.00000E+00  0.30066E+02  0.57923E+02  0.83253E+02  0.00000E+00  0.00000E+00  0.00000E+00   16481  0.00000E+00  0.42915E-03  0.17049E+00
      410.0000  0.27000E+03 -0.27000E+03  0.11071E+06 -0.10134E+06  0.00000E+00  0.00000E+00  0.30066E+02  0.57923E+02  0.83253E+02  0.00000E+00  0.00000E+00  0.00000E+00   16886  0.00000E+00  0.42915E-03  0.17478E+00
      420.0000  0.27000E+03 -0.27000E+03  0.11341E+06 -0.10404E+06  0.00000E+00  0.00000E+00  0.30066E+02  0.57923E+02  0.83253E+02  0.00000E+00  0.00000E+00  0.00000E+00   17291  0.00000E+00  0.42915E-03  0.17907E+00
      430.0000  0.27000E+03 -0.27000E+03  0.11611E+06 -0.10674E+06  0.00000E+00  0.00000E+00  0.30066E+02  0.57923E+02  0.83253E+02  0.00000E+00  0.00000E+00  0.00000E+00   17696  0.00000E+00  0.42915E-03  0.18336E+00
      440.0000  0.27000E+03 -0.27000E+03  0.11881E+06 -0.10944E+06  0.00000E+00  0.00000E+00  0.30066E+02  0.57923E+02  0.83253E+02  0.00000E+00  0.00000E+00  0.00000E+00   18101  0.00000E+00  0.42915E-03  0.18765E+00
      450.0000  0.27000E+03 -0.27000E+03  0.12151E+06 -0.11214E+06  0.00000E+00  0.00000E+00  0.30066E+02  0.57923E+02  0.83253E+02  0.00000E+00  0.00000E+00  0.00000E+00   18506  0.00000E+00  0.42915E-03  0.19194E+00
      460.0000  0.27000E+03 -0.27000E+03  0.12421E+06 -0.11484E+06  0.00000E+00  0.00000E+00  0.30066E+02  0.57923E+02  0.83253E+02  0.00000E+00  0.00000E+00  0.00000E+00   18911  0.00000E+00  0.42915E-03  0.19623E+00
      470.0000  0.27000E+03 -0.27000E+03  0.12691E+06 -0.11755E+06  0.00000E+00  0.00000E+00  0.30066E+02  0.57923E+02  0.83253E+02  0.00000E+00  0.00000E+00  0.00000E+00   19316  0.00000E+00  0.42915E-03  0.20052E+00
      480.0000  0.27000E+03 -0.27000E+03  0.12961E+06 -0.12025E+06  0.00000E+00  0.00000E+00  0.30066E+02  0.57923E+02  0.83253E+02  0.00000E+00  0.00000E+00  0.00000E+00   19721  0.00000E+00  0.42915E-03  0.20481E+00
      490.0000  0.27000E+03 -0.27000E+03  0.13231E+06 -0.12295E+06  0.00000E+00  0.00000E+00  0.30066E+02  0.57923E+02  0.83253E+02  0.00000E+00  0.00000E+00  0.00000E+00   20126  0.00000E+00  0.42915E-03  0.20910E+00
      500.0000  0.27000E+03 -0.27000E+03  0.13501E+06 -0.12565E+06  0.00000E+00  0.00000E+00  0.30066E+02  0.57923E+02  0.83253E+02  0.00000E+00  0.00000E+00  0.00000E+00   20531  0.00000E+00  0.42915E-03  0.21339E+00
      510.0000  0.27000E+03 -0.27000E+03  0.13771E+06 -0.12835E+06  0.00000E+00  0.00000E+00  0.30066E+02  0.57923E+02  0.83253E+02  0.00000E+00  0.00000E+00  0.00000E+00   20936  0.00000E+00  0.42915E-03  0.21768E+00
      520.0000  0.27000E+03 -0.27000E+03  0.14040E+06 -0.13105E+06  0.00000E+00  0.00000E+00  0.30066E+02  0.57923E+02  0.83253E+02  0.00000E+00  0.00000E+00  0.00000E+00   21341  0.00000E+00  0.42915E-03  0.22197E+00
      530.0000  0.27000E+03 -0.27000E+03  0.14310E+06 -0.13375E+06  0.00000E+00  0.00000E+00  0.30066E+02  0.57923E+02  0.83253E+02  0.00000E+00  0.00000E+00  0.00000E+00   21746  0.00000E+00  0.42915E-03  0.22626E+00
      540.0000  0.27000E+03 -0.27000E+03  0.14580E+06 -0.13644E+06  0.00000E+00  0.00000E+00  0.30066E+02  0.57923E+02  0.83253E+02  0.00000E+00  0.00000E+00  0.00000E+00   22151  0.00000E+00  0.42915E-03  0.23055E+00
      550.0000  0.27000E+03 -0.27000E+03  0.14850E+06 -0.13914E+06  0.00000E+00  0.00000E+00  0.30066E+02  0.57923E+02  0.83253E+02  0.00000E+00  0.00000E+00  0.00000E+00   22556  0.00000E+00  0.42915E-03  0.23484E+00
      560.0000  0.27000E+03 -0.27000E+03  0.15120E+06 -0.14184E+06  0.00000E+00  0.00000E+00  0.30066E+02  0.57923E+02  0.83253E+02  0.00000E+00  0.00000E+00  0.00000E+00   22961  0.00000E+00  0.42915E-03  0.23913E+00
      570.0000  0.27000E+03 -0.27000E+03  0.15389E+06 -0.14454E+06  0.00000E+00  0.00000E+00  0.30066E+02  0.57923E+02  0.83253E+02  0.00000E+00  0.00000E+00  0.00000E+00   23366  0.00000E+00  0.42915E-03  0.24342E+00
      580.0000  0.27000E+03 -0.27000E+03  0.15659E+06 -0.14724E+06  0.00000E+00  0.00000E+00  0.30066E+02  0.57923E+02  0.83253E+02  0.00000E+00  0.00000E+00  0.00000E+00   23771  0.00000E+00  0.42915E-03  0.24771E+00
      590.0000  0.27000E+03 -0.27000E+03  0.15929E+06 -0.14993E+06  0.00000E+00  0.00000E+00  0.30066E+02  0.57923E+02  0.83253E+02  0.00000E+00  0.00000E+00  0.00000E+00   24176  0.00000E+00  0.42915E-03  0.25200E+00
      600.0000  0.27000E+03 -0.27000E+03  0.16199E+06 -0.15263E+06  0.00000E+00  0.00000E+00  0.30066E+02  0.57923E+02  0.83253E+02  0.00000E+00  0.00000E+00  0.00000E+00   24581  0.00000E+00  0.42915E-03  0.25629E+00
      610.0000  0.27000E+03 -0.27000E+03  0.16468E+06 -0.15533E+06  0.00000E+00  0.00000E+00  0.30066E+02  0.57923E+02  0.83253E+02  0.00000E+00  0.00000E+00  0.00000E+00   24986  0.00000E+00  0.42915E-03  0.26058E+00
      620.0000  0.27000E+03 -0.27000E+03  0.16738E+06 -0.15803E+06  0.00000E+00  0.00000E+00  0.30066E+02  0.57923E+02  0.83253E+02  0.00000E+00  0.00000E+00  0.00000E+00   25391  0.00000E+00  0.42915E-03  0.26487E+00
      630.0000  0.27000E+03 -0.27000E+03  0.17008E+06 -0.16072E+06  0.00000E+00  0.00000E+00  0.30066E+02  0.57923E+02  0.83253E+02  0.00000E+00  0.00000E+00  0.00000E+00   25796  0.00000E+00  0.42915E-03  0.26916E+00
      640.0000  0.27000E+03 -0.27000E+03  0.17278E+06 -0.16342E+06  0.00000E+00  0.00000E+00  0.30066E+02  0.57923E+02  0.83253E+02  0.00000E+00  0.00000E+00  0.00000E+00   26201  0.00000E+00  0.42915E-03  0.27345E+00
      650.0000  0.27000E+03 -0.27000E+03  0.17548E+06 -0.16612E+06  0.00000E+00  0.00000E+00  0.30066E+02  0.57923E+02  0.83253E+02  0.00000E+00  0.00000E+00  0.00000E+00   26606  0.00000E+00  0.42915E-03  0.27774E+00
      660.0000  0.27000E+03 -0.27000E+03  0.17817E+06 -0.16882E+06  0.00000E+00  0.00000E+00  0.30066E+02  0.57923E+02  0.83253E+02  0.00000E+00  0.00000E+00  0.00000E+00   27011  0.00000E+00  0.42915E-03  0.28203E+00
      670.0000  0.27000E+03 -0.27000E+03  0.18087E+06 -0.17152E+06  0.00000E+00  0.00000E+00  0.30066E+02  0.57923E+02  0.83253E+02  0.00000E+00  0.00000E+00  0.00000E+00   27416  0.00000E+00  0.42915E-03  0.28632E+00
      680.0000  0.27000E+03 -0.27000E+03  0.18357E+06 -0.17421E+06  0.00000E+00  0.00000E+00  0.30066E+02  0.57923E+02  0.83253E+02  0.00000E+00  0.00000E+00  0.00000E+00   27821  0.00000E+00  0.42915E-03  0.29061E+00
      690.0000  0.27000E+03 -0.27000E+03  0.18627E+06 -0.17691E+06  0.00000E+00  0.00000E+00  0.30066E+02  0.57923E+02  0.83253E+02  0.00000E+00  0.00000E+00  0.00000E+00   28226  0.00000E+00  0.42915E-03  0.29490E+00
      700.0000  0.27000E+03 -0.27000E+03  0.18896E+06 -0.17961E+06  0.00000E+00  0.00000E+00  0.30066E+02  0.57923E+02  0.83253E+02  0.00000E+00  0.00000E+00  0.00000E+00   28631  0.00000E+00  0.42915E-03  0.29919E+00
      710.0000  0.27000E+03 -0.27000E+03  0.19166E+06 -0.18231E+06  0.00000E+00  0.00000E+00  0.30066E+02  0.57923E+02  0.83253E+02  0.00000E+00  0.00000E+00  0.00000E+00   29036  0.00000E+00  0.42915E-03  0.30348E+00
      720.0000  0.27000E+03 -0.27000E+03  0.19436E+06 -0.18500E+06  0.00000E+00  0.00000E+00  0.30066E+02  0.57923E+02  0.83253E+02  0.00000E+00  0.00000E+00  0.00000E+00   29441  0.00000E+00  0.42915E-03  0.30777E+00
      730.0000  0.27000E+03 -0.27000E+03  0.19706E+06 -0.18770E+06  0.00000E+00  0.00000E+00  0.30066E+02  0.57923E+02  0.83253E+02  0.00000E+00  0.00000E+00  0.00000E+00   29846  0.00000E+00  0.42915E-03  0.31206E+00
      740.0000  0.27000E+03 -0.27000E+03  0.19975E+06 -0.19040E+06  0.00000E+00  0.00000E+00  0.30066E+02  0.57923E+02  0.83253E+02  0.00000E+00  0.00000E+00  0.00000E+00   30251  0.00000E+00  0.42915E-03  0.31635E+00
      750.0000  0.27000E+03 -0.27000E+03  0.20245E+06 -0.19310E+06  0.00000E+00  0.00000E+00  0.30066E+02  0.57923E+02  0.83253E+02  0.00000E+00  0.00000E+00  0.00000E+00   30656  0.00000E+00  0.42915E-03  0.32064E+00
      760.0000  0.27000E+03 -0.27000E+03  0.20515E+06 -0.19579E+06  0.00000E+00  0.00000E+00  0.30066E+02  0.57923E+02  0.83253E+02  0.00000E+00  0.00000E+00  0.00000E+00   31061  0.00000E+00  0.42915E-03  0.32493E+00
      770.0000  0.27000E+03 -0.27000E+03  0.20785E+06 -0.19849E+06  0.00000E+00  0.00000E+00  0.30066E+02  0.57923E+02  0.83253E+02  0.00000E+00  0.00000E+00  0.00000E+00   31466  0.00000E+00  0.42915E-03  0.32922E+00
      780.0000  0.27000E+03 -0.27000E+03  0.21055E+06 -0.20119E+06  0.00000E+00  0.00000E+00  0.30066E+02  0.57923E+02  0.83253E+02  0.00000E+00  0.00000E+00  0.00000E+00   31871  0.00000E+00  0.42915E-03  0.33351E+00
      790.0000  0.27000E+03 -0.27000E+03  0.21324E+06 -0.20389E+06  0.00000E+00  0.00000E+00  0.30066E+02  0.57923E+02  0.83253E+02  0.00000E+00  0.00000E+00  0.00000E+00   32276  0.00000E+00  0.42915E-03  0.33780E+00
      800.0000  0.27000E+03 -0.27000E+03  0.21594E+06 -0.20659E+06  0.00000E+00  0.00000E+00  0.30066E+02  0.57923E+02  0.83253E+02  0.00000E+00  0.00000E+00  0.00000E+00   32681  0.00000E+00  0.42915E-03  0.34209E+00
      810.0000  0.27000E+03 -0.27000E+03  0.21864E+06 -0.20928E+06  0.00000E+00  0.00000E+00  0.30066E+02  0.57923E+02  0.83253E+02  0.00000E+00  0.00000E+00  0.00000E+00   33086  0.00000E+00  0.42915E-03  0.34638E+00
      820.0000  0.27000E+03 -0.27000E+03  0.22134E+06 -0.21198E+06  0.00000E+00  0.00000E+00  0.30066E+02  0.57923E+02  0.83253E+02  0.00000E+00  0.00000E+00  0.00000E+00   33491  0.00000E+00  0.42915E-03  0.35067E+00
      830.0000  0.27000E+03 -0.27000E+03  0.22403E+06 -0.21468E+06  0.00000E+00  0.00000E+00  0.30066E+02  0.57923E+02  0.83253E+02  0.00000E+00  0.00000E+00  0.00000E+00   33896  0.00000E+00  0.42915E-03  0.35496E+00
      840.0000  0.27000E+03 -0.27000E+03  0.22673E+06 -0.21738E+06  0.00000E+00  0.00000E+00  0.30066E+02  0.57923E+02  0.83253E+02  0.00000E+00  0.00000E+00  0.00000E+00   34301  0.00000E+00  0.42915E-03  0.35925E+00
      850.0000  0.27000E+03 -0.27000E+03  0.22943E+06 -0.22007E+06  0.00000E+00  0.00000E+00  0.30066E+02  0.57923E+02  0.83253E+02  0.00000E+00  0.00000E+00  0.00000E+00   34706  0.00000E+00  0.42915E-03  0.36354E+00
      860.0000  0.27000E+03 -0.27000E+03  0.23213E+06 -0.22277E+06  0.00000E+00  0.00000E+00  0.30066E+02  0.57923E+02  0.83253E+02  0.00000E+00  0.00000E+00  0.00000E+00   35111  0.00000E+00  0.42915E-03  0.36783E+00
      870.0000  0.27000E+03 -0.27000E+03  0.23482E+06 -0.22547E+06  0.00000E+00  0.00000E+00  0.30066E+02  0.57923E+02  0.83253E+02  0.00000E+00  0.00000E+00  0.00000E+00   35516  0.00000E+00  0.42915E-03  0.37212E+00
      880.0000  0.27000E+03 -0.27000E+03  0.23752E+06 -0.22817E+06  0.00000E+00  0.00000E+00  0.30066E+02  0.57923E+02  0.83253E+02  0.00000E+00  0.00000E+00  0.00000E+00   35921  0.00000E+00  0.42915E-03  0.37641E+00
      890.0000  0.27000E+03 -0.27000E+03  0.24022E+06 -0.23087E+06  0.00000E+00  0.00000E+00  0.30066E+02  0.57923E+02  0.83253E+02  0.00000E+00  0.00000E+00  0.00000E+00   36326  0.00000E+00  0.42915E-03  0.38070E+00
      900.0000  0.27000E+03 -0.27000E+03  0.24292E+06 -0.23356E+06  0.00000E+00  0.00000E+00  0.30066E+02  0.57923E+02  0.83253E+02  0.00000E+00  0.00000E+00  0.00000E+00   36731  0.00000E+00  0.42915E-03  0.38499E+00
      910.0000  0.27000E+03 -0.27000E+03  0.24562E+06 -0.23626E+06  0.00000E+00  0.00000E+00  0.30066E+02  0.57923E+02  0.83253E+02  0.00000E+00  0.00000E+00  0.00000E+00   37136  0.00000E+00  0.42915E-03  0.38928E+00
      920.0000  0.27000E+03 -0.27000E+03  0.24831E+06 -0.23896E+06  0.00000E+00  0.00000E+00  0.30066E+02  0.57923E+02  0.83253E+02  0.00000E+00  0.00000E+00  0.00000E+00   37541  0.00000E+00  0.42915E-03  0.39357E+00
      930.0000  0.27000E+03 -0.27000E+03  0.25101E+06 -0.24166E+06  0.00000E+00  0.00000E+00  0.30066E+02  0.57923E+02  0.83253E+02  0.00000E+00  0.00000E+00  0.00000E+00   37946  0.00000E+00  0.42915E-03  0.39786E+00
      940.0000  0.27000E+03 -0.27000E+03  0.25371E+06 -0.24435E+06  0.00000E+00  0.00000E+00  0.30066E+02  0.57923E+02  0.83253E+02  0.00000E+00  0.00000E+00  0.00000E+00   38351  0.00000E+00  0.42915E-03  0.40215E+00
      950.0000  0.27000E+03 -0.27000E+03  0.25641E+06 -0.24705E+06  0.00000E+00  0.00000E+00  0.30066E+02  0.57923E+02  0.83253E+02  0.00000E+00  0.00000E+00  0.00000E+00   38756  0.00000E+00  0.42915E-03  0.40644E+00
      960.0000  0.27000E+03 -0.27000E+03  0.25910E+06 -0.24975E+06  0.00000E+00  0.00000E+00  0.30066E+02  0.57923E+02  0.83253E+02  0.00000E+00  0.00000E+00  0.00000E+00   39161  0.00000E+00  0.42915E-03  0.41073E+00
      970.0000  0.27000E+03 -0.27000E+03  0.26180E+06 -0.25245E+06  0.00000E+00  0.00000E+00  0.30066E+02  0.57923E+02  0.83253E+02  0.00000E+00  0.00000E+00  0.00000E+00   39566  0.00000E+00  0.42915E-03  0.41502E+00
      980.0000  0.27000E+03 -0.27000E+03  0.26451E+06 -0.25514E+06  0.00000E+00  0.00000E+00  0.30066E+02  0.57923E+02  0.83253E+02  0.00000E+00  0.00000E+00  0.00000E+00   39971  0.00000E+00  0.42915E-03  0.41931E+00
      990.0000  0.27000E+03 -0.27000E+03  0.26721E+06 -0.25784E+06  0.00000E+00  0.00000E+00  0.30066E+02  0.57923E+02  0.83253E+02  0.00000E+00  0.00000E+00  0.00000E+00   40376  0.00000E+00  0.42915E-03  0.42360E+00
     1000.0000  0.27000E+03 -0.27000E+03  0.26991E+06 -0.26054E+06  0.00000E+00  0.00000E+00  0.30066E+02  0.57923E+02  0.83253E+02  0.00000E+00  0.00000E+00  0.00000E+00   40781  0.00000E+00  0.42915E-03  0.42789E+00
end
