 ******* Program HYDRUS
 ******* 
 Welcome to HYDRUS-1D                                                    
 Date:  13. 3.    Time:  12:48:37
 Units: L = mm   , T = days , M = mmol 

       Time          rTop        rRoot        vTop         vRoot        vBot       sum(rTop)   sum(rRoot)    sum(vTop)   sum(vRoot)    sum(vBot)      hTop         hRoot        hBot        RunOff    sum(RunOff)     Volume     sum(Infil)    sum(Evap) TLevel Cum(WTrans)  SnowLayer
        [T]         [L/T]        [L/T]        [L/T]        [L/T]        [L/T]         [L]          [L]          [L]         [L]           [L]         [L]           [L]         [L]          [L/T]         [L]          [L]          [L]          [L]

      10.0000 -0.90000E+01  0.60000E+01 -0.90000E+01  0.58112E+01 -0.29768E-05 -0.90000E+02  0.60000E+02 -0.90000E+02  0.49089E+02 -0.29768E-04 -0.34226E+03 -0.35781E+03 -0.10000E+04  0.14305E-04  0.10407E-03  0.10565E+03  0.90000E+02  0.00000E+00    615  0.00000E+00      0.000
      20.0000 -0.90000E+01  0.60000E+01 -0.90000E+01  0.57567E+01 -0.32429E+01 -0.18000E+03  0.12000E+03 -0.18000E+03  0.10676E+03 -0.39779E+01 -0.34226E+03 -0.35775E+03 -0.36541E+03  0.14305E-04  0.24712E-03  0.13400E+03  0.18000E+03  0.00000E+00   1091  0.00000E+00      0.000
      30.0000 -0.90000E+01  0.60000E+01 -0.90000E+01  0.57567E+01 -0.32431E+01 -0.27000E+03  0.18000E+03 -0.27000E+03  0.16433E+03 -0.36409E+02 -0.34226E+03 -0.35775E+03 -0.36541E+03  0.14305E-04  0.39017E-03  0.13400E+03  0.27000E+03  0.00000E+00   1496  0.00000E+00      0.000
      40.0000 -0.90000E+01  0.60000E+01 -0.90000E+01  0.57567E+01 -0.32431E+01 -0.36000E+03  0.24000E+03 -0.36000E+03  0.22190E+03 -0.68840E+02 -0.34226E+03 -0.35775E+03 -0.36541E+03  0.14305E-04  0.53322E-03  0.13400E+03  0.36000E+03  0.00000E+00   1901  0.00000E+00      0.000
      50.0000 -0.90000E+01  0.60000E+01 -0.90000E+01  0.57567E+01 -0.32431E+01 -0.45001E+03  0.30000E+03 -0.45001E+03  0.27946E+03 -0.10127E+03 -0.34226E+03 -0.35775E+03 -0.36541E+03  0.14305E-04  0.67627E-03  0.13400E+03  0.45001E+03  0.00000E+00   2306  0.00000E+00      0.000
      60.0000 -0.90000E+01  0.60000E+01 -0.90000E+01  0.57567E+01 -0.32431E+01 -0.54001E+03  0.35999E+03 -0.54001E+03  0.33703E+03 -0.13370E+03 -0.34226E+03 -0.35775E+03 -0.36541E+03  0.14305E-04  0.81932E-03  0.13400E+03  0.54001E+03  0.00000E+00   2711  0.00000E+00      0.000
      70.0000 -0.90000E+01  0.60000E+01 -0.90000E+01  0.57567E+01 -0.32431E+01 -0.63002E+03  0.41999E+03 -0.63002E+03  0.39459E+03 -0.16614E+03 -0.34226E+03 -0.35775E+03 -0.36541E+03  0.14305E-04  0.96237E-03  0.13400E+03  0.63002E+03  0.00000E+00   3116  0.00000E+00      0.000
      80.0000 -0.90000E+01  0.60000E+01 -0.90000E+01  0.57567E+01 -0.32431E+01 -0.72002E+03  0.47998E+03 -0.72002E+03  0.45215E+03 -0.19857E+03 -0.34226E+03 -0.35775E+03 -0.36541E+03  0.14305E-04  0.11054E-02  0.13400E+03  0.72002E+03  0.00000E+00   3521  0.00000E+00      0.000
      90.0000 -0.90000E+01  0.60000E+01 -0.90000E+01  0.57567E+01 -0.32431E+01 -0.81002E+03  0.53998E+03 -0.81002E+03  0.50972E+03 -0.23101E+03 -0.34226E+03 -0.35775E+03 -0.36541E+03  0.14305E-04  0.12485E-02  0.13400E+03  0.81002E+03  0.00000E+00   3926  0.00000E+00      0.000
     100.0000 -0.90000E+01  0.60000E+01 -0.90000E+01  0.57567E+01 -0.32431E+01 -0.90003E+03  0.59997E+03 -0.90003E+03  0.56729E+03 -0.26344E+03 -0.34226E+03 -0.35775E+03 -0.36541E+03  0.14305E-04  0.13915E-02  0.13400E+03  0.90003E+03  0.00000E+00   4331  0.00000E+00      0.000
     110.0000 -0.90000E+01  0.60000E+01 -0.90000E+01  0.57567E+01 -0.32431E+01 -0.99003E+03  0.65997E+03 -0.99003E+03  0.62487E+03 -0.29587E+03 -0.34226E+03 -0.35775E+03 -0.36541E+03  0.14305E-04  0.15346E-02  0.13400E+03  0.99003E+03  0.00000E+00   4736  0.00000E+00      0.000
     120.0000 -0.90000E+01  0.60000E+01 -0.90000E+01  0.57567E+01 -0.32431E+01 -0.10800E+04  0.71996E+03 -0.10800E+04  0.68244E+03 -0.32829E+03 -0.34226E+03 -0.35775E+03 -0.36541E+03  0.14305E-04  0.16776E-02  0.13400E+03  0.10800E+04  0.00000E+00   5141  0.00000E+00      0.000
     130.0000 -0.90000E+01  0.60000E+01 -0.90000E+01  0.57567E+01 -0.32431E+01 -0.11700E+04  0.77995E+03 -0.11700E+04  0.74002E+03 -0.36072E+03 -0.34226E+03 -0.35775E+03 -0.36541E+03  0.14305E-04  0.18207E-02  0.13400E+03  0.11700E+04  0.00000E+00   5546  0.00000E+00      0.000
     140.0000 -0.90000E+01  0.60000E+01 -0.90000E+01  0.57567E+01 -0.32431E+01 -0.12600E+04  0.83995E+03 -0.12600E+04  0.79760E+03 -0.39315E+03 -0.34226E+03 -0.35775E+03 -0.36541E+03  0.14305E-04  0.19637E-02  0.13400E+03  0.12600E+04  0.00000E+00   5951  0.00000E+00      0.000
     150.0000 -0.90000E+01  0.60000E+01 -0.90000E+01  0.57567E+01 -0.32431E+01 -0.13500E+04  0.89994E+03 -0.13500E+04  0.85517E+03 -0.42558E+03 -0.34226E+03 -0.35775E+03 -0.36541E+03  0.14305E-04  0.21068E-02  0.13400E+03  0.13500E+04  0.00000E+00   6356  0.00000E+00      0.000
     160.0000 -0.90000E+01  0.60000E+01 -0.90000E+01  0.57567E+01 -0.32431E+01 -0.14399E+04  0.95994E+03 -0.14399E+04  0.91275E+03 -0.45801E+03 -0.34226E+03 -0.35775E+03 -0.36541E+03  0.14305E-04  0.22499E-02  0.13400E+03  0.14399E+04  0.00000E+00   6761  0.00000E+00      0.000
     170.0000 -0.90000E+01  0.60000E+01 -0.90000E+01  0.57567E+01 -0.32431E+01 -0.15299E+04  0.10199E+04 -0.15299E+04  0.97032E+03 -0.49044E+03 -0.34226E+03 -0.35775E+03 -0.36541E+03  0.14305E-04  0.23930E-02  0.13400E+03  0.15299E+04  0.00000E+00   7166  0.00000E+00      0.000
     180.0000 -0.90000E+01  0.60000E+01 -0.90000E+01  0.57567E+01 -0.32431E+01 -0.16199E+04  0.10800E+04 -0.16199E+04  0.10279E+04 -0.52286E+03 -0.34226E+03 -0.35775E+03 -0.36541E+03  0.14305E-04  0.25361E-02  0.13400E+03  0.16199E+04  0.00000E+00   7571  0.00000E+00      0.000
     190.0000 -0.90000E+01  0.60000E+01 -0.90000E+01  0.57567E+01 -0.32431E+01 -0.17099E+04  0.11400E+04 -0.17099E+04  0.10854E+04 -0.55529E+03 -0.34226E+03 -0.35775E+03 -0.36541E+03  0.14305E-04  0.26792E-02  0.13400E+03  0.17099E+04  0.00000E+00   7976  0.00000E+00      0.000
     200.0000 -0.90000E+01  0.60000E+01 -0.90000E+01  0.57567E+01 -0.32431E+01 -0.17999E+04  0.12000E+04 -0.17999E+04  0.11430E+04 -0.58772E+03 -0.34226E+03 -0.35775E+03 -0.36541E+03  0.14305E-04  0.28223E-02  0.13400E+03  0.17999E+04  0.00000E+00   8381  0.00000E+00      0.000
     210.0000 -0.90000E+01  0.60000E+01 -0.90000E+01  0.57567E+01 -0.32431E+01 -0.18898E+04  0.12600E+04 -0.18898E+04  0.12006E+04 -0.62015E+03 -0.34226E+03 -0.35775E+03 -0.36541E+03  0.14305E-04  0.29654E-02  0.13400E+03  0.18898E+04  0.00000E+00   8786  0.00000E+00      0.000
     220.0000 -0.90000E+01  0.60000E+01 -0.90000E+01  0.57567E+01 -0.32431E+01 -0.19798E+04  0.13200E+04 -0.19798E+04  0.12581E+04 -0.65258E+03 -0.34226E+03 -0.35775E+03 -0.36541E+03  0.14305E-04  0.31085E-02  0.13400E+03  0.19798E+04  0.00000E+00   9191  0.00000E+00      0.000
     230.0000 -0.90000E+01  0.60000E+01 -0.90000E+01  0.57567E+01 -0.32431E+01 -0.20698E+04  0.13800E+04 -0.20698E+04  0.13157E+04 -0.68500E+03 -0.34226E+03 -0.35775E+03 -0.36541E+03  0.14305E-04  0.32516E-02  0.13400E+03  0.20698E+04  0.00000E+00   9596  0.00000E+00      0.000
     240.0000 -0.90000E+01  0.60000E+01 -0.90000E+01  0.57567E+01 -0.32431E+01 -0.21598E+04  0.14401E+04 -0.21598E+04  0.13732E+04 -0.71743E+03 -0.34226E+03 -0.35775E+03 -0.36541E+03  0.14305E-04  0.33947E-02  0.13400E+03  0.21598E+04  0.00000E+00  10001  0.00000E+00      0.000
     250.0000 -0.90000E+01  0.60000E+01 -0.90000E+01  0.57567E+01 -0.32431E+01 -0.22499E+04  0.15001E+04 -0.22499E+04  0.14308E+04 -0.74986E+03 -0.34226E+03 -0.35775E+03 -0.36541E+03  0.14305E-04  0.35378E-02  0.13400E+03  0.22499E+04  0.00000E+00  10406  0.00000E+00      0.000
     260.0000 -0.90000E+01  0.60000E+01 -0.90000E+01  0.57567E+01 -0.32431E+01 -0.23399E+04  0.15601E+04 -0.23399E+04  0.14883E+04 -0.78229E+03 -0.34226E+03 -0.35775E+03 -0.36541E+03  0.14305E-04  0.36809E-02  0.13400E+03  0.23399E+04  0.00000E+00  10811  0.00000E+00      0.000
     270.0000 -0.90000E+01  0.60000E+01 -0.90000E+01  0.57567E+01 -0.32431E+01 -0.24299E+04  0.16201E+04 -0.24299E+04  0.15459E+04 -0.81472E+03 -0.34226E+03 -0.35775E+03 -0.36541E+03  0.14305E-04  0.38240E-02  0.13400E+03  0.24299E+04  0.00000E+00  11216  0.00000E+00      0.000
     280.0000 -0.90000E+01  0.60000E+01 -0.90000E+01  0.57567E+01 -0.32431E+01 -0.25199E+04  0.16801E+04 -0.25199E+04  0.16034E+04 -0.84714E+03 -0.34226E+03 -0.35775E+03 -0.36541E+03  0.14305E-04  0.39671E-02  0.13400E+03  0.25199E+04  0.00000E+00  11621  0.00000E+00      0.000
     290.0000 -0.90000E+01  0.60000E+01 -0.90000E+01  0.57567E+01 -0.32431E+01 -0.26100E+04  0.17402E+04 -0.26100E+04  0.16610E+04 -0.87957E+03 -0.34226E+03 -0.35775E+03 -0.36541E+03  0.14305E-04  0.41102E-02  0.13400E+03  0.26100E+04  0.00000E+00  12026  0.00000E+00      0.000
     300.0000 -0.90000E+01  0.60000E+01 -0.90000E+01  0.57567E+01 -0.32431E+01 -0.27000E+04  0.18002E+04 -0.27000E+04  0.17185E+04 -0.91200E+03 -0.34226E+03 -0.35775E+03 -0.36541E+03  0.14305E-04  0.42533E-02  0.13400E+03  0.27000E+04  0.00000E+00  12431  0.00000E+00      0.000
     310.0000 -0.90000E+01  0.60000E+01 -0.90000E+01  0.57567E+01 -0.32431E+01 -0.27900E+04  0.18602E+04 -0.27900E+04  0.17761E+04 -0.94443E+03 -0.34226E+03 -0.35775E+03 -0.36541E+03  0.14305E-04  0.43963E-02  0.13400E+03  0.27900E+04  0.00000E+00  12836  0.00000E+00      0.000
     320.0000 -0.90000E+01  0.60000E+01 -0.90000E+01  0.57567E+01 -0.32431E+01 -0.28801E+04  0.19202E+04 -0.28801E+04  0.18336E+04 -0.97686E+03 -0.34226E+03 -0.35775E+03 -0.36541E+03  0.14305E-04  0.45394E-02  0.13400E+03  0.28801E+04  0.00000E+00  13241  0.00000E+00      0.000
     330.0000 -0.90000E+01  0.60000E+01 -0.90000E+01  0.57567E+01 -0.32431E+01 -0.29701E+04  0.19802E+04 -0.29701E+04  0.18912E+04 -0.10093E+04 -0.34226E+03 -0.35775E+03 -0.36541E+03  0.14305E-04  0.46825E-02  0.13400E+03  0.29701E+04  0.00000E+00  13646  0.00000E+00      0.000
     340.0000 -0.90000E+01  0.60000E+01 -0.90000E+01  0.57567E+01 -0.32431E+01 -0.30601E+04  0.20403E+04 -0.30601E+04  0.19487E+04 -0.10417E+04 -0.34226E+03 -0.35775E+03 -0.36541E+03  0.14305E-04  0.48256E-02  0.13400E+03  0.30601E+04  0.00000E+00  14051  0.00000E+00      0.000
     350.0000 -0.90000E+01  0.60000E+01 -0.90000E+01  0.57567E+01 -0.32431E+01 -0.31501E+04  0.21003E+04 -0.31501E+04  0.20063E+04 -0.10741E+04 -0.34226E+03 -0.35775E+03 -0.36541E+03  0.14305E-04  0.49687E-02  0.13400E+03  0.31501E+04  0.00000E+00  14456  0.00000E+00      0.000
     360.0000 -0.90000E+01  0.60000E+01 -0.90000E+01  0.57567E+01 -0.32431E+01 -0.32402E+04  0.21603E+04 -0.32402E+04  0.20638E+04 -0.11066E+04 -0.34226E+03 -0.35775E+03 -0.36541E+03  0.14305E-04  0.51118E-02  0.13400E+03  0.32402E+04  0.00000E+00  14861  0.00000E+00      0.000
     370.0000 -0.90000E+01  0.60000E+01 -0.90000E+01  0.57567E+01 -0.32431E+01 -0.33302E+04  0.22203E+04 -0.33302E+04  0.21214E+04 -0.11390E+04 -0.34226E+03 -0.35775E+03 -0.36541E+03  0.14305E-04  0.52549E-02  0.13400E+03  0.33302E+04  0.00000E+00  15266  0.00000E+00      0.000
     380.0000 -0.90000E+01  0.60000E+01 -0.90000E+01  0.57567E+01 -0.32431E+01 -0.34202E+04  0.22803E+04 -0.34202E+04  0.21789E+04 -0.11714E+04 -0.34226E+03 -0.35775E+03 -0.36541E+03  0.14305E-04  0.53980E-02  0.13400E+03  0.34202E+04  0.00000E+00  15671  0.00000E+00      0.000
     390.0000 -0.90000E+01  0.60000E+01 -0.90000E+01  0.57567E+01 -0.32431E+01 -0.35103E+04  0.23403E+04 -0.35103E+04  0.22365E+04 -0.12039E+04 -0.34226E+03 -0.35775E+03 -0.36541E+03  0.14305E-04  0.55411E-02  0.13400E+03  0.35103E+04  0.00000E+00  16076  0.00000E+00      0.000
     400.0000 -0.90000E+01  0.60000E+01 -0.90000E+01  0.57567E+01 -0.32431E+01 -0.36003E+04  0.24004E+04 -0.36003E+04  0.22940E+04 -0.12363E+04 -0.34226E+03 -0.35775E+03 -0.36541E+03  0.14305E-04  0.56842E-02  0.13400E+03  0.36003E+04  0.00000E+00  16481  0.00000E+00      0.000
     410.0000 -0.90000E+01  0.60000E+01 -0.90000E+01  0.57567E+01 -0.32431E+01 -0.36903E+04  0.24604E+04 -0.36903E+04  0.23516E+04 -0.12687E+04 -0.34226E+03 -0.35775E+03 -0.36541E+03  0.14305E-04  0.58273E-02  0.13400E+03  0.36903E+04  0.00000E+00  16886  0.00000E+00      0.000
     420.0000 -0.90000E+01  0.60000E+01 -0.90000E+01  0.57567E+01 -0.32431E+01 -0.37803E+04  0.25204E+04 -0.37803E+04  0.24091E+04 -0.13011E+04 -0.34226E+03 -0.35775E+03 -0.36541E+03  0.14305E-04  0.59704E-02  0.13400E+03  0.37803E+04  0.00000E+00  17291  0.00000E+00      0.000
     430.0000 -0.90000E+01  0.60000E+01 -0.90000E+01  0.57567E+01 -0.32431E+01 -0.38704E+04  0.25804E+04 -0.38704E+04  0.24667E+04 -0.13336E+04 -0.34226E+03 -0.35775E+03 -0.36541E+03  0.14305E-04  0.61135E-02  0.13400E+03  0.38704E+04  0.00000E+00  17696  0.00000E+00      0.000
     440.0000 -0.90000E+01  0.60000E+01 -0.90000E+01  0.57567E+01 -0.32431E+01 -0.39604E+04  0.26404E+04 -0.39604E+04  0.25242E+04 -0.13660E+04 -0.34226E+03 -0.35775E+03 -0.36541E+03  0.14305E-04  0.62566E-02  0.13400E+03  0.39604E+04  0.00000E+00  18101  0.00000E+00      0.000
     450.0000 -0.90000E+01  0.60000E+01 -0.90000E+01  0.57567E+01 -0.32431E+01 -0.40504E+04  0.27005E+04 -0.40504E+04  0.25818E+04 -0.13984E+04 -0.34226E+03 -0.35775E+03 -0.36541E+03  0.14305E-04  0.63997E-02  0.13400E+03  0.40504E+04  0.00000E+00  18506  0.00000E+00      0.000
     460.0000 -0.90000E+01  0.60000E+01 -0.90000E+01  0.57567E+01 -0.32431E+01 -0.41404E+04  0.27605E+04 -0.41404E+04  0.26393E+04 -0.14309E+04 -0.34226E+03 -0.35775E+03 -0.36541E+03  0.14305E-04  0.65428E-02  0.13400E+03  0.41404E+04  0.00000E+00  18911  0.00000E+00      0.000
     470.0000 -0.90000E+01  0.60000E+01 -0.90000E+01  0.57567E+01 -0.32431E+01 -0.42305E+04  0.28205E+04 -0.42305E+04  0.26969E+04 -0.14633E+04 -0.34226E+03 -0.35775E+03 -0.36541E+03  0.14305E-04  0.66859E-02  0.13400E+03  0.42305E+04  0.00000E+00  19316  0.00000E+00      0.000
     480.0000 -0.90000E+01  0.60000E+01 -0.90000E+01  0.57567E+01 -0.32431E+01 -0.43205E+04  0.28805E+04 -0.43205E+04  0.27544E+04 -0.14957E+04 -0.34226E+03 -0.35775E+03 -0.36541E+03  0.14305E-04  0.68290E-02  0.13400E+03  0.43205E+04  0.00000E+00  19721  0.00000E+00      0.000
     490.0000 -0.90000E+01  0.60000E+01 -0.90000E+01  0.57567E+01 -0.32431E+01 -0.44105E+04  0.29405E+04 -0.44105E+04  0.28120E+04 -0.15281E+04 -0.34226E+03 -0.35775E+03 -0.36541E+03  0.14305E-04  0.69721E-02  0.13400E+03  0.44105E+04  0.00000E+00  20126  0.00000E+00      0.000
     500.0000 -0.90000E+01  0.60000E+01 -0.90000E+01  0.57567E+01 -0.32431E+01 -0.45006E+04  0.30005E+04 -0.45006E+04  0.28695E+04 -0.15606E+04 -0.34226E+03 -0.35775E+03 -0.36541E+03  0.14305E-04  0.71152E-02  0.13400E+03  0.45006E+04  0.00000E+00  20531  0.00000E+00      0.000
     510.0000 -0.90000E+01  0.60000E+01 -0.90000E+01  0.57567E+01 -0.32431E+01 -0.45906E+04  0.30606E+04 -0.45906E+04  0.29271E+04 -0.15930E+04 -0.34226E+03 -0.35775E+03 -0.36541E+03  0.14305E-04  0.72583E-02  0.13400E+03  0.45906E+04  0.00000E+00  20936  0.00000E+00      0.000
     520.0000 -0.90000E+01  0.60000E+01 -0.90000E+01  0.57567E+01 -0.32431E+01 -0.46806E+04  0.31206E+04 -0.46806E+04  0.29847E+04 -0.16254E+04 -0.34226E+03 -0.35775E+03 -0.36541E+03  0.14305E-04  0.74014E-02  0.13400E+03  0.46806E+04  0.00000E+00  21341  0.00000E+00      0.000
     530.0000 -0.90000E+01  0.60000E+01 -0.90000E+01  0.57567E+01 -0.32431E+01 -0.47707E+04  0.31806E+04 -0.47707E+04  0.30422E+04 -0.16578E+04 -0.34226E+03 -0.35775E+03 -0.36541E+03  0.14305E-04  0.75444E-02  0.13400E+03  0.47707E+04  0.00000E+00  21746  0.00000E+00      0.000
     540.0000 -0.90000E+01  0.60000E+01 -0.90000E+01  0.57567E+01 -0.32431E+01 -0.48607E+04  0.32406E+04 -0.48607E+04  0.30998E+04 -0.16903E+04 -0.34226E+03 -0.35775E+03 -0.36541E+03  0.14305E-04  0.76875E-02  0.13400E+03  0.48607E+04  0.00000E+00  22151  0.00000E+00      0.000
     550.0000 -0.90000E+01  0.60000E+01 -0.90000E+01  0.57567E+01 -0.32431E+01 -0.49507E+04  0.33006E+04 -0.49507E+04  0.31573E+04 -0.17227E+04 -0.34226E+03 -0.35775E+03 -0.36541E+03  0.14305E-04  0.78306E-02  0.13400E+03  0.49507E+04  0.00000E+00  22556  0.00000E+00      0.000
     560.0000 -0.90000E+01  0.60000E+01 -0.90000E+01  0.57567E+01 -0.32431E+01 -0.50407E+04  0.33607E+04 -0.50407E+04  0.32149E+04 -0.17551E+04 -0.34226E+03 -0.35775E+03 -0.36541E+03  0.14305E-04  0.79737E-02  0.13400E+03  0.50407E+04  0.00000E+00  22961  0.00000E+00      0.000
     570.0000 -0.90000E+01  0.60000E+01 -0.90000E+01  0.57567E+01 -0.32431E+01 -0.51308E+04  0.34207E+04 -0.51308E+04  0.32724E+04 -0.17876E+04 -0.34226E+03 -0.35775E+03 -0.36541E+03  0.14305E-04  0.81168E-02  0.13400E+03  0.51308E+04  0.00000E+00  23366  0.00000E+00      0.000
     580.0000 -0.90000E+01  0.60000E+01 -0.90000E+01  0.57567E+01 -0.32431E+01 -0.52208E+04  0.34807E+04 -0.52208E+04  0.33300E+04 -0.18200E+04 -0.34226E+03 -0.35775E+03 -0.36541E+03  0.14305E-04  0.82599E-02  0.13400E+03  0.52208E+04  0.00000E+00  23771  0.00000E+00      0.000
     590.0000 -0.90000E+01  0.60000E+01 -0.90000E+01  0.57567E+01 -0.32431E+01 -0.53108E+04  0.35407E+04 -0.53108E+04  0.33875E+04 -0.18524E+04 -0.34226E+03 -0.35775E+03 -0.36541E+03  0.14305E-04  0.84030E-02  0.13400E+03  0.53108E+04  0.00000E+00  24176  0.00000E+00      0.000
     600.0000 -0.90000E+01  0.60000E+01 -0.90000E+01  0.57567E+01 -0.32431E+01 -0.54009E+04  0.36007E+04 -0.54009E+04  0.34451E+04 -0.18848E+04 -0.34226E+03 -0.35775E+03 -0.36541E+03  0.14305E-04  0.85461E-02  0.13400E+03  0.54009E+04  0.00000E+00  24581  0.00000E+00      0.000
     610.0000 -0.90000E+01  0.60000E+01 -0.90000E+01  0.57567E+01 -0.32431E+01 -0.54909E+04  0.36608E+04 -0.54909E+04  0.35026E+04 -0.19173E+04 -0.34226E+03 -0.35775E+03 -0.36541E+03  0.14305E-04  0.86892E-02  0.13400E+03  0.54909E+04  0.00000E+00  24986  0.00000E+00      0.000
     620.0000 -0.90000E+01  0.60000E+01 -0.90000E+01  0.57567E+01 -0.32431E+01 -0.55809E+04  0.37208E+04 -0.55809E+04  0.35602E+04 -0.19497E+04 -0.34226E+03 -0.35775E+03 -0.36541E+03  0.14305E-04  0.88323E-02  0.13400E+03  0.55809E+04  0.00000E+00  25391  0.00000E+00      0.000
     630.0000 -0.90000E+01  0.60000E+01 -0.90000E+01  0.57567E+01 -0.32431E+01 -0.56709E+04  0.37808E+04 -0.56709E+04  0.36177E+04 -0.19821E+04 -0.34226E+03 -0.35775E+03 -0.36541E+03  0.14305E-04  0.89754E-02  0.13400E+03  0.56709E+04  0.00000E+00  25796  0.00000E+00      0.000
     640.0000 -0.90000E+01  0.60000E+01 -0.90000E+01  0.57567E+01 -0.32431E+01 -0.57610E+04  0.38408E+04 -0.57610E+04  0.36753E+04 -0.20146E+04 -0.34226E+03 -0.35775E+03 -0.36541E+03  0.14305E-04  0.91185E-02  0.13400E+03  0.57610E+04  0.00000E+00  26201  0.00000E+00      0.000
     650.0000 -0.90000E+01  0.60000E+01 -0.90000E+01  0.57567E+01 -0.32431E+01 -0.58510E+04  0.39008E+04 -0.58510E+04  0.37328E+04 -0.20470E+04 -0.34226E+03 -0.35775E+03 -0.36541E+03  0.14305E-04  0.92616E-02  0.13400E+03  0.58510E+04  0.00000E+00  26606  0.00000E+00      0.000
     660.0000 -0.90000E+01  0.60000E+01 -0.90000E+01  0.57567E+01 -0.32431E+01 -0.59410E+04  0.39608E+04 -0.59410E+04  0.37904E+04 -0.20795E+04 -0.34226E+03 -0.35775E+03 -0.36541E+03  0.14305E-04  0.94047E-02  0.13400E+03  0.59410E+04  0.00000E+00  27011  0.00000E+00      0.000
     670.0000 -0.90000E+01  0.60000E+01 -0.90000E+01  0.57567E+01 -0.32431E+01 -0.60311E+04  0.40209E+04 -0.60311E+04  0.38479E+04 -0.21119E+04 -0.34226E+03 -0.35775E+03 -0.36541E+03  0.14305E-04  0.95478E-02  0.13400E+03  0.60311E+04  0.00000E+00  27416  0.00000E+00      0.000
     680.0000 -0.90000E+01  0.60000E+01 -0.90000E+01  0.57567E+01 -0.32431E+01 -0.61211E+04  0.40809E+04 -0.61211E+04  0.39055E+04 -0.21444E+04 -0.34226E+03 -0.35775E+03 -0.36541E+03  0.14305E-04  0.96909E-02  0.13400E+03  0.61211E+04  0.00000E+00  27821  0.00000E+00      0.000
     690.0000 -0.90000E+01  0.60000E+01 -0.90000E+01  0.57567E+01 -0.32431E+01 -0.62111E+04  0.41409E+04 -0.62111E+04  0.39630E+04 -0.21769E+04 -0.34226E+03 -0.35775E+03 -0.36541E+03  0.14305E-04  0.98340E-02  0.13400E+03  0.62111E+04  0.00000E+00  28226  0.00000E+00      0.000
     700.0000 -0.90000E+01  0.60000E+01 -0.90000E+01  0.57567E+01 -0.32431E+01 -0.63011E+04  0.42009E+04 -0.63011E+04  0.40206E+04 -0.22094E+04 -0.34226E+03 -0.35775E+03 -0.36541E+03  0.14305E-04  0.99771E-02  0.13400E+03  0.63011E+04  0.00000E+00  28631  0.00000E+00      0.000
     710.0000 -0.90000E+01  0.60000E+01 -0.90000E+01  0.57567E+01 -0.32431E+01 -0.63912E+04  0.42609E+04 -0.63912E+04  0.40781E+04 -0.22418E+04 -0.34226E+03 -0.35775E+03 -0.36541E+03  0.14305E-04  0.10120E-01  0.13400E+03  0.63912E+04  0.00000E+00  29036  0.00000E+00      0.000
     720.0000 -0.90000E+01  0.60000E+01 -0.90000E+01  0.57567E+01 -0.32431E+01 -0.64812E+04  0.43210E+04 -0.64812E+04  0.41357E+04 -0.22743E+04 -0.34226E+03 -0.35775E+03 -0.36541E+03  0.14305E-04  0.10263E-01  0.13400E+03  0.64812E+04  0.00000E+00  29441  0.00000E+00      0.000
     730.0000 -0.90000E+01  0.60000E+01 -0.90000E+01  0.57567E+01 -0.32431E+01 -0.65712E+04  0.43810E+04 -0.65712E+04  0.41934E+04 -0.23068E+04 -0.34226E+03 -0.35775E+03 -0.36541E+03  0.14305E-04  0.10406E-01  0.13400E+03  0.65712E+04  0.00000E+00  29846  0.00000E+00      0.000
     740.0000 -0.90000E+01  0.60000E+01 -0.90000E+01  0.57567E+01 -0.32431E+01 -0.66613E+04  0.44410E+04 -0.66613E+04  0.42510E+04 -0.23393E+04 -0.34226E+03 -0.35775E+03 -0.36541E+03  0.14305E-04  0.10549E-01  0.13400E+03  0.66613E+04  0.00000E+00  30251  0.00000E+00      0.000
     750.0000 -0.90000E+01  0.60000E+01 -0.90000E+01  0.57567E+01 -0.32431E+01 -0.67513E+04  0.45010E+04 -0.67513E+04  0.43087E+04 -0.23718E+04 -0.34226E+03 -0.35775E+03 -0.36541E+03  0.14305E-04  0.10693E-01  0.13400E+03  0.67513E+04  0.00000E+00  30656  0.00000E+00      0.000
     760.0000 -0.90000E+01  0.60000E+01 -0.90000E+01  0.57567E+01 -0.32431E+01 -0.68413E+04  0.45610E+04 -0.68413E+04  0.43663E+04 -0.24042E+04 -0.34226E+03 -0.35775E+03 -0.36541E+03  0.14305E-04  0.10836E-01  0.13400E+03  0.68413E+04  0.00000E+00  31061  0.00000E+00      0.000
     770.0000 -0.90000E+01  0.60000E+01 -0.90000E+01  0.57567E+01 -0.32431E+01 -0.69313E+04  0.46210E+04 -0.69313E+04  0.44240E+04 -0.24367E+04 -0.34226E+03 -0.35775E+03 -0.36541E+03  0.14305E-04  0.10979E-01  0.13400E+03  0.69313E+04  0.00000E+00  31466  0.00000E+00      0.000
     780.0000 -0.90000E+01  0.60000E+01 -0.90000E+01  0.57567E+01 -0.32431E+01 -0.70214E+04  0.46811E+04 -0.70214E+04  0.44816E+04 -0.24692E+04 -0.34226E+03 -0.35775E+03 -0.36541E+03  0.14305E-04  0.11122E-01  0.13400E+03  0.70214E+04  0.00000E+00  31871  0.00000E+00      0.000
     790.0000 -0.90000E+01  0.60000E+01 -0.90000E+01  0.57567E+01 -0.32431E+01 -0.71114E+04  0.47411E+04 -0.71114E+04  0.45393E+04 -0.25017E+04 -0.34226E+03 -0.35775E+03 -0.36541E+03  0.14305E-04  0.11265E-01  0.13400E+03  0.71114E+04  0.00000E+00  32276  0.00000E+00      0.000
     800.0000 -0.90000E+01  0.60000E+01 -0.90000E+01  0.57567E+01 -0.32431E+01 -0.72014E+04  0.48011E+04 -0.72014E+04  0.45969E+04 -0.25341E+04 -0.34226E+03 -0.35775E+03 -0.36541E+03  0.14305E-04  0.11408E-01  0.13400E+03  0.72014E+04  0.00000E+00  32681  0.00000E+00      0.000
     810.0000 -0.90000E+01  0.60000E+01 -0.90000E+01  0.57567E+01 -0.32431E+01 -0.72915E+04  0.48611E+04 -0.72915E+04  0.46546E+04 -0.25666E+04 -0.34226E+03 -0.35775E+03 -0.36541E+03  0.14305E-04  0.11551E-01  0.13400E+03  0.72915E+04  0.00000E+00  33086  0.00000E+00      0.000
     820.0000 -0.90000E+01  0.60000E+01 -0.90000E+01  0.57567E+01 -0.32431E+01 -0.73815E+04  0.49211E+04 -0.73815E+04  0.47122E+04 -0.25991E+04 -0.34226E+03 -0.35775E+03 -0.36541E+03  0.14305E-04  0.11694E-01  0.13400E+03  0.73815E+04  0.00000E+00  33491  0.00000E+00      0.000
     830.0000 -0.90000E+01  0.60000E+01 -0.90000E+01  0.57567E+01 -0.32431E+01 -0.74715E+04  0.49811E+04 -0.74715E+04  0.47699E+04 -0.26316E+04 -0.34226E+03 -0.35775E+03 -0.36541E+03  0.14305E-04  0.11837E-01  0.13400E+03  0.74715E+04  0.00000E+00  33896  0.00000E+00      0.000
     840.0000 -0.90000E+01  0.60000E+01 -0.90000E+01  0.57567E+01 -0.32431E+01 -0.75615E+04  0.50412E+04 -0.75615E+04  0.48275E+04 -0.26640E+04 -0.34226E+03 -0.35775E+03 -0.36541E+03  0.14305E-04  0.11980E-01  0.13400E+03  0.75615E+04  0.00000E+00  34301  0.00000E+00      0.000
     850.0000 -0.90000E+01  0.60000E+01 -0.90000E+01  0.57567E+01 -0.32431E+01 -0.76516E+04  0.51012E+04 -0.76516E+04  0.48852E+04 -0.26965E+04 -0.34226E+03 -0.35775E+03 -0.36541E+03  0.14305E-04  0.12123E-01  0.13400E+03  0.76516E+04  0.00000E+00  34706  0.00000E+00      0.000
     860.0000 -0.90000E+01  0.60000E+01 -0.90000E+01  0.57567E+01 -0.32431E+01 -0.77416E+04  0.51612E+04 -0.77416E+04  0.49428E+04 -0.27290E+04 -0.34226E+03 -0.35775E+03 -0.36541E+03  0.14305E-04  0.12267E-01  0.13400E+03  0.77416E+04  0.00000E+00  35111  0.00000E+00      0.000
     870.0000 -0.90000E+01  0.60000E+01 -0.90000E+01  0.57567E+01 -0.32431E+01 -0.78316E+04  0.52212E+04 -0.78316E+04  0.50005E+04 -0.27615E+04 -0.34226E+03 -0.35775E+03 -0.36541E+03  0.14305E-04  0.12410E-01  0.13400E+03  0.78316E+04  0.00000E+00  35516  0.00000E+00      0.000
     880.0000 -0.90000E+01  0.60000E+01 -0.90000E+01  0.57567E+01 -0.32431E+01 -0.79217E+04  0.52812E+04 -0.79217E+04  0.50581E+04 -0.27940E+04 -0.34226E+03 -0.35775E+03 -0.36541E+03  0.14305E-04  0.12553E-01  0.13400E+03  0.79217E+04  0.00000E+00  35921  0.00000E+00      0.000
     890.0000 -0.90000E+01  0.60000E+01 -0.90000E+01  0.57567E+01 -0.32431E+01 -0.80117E+04  0.53413E+04 -0.80117E+04  0.51158E+04 -0.28264E+04 -0.34226E+03 -0.35775E+03 -0.36541E+03  0.14305E-04  0.12696E-01  0.13400E+03  0.80117E+04  0.00000E+00  36326  0.00000E+00      0.000
     900.0000 -0.90000E+01  0.60000E+01 -0.90000E+01  0.57567E+01 -0.32431E+01 -0.81017E+04  0.54013E+04 -0.81017E+04  0.51734E+04 -0.28589E+04 -0.34226E+03 -0.35775E+03 -0.36541E+03  0.14305E-04  0.12839E-01  0.13400E+03  0.81017E+04  0.00000E+00  36731  0.00000E+00      0.000
     910.0000 -0.90000E+01  0.60000E+01 -0.90000E+01  0.57567E+01 -0.32431E+01 -0.81917E+04  0.54613E+04 -0.81917E+04  0.52311E+04 -0.28914E+04 -0.34226E+03 -0.35775E+03 -0.36541E+03  0.14305E-04  0.12982E-01  0.13400E+03  0.81917E+04  0.00000E+00  37136  0.00000E+00      0.000
     920.0000 -0.90000E+01  0.60000E+01 -0.90000E+01  0.57567E+01 -0.32431E+01 -0.82818E+04  0.55213E+04 -0.82818E+04  0.52887E+04 -0.29239E+04 -0.34226E+03 -0.35775E+03 -0.36541E+03  0.14305E-04  0.13125E-01  0.13400E+03  0.82818E+04  0.00000E+00  37541  0.00000E+00      0.000
     930.0000 -0.90000E+01  0.60000E+01 -0.90000E+01  0.57567E+01 -0.32431E+01 -0.83718E+04  0.55813E+04 -0.83718E+04  0.53464E+04 -0.29563E+04 -0.34226E+03 -0.35775E+03 -0.36541E+03  0.14305E-04  0.13268E-01  0.13400E+03  0.83718E+04  0.00000E+00  37946  0.00000E+00      0.000
     940.0000 -0.90000E+01  0.60000E+01 -0.90000E+01  0.57567E+01 -0.32431E+01 -0.84618E+04  0.56413E+04 -0.84618E+04  0.54040E+04 -0.29888E+04 -0.34226E+03 -0.35775E+03 -0.36541E+03  0.14305E-04  0.13411E-01  0.13400E+03  0.84618E+04  0.00000E+00  38351  0.00000E+00      0.000
     950.0000 -0.90000E+01  0.60000E+01 -0.90000E+01  0.57567E+01 -0.32431E+01 -0.85519E+04  0.57014E+04 -0.85519E+04  0.54617E+04 -0.30213E+04 -0.34226E+03 -0.35775E+03 -0.36541E+03  0.14305E-04  0.13554E-01  0.13400E+03  0.85519E+04  0.00000E+00  38756  0.00000E+00      0.000
     960.0000 -0.90000E+01  0.60000E+01 -0.90000E+01  0.57567E+01 -0.32431E+01 -0.86419E+04  0.57614E+04 -0.86419E+04  0.55193E+04 -0.30538E+04 -0.34226E+03 -0.35775E+03 -0.36541E+03  0.14305E-04  0.13698E-01  0.13400E+03  0.86419E+04  0.00000E+00  39161  0.00000E+00      0.000
     970.0000 -0.90000E+01  0.60000E+01 -0.90000E+01  0.57567E+01 -0.32431E+01 -0.87319E+04  0.58214E+04 -0.87319E+04  0.55770E+04 -0.30862E+04 -0.34226E+03 -0.35775E+03 -0.36541E+03  0.14305E-04  0.13841E-01  0.13400E+03  0.87319E+04  0.00000E+00  39566  0.00000E+00      0.000
     980.0000 -0.90000E+01  0.60000E+01 -0.90000E+01  0.57567E+01 -0.32431E+01 -0.88219E+04  0.58814E+04 -0.88219E+04  0.56346E+04 -0.31187E+04 -0.34226E+03 -0.35775E+03 -0.36541E+03  0.14305E-04  0.13984E-01  0.13400E+03  0.88219E+04  0.00000E+00  39971  0.00000E+00      0.000
     990.0000 -0.90000E+01  0.60000E+01 -0.90000E+01  0.57567E+01 -0.32431E+01 -0.89120E+04  0.59414E+04 -0.89120E+04  0.56923E+04 -0.31512E+04 -0.34226E+03 -0.35775E+03 -0.36541E+03  0.14305E-04  0.14127E-01  0.13400E+03  0.89120E+04  0.00000E+00  40376  0.00000E+00      0.000
    1000.0000 -0.90000E+01  0.60000E+01 -0.90000E+01  0.57567E+01 -0.32431E+01 -0.90020E+04  0.60015E+04 -0.90020E+04  0.57499E+04 -0.31837E+04 -0.34226E+03 -0.35775E+03 -0.36541E+03  0.14305E-04  0.14270E-01  0.13400E+03  0.90020E+04  0.00000E+00  40781  0.00000E+00      0.000
end
