 ******* Program HYDRUS
 ******* 
 Welcome to HYDRUS-1D                                                    
 Date:  13. 3.    Time:  12:47:13
 Units: L = mm   , T = days , M = mmol 

----------------------------------------------------------
 Time       [T]        0.0000
----------------------------------------------------------
 Sub-region num.                     1
----------------------------------------------------------
 Length   [L]        0.10000E+04  0.10000E+04
 W-volume [L]        0.64709E+02  0.64709E+02
 In-flow  [L/T]      0.00000E+00  0.00000E+00
 h Mean   [L]       -0.10000E+04 -0.10000E+04
 ConcVol  [M/L2] 1   0.00000E+00  0.00000E+00
 cMean    [M/L3] 1   0.00000E+00  0.00000E+00
 Top Flux [L/T]     -0.29768E-05
 Bot Flux [L/T]     -0.29768E-05
----------------------------------------------------------

----------------------------------------------------------
 Time       [T]      200.0000
----------------------------------------------------------
 Sub-region num.                     1
----------------------------------------------------------
 Length   [L]        0.10000E+04  0.10000E+04
 W-volume [L]        0.11352E+03  0.11352E+03
 In-flow  [L/T]      0.16011E-04  0.16011E-04
 h Mean   [L]       -0.41148E+03 -0.41148E+03
 ConcVol  [M/L2] 1   0.26452E+05  0.26452E+05
 cMean    [M/L3] 1   0.23960E+03  0.23960E+03
 Top Flux [L/T]     -0.44506E+01
 Bot Flux [L/T]     -0.43489E+00
 WatBalT  [L]        0.36709E-01
 WatBalR  [%]              0.002
 CncBalT  [M]    1   0.48453E+02
 CncBalR  [%]    1         0.176
----------------------------------------------------------

----------------------------------------------------------
 Time       [T]      400.0000
----------------------------------------------------------
 Sub-region num.                     1
----------------------------------------------------------
 Length   [L]        0.10000E+04  0.10000E+04
 W-volume [L]        0.11352E+03  0.11352E+03
 In-flow  [L/T]     -0.32544E-04 -0.32544E-04
 h Mean   [L]       -0.41149E+03 -0.41149E+03
 ConcVol  [M/L2] 1   0.26829E+05  0.26829E+05
 cMean    [M/L3] 1   0.24306E+03  0.24306E+03
 Top Flux [L/T]     -0.44506E+01
 Bot Flux [L/T]     -0.43490E+00
 WatBalT  [L]        0.36705E-01
 WatBalR  [%]              0.001
 CncBalT  [M]    1   0.84326E+02
 CncBalR  [%]    1         0.104
----------------------------------------------------------

----------------------------------------------------------
 Time       [T]      600.0000
----------------------------------------------------------
 Sub-region num.                     1
----------------------------------------------------------
 Length   [L]        0.10000E+04  0.10000E+04
 W-volume [L]        0.11352E+03  0.11352E+03
 In-flow  [L/T]      0.22898E-05  0.22898E-05
 h Mean   [L]       -0.41148E+03 -0.41148E+03
 ConcVol  [M/L2] 1   0.26829E+05  0.26829E+05
 cMean    [M/L3] 1   0.24306E+03  0.24306E+03
 Top Flux [L/T]     -0.44502E+01
 Bot Flux [L/T]     -0.43490E+00
 WatBalT  [L]        0.36743E-01
 WatBalR  [%]              0.001
 CncBalT  [M]    1   0.84379E+02
 CncBalR  [%]    1         0.062
----------------------------------------------------------

----------------------------------------------------------
 Time       [T]      800.0000
----------------------------------------------------------
 Sub-region num.                     1
----------------------------------------------------------
 Length   [L]        0.10000E+04  0.10000E+04
 W-volume [L]        0.11352E+03  0.11352E+03
 In-flow  [L/T]     -0.39408E-04 -0.39408E-04
 h Mean   [L]       -0.41148E+03 -0.41148E+03
 ConcVol  [M/L2] 1   0.26829E+05  0.26829E+05
 cMean    [M/L3] 1   0.24306E+03  0.24306E+03
 Top Flux [L/T]     -0.44506E+01
 Bot Flux [L/T]     -0.43490E+00
 WatBalT  [L]        0.36713E-01
 WatBalR  [%]              0.001
 CncBalT  [M]    1   0.84391E+02
 CncBalR  [%]    1         0.045
----------------------------------------------------------

----------------------------------------------------------
 Time       [T]     1000.0000
----------------------------------------------------------
 Sub-region num.                     1
----------------------------------------------------------
 Length   [L]        0.10000E+04  0.10000E+04
 W-volume [L]        0.11352E+03  0.11352E+03
 In-flow  [L/T]     -0.25666E-04 -0.25666E-04
 h Mean   [L]       -0.41149E+03 -0.41149E+03
 ConcVol  [M/L2] 1   0.26829E+05  0.26829E+05
 cMean    [M/L3] 1   0.24306E+03  0.24306E+03
 Top Flux [L/T]     -0.44501E+01
 Bot Flux [L/T]     -0.43490E+00
 WatBalT  [L]        0.36694E-01
 WatBalR  [%]              0.000
 CncBalT  [M]    1   0.84402E+02
 CncBalR  [%]    1         0.035
----------------------------------------------------------
 
 Calculation time [sec]   5.44000001251698     
