 ******* Program HYDRUS
 ******* 
 Welcome to HYDRUS-1D                                                    
 Date:  13. 3.    Time:  12:47:13
 Units: L = mm   , T = days , M = mmol 
 
 CosAlf,MaxIt,TolTh,  TolH
 1.000   10   0.00110.00000
 
 TopInF,BotInF,AtmBC,SinkF,WLayer,qGWLF,FreeD,SeepF,lWat,lChem,lTemp,lRoot,lWDep
     T     F     T     T     F     F     T     F     T     T     F     F     F

Nodal point information

node      x         hOld    MatN LayN  Beta      Ah       AK      ATh     Temp    Conc(1...NS)         Sorb(1...NS)

   1      0.000  -1000.000    1    1   0.003    1.000    1.000    1.000   20.00  0.0000E+00
   2     -5.000  -1000.000    1    1   0.003    1.000    1.000    1.000   20.00  0.0000E+00
   3    -10.000  -1000.000    1    1   0.003    1.000    1.000    1.000   20.00  0.0000E+00
   4    -15.000  -1000.000    1    1   0.003    1.000    1.000    1.000   20.00  0.0000E+00
   5    -20.000  -1000.000    1    1   0.003    1.000    1.000    1.000   20.00  0.0000E+00
   6    -25.000  -1000.000    1    1   0.003    1.000    1.000    1.000   20.00  0.0000E+00
   7    -30.000  -1000.000    1    1   0.003    1.000    1.000    1.000   20.00  0.0000E+00
   8    -35.000  -1000.000    1    1   0.003    1.000    1.000    1.000   20.00  0.0000E+00
   9    -40.000  -1000.000    1    1   0.003    1.000    1.000    1.000   20.00  0.0000E+00
  10    -45.000  -1000.000    1    1   0.003    1.000    1.000    1.000   20.00  0.0000E+00
  11    -50.000  -1000.000    1    1   0.003    1.000    1.000    1.000   20.00  0.0000E+00
  12    -55.000  -1000.000    1    1   0.003    1.000    1.000    1.000   20.00  0.0000E+00
  13    -60.000  -1000.000    1    1   0.003    1.000    1.000    1.000   20.00  0.0000E+00
  14    -65.000  -1000.000    1    1   0.003    1.000    1.000    1.000   20.00  0.0000E+00
  15    -70.000  -1000.000    1    1   0.003    1.000    1.000    1.000   20.00  0.0000E+00
  16    -75.000  -1000.000    1    1   0.003    1.000    1.000    1.000   20.00  0.0000E+00
  17    -80.000  -1000.000    1    1   0.003    1.000    1.000    1.000   20.00  0.0000E+00
  18    -85.000  -1000.000    1    1   0.003    1.000    1.000    1.000   20.00  0.0000E+00
  19    -90.000  -1000.000    1    1   0.003    1.000    1.000    1.000   20.00  0.0000E+00
  20    -95.000  -1000.000    1    1   0.003    1.000    1.000    1.000   20.00  0.0000E+00
  21   -100.000  -1000.000    1    1   0.003    1.000    1.000    1.000   20.00  0.0000E+00
  22   -105.000  -1000.000    1    1   0.003    1.000    1.000    1.000   20.00  0.0000E+00
  23   -110.000  -1000.000    1    1   0.003    1.000    1.000    1.000   20.00  0.0000E+00
  24   -115.000  -1000.000    1    1   0.003    1.000    1.000    1.000   20.00  0.0000E+00
  25   -120.000  -1000.000    1    1   0.003    1.000    1.000    1.000   20.00  0.0000E+00
  26   -125.000  -1000.000    1    1   0.003    1.000    1.000    1.000   20.00  0.0000E+00
  27   -130.000  -1000.000    1    1   0.003    1.000    1.000    1.000   20.00  0.0000E+00
  28   -135.000  -1000.000    1    1   0.003    1.000    1.000    1.000   20.00  0.0000E+00
  29   -140.000  -1000.000    1    1   0.003    1.000    1.000    1.000   20.00  0.0000E+00
  30   -145.000  -1000.000    1    1   0.003    1.000    1.000    1.000   20.00  0.0000E+00
  31   -150.000  -1000.000    1    1   0.003    1.000    1.000    1.000   20.00  0.0000E+00
  32   -155.000  -1000.000    1    1   0.003    1.000    1.000    1.000   20.00  0.0000E+00
  33   -160.000  -1000.000    1    1   0.003    1.000    1.000    1.000   20.00  0.0000E+00
  34   -165.000  -1000.000    1    1   0.003    1.000    1.000    1.000   20.00  0.0000E+00
  35   -170.000  -1000.000    1    1   0.003    1.000    1.000    1.000   20.00  0.0000E+00
  36   -175.000  -1000.000    1    1   0.003    1.000    1.000    1.000   20.00  0.0000E+00
  37   -180.000  -1000.000    1    1   0.003    1.000    1.000    1.000   20.00  0.0000E+00
  38   -185.000  -1000.000    1    1   0.003    1.000    1.000    1.000   20.00  0.0000E+00
  39   -190.000  -1000.000    1    1   0.003    1.000    1.000    1.000   20.00  0.0000E+00
  40   -195.000  -1000.000    1    1   0.003    1.000    1.000    1.000   20.00  0.0000E+00
  41   -200.000  -1000.000    1    1   0.002    1.000    1.000    1.000   20.00  0.0000E+00
  42   -205.000  -1000.000    1    1   0.002    1.000    1.000    1.000   20.00  0.0000E+00
  43   -210.000  -1000.000    1    1   0.002    1.000    1.000    1.000   20.00  0.0000E+00
  44   -215.000  -1000.000    1    1   0.002    1.000    1.000    1.000   20.00  0.0000E+00
  45   -220.000  -1000.000    1    1   0.002    1.000    1.000    1.000   20.00  0.0000E+00
  46   -225.000  -1000.000    1    1   0.002    1.000    1.000    1.000   20.00  0.0000E+00
  47   -230.000  -1000.000    1    1   0.002    1.000    1.000    1.000   20.00  0.0000E+00
  48   -235.000  -1000.000    1    1   0.002    1.000    1.000    1.000   20.00  0.0000E+00
  49   -240.000  -1000.000    1    1   0.002    1.000    1.000    1.000   20.00  0.0000E+00
  50   -245.000  -1000.000    1    1   0.002    1.000    1.000    1.000   20.00  0.0000E+00
  51   -250.000  -1000.000    1    1   0.002    1.000    1.000    1.000   20.00  0.0000E+00
  52   -255.000  -1000.000    1    1   0.002    1.000    1.000    1.000   20.00  0.0000E+00
  53   -260.000  -1000.000    1    1   0.002    1.000    1.000    1.000   20.00  0.0000E+00
  54   -265.000  -1000.000    1    1   0.002    1.000    1.000    1.000   20.00  0.0000E+00
  55   -270.000  -1000.000    1    1   0.002    1.000    1.000    1.000   20.00  0.0000E+00
  56   -275.000  -1000.000    1    1   0.002    1.000    1.000    1.000   20.00  0.0000E+00
  57   -280.000  -1000.000    1    1   0.002    1.000    1.000    1.000   20.00  0.0000E+00
  58   -285.000  -1000.000    1    1   0.002    1.000    1.000    1.000   20.00  0.0000E+00
  59   -290.000  -1000.000    1    1   0.002    1.000    1.000    1.000   20.00  0.0000E+00
  60   -295.000  -1000.000    1    1   0.002    1.000    1.000    1.000   20.00  0.0000E+00
  61   -300.000  -1000.000    1    1   0.002    1.000    1.000    1.000   20.00  0.0000E+00
  62   -305.000  -1000.000    1    1   0.002    1.000    1.000    1.000   20.00  0.0000E+00
  63   -310.000  -1000.000    1    1   0.002    1.000    1.000    1.000   20.00  0.0000E+00
  64   -315.000  -1000.000    1    1   0.002    1.000    1.000    1.000   20.00  0.0000E+00
  65   -320.000  -1000.000    1    1   0.001    1.000    1.000    1.000   20.00  0.0000E+00
  66   -325.000  -1000.000    1    1   0.001    1.000    1.000    1.000   20.00  0.0000E+00
  67   -330.000  -1000.000    1    1   0.001    1.000    1.000    1.000   20.00  0.0000E+00
  68   -335.000  -1000.000    1    1   0.001    1.000    1.000    1.000   20.00  0.0000E+00
  69   -340.000  -1000.000    1    1   0.001    1.000    1.000    1.000   20.00  0.0000E+00
  70   -345.000  -1000.000    1    1   0.001    1.000    1.000    1.000   20.00  0.0000E+00
  71   -350.000  -1000.000    1    1   0.001    1.000    1.000    1.000   20.00  0.0000E+00
  72   -355.000  -1000.000    1    1   0.001    1.000    1.000    1.000   20.00  0.0000E+00
  73   -360.000  -1000.000    1    1   0.001    1.000    1.000    1.000   20.00  0.0000E+00
  74   -365.000  -1000.000    1    1   0.001    1.000    1.000    1.000   20.00  0.0000E+00
  75   -370.000  -1000.000    1    1   0.001    1.000    1.000    1.000   20.00  0.0000E+00
  76   -375.000  -1000.000    1    1   0.001    1.000    1.000    1.000   20.00  0.0000E+00
  77   -380.000  -1000.000    1    1   0.001    1.000    1.000    1.000   20.00  0.0000E+00
  78   -385.000  -1000.000    1    1   0.001    1.000    1.000    1.000   20.00  0.0000E+00
  79   -390.000  -1000.000    1    1   0.001    1.000    1.000    1.000   20.00  0.0000E+00
  80   -395.000  -1000.000    1    1   0.001    1.000    1.000    1.000   20.00  0.0000E+00
  81   -400.000  -1000.000    1    1   0.001    1.000    1.000    1.000   20.00  0.0000E+00
  82   -405.000  -1000.000    1    1   0.001    1.000    1.000    1.000   20.00  0.0000E+00
  83   -410.000  -1000.000    1    1   0.001    1.000    1.000    1.000   20.00  0.0000E+00
  84   -415.000  -1000.000    1    1   0.001    1.000    1.000    1.000   20.00  0.0000E+00
  85   -420.000  -1000.000    1    1   0.001    1.000    1.000    1.000   20.00  0.0000E+00
  86   -425.000  -1000.000    1    1   0.001    1.000    1.000    1.000   20.00  0.0000E+00
  87   -430.000  -1000.000    1    1   0.001    1.000    1.000    1.000   20.00  0.0000E+00
  88   -435.000  -1000.000    1    1   0.001    1.000    1.000    1.000   20.00  0.0000E+00
  89   -440.000  -1000.000    1    1   0.001    1.000    1.000    1.000   20.00  0.0000E+00
  90   -445.000  -1000.000    1    1   0.000    1.000    1.000    1.000   20.00  0.0000E+00
  91   -450.000  -1000.000    1    1   0.000    1.000    1.000    1.000   20.00  0.0000E+00
  92   -455.000  -1000.000    1    1   0.000    1.000    1.000    1.000   20.00  0.0000E+00
  93   -460.000  -1000.000    1    1   0.000    1.000    1.000    1.000   20.00  0.0000E+00
  94   -465.000  -1000.000    1    1   0.000    1.000    1.000    1.000   20.00  0.0000E+00
  95   -470.000  -1000.000    1    1   0.000    1.000    1.000    1.000   20.00  0.0000E+00
  96   -475.000  -1000.000    1    1   0.000    1.000    1.000    1.000   20.00  0.0000E+00
  97   -480.000  -1000.000    1    1   0.000    1.000    1.000    1.000   20.00  0.0000E+00
  98   -485.000  -1000.000    1    1   0.000    1.000    1.000    1.000   20.00  0.0000E+00
  99   -490.000  -1000.000    1    1   0.000    1.000    1.000    1.000   20.00  0.0000E+00
 100   -495.000  -1000.000    1    1   0.000    1.000    1.000    1.000   20.00  0.0000E+00
 101   -500.000  -1000.000    1    1   0.000    1.000    1.000    1.000   20.00  0.0000E+00
 102   -505.000  -1000.000    1    1   0.000    1.000    1.000    1.000   20.00  0.0000E+00
 103   -510.000  -1000.000    1    1   0.000    1.000    1.000    1.000   20.00  0.0000E+00
 104   -515.000  -1000.000    1    1   0.000    1.000    1.000    1.000   20.00  0.0000E+00
 105   -520.000  -1000.000    1    1   0.000    1.000    1.000    1.000   20.00  0.0000E+00
 106   -525.000  -1000.000    1    1   0.000    1.000    1.000    1.000   20.00  0.0000E+00
 107   -530.000  -1000.000    1    1   0.000    1.000    1.000    1.000   20.00  0.0000E+00
 108   -535.000  -1000.000    1    1   0.000    1.000    1.000    1.000   20.00  0.0000E+00
 109   -540.000  -1000.000    1    1   0.000    1.000    1.000    1.000   20.00  0.0000E+00
 110   -545.000  -1000.000    1    1   0.000    1.000    1.000    1.000   20.00  0.0000E+00
 111   -550.000  -1000.000    1    1   0.000    1.000    1.000    1.000   20.00  0.0000E+00
 112   -555.000  -1000.000    1    1   0.000    1.000    1.000    1.000   20.00  0.0000E+00
 113   -560.000  -1000.000    1    1   0.000    1.000    1.000    1.000   20.00  0.0000E+00
 114   -565.000  -1000.000    1    1   0.000    1.000    1.000    1.000   20.00  0.0000E+00
 115   -570.000  -1000.000    1    1   0.000    1.000    1.000    1.000   20.00  0.0000E+00
 116   -575.000  -1000.000    1    1   0.000    1.000    1.000    1.000   20.00  0.0000E+00
 117   -580.000  -1000.000    1    1   0.000    1.000    1.000    1.000   20.00  0.0000E+00
 118   -585.000  -1000.000    1    1   0.000    1.000    1.000    1.000   20.00  0.0000E+00
 119   -590.000  -1000.000    1    1   0.000    1.000    1.000    1.000   20.00  0.0000E+00
 120   -595.000  -1000.000    1    1   0.000    1.000    1.000    1.000   20.00  0.0000E+00
 121   -600.000  -1000.000    1    1   0.000    1.000    1.000    1.000   20.00  0.0000E+00
 122   -605.000  -1000.000    1    1   0.000    1.000    1.000    1.000   20.00  0.0000E+00
 123   -610.000  -1000.000    1    1   0.000    1.000    1.000    1.000   20.00  0.0000E+00
 124   -615.000  -1000.000    1    1   0.000    1.000    1.000    1.000   20.00  0.0000E+00
 125   -620.000  -1000.000    1    1   0.000    1.000    1.000    1.000   20.00  0.0000E+00
 126   -625.000  -1000.000    1    1   0.000    1.000    1.000    1.000   20.00  0.0000E+00
 127   -630.000  -1000.000    1    1   0.000    1.000    1.000    1.000   20.00  0.0000E+00
 128   -635.000  -1000.000    1    1   0.000    1.000    1.000    1.000   20.00  0.0000E+00
 129   -640.000  -1000.000    1    1   0.000    1.000    1.000    1.000   20.00  0.0000E+00
 130   -645.000  -1000.000    1    1   0.000    1.000    1.000    1.000   20.00  0.0000E+00
 131   -650.000  -1000.000    1    1   0.000    1.000    1.000    1.000   20.00  0.0000E+00
 132   -655.000  -1000.000    1    1   0.000    1.000    1.000    1.000   20.00  0.0000E+00
 133   -660.000  -1000.000    1    1   0.000    1.000    1.000    1.000   20.00  0.0000E+00
 134   -665.000  -1000.000    1    1   0.000    1.000    1.000    1.000   20.00  0.0000E+00
 135   -670.000  -1000.000    1    1   0.000    1.000    1.000    1.000   20.00  0.0000E+00
 136   -675.000  -1000.000    1    1   0.000    1.000    1.000    1.000   20.00  0.0000E+00
 137   -680.000  -1000.000    1    1   0.000    1.000    1.000    1.000   20.00  0.0000E+00
 138   -685.000  -1000.000    1    1   0.000    1.000    1.000    1.000   20.00  0.0000E+00
 139   -690.000  -1000.000    1    1   0.000    1.000    1.000    1.000   20.00  0.0000E+00
 140   -695.000  -1000.000    1    1   0.000    1.000    1.000    1.000   20.00  0.0000E+00
 141   -700.000  -1000.000    1    1   0.000    1.000    1.000    1.000   20.00  0.0000E+00
 142   -705.000  -1000.000    1    1   0.000    1.000    1.000    1.000   20.00  0.0000E+00
 143   -710.000  -1000.000    1    1   0.000    1.000    1.000    1.000   20.00  0.0000E+00
 144   -715.000  -1000.000    1    1   0.000    1.000    1.000    1.000   20.00  0.0000E+00
 145   -720.000  -1000.000    1    1   0.000    1.000    1.000    1.000   20.00  0.0000E+00
 146   -725.000  -1000.000    1    1   0.000    1.000    1.000    1.000   20.00  0.0000E+00
 147   -730.000  -1000.000    1    1   0.000    1.000    1.000    1.000   20.00  0.0000E+00
 148   -735.000  -1000.000    1    1   0.000    1.000    1.000    1.000   20.00  0.0000E+00
 149   -740.000  -1000.000    1    1   0.000    1.000    1.000    1.000   20.00  0.0000E+00
 150   -745.000  -1000.000    1    1   0.000    1.000    1.000    1.000   20.00  0.0000E+00
 151   -750.000  -1000.000    1    1   0.000    1.000    1.000    1.000   20.00  0.0000E+00
 152   -755.000  -1000.000    1    1   0.000    1.000    1.000    1.000   20.00  0.0000E+00
 153   -760.000  -1000.000    1    1   0.000    1.000    1.000    1.000   20.00  0.0000E+00
 154   -765.000  -1000.000    1    1   0.000    1.000    1.000    1.000   20.00  0.0000E+00
 155   -770.000  -1000.000    1    1   0.000    1.000    1.000    1.000   20.00  0.0000E+00
 156   -775.000  -1000.000    1    1   0.000    1.000    1.000    1.000   20.00  0.0000E+00
 157   -780.000  -1000.000    1    1   0.000    1.000    1.000    1.000   20.00  0.0000E+00
 158   -785.000  -1000.000    1    1   0.000    1.000    1.000    1.000   20.00  0.0000E+00
 159   -790.000  -1000.000    1    1   0.000    1.000    1.000    1.000   20.00  0.0000E+00
 160   -795.000  -1000.000    1    1   0.000    1.000    1.000    1.000   20.00  0.0000E+00
 161   -800.000  -1000.000    1    1   0.000    1.000    1.000    1.000   20.00  0.0000E+00
 162   -805.000  -1000.000    1    1   0.000    1.000    1.000    1.000   20.00  0.0000E+00
 163   -810.000  -1000.000    1    1   0.000    1.000    1.000    1.000   20.00  0.0000E+00
 164   -815.000  -1000.000    1    1   0.000    1.000    1.000    1.000   20.00  0.0000E+00
 165   -820.000  -1000.000    1    1   0.000    1.000    1.000    1.000   20.00  0.0000E+00
 166   -825.000  -1000.000    1    1   0.000    1.000    1.000    1.000   20.00  0.0000E+00
 167   -830.000  -1000.000    1    1   0.000    1.000    1.000    1.000   20.00  0.0000E+00
 168   -835.000  -1000.000    1    1   0.000    1.000    1.000    1.000   20.00  0.0000E+00
 169   -840.000  -1000.000    1    1   0.000    1.000    1.000    1.000   20.00  0.0000E+00
 170   -845.000  -1000.000    1    1   0.000    1.000    1.000    1.000   20.00  0.0000E+00
 171   -850.000  -1000.000    1    1   0.000    1.000    1.000    1.000   20.00  0.0000E+00
 172   -855.000  -1000.000    1    1   0.000    1.000    1.000    1.000   20.00  0.0000E+00
 173   -860.000  -1000.000    1    1   0.000    1.000    1.000    1.000   20.00  0.0000E+00
 174   -865.000  -1000.000    1    1   0.000    1.000    1.000    1.000   20.00  0.0000E+00
 175   -870.000  -1000.000    1    1   0.000    1.000    1.000    1.000   20.00  0.0000E+00
 176   -875.000  -1000.000    1    1   0.000    1.000    1.000    1.000   20.00  0.0000E+00
 177   -880.000  -1000.000    1    1   0.000    1.000    1.000    1.000   20.00  0.0000E+00
 178   -885.000  -1000.000    1    1   0.000    1.000    1.000    1.000   20.00  0.0000E+00
 179   -890.000  -1000.000    1    1   0.000    1.000    1.000    1.000   20.00  0.0000E+00
 180   -895.000  -1000.000    1    1   0.000    1.000    1.000    1.000   20.00  0.0000E+00
 181   -900.000  -1000.000    1    1   0.000    1.000    1.000    1.000   20.00  0.0000E+00
 182   -905.000  -1000.000    1    1   0.000    1.000    1.000    1.000   20.00  0.0000E+00
 183   -910.000  -1000.000    1    1   0.000    1.000    1.000    1.000   20.00  0.0000E+00
 184   -915.000  -1000.000    1    1   0.000    1.000    1.000    1.000   20.00  0.0000E+00
 185   -920.000  -1000.000    1    1   0.000    1.000    1.000    1.000   20.00  0.0000E+00
 186   -925.000  -1000.000    1    1   0.000    1.000    1.000    1.000   20.00  0.0000E+00
 187   -930.000  -1000.000    1    1   0.000    1.000    1.000    1.000   20.00  0.0000E+00
 188   -935.000  -1000.000    1    1   0.000    1.000    1.000    1.000   20.00  0.0000E+00
 189   -940.000  -1000.000    1    1   0.000    1.000    1.000    1.000   20.00  0.0000E+00
 190   -945.000  -1000.000    1    1   0.000    1.000    1.000    1.000   20.00  0.0000E+00
 191   -950.000  -1000.000    1    1   0.000    1.000    1.000    1.000   20.00  0.0000E+00
 192   -955.000  -1000.000    1    1   0.000    1.000    1.000    1.000   20.00  0.0000E+00
 193   -960.000  -1000.000    1    1   0.000    1.000    1.000    1.000   20.00  0.0000E+00
 194   -965.000  -1000.000    1    1   0.000    1.000    1.000    1.000   20.00  0.0000E+00
 195   -970.000  -1000.000    1    1   0.000    1.000    1.000    1.000   20.00  0.0000E+00
 196   -975.000  -1000.000    1    1   0.000    1.000    1.000    1.000   20.00  0.0000E+00
 197   -980.000  -1000.000    1    1   0.000    1.000    1.000    1.000   20.00  0.0000E+00
 198   -985.000  -1000.000    1    1   0.000    1.000    1.000    1.000   20.00  0.0000E+00
 199   -990.000  -1000.000    1    1   0.000    1.000    1.000    1.000   20.00  0.0000E+00
 200   -995.000  -1000.000    1    1   0.000    1.000    1.000    1.000   20.00  0.0000E+00
 201  -1000.000  -1000.000    1    1   0.000    1.000    1.000    1.000   20.00  0.0000E+00
end

 Number of species in the chain :   1


MatNum, Param. array:

   Mat     Qr     Qs        Alfa         n          Ks      l

    1    0.060  0.410   0.500E-02   0.270E+01   0.360E+04  2.170

       Table of Hydraulic Properties which are interpolated in simulation
       =================================================================

  theta         h        log h        C             K        log K          S          Kv
 
  0.4100  -0.100E-04 -0.5000E+01  0.0000E+00  0.3600E+04  0.3556E+01    1.0000  0.0000E+00
  0.4100  -0.126E-04 -0.4899E+01  0.0000E+00  0.3600E+04  0.3556E+01    1.0000  0.0000E+00
  0.4100  -0.159E-04 -0.4798E+01  0.0000E+00  0.3600E+04  0.3556E+01    1.0000  0.0000E+00
  0.4100  -0.201E-04 -0.4697E+01  0.0000E+00  0.3600E+04  0.3556E+01    1.0000  0.0000E+00
  0.4100  -0.254E-04 -0.4596E+01  0.0000E+00  0.3600E+04  0.3556E+01    1.0000  0.0000E+00
  0.4100  -0.320E-04 -0.4495E+01  0.0000E+00  0.3600E+04  0.3556E+01    1.0000  0.0000E+00
  0.4100  -0.404E-04 -0.4394E+01  0.0000E+00  0.3600E+04  0.3556E+01    1.0000  0.0000E+00
  0.4100  -0.509E-04 -0.4293E+01  0.0000E+00  0.3600E+04  0.3556E+01    1.0000  0.0000E+00
  0.4100  -0.643E-04 -0.4192E+01  0.0000E+00  0.3600E+04  0.3556E+01    1.0000  0.0000E+00
  0.4100  -0.811E-04 -0.4091E+01  0.0000E+00  0.3600E+04  0.3556E+01    1.0000  0.0000E+00
  0.4100  -0.102E-03 -0.3990E+01  0.0000E+00  0.3600E+04  0.3556E+01    1.0000  0.0000E+00
  0.4100  -0.129E-03 -0.3889E+01  0.0000E+00  0.3600E+04  0.3556E+01    1.0000  0.0000E+00
  0.4100  -0.163E-03 -0.3788E+01  0.0000E+00  0.3600E+04  0.3556E+01    1.0000  0.0000E+00
  0.4100  -0.206E-03 -0.3687E+01  0.0000E+00  0.3600E+04  0.3556E+01    1.0000  0.0000E+00
  0.4100  -0.260E-03 -0.3586E+01  0.0000E+00  0.3600E+04  0.3556E+01    1.0000  0.0000E+00
  0.4100  -0.327E-03 -0.3485E+01  0.0000E+00  0.3600E+04  0.3556E+01    1.0000  0.0000E+00
  0.4100  -0.413E-03 -0.3384E+01  0.0000E+00  0.3600E+04  0.3556E+01    1.0000  0.0000E+00
  0.4100  -0.521E-03 -0.3283E+01  0.0000E+00  0.3600E+04  0.3556E+01    1.0000  0.0000E+00
  0.4100  -0.658E-03 -0.3182E+01  0.0000E+00  0.3600E+04  0.3556E+01    1.0000  0.0000E+00
  0.4100  -0.830E-03 -0.3081E+01  0.0000E+00  0.3600E+04  0.3556E+01    1.0000  0.0000E+00
  0.4100  -0.105E-02 -0.2980E+01  0.0000E+00  0.3600E+04  0.3556E+01    1.0000  0.0000E+00
  0.4100  -0.132E-02 -0.2879E+01  0.0000E+00  0.3600E+04  0.3556E+01    1.0000  0.0000E+00
  0.4100  -0.167E-02 -0.2778E+01  0.0000E+00  0.3600E+04  0.3556E+01    1.0000  0.0000E+00
  0.4100  -0.210E-02 -0.2677E+01  0.0000E+00  0.3600E+04  0.3556E+01    1.0000  0.0000E+00
  0.4100  -0.266E-02 -0.2576E+01  0.0000E+00  0.3600E+04  0.3556E+01    1.0000  0.0000E+00
  0.4100  -0.335E-02 -0.2475E+01  0.0000E+00  0.3600E+04  0.3556E+01    1.0000  0.0000E+00
  0.4100  -0.423E-02 -0.2374E+01  0.0000E+00  0.3600E+04  0.3556E+01    1.0000  0.0000E+00
  0.4100  -0.534E-02 -0.2273E+01  0.0000E+00  0.3600E+04  0.3556E+01    1.0000  0.0000E+00
  0.4100  -0.673E-02 -0.2172E+01  0.0000E+00  0.3600E+04  0.3556E+01    1.0000  0.0000E+00
  0.4100  -0.850E-02 -0.2071E+01  0.0000E+00  0.3600E+04  0.3556E+01    1.0000  0.0000E+00
  0.4100  -0.107E-01 -0.1970E+01  0.0000E+00  0.3600E+04  0.3556E+01    1.0000  0.0000E+00
  0.4100  -0.135E-01 -0.1869E+01  0.0000E+00  0.3600E+04  0.3556E+01    1.0000  0.0000E+00
  0.4100  -0.171E-01 -0.1768E+01  0.0000E+00  0.3600E+04  0.3556E+01    1.0000  0.0000E+00
  0.4100  -0.215E-01 -0.1667E+01  0.0000E+00  0.3600E+04  0.3556E+01    1.0000  0.0000E+00
  0.4100  -0.272E-01 -0.1566E+01  0.0000E+00  0.3600E+04  0.3556E+01    1.0000  0.0000E+00
  0.4100  -0.343E-01 -0.1465E+01  0.0000E+00  0.3600E+04  0.3556E+01    1.0000  0.0000E+00
  0.4100  -0.433E-01 -0.1364E+01  0.0000E+00  0.3600E+04  0.3556E+01    1.0000  0.0000E+00
  0.4100  -0.546E-01 -0.1263E+01  0.0000E+00  0.3600E+04  0.3556E+01    1.0000  0.0000E+00
  0.4100  -0.689E-01 -0.1162E+01  0.0000E+00  0.3600E+04  0.3556E+01    1.0000  0.0000E+00
  0.4100  -0.870E-01 -0.1061E+01  0.0000E+00  0.3600E+04  0.3556E+01    1.0000  0.0000E+00
  0.4100  -0.110E+00 -0.9596E+00  0.0000E+00  0.3600E+04  0.3556E+01    1.0000  0.0000E+00
  0.4100  -0.138E+00 -0.8586E+00  0.0000E+00  0.3600E+04  0.3556E+01    1.0000  0.0000E+00
  0.4100  -0.175E+00 -0.7576E+00  0.0000E+00  0.3600E+04  0.3556E+01    1.0000  0.0000E+00
  0.4100  -0.221E+00 -0.6566E+00  0.0000E+00  0.3600E+04  0.3556E+01    1.0000  0.0000E+00
  0.4100  -0.278E+00 -0.5556E+00  0.0000E+00  0.3600E+04  0.3556E+01    1.0000  0.0000E+00
  0.4100  -0.351E+00 -0.4545E+00  0.0000E+00  0.3600E+04  0.3556E+01    1.0000  0.0000E+00
  0.4100  -0.443E+00 -0.3535E+00  0.0000E+00  0.3600E+04  0.3556E+01    1.0000  0.0000E+00
  0.4100  -0.559E+00 -0.2525E+00  0.0000E+00  0.3600E+04  0.3556E+01    1.0000  0.0000E+00
  0.4100  -0.705E+00 -0.1515E+00  0.0000E+00  0.3600E+04  0.3556E+01    1.0000  0.0000E+00
  0.4100  -0.890E+00 -0.5051E-01  0.0000E+00  0.3600E+04  0.3556E+01    1.0000  0.0000E+00
  0.4100  -0.112E+01  0.5051E-01  0.0000E+00  0.3600E+04  0.3556E+01    1.0000  0.0000E+00
  0.4100  -0.142E+01  0.1515E+00  0.0000E+00  0.3600E+04  0.3556E+01    1.0000  0.0000E+00
  0.4100  -0.179E+01  0.2525E+00  0.0000E+00  0.3600E+04  0.3556E+01    1.0000  0.0000E+00
  0.4100  -0.226E+01  0.3535E+00  0.0000E+00  0.3600E+04  0.3556E+01    1.0000  0.0000E+00
  0.4100  -0.285E+01  0.4545E+00  0.0000E+00  0.3600E+04  0.3556E+01    1.0000  0.0000E+00
  0.4100  -0.359E+01  0.5556E+00  0.0000E+00  0.3600E+04  0.3556E+01    1.0000  0.0000E+00
  0.4100  -0.453E+01  0.6566E+00  0.0000E+00  0.3600E+04  0.3556E+01    1.0000  0.0000E+00
  0.4100  -0.572E+01  0.7576E+00  0.0000E+00  0.3600E+04  0.3556E+01    1.0000  0.0000E+00
  0.4100  -0.722E+01  0.8586E+00  0.0000E+00  0.3600E+04  0.3556E+01    1.0000  0.0000E+00
  0.4100  -0.911E+01  0.9596E+00  0.0000E+00  0.3600E+04  0.3556E+01    1.0000  0.0000E+00
  0.4100  -0.115E+02  0.1061E+01  0.0000E+00  0.3600E+04  0.3556E+01    1.0000  0.0000E+00
  0.4100  -0.145E+02  0.1162E+01  0.0000E+00  0.3600E+04  0.3556E+01    1.0000  0.0000E+00
  0.4100  -0.183E+02  0.1263E+01  0.0000E+00  0.3600E+04  0.3556E+01    1.0000  0.0000E+00
  0.4100  -0.231E+02  0.1364E+01  0.0000E+00  0.3600E+04  0.3556E+01    1.0000  0.0000E+00
  0.4100  -0.292E+02  0.1465E+01  0.0000E+00  0.3600E+04  0.3556E+01    1.0000  0.0000E+00
  0.4100  -0.368E+02  0.1566E+01  0.0000E+00  0.3600E+04  0.3556E+01    1.0000  0.0000E+00
  0.4100  -0.464E+02  0.1667E+01  0.0000E+00  0.3600E+04  0.3556E+01    1.0000  0.0000E+00
  0.4100  -0.586E+02  0.1768E+01  0.0000E+00  0.3600E+04  0.3556E+01    1.0000  0.0000E+00
  0.4100  -0.739E+02  0.1869E+01  0.0000E+00  0.3600E+04  0.3556E+01    1.0000  0.0000E+00
  0.4100  -0.933E+02  0.1970E+01  0.0000E+00  0.3600E+04  0.3556E+01    1.0000  0.0000E+00
  0.4100  -0.118E+03  0.2071E+01  0.0000E+00  0.3600E+04  0.3556E+01    1.0000  0.0000E+00
  0.4100  -0.148E+03  0.2172E+01  0.0000E+00  0.3600E+04  0.3556E+01    1.0000  0.0000E+00
  0.4100  -0.187E+03  0.2273E+01  0.0000E+00  0.3600E+04  0.3556E+01    1.0000  0.0000E+00
  0.2827  -0.236E+03  0.2374E+01  0.2543E-02  0.3911E+03  0.2592E+01    0.6363  0.1635E-07
  0.1789  -0.298E+03  0.2475E+01  0.1076E-02  0.1791E+02  0.1253E+01    0.3396  0.1194E-06
  0.1234  -0.376E+03  0.2576E+01  0.4549E-03  0.8198E+00 -0.8631E-01    0.1812  0.2445E-06
  0.0939  -0.475E+03  0.2677E+01  0.1924E-03  0.3753E-01 -0.1426E+01    0.0967  0.3392E-06
  0.0781  -0.599E+03  0.2778E+01  0.8136E-04  0.1718E-02 -0.2765E+01    0.0516  0.3990E-06
  0.0696  -0.756E+03  0.2879E+01  0.3441E-04  0.7867E-04 -0.4104E+01    0.0275  0.4338E-06
  0.0651  -0.955E+03  0.2980E+01  0.1455E-04  0.3602E-05 -0.5443E+01    0.0147  0.4532E-06
  0.0627  -0.120E+04  0.3081E+01  0.6155E-05  0.1649E-06 -0.6783E+01    0.0078  0.4638E-06
  0.0615  -0.152E+04  0.3182E+01  0.2603E-05  0.7550E-08 -0.8122E+01    0.0042  0.4695E-06
  0.0608  -0.192E+04  0.3283E+01  0.1101E-05  0.3457E-09 -0.9461E+01    0.0022  0.4726E-06
  0.0604  -0.242E+04  0.3384E+01  0.4656E-06  0.1582E-10 -0.1080E+02    0.0012  0.4742E-06
  0.0602  -0.305E+04  0.3485E+01  0.1969E-06  0.7245E-12 -0.1214E+02    0.0006  0.4750E-06
  0.0601  -0.385E+04  0.3586E+01  0.8328E-07  0.3317E-13 -0.1348E+02    0.0003  0.4755E-06
  0.0601  -0.486E+04  0.3687E+01  0.3522E-07  0.1519E-14 -0.1482E+02    0.0002  0.4757E-06
  0.0600  -0.614E+04  0.3788E+01  0.1490E-07  0.6953E-16 -0.1616E+02    0.0001  0.4758E-06
  0.0600  -0.774E+04  0.3889E+01  0.6300E-08  0.3183E-17 -0.1750E+02    0.0001  0.4758E-06
  0.0600  -0.977E+04  0.3990E+01  0.2664E-08  0.1457E-18 -0.1884E+02    0.0000  0.4758E-06
  0.0600  -0.123E+05  0.4091E+01  0.1127E-08  0.6673E-20 -0.2018E+02    0.0000  0.4757E-06
  0.0600  -0.156E+05  0.4192E+01  0.4766E-09  0.3055E-21 -0.2151E+02    0.0000  0.4756E-06
  0.0600  -0.196E+05  0.4293E+01  0.2015E-09  0.1399E-22 -0.2285E+02    0.0000  0.4755E-06
  0.0600  -0.248E+05  0.4394E+01  0.8524E-10  0.6404E-24 -0.2419E+02    0.0000  0.4753E-06
  0.0600  -0.313E+05  0.4495E+01  0.3605E-10  0.2932E-25 -0.2553E+02    0.0000  0.4751E-06
  0.0600  -0.394E+05  0.4596E+01  0.1525E-10  0.1342E-26 -0.2687E+02    0.0000  0.4748E-06
  0.0600  -0.498E+05  0.4697E+01  0.6448E-11  0.6145E-28 -0.2821E+02    0.0000  0.4744E-06
  0.0600  -0.628E+05  0.4798E+01  0.2727E-11  0.2814E-29 -0.2955E+02    0.0000  0.4740E-06
  0.0600  -0.792E+05  0.4899E+01  0.1153E-11  0.1288E-30 -0.3089E+02    0.0000  0.4734E-06
  0.0600  -0.100E+06  0.5000E+01  0.4878E-12  0.5897E-32 -0.3223E+02    0.0000  0.4727E-06
end


 Solute transport information
 ============================

 Galerkin finite-element method


 lTDep     lWDep     cTolA     cTolR   MaxItC
  F        0    0.000E+00    0.0000      1


 Mat.     Bulk.D.    DispL    Fraction  Immobile WC
  1       0.0015    1.0000    1.0000    0.0000

    Dif.w.      Dif.g.   -------------------------------------------------- ( 1.solute)
  0.0000E+00  0.0000E+00
 Mat.     KS         Nu         Beta      Henry  SinkL1     SinkS1     SinkG1     SinkL1`    SinkS1`    SinkG1`  SinkL0     SinkS0     SinkG0      Alfa
   1 0.0000E+00 0.0000E+00 0.1000E+01 0.0000E+00 0.0000E+00 0.0000E+00 0.0000E+00 0.0000E+00 0.0000E+00 0.0000E+00 0.0000E+00 0.0000E+00 0.0000E+00 0.0000E+00

 No adsorption or linear adsorp. isotherm for material  1

 kTopCh      cTop(1...NS)
  -1        0.300E+02

 kBotCh      cBot(1...NS)
   0        0.000E+00

 tPulse =          1000.000
