 ******* Program HYDRUS
 ******* 
 Welcome to HYDRUS-1D                                                    
 Date:  13. 3.    Time:  12:47:13
 Units: L = mm   , T = days , M = mmol 


    TLevel      Time           dt     ItrW ItrC    ItCum  KodT  KodB Converg  Peclet   Courant

      371  0.1000000E+02  0.44786E-01    2    1     1507    -4    -5     T     6.647     0.297
      593  0.2000000E+02  0.28405E-01    2    1     2057    -4    -5     T     5.932     0.189
      815  0.3000000E+02  0.26032E-01    2    1     2637    -4    -5     T     5.841     0.173
     1037  0.4000000E+02  0.22863E-01    2    1     3215    -4    -5     T     5.724     0.152
     1259  0.5000000E+02  0.23161E-01    2    1     3845    -4    -5     T     5.735     0.154
     1481  0.6000000E+02  0.25234E-01    2    1     4499    -4    -5     T     5.811     0.168
     1703  0.7000000E+02  0.22634E-01    2    1     5138    -4    -5     T     5.716     0.150
     1924  0.8000000E+02  0.44298E-01    3    1     5769    -4    -5     T     6.623     0.294
     2146  0.9000000E+02  0.28344E-01    2    1     6393    -4    -5     T     5.930     0.188
     2368  0.1000000E+03  0.23506E-01    2    1     7019    -4    -5     T     5.747     0.156
     2589  0.1100000E+03  0.44370E-01    4    1     7642    -4    -5     T     6.627     0.295
     2811  0.1200000E+03  0.28369E-01    2    1     8264    -4    -5     T     5.931     0.188
     3033  0.1300000E+03  0.23551E-01    2    1     8883    -4    -5     T     5.749     0.156
     3255  0.1400000E+03  0.25345E-01    2    1     9509    -4    -5     T     5.815     0.168
     3476  0.1500000E+03  0.45163E-01    3    1    10134    -4    -5     T     6.665     0.300
     3698  0.1600000E+03  0.28426E-01    2    1    10761    -4    -5     T     5.933     0.189
     3920  0.1700000E+03  0.23561E-01    2    1    11385    -4    -5     T     5.749     0.156
     4141  0.1800000E+03  0.45105E-01    3    1    12006    -4    -5     T     6.662     0.299
     4363  0.1900000E+03  0.28446E-01    2    1    12625    -4    -5     T     5.934     0.189
     4585  0.2000000E+03  0.26059E-01    2    1    13246    -4    -5     T     5.842     0.173
     4807  0.2100000E+03  0.25704E-01    2    1    13866    -4    -5     T     5.829     0.171
     5028  0.2200000E+03  0.44579E-01    4    1    14495    -4    -5     T     6.637     0.296
     5250  0.2300000E+03  0.28379E-01    2    1    15114    -4    -5     T     5.931     0.188
     5471  0.2400000E+03  0.44848E-01    4    1    15743    -4    -5     T     6.650     0.298
     5693  0.2500000E+03  0.28400E-01    2    1    16367    -4    -5     T     5.932     0.189
     5915  0.2600000E+03  0.23254E-01    2    1    16990    -4    -5     T     5.738     0.154
     6137  0.2700000E+03  0.25638E-01    2    1    17615    -4    -5     T     5.826     0.170
     6359  0.2800000E+03  0.25770E-01    2    1    18236    -4    -5     T     5.831     0.171
     6581  0.2900000E+03  0.25670E-01    2    1    18856    -4    -5     T     5.827     0.170
     6803  0.3000000E+03  0.25626E-01    2    1    19476    -4    -5     T     5.826     0.170
     7025  0.3100000E+03  0.22741E-01    2    1    20103    -4    -5     T     5.719     0.151
     7247  0.3200000E+03  0.25243E-01    2    1    20725    -4    -5     T     5.812     0.168
     7469  0.3300000E+03  0.22759E-01    2    1    21353    -4    -5     T     5.720     0.151
     7691  0.3400000E+03  0.25648E-01    2    1    21982    -4    -5     T     5.827     0.170
     7913  0.3500000E+03  0.25644E-01    2    1    22607    -4    -5     T     5.826     0.170
     8135  0.3600000E+03  0.22712E-01    2    1    23227    -4    -5     T     5.718     0.151
     8357  0.3700000E+03  0.25179E-01    2    1    23851    -4    -5     T     5.809     0.167
     8579  0.3800000E+03  0.25898E-01    2    1    24475    -4    -5     T     5.836     0.172
     8801  0.3900000E+03  0.25669E-01    2    1    25101    -4    -5     T     5.828     0.170
     9023  0.4000000E+03  0.25643E-01    2    1    25725    -4    -5     T     5.827     0.170
     9245  0.4100000E+03  0.25634E-01    2    1    26350    -4    -5     T     5.826     0.170
     9467  0.4200000E+03  0.25639E-01    2    1    26977    -4    -5     T     5.826     0.170
     9689  0.4300000E+03  0.25642E-01    2    1    27596    -4    -5     T     5.827     0.170
     9911  0.4400000E+03  0.22738E-01    2    1    28221    -4    -5     T     5.719     0.151
    10133  0.4500000E+03  0.25237E-01    2    1    28841    -4    -5     T     5.811     0.168
    10355  0.4600000E+03  0.25594E-01    2    1    29466    -4    -5     T     5.825     0.170
    10576  0.4700000E+03  0.45173E-01    3    1    30094    -4    -5     T     6.666     0.300
    10798  0.4800000E+03  0.28450E-01    2    1    30711    -4    -5     T     5.934     0.189
    11020  0.4900000E+03  0.23577E-01    2    1    31335    -4    -5     T     5.750     0.157
    11241  0.5000000E+03  0.45104E-01    3    1    31960    -4    -5     T     6.662     0.299
    11463  0.5100000E+03  0.28441E-01    2    1    32583    -4    -5     T     5.933     0.189
    11685  0.5200000E+03  0.23570E-01    2    1    33209    -4    -5     T     5.750     0.156
    11907  0.5300000E+03  0.25349E-01    2    1    33830    -4    -5     T     5.815     0.168
    12129  0.5400000E+03  0.25588E-01    2    1    34458    -4    -5     T     5.824     0.170
    12351  0.5500000E+03  0.25641E-01    2    1    35078    -4    -5     T     5.826     0.170
    12573  0.5600000E+03  0.22870E-01    2    1    35700    -4    -5     T     5.724     0.152
    12795  0.5700000E+03  0.25262E-01    2    1    36322    -4    -5     T     5.812     0.168
    13016  0.5800000E+03  0.44530E-01    3    1    36947    -4    -5     T     6.634     0.296
    13238  0.5900000E+03  0.28372E-01    2    1    37567    -4    -5     T     5.931     0.188
    13460  0.6000000E+03  0.26027E-01    2    1    38194    -4    -5     T     5.841     0.173
    13682  0.6100000E+03  0.25822E-01    2    1    38812    -4    -5     T     5.833     0.171
    13903  0.6200000E+03  0.44594E-01    2    1    39431    -4    -5     T     6.637     0.296
    14125  0.6300000E+03  0.28361E-01    2    1    40057    -4    -5     T     5.930     0.188
    14347  0.6400000E+03  0.26019E-01    2    1    40681    -4    -5     T     5.841     0.173
    14569  0.6500000E+03  0.22938E-01    2    1    41301    -4    -5     T     5.727     0.152
    14791  0.6600000E+03  0.25250E-01    2    1    41927    -4    -5     T     5.812     0.168
    15013  0.6700000E+03  0.22624E-01    2    1    42554    -4    -5     T     5.715     0.150
    15234  0.6800000E+03  0.45051E-01    4    1    43179    -4    -5     T     6.660     0.299
    15456  0.6900000E+03  0.28450E-01    2    1    43801    -4    -5     T     5.934     0.189
    15678  0.7000000E+03  0.26050E-01    2    1    44421    -4    -5     T     5.842     0.173
    15899  0.7100000E+03  0.44608E-01    3    1    45050    -4    -5     T     6.638     0.296
    16121  0.7200000E+03  0.28423E-01    2    1    45673    -4    -5     T     5.933     0.189
    16343  0.7300000E+03  0.26143E-01    2    1    46296    -4    -5     T     5.845     0.174
    16565  0.7400000E+03  0.26076E-01    2    1    46922    -4    -5     T     5.843     0.173
    16787  0.7500000E+03  0.22840E-01    2    1    47551    -4    -5     T     5.723     0.152
    17009  0.7600000E+03  0.25252E-01    2    1    48170    -4    -5     T     5.812     0.168
    17230  0.7700000E+03  0.44538E-01    4    1    48796    -4    -5     T     6.635     0.296
    17452  0.7800000E+03  0.28369E-01    2    1    49413    -4    -5     T     5.931     0.188
    17674  0.7900000E+03  0.26142E-01    2    1    50031    -4    -5     T     5.845     0.174
    17896  0.8000000E+03  0.25713E-01    2    1    50658    -4    -5     T     5.829     0.171
    18118  0.8100000E+03  0.22923E-01    2    1    51280    -4    -5     T     5.726     0.152
    18339  0.8200000E+03  0.44324E-01    4    1    51902    -4    -5     T     6.624     0.294
    18561  0.8300000E+03  0.28327E-01    2    1    52527    -4    -5     T     5.929     0.188
    18783  0.8400000E+03  0.23210E-01    2    1    53150    -4    -5     T     5.736     0.154
    19004  0.8500000E+03  0.44350E-01    3    1    53774    -4    -5     T     6.625     0.294
    19226  0.8600000E+03  0.28363E-01    2    1    54399    -4    -5     T     5.930     0.188
    19448  0.8700000E+03  0.26034E-01    2    1    55023    -4    -5     T     5.841     0.173
    19670  0.8800000E+03  0.25692E-01    2    1    55643    -4    -5     T     5.828     0.171
    19892  0.8900000E+03  0.25637E-01    2    1    56267    -4    -5     T     5.826     0.170
    20114  0.9000000E+03  0.22751E-01    2    1    56888    -4    -5     T     5.720     0.151
    20336  0.9100000E+03  0.25244E-01    2    1    57512    -4    -5     T     5.812     0.168
    20558  0.9200000E+03  0.25963E-01    2    1    58129    -4    -5     T     5.839     0.172
    20779  0.9300000E+03  0.44600E-01    3    1    58756    -4    -5     T     6.637     0.296
    21001  0.9400000E+03  0.28427E-01    2    1    59376    -4    -5     T     5.933     0.189
    21223  0.9500000E+03  0.23519E-01    2    1    60003    -4    -5     T     5.748     0.156
    21445  0.9600000E+03  0.25495E-01    2    1    60626    -4    -5     T     5.821     0.169
    21667  0.9700000E+03  0.22681E-01    2    1    61250    -4    -5     T     5.717     0.151
    21888  0.9800000E+03  0.44289E-01    3    1    61878    -4    -5     T     6.623     0.294
    22110  0.9900000E+03  0.28350E-01    2    1    62496    -4    -5     T     5.930     0.188
    22332  0.1000000E+04  0.23223E-01    2    1    63118    -4    -5     T     5.737     0.154
end
