 All solute fluxes and cumulative solute fluxes are positive into the region

       Time         cvTop        cvBot      Sum(cvTop)   Sum(cvBot)     cvCh0        cvCh1         cTop        cRoot         cBot        cvRoot    Sum(cvRoot)  Sum(cvNEql) TLevel      cGWL        cRunOff   Sum(cRunOff)    (cv(i),    Sum(cv(i)), i=1,NObs)
        [T]        [M/L2/T]     [M/L2/T]      [M/L2]       [M/L2]       [M/L2]      [M/L2]        [M/L3]      [M/L3]        [M/L3]      [M/L2/T]      [M/L2]       [M/L2]              [M/L3]        [M/L2]      [M/L3]      [M/L2/T]      [M/L2]
       10.0000  0.13500E+03  0.00000E+00  0.13500E+04  0.00000E+00  0.00000E+00  0.00000E+00  0.30131E+02  0.21562E+02  0.00000E+00  0.00000E+00  0.00000E+00  0.00000E+00     371  0.00000E+00  0.00000E+00  0.89069E-03
       20.0000  0.13500E+03  0.00000E+00  0.27000E+04  0.00000E+00  0.00000E+00  0.00000E+00  0.30131E+02  0.45728E+02  0.00000E+00  0.00000E+00  0.00000E+00  0.00000E+00     593  0.00000E+00  0.00000E+00  0.17880E-02
       30.0000  0.13500E+03  0.00000E+00  0.40500E+04  0.00000E+00  0.00000E+00  0.00000E+00  0.30131E+02  0.70301E+02  0.00000E+00  0.00000E+00  0.00000E+00  0.00000E+00     815  0.00000E+00  0.31471E-03  0.25850E-02
       40.0000  0.13500E+03  0.00000E+00  0.54000E+04  0.00000E+00  0.00000E+00  0.00000E+00  0.30131E+02  0.94953E+02  0.00000E+00  0.00000E+00  0.00000E+00  0.00000E+00    1037  0.00000E+00  0.00000E+00  0.34234E-02
       50.0000  0.13500E+03  0.00000E+00  0.67500E+04  0.00000E+00  0.00000E+00  0.00000E+00  0.30131E+02  0.11961E+03  0.00000E+00  0.00000E+00  0.00000E+00  0.00000E+00    1259  0.00000E+00  0.00000E+00  0.41184E-02
       60.0000  0.13500E+03  0.00000E+00  0.81000E+04  0.00000E+00  0.00000E+00  0.00000E+00  0.30131E+02  0.14416E+03  0.00000E+00  0.00000E+00  0.00000E+00  0.00000E+00    1481  0.00000E+00  0.00000E+00  0.48126E-02
       70.0000  0.13500E+03  0.00000E+00  0.94500E+04  0.00000E+00  0.00000E+00  0.00000E+00  0.30131E+02  0.16742E+03  0.00000E+00  0.00000E+00  0.00000E+00  0.00000E+00    1703  0.00000E+00  0.00000E+00  0.57484E-02
       80.0000  0.13500E+03  0.00000E+00  0.10800E+05  0.00000E+00  0.00000E+00  0.00000E+00  0.30131E+02  0.17531E+03  0.00000E+00  0.00000E+00  0.00000E+00  0.00000E+00    1924  0.00000E+00  0.00000E+00  0.64744E-02
       90.0000  0.13500E+03  0.00000E+00  0.12150E+05  0.00000E+00  0.00000E+00  0.00000E+00  0.30131E+02  0.17514E+03  0.00000E+00  0.00000E+00  0.00000E+00  0.00000E+00    2146  0.00000E+00  0.30041E-03  0.73881E-02
      100.0000  0.13500E+03  0.00000E+00  0.13500E+05  0.00000E+00  0.00000E+00  0.00000E+00  0.30131E+02  0.17507E+03  0.00000E+00  0.00000E+00  0.00000E+00  0.00000E+00    2368  0.00000E+00  0.32902E-03  0.82279E-02
      110.0000  0.13500E+03 -0.36348E-28  0.14850E+05 -0.54756E-29  0.00000E+00  0.00000E+00  0.30131E+02  0.17504E+03  0.29367E-27  0.00000E+00  0.00000E+00  0.00000E+00    2589  0.00000E+00  0.00000E+00  0.90566E-02
      120.0000  0.13500E+03 -0.12750E-18  0.16200E+05 -0.80456E-19  0.00000E+00  0.00000E+00  0.30131E+02  0.17503E+03  0.31174E-18  0.00000E+00  0.00000E+00  0.00000E+00    2811  0.00000E+00  0.00000E+00  0.98208E-02
      130.0000  0.13500E+03 -0.80246E-13  0.17550E+05 -0.69865E-13  0.00000E+00  0.00000E+00  0.30131E+02  0.17503E+03  0.18834E-12  0.00000E+00  0.00000E+00  0.00000E+00    3033  0.00000E+00  0.34332E-03  0.10530E-01
      140.0000  0.13500E+03 -0.16441E-08  0.18900E+05 -0.18640E-08  0.00000E+00  0.00000E+00  0.30130E+02  0.17503E+03  0.38279E-08  0.00000E+00  0.00000E+00  0.00000E+00    3255  0.00000E+00  0.00000E+00  0.11199E-01
      150.0000  0.13500E+03 -0.34145E-05  0.20250E+05 -0.49856E-05  0.00000E+00  0.00000E+00  0.30130E+02  0.17503E+03  0.79732E-05  0.00000E+00  0.00000E+00  0.00000E+00    3476  0.00000E+00  0.37193E-03  0.12016E-01
      160.0000  0.13500E+03 -0.12515E-02  0.21600E+05 -0.23354E-02  0.00000E+00  0.00000E+00  0.30131E+02  0.17503E+03  0.28992E-02  0.00000E+00  0.00000E+00  0.00000E+00    3698  0.00000E+00  0.00000E+00  0.12814E-01
      170.0000  0.13500E+03 -0.10852E+00  0.22950E+05 -0.26556E+00  0.00000E+00  0.00000E+00  0.30131E+02  0.17503E+03  0.25066E+00  0.00000E+00  0.00000E+00  0.00000E+00    3920  0.00000E+00  0.00000E+00  0.13583E-01
      180.0000  0.13500E+03 -0.27259E+01  0.24300E+05 -0.91399E+01  0.00000E+00  0.00000E+00  0.30131E+02  0.17503E+03  0.63057E+01  0.00000E+00  0.00000E+00  0.00000E+00    4141  0.00000E+00  0.00000E+00  0.14273E-01
      190.0000  0.13500E+03 -0.23253E+02  0.25650E+05 -0.11317E+03  0.00000E+00  0.00000E+00  0.30131E+02  0.17503E+03  0.53594E+02  0.00000E+00  0.00000E+00  0.00000E+00    4363  0.00000E+00  0.38624E-03  0.15015E-01
      200.0000  0.13500E+03 -0.77284E+02  0.27000E+05 -0.59631E+03  0.00000E+00  0.00000E+00  0.30131E+02  0.17503E+03  0.17789E+03  0.00000E+00  0.00000E+00  0.00000E+00    4585  0.00000E+00  0.31471E-03  0.15786E-01
      210.0000  0.13500E+03 -0.12405E+03  0.28350E+05 -0.16339E+04  0.00000E+00  0.00000E+00  0.30131E+02  0.17503E+03  0.28532E+03  0.00000E+00  0.00000E+00  0.00000E+00    4807  0.00000E+00  0.00000E+00  0.16724E-01
      220.0000  0.13500E+03 -0.13514E+03  0.29700E+05 -0.29508E+04  0.00000E+00  0.00000E+00  0.30131E+02  0.17503E+03  0.31075E+03  0.00000E+00  0.00000E+00  0.00000E+00    5028  0.00000E+00  0.00000E+00  0.17493E-01
      230.0000  0.13500E+03 -0.13520E+03  0.31050E+05 -0.43037E+04  0.00000E+00  0.00000E+00  0.30131E+02  0.17503E+03  0.31088E+03  0.00000E+00  0.00000E+00  0.00000E+00    5250  0.00000E+00  0.00000E+00  0.18245E-01
      240.0000  0.13500E+03 -0.13508E+03  0.32400E+05 -0.56549E+04  0.00000E+00  0.00000E+00  0.30131E+02  0.17503E+03  0.31059E+03  0.00000E+00  0.00000E+00  0.00000E+00    5471  0.00000E+00  0.00000E+00  0.18872E-01
      250.0000  0.13500E+03 -0.13503E+03  0.33750E+05 -0.70054E+04  0.00000E+00  0.00000E+00  0.30131E+02  0.17503E+03  0.31049E+03  0.00000E+00  0.00000E+00  0.00000E+00    5693  0.00000E+00  0.00000E+00  0.19541E-01
      260.0000  0.13500E+03 -0.13501E+03  0.35100E+05 -0.83557E+04  0.00000E+00  0.00000E+00  0.30131E+02  0.17503E+03  0.31045E+03  0.00000E+00  0.00000E+00  0.00000E+00    5915  0.00000E+00  0.00000E+00  0.20350E-01
      270.0000  0.13500E+03 -0.13501E+03  0.36450E+05 -0.97057E+04  0.00000E+00  0.00000E+00  0.30131E+02  0.17503E+03  0.31043E+03  0.00000E+00  0.00000E+00  0.00000E+00    6137  0.00000E+00  0.00000E+00  0.20916E-01
      280.0000  0.13500E+03 -0.13500E+03  0.37800E+05 -0.11056E+05  0.00000E+00  0.00000E+00  0.30131E+02  0.17503E+03  0.31043E+03  0.00000E+00  0.00000E+00  0.00000E+00    6359  0.00000E+00  0.00000E+00  0.21634E-01
      290.0000  0.13500E+03 -0.13500E+03  0.39150E+05 -0.12406E+05  0.00000E+00  0.00000E+00  0.30131E+02  0.17503E+03  0.31042E+03  0.00000E+00  0.00000E+00  0.00000E+00    6581  0.00000E+00  0.00000E+00  0.22420E-01
      300.0000  0.13500E+03 -0.13500E+03  0.40500E+05 -0.13756E+05  0.00000E+00  0.00000E+00  0.30131E+02  0.17503E+03  0.31042E+03  0.00000E+00  0.00000E+00  0.00000E+00    6803  0.00000E+00  0.00000E+00  0.23266E-01
      310.0000  0.13500E+03 -0.13500E+03  0.41850E+05 -0.15106E+05  0.00000E+00  0.00000E+00  0.30131E+02  0.17503E+03  0.31042E+03  0.00000E+00  0.00000E+00  0.00000E+00    7025  0.00000E+00  0.00000E+00  0.24006E-01
      320.0000  0.13500E+03 -0.13500E+03  0.43200E+05 -0.16456E+05  0.00000E+00  0.00000E+00  0.30131E+02  0.17503E+03  0.31042E+03  0.00000E+00  0.00000E+00  0.00000E+00    7247  0.00000E+00  0.00000E+00  0.24975E-01
      330.0000  0.13500E+03 -0.13500E+03  0.44550E+05 -0.17806E+05  0.00000E+00  0.00000E+00  0.30131E+02  0.17503E+03  0.31042E+03  0.00000E+00  0.00000E+00  0.00000E+00    7469  0.00000E+00  0.42915E-03  0.25708E-01
      340.0000  0.13500E+03 -0.13500E+03  0.45900E+05 -0.19156E+05  0.00000E+00  0.00000E+00  0.30131E+02  0.17503E+03  0.31042E+03  0.00000E+00  0.00000E+00  0.00000E+00    7691  0.00000E+00  0.41485E-03  0.26438E-01
      350.0000  0.13500E+03 -0.13500E+03  0.47250E+05 -0.20506E+05  0.00000E+00  0.00000E+00  0.30131E+02  0.17503E+03  0.31042E+03  0.00000E+00  0.00000E+00  0.00000E+00    7913  0.00000E+00  0.32902E-03  0.27095E-01
      360.0000  0.13500E+03 -0.13500E+03  0.48600E+05 -0.21856E+05  0.00000E+00  0.00000E+00  0.30131E+02  0.17503E+03  0.31042E+03  0.00000E+00  0.00000E+00  0.00000E+00    8135  0.00000E+00  0.45776E-03  0.27827E-01
      370.0000  0.13500E+03 -0.13500E+03  0.49950E+05 -0.23206E+05  0.00000E+00  0.00000E+00  0.30131E+02  0.17503E+03  0.31042E+03  0.00000E+00  0.00000E+00  0.00000E+00    8357  0.00000E+00  0.31471E-03  0.28563E-01
      380.0000  0.13500E+03 -0.13500E+03  0.51300E+05 -0.24556E+05  0.00000E+00  0.00000E+00  0.30131E+02  0.17503E+03  0.31042E+03  0.00000E+00  0.00000E+00  0.00000E+00    8579  0.00000E+00  0.00000E+00  0.29496E-01
      390.0000  0.13500E+03 -0.13500E+03  0.52650E+05 -0.25906E+05  0.00000E+00  0.00000E+00  0.30131E+02  0.17503E+03  0.31042E+03  0.00000E+00  0.00000E+00  0.00000E+00    8801  0.00000E+00  0.00000E+00  0.30450E-01
      400.0000  0.13500E+03 -0.13500E+03  0.54000E+05 -0.27256E+05  0.00000E+00  0.00000E+00  0.30131E+02  0.17503E+03  0.31042E+03  0.00000E+00  0.00000E+00  0.00000E+00    9023  0.00000E+00  0.00000E+00  0.31291E-01
      410.0000  0.13500E+03 -0.13500E+03  0.55350E+05 -0.28606E+05  0.00000E+00  0.00000E+00  0.30131E+02  0.17503E+03  0.31042E+03  0.00000E+00  0.00000E+00  0.00000E+00    9245  0.00000E+00  0.00000E+00  0.32076E-01
      420.0000  0.13500E+03 -0.13500E+03  0.56700E+05 -0.29956E+05  0.00000E+00  0.00000E+00  0.30131E+02  0.17503E+03  0.31042E+03  0.00000E+00  0.00000E+00  0.00000E+00    9467  0.00000E+00  0.00000E+00  0.32683E-01
      430.0000  0.13500E+03 -0.13500E+03  0.58050E+05 -0.31306E+05  0.00000E+00  0.00000E+00  0.30131E+02  0.17503E+03  0.31042E+03  0.00000E+00  0.00000E+00  0.00000E+00    9689  0.00000E+00  0.31471E-03  0.33460E-01
      440.0000  0.13500E+03 -0.13500E+03  0.59400E+05 -0.32656E+05  0.00000E+00  0.00000E+00  0.30131E+02  0.17503E+03  0.31042E+03  0.00000E+00  0.00000E+00  0.00000E+00    9911  0.00000E+00  0.00000E+00  0.34066E-01
      450.0000  0.13500E+03 -0.13500E+03  0.60750E+05 -0.34006E+05  0.00000E+00  0.00000E+00  0.30131E+02  0.17503E+03  0.31042E+03  0.00000E+00  0.00000E+00  0.00000E+00   10133  0.00000E+00  0.00000E+00  0.34714E-01
      460.0000  0.13500E+03 -0.13500E+03  0.62100E+05 -0.35356E+05  0.00000E+00  0.00000E+00  0.30130E+02  0.17503E+03  0.31042E+03  0.00000E+00  0.00000E+00  0.00000E+00   10355  0.00000E+00  0.00000E+00  0.35424E-01
      470.0000  0.13500E+03 -0.13500E+03  0.63450E+05 -0.36706E+05  0.00000E+00  0.00000E+00  0.30131E+02  0.17503E+03  0.31042E+03  0.00000E+00  0.00000E+00  0.00000E+00   10576  0.00000E+00  0.32902E-03  0.36207E-01
      480.0000  0.13500E+03 -0.13500E+03  0.64800E+05 -0.38056E+05  0.00000E+00  0.00000E+00  0.30131E+02  0.17503E+03  0.31042E+03  0.00000E+00  0.00000E+00  0.00000E+00   10798  0.00000E+00  0.00000E+00  0.37219E-01
      490.0000  0.13500E+03 -0.13500E+03  0.66150E+05 -0.39406E+05  0.00000E+00  0.00000E+00  0.30131E+02  0.17503E+03  0.31042E+03  0.00000E+00  0.00000E+00  0.00000E+00   11020  0.00000E+00  0.34332E-03  0.37934E-01
      500.0000  0.13500E+03 -0.13500E+03  0.67500E+05 -0.40756E+05  0.00000E+00  0.00000E+00  0.30131E+02  0.17503E+03  0.31042E+03  0.00000E+00  0.00000E+00  0.00000E+00   11241  0.00000E+00  0.00000E+00  0.38685E-01
      510.0000  0.13500E+03 -0.13500E+03  0.68850E+05 -0.42106E+05  0.00000E+00  0.00000E+00  0.30131E+02  0.17503E+03  0.31042E+03  0.00000E+00  0.00000E+00  0.00000E+00   11463  0.00000E+00  0.32902E-03  0.39341E-01
      520.0000  0.13500E+03 -0.13500E+03  0.70200E+05 -0.43456E+05  0.00000E+00  0.00000E+00  0.30131E+02  0.17503E+03  0.31042E+03  0.00000E+00  0.00000E+00  0.00000E+00   11685  0.00000E+00  0.00000E+00  0.39900E-01
      530.0000  0.13500E+03 -0.13500E+03  0.71550E+05 -0.44806E+05  0.00000E+00  0.00000E+00  0.30131E+02  0.17503E+03  0.31042E+03  0.00000E+00  0.00000E+00  0.00000E+00   11907  0.00000E+00  0.00000E+00  0.40678E-01
      540.0000  0.13500E+03 -0.13500E+03  0.72900E+05 -0.46156E+05  0.00000E+00  0.00000E+00  0.30131E+02  0.17503E+03  0.31042E+03  0.00000E+00  0.00000E+00  0.00000E+00   12129  0.00000E+00  0.00000E+00  0.41567E-01
      550.0000  0.13500E+03 -0.13500E+03  0.74250E+05 -0.47506E+05  0.00000E+00  0.00000E+00  0.30131E+02  0.17503E+03  0.31042E+03  0.00000E+00  0.00000E+00  0.00000E+00   12351  0.00000E+00  0.00000E+00  0.42403E-01
      560.0000  0.13500E+03 -0.13500E+03  0.75601E+05 -0.48856E+05  0.00000E+00  0.00000E+00  0.30131E+02  0.17503E+03  0.31042E+03  0.00000E+00  0.00000E+00  0.00000E+00   12573  0.00000E+00  0.00000E+00  0.43163E-01
      570.0000  0.13500E+03 -0.13500E+03  0.76951E+05 -0.50206E+05  0.00000E+00  0.00000E+00  0.30131E+02  0.17503E+03  0.31042E+03  0.00000E+00  0.00000E+00  0.00000E+00   12795  0.00000E+00  0.00000E+00  0.43875E-01
      580.0000  0.13500E+03 -0.13500E+03  0.78301E+05 -0.51556E+05  0.00000E+00  0.00000E+00  0.30130E+02  0.17503E+03  0.31042E+03  0.00000E+00  0.00000E+00  0.00000E+00   13016  0.00000E+00  0.00000E+00  0.44707E-01
      590.0000  0.13500E+03 -0.13500E+03  0.79651E+05 -0.52906E+05  0.00000E+00  0.00000E+00  0.30131E+02  0.17503E+03  0.31042E+03  0.00000E+00  0.00000E+00  0.00000E+00   13238  0.00000E+00  0.34332E-03  0.45524E-01
      600.0000  0.13500E+03 -0.13500E+03  0.81001E+05 -0.54256E+05  0.00000E+00  0.00000E+00  0.30131E+02  0.17503E+03  0.31042E+03  0.00000E+00  0.00000E+00  0.00000E+00   13460  0.00000E+00  0.00000E+00  0.46360E-01
      610.0000  0.13500E+03 -0.13500E+03  0.82351E+05 -0.55606E+05  0.00000E+00  0.00000E+00  0.30131E+02  0.17503E+03  0.31042E+03  0.00000E+00  0.00000E+00  0.00000E+00   13682  0.00000E+00  0.00000E+00  0.47221E-01
      620.0000  0.13500E+03 -0.13500E+03  0.83701E+05 -0.56956E+05  0.00000E+00  0.00000E+00  0.30130E+02  0.17503E+03  0.31042E+03  0.00000E+00  0.00000E+00  0.00000E+00   13903  0.00000E+00  0.00000E+00  0.48187E-01
      630.0000  0.13500E+03 -0.13500E+03  0.85051E+05 -0.58306E+05  0.00000E+00  0.00000E+00  0.30131E+02  0.17503E+03  0.31042E+03  0.00000E+00  0.00000E+00  0.00000E+00   14125  0.00000E+00  0.00000E+00  0.48890E-01
      640.0000  0.13500E+03 -0.13500E+03  0.86401E+05 -0.59656E+05  0.00000E+00  0.00000E+00  0.30131E+02  0.17503E+03  0.31042E+03  0.00000E+00  0.00000E+00  0.00000E+00   14347  0.00000E+00  0.00000E+00  0.49784E-01
      650.0000  0.13500E+03 -0.13500E+03  0.87751E+05 -0.61006E+05  0.00000E+00  0.00000E+00  0.30131E+02  0.17503E+03  0.31042E+03  0.00000E+00  0.00000E+00  0.00000E+00   14569  0.00000E+00  0.30041E-03  0.50630E-01
      660.0000  0.13500E+03 -0.13500E+03  0.89101E+05 -0.62356E+05  0.00000E+00  0.00000E+00  0.30131E+02  0.17503E+03  0.31042E+03  0.00000E+00  0.00000E+00  0.00000E+00   14791  0.00000E+00  0.00000E+00  0.51383E-01
      670.0000  0.13500E+03 -0.13500E+03  0.90451E+05 -0.63706E+05  0.00000E+00  0.00000E+00  0.30131E+02  0.17503E+03  0.31042E+03  0.00000E+00  0.00000E+00  0.00000E+00   15013  0.00000E+00  0.42915E-03  0.52206E-01
      680.0000  0.13500E+03 -0.13500E+03  0.91801E+05 -0.65057E+05  0.00000E+00  0.00000E+00  0.30131E+02  0.17503E+03  0.31042E+03  0.00000E+00  0.00000E+00  0.00000E+00   15234  0.00000E+00  0.31471E-03  0.53066E-01
      690.0000  0.13500E+03 -0.13500E+03  0.93151E+05 -0.66407E+05  0.00000E+00  0.00000E+00  0.30131E+02  0.17503E+03  0.31042E+03  0.00000E+00  0.00000E+00  0.00000E+00   15456  0.00000E+00  0.00000E+00  0.53847E-01
      700.0000  0.13500E+03 -0.13500E+03  0.94501E+05 -0.67757E+05  0.00000E+00  0.00000E+00  0.30131E+02  0.17503E+03  0.31042E+03  0.00000E+00  0.00000E+00  0.00000E+00   15678  0.00000E+00  0.00000E+00  0.54677E-01
      710.0000  0.13500E+03 -0.13500E+03  0.95851E+05 -0.69107E+05  0.00000E+00  0.00000E+00  0.30130E+02  0.17503E+03  0.31042E+03  0.00000E+00  0.00000E+00  0.00000E+00   15899  0.00000E+00  0.00000E+00  0.55442E-01
      720.0000  0.13500E+03 -0.13500E+03  0.97201E+05 -0.70457E+05  0.00000E+00  0.00000E+00  0.30131E+02  0.17503E+03  0.31042E+03  0.00000E+00  0.00000E+00  0.00000E+00   16121  0.00000E+00  0.00000E+00  0.56134E-01
      730.0000  0.13500E+03 -0.13500E+03  0.98551E+05 -0.71807E+05  0.00000E+00  0.00000E+00  0.30131E+02  0.17503E+03  0.31042E+03  0.00000E+00  0.00000E+00  0.00000E+00   16343  0.00000E+00  0.00000E+00  0.56989E-01
      740.0000  0.13500E+03 -0.13500E+03  0.99901E+05 -0.73157E+05  0.00000E+00  0.00000E+00  0.30131E+02  0.17503E+03  0.31042E+03  0.00000E+00  0.00000E+00  0.00000E+00   16565  0.00000E+00  0.00000E+00  0.57644E-01
      750.0000  0.13500E+03 -0.13500E+03  0.10125E+06 -0.74507E+05  0.00000E+00  0.00000E+00  0.30131E+02  0.17503E+03  0.31042E+03  0.00000E+00  0.00000E+00  0.00000E+00   16787  0.00000E+00  0.00000E+00  0.58234E-01
      760.0000  0.13500E+03 -0.13500E+03  0.10260E+06 -0.75857E+05  0.00000E+00  0.00000E+00  0.30131E+02  0.17503E+03  0.31042E+03  0.00000E+00  0.00000E+00  0.00000E+00   17009  0.00000E+00  0.00000E+00  0.58978E-01
      770.0000  0.13500E+03 -0.13500E+03  0.10395E+06 -0.77207E+05  0.00000E+00  0.00000E+00  0.30131E+02  0.17503E+03  0.31042E+03  0.00000E+00  0.00000E+00  0.00000E+00   17230  0.00000E+00  0.00000E+00  0.59710E-01
      780.0000  0.13500E+03 -0.13500E+03  0.10530E+06 -0.78557E+05  0.00000E+00  0.00000E+00  0.30131E+02  0.17503E+03  0.31042E+03  0.00000E+00  0.00000E+00  0.00000E+00   17452  0.00000E+00  0.00000E+00  0.60352E-01
      790.0000  0.13500E+03 -0.13500E+03  0.10665E+06 -0.79907E+05  0.00000E+00  0.00000E+00  0.30131E+02  0.17503E+03  0.31042E+03  0.00000E+00  0.00000E+00  0.00000E+00   17674  0.00000E+00  0.34332E-03  0.61103E-01
      800.0000  0.13500E+03 -0.13500E+03  0.10800E+06 -0.81257E+05  0.00000E+00  0.00000E+00  0.30131E+02  0.17503E+03  0.31042E+03  0.00000E+00  0.00000E+00  0.00000E+00   17896  0.00000E+00  0.00000E+00  0.61769E-01
      810.0000  0.13500E+03 -0.13500E+03  0.10935E+06 -0.82607E+05  0.00000E+00  0.00000E+00  0.30131E+02  0.17503E+03  0.31042E+03  0.00000E+00  0.00000E+00  0.00000E+00   18118  0.00000E+00  0.00000E+00  0.62473E-01
      820.0000  0.13500E+03 -0.13500E+03  0.11070E+06 -0.83957E+05  0.00000E+00  0.00000E+00  0.30131E+02  0.17503E+03  0.31042E+03  0.00000E+00  0.00000E+00  0.00000E+00   18339  0.00000E+00  0.00000E+00  0.63321E-01
      830.0000  0.13500E+03 -0.13500E+03  0.11205E+06 -0.85307E+05  0.00000E+00  0.00000E+00  0.30131E+02  0.17503E+03  0.31042E+03  0.00000E+00  0.00000E+00  0.00000E+00   18561  0.00000E+00  0.00000E+00  0.64057E-01
      840.0000  0.13500E+03 -0.13500E+03  0.11340E+06 -0.86657E+05  0.00000E+00  0.00000E+00  0.30131E+02  0.17503E+03  0.31042E+03  0.00000E+00  0.00000E+00  0.00000E+00   18783  0.00000E+00  0.00000E+00  0.64852E-01
      850.0000  0.13500E+03 -0.13500E+03  0.11475E+06 -0.88007E+05  0.00000E+00  0.00000E+00  0.30131E+02  0.17503E+03  0.31042E+03  0.00000E+00  0.00000E+00  0.00000E+00   19004  0.00000E+00  0.30041E-03  0.65525E-01
      860.0000  0.13500E+03 -0.13500E+03  0.11610E+06 -0.89357E+05  0.00000E+00  0.00000E+00  0.30131E+02  0.17503E+03  0.31042E+03  0.00000E+00  0.00000E+00  0.00000E+00   19226  0.00000E+00  0.00000E+00  0.66145E-01
      870.0000  0.13500E+03 -0.13500E+03  0.11745E+06 -0.90707E+05  0.00000E+00  0.00000E+00  0.30131E+02  0.17503E+03  0.31042E+03  0.00000E+00  0.00000E+00  0.00000E+00   19448  0.00000E+00  0.00000E+00  0.67123E-01
      880.0000  0.13500E+03 -0.13500E+03  0.11880E+06 -0.92057E+05  0.00000E+00  0.00000E+00  0.30131E+02  0.17503E+03  0.31042E+03  0.00000E+00  0.00000E+00  0.00000E+00   19670  0.00000E+00  0.00000E+00  0.67900E-01
      890.0000  0.13500E+03 -0.13500E+03  0.12015E+06 -0.93407E+05  0.00000E+00  0.00000E+00  0.30131E+02  0.17503E+03  0.31042E+03  0.00000E+00  0.00000E+00  0.00000E+00   19892  0.00000E+00  0.00000E+00  0.68646E-01
      900.0000  0.13500E+03 -0.13500E+03  0.12150E+06 -0.94757E+05  0.00000E+00  0.00000E+00  0.30131E+02  0.17503E+03  0.31042E+03  0.00000E+00  0.00000E+00  0.00000E+00   20114  0.00000E+00  0.00000E+00  0.69448E-01
      910.0000  0.13500E+03 -0.13500E+03  0.12285E+06 -0.96107E+05  0.00000E+00  0.00000E+00  0.30131E+02  0.17503E+03  0.31042E+03  0.00000E+00  0.00000E+00  0.00000E+00   20336  0.00000E+00  0.00000E+00  0.70070E-01
      920.0000  0.13500E+03 -0.13500E+03  0.12420E+06 -0.97457E+05  0.00000E+00  0.00000E+00  0.30131E+02  0.17503E+03  0.31042E+03  0.00000E+00  0.00000E+00  0.00000E+00   20558  0.00000E+00  0.00000E+00  0.70975E-01
      930.0000  0.13500E+03 -0.13500E+03  0.12555E+06 -0.98807E+05  0.00000E+00  0.00000E+00  0.30130E+02  0.17503E+03  0.31042E+03  0.00000E+00  0.00000E+00  0.00000E+00   20779  0.00000E+00  0.44346E-03  0.71686E-01
      940.0000  0.13500E+03 -0.13500E+03  0.12690E+06 -0.10016E+06  0.00000E+00  0.00000E+00  0.30131E+02  0.17503E+03  0.31042E+03  0.00000E+00  0.00000E+00  0.00000E+00   21001  0.00000E+00  0.00000E+00  0.72585E-01
      950.0000  0.13500E+03 -0.13500E+03  0.12825E+06 -0.10151E+06  0.00000E+00  0.00000E+00  0.30131E+02  0.17503E+03  0.31042E+03  0.00000E+00  0.00000E+00  0.00000E+00   21223  0.00000E+00  0.00000E+00  0.73415E-01
      960.0000  0.13500E+03 -0.13500E+03  0.12960E+06 -0.10286E+06  0.00000E+00  0.00000E+00  0.30131E+02  0.17503E+03  0.31042E+03  0.00000E+00  0.00000E+00  0.00000E+00   21445  0.00000E+00  0.00000E+00  0.74139E-01
      970.0000  0.13500E+03 -0.13500E+03  0.13095E+06 -0.10421E+06  0.00000E+00  0.00000E+00  0.30131E+02  0.17503E+03  0.31042E+03  0.00000E+00  0.00000E+00  0.00000E+00   21667  0.00000E+00  0.00000E+00  0.74784E-01
      980.0000  0.13500E+03 -0.13500E+03  0.13230E+06 -0.10556E+06  0.00000E+00  0.00000E+00  0.30131E+02  0.17503E+03  0.31042E+03  0.00000E+00  0.00000E+00  0.00000E+00   21888  0.00000E+00  0.00000E+00  0.75513E-01
      990.0000  0.13500E+03 -0.13500E+03  0.13365E+06 -0.10691E+06  0.00000E+00  0.00000E+00  0.30131E+02  0.17503E+03  0.31042E+03  0.00000E+00  0.00000E+00  0.00000E+00   22110  0.00000E+00  0.47207E-03  0.76381E-01
     1000.0000  0.13500E+03 -0.13500E+03  0.13500E+06 -0.10826E+06  0.00000E+00  0.00000E+00  0.30131E+02  0.17503E+03  0.31042E+03  0.00000E+00  0.00000E+00  0.00000E+00   22332  0.00000E+00  0.37193E-03  0.77168E-01
end
