 ******* Program HYDRUS
 ******* 
 Welcome to HYDRUS-1D                                                    
 Date:  13. 3.    Time:  12:47:13
 Units: L = mm   , T = days , M = mmol 

       Time          rTop        rRoot        vTop         vRoot        vBot       sum(rTop)   sum(rRoot)    sum(vTop)   sum(vRoot)    sum(vBot)      hTop         hRoot        hBot        RunOff    sum(RunOff)     Volume     sum(Infil)    sum(Evap) TLevel Cum(WTrans)  SnowLayer
        [T]         [L/T]        [L/T]        [L/T]        [L/T]        [L/T]         [L]          [L]          [L]         [L]           [L]         [L]           [L]         [L]          [L/T]         [L]          [L]          [L]          [L]

      10.0000 -0.45000E+01  0.60000E+01 -0.45000E+01  0.41316E+01 -0.29768E-05 -0.45000E+02  0.60000E+02 -0.45000E+02  0.32739E+02 -0.29768E-04 -0.36125E+03 -0.18621E+04 -0.10000E+04  0.00000E+00  0.29690E-04  0.77010E+02  0.45000E+02  0.00000E+00    371  0.00000E+00      0.000
      20.0000 -0.45000E+01  0.60000E+01 -0.45000E+01  0.42229E+01 -0.29768E-05 -0.90000E+02  0.12000E+03 -0.90000E+02  0.74683E+02 -0.59537E-04 -0.36125E+03 -0.15465E+04 -0.10000E+04  0.00000E+00  0.59601E-04  0.80070E+02  0.90000E+02  0.00000E+00    593  0.00000E+00      0.000
      30.0000 -0.45000E+01  0.60000E+01 -0.45000E+01  0.42147E+01 -0.29768E-05 -0.13500E+03  0.18000E+03 -0.13500E+03  0.11692E+03 -0.89305E-04 -0.36125E+03 -0.12307E+04 -0.10000E+04  0.10490E-04  0.86166E-04  0.82831E+02  0.13500E+03  0.00000E+00    815  0.00000E+00      0.000
      40.0000 -0.45000E+01  0.60000E+01 -0.45000E+01  0.42401E+01 -0.29768E-05 -0.18000E+03  0.24000E+03 -0.18000E+03  0.15932E+03 -0.11907E-03 -0.36125E+03 -0.92224E+03 -0.10000E+04  0.00000E+00  0.11411E-03  0.85432E+02  0.18000E+03  0.00000E+00   1037  0.00000E+00      0.000
      50.0000 -0.45000E+01  0.60000E+01 -0.45000E+01  0.42142E+01 -0.29768E-05 -0.22500E+03  0.30000E+03 -0.22500E+03  0.20165E+03 -0.14884E-03 -0.36125E+03 -0.62052E+03 -0.10000E+04  0.00000E+00  0.13728E-03  0.88099E+02  0.22500E+03  0.00000E+00   1259  0.00000E+00      0.000
      60.0000 -0.45000E+01  0.60000E+01 -0.45000E+01  0.41271E+01 -0.29768E-05 -0.27000E+03  0.36000E+03 -0.27000E+03  0.24343E+03 -0.17861E-03 -0.36125E+03 -0.40202E+03 -0.10000E+04  0.00000E+00  0.16042E-03  0.91319E+02  0.27000E+03  0.00000E+00   1481  0.00000E+00      0.000
      70.0000 -0.45000E+01  0.60000E+01 -0.45000E+01  0.40698E+01 -0.29768E-05 -0.31500E+03  0.42000E+03 -0.31500E+03  0.28436E+03 -0.20838E-03 -0.36125E+03 -0.39900E+03 -0.10000E+04  0.00000E+00  0.19161E-03  0.95390E+02  0.31500E+03  0.00000E+00   1703  0.00000E+00      0.000
      80.0000 -0.45000E+01  0.60000E+01 -0.45000E+01  0.40647E+01 -0.29768E-05 -0.36000E+03  0.48000E+03 -0.36000E+03  0.32501E+03 -0.23815E-03 -0.36124E+03 -0.39816E+03 -0.10000E+04  0.00000E+00  0.21581E-03  0.99734E+02  0.36000E+03  0.00000E+00   1924  0.00000E+00      0.000
      90.0000 -0.45000E+01  0.60000E+01 -0.45000E+01  0.40649E+01 -0.29768E-05 -0.40500E+03  0.54000E+03 -0.40500E+03  0.36566E+03 -0.26791E-03 -0.36125E+03 -0.39793E+03 -0.10000E+04  0.10014E-04  0.24627E-03  0.10409E+03  0.40500E+03  0.00000E+00   2146  0.00000E+00      0.000
     100.0000 -0.45000E+01  0.60000E+01 -0.45000E+01  0.40651E+01 -0.29768E-05 -0.45000E+03  0.60000E+03 -0.45000E+03  0.40631E+03 -0.29768E-03 -0.36125E+03 -0.39786E+03 -0.10000E+04  0.10967E-04  0.27426E-03  0.10843E+03  0.45000E+03  0.00000E+00   2368  0.00000E+00      0.000
     110.0000 -0.45000E+01  0.60000E+01 -0.45000E+01  0.40651E+01 -0.14055E+00 -0.49500E+03  0.66000E+03 -0.49500E+03  0.44696E+03 -0.38863E-01 -0.36126E+03 -0.39784E+03 -0.46277E+03  0.00000E+00  0.30189E-03  0.11275E+03  0.49500E+03  0.00000E+00   2589  0.00000E+00      0.000
     120.0000 -0.45000E+01  0.60000E+01 -0.45000E+01  0.40651E+01 -0.41817E+00 -0.54000E+03  0.72000E+03 -0.54000E+03  0.48761E+03 -0.37143E+01 -0.36125E+03 -0.39784E+03 -0.42711E+03  0.00000E+00  0.32736E-03  0.11342E+03  0.54000E+03  0.00000E+00   2811  0.00000E+00      0.000
     130.0000 -0.45000E+01  0.60000E+01 -0.45000E+01  0.40651E+01 -0.43177E+00 -0.58500E+03  0.78000E+03 -0.58500E+03  0.52826E+03 -0.79842E+01 -0.36125E+03 -0.39783E+03 -0.42539E+03  0.11444E-04  0.35101E-03  0.11350E+03  0.58500E+03  0.00000E+00   3033  0.00000E+00      0.000
     140.0000 -0.45000E+01  0.60000E+01 -0.45000E+01  0.40651E+01 -0.43422E+00 -0.63000E+03  0.84000E+03 -0.63001E+03  0.56892E+03 -0.12317E+02 -0.36125E+03 -0.39783E+03 -0.42509E+03  0.00000E+00  0.37329E-03  0.11351E+03  0.63001E+03  0.00000E+00   3255  0.00000E+00      0.000
     150.0000 -0.45000E+01  0.60000E+01 -0.45000E+01  0.40651E+01 -0.43473E+00 -0.67501E+03  0.90000E+03 -0.67501E+03  0.60957E+03 -0.16663E+02 -0.36124E+03 -0.39783E+03 -0.42502E+03  0.12398E-04  0.40052E-03  0.11352E+03  0.67501E+03  0.00000E+00   3476  0.00000E+00      0.000
     160.0000 -0.45000E+01  0.60000E+01 -0.45000E+01  0.40651E+01 -0.43483E+00 -0.72001E+03  0.96000E+03 -0.72001E+03  0.65022E+03 -0.21011E+02 -0.36125E+03 -0.39784E+03 -0.42501E+03  0.00000E+00  0.42712E-03  0.11352E+03  0.72001E+03  0.00000E+00   3698  0.00000E+00      0.000
     170.0000 -0.45000E+01  0.60000E+01 -0.45000E+01  0.40651E+01 -0.43488E+00 -0.76501E+03  0.10200E+04 -0.76501E+03  0.69088E+03 -0.25359E+02 -0.36125E+03 -0.39783E+03 -0.42500E+03  0.00000E+00  0.45278E-03  0.11352E+03  0.76501E+03  0.00000E+00   3920  0.00000E+00      0.000
     180.0000 -0.45000E+01  0.60000E+01 -0.45000E+01  0.40651E+01 -0.43489E+00 -0.81001E+03  0.10800E+04 -0.81001E+03  0.73153E+03 -0.29708E+02 -0.36126E+03 -0.39783E+03 -0.42500E+03  0.00000E+00  0.47578E-03  0.11352E+03  0.81001E+03  0.00000E+00   4141  0.00000E+00      0.000
     190.0000 -0.45000E+01  0.60000E+01 -0.45000E+01  0.40651E+01 -0.43489E+00 -0.85502E+03  0.11400E+04 -0.85502E+03  0.77218E+03 -0.34057E+02 -0.36125E+03 -0.39783E+03 -0.42500E+03  0.12875E-04  0.50050E-03  0.11352E+03  0.85502E+03  0.00000E+00   4363  0.00000E+00      0.000
     200.0000 -0.45000E+01  0.60000E+01 -0.45000E+01  0.40651E+01 -0.43489E+00 -0.90002E+03  0.12000E+04 -0.90002E+03  0.81284E+03 -0.38406E+02 -0.36125E+03 -0.39783E+03 -0.42500E+03  0.10490E-04  0.52621E-03  0.11352E+03  0.90002E+03  0.00000E+00   4585  0.00000E+00      0.000
     210.0000 -0.45000E+01  0.60000E+01 -0.45000E+01  0.40651E+01 -0.43489E+00 -0.94502E+03  0.12600E+04 -0.94502E+03  0.85349E+03 -0.42755E+02 -0.36125E+03 -0.39784E+03 -0.42500E+03  0.00000E+00  0.55745E-03  0.11352E+03  0.94502E+03  0.00000E+00   4807  0.00000E+00      0.000
     220.0000 -0.45000E+01  0.60000E+01 -0.45000E+01  0.40651E+01 -0.43489E+00 -0.99002E+03  0.13200E+04 -0.99002E+03  0.89414E+03 -0.47104E+02 -0.36124E+03 -0.39783E+03 -0.42500E+03  0.00000E+00  0.58310E-03  0.11352E+03  0.99002E+03  0.00000E+00   5028  0.00000E+00      0.000
     230.0000 -0.45000E+01  0.60000E+01 -0.45000E+01  0.40651E+01 -0.43489E+00 -0.10350E+04  0.13800E+04 -0.10350E+04  0.93480E+03 -0.51453E+02 -0.36125E+03 -0.39783E+03 -0.42500E+03  0.00000E+00  0.60818E-03  0.11352E+03  0.10350E+04  0.00000E+00   5250  0.00000E+00      0.000
     240.0000 -0.45000E+01  0.60000E+01 -0.45000E+01  0.40651E+01 -0.43490E+00 -0.10800E+04  0.14400E+04 -0.10800E+04  0.97545E+03 -0.55802E+02 -0.36124E+03 -0.39784E+03 -0.42500E+03  0.00000E+00  0.62906E-03  0.11352E+03  0.10800E+04  0.00000E+00   5471  0.00000E+00      0.000
     250.0000 -0.45000E+01  0.60000E+01 -0.45000E+01  0.40651E+01 -0.43490E+00 -0.11250E+04  0.15000E+04 -0.11250E+04  0.10161E+04 -0.60151E+02 -0.36125E+03 -0.39783E+03 -0.42500E+03  0.00000E+00  0.65138E-03  0.11352E+03  0.11250E+04  0.00000E+00   5693  0.00000E+00      0.000
     260.0000 -0.45000E+01  0.60000E+01 -0.45000E+01  0.40651E+01 -0.43490E+00 -0.11700E+04  0.15600E+04 -0.11700E+04  0.10568E+04 -0.64500E+02 -0.36125E+03 -0.39784E+03 -0.42500E+03  0.00000E+00  0.67834E-03  0.11352E+03  0.11700E+04  0.00000E+00   5915  0.00000E+00      0.000
     270.0000 -0.45000E+01  0.60000E+01 -0.45000E+01  0.40651E+01 -0.43490E+00 -0.12150E+04  0.16200E+04 -0.12150E+04  0.10974E+04 -0.68849E+02 -0.36125E+03 -0.39784E+03 -0.42500E+03  0.00000E+00  0.69719E-03  0.11352E+03  0.12150E+04  0.00000E+00   6137  0.00000E+00      0.000
     280.0000 -0.45000E+01  0.60000E+01 -0.45000E+01  0.40651E+01 -0.43490E+00 -0.12600E+04  0.16800E+04 -0.12600E+04  0.11380E+04 -0.73198E+02 -0.36125E+03 -0.39783E+03 -0.42500E+03  0.00000E+00  0.72114E-03  0.11352E+03  0.12600E+04  0.00000E+00   6359  0.00000E+00      0.000
     290.0000 -0.45000E+01  0.60000E+01 -0.45000E+01  0.40651E+01 -0.43490E+00 -0.13050E+04  0.17400E+04 -0.13050E+04  0.11787E+04 -0.77547E+02 -0.36125E+03 -0.39783E+03 -0.42500E+03  0.00000E+00  0.74732E-03  0.11352E+03  0.13050E+04  0.00000E+00   6581  0.00000E+00      0.000
     300.0000 -0.45000E+01  0.60000E+01 -0.45000E+01  0.40651E+01 -0.43490E+00 -0.13500E+04  0.18000E+04 -0.13500E+04  0.12193E+04 -0.81896E+02 -0.36125E+03 -0.39784E+03 -0.42500E+03  0.00000E+00  0.77553E-03  0.11352E+03  0.13500E+04  0.00000E+00   6803  0.00000E+00      0.000
     310.0000 -0.45000E+01  0.60000E+01 -0.45000E+01  0.40651E+01 -0.43490E+00 -0.13950E+04  0.18600E+04 -0.13950E+04  0.12600E+04 -0.86246E+02 -0.36125E+03 -0.39783E+03 -0.42500E+03  0.00000E+00  0.80020E-03  0.11352E+03  0.13950E+04  0.00000E+00   7025  0.00000E+00      0.000
     320.0000 -0.45000E+01  0.60000E+01 -0.45000E+01  0.40651E+01 -0.43490E+00 -0.14400E+04  0.19200E+04 -0.14400E+04  0.13006E+04 -0.90595E+02 -0.36125E+03 -0.39783E+03 -0.42500E+03  0.00000E+00  0.83250E-03  0.11352E+03  0.14400E+04  0.00000E+00   7247  0.00000E+00      0.000
     330.0000 -0.45000E+01  0.60000E+01 -0.45000E+01  0.40651E+01 -0.43490E+00 -0.14850E+04  0.19800E+04 -0.14850E+04  0.13413E+04 -0.94944E+02 -0.36125E+03 -0.39783E+03 -0.42500E+03  0.14305E-04  0.85693E-03  0.11352E+03  0.14850E+04  0.00000E+00   7469  0.00000E+00      0.000
     340.0000 -0.45000E+01  0.60000E+01 -0.45000E+01  0.40651E+01 -0.43490E+00 -0.15300E+04  0.20400E+04 -0.15300E+04  0.13819E+04 -0.99293E+02 -0.36125E+03 -0.39783E+03 -0.42500E+03  0.13828E-04  0.88126E-03  0.11352E+03  0.15300E+04  0.00000E+00   7691  0.00000E+00      0.000
     350.0000 -0.45000E+01  0.60000E+01 -0.45000E+01  0.40651E+01 -0.43490E+00 -0.15750E+04  0.21000E+04 -0.15750E+04  0.14226E+04 -0.10364E+03 -0.36125E+03 -0.39784E+03 -0.42500E+03  0.10967E-04  0.90316E-03  0.11352E+03  0.15750E+04  0.00000E+00   7913  0.00000E+00      0.000
     360.0000 -0.45000E+01  0.60000E+01 -0.45000E+01  0.40651E+01 -0.43490E+00 -0.16200E+04  0.21600E+04 -0.16200E+04  0.14632E+04 -0.10799E+03 -0.36125E+03 -0.39783E+03 -0.42500E+03  0.15259E-04  0.92757E-03  0.11352E+03  0.16200E+04  0.00000E+00   8135  0.00000E+00      0.000
     370.0000 -0.45000E+01  0.60000E+01 -0.45000E+01  0.40651E+01 -0.43490E+00 -0.16650E+04  0.22200E+04 -0.16650E+04  0.15039E+04 -0.11234E+03 -0.36125E+03 -0.39783E+03 -0.42500E+03  0.10490E-04  0.95210E-03  0.11352E+03  0.16650E+04  0.00000E+00   8357  0.00000E+00      0.000
     380.0000 -0.45000E+01  0.60000E+01 -0.45000E+01  0.40651E+01 -0.43490E+00 -0.17100E+04  0.22801E+04 -0.17100E+04  0.15445E+04 -0.11669E+03 -0.36125E+03 -0.39783E+03 -0.42500E+03  0.00000E+00  0.98322E-03  0.11352E+03  0.17100E+04  0.00000E+00   8579  0.00000E+00      0.000
     390.0000 -0.45000E+01  0.60000E+01 -0.45000E+01  0.40651E+01 -0.43490E+00 -0.17550E+04  0.23401E+04 -0.17550E+04  0.15852E+04 -0.12104E+03 -0.36125E+03 -0.39784E+03 -0.42500E+03  0.00000E+00  0.10150E-02  0.11352E+03  0.17550E+04  0.00000E+00   8801  0.00000E+00      0.000
     400.0000 -0.45000E+01  0.60000E+01 -0.45000E+01  0.40651E+01 -0.43490E+00 -0.18000E+04  0.24001E+04 -0.18000E+04  0.16258E+04 -0.12539E+03 -0.36125E+03 -0.39783E+03 -0.42500E+03  0.00000E+00  0.10430E-02  0.11352E+03  0.18000E+04  0.00000E+00   9023  0.00000E+00      0.000
     410.0000 -0.45000E+01  0.60000E+01 -0.45000E+01  0.40651E+01 -0.43490E+00 -0.18450E+04  0.24601E+04 -0.18450E+04  0.16665E+04 -0.12974E+03 -0.36125E+03 -0.39783E+03 -0.42500E+03  0.00000E+00  0.10692E-02  0.11352E+03  0.18450E+04  0.00000E+00   9245  0.00000E+00      0.000
     420.0000 -0.45000E+01  0.60000E+01 -0.45000E+01  0.40651E+01 -0.43490E+00 -0.18900E+04  0.25201E+04 -0.18900E+04  0.17071E+04 -0.13409E+03 -0.36125E+03 -0.39783E+03 -0.42500E+03  0.00000E+00  0.10894E-02  0.11352E+03  0.18900E+04  0.00000E+00   9467  0.00000E+00      0.000
     430.0000 -0.45000E+01  0.60000E+01 -0.45000E+01  0.40651E+01 -0.43490E+00 -0.19350E+04  0.25801E+04 -0.19350E+04  0.17478E+04 -0.13843E+03 -0.36125E+03 -0.39784E+03 -0.42500E+03  0.10490E-04  0.11153E-02  0.11352E+03  0.19350E+04  0.00000E+00   9689  0.00000E+00      0.000
     440.0000 -0.45000E+01  0.60000E+01 -0.45000E+01  0.40651E+01 -0.43490E+00 -0.19800E+04  0.26401E+04 -0.19800E+04  0.17884E+04 -0.14278E+03 -0.36125E+03 -0.39783E+03 -0.42500E+03  0.00000E+00  0.11355E-02  0.11352E+03  0.19800E+04  0.00000E+00   9911  0.00000E+00      0.000
     450.0000 -0.45000E+01  0.60000E+01 -0.45000E+01  0.40651E+01 -0.43490E+00 -0.20250E+04  0.27002E+04 -0.20250E+04  0.18291E+04 -0.14713E+03 -0.36125E+03 -0.39784E+03 -0.42500E+03  0.00000E+00  0.11571E-02  0.11352E+03  0.20250E+04  0.00000E+00  10133  0.00000E+00      0.000
     460.0000 -0.45000E+01  0.60000E+01 -0.45000E+01  0.40651E+01 -0.43490E+00 -0.20700E+04  0.27602E+04 -0.20700E+04  0.18697E+04 -0.15148E+03 -0.36125E+03 -0.39783E+03 -0.42500E+03  0.00000E+00  0.11808E-02  0.11352E+03  0.20700E+04  0.00000E+00  10355  0.00000E+00      0.000
     470.0000 -0.45000E+01  0.60000E+01 -0.45000E+01  0.40651E+01 -0.43490E+00 -0.21150E+04  0.28202E+04 -0.21150E+04  0.19104E+04 -0.15583E+03 -0.36126E+03 -0.39783E+03 -0.42500E+03  0.10967E-04  0.12069E-02  0.11352E+03  0.21150E+04  0.00000E+00  10576  0.00000E+00      0.000
     480.0000 -0.45000E+01  0.60000E+01 -0.45000E+01  0.40651E+01 -0.43490E+00 -0.21600E+04  0.28802E+04 -0.21600E+04  0.19510E+04 -0.16018E+03 -0.36126E+03 -0.39784E+03 -0.42500E+03  0.00000E+00  0.12406E-02  0.11352E+03  0.21600E+04  0.00000E+00  10798  0.00000E+00      0.000
     490.0000 -0.45000E+01  0.60000E+01 -0.45000E+01  0.40651E+01 -0.43490E+00 -0.22050E+04  0.29402E+04 -0.22050E+04  0.19917E+04 -0.16452E+03 -0.36125E+03 -0.39784E+03 -0.42500E+03  0.11444E-04  0.12645E-02  0.11352E+03  0.22050E+04  0.00000E+00  11020  0.00000E+00      0.000
     500.0000 -0.45000E+01  0.60000E+01 -0.45000E+01  0.40651E+01 -0.43490E+00 -0.22500E+04  0.30002E+04 -0.22500E+04  0.20323E+04 -0.16887E+03 -0.36126E+03 -0.39783E+03 -0.42500E+03  0.00000E+00  0.12895E-02  0.11352E+03  0.22500E+04  0.00000E+00  11241  0.00000E+00      0.000
     510.0000 -0.45000E+01  0.60000E+01 -0.45000E+01  0.40651E+01 -0.43490E+00 -0.22949E+04  0.30602E+04 -0.22949E+04  0.20730E+04 -0.17322E+03 -0.36125E+03 -0.39783E+03 -0.42500E+03  0.10967E-04  0.13114E-02  0.11352E+03  0.22949E+04  0.00000E+00  11463  0.00000E+00      0.000
     520.0000 -0.45000E+01  0.60000E+01 -0.45000E+01  0.40651E+01 -0.43490E+00 -0.23399E+04  0.31202E+04 -0.23399E+04  0.21136E+04 -0.17757E+03 -0.36125E+03 -0.39784E+03 -0.42500E+03  0.00000E+00  0.13300E-02  0.11352E+03  0.23399E+04  0.00000E+00  11685  0.00000E+00      0.000
     530.0000 -0.45000E+01  0.60000E+01 -0.45000E+01  0.40651E+01 -0.43490E+00 -0.23849E+04  0.31803E+04 -0.23849E+04  0.21543E+04 -0.18192E+03 -0.36125E+03 -0.39783E+03 -0.42500E+03  0.00000E+00  0.13559E-02  0.11352E+03  0.23849E+04  0.00000E+00  11907  0.00000E+00      0.000
     540.0000 -0.45000E+01  0.60000E+01 -0.45000E+01  0.40651E+01 -0.43490E+00 -0.24299E+04  0.32403E+04 -0.24299E+04  0.21949E+04 -0.18627E+03 -0.36125E+03 -0.39783E+03 -0.42500E+03  0.00000E+00  0.13856E-02  0.11352E+03  0.24299E+04  0.00000E+00  12129  0.00000E+00      0.000
     550.0000 -0.45000E+01  0.60000E+01 -0.45000E+01  0.40651E+01 -0.43490E+00 -0.24749E+04  0.33003E+04 -0.24749E+04  0.22356E+04 -0.19062E+03 -0.36125E+03 -0.39783E+03 -0.42500E+03  0.00000E+00  0.14134E-02  0.11352E+03  0.24749E+04  0.00000E+00  12351  0.00000E+00      0.000
     560.0000 -0.45000E+01  0.60000E+01 -0.45000E+01  0.40651E+01 -0.43490E+00 -0.25199E+04  0.33603E+04 -0.25199E+04  0.22763E+04 -0.19496E+03 -0.36125E+03 -0.39784E+03 -0.42500E+03  0.00000E+00  0.14388E-02  0.11352E+03  0.25199E+04  0.00000E+00  12573  0.00000E+00      0.000
     570.0000 -0.45000E+01  0.60000E+01 -0.45000E+01  0.40651E+01 -0.43490E+00 -0.25649E+04  0.34203E+04 -0.25649E+04  0.23169E+04 -0.19931E+03 -0.36125E+03 -0.39783E+03 -0.42500E+03  0.00000E+00  0.14625E-02  0.11352E+03  0.25649E+04  0.00000E+00  12795  0.00000E+00      0.000
     580.0000 -0.45000E+01  0.60000E+01 -0.45000E+01  0.40651E+01 -0.43490E+00 -0.26099E+04  0.34803E+04 -0.26099E+04  0.23576E+04 -0.20366E+03 -0.36125E+03 -0.39783E+03 -0.42500E+03  0.00000E+00  0.14902E-02  0.11352E+03  0.26099E+04  0.00000E+00  13016  0.00000E+00      0.000
     590.0000 -0.45000E+01  0.60000E+01 -0.45000E+01  0.40651E+01 -0.43490E+00 -0.26549E+04  0.35403E+04 -0.26549E+04  0.23982E+04 -0.20801E+03 -0.36125E+03 -0.39783E+03 -0.42500E+03  0.11444E-04  0.15175E-02  0.11352E+03  0.26549E+04  0.00000E+00  13238  0.00000E+00      0.000
     600.0000 -0.45000E+01  0.60000E+01 -0.45000E+01  0.40651E+01 -0.43490E+00 -0.26999E+04  0.36003E+04 -0.26999E+04  0.24389E+04 -0.21236E+03 -0.36125E+03 -0.39783E+03 -0.42500E+03  0.00000E+00  0.15453E-02  0.11352E+03  0.26999E+04  0.00000E+00  13460  0.00000E+00      0.000
     610.0000 -0.45000E+01  0.60000E+01 -0.45000E+01  0.40651E+01 -0.43490E+00 -0.27449E+04  0.36604E+04 -0.27449E+04  0.24795E+04 -0.21671E+03 -0.36125E+03 -0.39784E+03 -0.42500E+03  0.00000E+00  0.15740E-02  0.11352E+03  0.27449E+04  0.00000E+00  13682  0.00000E+00      0.000
     620.0000 -0.45000E+01  0.60000E+01 -0.45000E+01  0.40651E+01 -0.43490E+00 -0.27899E+04  0.37204E+04 -0.27899E+04  0.25202E+04 -0.22106E+03 -0.36125E+03 -0.39783E+03 -0.42500E+03  0.00000E+00  0.16062E-02  0.11352E+03  0.27899E+04  0.00000E+00  13903  0.00000E+00      0.000
     630.0000 -0.45000E+01  0.60000E+01 -0.45000E+01  0.40651E+01 -0.43490E+00 -0.28349E+04  0.37804E+04 -0.28349E+04  0.25608E+04 -0.22540E+03 -0.36125E+03 -0.39783E+03 -0.42500E+03  0.00000E+00  0.16297E-02  0.11352E+03  0.28349E+04  0.00000E+00  14125  0.00000E+00      0.000
     640.0000 -0.45000E+01  0.60000E+01 -0.45000E+01  0.40651E+01 -0.43490E+00 -0.28799E+04  0.38404E+04 -0.28799E+04  0.26015E+04 -0.22975E+03 -0.36125E+03 -0.39783E+03 -0.42500E+03  0.00000E+00  0.16595E-02  0.11352E+03  0.28799E+04  0.00000E+00  14347  0.00000E+00      0.000
     650.0000 -0.45000E+01  0.60000E+01 -0.45000E+01  0.40651E+01 -0.43490E+00 -0.29249E+04  0.39004E+04 -0.29249E+04  0.26421E+04 -0.23410E+03 -0.36125E+03 -0.39784E+03 -0.42500E+03  0.10014E-04  0.16877E-02  0.11352E+03  0.29249E+04  0.00000E+00  14569  0.00000E+00      0.000
     660.0000 -0.45000E+01  0.60000E+01 -0.45000E+01  0.40651E+01 -0.43490E+00 -0.29699E+04  0.39604E+04 -0.29699E+04  0.26828E+04 -0.23845E+03 -0.36125E+03 -0.39783E+03 -0.42500E+03  0.00000E+00  0.17128E-02  0.11352E+03  0.29699E+04  0.00000E+00  14791  0.00000E+00      0.000
     670.0000 -0.45000E+01  0.60000E+01 -0.45000E+01  0.40651E+01 -0.43490E+00 -0.30149E+04  0.40204E+04 -0.30149E+04  0.27235E+04 -0.24280E+03 -0.36125E+03 -0.39783E+03 -0.42500E+03  0.14305E-04  0.17402E-02  0.11352E+03  0.30149E+04  0.00000E+00  15013  0.00000E+00      0.000
     680.0000 -0.45000E+01  0.60000E+01 -0.45000E+01  0.40651E+01 -0.43490E+00 -0.30599E+04  0.40805E+04 -0.30599E+04  0.27641E+04 -0.24715E+03 -0.36126E+03 -0.39784E+03 -0.42500E+03  0.10490E-04  0.17689E-02  0.11352E+03  0.30599E+04  0.00000E+00  15234  0.00000E+00      0.000
     690.0000 -0.45000E+01  0.60000E+01 -0.45000E+01  0.40651E+01 -0.43490E+00 -0.31049E+04  0.41404E+04 -0.31049E+04  0.28048E+04 -0.25149E+03 -0.36125E+03 -0.39784E+03 -0.42500E+03  0.00000E+00  0.17949E-02  0.11352E+03  0.31049E+04  0.00000E+00  15456  0.00000E+00      0.000
     700.0000 -0.45000E+01  0.60000E+01 -0.45000E+01  0.40651E+01 -0.43490E+00 -0.31499E+04  0.42004E+04 -0.31499E+04  0.28454E+04 -0.25584E+03 -0.36125E+03 -0.39784E+03 -0.42500E+03  0.00000E+00  0.18226E-02  0.11352E+03  0.31499E+04  0.00000E+00  15678  0.00000E+00      0.000
     710.0000 -0.45000E+01  0.60000E+01 -0.45000E+01  0.40651E+01 -0.43490E+00 -0.31949E+04  0.42604E+04 -0.31949E+04  0.28861E+04 -0.26019E+03 -0.36124E+03 -0.39784E+03 -0.42500E+03  0.00000E+00  0.18481E-02  0.11352E+03  0.31949E+04  0.00000E+00  15899  0.00000E+00      0.000
     720.0000 -0.45000E+01  0.60000E+01 -0.45000E+01  0.40651E+01 -0.43490E+00 -0.32399E+04  0.43203E+04 -0.32399E+04  0.29267E+04 -0.26454E+03 -0.36125E+03 -0.39783E+03 -0.42500E+03  0.00000E+00  0.18711E-02  0.11352E+03  0.32399E+04  0.00000E+00  16121  0.00000E+00      0.000
     730.0000 -0.45000E+01  0.60000E+01 -0.45000E+01  0.40651E+01 -0.43490E+00 -0.32849E+04  0.43803E+04 -0.32849E+04  0.29674E+04 -0.26889E+03 -0.36125E+03 -0.39783E+03 -0.42500E+03  0.00000E+00  0.18996E-02  0.11352E+03  0.32849E+04  0.00000E+00  16343  0.00000E+00      0.000
     740.0000 -0.45000E+01  0.60000E+01 -0.45000E+01  0.40651E+01 -0.43490E+00 -0.33299E+04  0.44402E+04 -0.33299E+04  0.30080E+04 -0.27324E+03 -0.36125E+03 -0.39783E+03 -0.42500E+03  0.00000E+00  0.19215E-02  0.11352E+03  0.33299E+04  0.00000E+00  16565  0.00000E+00      0.000
     750.0000 -0.45000E+01  0.60000E+01 -0.45000E+01  0.40651E+01 -0.43490E+00 -0.33749E+04  0.45002E+04 -0.33749E+04  0.30487E+04 -0.27759E+03 -0.36125E+03 -0.39784E+03 -0.42500E+03  0.00000E+00  0.19411E-02  0.11352E+03  0.33749E+04  0.00000E+00  16787  0.00000E+00      0.000
     760.0000 -0.45000E+01  0.60000E+01 -0.45000E+01  0.40651E+01 -0.43490E+00 -0.34199E+04  0.45602E+04 -0.34199E+04  0.30893E+04 -0.28193E+03 -0.36125E+03 -0.39784E+03 -0.42500E+03  0.00000E+00  0.19659E-02  0.11352E+03  0.34199E+04  0.00000E+00  17009  0.00000E+00      0.000
     770.0000 -0.45000E+01  0.60000E+01 -0.45000E+01  0.40651E+01 -0.43490E+00 -0.34649E+04  0.46201E+04 -0.34649E+04  0.31300E+04 -0.28628E+03 -0.36124E+03 -0.39784E+03 -0.42500E+03  0.00000E+00  0.19903E-02  0.11352E+03  0.34649E+04  0.00000E+00  17230  0.00000E+00      0.000
     780.0000 -0.45000E+01  0.60000E+01 -0.45000E+01  0.40651E+01 -0.43490E+00 -0.35099E+04  0.46801E+04 -0.35099E+04  0.31707E+04 -0.29063E+03 -0.36125E+03 -0.39783E+03 -0.42500E+03  0.00000E+00  0.20117E-02  0.11352E+03  0.35099E+04  0.00000E+00  17452  0.00000E+00      0.000
     790.0000 -0.45000E+01  0.60000E+01 -0.45000E+01  0.40651E+01 -0.43490E+00 -0.35549E+04  0.47400E+04 -0.35549E+04  0.32113E+04 -0.29498E+03 -0.36126E+03 -0.39783E+03 -0.42500E+03  0.11444E-04  0.20368E-02  0.11352E+03  0.35549E+04  0.00000E+00  17674  0.00000E+00      0.000
     800.0000 -0.45000E+01  0.60000E+01 -0.45000E+01  0.40651E+01 -0.43490E+00 -0.35999E+04  0.48000E+04 -0.35999E+04  0.32520E+04 -0.29933E+03 -0.36125E+03 -0.39783E+03 -0.42500E+03  0.00000E+00  0.20590E-02  0.11352E+03  0.35999E+04  0.00000E+00  17896  0.00000E+00      0.000
     810.0000 -0.45000E+01  0.60000E+01 -0.45000E+01  0.40651E+01 -0.43490E+00 -0.36449E+04  0.48600E+04 -0.36449E+04  0.32926E+04 -0.30368E+03 -0.36125E+03 -0.39783E+03 -0.42500E+03  0.00000E+00  0.20824E-02  0.11352E+03  0.36449E+04  0.00000E+00  18118  0.00000E+00      0.000
     820.0000 -0.45000E+01  0.60000E+01 -0.45000E+01  0.40651E+01 -0.43490E+00 -0.36899E+04  0.49199E+04 -0.36899E+04  0.33333E+04 -0.30803E+03 -0.36124E+03 -0.39783E+03 -0.42500E+03  0.00000E+00  0.21107E-02  0.11352E+03  0.36899E+04  0.00000E+00  18339  0.00000E+00      0.000
     830.0000 -0.45000E+01  0.60000E+01 -0.45000E+01  0.40651E+01 -0.43490E+00 -0.37349E+04  0.49799E+04 -0.37349E+04  0.33739E+04 -0.31237E+03 -0.36125E+03 -0.39784E+03 -0.42500E+03  0.00000E+00  0.21352E-02  0.11352E+03  0.37349E+04  0.00000E+00  18561  0.00000E+00      0.000
     840.0000 -0.45000E+01  0.60000E+01 -0.45000E+01  0.40651E+01 -0.43490E+00 -0.37799E+04  0.50399E+04 -0.37799E+04  0.34146E+04 -0.31672E+03 -0.36125E+03 -0.39784E+03 -0.42500E+03  0.00000E+00  0.21617E-02  0.11352E+03  0.37799E+04  0.00000E+00  18783  0.00000E+00      0.000
     850.0000 -0.45000E+01  0.60000E+01 -0.45000E+01  0.40651E+01 -0.43490E+00 -0.38249E+04  0.50998E+04 -0.38249E+04  0.34552E+04 -0.32107E+03 -0.36124E+03 -0.39784E+03 -0.42500E+03  0.10014E-04  0.21842E-02  0.11352E+03  0.38249E+04  0.00000E+00  19004  0.00000E+00      0.000
     860.0000 -0.45000E+01  0.60000E+01 -0.45000E+01  0.40651E+01 -0.43490E+00 -0.38699E+04  0.51598E+04 -0.38699E+04  0.34959E+04 -0.32542E+03 -0.36125E+03 -0.39783E+03 -0.42500E+03  0.00000E+00  0.22048E-02  0.11352E+03  0.38699E+04  0.00000E+00  19226  0.00000E+00      0.000
     870.0000 -0.45000E+01  0.60000E+01 -0.45000E+01  0.40651E+01 -0.43490E+00 -0.39149E+04  0.52197E+04 -0.39149E+04  0.35366E+04 -0.32977E+03 -0.36125E+03 -0.39783E+03 -0.42500E+03  0.00000E+00  0.22374E-02  0.11352E+03  0.39149E+04  0.00000E+00  19448  0.00000E+00      0.000
     880.0000 -0.45000E+01  0.60000E+01 -0.45000E+01  0.40651E+01 -0.43490E+00 -0.39599E+04  0.52797E+04 -0.39599E+04  0.35772E+04 -0.33412E+03 -0.36125E+03 -0.39783E+03 -0.42500E+03  0.00000E+00  0.22633E-02  0.11352E+03  0.39599E+04  0.00000E+00  19670  0.00000E+00      0.000
     890.0000 -0.45000E+01  0.60000E+01 -0.45000E+01  0.40651E+01 -0.43490E+00 -0.40048E+04  0.53397E+04 -0.40048E+04  0.36179E+04 -0.33846E+03 -0.36125E+03 -0.39783E+03 -0.42500E+03  0.00000E+00  0.22882E-02  0.11352E+03  0.40048E+04  0.00000E+00  19892  0.00000E+00      0.000
     900.0000 -0.45000E+01  0.60000E+01 -0.45000E+01  0.40651E+01 -0.43490E+00 -0.40498E+04  0.53996E+04 -0.40498E+04  0.36585E+04 -0.34281E+03 -0.36125E+03 -0.39783E+03 -0.42500E+03  0.00000E+00  0.23149E-02  0.11352E+03  0.40498E+04  0.00000E+00  20114  0.00000E+00      0.000
     910.0000 -0.45000E+01  0.60000E+01 -0.45000E+01  0.40651E+01 -0.43490E+00 -0.40948E+04  0.54596E+04 -0.40948E+04  0.36992E+04 -0.34716E+03 -0.36125E+03 -0.39784E+03 -0.42500E+03  0.00000E+00  0.23357E-02  0.11352E+03  0.40948E+04  0.00000E+00  20336  0.00000E+00      0.000
     920.0000 -0.45000E+01  0.60000E+01 -0.45000E+01  0.40651E+01 -0.43490E+00 -0.41399E+04  0.55196E+04 -0.41399E+04  0.37398E+04 -0.35151E+03 -0.36125E+03 -0.39784E+03 -0.42500E+03  0.00000E+00  0.23658E-02  0.11352E+03  0.41399E+04  0.00000E+00  20558  0.00000E+00      0.000
     930.0000 -0.45000E+01  0.60000E+01 -0.45000E+01  0.40651E+01 -0.43490E+00 -0.41849E+04  0.55795E+04 -0.41849E+04  0.37805E+04 -0.35586E+03 -0.36125E+03 -0.39784E+03 -0.42500E+03  0.14782E-04  0.23895E-02  0.11352E+03  0.41849E+04  0.00000E+00  20779  0.00000E+00      0.000
     940.0000 -0.45000E+01  0.60000E+01 -0.45000E+01  0.40651E+01 -0.43490E+00 -0.42299E+04  0.56395E+04 -0.42299E+04  0.38211E+04 -0.36021E+03 -0.36126E+03 -0.39783E+03 -0.42500E+03  0.00000E+00  0.24195E-02  0.11352E+03  0.42299E+04  0.00000E+00  21001  0.00000E+00      0.000
     950.0000 -0.45000E+01  0.60000E+01 -0.45000E+01  0.40651E+01 -0.43490E+00 -0.42749E+04  0.56994E+04 -0.42749E+04  0.38618E+04 -0.36456E+03 -0.36125E+03 -0.39783E+03 -0.42500E+03  0.00000E+00  0.24472E-02  0.11352E+03  0.42749E+04  0.00000E+00  21223  0.00000E+00      0.000
     960.0000 -0.45000E+01  0.60000E+01 -0.45000E+01  0.40651E+01 -0.43490E+00 -0.43199E+04  0.57594E+04 -0.43199E+04  0.39024E+04 -0.36890E+03 -0.36125E+03 -0.39783E+03 -0.42500E+03  0.00000E+00  0.24713E-02  0.11352E+03  0.43199E+04  0.00000E+00  21445  0.00000E+00      0.000
     970.0000 -0.45000E+01  0.60000E+01 -0.45000E+01  0.40651E+01 -0.43490E+00 -0.43649E+04  0.58194E+04 -0.43649E+04  0.39431E+04 -0.37325E+03 -0.36125E+03 -0.39783E+03 -0.42500E+03  0.00000E+00  0.24928E-02  0.11352E+03  0.43649E+04  0.00000E+00  21667  0.00000E+00      0.000
     980.0000 -0.45000E+01  0.60000E+01 -0.45000E+01  0.40651E+01 -0.43490E+00 -0.44099E+04  0.58793E+04 -0.44099E+04  0.39838E+04 -0.37760E+03 -0.36126E+03 -0.39783E+03 -0.42500E+03  0.00000E+00  0.25171E-02  0.11352E+03  0.44099E+04  0.00000E+00  21888  0.00000E+00      0.000
     990.0000 -0.45000E+01  0.60000E+01 -0.45000E+01  0.40651E+01 -0.43490E+00 -0.44549E+04  0.59393E+04 -0.44549E+04  0.40244E+04 -0.38195E+03 -0.36125E+03 -0.39784E+03 -0.42500E+03  0.15736E-04  0.25460E-02  0.11352E+03  0.44549E+04  0.00000E+00  22110  0.00000E+00      0.000
    1000.0000 -0.45000E+01  0.60000E+01 -0.45000E+01  0.40651E+01 -0.43490E+00 -0.44999E+04  0.59992E+04 -0.44999E+04  0.40651E+04 -0.38630E+03 -0.36125E+03 -0.39783E+03 -0.42500E+03  0.12398E-04  0.25723E-02  0.11352E+03  0.44999E+04  0.00000E+00  22332  0.00000E+00      0.000
end
