 ******* Program HYDRUS
 ******* 
 Welcome to HYDRUS-1D                                                    
 Date:   3. 2.    Time:  15:27: 8
 Units: L = mm   , T = days , M = mmol 

----------------------------------------------------------
 Time       [T]        0.0000
----------------------------------------------------------
 Sub-region num.                     1
----------------------------------------------------------
 Length   [L]        0.10000E+04  0.10000E+04
 W-volume [L]        0.71414E+02  0.71414E+02
 In-flow  [L/T]      0.00000E+00  0.00000E+00
 h Mean   [L]       -0.10000E+04 -0.10000E+04
 ConcVol  [M/L2] 1   0.00000E+00  0.00000E+00
 cMean    [M/L3] 1   0.00000E+00  0.00000E+00
 Top Flux [L/T]     -0.17119E-09
 Bot Flux [L/T]     -0.17119E-09
----------------------------------------------------------

----------------------------------------------------------
 Time       [T]      200.0000
----------------------------------------------------------
 Sub-region num.                     1
----------------------------------------------------------
 Length   [L]        0.10000E+04  0.10000E+04
 W-volume [L]        0.28858E+03  0.28858E+03
 In-flow  [L/T]      0.48156E-01  0.48156E-01
 h Mean   [L]       -0.37637E+03 -0.37637E+03
 ConcVol  [M/L2] 1   0.15409E+05  0.15409E+05
 cMean    [M/L3] 1   0.53404E+02  0.53404E+02
 Top Flux [L/T]     -0.62173E+01
 Bot Flux [L/T]     -0.31300E+01
 WatBalT  [L]       -0.18951E-01
 WatBalR  [%]              0.001
 CncBalT  [M]    1   0.42168E+02
 CncBalR  [%]    1         0.071
----------------------------------------------------------

----------------------------------------------------------
 Time       [T]      400.0000
----------------------------------------------------------
 Sub-region num.                     1
----------------------------------------------------------
 Length   [L]        0.10000E+04  0.10000E+04
 W-volume [L]        0.28858E+03  0.28858E+03
 In-flow  [L/T]      0.19082E-01  0.19082E-01
 h Mean   [L]       -0.37636E+03 -0.37636E+03
 ConcVol  [M/L2] 1   0.15409E+05  0.15409E+05
 cMean    [M/L3] 1   0.53404E+02  0.53404E+02
 Top Flux [L/T]     -0.62146E+01
 Bot Flux [L/T]     -0.31721E+01
 WatBalT  [L]       -0.20844E-01
 WatBalR  [%]              0.000
 CncBalT  [M]    1   0.41960E+02
 CncBalR  [%]    1         0.031
----------------------------------------------------------

----------------------------------------------------------
 Time       [T]      600.0000
----------------------------------------------------------
 Sub-region num.                     1
----------------------------------------------------------
 Length   [L]        0.10000E+04  0.10000E+04
 W-volume [L]        0.28858E+03  0.28858E+03
 In-flow  [L/T]      0.31404E-02  0.31404E-02
 h Mean   [L]       -0.37636E+03 -0.37636E+03
 ConcVol  [M/L2] 1   0.15409E+05  0.15409E+05
 cMean    [M/L3] 1   0.53404E+02  0.53404E+02
 Top Flux [L/T]     -0.62177E+01
 Bot Flux [L/T]     -0.31911E+01
 WatBalT  [L]       -0.23407E-01
 WatBalR  [%]              0.000
 CncBalT  [M]    1   0.41749E+02
 CncBalR  [%]    1         0.020
----------------------------------------------------------

----------------------------------------------------------
 Time       [T]      800.0000
----------------------------------------------------------
 Sub-region num.                     1
----------------------------------------------------------
 Length   [L]        0.10000E+04  0.10000E+04
 W-volume [L]        0.28858E+03  0.28858E+03
 In-flow  [L/T]      0.40139E-01  0.40139E-01
 h Mean   [L]       -0.37636E+03 -0.37636E+03
 ConcVol  [M/L2] 1   0.15409E+05  0.15409E+05
 cMean    [M/L3] 1   0.53404E+02  0.53404E+02
 Top Flux [L/T]     -0.62144E+01
 Bot Flux [L/T]     -0.31488E+01
 WatBalT  [L]       -0.24536E-01
 WatBalR  [%]              0.000
 CncBalT  [M]    1   0.41518E+02
 CncBalR  [%]    1         0.015
----------------------------------------------------------

----------------------------------------------------------
 Time       [T]     1000.0000
----------------------------------------------------------
 Sub-region num.                     1
----------------------------------------------------------
 Length   [L]        0.10000E+04  0.10000E+04
 W-volume [L]        0.28858E+03  0.28858E+03
 In-flow  [L/T]      0.78771E-02  0.78771E-02
 h Mean   [L]       -0.37636E+03 -0.37636E+03
 ConcVol  [M/L2] 1   0.15409E+05  0.15409E+05
 cMean    [M/L3] 1   0.53404E+02  0.53404E+02
 Top Flux [L/T]     -0.62162E+01
 Bot Flux [L/T]     -0.31646E+01
 WatBalT  [L]       -0.27557E-01
 WatBalR  [%]              0.000
 CncBalT  [M]    1   0.41134E+02
 CncBalR  [%]    1         0.011
----------------------------------------------------------
 
 Calculation time [sec]   334.390000015497     
