 ******* Program HYDRUS
 ******* 
 Welcome to HYDRUS-1D                                                    
 Date:   3. 2.    Time:  15:27: 8
 Units: L = mm   , T = days , M = mmol 


    TLevel      Time           dt     ItrW ItrC    ItCum  KodT  KodB Converg  Peclet   Courant

     9672  0.1000000E+02  0.87497E-03    2    1    42876    -4    -5     T     5.016     0.004
    21485  0.2000000E+02  0.43619E-03    2    1    94877    -4    -5     T     5.008     0.002
    33556  0.3000000E+02  0.11655E-02    2    1   147963    -4    -5     T     5.021     0.005
    45500  0.4000000E+02  0.12549E-02   10    1   200599    -4    -5     T     5.023     0.005
    57405  0.5000000E+02  0.10723E-02    2    1   253077    -4    -5     T     5.019     0.005
    69342  0.6000000E+02  0.97876E-03    2    1   305657    -4    -5     T     5.018     0.004
    81300  0.7000000E+02  0.13186E-02    2    1   358316    -4    -5     T     5.024     0.006
    93178  0.8000000E+02  0.13079E-02    2    1   410810    -4    -5     T     5.024     0.006
   105107  0.9000000E+02  0.52621E-03    2    1   463381    -4    -5     T     5.009     0.002
   117056  0.1000000E+03  0.13293E-02    7    1   516013    -4    -5     T     5.024     0.006
   128998  0.1100000E+03  0.92010E-03    2    1   568593    -4    -5     T     5.017     0.004
   140939  0.1200000E+03  0.12345E-02    9    1   621205    -4    -5     T     5.022     0.005
   152882  0.1300000E+03  0.12539E-02    4    1   673829    -4    -5     T     5.023     0.005
   164833  0.1400000E+03  0.13102E-02    2    1   726494    -4    -5     T     5.024     0.006
   176712  0.1500000E+03  0.11341E-02    6    1   778956    -4    -5     T     5.020     0.005
   188647  0.1600000E+03  0.91336E-03    2    1   831550    -4    -5     T     5.016     0.004
   200549  0.1700000E+03  0.12886E-02    2    1   884013    -4    -5     T     5.023     0.006
   212456  0.1800000E+03  0.12440E-02    2    1   936508    -4    -5     T     5.022     0.005
   224366  0.1900000E+03  0.12590E-02    2    1   989063    -4    -5     T     5.023     0.005
   236302  0.2000000E+03  0.13219E-02    2    1  1041644    -4    -5     T     5.024     0.006
   248237  0.2100000E+03  0.91388E-03    2    1  1094204    -4    -5     T     5.016     0.004
   260160  0.2200000E+03  0.89132E-03    2    1  1146722    -4    -5     T     5.016     0.004
   272100  0.2300000E+03  0.11166E-02    3    1  1199295    -4    -5     T     5.020     0.005
   284025  0.2400000E+03  0.11950E-02    3    1  1251826    -4    -5     T     5.021     0.005
   295912  0.2500000E+03  0.10430E-02    2    1  1304256    -4    -5     T     5.019     0.004
   307815  0.2600000E+03  0.10179E-02    2    1  1356757    -4    -5     T     5.018     0.004
   319758  0.2700000E+03  0.43779E-03    2    1  1409334    -4    -5     T     5.008     0.002
   331681  0.2800000E+03  0.10257E-02    2    1  1461873    -4    -5     T     5.018     0.004
   343603  0.2900000E+03  0.44544E-03    2    1  1514406    -4    -5     T     5.008     0.002
   355546  0.3000000E+03  0.83625E-03    2    1  1567018    -4    -5     T     5.015     0.004
   367489  0.3100000E+03  0.94101E-03    2    1  1619598    -4    -5     T     5.017     0.004
   379402  0.3200000E+03  0.82500E-03    2    1  1672134    -4    -5     T     5.015     0.004
   391286  0.3300000E+03  0.12409E-02    8    1  1724596    -4    -5     T     5.022     0.005
   403224  0.3400000E+03  0.12945E-02    3    1  1777177    -4    -5     T     5.023     0.006
   415157  0.3500000E+03  0.44038E-03    2    1  1829785    -4    -5     T     5.008     0.002
   427091  0.3600000E+03  0.12257E-02    3    1  1882352    -4    -5     T     5.022     0.005
   439001  0.3700000E+03  0.47724E-03    2    1  1934843    -4    -5     T     5.009     0.002
   450915  0.3800000E+03  0.91167E-03    2    1  1987379    -4    -5     T     5.016     0.004
   462850  0.3900000E+03  0.95741E-03    2    1  2039951    -4    -5     T     5.017     0.004
   474760  0.4000000E+03  0.10246E-02    2    1  2092464    -4    -5     T     5.018     0.004
   486672  0.4100000E+03  0.86296E-03    2    1  2144980    -4    -5     T     5.015     0.004
   498597  0.4200000E+03  0.86919E-03    2    1  2197534    -4    -5     T     5.016     0.004
   510541  0.4300000E+03  0.44384E-03    2    1  2250128    -4    -5     T     5.008     0.002
   522451  0.4400000E+03  0.12675E-02    2    1  2302640    -4    -5     T     5.023     0.005
   534370  0.4500000E+03  0.98224E-03    2    1  2355168    -4    -5     T     5.018     0.004
   546290  0.4600000E+03  0.12630E-02    2    1  2407653    -4    -5     T     5.023     0.005
   558226  0.4700000E+03  0.11788E-02    3    1  2460233    -4    -5     T     5.021     0.005
   570158  0.4800000E+03  0.95625E-03    2    1  2512807    -4    -5     T     5.017     0.004
   582055  0.4900000E+03  0.95446E-03    2    1  2565307    -4    -5     T     5.017     0.004
   593979  0.5000000E+03  0.48248E-03    2    1  2617885    -4    -5     T     5.009     0.002
   605904  0.5100000E+03  0.44383E-03    2    1  2670439    -4    -5     T     5.008     0.002
   617815  0.5200000E+03  0.90807E-03    2    1  2722949    -4    -5     T     5.016     0.004
   629725  0.5300000E+03  0.89617E-03    2    1  2775465    -4    -5     T     5.016     0.004
   641652  0.5400000E+03  0.83119E-03    2    1  2828039    -4    -5     T     5.015     0.004
   653600  0.5500000E+03  0.96168E-03    2    1  2880650    -4    -5     T     5.017     0.004
   665529  0.5600000E+03  0.45010E-03    2    1  2933158    -4    -5     T     5.008     0.002
   677445  0.5700000E+03  0.49696E-03    2    1  2985693    -4    -5     T     5.009     0.002
   689363  0.5800000E+03  0.47601E-03    2    1  3038216    -4    -5     T     5.009     0.002
   701299  0.5900000E+03  0.12569E-02    2    1  3090821    -4    -5     T     5.023     0.005
   713210  0.6000000E+03  0.12526E-02    8    1  3143318    -4    -5     T     5.023     0.005
   725148  0.6100000E+03  0.13702E-02    5    1  3195916    -4    -5     T     5.025     0.006
   737079  0.6200000E+03  0.97472E-03    2    1  3248496    -4    -5     T     5.018     0.004
   748991  0.6300000E+03  0.10329E-02    2    1  3300975    -4    -5     T     5.019     0.004
   760919  0.6400000E+03  0.13120E-02    4    1  3353533    -4    -5     T     5.024     0.006
   772854  0.6500000E+03  0.88646E-03    2    1  3406111    -4    -5     T     5.016     0.004
   784790  0.6600000E+03  0.12123E-02    6    1  3458700    -4    -5     T     5.022     0.005
   796727  0.6700000E+03  0.44719E-03    2    1  3511326    -4    -5     T     5.008     0.002
   808655  0.6800000E+03  0.95581E-03    2    1  3563921    -4    -5     T     5.017     0.004
   820585  0.6900000E+03  0.43672E-03    2    1  3616569    -4    -5     T     5.008     0.002
   832531  0.7000000E+03  0.90356E-03    2    1  3669187    -4    -5     T     5.016     0.004
   844456  0.7100000E+03  0.13323E-02    4    1  3721735    -4    -5     T     5.024     0.006
   856341  0.7200000E+03  0.95938E-03    2    1  3774193    -4    -5     T     5.017     0.004
   868263  0.7300000E+03  0.11775E-02    2    1  3826772    -4    -5     T     5.021     0.005
   880169  0.7400000E+03  0.12874E-02    2    1  3879306    -4    -5     T     5.023     0.006
   892102  0.7500000E+03  0.11044E-02    2    1  3931851    -4    -5     T     5.020     0.005
   904019  0.7600000E+03  0.99796E-03    2    1  3984379    -4    -5     T     5.018     0.004
   915937  0.7700000E+03  0.12567E-02   10    1  4036922    -4    -5     T     5.023     0.005
   927850  0.7800000E+03  0.11267E-02    2    1  4089454    -4    -5     T     5.020     0.005
   939792  0.7900000E+03  0.94591E-03    2    1  4142064    -4    -5     T     5.017     0.004
   951725  0.8000000E+03  0.10989E-02    2    1  4194641    -4    -5     T     5.020     0.005
   963653  0.8100000E+03  0.13162E-02    9    1  4247198    -4    -5     T     5.024     0.006
   975542  0.8200000E+03  0.94796E-03    2    1  4299678    -4    -5     T     5.017     0.004
   987469  0.8300000E+03  0.13417E-02    3    1  4352237    -4    -5     T     5.024     0.006
   999387  0.8400000E+03  0.11389E-02    3    1  4404774    -4    -5     T     5.020     0.005
    11293  0.8500000E+03  0.50019E-03    2    1  4457272    -4    -5     T     5.009     0.002
    23224  0.8600000E+03  0.87434E-03    2    1  4509810    -4    -5     T     5.016     0.004
    35134  0.8700000E+03  0.12236E-02    5    1  4562356    -4    -5     T     5.022     0.005
    47077  0.8800000E+03  0.12173E-02    4    1  4614957    -4    -5     T     5.022     0.005
    58995  0.8900000E+03  0.43128E-03    2    1  4667469    -4    -5     T     5.008     0.002
    70925  0.9000000E+03  0.92370E-03    2    1  4720058    -4    -5     T     5.017     0.004
    82835  0.9100000E+03  0.12607E-02    3    1  4772579    -4    -5     T     5.023     0.005
    94733  0.9200000E+03  0.11034E-02    2    1  4825063    -4    -5     T     5.020     0.005
   106653  0.9300000E+03  0.92709E-03    2    1  4877560    -4    -5     T     5.017     0.004
   118579  0.9400000E+03  0.96643E-03    2    1  4930145    -4    -5     T     5.017     0.004
   130492  0.9500000E+03  0.90388E-03    2    1  4982668    -4    -5     T     5.016     0.004
   142407  0.9600000E+03  0.97756E-03    2    1  5035213    -4    -5     T     5.018     0.004
   154356  0.9700000E+03  0.49741E-03    2    1  5087821    -4    -5     T     5.009     0.002
   166267  0.9800000E+03  0.95111E-03    2    1  5140361    -4    -5     T     5.017     0.004
   178204  0.9900000E+03  0.11936E-02    4    1  5192939    -4    -5     T     5.021     0.005
   190126  0.1000000E+04  0.13318E-02    4    1  5245446    -4    -5     T     5.024     0.006
end
