 All solute fluxes and cumulative solute fluxes are positive into the region

       Time         cvTop        cvBot      Sum(cvTop)   Sum(cvBot)     cvCh0        cvCh1         cTop        cRoot         cBot        cvRoot    Sum(cvRoot)  Sum(cvNEql) TLevel      cGWL        cRunOff   Sum(cRunOff)    (cv(i),    Sum(cv(i)), i=1,NObs)
        [T]        [M/L2/T]     [M/L2/T]      [M/L2]       [M/L2]       [M/L2]      [M/L2]        [M/L3]      [M/L3]        [M/L3]      [M/L2/T]      [M/L2]       [M/L2]              [M/L3]        [M/L2]      [M/L3]      [M/L2/T]      [M/L2]
       10.0000  0.18750E+03  0.00000E+00  0.18750E+04  0.00000E+00  0.00000E+00  0.00000E+00  0.30063E+02  0.13305E+02  0.00000E+00  0.00000E+00  0.00000E+00  0.00000E+00    9672  0.00000E+00  0.90122E-03  0.14846E-01
       20.0000  0.18750E+03  0.00000E+00  0.37500E+04  0.00000E+00  0.00000E+00  0.00000E+00  0.30065E+02  0.26540E+02  0.00000E+00  0.00000E+00  0.00000E+00  0.00000E+00   21485  0.00000E+00  0.34618E-02  0.28989E-01
       30.0000  0.18750E+03  0.00000E+00  0.56250E+04  0.00000E+00  0.00000E+00  0.00000E+00  0.30065E+02  0.39653E+02  0.00000E+00  0.00000E+00  0.00000E+00  0.00000E+00   33556  0.00000E+00  0.25463E-02  0.43133E-01
       40.0000  0.18750E+03  0.00000E+00  0.75000E+04  0.00000E+00  0.00000E+00  0.00000E+00  0.30065E+02  0.47878E+02  0.00000E+00  0.00000E+00  0.00000E+00  0.00000E+00   45500  0.00000E+00  0.00000E+00  0.57358E-01
       50.0000  0.18750E+03  0.00000E+00  0.93750E+04  0.00000E+00  0.00000E+00  0.00000E+00  0.30065E+02  0.47875E+02  0.00000E+00  0.00000E+00  0.00000E+00  0.00000E+00   57405  0.00000E+00  0.14734E-02  0.71523E-01
       60.0000  0.18750E+03  0.00000E+00  0.11250E+05  0.00000E+00  0.00000E+00  0.00000E+00  0.30065E+02  0.47875E+02  0.00000E+00  0.00000E+00  0.00000E+00  0.00000E+00   69342  0.00000E+00  0.12016E-02  0.85989E-01
       70.0000  0.18750E+03 -0.12649E-01  0.13125E+05 -0.71861E-02  0.00000E+00  0.00000E+00  0.30065E+02  0.47874E+02  0.39515E-02  0.00000E+00  0.00000E+00  0.00000E+00   81300  0.00000E+00  0.72956E-03  0.10021E+00
       80.0000  0.18750E+03 -0.52006E+02  0.15000E+05 -0.10602E+03  0.00000E+00  0.00000E+00  0.30065E+02  0.47875E+02  0.16234E+02  0.00000E+00  0.00000E+00  0.00000E+00   93178  0.00000E+00  0.22316E-02  0.11441E+00
       90.0000  0.18750E+03 -0.18617E+03  0.16875E+05 -0.15073E+04  0.00000E+00  0.00000E+00  0.30065E+02  0.47875E+02  0.58717E+02  0.00000E+00  0.00000E+00  0.00000E+00  105107  0.00000E+00  0.85831E-03  0.12853E+00
      100.0000  0.18750E+03 -0.18911E+03  0.18750E+05 -0.33831E+04  0.00000E+00  0.00000E+00  0.30065E+02  0.47875E+02  0.58883E+02  0.00000E+00  0.00000E+00  0.00000E+00  117056  0.00000E+00  0.64373E-03  0.14289E+00
      110.0000  0.18750E+03 -0.18598E+03  0.20625E+05 -0.52581E+04  0.00000E+00  0.00000E+00  0.30065E+02  0.47874E+02  0.58883E+02  0.00000E+00  0.00000E+00  0.00000E+00  128998  0.00000E+00  0.19026E-02  0.15729E+00
      120.0000  0.18750E+03 -0.18715E+03  0.22500E+05 -0.71331E+04  0.00000E+00  0.00000E+00  0.30065E+02  0.47874E+02  0.58880E+02  0.00000E+00  0.00000E+00  0.00000E+00  140939  0.00000E+00  0.74387E-03  0.17148E+00
      130.0000  0.18750E+03 -0.19052E+03  0.24375E+05 -0.90081E+04  0.00000E+00  0.00000E+00  0.30065E+02  0.47875E+02  0.58899E+02  0.00000E+00  0.00000E+00  0.00000E+00  152882  0.00000E+00  0.87261E-03  0.18564E+00
      140.0000  0.18750E+03 -0.18848E+03  0.26250E+05 -0.10883E+05  0.00000E+00  0.00000E+00  0.30065E+02  0.47875E+02  0.58884E+02  0.00000E+00  0.00000E+00  0.00000E+00  164833  0.00000E+00  0.32902E-03  0.20001E+00
      150.0000  0.18750E+03 -0.18734E+03  0.28125E+05 -0.12758E+05  0.00000E+00  0.00000E+00  0.30065E+02  0.47875E+02  0.58857E+02  0.00000E+00  0.00000E+00  0.00000E+00  176712  0.00000E+00  0.34332E-03  0.21416E+00
      160.0000  0.18750E+03 -0.18836E+03  0.30000E+05 -0.14633E+05  0.00000E+00  0.00000E+00  0.30065E+02  0.47876E+02  0.58878E+02  0.00000E+00  0.00000E+00  0.00000E+00  188647  0.00000E+00  0.20456E-02  0.22847E+00
      170.0000  0.18750E+03 -0.18786E+03  0.31875E+05 -0.16508E+05  0.00000E+00  0.00000E+00  0.30065E+02  0.47876E+02  0.58875E+02  0.00000E+00  0.00000E+00  0.00000E+00  200549  0.00000E+00  0.44346E-03  0.24282E+00
      180.0000  0.18750E+03 -0.18733E+03  0.33750E+05 -0.18383E+05  0.00000E+00  0.00000E+00  0.30065E+02  0.47875E+02  0.58874E+02  0.00000E+00  0.00000E+00  0.00000E+00  212456  0.00000E+00  0.23174E-02  0.25728E+00
      190.0000  0.18750E+03 -0.18833E+03  0.35625E+05 -0.20258E+05  0.00000E+00  0.00000E+00  0.30065E+02  0.47876E+02  0.58894E+02  0.00000E+00  0.00000E+00  0.00000E+00  224366  0.00000E+00  0.11444E-02  0.27150E+00
      200.0000  0.18750E+03 -0.18686E+03  0.37500E+05 -0.22133E+05  0.00000E+00  0.00000E+00  0.30065E+02  0.47875E+02  0.58915E+02  0.00000E+00  0.00000E+00  0.00000E+00  236302  0.00000E+00  0.12732E-02  0.28595E+00
      210.0000  0.18750E+03 -0.18816E+03  0.39375E+05 -0.24008E+05  0.00000E+00  0.00000E+00  0.30065E+02  0.47875E+02  0.58874E+02  0.00000E+00  0.00000E+00  0.00000E+00  248237  0.00000E+00  0.00000E+00  0.30023E+00
      220.0000  0.18750E+03 -0.18864E+03  0.41250E+05 -0.25883E+05  0.00000E+00  0.00000E+00  0.30065E+02  0.47876E+02  0.58874E+02  0.00000E+00  0.00000E+00  0.00000E+00  260160  0.00000E+00  0.11587E-02  0.31448E+00
      230.0000  0.18750E+03 -0.18702E+03  0.43125E+05 -0.27758E+05  0.00000E+00  0.00000E+00  0.30065E+02  0.47875E+02  0.58881E+02  0.00000E+00  0.00000E+00  0.00000E+00  272100  0.00000E+00  0.00000E+00  0.32883E+00
      240.0000  0.18750E+03 -0.18841E+03  0.44999E+05 -0.29633E+05  0.00000E+00  0.00000E+00  0.30065E+02  0.47875E+02  0.58886E+02  0.00000E+00  0.00000E+00  0.00000E+00  284025  0.00000E+00  0.00000E+00  0.34320E+00
      250.0000  0.18750E+03 -0.18825E+03  0.46874E+05 -0.31508E+05  0.00000E+00  0.00000E+00  0.30065E+02  0.47876E+02  0.58896E+02  0.00000E+00  0.00000E+00  0.00000E+00  295912  0.00000E+00  0.23603E-02  0.35742E+00
      260.0000  0.18750E+03 -0.18743E+03  0.48749E+05 -0.33383E+05  0.00000E+00  0.00000E+00  0.30065E+02  0.47876E+02  0.58877E+02  0.00000E+00  0.00000E+00  0.00000E+00  307815  0.00000E+00  0.32902E-03  0.37171E+00
      270.0000  0.18750E+03 -0.18779E+03  0.50624E+05 -0.35258E+05  0.00000E+00  0.00000E+00  0.30065E+02  0.47875E+02  0.58887E+02  0.00000E+00  0.00000E+00  0.00000E+00  319758  0.00000E+00  0.65517E-02  0.38597E+00
      280.0000  0.18750E+03 -0.18661E+03  0.52499E+05 -0.37133E+05  0.00000E+00  0.00000E+00  0.30065E+02  0.47875E+02  0.58873E+02  0.00000E+00  0.00000E+00  0.00000E+00  331681  0.00000E+00  0.51498E-03  0.40046E+00
      290.0000  0.18750E+03 -0.18740E+03  0.54374E+05 -0.39008E+05  0.00000E+00  0.00000E+00  0.30065E+02  0.47875E+02  0.58889E+02  0.00000E+00  0.00000E+00  0.00000E+00  343603  0.00000E+00  0.13733E-02  0.41475E+00
      300.0000  0.18750E+03 -0.18605E+03  0.56250E+05 -0.40883E+05  0.00000E+00  0.00000E+00  0.30066E+02  0.47875E+02  0.58898E+02  0.00000E+00  0.00000E+00  0.00000E+00  355546  0.00000E+00  0.21172E-02  0.42901E+00
      310.0000  0.18750E+03 -0.18725E+03  0.58124E+05 -0.42758E+05  0.00000E+00  0.00000E+00  0.30065E+02  0.47875E+02  0.58885E+02  0.00000E+00  0.00000E+00  0.00000E+00  367489  0.00000E+00  0.11587E-02  0.44328E+00
      320.0000  0.18750E+03 -0.18623E+03  0.59999E+05 -0.44633E+05  0.00000E+00  0.00000E+00  0.30065E+02  0.47875E+02  0.58899E+02  0.00000E+00  0.00000E+00  0.00000E+00  379402  0.00000E+00  0.19169E-02  0.45755E+00
      330.0000  0.18750E+03 -0.18589E+03  0.61875E+05 -0.46508E+05  0.00000E+00  0.00000E+00  0.30065E+02  0.47875E+02  0.58869E+02  0.00000E+00  0.00000E+00  0.00000E+00  391286  0.00000E+00  0.12445E-02  0.47185E+00
      340.0000  0.18750E+03 -0.18544E+03  0.63750E+05 -0.48383E+05  0.00000E+00  0.00000E+00  0.30065E+02  0.47876E+02  0.58877E+02  0.00000E+00  0.00000E+00  0.00000E+00  403224  0.00000E+00  0.00000E+00  0.48608E+00
      350.0000  0.18750E+03 -0.18792E+03  0.65625E+05 -0.50257E+05  0.00000E+00  0.00000E+00  0.30065E+02  0.47875E+02  0.58885E+02  0.00000E+00  0.00000E+00  0.00000E+00  415157  0.00000E+00  0.43344E-02  0.50036E+00
      360.0000  0.18750E+03 -0.18408E+03  0.67500E+05 -0.52132E+05  0.00000E+00  0.00000E+00  0.30065E+02  0.47875E+02  0.58878E+02  0.00000E+00  0.00000E+00  0.00000E+00  427091  0.00000E+00  0.00000E+00  0.51454E+00
      370.0000  0.18750E+03 -0.18823E+03  0.69375E+05 -0.54007E+05  0.00000E+00  0.00000E+00  0.30065E+02  0.47876E+02  0.58896E+02  0.00000E+00  0.00000E+00  0.00000E+00  439001  0.00000E+00  0.61512E-03  0.52884E+00
      380.0000  0.18750E+03 -0.18776E+03  0.71250E+05 -0.55882E+05  0.00000E+00  0.00000E+00  0.30065E+02  0.47875E+02  0.58870E+02  0.00000E+00  0.00000E+00  0.00000E+00  450915  0.00000E+00  0.19026E-02  0.54333E+00
      390.0000  0.18750E+03 -0.18854E+03  0.73125E+05 -0.57757E+05  0.00000E+00  0.00000E+00  0.30065E+02  0.47876E+02  0.58889E+02  0.00000E+00  0.00000E+00  0.00000E+00  462850  0.00000E+00  0.52929E-03  0.55770E+00
      400.0000  0.18750E+03 -0.18876E+03  0.75000E+05 -0.59632E+05  0.00000E+00  0.00000E+00  0.30065E+02  0.47875E+02  0.58899E+02  0.00000E+00  0.00000E+00  0.00000E+00  474760  0.00000E+00  0.19598E-02  0.57195E+00
      410.0000  0.18750E+03 -0.18725E+03  0.76876E+05 -0.61507E+05  0.00000E+00  0.00000E+00  0.30065E+02  0.47875E+02  0.58902E+02  0.00000E+00  0.00000E+00  0.00000E+00  486672  0.00000E+00  0.55790E-03  0.58627E+00
      420.0000  0.18750E+03 -0.18765E+03  0.78751E+05 -0.63381E+05  0.00000E+00  0.00000E+00  0.30065E+02  0.47875E+02  0.58877E+02  0.00000E+00  0.00000E+00  0.00000E+00  498597  0.00000E+00  0.15593E-02  0.60060E+00
      430.0000  0.18750E+03 -0.18815E+03  0.80627E+05 -0.65256E+05  0.00000E+00  0.00000E+00  0.30065E+02  0.47876E+02  0.58898E+02  0.00000E+00  0.00000E+00  0.00000E+00  510541  0.00000E+00  0.50068E-03  0.61488E+00
      440.0000  0.18750E+03 -0.18771E+03  0.82502E+05 -0.67131E+05  0.00000E+00  0.00000E+00  0.30065E+02  0.47875E+02  0.58863E+02  0.00000E+00  0.00000E+00  0.00000E+00  522451  0.00000E+00  0.20456E-02  0.62910E+00
      450.0000  0.18750E+03 -0.18556E+03  0.84376E+05 -0.69006E+05  0.00000E+00  0.00000E+00  0.30065E+02  0.47875E+02  0.58876E+02  0.00000E+00  0.00000E+00  0.00000E+00  534370  0.00000E+00  0.18024E-02  0.64339E+00
      460.0000  0.18750E+03 -0.18806E+03  0.86251E+05 -0.70881E+05  0.00000E+00  0.00000E+00  0.30065E+02  0.47876E+02  0.58889E+02  0.00000E+00  0.00000E+00  0.00000E+00  546290  0.00000E+00  0.00000E+00  0.65774E+00
      470.0000  0.18750E+03 -0.18427E+03  0.88127E+05 -0.72757E+05  0.00000E+00  0.00000E+00  0.30065E+02  0.47876E+02  0.58875E+02  0.00000E+00  0.00000E+00  0.00000E+00  558226  0.00000E+00  0.21744E-02  0.67210E+00
      480.0000  0.18750E+03 -0.18823E+03  0.90002E+05 -0.74632E+05  0.00000E+00  0.00000E+00  0.30065E+02  0.47875E+02  0.58887E+02  0.00000E+00  0.00000E+00  0.00000E+00  570158  0.00000E+00  0.92983E-03  0.68634E+00
      490.0000  0.18750E+03 -0.18777E+03  0.91877E+05 -0.76507E+05  0.00000E+00  0.00000E+00  0.30065E+02  0.47876E+02  0.58889E+02  0.00000E+00  0.00000E+00  0.00000E+00  582055  0.00000E+00  0.80109E-03  0.70065E+00
      500.0000  0.18750E+03 -0.18743E+03  0.93752E+05 -0.78382E+05  0.00000E+00  0.00000E+00  0.30066E+02  0.47875E+02  0.58893E+02  0.00000E+00  0.00000E+00  0.00000E+00  593979  0.00000E+00  0.00000E+00  0.71478E+00
      510.0000  0.18750E+03 -0.18853E+03  0.95628E+05 -0.80257E+05  0.00000E+00  0.00000E+00  0.30065E+02  0.47876E+02  0.58898E+02  0.00000E+00  0.00000E+00  0.00000E+00  605904  0.00000E+00  0.16737E-02  0.72897E+00
      520.0000  0.18750E+03 -0.18849E+03  0.97503E+05 -0.82132E+05  0.00000E+00  0.00000E+00  0.30065E+02  0.47875E+02  0.58914E+02  0.00000E+00  0.00000E+00  0.00000E+00  617815  0.00000E+00  0.24176E-02  0.74316E+00
      530.0000  0.18750E+03 -0.18518E+03  0.99378E+05 -0.84007E+05  0.00000E+00  0.00000E+00  0.30066E+02  0.47875E+02  0.58867E+02  0.00000E+00  0.00000E+00  0.00000E+00  629725  0.00000E+00  0.81539E-03  0.75745E+00
      540.0000  0.18750E+03 -0.18686E+03  0.10125E+06 -0.85882E+05  0.00000E+00  0.00000E+00  0.30065E+02  0.47875E+02  0.58902E+02  0.00000E+00  0.00000E+00  0.00000E+00  641652  0.00000E+00  0.14019E-02  0.77181E+00
      550.0000  0.18750E+03 -0.18827E+03  0.10313E+06 -0.87757E+05  0.00000E+00  0.00000E+00  0.30065E+02  0.47876E+02  0.58906E+02  0.00000E+00  0.00000E+00  0.00000E+00  653600  0.00000E+00  0.00000E+00  0.78602E+00
      560.0000  0.18750E+03 -0.18963E+03  0.10500E+06 -0.89633E+05  0.00000E+00  0.00000E+00  0.30065E+02  0.47876E+02  0.58886E+02  0.00000E+00  0.00000E+00  0.00000E+00  665529  0.00000E+00  0.42915E-03  0.80037E+00
      570.0000  0.18750E+03 -0.18708E+03  0.10688E+06 -0.91508E+05  0.00000E+00  0.00000E+00  0.30065E+02  0.47875E+02  0.58885E+02  0.00000E+00  0.00000E+00  0.00000E+00  677445  0.00000E+00  0.25606E-02  0.81471E+00
      580.0000  0.18750E+03 -0.18851E+03  0.10875E+06 -0.93383E+05  0.00000E+00  0.00000E+00  0.30065E+02  0.47876E+02  0.58882E+02  0.00000E+00  0.00000E+00  0.00000E+00  689363  0.00000E+00  0.34189E-02  0.82917E+00
      590.0000  0.18750E+03 -0.18797E+03  0.11063E+06 -0.95258E+05  0.00000E+00  0.00000E+00  0.30065E+02  0.47876E+02  0.58867E+02  0.00000E+00  0.00000E+00  0.00000E+00  701299  0.00000E+00  0.00000E+00  0.84349E+00
      600.0000  0.18750E+03 -0.18441E+03  0.11250E+06 -0.97133E+05  0.00000E+00  0.00000E+00  0.30065E+02  0.47876E+02  0.58881E+02  0.00000E+00  0.00000E+00  0.00000E+00  713210  0.00000E+00  0.12589E-02  0.85767E+00
      610.0000  0.18750E+03 -0.18337E+03  0.11438E+06 -0.99008E+05  0.00000E+00  0.00000E+00  0.30065E+02  0.47875E+02  0.58868E+02  0.00000E+00  0.00000E+00  0.00000E+00  725148  0.00000E+00  0.75817E-03  0.87193E+00
      620.0000  0.18750E+03 -0.18860E+03  0.11625E+06 -0.10088E+06  0.00000E+00  0.00000E+00  0.30065E+02  0.47875E+02  0.58859E+02  0.00000E+00  0.00000E+00  0.00000E+00  737079  0.00000E+00  0.12302E-02  0.88632E+00
      630.0000  0.18750E+03 -0.18805E+03  0.11813E+06 -0.10276E+06  0.00000E+00  0.00000E+00  0.30065E+02  0.47875E+02  0.58855E+02  0.00000E+00  0.00000E+00  0.00000E+00  748991  0.00000E+00  0.42915E-03  0.90042E+00
      640.0000  0.18750E+03 -0.18345E+03  0.12000E+06 -0.10463E+06  0.00000E+00  0.00000E+00  0.30066E+02  0.47875E+02  0.58874E+02  0.00000E+00  0.00000E+00  0.00000E+00  760919  0.00000E+00  0.70095E-03  0.91472E+00
      650.0000  0.18750E+03 -0.18816E+03  0.12188E+06 -0.10651E+06  0.00000E+00  0.00000E+00  0.30065E+02  0.47876E+02  0.58905E+02  0.00000E+00  0.00000E+00  0.00000E+00  772854  0.00000E+00  0.00000E+00  0.92902E+00
      660.0000  0.18750E+03 -0.18664E+03  0.12376E+06 -0.10838E+06  0.00000E+00  0.00000E+00  0.30065E+02  0.47875E+02  0.58904E+02  0.00000E+00  0.00000E+00  0.00000E+00  784790  0.00000E+00  0.00000E+00  0.94332E+00
      670.0000  0.18750E+03 -0.19026E+03  0.12563E+06 -0.11026E+06  0.00000E+00  0.00000E+00  0.30065E+02  0.47875E+02  0.58868E+02  0.00000E+00  0.00000E+00  0.00000E+00  796727  0.00000E+00  0.17023E-02  0.95759E+00
      680.0000  0.18750E+03 -0.18604E+03  0.12751E+06 -0.11213E+06  0.00000E+00  0.00000E+00  0.30065E+02  0.47875E+02  0.58874E+02  0.00000E+00  0.00000E+00  0.00000E+00  808655  0.00000E+00  0.11587E-02  0.97185E+00
      690.0000  0.18750E+03 -0.18782E+03  0.12938E+06 -0.11401E+06  0.00000E+00  0.00000E+00  0.30065E+02  0.47875E+02  0.58893E+02  0.00000E+00  0.00000E+00  0.00000E+00  820585  0.00000E+00  0.36192E-02  0.98606E+00
      700.0000  0.18750E+03 -0.18875E+03  0.13126E+06 -0.11588E+06  0.00000E+00  0.00000E+00  0.30065E+02  0.47876E+02  0.58915E+02  0.00000E+00  0.00000E+00  0.00000E+00  832531  0.00000E+00  0.00000E+00  0.10004E+01
      710.0000  0.18750E+03 -0.19148E+03  0.13313E+06 -0.11776E+06  0.00000E+00  0.00000E+00  0.30065E+02  0.47875E+02  0.58897E+02  0.00000E+00  0.00000E+00  0.00000E+00  844456  0.00000E+00  0.16737E-02  0.10149E+01
      720.0000  0.18750E+03 -0.18570E+03  0.13500E+06 -0.11963E+06  0.00000E+00  0.00000E+00  0.30065E+02  0.47875E+02  0.58908E+02  0.00000E+00  0.00000E+00  0.00000E+00  856341  0.00000E+00  0.80109E-03  0.10292E+01
      730.0000  0.18750E+03 -0.18801E+03  0.13688E+06 -0.12151E+06  0.00000E+00  0.00000E+00  0.30065E+02  0.47875E+02  0.58889E+02  0.00000E+00  0.00000E+00  0.00000E+00  868263  0.00000E+00  0.92983E-03  0.10436E+01
      740.0000  0.18750E+03 -0.18909E+03  0.13875E+06 -0.12338E+06  0.00000E+00  0.00000E+00  0.30065E+02  0.47875E+02  0.58908E+02  0.00000E+00  0.00000E+00  0.00000E+00  880169  0.00000E+00  0.35763E-03  0.10579E+01
      750.0000  0.18750E+03 -0.18666E+03  0.14063E+06 -0.12526E+06  0.00000E+00  0.00000E+00  0.30065E+02  0.47875E+02  0.58922E+02  0.00000E+00  0.00000E+00  0.00000E+00  892102  0.00000E+00  0.00000E+00  0.10723E+01
      760.0000  0.18750E+03 -0.18744E+03  0.14250E+06 -0.12714E+06  0.00000E+00  0.00000E+00  0.30065E+02  0.47876E+02  0.58888E+02  0.00000E+00  0.00000E+00  0.00000E+00  904019  0.00000E+00  0.14162E-02  0.10866E+01
      770.0000  0.18750E+03 -0.18398E+03  0.14438E+06 -0.12901E+06  0.00000E+00  0.00000E+00  0.30065E+02  0.47875E+02  0.58900E+02  0.00000E+00  0.00000E+00  0.00000E+00  915937  0.00000E+00  0.12016E-02  0.11009E+01
      780.0000  0.18750E+03 -0.18854E+03  0.14625E+06 -0.13089E+06  0.00000E+00  0.00000E+00  0.30065E+02  0.47876E+02  0.58883E+02  0.00000E+00  0.00000E+00  0.00000E+00  927850  0.00000E+00  0.44346E-03  0.11152E+01
      790.0000  0.18750E+03 -0.18827E+03  0.14813E+06 -0.13276E+06  0.00000E+00  0.00000E+00  0.30065E+02  0.47876E+02  0.58887E+02  0.00000E+00  0.00000E+00  0.00000E+00  939792  0.00000E+00  0.24748E-02  0.11296E+01
      800.0000  0.18750E+03 -0.18801E+03  0.15000E+06 -0.13464E+06  0.00000E+00  0.00000E+00  0.30065E+02  0.47875E+02  0.58896E+02  0.00000E+00  0.00000E+00  0.00000E+00  951725  0.00000E+00  0.10443E-02  0.11438E+01
      810.0000  0.18750E+03 -0.18891E+03  0.15187E+06 -0.13651E+06  0.00000E+00  0.00000E+00  0.30065E+02  0.47875E+02  0.58893E+02  0.00000E+00  0.00000E+00  0.00000E+00  963653  0.00000E+00  0.00000E+00  0.11579E+01
      820.0000  0.18750E+03 -0.18774E+03  0.15375E+06 -0.13838E+06  0.00000E+00  0.00000E+00  0.30065E+02  0.47875E+02  0.58867E+02  0.00000E+00  0.00000E+00  0.00000E+00  975542  0.00000E+00  0.24176E-02  0.11721E+01
      830.0000  0.18750E+03 -0.18804E+03  0.15562E+06 -0.14026E+06  0.00000E+00  0.00000E+00  0.30065E+02  0.47875E+02  0.58884E+02  0.00000E+00  0.00000E+00  0.00000E+00  987469  0.00000E+00  0.97275E-03  0.11862E+01
      840.0000  0.18750E+03 -0.19109E+03  0.15750E+06 -0.14213E+06  0.00000E+00  0.00000E+00  0.30065E+02  0.47876E+02  0.58911E+02  0.00000E+00  0.00000E+00  0.00000E+00  999387  0.00000E+00  0.19884E-02  0.12004E+01
      850.0000  0.18750E+03 -0.18870E+03  0.15937E+06 -0.14401E+06  0.00000E+00  0.00000E+00  0.30065E+02  0.47875E+02  0.58857E+02  0.00000E+00  0.00000E+00  0.00000E+00   11293  0.00000E+00  0.13733E-02  0.12148E+01
      860.0000  0.18750E+03 -0.18786E+03  0.16125E+06 -0.14588E+06  0.00000E+00  0.00000E+00  0.30065E+02  0.47875E+02  0.58912E+02  0.00000E+00  0.00000E+00  0.00000E+00   23224  0.00000E+00  0.77248E-03  0.12290E+01
      870.0000  0.18750E+03 -0.18823E+03  0.16312E+06 -0.14776E+06  0.00000E+00  0.00000E+00  0.30065E+02  0.47876E+02  0.58903E+02  0.00000E+00  0.00000E+00  0.00000E+00   35134  0.00000E+00  0.29898E-02  0.12432E+01
      880.0000  0.18750E+03 -0.18473E+03  0.16500E+06 -0.14963E+06  0.00000E+00  0.00000E+00  0.30065E+02  0.47875E+02  0.58901E+02  0.00000E+00  0.00000E+00  0.00000E+00   47077  0.00000E+00  0.67234E-03  0.12575E+01
      890.0000  0.18750E+03 -0.18877E+03  0.16687E+06 -0.15151E+06  0.00000E+00  0.00000E+00  0.30065E+02  0.47875E+02  0.58880E+02  0.00000E+00  0.00000E+00  0.00000E+00   58995  0.00000E+00  0.50068E-02  0.12717E+01
      900.0000  0.18750E+03 -0.18861E+03  0.16875E+06 -0.15338E+06  0.00000E+00  0.00000E+00  0.30065E+02  0.47875E+02  0.58892E+02  0.00000E+00  0.00000E+00  0.00000E+00   70925  0.00000E+00  0.20742E-02  0.12859E+01
      910.0000  0.18750E+03 -0.18814E+03  0.17062E+06 -0.15526E+06  0.00000E+00  0.00000E+00  0.30065E+02  0.47875E+02  0.58900E+02  0.00000E+00  0.00000E+00  0.00000E+00   82835  0.00000E+00  0.13161E-02  0.13002E+01
      920.0000  0.18750E+03 -0.18679E+03  0.17249E+06 -0.15713E+06  0.00000E+00  0.00000E+00  0.30065E+02  0.47876E+02  0.58880E+02  0.00000E+00  0.00000E+00  0.00000E+00   94733  0.00000E+00  0.18597E-02  0.13145E+01
      930.0000  0.18750E+03 -0.18755E+03  0.17437E+06 -0.15901E+06  0.00000E+00  0.00000E+00  0.30065E+02  0.47875E+02  0.58884E+02  0.00000E+00  0.00000E+00  0.00000E+00  106653  0.00000E+00  0.11444E-02  0.13287E+01
      940.0000  0.18750E+03 -0.18919E+03  0.17624E+06 -0.16088E+06  0.00000E+00  0.00000E+00  0.30065E+02  0.47874E+02  0.58912E+02  0.00000E+00  0.00000E+00  0.00000E+00  118579  0.00000E+00  0.11587E-02  0.13430E+01
      950.0000  0.18750E+03 -0.18700E+03  0.17812E+06 -0.16276E+06  0.00000E+00  0.00000E+00  0.30065E+02  0.47875E+02  0.58886E+02  0.00000E+00  0.00000E+00  0.00000E+00  130492  0.00000E+00  0.00000E+00  0.13573E+01
      960.0000  0.18750E+03 -0.18565E+03  0.17999E+06 -0.16463E+06  0.00000E+00  0.00000E+00  0.30065E+02  0.47876E+02  0.58882E+02  0.00000E+00  0.00000E+00  0.00000E+00  142407  0.00000E+00  0.11301E-02  0.13715E+01
      970.0000  0.18750E+03 -0.18794E+03  0.18187E+06 -0.16651E+06  0.00000E+00  0.00000E+00  0.30065E+02  0.47874E+02  0.58858E+02  0.00000E+00  0.00000E+00  0.00000E+00  154356  0.00000E+00  0.29182E-02  0.13858E+01
      980.0000  0.18750E+03 -0.18758E+03  0.18374E+06 -0.16838E+06  0.00000E+00  0.00000E+00  0.30065E+02  0.47874E+02  0.58884E+02  0.00000E+00  0.00000E+00  0.00000E+00  166267  0.00000E+00  0.25034E-02  0.14000E+01
      990.0000  0.18750E+03 -0.18805E+03  0.18562E+06 -0.17025E+06  0.00000E+00  0.00000E+00  0.30065E+02  0.47875E+02  0.58895E+02  0.00000E+00  0.00000E+00  0.00000E+00  178204  0.00000E+00  0.52929E-03  0.14142E+01
     1000.0000  0.18750E+03 -0.18781E+03  0.18749E+06 -0.17213E+06  0.00000E+00  0.00000E+00  0.30065E+02  0.47875E+02  0.58885E+02  0.00000E+00  0.00000E+00  0.00000E+00  190126  0.00000E+00  0.00000E+00  0.14286E+01
end
