 ******* Program HYDRUS
 ******* 
 Welcome to HYDRUS-1D                                                    
 Date:   3. 2.    Time:  15:27: 8
 Units: L = mm   , T = days , M = mmol 

       Time          rTop        rRoot        vTop         vRoot        vBot       sum(rTop)   sum(rRoot)    sum(vTop)   sum(vRoot)    sum(vBot)      hTop         hRoot        hBot        RunOff    sum(RunOff)     Volume     sum(Infil)    sum(Evap) TLevel Cum(WTrans)  SnowLayer
        [T]         [L/T]        [L/T]        [L/T]        [L/T]        [L/T]         [L]          [L]          [L]         [L]           [L]         [L]           [L]         [L]          [L/T]         [L]          [L]          [L]          [L]

      10.0000 -0.62500E+01  0.50000E+01 -0.62500E+01  0.25653E+01 -0.17119E-09 -0.62500E+02  0.50000E+02 -0.62500E+02  0.25463E+02 -0.17119E-08 -0.37602E+03 -0.31505E+04 -0.10000E+04  0.30041E-04  0.49488E-03  0.10843E+03  0.62500E+02  0.00000E+00   9672  0.00000E+00      0.000
      20.0000 -0.62500E+01  0.50000E+01 -0.62499E+01  0.31301E+01 -0.17119E-09 -0.12500E+03  0.10000E+03 -0.12500E+03  0.54663E+02 -0.34238E-08 -0.37602E+03 -0.17485E+04 -0.10000E+04  0.11539E-03  0.96631E-03  0.14173E+03  0.12500E+03  0.00000E+00  21485  0.00000E+00      0.000
      30.0000 -0.62500E+01  0.50000E+01 -0.62499E+01  0.31517E+01 -0.17119E-09 -0.18750E+03  0.15000E+03 -0.18750E+03  0.86466E+02 -0.51358E-08 -0.37602E+03 -0.40286E+03 -0.10000E+04  0.84877E-04  0.14378E-02  0.17243E+03  0.18750E+03  0.00000E+00  33556  0.00000E+00      0.000
      40.0000 -0.62500E+01  0.50000E+01 -0.62500E+01  0.30657E+01 -0.17119E-09 -0.25000E+03  0.20000E+03 -0.25000E+03  0.11735E+03 -0.68477E-08 -0.37602E+03 -0.37643E+03 -0.10000E+04  0.00000E+00  0.19119E-02  0.20405E+03  0.25000E+03  0.00000E+00  45500  0.00000E+00      0.000
      50.0000 -0.62500E+01  0.50000E+01 -0.62500E+01  0.30659E+01 -0.17119E-09 -0.31250E+03  0.25000E+03 -0.31250E+03  0.14801E+03 -0.85596E-08 -0.37602E+03 -0.37630E+03 -0.10000E+04  0.49114E-04  0.23841E-02  0.23589E+03  0.31250E+03  0.00000E+00  57405  0.00000E+00      0.000
      60.0000 -0.62500E+01  0.50000E+01 -0.62500E+01  0.30659E+01 -0.17119E-09 -0.37500E+03  0.30000E+03 -0.37500E+03  0.17867E+03 -0.10271E-07 -0.37602E+03 -0.37630E+03 -0.10000E+04  0.40054E-04  0.28663E-02  0.26773E+03  0.37500E+03  0.00000E+00  69342  0.00000E+00      0.000
      70.0000 -0.62500E+01  0.50000E+01 -0.62500E+01  0.30659E+01 -0.32413E+01 -0.43750E+03  0.35000E+03 -0.43750E+03  0.20932E+03 -0.10990E+02 -0.37602E+03 -0.37630E+03 -0.37642E+03  0.24319E-04  0.33404E-02  0.28858E+03  0.43750E+03  0.00000E+00  81300  0.00000E+00      0.000
      80.0000 -0.62500E+01  0.50000E+01 -0.62499E+01  0.30659E+01 -0.32438E+01 -0.50000E+03  0.40000E+03 -0.50000E+03  0.23998E+03 -0.42832E+02 -0.37602E+03 -0.37630E+03 -0.37642E+03  0.74387E-04  0.38136E-02  0.28858E+03  0.50000E+03  0.00000E+00  93178  0.00000E+00      0.000
      90.0000 -0.62500E+01  0.50000E+01 -0.62500E+01  0.30659E+01 -0.31651E+01 -0.56250E+03  0.45000E+03 -0.56250E+03  0.27064E+03 -0.74672E+02 -0.37602E+03 -0.37630E+03 -0.37642E+03  0.28610E-04  0.42844E-02  0.28858E+03  0.56250E+03  0.00000E+00 105107  0.00000E+00      0.000
     100.0000 -0.62500E+01  0.50000E+01 -0.62500E+01  0.30659E+01 -0.32067E+01 -0.62500E+03  0.50000E+03 -0.62500E+03  0.30130E+03 -0.10651E+03 -0.37602E+03 -0.37630E+03 -0.37642E+03  0.21458E-04  0.47631E-02  0.28858E+03  0.62500E+03  0.00000E+00 117056  0.00000E+00      0.000
     110.0000 -0.62500E+01  0.50000E+01 -0.62499E+01  0.30659E+01 -0.31634E+01 -0.68750E+03  0.54999E+03 -0.68750E+03  0.33196E+03 -0.13835E+03 -0.37602E+03 -0.37630E+03 -0.37642E+03  0.63419E-04  0.52431E-02  0.28858E+03  0.68750E+03  0.00000E+00 128998  0.00000E+00      0.000
     120.0000 -0.62500E+01  0.50000E+01 -0.62500E+01  0.30659E+01 -0.31199E+01 -0.75000E+03  0.60000E+03 -0.75000E+03  0.36262E+03 -0.17020E+03 -0.37602E+03 -0.37630E+03 -0.37643E+03  0.24796E-04  0.57161E-02  0.28858E+03  0.75000E+03  0.00000E+00 140939  0.00000E+00      0.000
     130.0000 -0.62500E+01  0.50000E+01 -0.62500E+01  0.30659E+01 -0.32651E+01 -0.81250E+03  0.65000E+03 -0.81250E+03  0.39328E+03 -0.20204E+03 -0.37602E+03 -0.37630E+03 -0.37642E+03  0.29087E-04  0.61881E-02  0.28858E+03  0.81250E+03  0.00000E+00 152882  0.00000E+00      0.000
     140.0000 -0.62500E+01  0.50000E+01 -0.62500E+01  0.30659E+01 -0.32336E+01 -0.87500E+03  0.70000E+03 -0.87500E+03  0.42394E+03 -0.23388E+03 -0.37602E+03 -0.37630E+03 -0.37642E+03  0.10967E-04  0.66669E-02  0.28858E+03  0.87500E+03  0.00000E+00 164833  0.00000E+00      0.000
     150.0000 -0.62500E+01  0.50000E+01 -0.62500E+01  0.30659E+01 -0.32394E+01 -0.93751E+03  0.74999E+03 -0.93751E+03  0.45460E+03 -0.26572E+03 -0.37602E+03 -0.37630E+03 -0.37643E+03  0.11444E-04  0.71385E-02  0.28858E+03  0.93751E+03  0.00000E+00 176712  0.00000E+00      0.000
     160.0000 -0.62500E+01  0.50000E+01 -0.62501E+01  0.30659E+01 -0.32030E+01 -0.10000E+04  0.79999E+03 -0.10000E+04  0.48526E+03 -0.29756E+03 -0.37602E+03 -0.37630E+03 -0.37642E+03  0.68188E-04  0.76156E-02  0.28858E+03  0.10000E+04  0.00000E+00 188647  0.00000E+00      0.000
     170.0000 -0.62500E+01  0.50000E+01 -0.62500E+01  0.30659E+01 -0.31806E+01 -0.10625E+04  0.84999E+03 -0.10625E+04  0.51592E+03 -0.32940E+03 -0.37602E+03 -0.37630E+03 -0.37642E+03  0.14782E-04  0.80940E-02  0.28858E+03  0.10625E+04  0.00000E+00 200549  0.00000E+00      0.000
     180.0000 -0.62500E+01  0.50000E+01 -0.62501E+01  0.30659E+01 -0.31654E+01 -0.11250E+04  0.90000E+03 -0.11250E+04  0.54657E+03 -0.36124E+03 -0.37602E+03 -0.37630E+03 -0.37642E+03  0.77248E-04  0.85759E-02  0.28858E+03  0.11250E+04  0.00000E+00 212456  0.00000E+00      0.000
     190.0000 -0.62500E+01  0.50000E+01 -0.62500E+01  0.30659E+01 -0.32249E+01 -0.11875E+04  0.95000E+03 -0.11875E+04  0.57724E+03 -0.39308E+03 -0.37602E+03 -0.37630E+03 -0.37642E+03  0.38147E-04  0.90501E-02  0.28858E+03  0.11875E+04  0.00000E+00 224366  0.00000E+00      0.000
     200.0000 -0.62500E+01  0.50000E+01 -0.62500E+01  0.30659E+01 -0.31356E+01 -0.12500E+04  0.10000E+04 -0.12500E+04  0.60789E+03 -0.42492E+03 -0.37602E+03 -0.37631E+03 -0.37642E+03  0.42439E-04  0.95314E-02  0.28858E+03  0.12500E+04  0.00000E+00 236302  0.00000E+00      0.000
     210.0000 -0.62500E+01  0.50000E+01 -0.62500E+01  0.30659E+01 -0.32250E+01 -0.13125E+04  0.10500E+04 -0.13125E+04  0.63854E+03 -0.45676E+03 -0.37602E+03 -0.37630E+03 -0.37642E+03  0.00000E+00  0.10008E-01  0.28858E+03  0.13125E+04  0.00000E+00 248237  0.00000E+00      0.000
     220.0000 -0.62500E+01  0.50000E+01 -0.62500E+01  0.30659E+01 -0.32127E+01 -0.13750E+04  0.11000E+04 -0.13750E+04  0.66919E+03 -0.48861E+03 -0.37602E+03 -0.37630E+03 -0.37642E+03  0.38624E-04  0.10483E-01  0.28858E+03  0.13750E+04  0.00000E+00 260160  0.00000E+00      0.000
     230.0000 -0.62500E+01  0.50000E+01 -0.62500E+01  0.30659E+01 -0.31567E+01 -0.14375E+04  0.11500E+04 -0.14375E+04  0.69985E+03 -0.52045E+03 -0.37602E+03 -0.37630E+03 -0.37642E+03  0.00000E+00  0.10961E-01  0.28858E+03  0.14375E+04  0.00000E+00 272100  0.00000E+00      0.000
     240.0000 -0.62500E+01  0.50000E+01 -0.62500E+01  0.30659E+01 -0.31748E+01 -0.15000E+04  0.12000E+04 -0.15000E+04  0.73050E+03 -0.55229E+03 -0.37602E+03 -0.37630E+03 -0.37642E+03  0.00000E+00  0.11440E-01  0.28858E+03  0.15000E+04  0.00000E+00 284025  0.00000E+00      0.000
     250.0000 -0.62500E+01  0.50000E+01 -0.62499E+01  0.30659E+01 -0.31836E+01 -0.15625E+04  0.12500E+04 -0.15625E+04  0.76116E+03 -0.58413E+03 -0.37602E+03 -0.37630E+03 -0.37642E+03  0.78678E-04  0.11914E-01  0.28858E+03  0.15625E+04  0.00000E+00 295912  0.00000E+00      0.000
     260.0000 -0.62500E+01  0.50000E+01 -0.62500E+01  0.30659E+01 -0.31541E+01 -0.16250E+04  0.13000E+04 -0.16250E+04  0.79182E+03 -0.61597E+03 -0.37602E+03 -0.37630E+03 -0.37642E+03  0.10967E-04  0.12390E-01  0.28858E+03  0.16250E+04  0.00000E+00 307815  0.00000E+00      0.000
     270.0000 -0.62500E+01  0.50000E+01 -0.62498E+01  0.30659E+01 -0.32025E+01 -0.16875E+04  0.13500E+04 -0.16875E+04  0.82247E+03 -0.64781E+03 -0.37602E+03 -0.37630E+03 -0.37642E+03  0.21839E-03  0.12866E-01  0.28858E+03  0.16875E+04  0.00000E+00 319758  0.00000E+00      0.000
     280.0000 -0.62500E+01  0.50000E+01 -0.62500E+01  0.30659E+01 -0.31709E+01 -0.17500E+04  0.14000E+04 -0.17500E+04  0.85313E+03 -0.67965E+03 -0.37602E+03 -0.37630E+03 -0.37642E+03  0.17166E-04  0.13349E-01  0.28858E+03  0.17500E+04  0.00000E+00 331681  0.00000E+00      0.000
     290.0000 -0.62500E+01  0.50000E+01 -0.62500E+01  0.30659E+01 -0.31913E+01 -0.18125E+04  0.14500E+04 -0.18125E+04  0.88379E+03 -0.71149E+03 -0.37602E+03 -0.37630E+03 -0.37642E+03  0.45776E-04  0.13825E-01  0.28858E+03  0.18125E+04  0.00000E+00 343603  0.00000E+00      0.000
     300.0000 -0.62500E+01  0.50000E+01 -0.62499E+01  0.30659E+01 -0.31731E+01 -0.18750E+04  0.15000E+04 -0.18750E+04  0.91444E+03 -0.74333E+03 -0.37602E+03 -0.37630E+03 -0.37642E+03  0.70572E-04  0.14300E-01  0.28858E+03  0.18750E+04  0.00000E+00 355546  0.00000E+00      0.000
     310.0000 -0.62500E+01  0.50000E+01 -0.62500E+01  0.30659E+01 -0.31767E+01 -0.19375E+04  0.15500E+04 -0.19375E+04  0.94510E+03 -0.77518E+03 -0.37602E+03 -0.37630E+03 -0.37642E+03  0.38624E-04  0.14776E-01  0.28858E+03  0.19375E+04  0.00000E+00 367489  0.00000E+00      0.000
     320.0000 -0.62500E+01  0.50000E+01 -0.62499E+01  0.30659E+01 -0.31618E+01 -0.20000E+04  0.16000E+04 -0.20000E+04  0.97576E+03 -0.80702E+03 -0.37602E+03 -0.37630E+03 -0.37643E+03  0.63896E-04  0.15252E-01  0.28858E+03  0.20000E+04  0.00000E+00 379402  0.00000E+00      0.000
     330.0000 -0.62500E+01  0.50000E+01 -0.62500E+01  0.30659E+01 -0.31737E+01 -0.20625E+04  0.16500E+04 -0.20625E+04  0.10064E+04 -0.83886E+03 -0.37602E+03 -0.37630E+03 -0.37642E+03  0.41485E-04  0.15729E-01  0.28858E+03  0.20625E+04  0.00000E+00 391286  0.00000E+00      0.000
     340.0000 -0.62500E+01  0.50000E+01 -0.62500E+01  0.30659E+01 -0.31337E+01 -0.21250E+04  0.17000E+04 -0.21250E+04  0.10371E+04 -0.87070E+03 -0.37602E+03 -0.37630E+03 -0.37642E+03  0.00000E+00  0.16203E-01  0.28858E+03  0.21250E+04  0.00000E+00 403224  0.00000E+00      0.000
     350.0000 -0.62500E+01  0.50000E+01 -0.62501E+01  0.30659E+01 -0.31813E+01 -0.21875E+04  0.17500E+04 -0.21875E+04  0.10677E+04 -0.90254E+03 -0.37602E+03 -0.37630E+03 -0.37642E+03  0.14448E-03  0.16679E-01  0.28858E+03  0.21875E+04  0.00000E+00 415157  0.00000E+00      0.000
     360.0000 -0.62500E+01  0.50000E+01 -0.62500E+01  0.30659E+01 -0.31186E+01 -0.22500E+04  0.18000E+04 -0.22500E+04  0.10984E+04 -0.93439E+03 -0.37602E+03 -0.37630E+03 -0.37642E+03  0.00000E+00  0.17151E-01  0.28858E+03  0.22500E+04  0.00000E+00 427091  0.00000E+00      0.000
     370.0000 -0.62500E+01  0.50000E+01 -0.62500E+01  0.30659E+01 -0.31828E+01 -0.23124E+04  0.18500E+04 -0.23124E+04  0.11290E+04 -0.96623E+03 -0.37602E+03 -0.37630E+03 -0.37642E+03  0.20504E-04  0.17628E-01  0.28858E+03  0.23124E+04  0.00000E+00 439001  0.00000E+00      0.000
     380.0000 -0.62500E+01  0.50000E+01 -0.62499E+01  0.30659E+01 -0.31658E+01 -0.23749E+04  0.19000E+04 -0.23749E+04  0.11597E+04 -0.99807E+03 -0.37602E+03 -0.37630E+03 -0.37642E+03  0.63419E-04  0.18111E-01  0.28858E+03  0.23749E+04  0.00000E+00 450915  0.00000E+00      0.000
     390.0000 -0.62500E+01  0.50000E+01 -0.62500E+01  0.30659E+01 -0.31853E+01 -0.24374E+04  0.19501E+04 -0.24374E+04  0.11903E+04 -0.10299E+04 -0.37602E+03 -0.37630E+03 -0.37642E+03  0.17643E-04  0.18590E-01  0.28858E+03  0.24374E+04  0.00000E+00 462850  0.00000E+00      0.000
     400.0000 -0.62500E+01  0.50000E+01 -0.62501E+01  0.30659E+01 -0.31649E+01 -0.24999E+04  0.20001E+04 -0.24999E+04  0.12210E+04 -0.10617E+04 -0.37602E+03 -0.37630E+03 -0.37642E+03  0.65327E-04  0.19065E-01  0.28858E+03  0.24999E+04  0.00000E+00 474760  0.00000E+00      0.000
     410.0000 -0.62500E+01  0.50000E+01 -0.62500E+01  0.30659E+01 -0.31962E+01 -0.25624E+04  0.20501E+04 -0.25624E+04  0.12516E+04 -0.10936E+04 -0.37602E+03 -0.37630E+03 -0.37642E+03  0.18597E-04  0.19543E-01  0.28858E+03  0.25624E+04  0.00000E+00 486672  0.00000E+00      0.000
     420.0000 -0.62500E+01  0.50000E+01 -0.62501E+01  0.30659E+01 -0.31957E+01 -0.26249E+04  0.21001E+04 -0.26249E+04  0.12823E+04 -0.11254E+04 -0.37602E+03 -0.37630E+03 -0.37642E+03  0.51975E-04  0.20020E-01  0.28858E+03  0.26249E+04  0.00000E+00 498597  0.00000E+00      0.000
     430.0000 -0.62500E+01  0.50000E+01 -0.62500E+01  0.30659E+01 -0.31763E+01 -0.26874E+04  0.21500E+04 -0.26874E+04  0.13130E+04 -0.11573E+04 -0.37602E+03 -0.37630E+03 -0.37642E+03  0.16689E-04  0.20496E-01  0.28858E+03  0.26874E+04  0.00000E+00 510541  0.00000E+00      0.000
     440.0000 -0.62500E+01  0.50000E+01 -0.62501E+01  0.30659E+01 -0.32009E+01 -0.27499E+04  0.22000E+04 -0.27499E+04  0.13436E+04 -0.11891E+04 -0.37602E+03 -0.37630E+03 -0.37642E+03  0.68188E-04  0.20970E-01  0.28858E+03  0.27499E+04  0.00000E+00 522451  0.00000E+00      0.000
     450.0000 -0.62500E+01  0.50000E+01 -0.62499E+01  0.30659E+01 -0.31810E+01 -0.28123E+04  0.22500E+04 -0.28123E+04  0.13743E+04 -0.12210E+04 -0.37602E+03 -0.37630E+03 -0.37642E+03  0.60081E-04  0.21446E-01  0.28858E+03  0.28123E+04  0.00000E+00 534370  0.00000E+00      0.000
     460.0000 -0.62500E+01  0.50000E+01 -0.62500E+01  0.30659E+01 -0.31880E+01 -0.28748E+04  0.23000E+04 -0.28748E+04  0.14049E+04 -0.12528E+04 -0.37602E+03 -0.37630E+03 -0.37642E+03  0.00000E+00  0.21925E-01  0.28858E+03  0.28748E+04  0.00000E+00 546290  0.00000E+00      0.000
     470.0000 -0.62500E+01  0.50000E+01 -0.62499E+01  0.30659E+01 -0.31332E+01 -0.29373E+04  0.23500E+04 -0.29373E+04  0.14356E+04 -0.12846E+04 -0.37602E+03 -0.37630E+03 -0.37642E+03  0.72479E-04  0.22403E-01  0.28858E+03  0.29373E+04  0.00000E+00 558226  0.00000E+00      0.000
     480.0000 -0.62500E+01  0.50000E+01 -0.62500E+01  0.30659E+01 -0.32174E+01 -0.29998E+04  0.24000E+04 -0.29998E+04  0.14662E+04 -0.13165E+04 -0.37602E+03 -0.37630E+03 -0.37642E+03  0.30994E-04  0.22878E-01  0.28858E+03  0.29998E+04  0.00000E+00 570158  0.00000E+00      0.000
     490.0000 -0.62500E+01  0.50000E+01 -0.62500E+01  0.30659E+01 -0.31764E+01 -0.30623E+04  0.24500E+04 -0.30623E+04  0.14969E+04 -0.13483E+04 -0.37602E+03 -0.37630E+03 -0.37642E+03  0.26703E-04  0.23355E-01  0.28858E+03  0.30623E+04  0.00000E+00 582055  0.00000E+00      0.000
     500.0000 -0.62500E+01  0.50000E+01 -0.62500E+01  0.30659E+01 -0.31761E+01 -0.31248E+04  0.25000E+04 -0.31248E+04  0.15275E+04 -0.13802E+04 -0.37602E+03 -0.37630E+03 -0.37642E+03  0.00000E+00  0.23826E-01  0.28858E+03  0.31248E+04  0.00000E+00 593979  0.00000E+00      0.000
     510.0000 -0.62500E+01  0.50000E+01 -0.62499E+01  0.30659E+01 -0.31826E+01 -0.31873E+04  0.25500E+04 -0.31873E+04  0.15582E+04 -0.14120E+04 -0.37602E+03 -0.37630E+03 -0.37642E+03  0.55790E-04  0.24299E-01  0.28858E+03  0.31873E+04  0.00000E+00 605904  0.00000E+00      0.000
     520.0000 -0.62500E+01  0.50000E+01 -0.62501E+01  0.30659E+01 -0.32008E+01 -0.32498E+04  0.26000E+04 -0.32498E+04  0.15888E+04 -0.14439E+04 -0.37602E+03 -0.37630E+03 -0.37642E+03  0.80585E-04  0.24772E-01  0.28858E+03  0.32498E+04  0.00000E+00 617815  0.00000E+00      0.000
     530.0000 -0.62500E+01  0.50000E+01 -0.62500E+01  0.30659E+01 -0.31600E+01 -0.33122E+04  0.26499E+04 -0.33122E+04  0.16195E+04 -0.14757E+04 -0.37602E+03 -0.37630E+03 -0.37642E+03  0.27180E-04  0.25248E-01  0.28858E+03  0.33122E+04  0.00000E+00 629725  0.00000E+00      0.000
     540.0000 -0.62500E+01  0.50000E+01 -0.62500E+01  0.30659E+01 -0.31422E+01 -0.33747E+04  0.26999E+04 -0.33747E+04  0.16501E+04 -0.15076E+04 -0.37602E+03 -0.37630E+03 -0.37642E+03  0.46730E-04  0.25727E-01  0.28858E+03  0.33747E+04  0.00000E+00 641652  0.00000E+00      0.000
     550.0000 -0.62500E+01  0.50000E+01 -0.62500E+01  0.30659E+01 -0.31925E+01 -0.34372E+04  0.27499E+04 -0.34372E+04  0.16808E+04 -0.15394E+04 -0.37602E+03 -0.37630E+03 -0.37642E+03  0.00000E+00  0.26201E-01  0.28858E+03  0.34372E+04  0.00000E+00 653600  0.00000E+00      0.000
     560.0000 -0.62500E+01  0.50000E+01 -0.62500E+01  0.30659E+01 -0.32005E+01 -0.34997E+04  0.27999E+04 -0.34997E+04  0.17115E+04 -0.15713E+04 -0.37602E+03 -0.37630E+03 -0.37642E+03  0.14305E-04  0.26679E-01  0.28858E+03  0.34997E+04  0.00000E+00 665529  0.00000E+00      0.000
     570.0000 -0.62500E+01  0.50000E+01 -0.62501E+01  0.30659E+01 -0.31676E+01 -0.35622E+04  0.28499E+04 -0.35622E+04  0.17421E+04 -0.16031E+04 -0.37602E+03 -0.37630E+03 -0.37642E+03  0.85354E-04  0.27157E-01  0.28858E+03  0.35622E+04  0.00000E+00 677445  0.00000E+00      0.000
     580.0000 -0.62500E+01  0.50000E+01 -0.62501E+01  0.30659E+01 -0.31880E+01 -0.36247E+04  0.28999E+04 -0.36247E+04  0.17728E+04 -0.16349E+04 -0.37602E+03 -0.37630E+03 -0.37642E+03  0.11396E-03  0.27639E-01  0.28858E+03  0.36247E+04  0.00000E+00 689363  0.00000E+00      0.000
     590.0000 -0.62500E+01  0.50000E+01 -0.62500E+01  0.30659E+01 -0.32148E+01 -0.36872E+04  0.29499E+04 -0.36872E+04  0.18034E+04 -0.16668E+04 -0.37602E+03 -0.37630E+03 -0.37642E+03  0.00000E+00  0.28116E-01  0.28858E+03  0.36872E+04  0.00000E+00 701299  0.00000E+00      0.000
     600.0000 -0.62500E+01  0.50000E+01 -0.62500E+01  0.30659E+01 -0.31793E+01 -0.37497E+04  0.29999E+04 -0.37497E+04  0.18341E+04 -0.16986E+04 -0.37602E+03 -0.37630E+03 -0.37642E+03  0.41962E-04  0.28589E-01  0.28858E+03  0.37497E+04  0.00000E+00 713210  0.00000E+00      0.000
     610.0000 -0.62500E+01  0.50000E+01 -0.62500E+01  0.30659E+01 -0.30115E+01 -0.38122E+04  0.30499E+04 -0.38122E+04  0.18647E+04 -0.17305E+04 -0.37602E+03 -0.37631E+03 -0.37642E+03  0.25272E-04  0.29064E-01  0.28858E+03  0.38122E+04  0.00000E+00 725148  0.00000E+00      0.000
     620.0000 -0.62500E+01  0.50000E+01 -0.62500E+01  0.30659E+01 -0.32037E+01 -0.38747E+04  0.30999E+04 -0.38747E+04  0.18954E+04 -0.17623E+04 -0.37602E+03 -0.37630E+03 -0.37642E+03  0.41008E-04  0.29544E-01  0.28858E+03  0.38747E+04  0.00000E+00 737079  0.00000E+00      0.000
     630.0000 -0.62500E+01  0.50000E+01 -0.62500E+01  0.30659E+01 -0.32356E+01 -0.39372E+04  0.31499E+04 -0.39372E+04  0.19260E+04 -0.17942E+04 -0.37602E+03 -0.37630E+03 -0.37642E+03  0.14305E-04  0.30014E-01  0.28858E+03  0.39372E+04  0.00000E+00 748991  0.00000E+00      0.000
     640.0000 -0.62500E+01  0.50000E+01 -0.62500E+01  0.30659E+01 -0.30863E+01 -0.39996E+04  0.31999E+04 -0.39996E+04  0.19567E+04 -0.18260E+04 -0.37602E+03 -0.37630E+03 -0.37642E+03  0.23365E-04  0.30491E-01  0.28858E+03  0.39996E+04  0.00000E+00 760919  0.00000E+00      0.000
     650.0000 -0.62500E+01  0.50000E+01 -0.62500E+01  0.30659E+01 -0.32093E+01 -0.40621E+04  0.32499E+04 -0.40621E+04  0.19873E+04 -0.18579E+04 -0.37602E+03 -0.37630E+03 -0.37642E+03  0.00000E+00  0.30968E-01  0.28858E+03  0.40621E+04  0.00000E+00 772854  0.00000E+00      0.000
     660.0000 -0.62500E+01  0.50000E+01 -0.62500E+01  0.30659E+01 -0.31931E+01 -0.41246E+04  0.32999E+04 -0.41246E+04  0.20180E+04 -0.18897E+04 -0.37602E+03 -0.37630E+03 -0.37642E+03  0.00000E+00  0.31444E-01  0.28858E+03  0.41246E+04  0.00000E+00 784790  0.00000E+00      0.000
     670.0000 -0.62500E+01  0.50000E+01 -0.62499E+01  0.30659E+01 -0.32280E+01 -0.41871E+04  0.33499E+04 -0.41871E+04  0.20486E+04 -0.19216E+04 -0.37602E+03 -0.37630E+03 -0.37642E+03  0.56744E-04  0.31920E-01  0.28858E+03  0.41871E+04  0.00000E+00 796727  0.00000E+00      0.000
     680.0000 -0.62500E+01  0.50000E+01 -0.62500E+01  0.30659E+01 -0.31778E+01 -0.42497E+04  0.33999E+04 -0.42497E+04  0.20793E+04 -0.19534E+04 -0.37602E+03 -0.37630E+03 -0.37642E+03  0.38624E-04  0.32395E-01  0.28858E+03  0.42497E+04  0.00000E+00 808655  0.00000E+00      0.000
     690.0000 -0.62500E+01  0.50000E+01 -0.62499E+01  0.30659E+01 -0.31781E+01 -0.43122E+04  0.34499E+04 -0.43122E+04  0.21100E+04 -0.19853E+04 -0.37602E+03 -0.37630E+03 -0.37642E+03  0.12064E-03  0.32869E-01  0.28858E+03  0.43122E+04  0.00000E+00 820585  0.00000E+00      0.000
     700.0000 -0.62500E+01  0.50000E+01 -0.62500E+01  0.30659E+01 -0.32125E+01 -0.43747E+04  0.34999E+04 -0.43747E+04  0.21406E+04 -0.20171E+04 -0.37602E+03 -0.37630E+03 -0.37642E+03  0.00000E+00  0.33348E-01  0.28858E+03  0.43747E+04  0.00000E+00 832531  0.00000E+00      0.000
     710.0000 -0.62500E+01  0.50000E+01 -0.62501E+01  0.30659E+01 -0.32720E+01 -0.44372E+04  0.35499E+04 -0.44372E+04  0.21713E+04 -0.20489E+04 -0.37602E+03 -0.37630E+03 -0.37643E+03  0.55790E-04  0.33830E-01  0.28858E+03  0.44372E+04  0.00000E+00 844456  0.00000E+00      0.000
     720.0000 -0.62500E+01  0.50000E+01 -0.62500E+01  0.30659E+01 -0.31613E+01 -0.44997E+04  0.35999E+04 -0.44997E+04  0.22020E+04 -0.20808E+04 -0.37602E+03 -0.37630E+03 -0.37642E+03  0.26703E-04  0.34306E-01  0.28858E+03  0.44997E+04  0.00000E+00 856341  0.00000E+00      0.000
     730.0000 -0.62500E+01  0.50000E+01 -0.62500E+01  0.30659E+01 -0.32297E+01 -0.45623E+04  0.36499E+04 -0.45623E+04  0.22326E+04 -0.21126E+04 -0.37602E+03 -0.37630E+03 -0.37642E+03  0.30994E-04  0.34787E-01  0.28858E+03  0.45623E+04  0.00000E+00 868263  0.00000E+00      0.000
     740.0000 -0.62500E+01  0.50000E+01 -0.62500E+01  0.30659E+01 -0.32477E+01 -0.46248E+04  0.36999E+04 -0.46248E+04  0.22633E+04 -0.21445E+04 -0.37602E+03 -0.37630E+03 -0.37642E+03  0.11921E-04  0.35262E-01  0.28858E+03  0.46248E+04  0.00000E+00 880169  0.00000E+00      0.000
     750.0000 -0.62500E+01  0.50000E+01 -0.62500E+01  0.30659E+01 -0.31504E+01 -0.46873E+04  0.37499E+04 -0.46873E+04  0.22940E+04 -0.21763E+04 -0.37602E+03 -0.37630E+03 -0.37642E+03  0.00000E+00  0.35741E-01  0.28858E+03  0.46873E+04  0.00000E+00 892102  0.00000E+00      0.000
     760.0000 -0.62500E+01  0.50000E+01 -0.62500E+01  0.30659E+01 -0.31786E+01 -0.47498E+04  0.37998E+04 -0.47498E+04  0.23246E+04 -0.22082E+04 -0.37602E+03 -0.37630E+03 -0.37642E+03  0.47207E-04  0.36219E-01  0.28858E+03  0.47498E+04  0.00000E+00 904019  0.00000E+00      0.000
     770.0000 -0.62500E+01  0.50000E+01 -0.62500E+01  0.30659E+01 -0.30918E+01 -0.48123E+04  0.38499E+04 -0.48123E+04  0.23553E+04 -0.22400E+04 -0.37602E+03 -0.37630E+03 -0.37642E+03  0.40054E-04  0.36696E-01  0.28858E+03  0.48123E+04  0.00000E+00 915937  0.00000E+00      0.000
     780.0000 -0.62500E+01  0.50000E+01 -0.62500E+01  0.30659E+01 -0.32305E+01 -0.48748E+04  0.38999E+04 -0.48748E+04  0.23860E+04 -0.22719E+04 -0.37602E+03 -0.37630E+03 -0.37642E+03  0.14782E-04  0.37173E-01  0.28858E+03  0.48748E+04  0.00000E+00 927850  0.00000E+00      0.000
     790.0000 -0.62500E+01  0.50000E+01 -0.62501E+01  0.30659E+01 -0.31825E+01 -0.49373E+04  0.39499E+04 -0.49373E+04  0.24166E+04 -0.23037E+04 -0.37602E+03 -0.37630E+03 -0.37642E+03  0.82493E-04  0.37652E-01  0.28858E+03  0.49373E+04  0.00000E+00 939792  0.00000E+00      0.000
     800.0000 -0.62500E+01  0.50000E+01 -0.62500E+01  0.30659E+01 -0.31428E+01 -0.49999E+04  0.39999E+04 -0.49999E+04  0.24473E+04 -0.23355E+04 -0.37602E+03 -0.37630E+03 -0.37642E+03  0.34809E-04  0.38125E-01  0.28858E+03  0.49999E+04  0.00000E+00 951725  0.00000E+00      0.000
     810.0000 -0.62500E+01  0.50000E+01 -0.62500E+01  0.30659E+01 -0.32206E+01 -0.50624E+04  0.40498E+04 -0.50624E+04  0.24780E+04 -0.23674E+04 -0.37602E+03 -0.37631E+03 -0.37643E+03  0.00000E+00  0.38595E-01  0.28858E+03  0.50624E+04  0.00000E+00 963653  0.00000E+00      0.000
     820.0000 -0.62500E+01  0.50000E+01 -0.62501E+01  0.30659E+01 -0.31960E+01 -0.51249E+04  0.40998E+04 -0.51249E+04  0.25086E+04 -0.23992E+04 -0.37602E+03 -0.37630E+03 -0.37642E+03  0.80585E-04  0.39068E-01  0.28858E+03  0.51249E+04  0.00000E+00 975542  0.00000E+00      0.000
     830.0000 -0.62500E+01  0.50000E+01 -0.62500E+01  0.30659E+01 -0.32210E+01 -0.51874E+04  0.41498E+04 -0.51874E+04  0.25393E+04 -0.24311E+04 -0.37602E+03 -0.37630E+03 -0.37643E+03  0.32425E-04  0.39539E-01  0.28858E+03  0.51874E+04  0.00000E+00 987469  0.00000E+00      0.000
     840.0000 -0.62500E+01  0.50000E+01 -0.62501E+01  0.30659E+01 -0.32566E+01 -0.52499E+04  0.41998E+04 -0.52499E+04  0.25700E+04 -0.24629E+04 -0.37602E+03 -0.37630E+03 -0.37642E+03  0.66280E-04  0.40013E-01  0.28858E+03  0.52499E+04  0.00000E+00 999387  0.00000E+00      0.000
     850.0000 -0.62500E+01  0.50000E+01 -0.62500E+01  0.30659E+01 -0.31903E+01 -0.53125E+04  0.42499E+04 -0.53125E+04  0.26006E+04 -0.24948E+04 -0.37602E+03 -0.37630E+03 -0.37642E+03  0.45776E-04  0.40492E-01  0.28858E+03  0.53125E+04  0.00000E+00  11293  0.00000E+00      0.000
     860.0000 -0.62500E+01  0.50000E+01 -0.62500E+01  0.30659E+01 -0.32057E+01 -0.53750E+04  0.42999E+04 -0.53750E+04  0.26313E+04 -0.25266E+04 -0.37602E+03 -0.37630E+03 -0.37642E+03  0.25749E-04  0.40965E-01  0.28858E+03  0.53750E+04  0.00000E+00  23224  0.00000E+00      0.000
     870.0000 -0.62500E+01  0.50000E+01 -0.62501E+01  0.30659E+01 -0.31558E+01 -0.54375E+04  0.43499E+04 -0.54375E+04  0.26620E+04 -0.25585E+04 -0.37602E+03 -0.37631E+03 -0.37643E+03  0.99659E-04  0.41439E-01  0.28858E+03  0.54375E+04  0.00000E+00  35134  0.00000E+00      0.000
     880.0000 -0.62500E+01  0.50000E+01 -0.62500E+01  0.30659E+01 -0.31054E+01 -0.55000E+04  0.43998E+04 -0.55000E+04  0.26926E+04 -0.25903E+04 -0.37602E+03 -0.37630E+03 -0.37642E+03  0.22411E-04  0.41915E-01  0.28858E+03  0.55000E+04  0.00000E+00  47077  0.00000E+00      0.000
     890.0000 -0.62500E+01  0.50000E+01 -0.62498E+01  0.30659E+01 -0.32153E+01 -0.55625E+04  0.44499E+04 -0.55625E+04  0.27233E+04 -0.26222E+04 -0.37602E+03 -0.37630E+03 -0.37642E+03  0.16689E-03  0.42391E-01  0.28858E+03  0.55625E+04  0.00000E+00  58995  0.00000E+00      0.000
     900.0000 -0.62500E+01  0.50000E+01 -0.62501E+01  0.30659E+01 -0.31932E+01 -0.56250E+04  0.44998E+04 -0.56250E+04  0.27540E+04 -0.26540E+04 -0.37602E+03 -0.37630E+03 -0.37642E+03  0.69141E-04  0.42864E-01  0.28858E+03  0.56250E+04  0.00000E+00  70925  0.00000E+00      0.000
     910.0000 -0.62500E+01  0.50000E+01 -0.62500E+01  0.30659E+01 -0.32133E+01 -0.56875E+04  0.45498E+04 -0.56875E+04  0.27846E+04 -0.26859E+04 -0.37602E+03 -0.37630E+03 -0.37643E+03  0.43869E-04  0.43339E-01  0.28858E+03  0.56875E+04  0.00000E+00  82835  0.00000E+00      0.000
     920.0000 -0.62500E+01  0.50000E+01 -0.62501E+01  0.30659E+01 -0.31712E+01 -0.57500E+04  0.45998E+04 -0.57500E+04  0.28153E+04 -0.27177E+04 -0.37602E+03 -0.37630E+03 -0.37642E+03  0.61989E-04  0.43815E-01  0.28858E+03  0.57500E+04  0.00000E+00  94733  0.00000E+00      0.000
     930.0000 -0.62500E+01  0.50000E+01 -0.62500E+01  0.30659E+01 -0.31740E+01 -0.58126E+04  0.46498E+04 -0.58126E+04  0.28460E+04 -0.27496E+04 -0.37602E+03 -0.37630E+03 -0.37642E+03  0.38147E-04  0.44290E-01  0.28858E+03  0.58126E+04  0.00000E+00 106653  0.00000E+00      0.000
     940.0000 -0.62500E+01  0.50000E+01 -0.62500E+01  0.30659E+01 -0.32203E+01 -0.58751E+04  0.46998E+04 -0.58751E+04  0.28766E+04 -0.27814E+04 -0.37602E+03 -0.37630E+03 -0.37642E+03  0.38624E-04  0.44767E-01  0.28858E+03  0.58751E+04  0.00000E+00 118579  0.00000E+00      0.000
     950.0000 -0.62500E+01  0.50000E+01 -0.62500E+01  0.30659E+01 -0.31908E+01 -0.59376E+04  0.47499E+04 -0.59376E+04  0.29073E+04 -0.28133E+04 -0.37602E+03 -0.37630E+03 -0.37642E+03  0.00000E+00  0.45244E-01  0.28858E+03  0.59376E+04  0.00000E+00 130492  0.00000E+00      0.000
     960.0000 -0.62500E+01  0.50000E+01 -0.62500E+01  0.30659E+01 -0.31650E+01 -0.60001E+04  0.47999E+04 -0.60001E+04  0.29379E+04 -0.28451E+04 -0.37602E+03 -0.37630E+03 -0.37642E+03  0.37670E-04  0.45716E-01  0.28858E+03  0.60001E+04  0.00000E+00 142407  0.00000E+00      0.000
     970.0000 -0.62500E+01  0.50000E+01 -0.62501E+01  0.30659E+01 -0.31777E+01 -0.60626E+04  0.48499E+04 -0.60626E+04  0.29686E+04 -0.28770E+04 -0.37602E+03 -0.37630E+03 -0.37642E+03  0.97275E-04  0.46195E-01  0.28858E+03  0.60626E+04  0.00000E+00 154356  0.00000E+00      0.000
     980.0000 -0.62500E+01  0.50000E+01 -0.62499E+01  0.30659E+01 -0.32009E+01 -0.61251E+04  0.48999E+04 -0.61251E+04  0.29993E+04 -0.29088E+04 -0.37602E+03 -0.37630E+03 -0.37642E+03  0.83447E-04  0.46668E-01  0.28858E+03  0.61251E+04  0.00000E+00 166267  0.00000E+00      0.000
     990.0000 -0.62500E+01  0.50000E+01 -0.62500E+01  0.30659E+01 -0.31678E+01 -0.61876E+04  0.49499E+04 -0.61876E+04  0.30299E+04 -0.29407E+04 -0.37602E+03 -0.37630E+03 -0.37643E+03  0.17643E-04  0.47142E-01  0.28858E+03  0.61876E+04  0.00000E+00 178204  0.00000E+00      0.000
    1000.0000 -0.62500E+01  0.50000E+01 -0.62500E+01  0.30659E+01 -0.31755E+01 -0.62501E+04  0.49999E+04 -0.62501E+04  0.30606E+04 -0.29725E+04 -0.37602E+03 -0.37631E+03 -0.37643E+03  0.00000E+00  0.47619E-01  0.28858E+03  0.62501E+04  0.00000E+00 190126  0.00000E+00      0.000
end
