 ******* Program HYDRUS
 ******* 
 Welcome to HYDRUS-1D                                                    
 Date:  13. 3.    Time:  12:54:45
 Units: L = mm   , T = days , M = mmol 


    TLevel      Time           dt     ItrW ItrC    ItCum  KodT  KodB Converg  Peclet   Courant

      555  0.1000000E+02  0.30807E-01    6    1     2643    -4    -5     T     6.479     0.274
      979  0.2000000E+02  0.16815E-01    3    1     4602    -4    -5     T     5.711     0.149
     1295  0.3000000E+02  0.21045E-01    2    1     5398    -4    -5     T     5.923     0.187
     1592  0.4000000E+02  0.20730E-01    2    1     5992    -4    -5     T     5.907     0.184
     1889  0.5000000E+02  0.20691E-01    2    1     6586    -4    -5     T     5.905     0.184
     2186  0.6000000E+02  0.20686E-01    2    1     7180    -4    -5     T     5.905     0.184
     2483  0.7000000E+02  0.20686E-01    2    1     7774    -4    -5     T     5.905     0.184
     2780  0.8000000E+02  0.20686E-01    2    1     8368    -4    -5     T     5.905     0.184
     3077  0.9000000E+02  0.20686E-01    2    1     8962    -4    -5     T     5.905     0.184
     3374  0.1000000E+03  0.20686E-01    2    1     9556    -4    -5     T     5.905     0.184
     3671  0.1100000E+03  0.20686E-01    2    1    10150    -4    -5     T     5.905     0.184
     3968  0.1200000E+03  0.20686E-01    2    1    10744    -4    -5     T     5.905     0.184
     4265  0.1300000E+03  0.20686E-01    2    1    11338    -4    -5     T     5.905     0.184
     4562  0.1400000E+03  0.20686E-01    2    1    11932    -4    -5     T     5.905     0.184
     4859  0.1500000E+03  0.20686E-01    2    1    12526    -4    -5     T     5.905     0.184
     5156  0.1600000E+03  0.20686E-01    2    1    13120    -4    -5     T     5.905     0.184
     5453  0.1700000E+03  0.20686E-01    2    1    13714    -4    -5     T     5.905     0.184
     5750  0.1800000E+03  0.20686E-01    2    1    14308    -4    -5     T     5.905     0.184
     6047  0.1900000E+03  0.20686E-01    2    1    14902    -4    -5     T     5.905     0.184
     6344  0.2000000E+03  0.20686E-01    2    1    15496    -4    -5     T     5.905     0.184
     6641  0.2100000E+03  0.20686E-01    2    1    16090    -4    -5     T     5.905     0.184
     6938  0.2200000E+03  0.20686E-01    2    1    16684    -4    -5     T     5.905     0.184
     7235  0.2300000E+03  0.20686E-01    2    1    17278    -4    -5     T     5.905     0.184
     7532  0.2400000E+03  0.20686E-01    2    1    17872    -4    -5     T     5.905     0.184
     7829  0.2500000E+03  0.20686E-01    2    1    18466    -4    -5     T     5.905     0.184
     8126  0.2600000E+03  0.20686E-01    2    1    19060    -4    -5     T     5.905     0.184
     8423  0.2700000E+03  0.20686E-01    2    1    19654    -4    -5     T     5.905     0.184
     8720  0.2800000E+03  0.20686E-01    2    1    20248    -4    -5     T     5.905     0.184
     9017  0.2900000E+03  0.20686E-01    2    1    20842    -4    -5     T     5.905     0.184
     9314  0.3000000E+03  0.20686E-01    2    1    21436    -4    -5     T     5.905     0.184
     9611  0.3100000E+03  0.20686E-01    2    1    22030    -4    -5     T     5.905     0.184
     9908  0.3200000E+03  0.20686E-01    2    1    22624    -4    -5     T     5.905     0.184
    10205  0.3300000E+03  0.20686E-01    2    1    23218    -4    -5     T     5.905     0.184
    10502  0.3400000E+03  0.20686E-01    2    1    23812    -4    -5     T     5.905     0.184
    10799  0.3500000E+03  0.20686E-01    2    1    24406    -4    -5     T     5.905     0.184
    11096  0.3600000E+03  0.20686E-01    2    1    25000    -4    -5     T     5.905     0.184
    11393  0.3700000E+03  0.20686E-01    2    1    25594    -4    -5     T     5.905     0.184
    11690  0.3800000E+03  0.20686E-01    2    1    26188    -4    -5     T     5.905     0.184
    11987  0.3900000E+03  0.20686E-01    2    1    26782    -4    -5     T     5.905     0.184
    12284  0.4000000E+03  0.20686E-01    2    1    27376    -4    -5     T     5.905     0.184
    12581  0.4100000E+03  0.20686E-01    2    1    27970    -4    -5     T     5.905     0.184
    12878  0.4200000E+03  0.20686E-01    2    1    28564    -4    -5     T     5.905     0.184
    13175  0.4300000E+03  0.20686E-01    2    1    29158    -4    -5     T     5.905     0.184
    13472  0.4400000E+03  0.20686E-01    2    1    29752    -4    -5     T     5.905     0.184
    13769  0.4500000E+03  0.20686E-01    2    1    30346    -4    -5     T     5.905     0.184
    14066  0.4600000E+03  0.20686E-01    2    1    30940    -4    -5     T     5.905     0.184
    14363  0.4700000E+03  0.20686E-01    2    1    31534    -4    -5     T     5.905     0.184
    14660  0.4800000E+03  0.20686E-01    2    1    32128    -4    -5     T     5.905     0.184
    14957  0.4900000E+03  0.20686E-01    2    1    32722    -4    -5     T     5.905     0.184
    15254  0.5000000E+03  0.20686E-01    2    1    33316    -4    -5     T     5.905     0.184
    15551  0.5100000E+03  0.20686E-01    2    1    33910    -4    -5     T     5.905     0.184
    15848  0.5200000E+03  0.20686E-01    2    1    34504    -4    -5     T     5.905     0.184
    16145  0.5300000E+03  0.20686E-01    2    1    35098    -4    -5     T     5.905     0.184
    16442  0.5400000E+03  0.20686E-01    2    1    35692    -4    -5     T     5.905     0.184
    16739  0.5500000E+03  0.20686E-01    2    1    36286    -4    -5     T     5.905     0.184
    17036  0.5600000E+03  0.20686E-01    2    1    36880    -4    -5     T     5.905     0.184
    17333  0.5700000E+03  0.20686E-01    2    1    37474    -4    -5     T     5.905     0.184
    17630  0.5800000E+03  0.20686E-01    2    1    38068    -4    -5     T     5.905     0.184
    17927  0.5900000E+03  0.20686E-01    2    1    38662    -4    -5     T     5.905     0.184
    18224  0.6000000E+03  0.20686E-01    2    1    39256    -4    -5     T     5.905     0.184
    18521  0.6100000E+03  0.20686E-01    2    1    39850    -4    -5     T     5.905     0.184
    18818  0.6200000E+03  0.20686E-01    2    1    40444    -4    -5     T     5.905     0.184
    19115  0.6300000E+03  0.20686E-01    2    1    41038    -4    -5     T     5.905     0.184
    19412  0.6400000E+03  0.20686E-01    2    1    41632    -4    -5     T     5.905     0.184
    19709  0.6500000E+03  0.20686E-01    2    1    42226    -4    -5     T     5.905     0.184
    20006  0.6600000E+03  0.20686E-01    2    1    42820    -4    -5     T     5.905     0.184
    20303  0.6700000E+03  0.20686E-01    2    1    43414    -4    -5     T     5.905     0.184
    20600  0.6800000E+03  0.20686E-01    2    1    44008    -4    -5     T     5.905     0.184
    20897  0.6900000E+03  0.20686E-01    2    1    44602    -4    -5     T     5.905     0.184
    21194  0.7000000E+03  0.20686E-01    2    1    45196    -4    -5     T     5.905     0.184
    21491  0.7100000E+03  0.20686E-01    2    1    45790    -4    -5     T     5.905     0.184
    21788  0.7200000E+03  0.20686E-01    2    1    46384    -4    -5     T     5.905     0.184
    22085  0.7300000E+03  0.20686E-01    2    1    46978    -4    -5     T     5.905     0.184
    22382  0.7400000E+03  0.20686E-01    2    1    47572    -4    -5     T     5.905     0.184
    22679  0.7500000E+03  0.20686E-01    2    1    48166    -4    -5     T     5.905     0.184
    22976  0.7600000E+03  0.20686E-01    2    1    48760    -4    -5     T     5.905     0.184
    23273  0.7700000E+03  0.20686E-01    2    1    49354    -4    -5     T     5.905     0.184
    23570  0.7800000E+03  0.20686E-01    2    1    49948    -4    -5     T     5.905     0.184
    23867  0.7900000E+03  0.20686E-01    2    1    50542    -4    -5     T     5.905     0.184
    24164  0.8000000E+03  0.20686E-01    2    1    51136    -4    -5     T     5.905     0.184
    24461  0.8100000E+03  0.20686E-01    2    1    51730    -4    -5     T     5.905     0.184
    24758  0.8200000E+03  0.20686E-01    2    1    52324    -4    -5     T     5.905     0.184
    25055  0.8300000E+03  0.20686E-01    2    1    52918    -4    -5     T     5.905     0.184
    25352  0.8400000E+03  0.20686E-01    2    1    53512    -4    -5     T     5.905     0.184
    25649  0.8500000E+03  0.20686E-01    2    1    54106    -4    -5     T     5.905     0.184
    25946  0.8600000E+03  0.20686E-01    2    1    54700    -4    -5     T     5.905     0.184
    26243  0.8700000E+03  0.20686E-01    2    1    55294    -4    -5     T     5.905     0.184
    26540  0.8800000E+03  0.20686E-01    2    1    55888    -4    -5     T     5.905     0.184
    26837  0.8900000E+03  0.20686E-01    2    1    56482    -4    -5     T     5.905     0.184
    27134  0.9000000E+03  0.20686E-01    2    1    57076    -4    -5     T     5.905     0.184
    27431  0.9100000E+03  0.20686E-01    2    1    57670    -4    -5     T     5.905     0.184
    27728  0.9200000E+03  0.20686E-01    2    1    58264    -4    -5     T     5.905     0.184
    28025  0.9300000E+03  0.20686E-01    2    1    58858    -4    -5     T     5.905     0.184
    28322  0.9400000E+03  0.20686E-01    2    1    59452    -4    -5     T     5.905     0.184
    28619  0.9500000E+03  0.20686E-01    2    1    60046    -4    -5     T     5.905     0.184
    28916  0.9600000E+03  0.20686E-01    2    1    60640    -4    -5     T     5.905     0.184
    29213  0.9700000E+03  0.20686E-01    2    1    61234    -4    -5     T     5.905     0.184
    29510  0.9800000E+03  0.20686E-01    2    1    61828    -4    -5     T     5.905     0.184
    29807  0.9900000E+03  0.20686E-01    2    1    62422    -4    -5     T     5.905     0.184
    30104  0.1000000E+04  0.20686E-01    2    1    63016    -4    -5     T     5.905     0.184
end
