 All solute fluxes and cumulative solute fluxes are positive into the region

       Time         cvTop        cvBot      Sum(cvTop)   Sum(cvBot)     cvCh0        cvCh1         cTop        cRoot         cBot        cvRoot    Sum(cvRoot)  Sum(cvNEql) TLevel      cGWL        cRunOff   Sum(cRunOff)    (cv(i),    Sum(cv(i)), i=1,NObs)
        [T]        [M/L2/T]     [M/L2/T]      [M/L2]       [M/L2]       [M/L2]      [M/L2]        [M/L3]      [M/L3]        [M/L3]      [M/L2/T]      [M/L2]       [M/L2]              [M/L3]        [M/L2]      [M/L3]      [M/L2/T]      [M/L2]
       10.0000  0.18750E+03  0.00000E+00  0.18750E+04  0.00000E+00  0.00000E+00  0.00000E+00  0.30065E+02  0.27939E+02  0.00000E+00  0.00000E+00  0.00000E+00  0.00000E+00     555  0.00000E+00  0.00000E+00  0.43469E-02
       20.0000  0.18750E+03  0.00000E+00  0.37500E+04  0.00000E+00  0.00000E+00  0.00000E+00  0.30065E+02  0.47883E+02  0.00000E+00  0.00000E+00  0.00000E+00  0.00000E+00     979  0.00000E+00  0.00000E+00  0.43469E-02
       30.0000  0.18750E+03 -0.63688E-03  0.56250E+04 -0.22274E-03  0.00000E+00  0.00000E+00  0.30065E+02  0.47882E+02  0.20595E-03  0.00000E+00  0.00000E+00  0.00000E+00    1295  0.00000E+00  0.00000E+00  0.43469E-02
       40.0000  0.18750E+03 -0.17652E+03  0.75000E+04 -0.47402E+03  0.00000E+00  0.00000E+00  0.30065E+02  0.47882E+02  0.55480E+02  0.00000E+00  0.00000E+00  0.00000E+00    1592  0.00000E+00  0.00000E+00  0.43469E-02
       50.0000  0.18750E+03 -0.18750E+03  0.93750E+04 -0.23426E+04  0.00000E+00  0.00000E+00  0.30065E+02  0.47882E+02  0.58880E+02  0.00000E+00  0.00000E+00  0.00000E+00    1889  0.00000E+00  0.00000E+00  0.43469E-02
       60.0000  0.18750E+03 -0.18750E+03  0.11250E+05 -0.42176E+04  0.00000E+00  0.00000E+00  0.30065E+02  0.47882E+02  0.58880E+02  0.00000E+00  0.00000E+00  0.00000E+00    2186  0.00000E+00  0.00000E+00  0.43469E-02
       70.0000  0.18750E+03 -0.18750E+03  0.13125E+05 -0.60927E+04  0.00000E+00  0.00000E+00  0.30065E+02  0.47882E+02  0.58880E+02  0.00000E+00  0.00000E+00  0.00000E+00    2483  0.00000E+00  0.00000E+00  0.43469E-02
       80.0000  0.18750E+03 -0.18750E+03  0.15000E+05 -0.79677E+04  0.00000E+00  0.00000E+00  0.30065E+02  0.47882E+02  0.58880E+02  0.00000E+00  0.00000E+00  0.00000E+00    2780  0.00000E+00  0.00000E+00  0.43469E-02
       90.0000  0.18750E+03 -0.18750E+03  0.16875E+05 -0.98426E+04  0.00000E+00  0.00000E+00  0.30065E+02  0.47882E+02  0.58880E+02  0.00000E+00  0.00000E+00  0.00000E+00    3077  0.00000E+00  0.00000E+00  0.43469E-02
      100.0000  0.18750E+03 -0.18750E+03  0.18750E+05 -0.11717E+05  0.00000E+00  0.00000E+00  0.30065E+02  0.47882E+02  0.58880E+02  0.00000E+00  0.00000E+00  0.00000E+00    3374  0.00000E+00  0.00000E+00  0.43469E-02
      110.0000  0.18750E+03 -0.18750E+03  0.20625E+05 -0.13592E+05  0.00000E+00  0.00000E+00  0.30065E+02  0.47882E+02  0.58880E+02  0.00000E+00  0.00000E+00  0.00000E+00    3671  0.00000E+00  0.00000E+00  0.43469E-02
      120.0000  0.18750E+03 -0.18750E+03  0.22500E+05 -0.15467E+05  0.00000E+00  0.00000E+00  0.30065E+02  0.47882E+02  0.58880E+02  0.00000E+00  0.00000E+00  0.00000E+00    3968  0.00000E+00  0.00000E+00  0.43469E-02
      130.0000  0.18750E+03 -0.18750E+03  0.24375E+05 -0.17342E+05  0.00000E+00  0.00000E+00  0.30065E+02  0.47882E+02  0.58880E+02  0.00000E+00  0.00000E+00  0.00000E+00    4265  0.00000E+00  0.00000E+00  0.43469E-02
      140.0000  0.18750E+03 -0.18750E+03  0.26250E+05 -0.19217E+05  0.00000E+00  0.00000E+00  0.30065E+02  0.47882E+02  0.58880E+02  0.00000E+00  0.00000E+00  0.00000E+00    4562  0.00000E+00  0.00000E+00  0.43469E-02
      150.0000  0.18750E+03 -0.18750E+03  0.28126E+05 -0.21093E+05  0.00000E+00  0.00000E+00  0.30065E+02  0.47882E+02  0.58880E+02  0.00000E+00  0.00000E+00  0.00000E+00    4859  0.00000E+00  0.00000E+00  0.43469E-02
      160.0000  0.18750E+03 -0.18750E+03  0.30001E+05 -0.22968E+05  0.00000E+00  0.00000E+00  0.30065E+02  0.47882E+02  0.58880E+02  0.00000E+00  0.00000E+00  0.00000E+00    5156  0.00000E+00  0.00000E+00  0.43469E-02
      170.0000  0.18750E+03 -0.18750E+03  0.31876E+05 -0.24843E+05  0.00000E+00  0.00000E+00  0.30065E+02  0.47882E+02  0.58880E+02  0.00000E+00  0.00000E+00  0.00000E+00    5453  0.00000E+00  0.00000E+00  0.43469E-02
      180.0000  0.18750E+03 -0.18750E+03  0.33751E+05 -0.26718E+05  0.00000E+00  0.00000E+00  0.30065E+02  0.47882E+02  0.58880E+02  0.00000E+00  0.00000E+00  0.00000E+00    5750  0.00000E+00  0.00000E+00  0.43469E-02
      190.0000  0.18750E+03 -0.18750E+03  0.35626E+05 -0.28593E+05  0.00000E+00  0.00000E+00  0.30065E+02  0.47882E+02  0.58880E+02  0.00000E+00  0.00000E+00  0.00000E+00    6047  0.00000E+00  0.00000E+00  0.43469E-02
      200.0000  0.18750E+03 -0.18750E+03  0.37501E+05 -0.30468E+05  0.00000E+00  0.00000E+00  0.30065E+02  0.47882E+02  0.58880E+02  0.00000E+00  0.00000E+00  0.00000E+00    6344  0.00000E+00  0.00000E+00  0.43469E-02
      210.0000  0.18750E+03 -0.18750E+03  0.39377E+05 -0.32344E+05  0.00000E+00  0.00000E+00  0.30065E+02  0.47882E+02  0.58880E+02  0.00000E+00  0.00000E+00  0.00000E+00    6641  0.00000E+00  0.00000E+00  0.43469E-02
      220.0000  0.18750E+03 -0.18750E+03  0.41252E+05 -0.34219E+05  0.00000E+00  0.00000E+00  0.30065E+02  0.47882E+02  0.58880E+02  0.00000E+00  0.00000E+00  0.00000E+00    6938  0.00000E+00  0.00000E+00  0.43469E-02
      230.0000  0.18750E+03 -0.18750E+03  0.43127E+05 -0.36094E+05  0.00000E+00  0.00000E+00  0.30065E+02  0.47882E+02  0.58880E+02  0.00000E+00  0.00000E+00  0.00000E+00    7235  0.00000E+00  0.00000E+00  0.43469E-02
      240.0000  0.18750E+03 -0.18750E+03  0.45002E+05 -0.37969E+05  0.00000E+00  0.00000E+00  0.30065E+02  0.47882E+02  0.58880E+02  0.00000E+00  0.00000E+00  0.00000E+00    7532  0.00000E+00  0.00000E+00  0.43469E-02
      250.0000  0.18750E+03 -0.18750E+03  0.46877E+05 -0.39844E+05  0.00000E+00  0.00000E+00  0.30065E+02  0.47882E+02  0.58880E+02  0.00000E+00  0.00000E+00  0.00000E+00    7829  0.00000E+00  0.00000E+00  0.43469E-02
      260.0000  0.18750E+03 -0.18750E+03  0.48752E+05 -0.41719E+05  0.00000E+00  0.00000E+00  0.30065E+02  0.47882E+02  0.58880E+02  0.00000E+00  0.00000E+00  0.00000E+00    8126  0.00000E+00  0.00000E+00  0.43469E-02
      270.0000  0.18750E+03 -0.18750E+03  0.50627E+05 -0.43595E+05  0.00000E+00  0.00000E+00  0.30065E+02  0.47882E+02  0.58880E+02  0.00000E+00  0.00000E+00  0.00000E+00    8423  0.00000E+00  0.00000E+00  0.43469E-02
      280.0000  0.18750E+03 -0.18750E+03  0.52503E+05 -0.45470E+05  0.00000E+00  0.00000E+00  0.30065E+02  0.47882E+02  0.58880E+02  0.00000E+00  0.00000E+00  0.00000E+00    8720  0.00000E+00  0.00000E+00  0.43469E-02
      290.0000  0.18750E+03 -0.18750E+03  0.54378E+05 -0.47345E+05  0.00000E+00  0.00000E+00  0.30065E+02  0.47882E+02  0.58880E+02  0.00000E+00  0.00000E+00  0.00000E+00    9017  0.00000E+00  0.00000E+00  0.43469E-02
      300.0000  0.18750E+03 -0.18750E+03  0.56253E+05 -0.49220E+05  0.00000E+00  0.00000E+00  0.30065E+02  0.47882E+02  0.58880E+02  0.00000E+00  0.00000E+00  0.00000E+00    9314  0.00000E+00  0.00000E+00  0.43469E-02
      310.0000  0.18750E+03 -0.18750E+03  0.58128E+05 -0.51095E+05  0.00000E+00  0.00000E+00  0.30065E+02  0.47882E+02  0.58880E+02  0.00000E+00  0.00000E+00  0.00000E+00    9611  0.00000E+00  0.00000E+00  0.43469E-02
      320.0000  0.18750E+03 -0.18750E+03  0.60003E+05 -0.52970E+05  0.00000E+00  0.00000E+00  0.30065E+02  0.47882E+02  0.58880E+02  0.00000E+00  0.00000E+00  0.00000E+00    9908  0.00000E+00  0.00000E+00  0.43469E-02
      330.0000  0.18750E+03 -0.18750E+03  0.61878E+05 -0.54845E+05  0.00000E+00  0.00000E+00  0.30065E+02  0.47882E+02  0.58880E+02  0.00000E+00  0.00000E+00  0.00000E+00   10205  0.00000E+00  0.00000E+00  0.43469E-02
      340.0000  0.18750E+03 -0.18750E+03  0.63754E+05 -0.56721E+05  0.00000E+00  0.00000E+00  0.30065E+02  0.47882E+02  0.58880E+02  0.00000E+00  0.00000E+00  0.00000E+00   10502  0.00000E+00  0.00000E+00  0.43469E-02
      350.0000  0.18750E+03 -0.18750E+03  0.65629E+05 -0.58596E+05  0.00000E+00  0.00000E+00  0.30065E+02  0.47882E+02  0.58880E+02  0.00000E+00  0.00000E+00  0.00000E+00   10799  0.00000E+00  0.00000E+00  0.43469E-02
      360.0000  0.18750E+03 -0.18750E+03  0.67504E+05 -0.60471E+05  0.00000E+00  0.00000E+00  0.30065E+02  0.47882E+02  0.58880E+02  0.00000E+00  0.00000E+00  0.00000E+00   11096  0.00000E+00  0.00000E+00  0.43469E-02
      370.0000  0.18750E+03 -0.18750E+03  0.69379E+05 -0.62346E+05  0.00000E+00  0.00000E+00  0.30065E+02  0.47882E+02  0.58880E+02  0.00000E+00  0.00000E+00  0.00000E+00   11393  0.00000E+00  0.00000E+00  0.43469E-02
      380.0000  0.18750E+03 -0.18750E+03  0.71254E+05 -0.64221E+05  0.00000E+00  0.00000E+00  0.30065E+02  0.47882E+02  0.58880E+02  0.00000E+00  0.00000E+00  0.00000E+00   11690  0.00000E+00  0.00000E+00  0.43469E-02
      390.0000  0.18750E+03 -0.18750E+03  0.73129E+05 -0.66096E+05  0.00000E+00  0.00000E+00  0.30065E+02  0.47882E+02  0.58880E+02  0.00000E+00  0.00000E+00  0.00000E+00   11987  0.00000E+00  0.00000E+00  0.43469E-02
      400.0000  0.18750E+03 -0.18750E+03  0.75004E+05 -0.67972E+05  0.00000E+00  0.00000E+00  0.30065E+02  0.47882E+02  0.58880E+02  0.00000E+00  0.00000E+00  0.00000E+00   12284  0.00000E+00  0.00000E+00  0.43469E-02
      410.0000  0.18750E+03 -0.18750E+03  0.76880E+05 -0.69847E+05  0.00000E+00  0.00000E+00  0.30065E+02  0.47882E+02  0.58880E+02  0.00000E+00  0.00000E+00  0.00000E+00   12581  0.00000E+00  0.00000E+00  0.43469E-02
      420.0000  0.18750E+03 -0.18750E+03  0.78755E+05 -0.71722E+05  0.00000E+00  0.00000E+00  0.30065E+02  0.47882E+02  0.58880E+02  0.00000E+00  0.00000E+00  0.00000E+00   12878  0.00000E+00  0.00000E+00  0.43469E-02
      430.0000  0.18750E+03 -0.18750E+03  0.80630E+05 -0.73597E+05  0.00000E+00  0.00000E+00  0.30065E+02  0.47882E+02  0.58880E+02  0.00000E+00  0.00000E+00  0.00000E+00   13175  0.00000E+00  0.00000E+00  0.43469E-02
      440.0000  0.18750E+03 -0.18750E+03  0.82505E+05 -0.75472E+05  0.00000E+00  0.00000E+00  0.30065E+02  0.47882E+02  0.58880E+02  0.00000E+00  0.00000E+00  0.00000E+00   13472  0.00000E+00  0.00000E+00  0.43469E-02
      450.0000  0.18750E+03 -0.18750E+03  0.84380E+05 -0.77347E+05  0.00000E+00  0.00000E+00  0.30065E+02  0.47882E+02  0.58880E+02  0.00000E+00  0.00000E+00  0.00000E+00   13769  0.00000E+00  0.00000E+00  0.43469E-02
      460.0000  0.18750E+03 -0.18750E+03  0.86255E+05 -0.79222E+05  0.00000E+00  0.00000E+00  0.30065E+02  0.47882E+02  0.58880E+02  0.00000E+00  0.00000E+00  0.00000E+00   14066  0.00000E+00  0.00000E+00  0.43469E-02
      470.0000  0.18750E+03 -0.18750E+03  0.88131E+05 -0.81098E+05  0.00000E+00  0.00000E+00  0.30065E+02  0.47882E+02  0.58880E+02  0.00000E+00  0.00000E+00  0.00000E+00   14363  0.00000E+00  0.00000E+00  0.43469E-02
      480.0000  0.18750E+03 -0.18750E+03  0.90006E+05 -0.82973E+05  0.00000E+00  0.00000E+00  0.30065E+02  0.47882E+02  0.58880E+02  0.00000E+00  0.00000E+00  0.00000E+00   14660  0.00000E+00  0.00000E+00  0.43469E-02
      490.0000  0.18750E+03 -0.18750E+03  0.91881E+05 -0.84848E+05  0.00000E+00  0.00000E+00  0.30065E+02  0.47882E+02  0.58880E+02  0.00000E+00  0.00000E+00  0.00000E+00   14957  0.00000E+00  0.00000E+00  0.43469E-02
      500.0000  0.18750E+03 -0.18750E+03  0.93756E+05 -0.86723E+05  0.00000E+00  0.00000E+00  0.30065E+02  0.47882E+02  0.58880E+02  0.00000E+00  0.00000E+00  0.00000E+00   15254  0.00000E+00  0.00000E+00  0.43469E-02
      510.0000  0.18750E+03 -0.18750E+03  0.95631E+05 -0.88598E+05  0.00000E+00  0.00000E+00  0.30065E+02  0.47882E+02  0.58880E+02  0.00000E+00  0.00000E+00  0.00000E+00   15551  0.00000E+00  0.00000E+00  0.43469E-02
      520.0000  0.18750E+03 -0.18750E+03  0.97506E+05 -0.90473E+05  0.00000E+00  0.00000E+00  0.30065E+02  0.47882E+02  0.58880E+02  0.00000E+00  0.00000E+00  0.00000E+00   15848  0.00000E+00  0.00000E+00  0.43469E-02
      530.0000  0.18750E+03 -0.18750E+03  0.99381E+05 -0.92348E+05  0.00000E+00  0.00000E+00  0.30065E+02  0.47882E+02  0.58880E+02  0.00000E+00  0.00000E+00  0.00000E+00   16145  0.00000E+00  0.00000E+00  0.43469E-02
      540.0000  0.18750E+03 -0.18750E+03  0.10126E+06 -0.94224E+05  0.00000E+00  0.00000E+00  0.30065E+02  0.47882E+02  0.58880E+02  0.00000E+00  0.00000E+00  0.00000E+00   16442  0.00000E+00  0.00000E+00  0.43469E-02
      550.0000  0.18750E+03 -0.18750E+03  0.10313E+06 -0.96099E+05  0.00000E+00  0.00000E+00  0.30065E+02  0.47882E+02  0.58880E+02  0.00000E+00  0.00000E+00  0.00000E+00   16739  0.00000E+00  0.00000E+00  0.43469E-02
      560.0000  0.18750E+03 -0.18750E+03  0.10501E+06 -0.97974E+05  0.00000E+00  0.00000E+00  0.30065E+02  0.47882E+02  0.58880E+02  0.00000E+00  0.00000E+00  0.00000E+00   17036  0.00000E+00  0.00000E+00  0.43469E-02
      570.0000  0.18750E+03 -0.18750E+03  0.10688E+06 -0.99849E+05  0.00000E+00  0.00000E+00  0.30065E+02  0.47882E+02  0.58880E+02  0.00000E+00  0.00000E+00  0.00000E+00   17333  0.00000E+00  0.00000E+00  0.43469E-02
      580.0000  0.18750E+03 -0.18750E+03  0.10876E+06 -0.10172E+06  0.00000E+00  0.00000E+00  0.30065E+02  0.47882E+02  0.58880E+02  0.00000E+00  0.00000E+00  0.00000E+00   17630  0.00000E+00  0.00000E+00  0.43469E-02
      590.0000  0.18750E+03 -0.18750E+03  0.11063E+06 -0.10360E+06  0.00000E+00  0.00000E+00  0.30065E+02  0.47882E+02  0.58880E+02  0.00000E+00  0.00000E+00  0.00000E+00   17927  0.00000E+00  0.00000E+00  0.43469E-02
      600.0000  0.18750E+03 -0.18750E+03  0.11251E+06 -0.10547E+06  0.00000E+00  0.00000E+00  0.30065E+02  0.47882E+02  0.58880E+02  0.00000E+00  0.00000E+00  0.00000E+00   18224  0.00000E+00  0.00000E+00  0.43469E-02
      610.0000  0.18750E+03 -0.18750E+03  0.11438E+06 -0.10735E+06  0.00000E+00  0.00000E+00  0.30065E+02  0.47882E+02  0.58880E+02  0.00000E+00  0.00000E+00  0.00000E+00   18521  0.00000E+00  0.00000E+00  0.43469E-02
      620.0000  0.18750E+03 -0.18750E+03  0.11626E+06 -0.10922E+06  0.00000E+00  0.00000E+00  0.30065E+02  0.47882E+02  0.58880E+02  0.00000E+00  0.00000E+00  0.00000E+00   18818  0.00000E+00  0.00000E+00  0.43469E-02
      630.0000  0.18750E+03 -0.18750E+03  0.11813E+06 -0.11110E+06  0.00000E+00  0.00000E+00  0.30065E+02  0.47882E+02  0.58880E+02  0.00000E+00  0.00000E+00  0.00000E+00   19115  0.00000E+00  0.00000E+00  0.43469E-02
      640.0000  0.18750E+03 -0.18750E+03  0.12001E+06 -0.11298E+06  0.00000E+00  0.00000E+00  0.30065E+02  0.47882E+02  0.58880E+02  0.00000E+00  0.00000E+00  0.00000E+00   19412  0.00000E+00  0.00000E+00  0.43469E-02
      650.0000  0.18750E+03 -0.18750E+03  0.12188E+06 -0.11485E+06  0.00000E+00  0.00000E+00  0.30065E+02  0.47882E+02  0.58880E+02  0.00000E+00  0.00000E+00  0.00000E+00   19709  0.00000E+00  0.00000E+00  0.43469E-02
      660.0000  0.18750E+03 -0.18750E+03  0.12376E+06 -0.11673E+06  0.00000E+00  0.00000E+00  0.30065E+02  0.47882E+02  0.58880E+02  0.00000E+00  0.00000E+00  0.00000E+00   20006  0.00000E+00  0.00000E+00  0.43469E-02
      670.0000  0.18750E+03 -0.18750E+03  0.12563E+06 -0.11860E+06  0.00000E+00  0.00000E+00  0.30065E+02  0.47882E+02  0.58880E+02  0.00000E+00  0.00000E+00  0.00000E+00   20303  0.00000E+00  0.00000E+00  0.43469E-02
      680.0000  0.18750E+03 -0.18750E+03  0.12751E+06 -0.12048E+06  0.00000E+00  0.00000E+00  0.30065E+02  0.47882E+02  0.58880E+02  0.00000E+00  0.00000E+00  0.00000E+00   20600  0.00000E+00  0.00000E+00  0.43469E-02
      690.0000  0.18750E+03 -0.18750E+03  0.12938E+06 -0.12235E+06  0.00000E+00  0.00000E+00  0.30065E+02  0.47882E+02  0.58880E+02  0.00000E+00  0.00000E+00  0.00000E+00   20897  0.00000E+00  0.00000E+00  0.43469E-02
      700.0000  0.18750E+03 -0.18750E+03  0.13126E+06 -0.12423E+06  0.00000E+00  0.00000E+00  0.30065E+02  0.47882E+02  0.58880E+02  0.00000E+00  0.00000E+00  0.00000E+00   21194  0.00000E+00  0.00000E+00  0.43469E-02
      710.0000  0.18750E+03 -0.18750E+03  0.13313E+06 -0.12610E+06  0.00000E+00  0.00000E+00  0.30065E+02  0.47882E+02  0.58880E+02  0.00000E+00  0.00000E+00  0.00000E+00   21491  0.00000E+00  0.00000E+00  0.43469E-02
      720.0000  0.18750E+03 -0.18750E+03  0.13501E+06 -0.12798E+06  0.00000E+00  0.00000E+00  0.30065E+02  0.47882E+02  0.58880E+02  0.00000E+00  0.00000E+00  0.00000E+00   21788  0.00000E+00  0.00000E+00  0.43469E-02
      730.0000  0.18750E+03 -0.18750E+03  0.13688E+06 -0.12985E+06  0.00000E+00  0.00000E+00  0.30065E+02  0.47882E+02  0.58880E+02  0.00000E+00  0.00000E+00  0.00000E+00   22085  0.00000E+00  0.00000E+00  0.43469E-02
      740.0000  0.18750E+03 -0.18750E+03  0.13876E+06 -0.13173E+06  0.00000E+00  0.00000E+00  0.30065E+02  0.47882E+02  0.58880E+02  0.00000E+00  0.00000E+00  0.00000E+00   22382  0.00000E+00  0.00000E+00  0.43469E-02
      750.0000  0.18750E+03 -0.18750E+03  0.14063E+06 -0.13360E+06  0.00000E+00  0.00000E+00  0.30065E+02  0.47882E+02  0.58880E+02  0.00000E+00  0.00000E+00  0.00000E+00   22679  0.00000E+00  0.00000E+00  0.43469E-02
      760.0000  0.18750E+03 -0.18750E+03  0.14251E+06 -0.13548E+06  0.00000E+00  0.00000E+00  0.30065E+02  0.47882E+02  0.58880E+02  0.00000E+00  0.00000E+00  0.00000E+00   22976  0.00000E+00  0.00000E+00  0.43469E-02
      770.0000  0.18750E+03 -0.18750E+03  0.14439E+06 -0.13735E+06  0.00000E+00  0.00000E+00  0.30065E+02  0.47882E+02  0.58880E+02  0.00000E+00  0.00000E+00  0.00000E+00   23273  0.00000E+00  0.00000E+00  0.43469E-02
      780.0000  0.18750E+03 -0.18750E+03  0.14626E+06 -0.13923E+06  0.00000E+00  0.00000E+00  0.30065E+02  0.47882E+02  0.58880E+02  0.00000E+00  0.00000E+00  0.00000E+00   23570  0.00000E+00  0.00000E+00  0.43469E-02
      790.0000  0.18750E+03 -0.18750E+03  0.14814E+06 -0.14110E+06  0.00000E+00  0.00000E+00  0.30065E+02  0.47882E+02  0.58880E+02  0.00000E+00  0.00000E+00  0.00000E+00   23867  0.00000E+00  0.00000E+00  0.43469E-02
      800.0000  0.18750E+03 -0.18750E+03  0.15001E+06 -0.14298E+06  0.00000E+00  0.00000E+00  0.30065E+02  0.47882E+02  0.58880E+02  0.00000E+00  0.00000E+00  0.00000E+00   24164  0.00000E+00  0.00000E+00  0.43469E-02
      810.0000  0.18750E+03 -0.18750E+03  0.15189E+06 -0.14485E+06  0.00000E+00  0.00000E+00  0.30065E+02  0.47882E+02  0.58880E+02  0.00000E+00  0.00000E+00  0.00000E+00   24461  0.00000E+00  0.00000E+00  0.43469E-02
      820.0000  0.18750E+03 -0.18750E+03  0.15376E+06 -0.14673E+06  0.00000E+00  0.00000E+00  0.30065E+02  0.47882E+02  0.58880E+02  0.00000E+00  0.00000E+00  0.00000E+00   24758  0.00000E+00  0.00000E+00  0.43469E-02
      830.0000  0.18750E+03 -0.18750E+03  0.15564E+06 -0.14860E+06  0.00000E+00  0.00000E+00  0.30065E+02  0.47882E+02  0.58880E+02  0.00000E+00  0.00000E+00  0.00000E+00   25055  0.00000E+00  0.00000E+00  0.43469E-02
      840.0000  0.18750E+03 -0.18750E+03  0.15751E+06 -0.15048E+06  0.00000E+00  0.00000E+00  0.30065E+02  0.47882E+02  0.58880E+02  0.00000E+00  0.00000E+00  0.00000E+00   25352  0.00000E+00  0.00000E+00  0.43469E-02
      850.0000  0.18750E+03 -0.18750E+03  0.15939E+06 -0.15235E+06  0.00000E+00  0.00000E+00  0.30065E+02  0.47882E+02  0.58880E+02  0.00000E+00  0.00000E+00  0.00000E+00   25649  0.00000E+00  0.00000E+00  0.43469E-02
      860.0000  0.18750E+03 -0.18750E+03  0.16126E+06 -0.15423E+06  0.00000E+00  0.00000E+00  0.30065E+02  0.47882E+02  0.58880E+02  0.00000E+00  0.00000E+00  0.00000E+00   25946  0.00000E+00  0.00000E+00  0.43469E-02
      870.0000  0.18750E+03 -0.18750E+03  0.16314E+06 -0.15610E+06  0.00000E+00  0.00000E+00  0.30065E+02  0.47882E+02  0.58880E+02  0.00000E+00  0.00000E+00  0.00000E+00   26243  0.00000E+00  0.00000E+00  0.43469E-02
      880.0000  0.18750E+03 -0.18750E+03  0.16501E+06 -0.15798E+06  0.00000E+00  0.00000E+00  0.30065E+02  0.47882E+02  0.58880E+02  0.00000E+00  0.00000E+00  0.00000E+00   26540  0.00000E+00  0.00000E+00  0.43469E-02
      890.0000  0.18750E+03 -0.18750E+03  0.16689E+06 -0.15985E+06  0.00000E+00  0.00000E+00  0.30065E+02  0.47882E+02  0.58880E+02  0.00000E+00  0.00000E+00  0.00000E+00   26837  0.00000E+00  0.00000E+00  0.43469E-02
      900.0000  0.18750E+03 -0.18750E+03  0.16876E+06 -0.16173E+06  0.00000E+00  0.00000E+00  0.30065E+02  0.47882E+02  0.58880E+02  0.00000E+00  0.00000E+00  0.00000E+00   27134  0.00000E+00  0.00000E+00  0.43469E-02
      910.0000  0.18750E+03 -0.18750E+03  0.17064E+06 -0.16360E+06  0.00000E+00  0.00000E+00  0.30065E+02  0.47882E+02  0.58880E+02  0.00000E+00  0.00000E+00  0.00000E+00   27431  0.00000E+00  0.00000E+00  0.43469E-02
      920.0000  0.18750E+03 -0.18750E+03  0.17251E+06 -0.16548E+06  0.00000E+00  0.00000E+00  0.30065E+02  0.47882E+02  0.58880E+02  0.00000E+00  0.00000E+00  0.00000E+00   27728  0.00000E+00  0.00000E+00  0.43469E-02
      930.0000  0.18750E+03 -0.18750E+03  0.17439E+06 -0.16735E+06  0.00000E+00  0.00000E+00  0.30065E+02  0.47882E+02  0.58880E+02  0.00000E+00  0.00000E+00  0.00000E+00   28025  0.00000E+00  0.00000E+00  0.43469E-02
      940.0000  0.18750E+03 -0.18750E+03  0.17626E+06 -0.16923E+06  0.00000E+00  0.00000E+00  0.30065E+02  0.47882E+02  0.58880E+02  0.00000E+00  0.00000E+00  0.00000E+00   28322  0.00000E+00  0.00000E+00  0.43469E-02
      950.0000  0.18750E+03 -0.18750E+03  0.17814E+06 -0.17111E+06  0.00000E+00  0.00000E+00  0.30065E+02  0.47882E+02  0.58880E+02  0.00000E+00  0.00000E+00  0.00000E+00   28619  0.00000E+00  0.00000E+00  0.43469E-02
      960.0000  0.18750E+03 -0.18750E+03  0.18001E+06 -0.17298E+06  0.00000E+00  0.00000E+00  0.30065E+02  0.47882E+02  0.58880E+02  0.00000E+00  0.00000E+00  0.00000E+00   28916  0.00000E+00  0.00000E+00  0.43469E-02
      970.0000  0.18750E+03 -0.18750E+03  0.18189E+06 -0.17486E+06  0.00000E+00  0.00000E+00  0.30065E+02  0.47882E+02  0.58880E+02  0.00000E+00  0.00000E+00  0.00000E+00   29213  0.00000E+00  0.00000E+00  0.43469E-02
      980.0000  0.18750E+03 -0.18750E+03  0.18376E+06 -0.17673E+06  0.00000E+00  0.00000E+00  0.30065E+02  0.47882E+02  0.58880E+02  0.00000E+00  0.00000E+00  0.00000E+00   29510  0.00000E+00  0.00000E+00  0.43469E-02
      990.0000  0.18750E+03 -0.18750E+03  0.18564E+06 -0.17861E+06  0.00000E+00  0.00000E+00  0.30065E+02  0.47882E+02  0.58880E+02  0.00000E+00  0.00000E+00  0.00000E+00   29807  0.00000E+00  0.00000E+00  0.43469E-02
     1000.0000  0.18750E+03 -0.18750E+03  0.18751E+06 -0.18048E+06  0.00000E+00  0.00000E+00  0.30065E+02  0.47882E+02  0.58880E+02  0.00000E+00  0.00000E+00  0.00000E+00   30104  0.00000E+00  0.00000E+00  0.43469E-02
end
