 ******* Program HYDRUS
 ******* 
 Welcome to HYDRUS-1D                                                    
 Date:  13. 3.    Time:  12:54:45
 Units: L = mm   , T = days , M = mmol 

       Time          rTop        rRoot        vTop         vRoot        vBot       sum(rTop)   sum(rRoot)    sum(vTop)   sum(vRoot)    sum(vBot)      hTop         hRoot        hBot        RunOff    sum(RunOff)     Volume     sum(Infil)    sum(Evap) TLevel Cum(WTrans)  SnowLayer
        [T]         [L/T]        [L/T]        [L/T]        [L/T]        [L/T]         [L]          [L]          [L]         [L]           [L]         [L]           [L]         [L]          [L/T]         [L]          [L]          [L]          [L]

      10.0000 -0.62500E+01  0.50000E+01 -0.62500E+01  0.34826E+01 -0.29768E-05 -0.62500E+02  0.50000E+02 -0.62500E+02  0.30570E+02 -0.29768E-04 -0.35321E+03 -0.42713E+03 -0.10000E+04  0.00000E+00  0.14490E-03  0.96621E+02  0.62500E+02  0.00000E+00    555  0.00000E+00      0.000
      20.0000 -0.62500E+01  0.50000E+01 -0.62500E+01  0.30655E+01 -0.29768E-05 -0.12500E+03  0.10000E+03 -0.12500E+03  0.62280E+02 -0.59537E-04 -0.35321E+03 -0.36206E+03 -0.10000E+04  0.00000E+00  0.14490E-03  0.12740E+03  0.12500E+03  0.00000E+00    979  0.00000E+00      0.000
      30.0000 -0.62500E+01  0.50000E+01 -0.62500E+01  0.30655E+01 -0.31844E+01 -0.18750E+03  0.15000E+03 -0.18750E+03  0.92935E+02 -0.26864E+02 -0.35321E+03 -0.36206E+03 -0.36568E+03  0.00000E+00  0.14490E-03  0.13238E+03  0.18750E+03  0.00000E+00   1295  0.00000E+00      0.000
      40.0000 -0.62500E+01  0.50000E+01 -0.62500E+01  0.30655E+01 -0.31844E+01 -0.25000E+03  0.20000E+03 -0.25000E+03  0.12359E+03 -0.58708E+02 -0.35321E+03 -0.36206E+03 -0.36568E+03  0.00000E+00  0.14490E-03  0.13238E+03  0.25000E+03  0.00000E+00   1592  0.00000E+00      0.000
      50.0000 -0.62500E+01  0.50000E+01 -0.62500E+01  0.30655E+01 -0.31844E+01 -0.31250E+03  0.25000E+03 -0.31250E+03  0.15425E+03 -0.90553E+02 -0.35321E+03 -0.36206E+03 -0.36568E+03  0.00000E+00  0.14490E-03  0.13238E+03  0.31250E+03  0.00000E+00   1889  0.00000E+00      0.000
      60.0000 -0.62500E+01  0.50000E+01 -0.62500E+01  0.30655E+01 -0.31844E+01 -0.37500E+03  0.30000E+03 -0.37500E+03  0.18490E+03 -0.12240E+03 -0.35321E+03 -0.36206E+03 -0.36568E+03  0.00000E+00  0.14490E-03  0.13238E+03  0.37500E+03  0.00000E+00   2186  0.00000E+00      0.000
      70.0000 -0.62500E+01  0.50000E+01 -0.62500E+01  0.30655E+01 -0.31844E+01 -0.43749E+03  0.35000E+03 -0.43749E+03  0.21556E+03 -0.15424E+03 -0.35321E+03 -0.36206E+03 -0.36568E+03  0.00000E+00  0.14490E-03  0.13238E+03  0.43749E+03  0.00000E+00   2483  0.00000E+00      0.000
      80.0000 -0.62500E+01  0.50000E+01 -0.62500E+01  0.30655E+01 -0.31844E+01 -0.49999E+03  0.39999E+03 -0.49999E+03  0.24621E+03 -0.18609E+03 -0.35321E+03 -0.36206E+03 -0.36568E+03  0.00000E+00  0.14490E-03  0.13238E+03  0.49999E+03  0.00000E+00   2780  0.00000E+00      0.000
      90.0000 -0.62500E+01  0.50000E+01 -0.62500E+01  0.30655E+01 -0.31844E+01 -0.56249E+03  0.44999E+03 -0.56249E+03  0.27687E+03 -0.21793E+03 -0.35321E+03 -0.36206E+03 -0.36568E+03  0.00000E+00  0.14490E-03  0.13238E+03  0.56249E+03  0.00000E+00   3077  0.00000E+00      0.000
     100.0000 -0.62500E+01  0.50000E+01 -0.62500E+01  0.30655E+01 -0.31844E+01 -0.62500E+03  0.49999E+03 -0.62500E+03  0.30753E+03 -0.24978E+03 -0.35321E+03 -0.36206E+03 -0.36568E+03  0.00000E+00  0.14490E-03  0.13238E+03  0.62500E+03  0.00000E+00   3374  0.00000E+00      0.000
     110.0000 -0.62500E+01  0.50000E+01 -0.62500E+01  0.30655E+01 -0.31844E+01 -0.68750E+03  0.55000E+03 -0.68750E+03  0.33818E+03 -0.28162E+03 -0.35321E+03 -0.36206E+03 -0.36568E+03  0.00000E+00  0.14490E-03  0.13238E+03  0.68750E+03  0.00000E+00   3671  0.00000E+00      0.000
     120.0000 -0.62500E+01  0.50000E+01 -0.62500E+01  0.30655E+01 -0.31844E+01 -0.75001E+03  0.60001E+03 -0.75001E+03  0.36884E+03 -0.31346E+03 -0.35321E+03 -0.36206E+03 -0.36568E+03  0.00000E+00  0.14490E-03  0.13238E+03  0.75001E+03  0.00000E+00   3968  0.00000E+00      0.000
     130.0000 -0.62500E+01  0.50000E+01 -0.62500E+01  0.30655E+01 -0.31844E+01 -0.81251E+03  0.65001E+03 -0.81251E+03  0.39949E+03 -0.34530E+03 -0.35321E+03 -0.36206E+03 -0.36568E+03  0.00000E+00  0.14490E-03  0.13238E+03  0.81251E+03  0.00000E+00   4265  0.00000E+00      0.000
     140.0000 -0.62500E+01  0.50000E+01 -0.62500E+01  0.30655E+01 -0.31844E+01 -0.87502E+03  0.70002E+03 -0.87502E+03  0.43015E+03 -0.37714E+03 -0.35321E+03 -0.36206E+03 -0.36568E+03  0.00000E+00  0.14490E-03  0.13238E+03  0.87502E+03  0.00000E+00   4562  0.00000E+00      0.000
     150.0000 -0.62500E+01  0.50000E+01 -0.62500E+01  0.30655E+01 -0.31844E+01 -0.93752E+03  0.75003E+03 -0.93752E+03  0.46081E+03 -0.40898E+03 -0.35321E+03 -0.36206E+03 -0.36568E+03  0.00000E+00  0.14490E-03  0.13238E+03  0.93752E+03  0.00000E+00   4859  0.00000E+00      0.000
     160.0000 -0.62500E+01  0.50000E+01 -0.62500E+01  0.30655E+01 -0.31844E+01 -0.10000E+04  0.80004E+03 -0.10000E+04  0.49146E+03 -0.44082E+03 -0.35321E+03 -0.36206E+03 -0.36568E+03  0.00000E+00  0.14490E-03  0.13238E+03  0.10000E+04  0.00000E+00   5156  0.00000E+00      0.000
     170.0000 -0.62500E+01  0.50000E+01 -0.62500E+01  0.30655E+01 -0.31844E+01 -0.10625E+04  0.85005E+03 -0.10625E+04  0.52212E+03 -0.47266E+03 -0.35321E+03 -0.36206E+03 -0.36568E+03  0.00000E+00  0.14490E-03  0.13238E+03  0.10625E+04  0.00000E+00   5453  0.00000E+00      0.000
     180.0000 -0.62500E+01  0.50000E+01 -0.62500E+01  0.30655E+01 -0.31844E+01 -0.11250E+04  0.90005E+03 -0.11250E+04  0.55277E+03 -0.50450E+03 -0.35321E+03 -0.36206E+03 -0.36568E+03  0.00000E+00  0.14490E-03  0.13238E+03  0.11250E+04  0.00000E+00   5750  0.00000E+00      0.000
     190.0000 -0.62500E+01  0.50000E+01 -0.62500E+01  0.30655E+01 -0.31844E+01 -0.11875E+04  0.95006E+03 -0.11875E+04  0.58343E+03 -0.53635E+03 -0.35321E+03 -0.36206E+03 -0.36568E+03  0.00000E+00  0.14490E-03  0.13238E+03  0.11875E+04  0.00000E+00   6047  0.00000E+00      0.000
     200.0000 -0.62500E+01  0.50000E+01 -0.62500E+01  0.30655E+01 -0.31844E+01 -0.12501E+04  0.10001E+04 -0.12501E+04  0.61409E+03 -0.56820E+03 -0.35321E+03 -0.36206E+03 -0.36568E+03  0.00000E+00  0.14490E-03  0.13238E+03  0.12501E+04  0.00000E+00   6344  0.00000E+00      0.000
     210.0000 -0.62500E+01  0.50000E+01 -0.62500E+01  0.30655E+01 -0.31844E+01 -0.13126E+04  0.10501E+04 -0.13126E+04  0.64474E+03 -0.60005E+03 -0.35321E+03 -0.36206E+03 -0.36568E+03  0.00000E+00  0.14490E-03  0.13238E+03  0.13126E+04  0.00000E+00   6641  0.00000E+00      0.000
     220.0000 -0.62500E+01  0.50000E+01 -0.62500E+01  0.30655E+01 -0.31844E+01 -0.13751E+04  0.11001E+04 -0.13751E+04  0.67540E+03 -0.63190E+03 -0.35321E+03 -0.36206E+03 -0.36568E+03  0.00000E+00  0.14490E-03  0.13238E+03  0.13751E+04  0.00000E+00   6938  0.00000E+00      0.000
     230.0000 -0.62500E+01  0.50000E+01 -0.62500E+01  0.30655E+01 -0.31844E+01 -0.14376E+04  0.11500E+04 -0.14376E+04  0.70605E+03 -0.66375E+03 -0.35321E+03 -0.36206E+03 -0.36568E+03  0.00000E+00  0.14490E-03  0.13238E+03  0.14376E+04  0.00000E+00   7235  0.00000E+00      0.000
     240.0000 -0.62500E+01  0.50000E+01 -0.62500E+01  0.30655E+01 -0.31844E+01 -0.15001E+04  0.12000E+04 -0.15001E+04  0.73671E+03 -0.69560E+03 -0.35321E+03 -0.36206E+03 -0.36568E+03  0.00000E+00  0.14490E-03  0.13238E+03  0.15001E+04  0.00000E+00   7532  0.00000E+00      0.000
     250.0000 -0.62500E+01  0.50000E+01 -0.62500E+01  0.30655E+01 -0.31844E+01 -0.15626E+04  0.12500E+04 -0.15626E+04  0.76737E+03 -0.72745E+03 -0.35321E+03 -0.36206E+03 -0.36568E+03  0.00000E+00  0.14490E-03  0.13238E+03  0.15626E+04  0.00000E+00   7829  0.00000E+00      0.000
     260.0000 -0.62500E+01  0.50000E+01 -0.62500E+01  0.30655E+01 -0.31844E+01 -0.16251E+04  0.13000E+04 -0.16251E+04  0.79802E+03 -0.75930E+03 -0.35321E+03 -0.36206E+03 -0.36568E+03  0.00000E+00  0.14490E-03  0.13238E+03  0.16251E+04  0.00000E+00   8126  0.00000E+00      0.000
     270.0000 -0.62500E+01  0.50000E+01 -0.62500E+01  0.30655E+01 -0.31844E+01 -0.16876E+04  0.13500E+04 -0.16876E+04  0.82868E+03 -0.79115E+03 -0.35321E+03 -0.36206E+03 -0.36568E+03  0.00000E+00  0.14490E-03  0.13238E+03  0.16876E+04  0.00000E+00   8423  0.00000E+00      0.000
     280.0000 -0.62500E+01  0.50000E+01 -0.62500E+01  0.30655E+01 -0.31844E+01 -0.17501E+04  0.14000E+04 -0.17501E+04  0.85933E+03 -0.82300E+03 -0.35321E+03 -0.36206E+03 -0.36568E+03  0.00000E+00  0.14490E-03  0.13238E+03  0.17501E+04  0.00000E+00   8720  0.00000E+00      0.000
     290.0000 -0.62500E+01  0.50000E+01 -0.62500E+01  0.30655E+01 -0.31844E+01 -0.18126E+04  0.14500E+04 -0.18126E+04  0.88999E+03 -0.85485E+03 -0.35321E+03 -0.36206E+03 -0.36568E+03  0.00000E+00  0.14490E-03  0.13238E+03  0.18126E+04  0.00000E+00   9017  0.00000E+00      0.000
     300.0000 -0.62500E+01  0.50000E+01 -0.62500E+01  0.30655E+01 -0.31844E+01 -0.18751E+04  0.15000E+04 -0.18751E+04  0.92065E+03 -0.88670E+03 -0.35321E+03 -0.36206E+03 -0.36568E+03  0.00000E+00  0.14490E-03  0.13238E+03  0.18751E+04  0.00000E+00   9314  0.00000E+00      0.000
     310.0000 -0.62500E+01  0.50000E+01 -0.62500E+01  0.30655E+01 -0.31844E+01 -0.19376E+04  0.15500E+04 -0.19376E+04  0.95130E+03 -0.91855E+03 -0.35321E+03 -0.36206E+03 -0.36568E+03  0.00000E+00  0.14490E-03  0.13238E+03  0.19376E+04  0.00000E+00   9611  0.00000E+00      0.000
     320.0000 -0.62500E+01  0.50000E+01 -0.62500E+01  0.30655E+01 -0.31844E+01 -0.20001E+04  0.16000E+04 -0.20001E+04  0.98196E+03 -0.95040E+03 -0.35321E+03 -0.36206E+03 -0.36568E+03  0.00000E+00  0.14490E-03  0.13238E+03  0.20001E+04  0.00000E+00   9908  0.00000E+00      0.000
     330.0000 -0.62500E+01  0.50000E+01 -0.62500E+01  0.30655E+01 -0.31844E+01 -0.20626E+04  0.16500E+04 -0.20626E+04  0.10126E+04 -0.98224E+03 -0.35321E+03 -0.36206E+03 -0.36568E+03  0.00000E+00  0.14490E-03  0.13238E+03  0.20626E+04  0.00000E+00  10205  0.00000E+00      0.000
     340.0000 -0.62500E+01  0.50000E+01 -0.62500E+01  0.30655E+01 -0.31844E+01 -0.21251E+04  0.16999E+04 -0.21251E+04  0.10433E+04 -0.10141E+04 -0.35321E+03 -0.36206E+03 -0.36568E+03  0.00000E+00  0.14490E-03  0.13238E+03  0.21251E+04  0.00000E+00  10502  0.00000E+00      0.000
     350.0000 -0.62500E+01  0.50000E+01 -0.62500E+01  0.30655E+01 -0.31844E+01 -0.21876E+04  0.17499E+04 -0.21876E+04  0.10739E+04 -0.10459E+04 -0.35321E+03 -0.36206E+03 -0.36568E+03  0.00000E+00  0.14490E-03  0.13238E+03  0.21876E+04  0.00000E+00  10799  0.00000E+00      0.000
     360.0000 -0.62500E+01  0.50000E+01 -0.62500E+01  0.30655E+01 -0.31844E+01 -0.22501E+04  0.17999E+04 -0.22501E+04  0.11045E+04 -0.10778E+04 -0.35321E+03 -0.36206E+03 -0.36568E+03  0.00000E+00  0.14490E-03  0.13238E+03  0.22501E+04  0.00000E+00  11096  0.00000E+00      0.000
     370.0000 -0.62500E+01  0.50000E+01 -0.62500E+01  0.30655E+01 -0.31844E+01 -0.23126E+04  0.18499E+04 -0.23126E+04  0.11352E+04 -0.11096E+04 -0.35321E+03 -0.36206E+03 -0.36568E+03  0.00000E+00  0.14490E-03  0.13238E+03  0.23126E+04  0.00000E+00  11393  0.00000E+00      0.000
     380.0000 -0.62500E+01  0.50000E+01 -0.62500E+01  0.30655E+01 -0.31844E+01 -0.23752E+04  0.18999E+04 -0.23752E+04  0.11658E+04 -0.11414E+04 -0.35321E+03 -0.36206E+03 -0.36568E+03  0.00000E+00  0.14490E-03  0.13238E+03  0.23752E+04  0.00000E+00  11690  0.00000E+00      0.000
     390.0000 -0.62500E+01  0.50000E+01 -0.62500E+01  0.30655E+01 -0.31844E+01 -0.24377E+04  0.19499E+04 -0.24377E+04  0.11964E+04 -0.11733E+04 -0.35321E+03 -0.36206E+03 -0.36568E+03  0.00000E+00  0.14490E-03  0.13238E+03  0.24377E+04  0.00000E+00  11987  0.00000E+00      0.000
     400.0000 -0.62500E+01  0.50000E+01 -0.62500E+01  0.30655E+01 -0.31844E+01 -0.25002E+04  0.19999E+04 -0.25002E+04  0.12271E+04 -0.12051E+04 -0.35321E+03 -0.36206E+03 -0.36568E+03  0.00000E+00  0.14490E-03  0.13238E+03  0.25002E+04  0.00000E+00  12284  0.00000E+00      0.000
     410.0000 -0.62500E+01  0.50000E+01 -0.62500E+01  0.30655E+01 -0.31844E+01 -0.25627E+04  0.20499E+04 -0.25627E+04  0.12577E+04 -0.12369E+04 -0.35321E+03 -0.36206E+03 -0.36568E+03  0.00000E+00  0.14490E-03  0.13238E+03  0.25627E+04  0.00000E+00  12581  0.00000E+00      0.000
     420.0000 -0.62500E+01  0.50000E+01 -0.62500E+01  0.30655E+01 -0.31844E+01 -0.26252E+04  0.20999E+04 -0.26252E+04  0.12884E+04 -0.12688E+04 -0.35321E+03 -0.36206E+03 -0.36568E+03  0.00000E+00  0.14490E-03  0.13238E+03  0.26252E+04  0.00000E+00  12878  0.00000E+00      0.000
     430.0000 -0.62500E+01  0.50000E+01 -0.62500E+01  0.30655E+01 -0.31844E+01 -0.26877E+04  0.21499E+04 -0.26877E+04  0.13190E+04 -0.13006E+04 -0.35321E+03 -0.36206E+03 -0.36568E+03  0.00000E+00  0.14490E-03  0.13238E+03  0.26877E+04  0.00000E+00  13175  0.00000E+00      0.000
     440.0000 -0.62500E+01  0.50000E+01 -0.62500E+01  0.30655E+01 -0.31844E+01 -0.27502E+04  0.21998E+04 -0.27502E+04  0.13496E+04 -0.13324E+04 -0.35321E+03 -0.36206E+03 -0.36568E+03  0.00000E+00  0.14490E-03  0.13238E+03  0.27502E+04  0.00000E+00  13472  0.00000E+00      0.000
     450.0000 -0.62500E+01  0.50000E+01 -0.62500E+01  0.30655E+01 -0.31844E+01 -0.28127E+04  0.22498E+04 -0.28127E+04  0.13803E+04 -0.13643E+04 -0.35321E+03 -0.36206E+03 -0.36568E+03  0.00000E+00  0.14490E-03  0.13238E+03  0.28127E+04  0.00000E+00  13769  0.00000E+00      0.000
     460.0000 -0.62500E+01  0.50000E+01 -0.62500E+01  0.30655E+01 -0.31844E+01 -0.28752E+04  0.22998E+04 -0.28752E+04  0.14109E+04 -0.13961E+04 -0.35321E+03 -0.36206E+03 -0.36568E+03  0.00000E+00  0.14490E-03  0.13238E+03  0.28752E+04  0.00000E+00  14066  0.00000E+00      0.000
     470.0000 -0.62500E+01  0.50000E+01 -0.62500E+01  0.30655E+01 -0.31844E+01 -0.29377E+04  0.23498E+04 -0.29377E+04  0.14416E+04 -0.14279E+04 -0.35321E+03 -0.36206E+03 -0.36568E+03  0.00000E+00  0.14490E-03  0.13238E+03  0.29377E+04  0.00000E+00  14363  0.00000E+00      0.000
     480.0000 -0.62500E+01  0.50000E+01 -0.62500E+01  0.30655E+01 -0.31844E+01 -0.30002E+04  0.23998E+04 -0.30002E+04  0.14722E+04 -0.14597E+04 -0.35321E+03 -0.36206E+03 -0.36568E+03  0.00000E+00  0.14490E-03  0.13238E+03  0.30002E+04  0.00000E+00  14660  0.00000E+00      0.000
     490.0000 -0.62500E+01  0.50000E+01 -0.62500E+01  0.30655E+01 -0.31844E+01 -0.30627E+04  0.24498E+04 -0.30627E+04  0.15028E+04 -0.14916E+04 -0.35321E+03 -0.36206E+03 -0.36568E+03  0.00000E+00  0.14490E-03  0.13238E+03  0.30627E+04  0.00000E+00  14957  0.00000E+00      0.000
     500.0000 -0.62500E+01  0.50000E+01 -0.62500E+01  0.30655E+01 -0.31844E+01 -0.31252E+04  0.24998E+04 -0.31252E+04  0.15335E+04 -0.15234E+04 -0.35321E+03 -0.36206E+03 -0.36568E+03  0.00000E+00  0.14490E-03  0.13238E+03  0.31252E+04  0.00000E+00  15254  0.00000E+00      0.000
     510.0000 -0.62500E+01  0.50000E+01 -0.62500E+01  0.30655E+01 -0.31844E+01 -0.31877E+04  0.25498E+04 -0.31877E+04  0.15641E+04 -0.15552E+04 -0.35321E+03 -0.36206E+03 -0.36568E+03  0.00000E+00  0.14490E-03  0.13238E+03  0.31877E+04  0.00000E+00  15551  0.00000E+00      0.000
     520.0000 -0.62500E+01  0.50000E+01 -0.62500E+01  0.30655E+01 -0.31844E+01 -0.32502E+04  0.25998E+04 -0.32502E+04  0.15947E+04 -0.15871E+04 -0.35321E+03 -0.36206E+03 -0.36568E+03  0.00000E+00  0.14490E-03  0.13238E+03  0.32502E+04  0.00000E+00  15848  0.00000E+00      0.000
     530.0000 -0.62500E+01  0.50000E+01 -0.62500E+01  0.30655E+01 -0.31844E+01 -0.33127E+04  0.26498E+04 -0.33127E+04  0.16254E+04 -0.16189E+04 -0.35321E+03 -0.36206E+03 -0.36568E+03  0.00000E+00  0.14490E-03  0.13238E+03  0.33127E+04  0.00000E+00  16145  0.00000E+00      0.000
     540.0000 -0.62500E+01  0.50000E+01 -0.62500E+01  0.30655E+01 -0.31844E+01 -0.33752E+04  0.26997E+04 -0.33752E+04  0.16560E+04 -0.16507E+04 -0.35321E+03 -0.36206E+03 -0.36568E+03  0.00000E+00  0.14490E-03  0.13238E+03  0.33752E+04  0.00000E+00  16442  0.00000E+00      0.000
     550.0000 -0.62500E+01  0.50000E+01 -0.62500E+01  0.30655E+01 -0.31844E+01 -0.34377E+04  0.27497E+04 -0.34377E+04  0.16867E+04 -0.16826E+04 -0.35321E+03 -0.36206E+03 -0.36568E+03  0.00000E+00  0.14490E-03  0.13238E+03  0.34377E+04  0.00000E+00  16739  0.00000E+00      0.000
     560.0000 -0.62500E+01  0.50000E+01 -0.62500E+01  0.30655E+01 -0.31844E+01 -0.35002E+04  0.27997E+04 -0.35002E+04  0.17173E+04 -0.17144E+04 -0.35321E+03 -0.36206E+03 -0.36568E+03  0.00000E+00  0.14490E-03  0.13238E+03  0.35002E+04  0.00000E+00  17036  0.00000E+00      0.000
     570.0000 -0.62500E+01  0.50000E+01 -0.62500E+01  0.30655E+01 -0.31844E+01 -0.35628E+04  0.28497E+04 -0.35628E+04  0.17479E+04 -0.17462E+04 -0.35321E+03 -0.36206E+03 -0.36568E+03  0.00000E+00  0.14490E-03  0.13238E+03  0.35628E+04  0.00000E+00  17333  0.00000E+00      0.000
     580.0000 -0.62500E+01  0.50000E+01 -0.62500E+01  0.30655E+01 -0.31844E+01 -0.36253E+04  0.28997E+04 -0.36253E+04  0.17786E+04 -0.17781E+04 -0.35321E+03 -0.36206E+03 -0.36568E+03  0.00000E+00  0.14490E-03  0.13238E+03  0.36253E+04  0.00000E+00  17630  0.00000E+00      0.000
     590.0000 -0.62500E+01  0.50000E+01 -0.62500E+01  0.30655E+01 -0.31844E+01 -0.36878E+04  0.29497E+04 -0.36878E+04  0.18092E+04 -0.18099E+04 -0.35321E+03 -0.36206E+03 -0.36568E+03  0.00000E+00  0.14490E-03  0.13238E+03  0.36878E+04  0.00000E+00  17927  0.00000E+00      0.000
     600.0000 -0.62500E+01  0.50000E+01 -0.62500E+01  0.30655E+01 -0.31844E+01 -0.37503E+04  0.29997E+04 -0.37503E+04  0.18399E+04 -0.18417E+04 -0.35321E+03 -0.36206E+03 -0.36568E+03  0.00000E+00  0.14490E-03  0.13238E+03  0.37503E+04  0.00000E+00  18224  0.00000E+00      0.000
     610.0000 -0.62500E+01  0.50000E+01 -0.62500E+01  0.30655E+01 -0.31844E+01 -0.38128E+04  0.30497E+04 -0.38128E+04  0.18705E+04 -0.18736E+04 -0.35321E+03 -0.36206E+03 -0.36568E+03  0.00000E+00  0.14490E-03  0.13238E+03  0.38128E+04  0.00000E+00  18521  0.00000E+00      0.000
     620.0000 -0.62500E+01  0.50000E+01 -0.62500E+01  0.30655E+01 -0.31844E+01 -0.38753E+04  0.30997E+04 -0.38753E+04  0.19011E+04 -0.19054E+04 -0.35321E+03 -0.36206E+03 -0.36568E+03  0.00000E+00  0.14490E-03  0.13238E+03  0.38753E+04  0.00000E+00  18818  0.00000E+00      0.000
     630.0000 -0.62500E+01  0.50000E+01 -0.62500E+01  0.30655E+01 -0.31844E+01 -0.39378E+04  0.31497E+04 -0.39378E+04  0.19318E+04 -0.19372E+04 -0.35321E+03 -0.36206E+03 -0.36568E+03  0.00000E+00  0.14490E-03  0.13238E+03  0.39378E+04  0.00000E+00  19115  0.00000E+00      0.000
     640.0000 -0.62500E+01  0.50000E+01 -0.62500E+01  0.30655E+01 -0.31844E+01 -0.40003E+04  0.31996E+04 -0.40003E+04  0.19624E+04 -0.19691E+04 -0.35321E+03 -0.36206E+03 -0.36568E+03  0.00000E+00  0.14490E-03  0.13238E+03  0.40003E+04  0.00000E+00  19412  0.00000E+00      0.000
     650.0000 -0.62500E+01  0.50000E+01 -0.62500E+01  0.30655E+01 -0.31844E+01 -0.40628E+04  0.32496E+04 -0.40628E+04  0.19930E+04 -0.20009E+04 -0.35321E+03 -0.36206E+03 -0.36568E+03  0.00000E+00  0.14490E-03  0.13238E+03  0.40628E+04  0.00000E+00  19709  0.00000E+00      0.000
     660.0000 -0.62500E+01  0.50000E+01 -0.62500E+01  0.30655E+01 -0.31844E+01 -0.41253E+04  0.32996E+04 -0.41253E+04  0.20237E+04 -0.20327E+04 -0.35321E+03 -0.36206E+03 -0.36568E+03  0.00000E+00  0.14490E-03  0.13238E+03  0.41253E+04  0.00000E+00  20006  0.00000E+00      0.000
     670.0000 -0.62500E+01  0.50000E+01 -0.62500E+01  0.30655E+01 -0.31844E+01 -0.41878E+04  0.33496E+04 -0.41878E+04  0.20543E+04 -0.20646E+04 -0.35321E+03 -0.36206E+03 -0.36568E+03  0.00000E+00  0.14490E-03  0.13238E+03  0.41878E+04  0.00000E+00  20303  0.00000E+00      0.000
     680.0000 -0.62500E+01  0.50000E+01 -0.62500E+01  0.30655E+01 -0.31844E+01 -0.42503E+04  0.33996E+04 -0.42503E+04  0.20850E+04 -0.20964E+04 -0.35321E+03 -0.36206E+03 -0.36568E+03  0.00000E+00  0.14490E-03  0.13238E+03  0.42503E+04  0.00000E+00  20600  0.00000E+00      0.000
     690.0000 -0.62500E+01  0.50000E+01 -0.62500E+01  0.30655E+01 -0.31844E+01 -0.43128E+04  0.34496E+04 -0.43128E+04  0.21157E+04 -0.21282E+04 -0.35321E+03 -0.36206E+03 -0.36568E+03  0.00000E+00  0.14490E-03  0.13238E+03  0.43128E+04  0.00000E+00  20897  0.00000E+00      0.000
     700.0000 -0.62500E+01  0.50000E+01 -0.62500E+01  0.30655E+01 -0.31844E+01 -0.43753E+04  0.34996E+04 -0.43753E+04  0.21464E+04 -0.21601E+04 -0.35321E+03 -0.36206E+03 -0.36568E+03  0.00000E+00  0.14490E-03  0.13238E+03  0.43753E+04  0.00000E+00  21194  0.00000E+00      0.000
     710.0000 -0.62500E+01  0.50000E+01 -0.62500E+01  0.30655E+01 -0.31844E+01 -0.44378E+04  0.35496E+04 -0.44378E+04  0.21770E+04 -0.21919E+04 -0.35321E+03 -0.36206E+03 -0.36568E+03  0.00000E+00  0.14490E-03  0.13238E+03  0.44378E+04  0.00000E+00  21491  0.00000E+00      0.000
     720.0000 -0.62500E+01  0.50000E+01 -0.62500E+01  0.30655E+01 -0.31844E+01 -0.45003E+04  0.35996E+04 -0.45003E+04  0.22077E+04 -0.22237E+04 -0.35321E+03 -0.36206E+03 -0.36568E+03  0.00000E+00  0.14490E-03  0.13238E+03  0.45003E+04  0.00000E+00  21788  0.00000E+00      0.000
     730.0000 -0.62500E+01  0.50000E+01 -0.62500E+01  0.30655E+01 -0.31844E+01 -0.45628E+04  0.36496E+04 -0.45628E+04  0.22384E+04 -0.22555E+04 -0.35321E+03 -0.36206E+03 -0.36568E+03  0.00000E+00  0.14490E-03  0.13238E+03  0.45628E+04  0.00000E+00  22085  0.00000E+00      0.000
     740.0000 -0.62500E+01  0.50000E+01 -0.62500E+01  0.30655E+01 -0.31844E+01 -0.46253E+04  0.36996E+04 -0.46253E+04  0.22690E+04 -0.22874E+04 -0.35321E+03 -0.36206E+03 -0.36568E+03  0.00000E+00  0.14490E-03  0.13238E+03  0.46253E+04  0.00000E+00  22382  0.00000E+00      0.000
     750.0000 -0.62500E+01  0.50000E+01 -0.62500E+01  0.30655E+01 -0.31844E+01 -0.46879E+04  0.37495E+04 -0.46879E+04  0.22997E+04 -0.23192E+04 -0.35321E+03 -0.36206E+03 -0.36568E+03  0.00000E+00  0.14490E-03  0.13238E+03  0.46879E+04  0.00000E+00  22679  0.00000E+00      0.000
     760.0000 -0.62500E+01  0.50000E+01 -0.62500E+01  0.30655E+01 -0.31844E+01 -0.47504E+04  0.37995E+04 -0.47504E+04  0.23304E+04 -0.23510E+04 -0.35321E+03 -0.36206E+03 -0.36568E+03  0.00000E+00  0.14490E-03  0.13238E+03  0.47504E+04  0.00000E+00  22976  0.00000E+00      0.000
     770.0000 -0.62500E+01  0.50000E+01 -0.62500E+01  0.30655E+01 -0.31844E+01 -0.48129E+04  0.38495E+04 -0.48129E+04  0.23611E+04 -0.23829E+04 -0.35321E+03 -0.36206E+03 -0.36568E+03  0.00000E+00  0.14490E-03  0.13238E+03  0.48129E+04  0.00000E+00  23273  0.00000E+00      0.000
     780.0000 -0.62500E+01  0.50000E+01 -0.62500E+01  0.30655E+01 -0.31844E+01 -0.48754E+04  0.38995E+04 -0.48754E+04  0.23917E+04 -0.24147E+04 -0.35321E+03 -0.36206E+03 -0.36568E+03  0.00000E+00  0.14490E-03  0.13238E+03  0.48754E+04  0.00000E+00  23570  0.00000E+00      0.000
     790.0000 -0.62500E+01  0.50000E+01 -0.62500E+01  0.30655E+01 -0.31844E+01 -0.49379E+04  0.39495E+04 -0.49379E+04  0.24224E+04 -0.24465E+04 -0.35321E+03 -0.36206E+03 -0.36568E+03  0.00000E+00  0.14490E-03  0.13238E+03  0.49379E+04  0.00000E+00  23867  0.00000E+00      0.000
     800.0000 -0.62500E+01  0.50000E+01 -0.62500E+01  0.30655E+01 -0.31844E+01 -0.50004E+04  0.39995E+04 -0.50004E+04  0.24531E+04 -0.24784E+04 -0.35321E+03 -0.36206E+03 -0.36568E+03  0.00000E+00  0.14490E-03  0.13238E+03  0.50004E+04  0.00000E+00  24164  0.00000E+00      0.000
     810.0000 -0.62500E+01  0.50000E+01 -0.62500E+01  0.30655E+01 -0.31844E+01 -0.50629E+04  0.40495E+04 -0.50629E+04  0.24838E+04 -0.25102E+04 -0.35321E+03 -0.36206E+03 -0.36568E+03  0.00000E+00  0.14490E-03  0.13238E+03  0.50629E+04  0.00000E+00  24461  0.00000E+00      0.000
     820.0000 -0.62500E+01  0.50000E+01 -0.62500E+01  0.30655E+01 -0.31844E+01 -0.51254E+04  0.40995E+04 -0.51254E+04  0.25144E+04 -0.25420E+04 -0.35321E+03 -0.36206E+03 -0.36568E+03  0.00000E+00  0.14490E-03  0.13238E+03  0.51254E+04  0.00000E+00  24758  0.00000E+00      0.000
     830.0000 -0.62500E+01  0.50000E+01 -0.62500E+01  0.30655E+01 -0.31844E+01 -0.51879E+04  0.41495E+04 -0.51879E+04  0.25451E+04 -0.25739E+04 -0.35321E+03 -0.36206E+03 -0.36568E+03  0.00000E+00  0.14490E-03  0.13238E+03  0.51879E+04  0.00000E+00  25055  0.00000E+00      0.000
     840.0000 -0.62500E+01  0.50000E+01 -0.62500E+01  0.30655E+01 -0.31844E+01 -0.52504E+04  0.41996E+04 -0.52504E+04  0.25758E+04 -0.26057E+04 -0.35321E+03 -0.36206E+03 -0.36568E+03  0.00000E+00  0.14490E-03  0.13238E+03  0.52504E+04  0.00000E+00  25352  0.00000E+00      0.000
     850.0000 -0.62500E+01  0.50000E+01 -0.62500E+01  0.30655E+01 -0.31844E+01 -0.53129E+04  0.42497E+04 -0.53129E+04  0.26065E+04 -0.26375E+04 -0.35321E+03 -0.36206E+03 -0.36568E+03  0.00000E+00  0.14490E-03  0.13238E+03  0.53129E+04  0.00000E+00  25649  0.00000E+00      0.000
     860.0000 -0.62500E+01  0.50000E+01 -0.62500E+01  0.30655E+01 -0.31844E+01 -0.53754E+04  0.42997E+04 -0.53754E+04  0.26371E+04 -0.26694E+04 -0.35321E+03 -0.36206E+03 -0.36568E+03  0.00000E+00  0.14490E-03  0.13238E+03  0.53754E+04  0.00000E+00  25946  0.00000E+00      0.000
     870.0000 -0.62500E+01  0.50000E+01 -0.62500E+01  0.30655E+01 -0.31844E+01 -0.54379E+04  0.43498E+04 -0.54379E+04  0.26678E+04 -0.27012E+04 -0.35321E+03 -0.36206E+03 -0.36568E+03  0.00000E+00  0.14490E-03  0.13238E+03  0.54379E+04  0.00000E+00  26243  0.00000E+00      0.000
     880.0000 -0.62500E+01  0.50000E+01 -0.62500E+01  0.30655E+01 -0.31844E+01 -0.55004E+04  0.43998E+04 -0.55004E+04  0.26985E+04 -0.27330E+04 -0.35321E+03 -0.36206E+03 -0.36568E+03  0.00000E+00  0.14490E-03  0.13238E+03  0.55004E+04  0.00000E+00  26540  0.00000E+00      0.000
     890.0000 -0.62500E+01  0.50000E+01 -0.62500E+01  0.30655E+01 -0.31844E+01 -0.55629E+04  0.44499E+04 -0.55629E+04  0.27292E+04 -0.27649E+04 -0.35321E+03 -0.36206E+03 -0.36568E+03  0.00000E+00  0.14490E-03  0.13238E+03  0.55629E+04  0.00000E+00  26837  0.00000E+00      0.000
     900.0000 -0.62500E+01  0.50000E+01 -0.62500E+01  0.30655E+01 -0.31844E+01 -0.56254E+04  0.45000E+04 -0.56254E+04  0.27598E+04 -0.27967E+04 -0.35321E+03 -0.36206E+03 -0.36568E+03  0.00000E+00  0.14490E-03  0.13238E+03  0.56254E+04  0.00000E+00  27134  0.00000E+00      0.000
     910.0000 -0.62500E+01  0.50000E+01 -0.62500E+01  0.30655E+01 -0.31844E+01 -0.56879E+04  0.45500E+04 -0.56879E+04  0.27905E+04 -0.28285E+04 -0.35321E+03 -0.36206E+03 -0.36568E+03  0.00000E+00  0.14490E-03  0.13238E+03  0.56879E+04  0.00000E+00  27431  0.00000E+00      0.000
     920.0000 -0.62500E+01  0.50000E+01 -0.62500E+01  0.30655E+01 -0.31844E+01 -0.57505E+04  0.46001E+04 -0.57505E+04  0.28212E+04 -0.28604E+04 -0.35321E+03 -0.36206E+03 -0.36568E+03  0.00000E+00  0.14490E-03  0.13238E+03  0.57505E+04  0.00000E+00  27728  0.00000E+00      0.000
     930.0000 -0.62500E+01  0.50000E+01 -0.62500E+01  0.30655E+01 -0.31844E+01 -0.58130E+04  0.46502E+04 -0.58130E+04  0.28518E+04 -0.28922E+04 -0.35321E+03 -0.36206E+03 -0.36568E+03  0.00000E+00  0.14490E-03  0.13238E+03  0.58130E+04  0.00000E+00  28025  0.00000E+00      0.000
     940.0000 -0.62500E+01  0.50000E+01 -0.62500E+01  0.30655E+01 -0.31844E+01 -0.58755E+04  0.47002E+04 -0.58755E+04  0.28825E+04 -0.29240E+04 -0.35321E+03 -0.36206E+03 -0.36568E+03  0.00000E+00  0.14490E-03  0.13238E+03  0.58755E+04  0.00000E+00  28322  0.00000E+00      0.000
     950.0000 -0.62500E+01  0.50000E+01 -0.62500E+01  0.30655E+01 -0.31844E+01 -0.59380E+04  0.47503E+04 -0.59380E+04  0.29132E+04 -0.29558E+04 -0.35321E+03 -0.36206E+03 -0.36568E+03  0.00000E+00  0.14490E-03  0.13238E+03  0.59380E+04  0.00000E+00  28619  0.00000E+00      0.000
     960.0000 -0.62500E+01  0.50000E+01 -0.62500E+01  0.30655E+01 -0.31844E+01 -0.60005E+04  0.48003E+04 -0.60005E+04  0.29439E+04 -0.29877E+04 -0.35321E+03 -0.36206E+03 -0.36568E+03  0.00000E+00  0.14490E-03  0.13238E+03  0.60005E+04  0.00000E+00  28916  0.00000E+00      0.000
     970.0000 -0.62500E+01  0.50000E+01 -0.62500E+01  0.30655E+01 -0.31844E+01 -0.60630E+04  0.48504E+04 -0.60630E+04  0.29745E+04 -0.30195E+04 -0.35321E+03 -0.36206E+03 -0.36568E+03  0.00000E+00  0.14490E-03  0.13238E+03  0.60630E+04  0.00000E+00  29213  0.00000E+00      0.000
     980.0000 -0.62500E+01  0.50000E+01 -0.62500E+01  0.30655E+01 -0.31844E+01 -0.61255E+04  0.49005E+04 -0.61255E+04  0.30052E+04 -0.30513E+04 -0.35321E+03 -0.36206E+03 -0.36568E+03  0.00000E+00  0.14490E-03  0.13238E+03  0.61255E+04  0.00000E+00  29510  0.00000E+00      0.000
     990.0000 -0.62500E+01  0.50000E+01 -0.62500E+01  0.30655E+01 -0.31844E+01 -0.61880E+04  0.49505E+04 -0.61880E+04  0.30359E+04 -0.30832E+04 -0.35321E+03 -0.36206E+03 -0.36568E+03  0.00000E+00  0.14490E-03  0.13238E+03  0.61880E+04  0.00000E+00  29807  0.00000E+00      0.000
    1000.0000 -0.62500E+01  0.50000E+01 -0.62500E+01  0.30655E+01 -0.31844E+01 -0.62505E+04  0.50006E+04 -0.62505E+04  0.30666E+04 -0.31150E+04 -0.35321E+03 -0.36206E+03 -0.36568E+03  0.00000E+00  0.14490E-03  0.13238E+03  0.62505E+04  0.00000E+00  30104  0.00000E+00      0.000
end
