 ******* Program HYDRUS
 ******* 
 Welcome to HYDRUS-1D                                                    
 Date:  13. 3.    Time:  12:48:10
 Units: L = mm   , T = days , M = mmol 

----------------------------------------------------------
 Time       [T]        0.0000
----------------------------------------------------------
 Sub-region num.                     1
----------------------------------------------------------
 Length   [L]        0.10000E+04  0.10000E+04
 W-volume [L]        0.64709E+02  0.64709E+02
 In-flow  [L/T]      0.00000E+00  0.00000E+00
 h Mean   [L]       -0.10000E+04 -0.10000E+04
 ConcVol  [M/L2] 1   0.00000E+00  0.00000E+00
 cMean    [M/L3] 1   0.00000E+00  0.00000E+00
 Top Flux [L/T]     -0.29768E-05
 Bot Flux [L/T]     -0.29768E-05
----------------------------------------------------------

----------------------------------------------------------
 Time       [T]      200.0000
----------------------------------------------------------
 Sub-region num.                     1
----------------------------------------------------------
 Length   [L]        0.10000E+04  0.10000E+04
 W-volume [L]        0.12964E+03  0.12964E+03
 In-flow  [L/T]      0.00000E+00  0.00000E+00
 h Mean   [L]       -0.36774E+03 -0.36774E+03
 ConcVol  [M/L2] 1   0.12163E+05  0.12163E+05
 cMean    [M/L3] 1   0.94793E+02  0.94793E+02
 Top Flux [L/T]     -0.74504E+01
 Bot Flux [L/T]     -0.19279E+01
 WatBalT  [L]        0.20767E-01
 WatBalR  [%]              0.001
 CncBalT  [M]    1   0.36890E+02
 CncBalR  [%]    1         0.047
----------------------------------------------------------

----------------------------------------------------------
 Time       [T]      400.0000
----------------------------------------------------------
 Sub-region num.                     1
----------------------------------------------------------
 Length   [L]        0.10000E+04  0.10000E+04
 W-volume [L]        0.12964E+03  0.12964E+03
 In-flow  [L/T]      0.00000E+00  0.00000E+00
 h Mean   [L]       -0.36774E+03 -0.36774E+03
 ConcVol  [M/L2] 1   0.12163E+05  0.12163E+05
 cMean    [M/L3] 1   0.94793E+02  0.94793E+02
 Top Flux [L/T]     -0.74504E+01
 Bot Flux [L/T]     -0.19279E+01
 WatBalT  [L]        0.20767E-01
 WatBalR  [%]              0.000
 CncBalT  [M]    1   0.36888E+02
 CncBalR  [%]    1         0.022
----------------------------------------------------------

----------------------------------------------------------
 Time       [T]      600.0000
----------------------------------------------------------
 Sub-region num.                     1
----------------------------------------------------------
 Length   [L]        0.10000E+04  0.10000E+04
 W-volume [L]        0.12964E+03  0.12964E+03
 In-flow  [L/T]      0.00000E+00  0.00000E+00
 h Mean   [L]       -0.36774E+03 -0.36774E+03
 ConcVol  [M/L2] 1   0.12163E+05  0.12163E+05
 cMean    [M/L3] 1   0.94793E+02  0.94793E+02
 Top Flux [L/T]     -0.74504E+01
 Bot Flux [L/T]     -0.19279E+01
 WatBalT  [L]        0.20767E-01
 WatBalR  [%]              0.000
 CncBalT  [M]    1   0.36888E+02
 CncBalR  [%]    1         0.014
----------------------------------------------------------

----------------------------------------------------------
 Time       [T]      800.0000
----------------------------------------------------------
 Sub-region num.                     1
----------------------------------------------------------
 Length   [L]        0.10000E+04  0.10000E+04
 W-volume [L]        0.12964E+03  0.12964E+03
 In-flow  [L/T]      0.00000E+00  0.00000E+00
 h Mean   [L]       -0.36774E+03 -0.36774E+03
 ConcVol  [M/L2] 1   0.12163E+05  0.12163E+05
 cMean    [M/L3] 1   0.94793E+02  0.94793E+02
 Top Flux [L/T]     -0.74504E+01
 Bot Flux [L/T]     -0.19279E+01
 WatBalT  [L]        0.20767E-01
 WatBalR  [%]              0.000
 CncBalT  [M]    1   0.36888E+02
 CncBalR  [%]    1         0.011
----------------------------------------------------------

----------------------------------------------------------
 Time       [T]     1000.0000
----------------------------------------------------------
 Sub-region num.                     1
----------------------------------------------------------
 Length   [L]        0.10000E+04  0.10000E+04
 W-volume [L]        0.12964E+03  0.12964E+03
 In-flow  [L/T]      0.00000E+00  0.00000E+00
 h Mean   [L]       -0.36774E+03 -0.36774E+03
 ConcVol  [M/L2] 1   0.12163E+05  0.12163E+05
 cMean    [M/L3] 1   0.94793E+02  0.94793E+02
 Top Flux [L/T]     -0.74504E+01
 Bot Flux [L/T]     -0.19279E+01
 WatBalT  [L]        0.20767E-01
 WatBalR  [%]              0.000
 CncBalT  [M]    1   0.36888E+02
 CncBalR  [%]    1         0.008
----------------------------------------------------------
 
 Calculation time [sec]   7.92000001668930     
