 ******* Program HYDRUS
 ******* 
 Welcome to HYDRUS-1D                                                    
 Date:  13. 3.    Time:  12:48:10
 Units: L = mm   , T = days , M = mmol 


    TLevel      Time           dt     ItrW ItrC    ItCum  KodT  KodB Converg  Peclet   Courant

      580  0.1000000E+02  0.17379E-01    2    1     2586    -4    -5     T     5.888     0.181
      945  0.2000000E+02  0.27177E-01    3    1     3764    -4    -5     T     6.543     0.283
     1312  0.3000000E+02  0.27805E-01    2    1     4918    -4    -5     T     6.590     0.290
     1660  0.4000000E+02  0.16409E-01    2    1     5614    -4    -5     T     5.830     0.171
     2008  0.5000000E+02  0.14985E-01    2    1     6310    -4    -5     T     5.747     0.156
     2356  0.6000000E+02  0.14807E-01    2    1     7006    -4    -5     T     5.737     0.154
     2704  0.7000000E+02  0.14784E-01    2    1     7702    -4    -5     T     5.736     0.154
     3052  0.8000000E+02  0.14782E-01    2    1     8398    -4    -5     T     5.736     0.154
     3400  0.9000000E+02  0.14781E-01    2    1     9094    -4    -5     T     5.736     0.154
     3748  0.1000000E+03  0.14781E-01    2    1     9790    -4    -5     T     5.736     0.154
     4096  0.1100000E+03  0.14781E-01    2    1    10486    -4    -5     T     5.736     0.154
     4444  0.1200000E+03  0.14781E-01    2    1    11182    -4    -5     T     5.736     0.154
     4792  0.1300000E+03  0.14781E-01    2    1    11878    -4    -5     T     5.736     0.154
     5140  0.1400000E+03  0.14781E-01    2    1    12574    -4    -5     T     5.736     0.154
     5488  0.1500000E+03  0.14781E-01    2    1    13270    -4    -5     T     5.736     0.154
     5836  0.1600000E+03  0.14781E-01    2    1    13966    -4    -5     T     5.736     0.154
     6184  0.1700000E+03  0.14781E-01    2    1    14662    -4    -5     T     5.736     0.154
     6532  0.1800000E+03  0.14781E-01    2    1    15358    -4    -5     T     5.736     0.154
     6880  0.1900000E+03  0.14781E-01    2    1    16054    -4    -5     T     5.736     0.154
     7228  0.2000000E+03  0.14781E-01    2    1    16750    -4    -5     T     5.736     0.154
     7576  0.2100000E+03  0.14781E-01    2    1    17446    -4    -5     T     5.736     0.154
     7924  0.2200000E+03  0.14781E-01    2    1    18142    -4    -5     T     5.736     0.154
     8272  0.2300000E+03  0.14781E-01    2    1    18838    -4    -5     T     5.736     0.154
     8620  0.2400000E+03  0.14781E-01    2    1    19534    -4    -5     T     5.736     0.154
     8968  0.2500000E+03  0.14781E-01    2    1    20230    -4    -5     T     5.736     0.154
     9316  0.2600000E+03  0.14781E-01    2    1    20926    -4    -5     T     5.736     0.154
     9664  0.2700000E+03  0.14781E-01    2    1    21622    -4    -5     T     5.736     0.154
    10012  0.2800000E+03  0.14781E-01    2    1    22318    -4    -5     T     5.736     0.154
    10360  0.2900000E+03  0.14781E-01    2    1    23014    -4    -5     T     5.736     0.154
    10708  0.3000000E+03  0.14781E-01    2    1    23710    -4    -5     T     5.736     0.154
    11056  0.3100000E+03  0.14781E-01    2    1    24406    -4    -5     T     5.736     0.154
    11404  0.3200000E+03  0.14781E-01    2    1    25102    -4    -5     T     5.736     0.154
    11752  0.3300000E+03  0.14781E-01    2    1    25798    -4    -5     T     5.736     0.154
    12100  0.3400000E+03  0.14781E-01    2    1    26494    -4    -5     T     5.736     0.154
    12448  0.3500000E+03  0.14781E-01    2    1    27190    -4    -5     T     5.736     0.154
    12796  0.3600000E+03  0.14781E-01    2    1    27886    -4    -5     T     5.736     0.154
    13144  0.3700000E+03  0.14781E-01    2    1    28582    -4    -5     T     5.736     0.154
    13492  0.3800000E+03  0.14781E-01    2    1    29278    -4    -5     T     5.736     0.154
    13840  0.3900000E+03  0.14781E-01    2    1    29974    -4    -5     T     5.736     0.154
    14188  0.4000000E+03  0.14781E-01    2    1    30670    -4    -5     T     5.736     0.154
    14536  0.4100000E+03  0.14781E-01    2    1    31366    -4    -5     T     5.736     0.154
    14884  0.4200000E+03  0.14781E-01    2    1    32062    -4    -5     T     5.736     0.154
    15232  0.4300000E+03  0.14781E-01    2    1    32758    -4    -5     T     5.736     0.154
    15580  0.4400000E+03  0.14781E-01    2    1    33454    -4    -5     T     5.736     0.154
    15928  0.4500000E+03  0.14781E-01    2    1    34150    -4    -5     T     5.736     0.154
    16276  0.4600000E+03  0.14781E-01    2    1    34846    -4    -5     T     5.736     0.154
    16624  0.4700000E+03  0.14781E-01    2    1    35542    -4    -5     T     5.736     0.154
    16972  0.4800000E+03  0.14781E-01    2    1    36238    -4    -5     T     5.736     0.154
    17320  0.4900000E+03  0.14781E-01    2    1    36934    -4    -5     T     5.736     0.154
    17668  0.5000000E+03  0.14781E-01    2    1    37630    -4    -5     T     5.736     0.154
    18016  0.5100000E+03  0.14781E-01    2    1    38326    -4    -5     T     5.736     0.154
    18364  0.5200000E+03  0.14781E-01    2    1    39022    -4    -5     T     5.736     0.154
    18712  0.5300000E+03  0.14781E-01    2    1    39718    -4    -5     T     5.736     0.154
    19060  0.5400000E+03  0.14781E-01    2    1    40414    -4    -5     T     5.736     0.154
    19408  0.5500000E+03  0.14781E-01    2    1    41110    -4    -5     T     5.736     0.154
    19756  0.5600000E+03  0.14781E-01    2    1    41806    -4    -5     T     5.736     0.154
    20104  0.5700000E+03  0.14781E-01    2    1    42502    -4    -5     T     5.736     0.154
    20452  0.5800000E+03  0.14781E-01    2    1    43198    -4    -5     T     5.736     0.154
    20800  0.5900000E+03  0.14781E-01    2    1    43894    -4    -5     T     5.736     0.154
    21148  0.6000000E+03  0.14781E-01    2    1    44590    -4    -5     T     5.736     0.154
    21496  0.6100000E+03  0.14781E-01    2    1    45286    -4    -5     T     5.736     0.154
    21844  0.6200000E+03  0.14781E-01    2    1    45982    -4    -5     T     5.736     0.154
    22192  0.6300000E+03  0.14781E-01    2    1    46678    -4    -5     T     5.736     0.154
    22540  0.6400000E+03  0.14781E-01    2    1    47374    -4    -5     T     5.736     0.154
    22888  0.6500000E+03  0.14781E-01    2    1    48070    -4    -5     T     5.736     0.154
    23236  0.6600000E+03  0.14781E-01    2    1    48766    -4    -5     T     5.736     0.154
    23584  0.6700000E+03  0.14781E-01    2    1    49462    -4    -5     T     5.736     0.154
    23932  0.6800000E+03  0.14781E-01    2    1    50158    -4    -5     T     5.736     0.154
    24280  0.6900000E+03  0.14781E-01    2    1    50854    -4    -5     T     5.736     0.154
    24628  0.7000000E+03  0.14781E-01    2    1    51550    -4    -5     T     5.736     0.154
    24976  0.7100000E+03  0.14781E-01    2    1    52246    -4    -5     T     5.736     0.154
    25324  0.7200000E+03  0.14781E-01    2    1    52942    -4    -5     T     5.736     0.154
    25672  0.7300000E+03  0.14781E-01    2    1    53638    -4    -5     T     5.736     0.154
    26020  0.7400000E+03  0.14781E-01    2    1    54334    -4    -5     T     5.736     0.154
    26368  0.7500000E+03  0.14781E-01    2    1    55030    -4    -5     T     5.736     0.154
    26716  0.7600000E+03  0.14781E-01    2    1    55726    -4    -5     T     5.736     0.154
    27064  0.7700000E+03  0.14781E-01    2    1    56422    -4    -5     T     5.736     0.154
    27412  0.7800000E+03  0.14781E-01    2    1    57118    -4    -5     T     5.736     0.154
    27760  0.7900000E+03  0.14781E-01    2    1    57814    -4    -5     T     5.736     0.154
    28108  0.8000000E+03  0.14781E-01    2    1    58510    -4    -5     T     5.736     0.154
    28456  0.8100000E+03  0.14781E-01    2    1    59206    -4    -5     T     5.736     0.154
    28804  0.8200000E+03  0.14781E-01    2    1    59902    -4    -5     T     5.736     0.154
    29152  0.8300000E+03  0.14781E-01    2    1    60598    -4    -5     T     5.736     0.154
    29500  0.8400000E+03  0.14781E-01    2    1    61294    -4    -5     T     5.736     0.154
    29848  0.8500000E+03  0.14781E-01    2    1    61990    -4    -5     T     5.736     0.154
    30196  0.8600000E+03  0.14781E-01    2    1    62686    -4    -5     T     5.736     0.154
    30544  0.8700000E+03  0.14781E-01    2    1    63382    -4    -5     T     5.736     0.154
    30892  0.8800000E+03  0.14781E-01    2    1    64078    -4    -5     T     5.736     0.154
    31240  0.8900000E+03  0.14781E-01    2    1    64774    -4    -5     T     5.736     0.154
    31588  0.9000000E+03  0.14781E-01    2    1    65470    -4    -5     T     5.736     0.154
    31936  0.9100000E+03  0.14781E-01    2    1    66166    -4    -5     T     5.736     0.154
    32284  0.9200000E+03  0.14781E-01    2    1    66862    -4    -5     T     5.736     0.154
    32632  0.9300000E+03  0.14781E-01    2    1    67558    -4    -5     T     5.736     0.154
    32980  0.9400000E+03  0.14781E-01    2    1    68254    -4    -5     T     5.736     0.154
    33328  0.9500000E+03  0.14781E-01    2    1    68950    -4    -5     T     5.736     0.154
    33676  0.9600000E+03  0.14781E-01    2    1    69646    -4    -5     T     5.736     0.154
    34024  0.9700000E+03  0.14781E-01    2    1    70342    -4    -5     T     5.736     0.154
    34372  0.9800000E+03  0.14781E-01    2    1    71038    -4    -5     T     5.736     0.154
    34720  0.9900000E+03  0.14781E-01    2    1    71734    -4    -5     T     5.736     0.154
    35068  0.1000000E+04  0.14781E-01    2    1    72430    -4    -5     T     5.736     0.154
end
