 All solute fluxes and cumulative solute fluxes are positive into the region

       Time         cvTop        cvBot      Sum(cvTop)   Sum(cvBot)     cvCh0        cvCh1         cTop        cRoot         cBot        cvRoot    Sum(cvRoot)  Sum(cvNEql) TLevel      cGWL        cRunOff   Sum(cRunOff)    (cv(i),    Sum(cv(i)), i=1,NObs)
        [T]        [M/L2/T]     [M/L2/T]      [M/L2]       [M/L2]       [M/L2]      [M/L2]        [M/L3]      [M/L3]        [M/L3]      [M/L2/T]      [M/L2]       [M/L2]              [M/L3]        [M/L2]      [M/L3]      [M/L2/T]      [M/L2]
       10.0000  0.22500E+03  0.00000E+00  0.22500E+04  0.00000E+00  0.00000E+00  0.00000E+00  0.30079E+02  0.33776E+02  0.00000E+00  0.00000E+00  0.00000E+00  0.00000E+00     580  0.00000E+00  0.00000E+00  0.13068E-02
       20.0000  0.22500E+03  0.00000E+00  0.45000E+04  0.00000E+00  0.00000E+00  0.00000E+00  0.30079E+02  0.68520E+02  0.00000E+00  0.00000E+00  0.00000E+00  0.00000E+00     945  0.00000E+00  0.00000E+00  0.13068E-02
       30.0000  0.22500E+03 -0.21613E-19  0.67500E+04 -0.36581E-20  0.00000E+00  0.00000E+00  0.30079E+02  0.72657E+02  0.12139E-19  0.00000E+00  0.00000E+00  0.00000E+00    1312  0.00000E+00  0.00000E+00  0.13068E-02
       40.0000  0.22500E+03 -0.79484E-05  0.90000E+04 -0.35731E-05  0.00000E+00  0.00000E+00  0.30079E+02  0.72657E+02  0.41970E-05  0.00000E+00  0.00000E+00  0.00000E+00    1660  0.00000E+00  0.00000E+00  0.13068E-02
       50.0000  0.22500E+03 -0.13791E+02  0.11250E+05 -0.15693E+02  0.00000E+00  0.00000E+00  0.30079E+02  0.72657E+02  0.71942E+01  0.00000E+00  0.00000E+00  0.00000E+00    2008  0.00000E+00  0.00000E+00  0.13068E-02
       60.0000  0.22500E+03 -0.22427E+03  0.13500E+05 -0.13738E+04  0.00000E+00  0.00000E+00  0.30079E+02  0.72657E+02  0.11633E+03  0.00000E+00  0.00000E+00  0.00000E+00    2356  0.00000E+00  0.00000E+00  0.13068E-02
       70.0000  0.22500E+03 -0.22500E+03  0.15750E+05 -0.36236E+04  0.00000E+00  0.00000E+00  0.30079E+02  0.72657E+02  0.11671E+03  0.00000E+00  0.00000E+00  0.00000E+00    2704  0.00000E+00  0.00000E+00  0.13068E-02
       80.0000  0.22500E+03 -0.22500E+03  0.18000E+05 -0.58736E+04  0.00000E+00  0.00000E+00  0.30079E+02  0.72657E+02  0.11671E+03  0.00000E+00  0.00000E+00  0.00000E+00    3052  0.00000E+00  0.00000E+00  0.13068E-02
       90.0000  0.22500E+03 -0.22500E+03  0.20250E+05 -0.81236E+04  0.00000E+00  0.00000E+00  0.30079E+02  0.72657E+02  0.11671E+03  0.00000E+00  0.00000E+00  0.00000E+00    3400  0.00000E+00  0.00000E+00  0.13068E-02
      100.0000  0.22500E+03 -0.22500E+03  0.22499E+05 -0.10374E+05  0.00000E+00  0.00000E+00  0.30079E+02  0.72657E+02  0.11671E+03  0.00000E+00  0.00000E+00  0.00000E+00    3748  0.00000E+00  0.00000E+00  0.13068E-02
      110.0000  0.22500E+03 -0.22500E+03  0.24749E+05 -0.12624E+05  0.00000E+00  0.00000E+00  0.30079E+02  0.72657E+02  0.11671E+03  0.00000E+00  0.00000E+00  0.00000E+00    4096  0.00000E+00  0.00000E+00  0.13068E-02
      120.0000  0.22500E+03 -0.22500E+03  0.26999E+05 -0.14874E+05  0.00000E+00  0.00000E+00  0.30079E+02  0.72657E+02  0.11671E+03  0.00000E+00  0.00000E+00  0.00000E+00    4444  0.00000E+00  0.00000E+00  0.13068E-02
      130.0000  0.22500E+03 -0.22500E+03  0.29248E+05 -0.17124E+05  0.00000E+00  0.00000E+00  0.30079E+02  0.72657E+02  0.11671E+03  0.00000E+00  0.00000E+00  0.00000E+00    4792  0.00000E+00  0.00000E+00  0.13068E-02
      140.0000  0.22500E+03 -0.22500E+03  0.31498E+05 -0.19373E+05  0.00000E+00  0.00000E+00  0.30079E+02  0.72657E+02  0.11671E+03  0.00000E+00  0.00000E+00  0.00000E+00    5140  0.00000E+00  0.00000E+00  0.13068E-02
      150.0000  0.22500E+03 -0.22500E+03  0.33748E+05 -0.21623E+05  0.00000E+00  0.00000E+00  0.30079E+02  0.72657E+02  0.11671E+03  0.00000E+00  0.00000E+00  0.00000E+00    5488  0.00000E+00  0.00000E+00  0.13068E-02
      160.0000  0.22500E+03 -0.22500E+03  0.35997E+05 -0.23873E+05  0.00000E+00  0.00000E+00  0.30079E+02  0.72657E+02  0.11671E+03  0.00000E+00  0.00000E+00  0.00000E+00    5836  0.00000E+00  0.00000E+00  0.13068E-02
      170.0000  0.22500E+03 -0.22500E+03  0.38247E+05 -0.26122E+05  0.00000E+00  0.00000E+00  0.30079E+02  0.72657E+02  0.11671E+03  0.00000E+00  0.00000E+00  0.00000E+00    6184  0.00000E+00  0.00000E+00  0.13068E-02
      180.0000  0.22500E+03 -0.22500E+03  0.40497E+05 -0.28372E+05  0.00000E+00  0.00000E+00  0.30079E+02  0.72657E+02  0.11671E+03  0.00000E+00  0.00000E+00  0.00000E+00    6532  0.00000E+00  0.00000E+00  0.13068E-02
      190.0000  0.22500E+03 -0.22500E+03  0.42746E+05 -0.30622E+05  0.00000E+00  0.00000E+00  0.30079E+02  0.72657E+02  0.11671E+03  0.00000E+00  0.00000E+00  0.00000E+00    6880  0.00000E+00  0.00000E+00  0.13068E-02
      200.0000  0.22500E+03 -0.22500E+03  0.44996E+05 -0.32871E+05  0.00000E+00  0.00000E+00  0.30079E+02  0.72657E+02  0.11671E+03  0.00000E+00  0.00000E+00  0.00000E+00    7228  0.00000E+00  0.00000E+00  0.13068E-02
      210.0000  0.22500E+03 -0.22500E+03  0.47246E+05 -0.35121E+05  0.00000E+00  0.00000E+00  0.30079E+02  0.72657E+02  0.11671E+03  0.00000E+00  0.00000E+00  0.00000E+00    7576  0.00000E+00  0.00000E+00  0.13068E-02
      220.0000  0.22500E+03 -0.22500E+03  0.49496E+05 -0.37371E+05  0.00000E+00  0.00000E+00  0.30079E+02  0.72657E+02  0.11671E+03  0.00000E+00  0.00000E+00  0.00000E+00    7924  0.00000E+00  0.00000E+00  0.13068E-02
      230.0000  0.22500E+03 -0.22500E+03  0.51745E+05 -0.39620E+05  0.00000E+00  0.00000E+00  0.30079E+02  0.72657E+02  0.11671E+03  0.00000E+00  0.00000E+00  0.00000E+00    8272  0.00000E+00  0.00000E+00  0.13068E-02
      240.0000  0.22500E+03 -0.22500E+03  0.53995E+05 -0.41870E+05  0.00000E+00  0.00000E+00  0.30079E+02  0.72657E+02  0.11671E+03  0.00000E+00  0.00000E+00  0.00000E+00    8620  0.00000E+00  0.00000E+00  0.13068E-02
      250.0000  0.22500E+03 -0.22500E+03  0.56245E+05 -0.44120E+05  0.00000E+00  0.00000E+00  0.30079E+02  0.72657E+02  0.11671E+03  0.00000E+00  0.00000E+00  0.00000E+00    8968  0.00000E+00  0.00000E+00  0.13068E-02
      260.0000  0.22500E+03 -0.22500E+03  0.58494E+05 -0.46370E+05  0.00000E+00  0.00000E+00  0.30079E+02  0.72657E+02  0.11671E+03  0.00000E+00  0.00000E+00  0.00000E+00    9316  0.00000E+00  0.00000E+00  0.13068E-02
      270.0000  0.22500E+03 -0.22500E+03  0.60744E+05 -0.48619E+05  0.00000E+00  0.00000E+00  0.30079E+02  0.72657E+02  0.11671E+03  0.00000E+00  0.00000E+00  0.00000E+00    9664  0.00000E+00  0.00000E+00  0.13068E-02
      280.0000  0.22500E+03 -0.22500E+03  0.62994E+05 -0.50869E+05  0.00000E+00  0.00000E+00  0.30079E+02  0.72657E+02  0.11671E+03  0.00000E+00  0.00000E+00  0.00000E+00   10012  0.00000E+00  0.00000E+00  0.13068E-02
      290.0000  0.22500E+03 -0.22500E+03  0.65243E+05 -0.53119E+05  0.00000E+00  0.00000E+00  0.30079E+02  0.72657E+02  0.11671E+03  0.00000E+00  0.00000E+00  0.00000E+00   10360  0.00000E+00  0.00000E+00  0.13068E-02
      300.0000  0.22500E+03 -0.22500E+03  0.67494E+05 -0.55368E+05  0.00000E+00  0.00000E+00  0.30079E+02  0.72657E+02  0.11671E+03  0.00000E+00  0.00000E+00  0.00000E+00   10708  0.00000E+00  0.00000E+00  0.13068E-02
      310.0000  0.22500E+03 -0.22500E+03  0.69745E+05 -0.57618E+05  0.00000E+00  0.00000E+00  0.30079E+02  0.72657E+02  0.11671E+03  0.00000E+00  0.00000E+00  0.00000E+00   11056  0.00000E+00  0.00000E+00  0.13068E-02
      320.0000  0.22500E+03 -0.22500E+03  0.71996E+05 -0.59868E+05  0.00000E+00  0.00000E+00  0.30079E+02  0.72657E+02  0.11671E+03  0.00000E+00  0.00000E+00  0.00000E+00   11404  0.00000E+00  0.00000E+00  0.13068E-02
      330.0000  0.22500E+03 -0.22500E+03  0.74247E+05 -0.62117E+05  0.00000E+00  0.00000E+00  0.30079E+02  0.72657E+02  0.11671E+03  0.00000E+00  0.00000E+00  0.00000E+00   11752  0.00000E+00  0.00000E+00  0.13068E-02
      340.0000  0.22500E+03 -0.22500E+03  0.76498E+05 -0.64367E+05  0.00000E+00  0.00000E+00  0.30079E+02  0.72657E+02  0.11671E+03  0.00000E+00  0.00000E+00  0.00000E+00   12100  0.00000E+00  0.00000E+00  0.13068E-02
      350.0000  0.22500E+03 -0.22500E+03  0.78749E+05 -0.66617E+05  0.00000E+00  0.00000E+00  0.30079E+02  0.72657E+02  0.11671E+03  0.00000E+00  0.00000E+00  0.00000E+00   12448  0.00000E+00  0.00000E+00  0.13068E-02
      360.0000  0.22500E+03 -0.22500E+03  0.81000E+05 -0.68868E+05  0.00000E+00  0.00000E+00  0.30079E+02  0.72657E+02  0.11671E+03  0.00000E+00  0.00000E+00  0.00000E+00   12796  0.00000E+00  0.00000E+00  0.13068E-02
      370.0000  0.22500E+03 -0.22500E+03  0.83251E+05 -0.71119E+05  0.00000E+00  0.00000E+00  0.30079E+02  0.72657E+02  0.11671E+03  0.00000E+00  0.00000E+00  0.00000E+00   13144  0.00000E+00  0.00000E+00  0.13068E-02
      380.0000  0.22500E+03 -0.22500E+03  0.85502E+05 -0.73370E+05  0.00000E+00  0.00000E+00  0.30079E+02  0.72657E+02  0.11671E+03  0.00000E+00  0.00000E+00  0.00000E+00   13492  0.00000E+00  0.00000E+00  0.13068E-02
      390.0000  0.22500E+03 -0.22500E+03  0.87753E+05 -0.75621E+05  0.00000E+00  0.00000E+00  0.30079E+02  0.72657E+02  0.11671E+03  0.00000E+00  0.00000E+00  0.00000E+00   13840  0.00000E+00  0.00000E+00  0.13068E-02
      400.0000  0.22500E+03 -0.22500E+03  0.90004E+05 -0.77872E+05  0.00000E+00  0.00000E+00  0.30079E+02  0.72657E+02  0.11671E+03  0.00000E+00  0.00000E+00  0.00000E+00   14188  0.00000E+00  0.00000E+00  0.13068E-02
      410.0000  0.22500E+03 -0.22500E+03  0.92255E+05 -0.80124E+05  0.00000E+00  0.00000E+00  0.30079E+02  0.72657E+02  0.11671E+03  0.00000E+00  0.00000E+00  0.00000E+00   14536  0.00000E+00  0.00000E+00  0.13068E-02
      420.0000  0.22500E+03 -0.22500E+03  0.94506E+05 -0.82375E+05  0.00000E+00  0.00000E+00  0.30079E+02  0.72657E+02  0.11671E+03  0.00000E+00  0.00000E+00  0.00000E+00   14884  0.00000E+00  0.00000E+00  0.13068E-02
      430.0000  0.22500E+03 -0.22500E+03  0.96758E+05 -0.84626E+05  0.00000E+00  0.00000E+00  0.30079E+02  0.72657E+02  0.11671E+03  0.00000E+00  0.00000E+00  0.00000E+00   15232  0.00000E+00  0.00000E+00  0.13068E-02
      440.0000  0.22500E+03 -0.22500E+03  0.99009E+05 -0.86877E+05  0.00000E+00  0.00000E+00  0.30079E+02  0.72657E+02  0.11671E+03  0.00000E+00  0.00000E+00  0.00000E+00   15580  0.00000E+00  0.00000E+00  0.13068E-02
      450.0000  0.22500E+03 -0.22500E+03  0.10126E+06 -0.89128E+05  0.00000E+00  0.00000E+00  0.30079E+02  0.72657E+02  0.11671E+03  0.00000E+00  0.00000E+00  0.00000E+00   15928  0.00000E+00  0.00000E+00  0.13068E-02
      460.0000  0.22500E+03 -0.22500E+03  0.10351E+06 -0.91379E+05  0.00000E+00  0.00000E+00  0.30079E+02  0.72657E+02  0.11671E+03  0.00000E+00  0.00000E+00  0.00000E+00   16276  0.00000E+00  0.00000E+00  0.13068E-02
      470.0000  0.22500E+03 -0.22500E+03  0.10576E+06 -0.93630E+05  0.00000E+00  0.00000E+00  0.30079E+02  0.72657E+02  0.11671E+03  0.00000E+00  0.00000E+00  0.00000E+00   16624  0.00000E+00  0.00000E+00  0.13068E-02
      480.0000  0.22500E+03 -0.22500E+03  0.10801E+06 -0.95881E+05  0.00000E+00  0.00000E+00  0.30079E+02  0.72657E+02  0.11671E+03  0.00000E+00  0.00000E+00  0.00000E+00   16972  0.00000E+00  0.00000E+00  0.13068E-02
      490.0000  0.22500E+03 -0.22500E+03  0.11026E+06 -0.98132E+05  0.00000E+00  0.00000E+00  0.30079E+02  0.72657E+02  0.11671E+03  0.00000E+00  0.00000E+00  0.00000E+00   17320  0.00000E+00  0.00000E+00  0.13068E-02
      500.0000  0.22500E+03 -0.22500E+03  0.11251E+06 -0.10038E+06  0.00000E+00  0.00000E+00  0.30079E+02  0.72657E+02  0.11671E+03  0.00000E+00  0.00000E+00  0.00000E+00   17668  0.00000E+00  0.00000E+00  0.13068E-02
      510.0000  0.22500E+03 -0.22500E+03  0.11477E+06 -0.10263E+06  0.00000E+00  0.00000E+00  0.30079E+02  0.72657E+02  0.11671E+03  0.00000E+00  0.00000E+00  0.00000E+00   18016  0.00000E+00  0.00000E+00  0.13068E-02
      520.0000  0.22500E+03 -0.22500E+03  0.11702E+06 -0.10488E+06  0.00000E+00  0.00000E+00  0.30079E+02  0.72657E+02  0.11671E+03  0.00000E+00  0.00000E+00  0.00000E+00   18364  0.00000E+00  0.00000E+00  0.13068E-02
      530.0000  0.22500E+03 -0.22500E+03  0.11927E+06 -0.10714E+06  0.00000E+00  0.00000E+00  0.30079E+02  0.72657E+02  0.11671E+03  0.00000E+00  0.00000E+00  0.00000E+00   18712  0.00000E+00  0.00000E+00  0.13068E-02
      540.0000  0.22500E+03 -0.22500E+03  0.12152E+06 -0.10939E+06  0.00000E+00  0.00000E+00  0.30079E+02  0.72657E+02  0.11671E+03  0.00000E+00  0.00000E+00  0.00000E+00   19060  0.00000E+00  0.00000E+00  0.13068E-02
      550.0000  0.22500E+03 -0.22500E+03  0.12377E+06 -0.11164E+06  0.00000E+00  0.00000E+00  0.30079E+02  0.72657E+02  0.11671E+03  0.00000E+00  0.00000E+00  0.00000E+00   19408  0.00000E+00  0.00000E+00  0.13068E-02
      560.0000  0.22500E+03 -0.22500E+03  0.12602E+06 -0.11389E+06  0.00000E+00  0.00000E+00  0.30079E+02  0.72657E+02  0.11671E+03  0.00000E+00  0.00000E+00  0.00000E+00   19756  0.00000E+00  0.00000E+00  0.13068E-02
      570.0000  0.22500E+03 -0.22500E+03  0.12827E+06 -0.11614E+06  0.00000E+00  0.00000E+00  0.30079E+02  0.72657E+02  0.11671E+03  0.00000E+00  0.00000E+00  0.00000E+00   20104  0.00000E+00  0.00000E+00  0.13068E-02
      580.0000  0.22500E+03 -0.22500E+03  0.13052E+06 -0.11839E+06  0.00000E+00  0.00000E+00  0.30079E+02  0.72657E+02  0.11671E+03  0.00000E+00  0.00000E+00  0.00000E+00   20452  0.00000E+00  0.00000E+00  0.13068E-02
      590.0000  0.22500E+03 -0.22500E+03  0.13277E+06 -0.12064E+06  0.00000E+00  0.00000E+00  0.30079E+02  0.72657E+02  0.11671E+03  0.00000E+00  0.00000E+00  0.00000E+00   20800  0.00000E+00  0.00000E+00  0.13068E-02
      600.0000  0.22500E+03 -0.22500E+03  0.13502E+06 -0.12289E+06  0.00000E+00  0.00000E+00  0.30079E+02  0.72657E+02  0.11671E+03  0.00000E+00  0.00000E+00  0.00000E+00   21148  0.00000E+00  0.00000E+00  0.13068E-02
      610.0000  0.22500E+03 -0.22500E+03  0.13728E+06 -0.12514E+06  0.00000E+00  0.00000E+00  0.30079E+02  0.72657E+02  0.11671E+03  0.00000E+00  0.00000E+00  0.00000E+00   21496  0.00000E+00  0.00000E+00  0.13068E-02
      620.0000  0.22500E+03 -0.22500E+03  0.13953E+06 -0.12740E+06  0.00000E+00  0.00000E+00  0.30079E+02  0.72657E+02  0.11671E+03  0.00000E+00  0.00000E+00  0.00000E+00   21844  0.00000E+00  0.00000E+00  0.13068E-02
      630.0000  0.22500E+03 -0.22500E+03  0.14178E+06 -0.12965E+06  0.00000E+00  0.00000E+00  0.30079E+02  0.72657E+02  0.11671E+03  0.00000E+00  0.00000E+00  0.00000E+00   22192  0.00000E+00  0.00000E+00  0.13068E-02
      640.0000  0.22500E+03 -0.22500E+03  0.14403E+06 -0.13190E+06  0.00000E+00  0.00000E+00  0.30079E+02  0.72657E+02  0.11671E+03  0.00000E+00  0.00000E+00  0.00000E+00   22540  0.00000E+00  0.00000E+00  0.13068E-02
      650.0000  0.22500E+03 -0.22500E+03  0.14628E+06 -0.13415E+06  0.00000E+00  0.00000E+00  0.30079E+02  0.72657E+02  0.11671E+03  0.00000E+00  0.00000E+00  0.00000E+00   22888  0.00000E+00  0.00000E+00  0.13068E-02
      660.0000  0.22500E+03 -0.22500E+03  0.14853E+06 -0.13640E+06  0.00000E+00  0.00000E+00  0.30079E+02  0.72657E+02  0.11671E+03  0.00000E+00  0.00000E+00  0.00000E+00   23236  0.00000E+00  0.00000E+00  0.13068E-02
      670.0000  0.22500E+03 -0.22500E+03  0.15078E+06 -0.13865E+06  0.00000E+00  0.00000E+00  0.30079E+02  0.72657E+02  0.11671E+03  0.00000E+00  0.00000E+00  0.00000E+00   23584  0.00000E+00  0.00000E+00  0.13068E-02
      680.0000  0.22500E+03 -0.22500E+03  0.15303E+06 -0.14090E+06  0.00000E+00  0.00000E+00  0.30079E+02  0.72657E+02  0.11671E+03  0.00000E+00  0.00000E+00  0.00000E+00   23932  0.00000E+00  0.00000E+00  0.13068E-02
      690.0000  0.22500E+03 -0.22500E+03  0.15528E+06 -0.14315E+06  0.00000E+00  0.00000E+00  0.30079E+02  0.72657E+02  0.11671E+03  0.00000E+00  0.00000E+00  0.00000E+00   24280  0.00000E+00  0.00000E+00  0.13068E-02
      700.0000  0.22500E+03 -0.22500E+03  0.15754E+06 -0.14540E+06  0.00000E+00  0.00000E+00  0.30079E+02  0.72657E+02  0.11671E+03  0.00000E+00  0.00000E+00  0.00000E+00   24628  0.00000E+00  0.00000E+00  0.13068E-02
      710.0000  0.22500E+03 -0.22500E+03  0.15979E+06 -0.14765E+06  0.00000E+00  0.00000E+00  0.30079E+02  0.72657E+02  0.11671E+03  0.00000E+00  0.00000E+00  0.00000E+00   24976  0.00000E+00  0.00000E+00  0.13068E-02
      720.0000  0.22500E+03 -0.22500E+03  0.16204E+06 -0.14991E+06  0.00000E+00  0.00000E+00  0.30079E+02  0.72657E+02  0.11671E+03  0.00000E+00  0.00000E+00  0.00000E+00   25324  0.00000E+00  0.00000E+00  0.13068E-02
      730.0000  0.22500E+03 -0.22500E+03  0.16429E+06 -0.15216E+06  0.00000E+00  0.00000E+00  0.30079E+02  0.72657E+02  0.11671E+03  0.00000E+00  0.00000E+00  0.00000E+00   25672  0.00000E+00  0.00000E+00  0.13068E-02
      740.0000  0.22500E+03 -0.22500E+03  0.16654E+06 -0.15441E+06  0.00000E+00  0.00000E+00  0.30079E+02  0.72657E+02  0.11671E+03  0.00000E+00  0.00000E+00  0.00000E+00   26020  0.00000E+00  0.00000E+00  0.13068E-02
      750.0000  0.22500E+03 -0.22500E+03  0.16879E+06 -0.15666E+06  0.00000E+00  0.00000E+00  0.30079E+02  0.72657E+02  0.11671E+03  0.00000E+00  0.00000E+00  0.00000E+00   26368  0.00000E+00  0.00000E+00  0.13068E-02
      760.0000  0.22500E+03 -0.22500E+03  0.17104E+06 -0.15891E+06  0.00000E+00  0.00000E+00  0.30079E+02  0.72657E+02  0.11671E+03  0.00000E+00  0.00000E+00  0.00000E+00   26716  0.00000E+00  0.00000E+00  0.13068E-02
      770.0000  0.22500E+03 -0.22500E+03  0.17329E+06 -0.16116E+06  0.00000E+00  0.00000E+00  0.30079E+02  0.72657E+02  0.11671E+03  0.00000E+00  0.00000E+00  0.00000E+00   27064  0.00000E+00  0.00000E+00  0.13068E-02
      780.0000  0.22500E+03 -0.22500E+03  0.17554E+06 -0.16341E+06  0.00000E+00  0.00000E+00  0.30079E+02  0.72657E+02  0.11671E+03  0.00000E+00  0.00000E+00  0.00000E+00   27412  0.00000E+00  0.00000E+00  0.13068E-02
      790.0000  0.22500E+03 -0.22500E+03  0.17779E+06 -0.16566E+06  0.00000E+00  0.00000E+00  0.30079E+02  0.72657E+02  0.11671E+03  0.00000E+00  0.00000E+00  0.00000E+00   27760  0.00000E+00  0.00000E+00  0.13068E-02
      800.0000  0.22500E+03 -0.22500E+03  0.18005E+06 -0.16791E+06  0.00000E+00  0.00000E+00  0.30079E+02  0.72657E+02  0.11671E+03  0.00000E+00  0.00000E+00  0.00000E+00   28108  0.00000E+00  0.00000E+00  0.13068E-02
      810.0000  0.22500E+03 -0.22500E+03  0.18230E+06 -0.17016E+06  0.00000E+00  0.00000E+00  0.30079E+02  0.72657E+02  0.11671E+03  0.00000E+00  0.00000E+00  0.00000E+00   28456  0.00000E+00  0.00000E+00  0.13068E-02
      820.0000  0.22500E+03 -0.22500E+03  0.18455E+06 -0.17242E+06  0.00000E+00  0.00000E+00  0.30079E+02  0.72657E+02  0.11671E+03  0.00000E+00  0.00000E+00  0.00000E+00   28804  0.00000E+00  0.00000E+00  0.13068E-02
      830.0000  0.22500E+03 -0.22500E+03  0.18680E+06 -0.17467E+06  0.00000E+00  0.00000E+00  0.30079E+02  0.72657E+02  0.11671E+03  0.00000E+00  0.00000E+00  0.00000E+00   29152  0.00000E+00  0.00000E+00  0.13068E-02
      840.0000  0.22500E+03 -0.22500E+03  0.18905E+06 -0.17692E+06  0.00000E+00  0.00000E+00  0.30079E+02  0.72657E+02  0.11671E+03  0.00000E+00  0.00000E+00  0.00000E+00   29500  0.00000E+00  0.00000E+00  0.13068E-02
      850.0000  0.22500E+03 -0.22500E+03  0.19130E+06 -0.17917E+06  0.00000E+00  0.00000E+00  0.30079E+02  0.72657E+02  0.11671E+03  0.00000E+00  0.00000E+00  0.00000E+00   29848  0.00000E+00  0.00000E+00  0.13068E-02
      860.0000  0.22500E+03 -0.22500E+03  0.19355E+06 -0.18142E+06  0.00000E+00  0.00000E+00  0.30079E+02  0.72657E+02  0.11671E+03  0.00000E+00  0.00000E+00  0.00000E+00   30196  0.00000E+00  0.00000E+00  0.13068E-02
      870.0000  0.22500E+03 -0.22500E+03  0.19580E+06 -0.18367E+06  0.00000E+00  0.00000E+00  0.30079E+02  0.72657E+02  0.11671E+03  0.00000E+00  0.00000E+00  0.00000E+00   30544  0.00000E+00  0.00000E+00  0.13068E-02
      880.0000  0.22500E+03 -0.22500E+03  0.19805E+06 -0.18592E+06  0.00000E+00  0.00000E+00  0.30079E+02  0.72657E+02  0.11671E+03  0.00000E+00  0.00000E+00  0.00000E+00   30892  0.00000E+00  0.00000E+00  0.13068E-02
      890.0000  0.22500E+03 -0.22500E+03  0.20030E+06 -0.18817E+06  0.00000E+00  0.00000E+00  0.30079E+02  0.72657E+02  0.11671E+03  0.00000E+00  0.00000E+00  0.00000E+00   31240  0.00000E+00  0.00000E+00  0.13068E-02
      900.0000  0.22500E+03 -0.22500E+03  0.20256E+06 -0.19042E+06  0.00000E+00  0.00000E+00  0.30079E+02  0.72657E+02  0.11671E+03  0.00000E+00  0.00000E+00  0.00000E+00   31588  0.00000E+00  0.00000E+00  0.13068E-02
      910.0000  0.22500E+03 -0.22500E+03  0.20481E+06 -0.19267E+06  0.00000E+00  0.00000E+00  0.30079E+02  0.72657E+02  0.11671E+03  0.00000E+00  0.00000E+00  0.00000E+00   31936  0.00000E+00  0.00000E+00  0.13068E-02
      920.0000  0.22500E+03 -0.22500E+03  0.20706E+06 -0.19493E+06  0.00000E+00  0.00000E+00  0.30079E+02  0.72657E+02  0.11671E+03  0.00000E+00  0.00000E+00  0.00000E+00   32284  0.00000E+00  0.00000E+00  0.13068E-02
      930.0000  0.22500E+03 -0.22500E+03  0.20931E+06 -0.19718E+06  0.00000E+00  0.00000E+00  0.30079E+02  0.72657E+02  0.11671E+03  0.00000E+00  0.00000E+00  0.00000E+00   32632  0.00000E+00  0.00000E+00  0.13068E-02
      940.0000  0.22500E+03 -0.22500E+03  0.21156E+06 -0.19943E+06  0.00000E+00  0.00000E+00  0.30079E+02  0.72657E+02  0.11671E+03  0.00000E+00  0.00000E+00  0.00000E+00   32980  0.00000E+00  0.00000E+00  0.13068E-02
      950.0000  0.22500E+03 -0.22500E+03  0.21381E+06 -0.20168E+06  0.00000E+00  0.00000E+00  0.30079E+02  0.72657E+02  0.11671E+03  0.00000E+00  0.00000E+00  0.00000E+00   33328  0.00000E+00  0.00000E+00  0.13068E-02
      960.0000  0.22500E+03 -0.22500E+03  0.21606E+06 -0.20393E+06  0.00000E+00  0.00000E+00  0.30079E+02  0.72657E+02  0.11671E+03  0.00000E+00  0.00000E+00  0.00000E+00   33676  0.00000E+00  0.00000E+00  0.13068E-02
      970.0000  0.22500E+03 -0.22500E+03  0.21831E+06 -0.20618E+06  0.00000E+00  0.00000E+00  0.30079E+02  0.72657E+02  0.11671E+03  0.00000E+00  0.00000E+00  0.00000E+00   34024  0.00000E+00  0.00000E+00  0.13068E-02
      980.0000  0.22500E+03 -0.22500E+03  0.22056E+06 -0.20843E+06  0.00000E+00  0.00000E+00  0.30079E+02  0.72657E+02  0.11671E+03  0.00000E+00  0.00000E+00  0.00000E+00   34372  0.00000E+00  0.00000E+00  0.13068E-02
      990.0000  0.22500E+03 -0.22500E+03  0.22281E+06 -0.21068E+06  0.00000E+00  0.00000E+00  0.30079E+02  0.72657E+02  0.11671E+03  0.00000E+00  0.00000E+00  0.00000E+00   34720  0.00000E+00  0.00000E+00  0.13068E-02
     1000.0000  0.22500E+03 -0.22500E+03  0.22507E+06 -0.21293E+06  0.00000E+00  0.00000E+00  0.30079E+02  0.72657E+02  0.11671E+03  0.00000E+00  0.00000E+00  0.00000E+00   35068  0.00000E+00  0.00000E+00  0.13068E-02
end
