 ******* Program HYDRUS
 ******* 
 Welcome to HYDRUS-1D                                                    
 Date:  13. 3.    Time:  12:48:10
 Units: L = mm   , T = days , M = mmol 

       Time          rTop        rRoot        vTop         vRoot        vBot       sum(rTop)   sum(rRoot)    sum(vTop)   sum(vRoot)    sum(vBot)      hTop         hRoot        hBot        RunOff    sum(RunOff)     Volume     sum(Infil)    sum(Evap) TLevel Cum(WTrans)  SnowLayer
        [T]         [L/T]        [L/T]        [L/T]        [L/T]        [L/T]         [L]          [L]          [L]         [L]           [L]         [L]           [L]         [L]          [L/T]         [L]          [L]          [L]          [L]

      10.0000 -0.75000E+01  0.60000E+01 -0.75000E+01  0.57475E+01 -0.29768E-05 -0.75000E+02  0.60000E+02 -0.75000E+02  0.45683E+02 -0.29768E-04 -0.34859E+03 -0.59566E+03 -0.10000E+04  0.00000E+00  0.43560E-04  0.94053E+02  0.75000E+02  0.00000E+00    580  0.00000E+00      0.000
      20.0000 -0.75000E+01  0.60000E+01 -0.75000E+01  0.55807E+01 -0.29768E-05 -0.15000E+03  0.12000E+03 -0.15000E+03  0.10232E+03 -0.59537E-04 -0.34859E+03 -0.36401E+03 -0.10000E+04  0.00000E+00  0.43560E-04  0.11241E+03  0.15000E+03  0.00000E+00    945  0.00000E+00      0.000
      30.0000 -0.75000E+01  0.60000E+01 -0.75000E+01  0.55720E+01 -0.19282E+01 -0.22500E+03  0.18000E+03 -0.22500E+03  0.15805E+03 -0.20368E+01 -0.34859E+03 -0.36401E+03 -0.37142E+03  0.00000E+00  0.43560E-04  0.12964E+03  0.22500E+03  0.00000E+00   1312  0.00000E+00      0.000
      40.0000 -0.75000E+01  0.60000E+01 -0.75000E+01  0.55720E+01 -0.19279E+01 -0.30000E+03  0.24000E+03 -0.30000E+03  0.21377E+03 -0.21316E+02 -0.34859E+03 -0.36401E+03 -0.37143E+03  0.00000E+00  0.43560E-04  0.12964E+03  0.30000E+03  0.00000E+00   1660  0.00000E+00      0.000
      50.0000 -0.75000E+01  0.60000E+01 -0.75000E+01  0.55720E+01 -0.19279E+01 -0.37499E+03  0.30000E+03 -0.37499E+03  0.26949E+03 -0.40595E+02 -0.34859E+03 -0.36401E+03 -0.37143E+03  0.00000E+00  0.43560E-04  0.12964E+03  0.37499E+03  0.00000E+00   2008  0.00000E+00      0.000
      60.0000 -0.75000E+01  0.60000E+01 -0.75000E+01  0.55720E+01 -0.19279E+01 -0.44999E+03  0.36001E+03 -0.44999E+03  0.32522E+03 -0.59874E+02 -0.34859E+03 -0.36401E+03 -0.37143E+03  0.00000E+00  0.43560E-04  0.12964E+03  0.44999E+03  0.00000E+00   2356  0.00000E+00      0.000
      70.0000 -0.75000E+01  0.60000E+01 -0.75000E+01  0.55720E+01 -0.19279E+01 -0.52499E+03  0.42001E+03 -0.52499E+03  0.38094E+03 -0.79152E+02 -0.34859E+03 -0.36401E+03 -0.37143E+03  0.00000E+00  0.43560E-04  0.12964E+03  0.52499E+03  0.00000E+00   2704  0.00000E+00      0.000
      80.0000 -0.75000E+01  0.60000E+01 -0.75000E+01  0.55720E+01 -0.19279E+01 -0.59999E+03  0.48002E+03 -0.59999E+03  0.43667E+03 -0.98431E+02 -0.34859E+03 -0.36401E+03 -0.37143E+03  0.00000E+00  0.43560E-04  0.12964E+03  0.59999E+03  0.00000E+00   3052  0.00000E+00      0.000
      90.0000 -0.75000E+01  0.60000E+01 -0.75000E+01  0.55720E+01 -0.19279E+01 -0.67500E+03  0.54002E+03 -0.67500E+03  0.49239E+03 -0.11771E+03 -0.34859E+03 -0.36401E+03 -0.37143E+03  0.00000E+00  0.43560E-04  0.12964E+03  0.67500E+03  0.00000E+00   3400  0.00000E+00      0.000
     100.0000 -0.75000E+01  0.60000E+01 -0.75000E+01  0.55720E+01 -0.19279E+01 -0.75001E+03  0.60003E+03 -0.75001E+03  0.54811E+03 -0.13699E+03 -0.34859E+03 -0.36401E+03 -0.37143E+03  0.00000E+00  0.43560E-04  0.12964E+03  0.75001E+03  0.00000E+00   3748  0.00000E+00      0.000
     110.0000 -0.75000E+01  0.60000E+01 -0.75000E+01  0.55720E+01 -0.19279E+01 -0.82501E+03  0.66003E+03 -0.82501E+03  0.60384E+03 -0.15627E+03 -0.34859E+03 -0.36401E+03 -0.37143E+03  0.00000E+00  0.43560E-04  0.12964E+03  0.82501E+03  0.00000E+00   4096  0.00000E+00      0.000
     120.0000 -0.75000E+01  0.60000E+01 -0.75000E+01  0.55720E+01 -0.19279E+01 -0.90002E+03  0.72004E+03 -0.90002E+03  0.65956E+03 -0.17555E+03 -0.34859E+03 -0.36401E+03 -0.37143E+03  0.00000E+00  0.43560E-04  0.12964E+03  0.90002E+03  0.00000E+00   4444  0.00000E+00      0.000
     130.0000 -0.75000E+01  0.60000E+01 -0.75000E+01  0.55720E+01 -0.19279E+01 -0.97502E+03  0.78004E+03 -0.97502E+03  0.71529E+03 -0.19483E+03 -0.34859E+03 -0.36401E+03 -0.37143E+03  0.00000E+00  0.43560E-04  0.12964E+03  0.97502E+03  0.00000E+00   4792  0.00000E+00      0.000
     140.0000 -0.75000E+01  0.60000E+01 -0.75000E+01  0.55720E+01 -0.19279E+01 -0.10500E+04  0.84005E+03 -0.10500E+04  0.77101E+03 -0.21411E+03 -0.34859E+03 -0.36401E+03 -0.37143E+03  0.00000E+00  0.43560E-04  0.12964E+03  0.10500E+04  0.00000E+00   5140  0.00000E+00      0.000
     150.0000 -0.75000E+01  0.60000E+01 -0.75000E+01  0.55720E+01 -0.19279E+01 -0.11250E+04  0.90005E+03 -0.11250E+04  0.82674E+03 -0.23340E+03 -0.34859E+03 -0.36401E+03 -0.37143E+03  0.00000E+00  0.43560E-04  0.12964E+03  0.11250E+04  0.00000E+00   5488  0.00000E+00      0.000
     160.0000 -0.75000E+01  0.60000E+01 -0.75000E+01  0.55720E+01 -0.19279E+01 -0.12000E+04  0.96006E+03 -0.12000E+04  0.88246E+03 -0.25268E+03 -0.34859E+03 -0.36401E+03 -0.37143E+03  0.00000E+00  0.43560E-04  0.12964E+03  0.12000E+04  0.00000E+00   5836  0.00000E+00      0.000
     170.0000 -0.75000E+01  0.60000E+01 -0.75000E+01  0.55720E+01 -0.19279E+01 -0.12750E+04  0.10201E+04 -0.12750E+04  0.93819E+03 -0.27196E+03 -0.34859E+03 -0.36401E+03 -0.37143E+03  0.00000E+00  0.43560E-04  0.12964E+03  0.12750E+04  0.00000E+00   6184  0.00000E+00      0.000
     180.0000 -0.75000E+01  0.60000E+01 -0.75000E+01  0.55720E+01 -0.19279E+01 -0.13501E+04  0.10801E+04 -0.13501E+04  0.99391E+03 -0.29124E+03 -0.34859E+03 -0.36401E+03 -0.37143E+03  0.00000E+00  0.43560E-04  0.12964E+03  0.13501E+04  0.00000E+00   6532  0.00000E+00      0.000
     190.0000 -0.75000E+01  0.60000E+01 -0.75000E+01  0.55720E+01 -0.19279E+01 -0.14251E+04  0.11401E+04 -0.14251E+04  0.10496E+04 -0.31052E+03 -0.34859E+03 -0.36401E+03 -0.37143E+03  0.00000E+00  0.43560E-04  0.12964E+03  0.14251E+04  0.00000E+00   6880  0.00000E+00      0.000
     200.0000 -0.75000E+01  0.60000E+01 -0.75000E+01  0.55720E+01 -0.19279E+01 -0.15001E+04  0.12001E+04 -0.15001E+04  0.11054E+04 -0.32980E+03 -0.34859E+03 -0.36401E+03 -0.37143E+03  0.00000E+00  0.43560E-04  0.12964E+03  0.15001E+04  0.00000E+00   7228  0.00000E+00      0.000
     210.0000 -0.75000E+01  0.60000E+01 -0.75000E+01  0.55720E+01 -0.19279E+01 -0.15751E+04  0.12601E+04 -0.15751E+04  0.11611E+04 -0.34908E+03 -0.34859E+03 -0.36401E+03 -0.37143E+03  0.00000E+00  0.43560E-04  0.12964E+03  0.15751E+04  0.00000E+00   7576  0.00000E+00      0.000
     220.0000 -0.75000E+01  0.60000E+01 -0.75000E+01  0.55720E+01 -0.19279E+01 -0.16501E+04  0.13201E+04 -0.16501E+04  0.12168E+04 -0.36836E+03 -0.34859E+03 -0.36401E+03 -0.37143E+03  0.00000E+00  0.43560E-04  0.12964E+03  0.16501E+04  0.00000E+00   7924  0.00000E+00      0.000
     230.0000 -0.75000E+01  0.60000E+01 -0.75000E+01  0.55720E+01 -0.19279E+01 -0.17251E+04  0.13801E+04 -0.17251E+04  0.12725E+04 -0.38765E+03 -0.34859E+03 -0.36401E+03 -0.37143E+03  0.00000E+00  0.43560E-04  0.12964E+03  0.17251E+04  0.00000E+00   8272  0.00000E+00      0.000
     240.0000 -0.75000E+01  0.60000E+01 -0.75000E+01  0.55720E+01 -0.19279E+01 -0.18001E+04  0.14401E+04 -0.18001E+04  0.13283E+04 -0.40693E+03 -0.34859E+03 -0.36401E+03 -0.37143E+03  0.00000E+00  0.43560E-04  0.12964E+03  0.18001E+04  0.00000E+00   8620  0.00000E+00      0.000
     250.0000 -0.75000E+01  0.60000E+01 -0.75000E+01  0.55720E+01 -0.19279E+01 -0.18751E+04  0.15001E+04 -0.18751E+04  0.13840E+04 -0.42621E+03 -0.34859E+03 -0.36401E+03 -0.37143E+03  0.00000E+00  0.43560E-04  0.12964E+03  0.18751E+04  0.00000E+00   8968  0.00000E+00      0.000
     260.0000 -0.75000E+01  0.60000E+01 -0.75000E+01  0.55720E+01 -0.19279E+01 -0.19501E+04  0.15601E+04 -0.19501E+04  0.14397E+04 -0.44549E+03 -0.34859E+03 -0.36401E+03 -0.37143E+03  0.00000E+00  0.43560E-04  0.12964E+03  0.19501E+04  0.00000E+00   9316  0.00000E+00      0.000
     270.0000 -0.75000E+01  0.60000E+01 -0.75000E+01  0.55720E+01 -0.19279E+01 -0.20251E+04  0.16201E+04 -0.20251E+04  0.14954E+04 -0.46477E+03 -0.34859E+03 -0.36401E+03 -0.37143E+03  0.00000E+00  0.43560E-04  0.12964E+03  0.20251E+04  0.00000E+00   9664  0.00000E+00      0.000
     280.0000 -0.75000E+01  0.60000E+01 -0.75000E+01  0.55720E+01 -0.19279E+01 -0.21001E+04  0.16801E+04 -0.21001E+04  0.15512E+04 -0.48405E+03 -0.34859E+03 -0.36401E+03 -0.37143E+03  0.00000E+00  0.43560E-04  0.12964E+03  0.21001E+04  0.00000E+00  10012  0.00000E+00      0.000
     290.0000 -0.75000E+01  0.60000E+01 -0.75000E+01  0.55720E+01 -0.19279E+01 -0.21751E+04  0.17401E+04 -0.21751E+04  0.16069E+04 -0.50333E+03 -0.34859E+03 -0.36401E+03 -0.37143E+03  0.00000E+00  0.43560E-04  0.12964E+03  0.21751E+04  0.00000E+00  10360  0.00000E+00      0.000
     300.0000 -0.75000E+01  0.60000E+01 -0.75000E+01  0.55720E+01 -0.19279E+01 -0.22501E+04  0.18001E+04 -0.22501E+04  0.16626E+04 -0.52261E+03 -0.34859E+03 -0.36401E+03 -0.37143E+03  0.00000E+00  0.43560E-04  0.12964E+03  0.22501E+04  0.00000E+00  10708  0.00000E+00      0.000
     310.0000 -0.75000E+01  0.60000E+01 -0.75000E+01  0.55720E+01 -0.19279E+01 -0.23251E+04  0.18601E+04 -0.23251E+04  0.17183E+04 -0.54190E+03 -0.34859E+03 -0.36401E+03 -0.37143E+03  0.00000E+00  0.43560E-04  0.12964E+03  0.23251E+04  0.00000E+00  11056  0.00000E+00      0.000
     320.0000 -0.75000E+01  0.60000E+01 -0.75000E+01  0.55720E+01 -0.19279E+01 -0.24001E+04  0.19201E+04 -0.24001E+04  0.17741E+04 -0.56118E+03 -0.34859E+03 -0.36401E+03 -0.37143E+03  0.00000E+00  0.43560E-04  0.12964E+03  0.24001E+04  0.00000E+00  11404  0.00000E+00      0.000
     330.0000 -0.75000E+01  0.60000E+01 -0.75000E+01  0.55720E+01 -0.19279E+01 -0.24751E+04  0.19801E+04 -0.24751E+04  0.18298E+04 -0.58046E+03 -0.34859E+03 -0.36401E+03 -0.37143E+03  0.00000E+00  0.43560E-04  0.12964E+03  0.24751E+04  0.00000E+00  11752  0.00000E+00      0.000
     340.0000 -0.75000E+01  0.60000E+01 -0.75000E+01  0.55720E+01 -0.19279E+01 -0.25502E+04  0.20401E+04 -0.25502E+04  0.18855E+04 -0.59974E+03 -0.34859E+03 -0.36401E+03 -0.37143E+03  0.00000E+00  0.43560E-04  0.12964E+03  0.25502E+04  0.00000E+00  12100  0.00000E+00      0.000
     350.0000 -0.75000E+01  0.60000E+01 -0.75000E+01  0.55720E+01 -0.19279E+01 -0.26252E+04  0.21002E+04 -0.26252E+04  0.19412E+04 -0.61902E+03 -0.34859E+03 -0.36401E+03 -0.37143E+03  0.00000E+00  0.43560E-04  0.12964E+03  0.26252E+04  0.00000E+00  12448  0.00000E+00      0.000
     360.0000 -0.75000E+01  0.60000E+01 -0.75000E+01  0.55720E+01 -0.19279E+01 -0.27002E+04  0.21602E+04 -0.27002E+04  0.19970E+04 -0.63830E+03 -0.34859E+03 -0.36401E+03 -0.37143E+03  0.00000E+00  0.43560E-04  0.12964E+03  0.27002E+04  0.00000E+00  12796  0.00000E+00      0.000
     370.0000 -0.75000E+01  0.60000E+01 -0.75000E+01  0.55720E+01 -0.19279E+01 -0.27752E+04  0.22202E+04 -0.27752E+04  0.20527E+04 -0.65758E+03 -0.34859E+03 -0.36401E+03 -0.37143E+03  0.00000E+00  0.43560E-04  0.12964E+03  0.27752E+04  0.00000E+00  13144  0.00000E+00      0.000
     380.0000 -0.75000E+01  0.60000E+01 -0.75000E+01  0.55720E+01 -0.19279E+01 -0.28502E+04  0.22802E+04 -0.28502E+04  0.21084E+04 -0.67686E+03 -0.34859E+03 -0.36401E+03 -0.37143E+03  0.00000E+00  0.43560E-04  0.12964E+03  0.28502E+04  0.00000E+00  13492  0.00000E+00      0.000
     390.0000 -0.75000E+01  0.60000E+01 -0.75000E+01  0.55720E+01 -0.19279E+01 -0.29252E+04  0.23402E+04 -0.29252E+04  0.21641E+04 -0.69615E+03 -0.34859E+03 -0.36401E+03 -0.37143E+03  0.00000E+00  0.43560E-04  0.12964E+03  0.29252E+04  0.00000E+00  13840  0.00000E+00      0.000
     400.0000 -0.75000E+01  0.60000E+01 -0.75000E+01  0.55720E+01 -0.19279E+01 -0.30002E+04  0.24002E+04 -0.30002E+04  0.22197E+04 -0.71543E+03 -0.34859E+03 -0.36401E+03 -0.37143E+03  0.00000E+00  0.43560E-04  0.12964E+03  0.30002E+04  0.00000E+00  14188  0.00000E+00      0.000
     410.0000 -0.75000E+01  0.60000E+01 -0.75000E+01  0.55720E+01 -0.19279E+01 -0.30752E+04  0.24602E+04 -0.30752E+04  0.22754E+04 -0.73471E+03 -0.34859E+03 -0.36401E+03 -0.37143E+03  0.00000E+00  0.43560E-04  0.12964E+03  0.30752E+04  0.00000E+00  14536  0.00000E+00      0.000
     420.0000 -0.75000E+01  0.60000E+01 -0.75000E+01  0.55720E+01 -0.19279E+01 -0.31502E+04  0.25202E+04 -0.31502E+04  0.23311E+04 -0.75399E+03 -0.34859E+03 -0.36401E+03 -0.37143E+03  0.00000E+00  0.43560E-04  0.12964E+03  0.31502E+04  0.00000E+00  14884  0.00000E+00      0.000
     430.0000 -0.75000E+01  0.60000E+01 -0.75000E+01  0.55720E+01 -0.19279E+01 -0.32252E+04  0.25802E+04 -0.32252E+04  0.23868E+04 -0.77327E+03 -0.34859E+03 -0.36401E+03 -0.37143E+03  0.00000E+00  0.43560E-04  0.12964E+03  0.32252E+04  0.00000E+00  15232  0.00000E+00      0.000
     440.0000 -0.75000E+01  0.60000E+01 -0.75000E+01  0.55720E+01 -0.19279E+01 -0.33002E+04  0.26402E+04 -0.33002E+04  0.24425E+04 -0.79255E+03 -0.34859E+03 -0.36401E+03 -0.37143E+03  0.00000E+00  0.43560E-04  0.12964E+03  0.33002E+04  0.00000E+00  15580  0.00000E+00      0.000
     450.0000 -0.75000E+01  0.60000E+01 -0.75000E+01  0.55720E+01 -0.19279E+01 -0.33752E+04  0.27002E+04 -0.33752E+04  0.24982E+04 -0.81183E+03 -0.34859E+03 -0.36401E+03 -0.37143E+03  0.00000E+00  0.43560E-04  0.12964E+03  0.33752E+04  0.00000E+00  15928  0.00000E+00      0.000
     460.0000 -0.75000E+01  0.60000E+01 -0.75000E+01  0.55720E+01 -0.19279E+01 -0.34502E+04  0.27602E+04 -0.34502E+04  0.25538E+04 -0.83111E+03 -0.34859E+03 -0.36401E+03 -0.37143E+03  0.00000E+00  0.43560E-04  0.12964E+03  0.34502E+04  0.00000E+00  16276  0.00000E+00      0.000
     470.0000 -0.75000E+01  0.60000E+01 -0.75000E+01  0.55720E+01 -0.19279E+01 -0.35252E+04  0.28202E+04 -0.35252E+04  0.26095E+04 -0.85040E+03 -0.34859E+03 -0.36401E+03 -0.37143E+03  0.00000E+00  0.43560E-04  0.12964E+03  0.35252E+04  0.00000E+00  16624  0.00000E+00      0.000
     480.0000 -0.75000E+01  0.60000E+01 -0.75000E+01  0.55720E+01 -0.19279E+01 -0.36002E+04  0.28802E+04 -0.36002E+04  0.26652E+04 -0.86968E+03 -0.34859E+03 -0.36401E+03 -0.37143E+03  0.00000E+00  0.43560E-04  0.12964E+03  0.36002E+04  0.00000E+00  16972  0.00000E+00      0.000
     490.0000 -0.75000E+01  0.60000E+01 -0.75000E+01  0.55720E+01 -0.19279E+01 -0.36752E+04  0.29402E+04 -0.36752E+04  0.27209E+04 -0.88896E+03 -0.34859E+03 -0.36401E+03 -0.37143E+03  0.00000E+00  0.43560E-04  0.12964E+03  0.36752E+04  0.00000E+00  17320  0.00000E+00      0.000
     500.0000 -0.75000E+01  0.60000E+01 -0.75000E+01  0.55720E+01 -0.19279E+01 -0.37503E+04  0.30002E+04 -0.37503E+04  0.27766E+04 -0.90824E+03 -0.34859E+03 -0.36401E+03 -0.37143E+03  0.00000E+00  0.43560E-04  0.12964E+03  0.37503E+04  0.00000E+00  17668  0.00000E+00      0.000
     510.0000 -0.75000E+01  0.60000E+01 -0.75000E+01  0.55720E+01 -0.19279E+01 -0.38253E+04  0.30602E+04 -0.38253E+04  0.28323E+04 -0.92752E+03 -0.34859E+03 -0.36401E+03 -0.37143E+03  0.00000E+00  0.43560E-04  0.12964E+03  0.38253E+04  0.00000E+00  18016  0.00000E+00      0.000
     520.0000 -0.75000E+01  0.60000E+01 -0.75000E+01  0.55720E+01 -0.19279E+01 -0.39003E+04  0.31202E+04 -0.39003E+04  0.28879E+04 -0.94680E+03 -0.34859E+03 -0.36401E+03 -0.37143E+03  0.00000E+00  0.43560E-04  0.12964E+03  0.39003E+04  0.00000E+00  18364  0.00000E+00      0.000
     530.0000 -0.75000E+01  0.60000E+01 -0.75000E+01  0.55720E+01 -0.19279E+01 -0.39753E+04  0.31802E+04 -0.39753E+04  0.29436E+04 -0.96608E+03 -0.34859E+03 -0.36401E+03 -0.37143E+03  0.00000E+00  0.43560E-04  0.12964E+03  0.39753E+04  0.00000E+00  18712  0.00000E+00      0.000
     540.0000 -0.75000E+01  0.60000E+01 -0.75000E+01  0.55720E+01 -0.19279E+01 -0.40503E+04  0.32402E+04 -0.40503E+04  0.29993E+04 -0.98536E+03 -0.34859E+03 -0.36401E+03 -0.37143E+03  0.00000E+00  0.43560E-04  0.12964E+03  0.40503E+04  0.00000E+00  19060  0.00000E+00      0.000
     550.0000 -0.75000E+01  0.60000E+01 -0.75000E+01  0.55720E+01 -0.19279E+01 -0.41253E+04  0.33003E+04 -0.41253E+04  0.30550E+04 -0.10046E+04 -0.34859E+03 -0.36401E+03 -0.37143E+03  0.00000E+00  0.43560E-04  0.12964E+03  0.41253E+04  0.00000E+00  19408  0.00000E+00      0.000
     560.0000 -0.75000E+01  0.60000E+01 -0.75000E+01  0.55720E+01 -0.19279E+01 -0.42002E+04  0.33603E+04 -0.42002E+04  0.31107E+04 -0.10239E+04 -0.34859E+03 -0.36401E+03 -0.37143E+03  0.00000E+00  0.43560E-04  0.12964E+03  0.42002E+04  0.00000E+00  19756  0.00000E+00      0.000
     570.0000 -0.75000E+01  0.60000E+01 -0.75000E+01  0.55720E+01 -0.19279E+01 -0.42751E+04  0.34203E+04 -0.42751E+04  0.31664E+04 -0.10432E+04 -0.34859E+03 -0.36401E+03 -0.37143E+03  0.00000E+00  0.43560E-04  0.12964E+03  0.42751E+04  0.00000E+00  20104  0.00000E+00      0.000
     580.0000 -0.75000E+01  0.60000E+01 -0.75000E+01  0.55720E+01 -0.19279E+01 -0.43500E+04  0.34803E+04 -0.43500E+04  0.32220E+04 -0.10625E+04 -0.34859E+03 -0.36401E+03 -0.37143E+03  0.00000E+00  0.43560E-04  0.12964E+03  0.43500E+04  0.00000E+00  20452  0.00000E+00      0.000
     590.0000 -0.75000E+01  0.60000E+01 -0.75000E+01  0.55720E+01 -0.19279E+01 -0.44249E+04  0.35403E+04 -0.44249E+04  0.32777E+04 -0.10818E+04 -0.34859E+03 -0.36401E+03 -0.37143E+03  0.00000E+00  0.43560E-04  0.12964E+03  0.44249E+04  0.00000E+00  20800  0.00000E+00      0.000
     600.0000 -0.75000E+01  0.60000E+01 -0.75000E+01  0.55720E+01 -0.19279E+01 -0.44999E+04  0.36003E+04 -0.44999E+04  0.33334E+04 -0.11011E+04 -0.34859E+03 -0.36401E+03 -0.37143E+03  0.00000E+00  0.43560E-04  0.12964E+03  0.44999E+04  0.00000E+00  21148  0.00000E+00      0.000
     610.0000 -0.75000E+01  0.60000E+01 -0.75000E+01  0.55720E+01 -0.19279E+01 -0.45748E+04  0.36603E+04 -0.45748E+04  0.33891E+04 -0.11203E+04 -0.34859E+03 -0.36401E+03 -0.37143E+03  0.00000E+00  0.43560E-04  0.12964E+03  0.45748E+04  0.00000E+00  21496  0.00000E+00      0.000
     620.0000 -0.75000E+01  0.60000E+01 -0.75000E+01  0.55720E+01 -0.19279E+01 -0.46497E+04  0.37203E+04 -0.46497E+04  0.34448E+04 -0.11396E+04 -0.34859E+03 -0.36401E+03 -0.37143E+03  0.00000E+00  0.43560E-04  0.12964E+03  0.46497E+04  0.00000E+00  21844  0.00000E+00      0.000
     630.0000 -0.75000E+01  0.60000E+01 -0.75000E+01  0.55720E+01 -0.19279E+01 -0.47246E+04  0.37803E+04 -0.47246E+04  0.35005E+04 -0.11589E+04 -0.34859E+03 -0.36401E+03 -0.37143E+03  0.00000E+00  0.43560E-04  0.12964E+03  0.47246E+04  0.00000E+00  22192  0.00000E+00      0.000
     640.0000 -0.75000E+01  0.60000E+01 -0.75000E+01  0.55720E+01 -0.19279E+01 -0.47996E+04  0.38403E+04 -0.47996E+04  0.35561E+04 -0.11782E+04 -0.34859E+03 -0.36401E+03 -0.37143E+03  0.00000E+00  0.43560E-04  0.12964E+03  0.47996E+04  0.00000E+00  22540  0.00000E+00      0.000
     650.0000 -0.75000E+01  0.60000E+01 -0.75000E+01  0.55720E+01 -0.19279E+01 -0.48745E+04  0.39003E+04 -0.48745E+04  0.36118E+04 -0.11975E+04 -0.34859E+03 -0.36401E+03 -0.37143E+03  0.00000E+00  0.43560E-04  0.12964E+03  0.48745E+04  0.00000E+00  22888  0.00000E+00      0.000
     660.0000 -0.75000E+01  0.60000E+01 -0.75000E+01  0.55720E+01 -0.19279E+01 -0.49494E+04  0.39603E+04 -0.49494E+04  0.36675E+04 -0.12167E+04 -0.34859E+03 -0.36401E+03 -0.37143E+03  0.00000E+00  0.43560E-04  0.12964E+03  0.49494E+04  0.00000E+00  23236  0.00000E+00      0.000
     670.0000 -0.75000E+01  0.60000E+01 -0.75000E+01  0.55720E+01 -0.19279E+01 -0.50243E+04  0.40203E+04 -0.50243E+04  0.37232E+04 -0.12360E+04 -0.34859E+03 -0.36401E+03 -0.37143E+03  0.00000E+00  0.43560E-04  0.12964E+03  0.50243E+04  0.00000E+00  23584  0.00000E+00      0.000
     680.0000 -0.75000E+01  0.60000E+01 -0.75000E+01  0.55720E+01 -0.19279E+01 -0.50993E+04  0.40803E+04 -0.50993E+04  0.37789E+04 -0.12553E+04 -0.34859E+03 -0.36401E+03 -0.37143E+03  0.00000E+00  0.43560E-04  0.12964E+03  0.50993E+04  0.00000E+00  23932  0.00000E+00      0.000
     690.0000 -0.75000E+01  0.60000E+01 -0.75000E+01  0.55720E+01 -0.19279E+01 -0.51742E+04  0.41403E+04 -0.51742E+04  0.38346E+04 -0.12746E+04 -0.34859E+03 -0.36401E+03 -0.37143E+03  0.00000E+00  0.43560E-04  0.12964E+03  0.51742E+04  0.00000E+00  24280  0.00000E+00      0.000
     700.0000 -0.75000E+01  0.60000E+01 -0.75000E+01  0.55720E+01 -0.19279E+01 -0.52491E+04  0.42003E+04 -0.52491E+04  0.38902E+04 -0.12939E+04 -0.34859E+03 -0.36401E+03 -0.37143E+03  0.00000E+00  0.43560E-04  0.12964E+03  0.52491E+04  0.00000E+00  24628  0.00000E+00      0.000
     710.0000 -0.75000E+01  0.60000E+01 -0.75000E+01  0.55720E+01 -0.19279E+01 -0.53240E+04  0.42603E+04 -0.53240E+04  0.39459E+04 -0.13131E+04 -0.34859E+03 -0.36401E+03 -0.37143E+03  0.00000E+00  0.43560E-04  0.12964E+03  0.53240E+04  0.00000E+00  24976  0.00000E+00      0.000
     720.0000 -0.75000E+01  0.60000E+01 -0.75000E+01  0.55720E+01 -0.19279E+01 -0.53990E+04  0.43203E+04 -0.53990E+04  0.40016E+04 -0.13324E+04 -0.34859E+03 -0.36401E+03 -0.37143E+03  0.00000E+00  0.43560E-04  0.12964E+03  0.53990E+04  0.00000E+00  25324  0.00000E+00      0.000
     730.0000 -0.75000E+01  0.60000E+01 -0.75000E+01  0.55720E+01 -0.19279E+01 -0.54739E+04  0.43803E+04 -0.54739E+04  0.40573E+04 -0.13517E+04 -0.34859E+03 -0.36401E+03 -0.37143E+03  0.00000E+00  0.43560E-04  0.12964E+03  0.54739E+04  0.00000E+00  25672  0.00000E+00      0.000
     740.0000 -0.75000E+01  0.60000E+01 -0.75000E+01  0.55720E+01 -0.19279E+01 -0.55488E+04  0.44403E+04 -0.55488E+04  0.41130E+04 -0.13710E+04 -0.34859E+03 -0.36401E+03 -0.37143E+03  0.00000E+00  0.43560E-04  0.12964E+03  0.55488E+04  0.00000E+00  26020  0.00000E+00      0.000
     750.0000 -0.75000E+01  0.60000E+01 -0.75000E+01  0.55720E+01 -0.19279E+01 -0.56237E+04  0.45004E+04 -0.56237E+04  0.41688E+04 -0.13903E+04 -0.34859E+03 -0.36401E+03 -0.37143E+03  0.00000E+00  0.43560E-04  0.12964E+03  0.56237E+04  0.00000E+00  26368  0.00000E+00      0.000
     760.0000 -0.75000E+01  0.60000E+01 -0.75000E+01  0.55720E+01 -0.19279E+01 -0.56986E+04  0.45604E+04 -0.56986E+04  0.42245E+04 -0.14095E+04 -0.34859E+03 -0.36401E+03 -0.37143E+03  0.00000E+00  0.43560E-04  0.12964E+03  0.56986E+04  0.00000E+00  26716  0.00000E+00      0.000
     770.0000 -0.75000E+01  0.60000E+01 -0.75000E+01  0.55720E+01 -0.19279E+01 -0.57736E+04  0.46204E+04 -0.57736E+04  0.42803E+04 -0.14288E+04 -0.34859E+03 -0.36401E+03 -0.37143E+03  0.00000E+00  0.43560E-04  0.12964E+03  0.57736E+04  0.00000E+00  27064  0.00000E+00      0.000
     780.0000 -0.75000E+01  0.60000E+01 -0.75000E+01  0.55720E+01 -0.19279E+01 -0.58485E+04  0.46804E+04 -0.58485E+04  0.43361E+04 -0.14481E+04 -0.34859E+03 -0.36401E+03 -0.37143E+03  0.00000E+00  0.43560E-04  0.12964E+03  0.58485E+04  0.00000E+00  27412  0.00000E+00      0.000
     790.0000 -0.75000E+01  0.60000E+01 -0.75000E+01  0.55720E+01 -0.19279E+01 -0.59234E+04  0.47404E+04 -0.59234E+04  0.43918E+04 -0.14674E+04 -0.34859E+03 -0.36401E+03 -0.37143E+03  0.00000E+00  0.43560E-04  0.12964E+03  0.59234E+04  0.00000E+00  27760  0.00000E+00      0.000
     800.0000 -0.75000E+01  0.60000E+01 -0.75000E+01  0.55720E+01 -0.19279E+01 -0.59983E+04  0.48004E+04 -0.59983E+04  0.44476E+04 -0.14867E+04 -0.34859E+03 -0.36401E+03 -0.37143E+03  0.00000E+00  0.43560E-04  0.12964E+03  0.59983E+04  0.00000E+00  28108  0.00000E+00      0.000
     810.0000 -0.75000E+01  0.60000E+01 -0.75000E+01  0.55720E+01 -0.19279E+01 -0.60733E+04  0.48604E+04 -0.60733E+04  0.45034E+04 -0.15060E+04 -0.34859E+03 -0.36401E+03 -0.37143E+03  0.00000E+00  0.43560E-04  0.12964E+03  0.60733E+04  0.00000E+00  28456  0.00000E+00      0.000
     820.0000 -0.75000E+01  0.60000E+01 -0.75000E+01  0.55720E+01 -0.19279E+01 -0.61482E+04  0.49204E+04 -0.61482E+04  0.45591E+04 -0.15252E+04 -0.34859E+03 -0.36401E+03 -0.37143E+03  0.00000E+00  0.43560E-04  0.12964E+03  0.61482E+04  0.00000E+00  28804  0.00000E+00      0.000
     830.0000 -0.75000E+01  0.60000E+01 -0.75000E+01  0.55720E+01 -0.19279E+01 -0.62231E+04  0.49804E+04 -0.62231E+04  0.46149E+04 -0.15445E+04 -0.34859E+03 -0.36401E+03 -0.37143E+03  0.00000E+00  0.43560E-04  0.12964E+03  0.62231E+04  0.00000E+00  29152  0.00000E+00      0.000
     840.0000 -0.75000E+01  0.60000E+01 -0.75000E+01  0.55720E+01 -0.19279E+01 -0.62980E+04  0.50404E+04 -0.62980E+04  0.46707E+04 -0.15638E+04 -0.34859E+03 -0.36401E+03 -0.37143E+03  0.00000E+00  0.43560E-04  0.12964E+03  0.62980E+04  0.00000E+00  29500  0.00000E+00      0.000
     850.0000 -0.75000E+01  0.60000E+01 -0.75000E+01  0.55720E+01 -0.19279E+01 -0.63730E+04  0.51004E+04 -0.63730E+04  0.47264E+04 -0.15831E+04 -0.34859E+03 -0.36401E+03 -0.37143E+03  0.00000E+00  0.43560E-04  0.12964E+03  0.63730E+04  0.00000E+00  29848  0.00000E+00      0.000
     860.0000 -0.75000E+01  0.60000E+01 -0.75000E+01  0.55720E+01 -0.19279E+01 -0.64479E+04  0.51604E+04 -0.64479E+04  0.47822E+04 -0.16024E+04 -0.34859E+03 -0.36401E+03 -0.37143E+03  0.00000E+00  0.43560E-04  0.12964E+03  0.64479E+04  0.00000E+00  30196  0.00000E+00      0.000
     870.0000 -0.75000E+01  0.60000E+01 -0.75000E+01  0.55720E+01 -0.19279E+01 -0.65228E+04  0.52204E+04 -0.65228E+04  0.48380E+04 -0.16216E+04 -0.34859E+03 -0.36401E+03 -0.37143E+03  0.00000E+00  0.43560E-04  0.12964E+03  0.65228E+04  0.00000E+00  30544  0.00000E+00      0.000
     880.0000 -0.75000E+01  0.60000E+01 -0.75000E+01  0.55720E+01 -0.19279E+01 -0.65977E+04  0.52804E+04 -0.65977E+04  0.48937E+04 -0.16409E+04 -0.34859E+03 -0.36401E+03 -0.37143E+03  0.00000E+00  0.43560E-04  0.12964E+03  0.65977E+04  0.00000E+00  30892  0.00000E+00      0.000
     890.0000 -0.75000E+01  0.60000E+01 -0.75000E+01  0.55720E+01 -0.19279E+01 -0.66726E+04  0.53404E+04 -0.66726E+04  0.49495E+04 -0.16602E+04 -0.34859E+03 -0.36401E+03 -0.37143E+03  0.00000E+00  0.43560E-04  0.12964E+03  0.66726E+04  0.00000E+00  31240  0.00000E+00      0.000
     900.0000 -0.75000E+01  0.60000E+01 -0.75000E+01  0.55720E+01 -0.19279E+01 -0.67476E+04  0.54004E+04 -0.67476E+04  0.50053E+04 -0.16795E+04 -0.34859E+03 -0.36401E+03 -0.37143E+03  0.00000E+00  0.43560E-04  0.12964E+03  0.67476E+04  0.00000E+00  31588  0.00000E+00      0.000
     910.0000 -0.75000E+01  0.60000E+01 -0.75000E+01  0.55720E+01 -0.19279E+01 -0.68225E+04  0.54604E+04 -0.68225E+04  0.50610E+04 -0.16988E+04 -0.34859E+03 -0.36401E+03 -0.37143E+03  0.00000E+00  0.43560E-04  0.12964E+03  0.68225E+04  0.00000E+00  31936  0.00000E+00      0.000
     920.0000 -0.75000E+01  0.60000E+01 -0.75000E+01  0.55720E+01 -0.19279E+01 -0.68974E+04  0.55204E+04 -0.68974E+04  0.51168E+04 -0.17180E+04 -0.34859E+03 -0.36401E+03 -0.37143E+03  0.00000E+00  0.43560E-04  0.12964E+03  0.68974E+04  0.00000E+00  32284  0.00000E+00      0.000
     930.0000 -0.75000E+01  0.60000E+01 -0.75000E+01  0.55720E+01 -0.19279E+01 -0.69723E+04  0.55804E+04 -0.69723E+04  0.51726E+04 -0.17373E+04 -0.34859E+03 -0.36401E+03 -0.37143E+03  0.00000E+00  0.43560E-04  0.12964E+03  0.69723E+04  0.00000E+00  32632  0.00000E+00      0.000
     940.0000 -0.75000E+01  0.60000E+01 -0.75000E+01  0.55720E+01 -0.19279E+01 -0.70473E+04  0.56405E+04 -0.70473E+04  0.52283E+04 -0.17566E+04 -0.34859E+03 -0.36401E+03 -0.37143E+03  0.00000E+00  0.43560E-04  0.12964E+03  0.70473E+04  0.00000E+00  32980  0.00000E+00      0.000
     950.0000 -0.75000E+01  0.60000E+01 -0.75000E+01  0.55720E+01 -0.19279E+01 -0.71222E+04  0.57005E+04 -0.71222E+04  0.52841E+04 -0.17759E+04 -0.34859E+03 -0.36401E+03 -0.37143E+03  0.00000E+00  0.43560E-04  0.12964E+03  0.71222E+04  0.00000E+00  33328  0.00000E+00      0.000
     960.0000 -0.75000E+01  0.60000E+01 -0.75000E+01  0.55720E+01 -0.19279E+01 -0.71971E+04  0.57605E+04 -0.71971E+04  0.53399E+04 -0.17952E+04 -0.34859E+03 -0.36401E+03 -0.37143E+03  0.00000E+00  0.43560E-04  0.12964E+03  0.71971E+04  0.00000E+00  33676  0.00000E+00      0.000
     970.0000 -0.75000E+01  0.60000E+01 -0.75000E+01  0.55720E+01 -0.19279E+01 -0.72720E+04  0.58205E+04 -0.72720E+04  0.53956E+04 -0.18145E+04 -0.34859E+03 -0.36401E+03 -0.37143E+03  0.00000E+00  0.43560E-04  0.12964E+03  0.72720E+04  0.00000E+00  34024  0.00000E+00      0.000
     980.0000 -0.75000E+01  0.60000E+01 -0.75000E+01  0.55720E+01 -0.19279E+01 -0.73470E+04  0.58805E+04 -0.73470E+04  0.54514E+04 -0.18337E+04 -0.34859E+03 -0.36401E+03 -0.37143E+03  0.00000E+00  0.43560E-04  0.12964E+03  0.73470E+04  0.00000E+00  34372  0.00000E+00      0.000
     990.0000 -0.75000E+01  0.60000E+01 -0.75000E+01  0.55720E+01 -0.19279E+01 -0.74219E+04  0.59405E+04 -0.74219E+04  0.55072E+04 -0.18530E+04 -0.34859E+03 -0.36401E+03 -0.37143E+03  0.00000E+00  0.43560E-04  0.12964E+03  0.74219E+04  0.00000E+00  34720  0.00000E+00      0.000
    1000.0000 -0.75000E+01  0.60000E+01 -0.75000E+01  0.55720E+01 -0.19279E+01 -0.74968E+04  0.60005E+04 -0.74968E+04  0.55629E+04 -0.18723E+04 -0.34859E+03 -0.36401E+03 -0.37143E+03  0.00000E+00  0.43560E-04  0.12964E+03  0.74968E+04  0.00000E+00  35068  0.00000E+00      0.000
end
