 ******* Program HYDRUS
 ******* 
 Welcome to HYDRUS-1D                                                    
 Date:   3. 2.    Time:  15:13:50
 Units: L = mm   , T = days , M = mmol 

----------------------------------------------------------
 Time       [T]        0.0000
----------------------------------------------------------
 Sub-region num.                     1
----------------------------------------------------------
 Length   [L]        0.10000E+04  0.10000E+04
 W-volume [L]        0.71414E+02  0.71414E+02
 In-flow  [L/T]      0.00000E+00  0.00000E+00
 h Mean   [L]       -0.10000E+04 -0.10000E+04
 ConcVol  [M/L2] 1   0.00000E+00  0.00000E+00
 cMean    [M/L3] 1   0.00000E+00  0.00000E+00
 Top Flux [L/T]     -0.17119E-09
 Bot Flux [L/T]     -0.17119E-09
----------------------------------------------------------

----------------------------------------------------------
 Time       [T]      200.0000
----------------------------------------------------------
 Sub-region num.                     1
----------------------------------------------------------
 Length   [L]        0.10000E+04  0.10000E+04
 W-volume [L]        0.24488E+03  0.24488E+03
 In-flow  [L/T]     -0.49327E-03 -0.49327E-03
 h Mean   [L]       -0.41723E+03 -0.41723E+03
 ConcVol  [M/L2] 1   0.17529E+05  0.17529E+05
 cMean    [M/L3] 1   0.72395E+02  0.72395E+02
 Top Flux [L/T]     -0.38618E+01
 Bot Flux [L/T]     -0.13694E+01
 WatBalT  [L]       -0.67162E+00
 WatBalR  [%]              0.051
 CncBalT  [M]    1   0.49418E+02
 CncBalR  [%]    1         0.180
----------------------------------------------------------

----------------------------------------------------------
 Time       [T]      400.0000
----------------------------------------------------------
 Sub-region num.                     1
----------------------------------------------------------
 Length   [L]        0.10000E+04  0.10000E+04
 W-volume [L]        0.24489E+03  0.24489E+03
 In-flow  [L/T]     -0.67370E-04 -0.67370E-04
 h Mean   [L]       -0.41722E+03 -0.41722E+03
 ConcVol  [M/L2] 1   0.17527E+05  0.17527E+05
 cMean    [M/L3] 1   0.72385E+02  0.72385E+02
 Top Flux [L/T]     -0.37805E+01
 Bot Flux [L/T]     -0.13699E+01
 WatBalT  [L]       -0.18965E+01
 WatBalR  [%]              0.067
 CncBalT  [M]    1   0.47730E+02
 CncBalR  [%]    1         0.066
----------------------------------------------------------

----------------------------------------------------------
 Time       [T]      600.0000
----------------------------------------------------------
 Sub-region num.                     1
----------------------------------------------------------
 Length   [L]        0.10000E+04  0.10000E+04
 W-volume [L]        0.24489E+03  0.24489E+03
 In-flow  [L/T]      0.48925E-03  0.48925E-03
 h Mean   [L]       -0.41722E+03 -0.41722E+03
 ConcVol  [M/L2] 1   0.17526E+05  0.17526E+05
 cMean    [M/L3] 1   0.72380E+02  0.72380E+02
 Top Flux [L/T]     -0.39145E+01
 Bot Flux [L/T]     -0.13701E+01
 WatBalT  [L]       -0.30003E+01
 WatBalR  [%]              0.069
 CncBalT  [M]    1   0.46916E+02
 CncBalR  [%]    1         0.040
----------------------------------------------------------

----------------------------------------------------------
 Time       [T]      800.0000
----------------------------------------------------------
 Sub-region num.                     1
----------------------------------------------------------
 Length   [L]        0.10000E+04  0.10000E+04
 W-volume [L]        0.24490E+03  0.24490E+03
 In-flow  [L/T]     -0.15920E-07 -0.15920E-07
 h Mean   [L]       -0.41721E+03 -0.41721E+03
 ConcVol  [M/L2] 1   0.17526E+05  0.17526E+05
 cMean    [M/L3] 1   0.72377E+02  0.72377E+02
 Top Flux [L/T]     -0.34543E+01
 Bot Flux [L/T]     -0.13702E+01
 WatBalT  [L]       -0.40471E+01
 WatBalR  [%]              0.070
 CncBalT  [M]    1   0.46371E+02
 CncBalR  [%]    1         0.029
----------------------------------------------------------

----------------------------------------------------------
 Time       [T]     1000.0000
----------------------------------------------------------
 Sub-region num.                     1
----------------------------------------------------------
 Length   [L]        0.10000E+04  0.10000E+04
 W-volume [L]        0.24490E+03  0.24490E+03
 In-flow  [L/T]     -0.17306E-03 -0.17306E-03
 h Mean   [L]       -0.41721E+03 -0.41721E+03
 ConcVol  [M/L2] 1   0.17525E+05  0.17525E+05
 cMean    [M/L3] 1   0.72375E+02  0.72375E+02
 Top Flux [L/T]     -0.39055E+01
 Bot Flux [L/T]     -0.13703E+01
 WatBalT  [L]       -0.50512E+01
 WatBalR  [%]              0.069
 CncBalT  [M]    1   0.45914E+02
 CncBalR  [%]    1         0.022
----------------------------------------------------------
 
 Calculation time [sec]   216.970000028610     
