 ******* Program HYDRUS
 ******* 
 Welcome to HYDRUS-1D                                                    
 Date:   3. 2.    Time:  15:13:50
 Units: L = mm   , T = days , M = mmol 


    TLevel      Time           dt     ItrW ItrC    ItCum  KodT  KodB Converg  Peclet   Courant

     1384  0.1000000E+02  0.17394E-02    2    1     6353    -4    -5     T     5.019     0.004
     7800  0.2000000E+02  0.18627E-02    5    1    35742    -4    -5     T     5.021     0.005
    14679  0.3000000E+02  0.19196E-02    3    1    67737    -4    -5     T     5.021     0.005
    22015  0.4000000E+02  0.17704E-02    2    1   102095    -4    -5     T     5.019     0.005
    29738  0.5000000E+02  0.12331E-02    2    1   137830    -4    -5     T     5.014     0.003
    37414  0.6000000E+02  0.96023E-03    2    1   173354    -4    -5     T     5.010     0.002
    45101  0.7000000E+02  0.12169E-02    2    1   208953    -4    -5     T     5.014     0.003
    52774  0.8000000E+02  0.73311E-03    2    1   244458    -4    -5     T     5.008     0.002
    60497  0.9000000E+02  0.17903E-02    2    1   280111    -4    -5     T     5.021     0.005
    68229  0.1000000E+03  0.13526E-02    2    1   315857    -4    -5     T     5.015     0.004
    75907  0.1100000E+03  0.14479E-02    2    1   351442    -4    -5     T     5.016     0.004
    83599  0.1200000E+03  0.13355E-02    2    1   387058    -4    -5     T     5.015     0.004
    91377  0.1300000E+03  0.19433E-02    6    1   422951    -4    -5     T     5.021     0.005
    99056  0.1400000E+03  0.12176E-02    2    1   458528    -4    -5     T     5.014     0.003
   106705  0.1500000E+03  0.14071E-02    2    1   494019    -4    -5     T     5.016     0.004
   114451  0.1600000E+03  0.13215E-02    2    1   529831    -4    -5     T     5.015     0.004
   122144  0.1700000E+03  0.16845E-02    2    1   565402    -4    -5     T     5.018     0.004
   129842  0.1800000E+03  0.59882E-03    2    1   600980    -4    -5     T     5.006     0.002
   137531  0.1900000E+03  0.11672E-02    2    1   636474    -4    -5     T     5.013     0.003
   145283  0.2000000E+03  0.14500E-02    3    1   672330    -4    -5     T     5.017     0.004
   152992  0.2100000E+03  0.91432E-03    2    1   708022    -4    -5     T     5.010     0.002
   160724  0.2200000E+03  0.14073E-02    2    1   743721    -4    -5     T     5.016     0.004
   168439  0.2300000E+03  0.17314E-02   10    1   779415    -4    -5     T     5.020     0.005
   176175  0.2400000E+03  0.72461E-03    2    1   815176    -4    -5     T     5.008     0.002
   183921  0.2500000E+03  0.91064E-03    2    1   850984    -4    -5     T     5.010     0.002
   191653  0.2600000E+03  0.71107E-03    2    1   886673    -4    -5     T     5.008     0.002
   199386  0.2700000E+03  0.64967E-03    2    1   922418    -4    -5     T     5.007     0.002
   207103  0.2800000E+03  0.14171E-02    2    1   958135    -4    -5     T     5.015     0.004
   214820  0.2900000E+03  0.21303E-02    2    1   993858    -4    -5     T     5.024     0.006
   222497  0.3000000E+03  0.18192E-02   10    1  1029430    -4    -5     T     5.020     0.005
   230177  0.3100000E+03  0.13033E-02    2    1  1064964    -4    -5     T     5.015     0.004
   237899  0.3200000E+03  0.62452E-03    2    1  1100711    -4    -5     T     5.007     0.002
   245591  0.3300000E+03  0.11702E-02    2    1  1136278    -4    -5     T     5.013     0.003
   253333  0.3400000E+03  0.12705E-02    2    1  1172036    -4    -5     T     5.014     0.003
   261057  0.3500000E+03  0.19179E-02    3    1  1207701    -4    -5     T     5.021     0.005
   268738  0.3600000E+03  0.13784E-02    3    1  1243287    -4    -5     T     5.015     0.004
   276453  0.3700000E+03  0.65601E-03    2    1  1278859    -4    -5     T     5.007     0.002
   284199  0.3800000E+03  0.10381E-02    2    1  1314650    -4    -5     T     5.011     0.003
   291973  0.3900000E+03  0.92599E-03    2    1  1350607    -4    -5     T     5.011     0.003
   299674  0.4000000E+03  0.17693E-02    3    1  1386164    -4    -5     T     5.019     0.005
   307361  0.4100000E+03  0.16869E-02    6    1  1421649    -4    -5     T     5.018     0.004
   315038  0.4200000E+03  0.14878E-02    4    1  1457224    -4    -5     T     5.016     0.004
   322772  0.4300000E+03  0.16340E-02    2    1  1492936    -4    -5     T     5.019     0.005
   330488  0.4400000E+03  0.30249E-02    2    1  1528536    -4    -5     T     5.033     0.008
   338219  0.4500000E+03  0.13611E-02    2    1  1564237    -4    -5     T     5.015     0.004
   345944  0.4600000E+03  0.15367E-02    3    1  1599934    -4    -5     T     5.017     0.004
   353681  0.4700000E+03  0.12045E-02    3    1  1635774    -4    -5     T     5.013     0.003
   361406  0.4800000E+03  0.12695E-02    2    1  1671452    -4    -5     T     5.014     0.003
   369139  0.4900000E+03  0.87047E-03    2    1  1707187    -4    -5     T     5.009     0.002
   376845  0.5000000E+03  0.10462E-02    2    1  1742772    -4    -5     T     5.012     0.003
   384543  0.5100000E+03  0.15828E-02    4    1  1778388    -4    -5     T     5.018     0.004
   392279  0.5200000E+03  0.12950E-02    2    1  1814125    -4    -5     T     5.015     0.004
   400031  0.5300000E+03  0.15660E-02    3    1  1849954    -4    -5     T     5.017     0.004
   407731  0.5400000E+03  0.17062E-02   10    1  1885606    -4    -5     T     5.019     0.005
   415455  0.5500000E+03  0.14787E-02    2    1  1921175    -4    -5     T     5.016     0.004
   423181  0.5600000E+03  0.12592E-02    2    1  1956932    -4    -5     T     5.015     0.004
   430908  0.5700000E+03  0.16153E-02    4    1  1992632    -4    -5     T     5.018     0.004
   438652  0.5800000E+03  0.65921E-03    2    1  2028454    -4    -5     T     5.007     0.002
   446375  0.5900000E+03  0.18115E-02    2    1  2064144    -4    -5     T     5.020     0.005
   454117  0.6000000E+03  0.12183E-02    2    1  2099898    -4    -5     T     5.013     0.003
   461846  0.6100000E+03  0.12120E-02    3    1  2135602    -4    -5     T     5.013     0.003
   469571  0.6200000E+03  0.12853E-02    2    1  2171362    -4    -5     T     5.014     0.003
   477274  0.6300000E+03  0.15952E-02    3    1  2206974    -4    -5     T     5.018     0.004
   484988  0.6400000E+03  0.19314E-02    2    1  2242584    -4    -5     T     5.022     0.005
   492696  0.6500000E+03  0.18555E-02    2    1  2278251    -4    -5     T     5.020     0.005
   500427  0.6600000E+03  0.92724E-03    2    1  2314081    -4    -5     T     5.010     0.002
   508085  0.6700000E+03  0.90473E-03    2    1  2349572    -4    -5     T     5.010     0.002
   515803  0.6800000E+03  0.21708E-02    5    1  2385222    -4    -5     T     5.024     0.006
   523534  0.6900000E+03  0.11495E-02    2    1  2420986    -4    -5     T     5.013     0.003
   531246  0.7000000E+03  0.18132E-02    3    1  2456702    -4    -5     T     5.020     0.005
   538948  0.7100000E+03  0.11788E-02    2    1  2492266    -4    -5     T     5.013     0.003
   546675  0.7200000E+03  0.73982E-03    2    1  2527995    -4    -5     T     5.008     0.002
   554381  0.7300000E+03  0.12618E-02    2    1  2563628    -4    -5     T     5.014     0.003
   562112  0.7400000E+03  0.16764E-02    4    1  2599253    -4    -5     T     5.019     0.005
   569830  0.7500000E+03  0.18071E-02    5    1  2634847    -4    -5     T     5.020     0.005
   577566  0.7600000E+03  0.61066E-03    2    1  2670578    -4    -5     T     5.007     0.002
   585358  0.7700000E+03  0.16345E-02    3    1  2706495    -4    -5     T     5.018     0.004
   593056  0.7800000E+03  0.20067E-02    9    1  2742114    -4    -5     T     5.022     0.005
   600795  0.7900000E+03  0.18806E-02    6    1  2777868    -4    -5     T     5.021     0.005
   608548  0.8000000E+03  0.93808E-03    2    1  2813726    -4    -5     T     5.011     0.003
   616271  0.8100000E+03  0.12401E-02    2    1  2849496    -4    -5     T     5.015     0.003
   623972  0.8200000E+03  0.67451E-03    2    1  2885147    -4    -5     T     5.007     0.002
   631733  0.8300000E+03  0.74941E-03    2    1  2921039    -4    -5     T     5.008     0.002
   639426  0.8400000E+03  0.14878E-02    2    1  2956610    -4    -5     T     5.017     0.004
   647117  0.8500000E+03  0.11943E-02    3    1  2992234    -4    -5     T     5.013     0.003
   654832  0.8600000E+03  0.12225E-02    2    1  3027927    -4    -5     T     5.014     0.003
   662572  0.8700000E+03  0.16042E-02    6    1  3063656    -4    -5     T     5.018     0.004
   670270  0.8800000E+03  0.16141E-02    5    1  3099235    -4    -5     T     5.021     0.005
   678010  0.8900000E+03  0.16072E-02    3    1  3135108    -4    -5     T     5.017     0.004
   685761  0.9000000E+03  0.13100E-02    2    1  3170891    -4    -5     T     5.015     0.004
   693448  0.9100000E+03  0.60408E-03    2    1  3206431    -4    -5     T     5.006     0.002
   701142  0.9200000E+03  0.13910E-02    2    1  3241978    -4    -5     T     5.016     0.004
   708837  0.9300000E+03  0.12071E-02    2    1  3277635    -4    -5     T     5.013     0.003
   716490  0.9400000E+03  0.67845E-03    2    1  3313013    -4    -5     T     5.008     0.002
   724193  0.9500000E+03  0.12674E-02    2    1  3348630    -4    -5     T     5.014     0.003
   731876  0.9600000E+03  0.17030E-02    2    1  3384183    -4    -5     T     5.019     0.004
   739619  0.9700000E+03  0.11892E-02    3    1  3419963    -4    -5     T     5.014     0.003
   747281  0.9800000E+03  0.16972E-02   10    1  3455395    -4    -5     T     5.019     0.004
   754996  0.9900000E+03  0.13425E-02    2    1  3491077    -4    -5     T     5.015     0.004
   762726  0.1000000E+04  0.13779E-02    2    1  3526805    -4    -5     T     5.015     0.004
end
