 All solute fluxes and cumulative solute fluxes are positive into the region

       Time         cvTop        cvBot      Sum(cvTop)   Sum(cvBot)     cvCh0        cvCh1         cTop        cRoot         cBot        cvRoot    Sum(cvRoot)  Sum(cvNEql) TLevel      cGWL        cRunOff   Sum(cRunOff)    (cv(i),    Sum(cv(i)), i=1,NObs)
        [T]        [M/L2/T]     [M/L2/T]      [M/L2]       [M/L2]       [M/L2]      [M/L2]        [M/L3]      [M/L3]        [M/L3]      [M/L2/T]      [M/L2]       [M/L2]              [M/L3]        [M/L2]      [M/L3]      [M/L2/T]      [M/L2]
       10.0000  0.11250E+03  0.00000E+00  0.11250E+04  0.00000E+00  0.00000E+00  0.00000E+00  0.30109E+02  0.88514E+01  0.00000E+00  0.00000E+00  0.00000E+00  0.00000E+00    1384  0.00000E+00  0.12374E-02  0.47944E-02
       20.0000  0.11250E+03  0.00000E+00  0.22500E+04  0.00000E+00  0.00000E+00  0.00000E+00  0.30132E+02  0.17787E+02  0.00000E+00  0.00000E+00  0.00000E+00  0.00000E+00    7800  0.00000E+00  0.55075E-03  0.12594E-01
       30.0000  0.11250E+03  0.00000E+00  0.33750E+04  0.00000E+00  0.00000E+00  0.00000E+00  0.30118E+02  0.26952E+02  0.00000E+00  0.00000E+00  0.00000E+00  0.00000E+00   14679  0.00000E+00  0.00000E+00  0.20968E-01
       40.0000  0.11250E+03  0.00000E+00  0.45000E+04  0.00000E+00  0.00000E+00  0.00000E+00  0.30140E+02  0.36257E+02  0.00000E+00  0.00000E+00  0.00000E+00  0.00000E+00   22015  0.00000E+00  0.12445E-02  0.29813E-01
       50.0000  0.11250E+03  0.00000E+00  0.56250E+04  0.00000E+00  0.00000E+00  0.00000E+00  0.30115E+02  0.45628E+02  0.00000E+00  0.00000E+00  0.00000E+00  0.00000E+00   29738  0.00000E+00  0.20742E-02  0.39094E-01
       60.0000  0.11250E+03  0.00000E+00  0.67500E+04  0.00000E+00  0.00000E+00  0.00000E+00  0.30129E+02  0.55023E+02  0.00000E+00  0.00000E+00  0.00000E+00  0.00000E+00   37414  0.00000E+00  0.25249E-02  0.48315E-01
       70.0000  0.11250E+03  0.00000E+00  0.78750E+04  0.00000E+00  0.00000E+00  0.00000E+00  0.30117E+02  0.62216E+02  0.00000E+00  0.00000E+00  0.00000E+00  0.00000E+00   45101  0.00000E+00  0.20528E-02  0.57316E-01
       80.0000  0.11250E+03  0.00000E+00  0.90000E+04  0.00000E+00  0.00000E+00  0.00000E+00  0.30163E+02  0.62699E+02  0.00000E+00  0.00000E+00  0.00000E+00  0.00000E+00   52774  0.00000E+00  0.13089E-02  0.66526E-01
       90.0000  0.11250E+03  0.00000E+00  0.10125E+05  0.00000E+00  0.00000E+00  0.00000E+00  0.30128E+02  0.62649E+02  0.00000E+00  0.00000E+00  0.00000E+00  0.00000E+00   60497  0.00000E+00  0.96560E-03  0.75693E-01
      100.0000  0.11250E+03  0.00000E+00  0.11250E+05  0.00000E+00  0.00000E+00  0.00000E+00  0.30153E+02  0.62640E+02  0.00000E+00  0.00000E+00  0.00000E+00  0.00000E+00   68229  0.00000E+00  0.13518E-02  0.85010E-01
      110.0000  0.11250E+03  0.00000E+00  0.12375E+05  0.00000E+00  0.00000E+00  0.00000E+00  0.30128E+02  0.62645E+02  0.00000E+00  0.00000E+00  0.00000E+00  0.00000E+00   75907  0.00000E+00  0.49353E-03  0.94316E-01
      120.0000  0.11250E+03 -0.45787E-18  0.13500E+05 -0.49231E-19  0.00000E+00  0.00000E+00  0.30118E+02  0.62651E+02  0.26318E-08  0.00000E+00  0.00000E+00  0.00000E+00   83599  0.00000E+00  0.16379E-02  0.10361E+00
      130.0000  0.11250E+03 -0.17091E-02  0.14625E+05 -0.19962E-02  0.00000E+00  0.00000E+00  0.30120E+02  0.62652E+02  0.13015E-02  0.00000E+00  0.00000E+00  0.00000E+00   91377  0.00000E+00  0.11086E-02  0.11285E+00
      140.0000  0.11250E+03 -0.76824E+00  0.15750E+05 -0.15190E+01  0.00000E+00  0.00000E+00  0.30132E+02  0.62652E+02  0.56419E+00  0.00000E+00  0.00000E+00  0.00000E+00   99056  0.00000E+00  0.10443E-02  0.12198E+00
      150.0000  0.11250E+03 -0.21502E+02  0.16875E+05 -0.74843E+02  0.00000E+00  0.00000E+00  0.30121E+02  0.62651E+02  0.15713E+02  0.00000E+00  0.00000E+00  0.00000E+00  106705  0.00000E+00  0.77248E-03  0.13118E+00
      160.0000  0.11250E+03 -0.86351E+02  0.18000E+05 -0.60553E+03  0.00000E+00  0.00000E+00  0.30134E+02  0.62650E+02  0.63079E+02  0.00000E+00  0.00000E+00  0.00000E+00  114451  0.00000E+00  0.00000E+00  0.14035E+00
      170.0000  0.11250E+03 -0.11225E+03  0.19125E+05 -0.16455E+04  0.00000E+00  0.00000E+00  0.30141E+02  0.62649E+02  0.81987E+02  0.00000E+00  0.00000E+00  0.00000E+00  122144  0.00000E+00  0.61512E-03  0.14962E+00
      180.0000  0.11250E+03 -0.11248E+03  0.20250E+05 -0.27714E+04  0.00000E+00  0.00000E+00  0.30121E+02  0.62648E+02  0.82144E+02  0.00000E+00  0.00000E+00  0.00000E+00  129842  0.00000E+00  0.20313E-02  0.15872E+00
      190.0000  0.11250E+03 -0.11238E+03  0.21375E+05 -0.38955E+04  0.00000E+00  0.00000E+00  0.30134E+02  0.62648E+02  0.82066E+02  0.00000E+00  0.00000E+00  0.00000E+00  137531  0.00000E+00  0.00000E+00  0.16778E+00
      200.0000  0.11250E+03 -0.11242E+03  0.22500E+05 -0.50194E+04  0.00000E+00  0.00000E+00  0.30127E+02  0.62648E+02  0.82093E+02  0.00000E+00  0.00000E+00  0.00000E+00  145283  0.00000E+00  0.67949E-03  0.17702E+00
      210.0000  0.11250E+03 -0.11249E+03  0.23625E+05 -0.61439E+04  0.00000E+00  0.00000E+00  0.30122E+02  0.62648E+02  0.82144E+02  0.00000E+00  0.00000E+00  0.00000E+00  152992  0.00000E+00  0.00000E+00  0.18632E+00
      220.0000  0.11250E+03 -0.11251E+03  0.24750E+05 -0.72690E+04  0.00000E+00  0.00000E+00  0.30155E+02  0.62647E+02  0.82156E+02  0.00000E+00  0.00000E+00  0.00000E+00  160724  0.00000E+00  0.73671E-03  0.19545E+00
      230.0000  0.11250E+03 -0.11252E+03  0.25875E+05 -0.83941E+04  0.00000E+00  0.00000E+00  0.30128E+02  0.62647E+02  0.82156E+02  0.00000E+00  0.00000E+00  0.00000E+00  168439  0.00000E+00  0.77963E-03  0.20469E+00
      240.0000  0.11250E+03 -0.11251E+03  0.27000E+05 -0.95193E+04  0.00000E+00  0.00000E+00  0.30132E+02  0.62647E+02  0.82153E+02  0.00000E+00  0.00000E+00  0.00000E+00  176175  0.00000E+00  0.12803E-02  0.21401E+00
      250.0000  0.11250E+03 -0.11251E+03  0.28125E+05 -0.10644E+05  0.00000E+00  0.00000E+00  0.30145E+02  0.62647E+02  0.82149E+02  0.00000E+00  0.00000E+00  0.00000E+00  183921  0.00000E+00  0.16308E-02  0.22322E+00
      260.0000  0.11250E+03 -0.11251E+03  0.29250E+05 -0.11769E+05  0.00000E+00  0.00000E+00  0.30131E+02  0.62647E+02  0.82146E+02  0.00000E+00  0.00000E+00  0.00000E+00  191653  0.00000E+00  0.19383E-02  0.23264E+00
      270.0000  0.11250E+03 -0.11251E+03  0.30375E+05 -0.12895E+05  0.00000E+00  0.00000E+00  0.30144E+02  0.62647E+02  0.82144E+02  0.00000E+00  0.00000E+00  0.00000E+00  199386  0.00000E+00  0.29898E-02  0.24187E+00
      280.0000  0.11250E+03 -0.11251E+03  0.31500E+05 -0.14020E+05  0.00000E+00  0.00000E+00  0.30163E+02  0.62646E+02  0.82143E+02  0.00000E+00  0.00000E+00  0.00000E+00  207103  0.00000E+00  0.65804E-03  0.25103E+00
      290.0000  0.11250E+03 -0.11251E+03  0.32625E+05 -0.15145E+05  0.00000E+00  0.00000E+00  0.30127E+02  0.62646E+02  0.82141E+02  0.00000E+00  0.00000E+00  0.00000E+00  214820  0.00000E+00  0.75102E-03  0.26041E+00
      300.0000  0.11250E+03 -0.11251E+03  0.33750E+05 -0.16270E+05  0.00000E+00  0.00000E+00  0.30131E+02  0.62646E+02  0.82139E+02  0.00000E+00  0.00000E+00  0.00000E+00  222497  0.00000E+00  0.80824E-03  0.26956E+00
      310.0000  0.11250E+03 -0.11251E+03  0.34875E+05 -0.17395E+05  0.00000E+00  0.00000E+00  0.30120E+02  0.62646E+02  0.82137E+02  0.00000E+00  0.00000E+00  0.00000E+00  230177  0.00000E+00  0.84400E-03  0.27869E+00
      320.0000  0.11250E+03 -0.11251E+03  0.36000E+05 -0.18520E+05  0.00000E+00  0.00000E+00  0.30134E+02  0.62645E+02  0.82136E+02  0.00000E+00  0.00000E+00  0.00000E+00  237899  0.00000E+00  0.49353E-03  0.28788E+00
      330.0000  0.11250E+03 -0.11251E+03  0.37125E+05 -0.19645E+05  0.00000E+00  0.00000E+00  0.30133E+02  0.62645E+02  0.82135E+02  0.00000E+00  0.00000E+00  0.00000E+00  245591  0.00000E+00  0.12946E-02  0.29697E+00
      340.0000  0.11250E+03 -0.11251E+03  0.38250E+05 -0.20770E+05  0.00000E+00  0.00000E+00  0.30114E+02  0.62645E+02  0.82134E+02  0.00000E+00  0.00000E+00  0.00000E+00  253333  0.00000E+00  0.00000E+00  0.30622E+00
      350.0000  0.11250E+03 -0.11251E+03  0.39375E+05 -0.21895E+05  0.00000E+00  0.00000E+00  0.30137E+02  0.62645E+02  0.82132E+02  0.00000E+00  0.00000E+00  0.00000E+00  261057  0.00000E+00  0.82970E-03  0.31542E+00
      360.0000  0.11250E+03 -0.11251E+03  0.40500E+05 -0.23021E+05  0.00000E+00  0.00000E+00  0.30112E+02  0.62645E+02  0.82131E+02  0.00000E+00  0.00000E+00  0.00000E+00  268738  0.00000E+00  0.19956E-02  0.32453E+00
      370.0000  0.11250E+03 -0.11251E+03  0.41625E+05 -0.24146E+05  0.00000E+00  0.00000E+00  0.30130E+02  0.62644E+02  0.82131E+02  0.00000E+00  0.00000E+00  0.00000E+00  276453  0.00000E+00  0.16952E-02  0.33388E+00
      380.0000  0.11250E+03 -0.11251E+03  0.42750E+05 -0.25271E+05  0.00000E+00  0.00000E+00  0.30144E+02  0.62644E+02  0.82130E+02  0.00000E+00  0.00000E+00  0.00000E+00  284199  0.00000E+00  0.14448E-02  0.34299E+00
      390.0000  0.11250E+03 -0.11251E+03  0.43875E+05 -0.26396E+05  0.00000E+00  0.00000E+00  0.30138E+02  0.62644E+02  0.82129E+02  0.00000E+00  0.00000E+00  0.00000E+00  291973  0.00000E+00  0.33617E-03  0.35218E+00
      400.0000  0.11250E+03 -0.11251E+03  0.45000E+05 -0.27521E+05  0.00000E+00  0.00000E+00  0.30141E+02  0.62644E+02  0.82128E+02  0.00000E+00  0.00000E+00  0.00000E+00  299674  0.00000E+00  0.32187E-03  0.36126E+00
      410.0000  0.11250E+03 -0.11251E+03  0.46125E+05 -0.28646E+05  0.00000E+00  0.00000E+00  0.30119E+02  0.62644E+02  0.82128E+02  0.00000E+00  0.00000E+00  0.00000E+00  307361  0.00000E+00  0.75102E-03  0.37046E+00
      420.0000  0.11250E+03 -0.11251E+03  0.47250E+05 -0.29771E+05  0.00000E+00  0.00000E+00  0.30123E+02  0.62644E+02  0.82127E+02  0.00000E+00  0.00000E+00  0.00000E+00  315038  0.00000E+00  0.00000E+00  0.37952E+00
      430.0000  0.11250E+03 -0.11251E+03  0.48375E+05 -0.30896E+05  0.00000E+00  0.00000E+00  0.30115E+02  0.62644E+02  0.82127E+02  0.00000E+00  0.00000E+00  0.00000E+00  322772  0.00000E+00  0.32902E-03  0.38865E+00
      440.0000  0.11250E+03 -0.11251E+03  0.49500E+05 -0.32021E+05  0.00000E+00  0.00000E+00  0.30149E+02  0.62644E+02  0.82126E+02  0.00000E+00  0.00000E+00  0.00000E+00  330488  0.00000E+00  0.40054E-03  0.39785E+00
      450.0000  0.11250E+03 -0.11251E+03  0.50625E+05 -0.33147E+05  0.00000E+00  0.00000E+00  0.30124E+02  0.62644E+02  0.82125E+02  0.00000E+00  0.00000E+00  0.00000E+00  338219  0.00000E+00  0.20027E-02  0.40698E+00
      460.0000  0.11250E+03 -0.11251E+03  0.51750E+05 -0.34272E+05  0.00000E+00  0.00000E+00  0.30126E+02  0.62644E+02  0.82125E+02  0.00000E+00  0.00000E+00  0.00000E+00  345944  0.00000E+00  0.63658E-03  0.41611E+00
      470.0000  0.11250E+03 -0.11251E+03  0.52876E+05 -0.35397E+05  0.00000E+00  0.00000E+00  0.30142E+02  0.62644E+02  0.82124E+02  0.00000E+00  0.00000E+00  0.00000E+00  353681  0.00000E+00  0.11587E-02  0.42531E+00
      480.0000  0.11250E+03 -0.11251E+03  0.54000E+05 -0.36522E+05  0.00000E+00  0.00000E+00  0.30122E+02  0.62643E+02  0.82123E+02  0.00000E+00  0.00000E+00  0.00000E+00  361406  0.00000E+00  0.00000E+00  0.43445E+00
      490.0000  0.11250E+03 -0.11251E+03  0.55125E+05 -0.37647E+05  0.00000E+00  0.00000E+00  0.30145E+02  0.62643E+02  0.82123E+02  0.00000E+00  0.00000E+00  0.00000E+00  369139  0.00000E+00  0.00000E+00  0.44370E+00
      500.0000  0.11250E+03 -0.11251E+03  0.56250E+05 -0.38772E+05  0.00000E+00  0.00000E+00  0.30144E+02  0.62643E+02  0.82122E+02  0.00000E+00  0.00000E+00  0.00000E+00  376845  0.00000E+00  0.14663E-02  0.45278E+00
      510.0000  0.11250E+03 -0.11251E+03  0.57375E+05 -0.39897E+05  0.00000E+00  0.00000E+00  0.30160E+02  0.62643E+02  0.82121E+02  0.00000E+00  0.00000E+00  0.00000E+00  384543  0.00000E+00  0.12946E-02  0.46205E+00
      520.0000  0.11250E+03 -0.11251E+03  0.58500E+05 -0.41022E+05  0.00000E+00  0.00000E+00  0.30129E+02  0.62643E+02  0.82120E+02  0.00000E+00  0.00000E+00  0.00000E+00  392279  0.00000E+00  0.46492E-03  0.47143E+00
      530.0000  0.11250E+03 -0.11251E+03  0.59625E+05 -0.42147E+05  0.00000E+00  0.00000E+00  0.30152E+02  0.62643E+02  0.82120E+02  0.00000E+00  0.00000E+00  0.00000E+00  400031  0.00000E+00  0.38624E-03  0.48086E+00
      540.0000  0.11250E+03 -0.11251E+03  0.60750E+05 -0.43272E+05  0.00000E+00  0.00000E+00  0.30139E+02  0.62643E+02  0.82121E+02  0.00000E+00  0.00000E+00  0.00000E+00  407731  0.00000E+00  0.00000E+00  0.49015E+00
      550.0000  0.11250E+03 -0.11251E+03  0.61875E+05 -0.44397E+05  0.00000E+00  0.00000E+00  0.30113E+02  0.62643E+02  0.82120E+02  0.00000E+00  0.00000E+00  0.00000E+00  415455  0.00000E+00  0.58651E-03  0.49936E+00
      560.0000  0.11250E+03 -0.11251E+03  0.63000E+05 -0.45522E+05  0.00000E+00  0.00000E+00  0.30132E+02  0.62643E+02  0.82119E+02  0.00000E+00  0.00000E+00  0.00000E+00  423181  0.00000E+00  0.10800E-02  0.50851E+00
      570.0000  0.11250E+03 -0.11251E+03  0.64125E+05 -0.46647E+05  0.00000E+00  0.00000E+00  0.30145E+02  0.62643E+02  0.82119E+02  0.00000E+00  0.00000E+00  0.00000E+00  430908  0.00000E+00  0.25535E-02  0.51776E+00
      580.0000  0.11250E+03 -0.11251E+03  0.65250E+05 -0.47772E+05  0.00000E+00  0.00000E+00  0.30146E+02  0.62643E+02  0.82118E+02  0.00000E+00  0.00000E+00  0.00000E+00  438652  0.00000E+00  0.12732E-02  0.52696E+00
      590.0000  0.11250E+03 -0.11251E+03  0.66375E+05 -0.48898E+05  0.00000E+00  0.00000E+00  0.30108E+02  0.62643E+02  0.82118E+02  0.00000E+00  0.00000E+00  0.00000E+00  446375  0.00000E+00  0.11086E-02  0.53605E+00
      600.0000  0.11250E+03 -0.11251E+03  0.67500E+05 -0.50023E+05  0.00000E+00  0.00000E+00  0.30148E+02  0.62643E+02  0.82117E+02  0.00000E+00  0.00000E+00  0.00000E+00  454117  0.00000E+00  0.10300E-02  0.54516E+00
      610.0000  0.11250E+03 -0.11251E+03  0.68625E+05 -0.51148E+05  0.00000E+00  0.00000E+00  0.30142E+02  0.62642E+02  0.82117E+02  0.00000E+00  0.00000E+00  0.00000E+00  461846  0.00000E+00  0.14448E-02  0.55435E+00
      620.0000  0.11250E+03 -0.11251E+03  0.69750E+05 -0.52273E+05  0.00000E+00  0.00000E+00  0.30164E+02  0.62642E+02  0.82117E+02  0.00000E+00  0.00000E+00  0.00000E+00  469571  0.00000E+00  0.30041E-03  0.56359E+00
      630.0000  0.11250E+03 -0.11251E+03  0.70875E+05 -0.53398E+05  0.00000E+00  0.00000E+00  0.30141E+02  0.62642E+02  0.82116E+02  0.00000E+00  0.00000E+00  0.00000E+00  477274  0.00000E+00  0.56505E-03  0.57282E+00
      640.0000  0.11250E+03 -0.11251E+03  0.72000E+05 -0.54523E+05  0.00000E+00  0.00000E+00  0.30119E+02  0.62643E+02  0.82115E+02  0.00000E+00  0.00000E+00  0.00000E+00  484988  0.00000E+00  0.77963E-03  0.58206E+00
      650.0000  0.11250E+03 -0.11251E+03  0.73125E+05 -0.55648E+05  0.00000E+00  0.00000E+00  0.30132E+02  0.62642E+02  0.82115E+02  0.00000E+00  0.00000E+00  0.00000E+00  492696  0.00000E+00  0.11516E-02  0.59119E+00
      660.0000  0.11250E+03 -0.11251E+03  0.74250E+05 -0.56773E+05  0.00000E+00  0.00000E+00  0.30134E+02  0.62642E+02  0.82114E+02  0.00000E+00  0.00000E+00  0.00000E+00  500427  0.00000E+00  0.79393E-03  0.60026E+00
      670.0000  0.11250E+03 -0.11251E+03  0.75375E+05 -0.57898E+05  0.00000E+00  0.00000E+00  0.30143E+02  0.62642E+02  0.82114E+02  0.00000E+00  0.00000E+00  0.00000E+00  508085  0.00000E+00  0.17881E-02  0.60934E+00
      680.0000  0.11250E+03 -0.11251E+03  0.76501E+05 -0.59023E+05  0.00000E+00  0.00000E+00  0.30151E+02  0.62642E+02  0.82114E+02  0.00000E+00  0.00000E+00  0.00000E+00  515803  0.00000E+00  0.00000E+00  0.61849E+00
      690.0000  0.11250E+03 -0.11251E+03  0.77626E+05 -0.60149E+05  0.00000E+00  0.00000E+00  0.30139E+02  0.62642E+02  0.82114E+02  0.00000E+00  0.00000E+00  0.00000E+00  523534  0.00000E+00  0.12875E-02  0.62769E+00
      700.0000  0.11250E+03 -0.11251E+03  0.78751E+05 -0.61274E+05  0.00000E+00  0.00000E+00  0.30153E+02  0.62642E+02  0.82113E+02  0.00000E+00  0.00000E+00  0.00000E+00  531246  0.00000E+00  0.59366E-03  0.63692E+00
      710.0000  0.11250E+03 -0.11251E+03  0.79876E+05 -0.62399E+05  0.00000E+00  0.00000E+00  0.30145E+02  0.62642E+02  0.82113E+02  0.00000E+00  0.00000E+00  0.00000E+00  538948  0.00000E+00  0.15092E-02  0.64602E+00
      720.0000  0.11250E+03 -0.11251E+03  0.81001E+05 -0.63524E+05  0.00000E+00  0.00000E+00  0.30141E+02  0.62642E+02  0.82112E+02  0.00000E+00  0.00000E+00  0.00000E+00  546675  0.00000E+00  0.35620E-02  0.65530E+00
      730.0000  0.11250E+03 -0.11251E+03  0.82126E+05 -0.64649E+05  0.00000E+00  0.00000E+00  0.30105E+02  0.62642E+02  0.82112E+02  0.00000E+00  0.00000E+00  0.00000E+00  554381  0.00000E+00  0.99421E-03  0.66447E+00
      740.0000  0.11250E+03 -0.11251E+03  0.83251E+05 -0.65774E+05  0.00000E+00  0.00000E+00  0.30127E+02  0.62642E+02  0.82112E+02  0.00000E+00  0.00000E+00  0.00000E+00  562112  0.00000E+00  0.00000E+00  0.67371E+00
      750.0000  0.11250E+03 -0.11251E+03  0.84376E+05 -0.66899E+05  0.00000E+00  0.00000E+00  0.30137E+02  0.62642E+02  0.82111E+02  0.00000E+00  0.00000E+00  0.00000E+00  569830  0.00000E+00  0.17524E-02  0.68299E+00
      760.0000  0.11250E+03 -0.11251E+03  0.85501E+05 -0.68024E+05  0.00000E+00  0.00000E+00  0.30115E+02  0.62642E+02  0.82111E+02  0.00000E+00  0.00000E+00  0.00000E+00  577566  0.00000E+00  0.00000E+00  0.69218E+00
      770.0000  0.11250E+03 -0.11251E+03  0.86626E+05 -0.69149E+05  0.00000E+00  0.00000E+00  0.30126E+02  0.62642E+02  0.82111E+02  0.00000E+00  0.00000E+00  0.00000E+00  585358  0.00000E+00  0.00000E+00  0.70137E+00
      780.0000  0.11250E+03 -0.11251E+03  0.87751E+05 -0.70275E+05  0.00000E+00  0.00000E+00  0.30148E+02  0.62642E+02  0.82111E+02  0.00000E+00  0.00000E+00  0.00000E+00  593056  0.00000E+00  0.12875E-02  0.71060E+00
      790.0000  0.11250E+03 -0.11251E+03  0.88877E+05 -0.71400E+05  0.00000E+00  0.00000E+00  0.30131E+02  0.62642E+02  0.82111E+02  0.00000E+00  0.00000E+00  0.00000E+00  600795  0.00000E+00  0.40054E-03  0.71987E+00
      800.0000  0.11250E+03 -0.11251E+03  0.90002E+05 -0.72525E+05  0.00000E+00  0.00000E+00  0.30122E+02  0.62642E+02  0.82110E+02  0.00000E+00  0.00000E+00  0.00000E+00  608548  0.00000E+00  0.00000E+00  0.72914E+00
      810.0000  0.11250E+03 -0.11251E+03  0.91127E+05 -0.73650E+05  0.00000E+00  0.00000E+00  0.30120E+02  0.62642E+02  0.82110E+02  0.00000E+00  0.00000E+00  0.00000E+00  616271  0.00000E+00  0.82254E-03  0.73834E+00
      820.0000  0.11250E+03 -0.11251E+03  0.92252E+05 -0.74775E+05  0.00000E+00  0.00000E+00  0.30142E+02  0.62642E+02  0.82110E+02  0.00000E+00  0.00000E+00  0.00000E+00  623972  0.00000E+00  0.30470E-02  0.74746E+00
      830.0000  0.11250E+03 -0.11251E+03  0.93377E+05 -0.75901E+05  0.00000E+00  0.00000E+00  0.30130E+02  0.62642E+02  0.82110E+02  0.00000E+00  0.00000E+00  0.00000E+00  631733  0.00000E+00  0.98705E-03  0.75665E+00
      840.0000  0.11250E+03 -0.11251E+03  0.94502E+05 -0.77026E+05  0.00000E+00  0.00000E+00  0.30126E+02  0.62641E+02  0.82109E+02  0.00000E+00  0.00000E+00  0.00000E+00  639426  0.00000E+00  0.15450E-02  0.76577E+00
      850.0000  0.11250E+03 -0.11251E+03  0.95627E+05 -0.78151E+05  0.00000E+00  0.00000E+00  0.30146E+02  0.62642E+02  0.82109E+02  0.00000E+00  0.00000E+00  0.00000E+00  647117  0.00000E+00  0.57220E-03  0.77489E+00
      860.0000  0.11250E+03 -0.11251E+03  0.96752E+05 -0.79276E+05  0.00000E+00  0.00000E+00  0.30118E+02  0.62641E+02  0.82108E+02  0.00000E+00  0.00000E+00  0.00000E+00  654832  0.00000E+00  0.17238E-02  0.78402E+00
      870.0000  0.11250E+03 -0.11251E+03  0.97877E+05 -0.80401E+05  0.00000E+00  0.00000E+00  0.30127E+02  0.62641E+02  0.82108E+02  0.00000E+00  0.00000E+00  0.00000E+00  662572  0.00000E+00  0.00000E+00  0.79317E+00
      880.0000  0.11250E+03 -0.11251E+03  0.99002E+05 -0.81526E+05  0.00000E+00  0.00000E+00  0.30112E+02  0.62641E+02  0.82108E+02  0.00000E+00  0.00000E+00  0.00000E+00  670270  0.00000E+00  0.16451E-02  0.80214E+00
      890.0000  0.11250E+03 -0.11251E+03  0.10013E+06 -0.82651E+05  0.00000E+00  0.00000E+00  0.30132E+02  0.62641E+02  0.82108E+02  0.00000E+00  0.00000E+00  0.00000E+00  678010  0.00000E+00  0.32187E-03  0.81132E+00
      900.0000  0.11250E+03 -0.11251E+03  0.10125E+06 -0.83777E+05  0.00000E+00  0.00000E+00  0.30134E+02  0.62641E+02  0.82107E+02  0.00000E+00  0.00000E+00  0.00000E+00  685761  0.00000E+00  0.00000E+00  0.82063E+00
      910.0000  0.11250E+03 -0.11251E+03  0.10238E+06 -0.84902E+05  0.00000E+00  0.00000E+00  0.30130E+02  0.62641E+02  0.82107E+02  0.00000E+00  0.00000E+00  0.00000E+00  693448  0.00000E+00  0.30184E-02  0.82969E+00
      920.0000  0.11250E+03 -0.11251E+03  0.10350E+06 -0.86027E+05  0.00000E+00  0.00000E+00  0.30104E+02  0.62641E+02  0.82107E+02  0.00000E+00  0.00000E+00  0.00000E+00  701142  0.00000E+00  0.15450E-02  0.83891E+00
      930.0000  0.11250E+03 -0.11251E+03  0.10463E+06 -0.87152E+05  0.00000E+00  0.00000E+00  0.30156E+02  0.62641E+02  0.82106E+02  0.00000E+00  0.00000E+00  0.00000E+00  708837  0.00000E+00  0.11873E-02  0.84821E+00
      940.0000  0.11250E+03 -0.11251E+03  0.10575E+06 -0.88278E+05  0.00000E+00  0.00000E+00  0.30142E+02  0.62641E+02  0.82106E+02  0.00000E+00  0.00000E+00  0.00000E+00  716490  0.00000E+00  0.24891E-02  0.85738E+00
      950.0000  0.11250E+03 -0.11251E+03  0.10688E+06 -0.89403E+05  0.00000E+00  0.00000E+00  0.30152E+02  0.62641E+02  0.82106E+02  0.00000E+00  0.00000E+00  0.00000E+00  724193  0.00000E+00  0.56505E-03  0.86667E+00
      960.0000  0.11250E+03 -0.11251E+03  0.10800E+06 -0.90528E+05  0.00000E+00  0.00000E+00  0.30136E+02  0.62641E+02  0.82105E+02  0.00000E+00  0.00000E+00  0.00000E+00  731876  0.00000E+00  0.10300E-02  0.87570E+00
      970.0000  0.11250E+03 -0.11251E+03  0.10913E+06 -0.91653E+05  0.00000E+00  0.00000E+00  0.30118E+02  0.62641E+02  0.82105E+02  0.00000E+00  0.00000E+00  0.00000E+00  739619  0.00000E+00  0.60081E-03  0.88496E+00
      980.0000  0.11250E+03 -0.11251E+03  0.11025E+06 -0.92778E+05  0.00000E+00  0.00000E+00  0.30140E+02  0.62641E+02  0.82105E+02  0.00000E+00  0.00000E+00  0.00000E+00  747281  0.00000E+00  0.97275E-03  0.89411E+00
      990.0000  0.11250E+03 -0.11251E+03  0.11138E+06 -0.93903E+05  0.00000E+00  0.00000E+00  0.30141E+02  0.62641E+02  0.82105E+02  0.00000E+00  0.00000E+00  0.00000E+00  754996  0.00000E+00  0.57936E-03  0.90318E+00
     1000.0000  0.11250E+03 -0.11251E+03  0.11250E+06 -0.95029E+05  0.00000E+00  0.00000E+00  0.30134E+02  0.62641E+02  0.82105E+02  0.00000E+00  0.00000E+00  0.00000E+00  762726  0.00000E+00  0.65804E-03  0.91238E+00
end
