 ******* Program HYDRUS
 ******* 
 Welcome to HYDRUS-1D                                                    
 Date:   3. 2.    Time:  15:13:50
 Units: L = mm   , T = days , M = mmol 

       Time          rTop        rRoot        vTop         vRoot        vBot       sum(rTop)   sum(rRoot)    sum(vTop)   sum(vRoot)    sum(vBot)      hTop         hRoot        hBot        RunOff    sum(RunOff)     Volume     sum(Infil)    sum(Evap) TLevel Cum(WTrans)  SnowLayer
        [T]         [L/T]        [L/T]        [L/T]        [L/T]        [L/T]         [L]          [L]          [L]         [L]           [L]         [L]           [L]         [L]          [L/T]         [L]          [L]          [L]          [L]

      10.0000 -0.37500E+01  0.50000E+01 -0.37500E+01  0.17717E+01 -0.17119E-09 -0.37500E+02  0.50000E+02 -0.37500E+02  0.20660E+02 -0.17119E-08 -0.37651E+03 -0.43903E+04 -0.10000E+04  0.41246E-04  0.15981E-03  0.88203E+02  0.37500E+02  0.00000E+00   1384  0.00000E+00      0.000
      20.0000 -0.37500E+01  0.50000E+01 -0.37500E+01  0.22131E+01 -0.17119E-09 -0.75000E+02  0.10000E+03 -0.75000E+02  0.40980E+02 -0.34239E-08 -0.37628E+03 -0.35796E+04 -0.10000E+04  0.18358E-04  0.41979E-03  0.10539E+03  0.75000E+02  0.00000E+00   7800  0.00000E+00      0.000
      30.0000 -0.37500E+01  0.50000E+01 -0.37500E+01  0.24026E+01 -0.17119E-09 -0.11250E+03  0.15000E+03 -0.11250E+03  0.64121E+02 -0.51358E-08 -0.37621E+03 -0.27608E+04 -0.10000E+04  0.00000E+00  0.69892E-03  0.11975E+03  0.11250E+03  0.00000E+00  14679  0.00000E+00      0.000
      40.0000 -0.37500E+01  0.50000E+01 -0.37500E+01  0.24645E+01 -0.17119E-09 -0.15000E+03  0.20000E+03 -0.15000E+03  0.88492E+02 -0.68477E-08 -0.37646E+03 -0.19437E+04 -0.10000E+04  0.41485E-04  0.99377E-03  0.13287E+03  0.15000E+03  0.00000E+00  22015  0.00000E+00      0.000
      50.0000 -0.37500E+01  0.50000E+01 -0.37501E+01  0.24844E+01 -0.17119E-09 -0.18750E+03  0.25000E+03 -0.18750E+03  0.11329E+03 -0.85596E-08 -0.37625E+03 -0.11224E+04 -0.10000E+04  0.69141E-04  0.13031E-02  0.14558E+03  0.18750E+03  0.00000E+00  29738  0.00000E+00      0.000
      60.0000 -0.37500E+01  0.50000E+01 -0.37499E+01  0.24210E+01 -0.17119E-09 -0.22500E+03  0.30000E+03 -0.22500E+03  0.13787E+03 -0.10272E-07 -0.37636E+03 -0.41733E+03 -0.10000E+04  0.84162E-04  0.16105E-02  0.15850E+03  0.22500E+03  0.00000E+00  37414  0.00000E+00      0.000
      70.0000 -0.37500E+01  0.50000E+01 -0.37499E+01  0.23740E+01 -0.17119E-09 -0.26250E+03  0.35000E+03 -0.26250E+03  0.16176E+03 -0.11983E-07 -0.37628E+03 -0.41151E+03 -0.10000E+04  0.68426E-04  0.19106E-02  0.17210E+03  0.26250E+03  0.00000E+00  45101  0.00000E+00      0.000
      80.0000 -0.37500E+01  0.50000E+01 -0.37500E+01  0.23739E+01 -0.17119E-09 -0.30000E+03  0.40000E+03 -0.30000E+03  0.18549E+03 -0.13695E-07 -0.37636E+03 -0.41073E+03 -0.10000E+04  0.43631E-04  0.22175E-02  0.18585E+03  0.30000E+03  0.00000E+00  52774  0.00000E+00      0.000
      90.0000 -0.37500E+01  0.50000E+01 -0.37500E+01  0.23741E+01 -0.17119E-09 -0.33750E+03  0.44999E+03 -0.33750E+03  0.20923E+03 -0.15407E-07 -0.37624E+03 -0.41050E+03 -0.10000E+04  0.32187E-04  0.25231E-02  0.19960E+03  0.33750E+03  0.00000E+00  60497  0.00000E+00      0.000
     100.0000 -0.37500E+01  0.50000E+01 -0.37500E+01  0.23741E+01 -0.17119E-09 -0.37500E+03  0.49999E+03 -0.37500E+03  0.23297E+03 -0.17119E-07 -0.37627E+03 -0.41042E+03 -0.10000E+04  0.45061E-04  0.28337E-02  0.21333E+03  0.37500E+03  0.00000E+00  68229  0.00000E+00      0.000
     110.0000 -0.37500E+01  0.50000E+01 -0.37500E+01  0.23740E+01 -0.17119E-09 -0.41250E+03  0.55000E+03 -0.41250E+03  0.25671E+03 -0.18831E-07 -0.37635E+03 -0.41040E+03 -0.10000E+04  0.16451E-04  0.31439E-02  0.22706E+03  0.41250E+03  0.00000E+00  75907  0.00000E+00      0.000
     120.0000 -0.37500E+01  0.50000E+01 -0.37499E+01  0.23740E+01 -0.17486E-09 -0.45000E+03  0.59999E+03 -0.45000E+03  0.28046E+03 -0.20543E-07 -0.37626E+03 -0.41039E+03 -0.10000E+04  0.54598E-04  0.34538E-02  0.24079E+03  0.45000E+03  0.00000E+00  83599  0.00000E+00      0.000
     130.0000 -0.37500E+01  0.50000E+01 -0.37500E+01  0.23740E+01 -0.13142E+01 -0.48750E+03  0.64999E+03 -0.48750E+03  0.30420E+03 -0.99321E+01 -0.37612E+03 -0.41039E+03 -0.42613E+03  0.36955E-04  0.37616E-02  0.24458E+03  0.48750E+03  0.00000E+00  91377  0.00000E+00      0.000
     140.0000 -0.37500E+01  0.50000E+01 -0.37500E+01  0.23740E+01 -0.13620E+01 -0.52500E+03  0.69999E+03 -0.52500E+03  0.32794E+03 -0.23389E+02 -0.37629E+03 -0.41039E+03 -0.42433E+03  0.34809E-04  0.40659E-02  0.24484E+03  0.52500E+03  0.00000E+00  99056  0.00000E+00      0.000
     150.0000 -0.37500E+01  0.50000E+01 -0.37500E+01  0.23741E+01 -0.13686E+01 -0.56250E+03  0.74999E+03 -0.56250E+03  0.35168E+03 -0.37054E+02 -0.37619E+03 -0.41039E+03 -0.42409E+03  0.25749E-04  0.43726E-02  0.24487E+03  0.56250E+03  0.00000E+00 106705  0.00000E+00      0.000
     160.0000 -0.37500E+01  0.50000E+01 -0.37500E+01  0.23741E+01 -0.13690E+01 -0.60000E+03  0.79999E+03 -0.60000E+03  0.37541E+03 -0.50743E+02 -0.37631E+03 -0.41039E+03 -0.42407E+03  0.00000E+00  0.46781E-02  0.24488E+03  0.60000E+03  0.00000E+00 114451  0.00000E+00      0.000
     170.0000 -0.37500E+01  0.50000E+01 -0.37500E+01  0.23741E+01 -0.13691E+01 -0.63750E+03  0.84999E+03 -0.63750E+03  0.39916E+03 -0.64433E+02 -0.37627E+03 -0.41039E+03 -0.42407E+03  0.20504E-04  0.49872E-02  0.24488E+03  0.63750E+03  0.00000E+00 122144  0.00000E+00      0.000
     180.0000 -0.37500E+01  0.50000E+01 -0.37501E+01  0.23741E+01 -0.13693E+01 -0.67500E+03  0.89999E+03 -0.67500E+03  0.42290E+03 -0.78125E+02 -0.37634E+03 -0.41039E+03 -0.42406E+03  0.67711E-04  0.52907E-02  0.24488E+03  0.67500E+03  0.00000E+00 129842  0.00000E+00      0.000
     190.0000 -0.37500E+01  0.50000E+01 -0.37500E+01  0.23741E+01 -0.13693E+01 -0.71250E+03  0.94999E+03 -0.71250E+03  0.44664E+03 -0.91818E+02 -0.37630E+03 -0.41039E+03 -0.42406E+03  0.00000E+00  0.55925E-02  0.24488E+03  0.71250E+03  0.00000E+00 137531  0.00000E+00      0.000
     200.0000 -0.37500E+01  0.50000E+01 -0.37500E+01  0.23741E+01 -0.13694E+01 -0.75000E+03  0.99999E+03 -0.75000E+03  0.47038E+03 -0.10551E+03 -0.37631E+03 -0.41039E+03 -0.42406E+03  0.22650E-04  0.59004E-02  0.24488E+03  0.75000E+03  0.00000E+00 145283  0.00000E+00      0.000
     210.0000 -0.37500E+01  0.50000E+01 -0.37500E+01  0.23741E+01 -0.13694E+01 -0.78750E+03  0.10500E+04 -0.78750E+03  0.49412E+03 -0.11921E+03 -0.37634E+03 -0.41039E+03 -0.42405E+03  0.00000E+00  0.62104E-02  0.24488E+03  0.78750E+03  0.00000E+00 152992  0.00000E+00      0.000
     220.0000 -0.37500E+01  0.50000E+01 -0.37500E+01  0.23741E+01 -0.13695E+01 -0.82500E+03  0.11000E+04 -0.82499E+03  0.51786E+03 -0.13290E+03 -0.37633E+03 -0.41039E+03 -0.42405E+03  0.24557E-04  0.65150E-02  0.24488E+03  0.82499E+03  0.00000E+00 160724  0.00000E+00      0.000
     230.0000 -0.37500E+01  0.50000E+01 -0.37500E+01  0.23741E+01 -0.13696E+01 -0.86250E+03  0.11500E+04 -0.86250E+03  0.54160E+03 -0.14660E+03 -0.37626E+03 -0.41039E+03 -0.42405E+03  0.25988E-04  0.68229E-02  0.24488E+03  0.86250E+03  0.00000E+00 168439  0.00000E+00      0.000
     240.0000 -0.37500E+01  0.50000E+01 -0.37500E+01  0.23741E+01 -0.13696E+01 -0.89999E+03  0.12000E+04 -0.89999E+03  0.56535E+03 -0.16029E+03 -0.37637E+03 -0.41039E+03 -0.42405E+03  0.42677E-04  0.71337E-02  0.24489E+03  0.89999E+03  0.00000E+00 176175  0.00000E+00      0.000
     250.0000 -0.37500E+01  0.50000E+01 -0.37501E+01  0.23742E+01 -0.13696E+01 -0.93749E+03  0.12500E+04 -0.93749E+03  0.58909E+03 -0.17399E+03 -0.37639E+03 -0.41039E+03 -0.42405E+03  0.54359E-04  0.74406E-02  0.24489E+03  0.93749E+03  0.00000E+00 183921  0.00000E+00      0.000
     260.0000 -0.37500E+01  0.50000E+01 -0.37499E+01  0.23742E+01 -0.13696E+01 -0.97499E+03  0.13000E+04 -0.97499E+03  0.61283E+03 -0.18768E+03 -0.37635E+03 -0.41039E+03 -0.42405E+03  0.64611E-04  0.77546E-02  0.24489E+03  0.97499E+03  0.00000E+00 191653  0.00000E+00      0.000
     270.0000 -0.37500E+01  0.50000E+01 -0.37501E+01  0.23742E+01 -0.13697E+01 -0.10125E+04  0.13500E+04 -0.10125E+04  0.63657E+03 -0.20138E+03 -0.37634E+03 -0.41038E+03 -0.42405E+03  0.99659E-04  0.80623E-02  0.24489E+03  0.10125E+04  0.00000E+00 199386  0.00000E+00      0.000
     280.0000 -0.37500E+01  0.50000E+01 -0.37500E+01  0.23742E+01 -0.13697E+01 -0.10500E+04  0.14000E+04 -0.10500E+04  0.66031E+03 -0.21508E+03 -0.37645E+03 -0.41038E+03 -0.42405E+03  0.21935E-04  0.83675E-02  0.24489E+03  0.10500E+04  0.00000E+00 207103  0.00000E+00      0.000
     290.0000 -0.37500E+01  0.50000E+01 -0.37500E+01  0.23742E+01 -0.13697E+01 -0.10875E+04  0.14500E+04 -0.10875E+04  0.68406E+03 -0.22877E+03 -0.37635E+03 -0.41038E+03 -0.42404E+03  0.25034E-04  0.86803E-02  0.24489E+03  0.10875E+04  0.00000E+00 214820  0.00000E+00      0.000
     300.0000 -0.37500E+01  0.50000E+01 -0.37500E+01  0.23742E+01 -0.13698E+01 -0.11250E+04  0.15000E+04 -0.11250E+04  0.70780E+03 -0.24247E+03 -0.37633E+03 -0.41038E+03 -0.42404E+03  0.26941E-04  0.89851E-02  0.24489E+03  0.11250E+04  0.00000E+00 222497  0.00000E+00      0.000
     310.0000 -0.37500E+01  0.50000E+01 -0.37500E+01  0.23742E+01 -0.13698E+01 -0.11625E+04  0.15500E+04 -0.11625E+04  0.73154E+03 -0.25617E+03 -0.37626E+03 -0.41038E+03 -0.42404E+03  0.28133E-04  0.92897E-02  0.24489E+03  0.11625E+04  0.00000E+00 230177  0.00000E+00      0.000
     320.0000 -0.37500E+01  0.50000E+01 -0.37500E+01  0.23742E+01 -0.13698E+01 -0.12000E+04  0.16000E+04 -0.12000E+04  0.75528E+03 -0.26987E+03 -0.37633E+03 -0.41038E+03 -0.42404E+03  0.16451E-04  0.95961E-02  0.24489E+03  0.12000E+04  0.00000E+00 237899  0.00000E+00      0.000
     330.0000 -0.37500E+01  0.50000E+01 -0.37500E+01  0.23742E+01 -0.13698E+01 -0.12375E+04  0.16500E+04 -0.12375E+04  0.77903E+03 -0.28357E+03 -0.37629E+03 -0.41038E+03 -0.42404E+03  0.43154E-04  0.98989E-02  0.24489E+03  0.12375E+04  0.00000E+00 245591  0.00000E+00      0.000
     340.0000 -0.37500E+01  0.50000E+01 -0.37500E+01  0.23742E+01 -0.13698E+01 -0.12750E+04  0.17000E+04 -0.12750E+04  0.80277E+03 -0.29726E+03 -0.37634E+03 -0.41038E+03 -0.42404E+03  0.00000E+00  0.10207E-01  0.24489E+03  0.12750E+04  0.00000E+00 253333  0.00000E+00      0.000
     350.0000 -0.37500E+01  0.50000E+01 -0.37500E+01  0.23742E+01 -0.13699E+01 -0.13125E+04  0.17500E+04 -0.13125E+04  0.82651E+03 -0.31096E+03 -0.37619E+03 -0.41038E+03 -0.42404E+03  0.27657E-04  0.10514E-01  0.24489E+03  0.13125E+04  0.00000E+00 261057  0.00000E+00      0.000
     360.0000 -0.37500E+01  0.50000E+01 -0.37501E+01  0.23742E+01 -0.13699E+01 -0.13500E+04  0.18000E+04 -0.13500E+04  0.85025E+03 -0.32466E+03 -0.37624E+03 -0.41038E+03 -0.42404E+03  0.66519E-04  0.10817E-01  0.24489E+03  0.13500E+04  0.00000E+00 268738  0.00000E+00      0.000
     370.0000 -0.37500E+01  0.50000E+01 -0.37501E+01  0.23742E+01 -0.13699E+01 -0.13875E+04  0.18500E+04 -0.13875E+04  0.87399E+03 -0.33836E+03 -0.37635E+03 -0.41038E+03 -0.42404E+03  0.56505E-04  0.11129E-01  0.24489E+03  0.13875E+04  0.00000E+00 276453  0.00000E+00      0.000
     380.0000 -0.37500E+01  0.50000E+01 -0.37500E+01  0.23742E+01 -0.13699E+01 -0.14250E+04  0.19000E+04 -0.14250E+04  0.89773E+03 -0.35206E+03 -0.37637E+03 -0.41038E+03 -0.42404E+03  0.48161E-04  0.11433E-01  0.24489E+03  0.14250E+04  0.00000E+00 284199  0.00000E+00      0.000
     390.0000 -0.37500E+01  0.50000E+01 -0.37500E+01  0.23742E+01 -0.13699E+01 -0.14625E+04  0.19500E+04 -0.14625E+04  0.92147E+03 -0.36576E+03 -0.37634E+03 -0.41038E+03 -0.42404E+03  0.11206E-04  0.11739E-01  0.24489E+03  0.14625E+04  0.00000E+00 291973  0.00000E+00      0.000
     400.0000 -0.37500E+01  0.50000E+01 -0.37500E+01  0.23742E+01 -0.13699E+01 -0.15000E+04  0.20000E+04 -0.15000E+04  0.94521E+03 -0.37946E+03 -0.37620E+03 -0.41038E+03 -0.42404E+03  0.10729E-04  0.12042E-01  0.24489E+03  0.15000E+04  0.00000E+00 299674  0.00000E+00      0.000
     410.0000 -0.37500E+01  0.50000E+01 -0.37500E+01  0.23742E+01 -0.13699E+01 -0.15375E+04  0.20500E+04 -0.15375E+04  0.96896E+03 -0.39316E+03 -0.37617E+03 -0.41038E+03 -0.42404E+03  0.25034E-04  0.12349E-01  0.24489E+03  0.15375E+04  0.00000E+00 307361  0.00000E+00      0.000
     420.0000 -0.37500E+01  0.50000E+01 -0.37500E+01  0.23742E+01 -0.13699E+01 -0.15750E+04  0.21000E+04 -0.15750E+04  0.99270E+03 -0.40686E+03 -0.37628E+03 -0.41038E+03 -0.42404E+03  0.00000E+00  0.12651E-01  0.24489E+03  0.15750E+04  0.00000E+00 315038  0.00000E+00      0.000
     430.0000 -0.37500E+01  0.50000E+01 -0.37500E+01  0.23742E+01 -0.13700E+01 -0.16125E+04  0.21500E+04 -0.16125E+04  0.10164E+04 -0.42056E+03 -0.37626E+03 -0.41038E+03 -0.42404E+03  0.10967E-04  0.12955E-01  0.24489E+03  0.16125E+04  0.00000E+00 322772  0.00000E+00      0.000
     440.0000 -0.37500E+01  0.50000E+01 -0.37500E+01  0.23742E+01 -0.13699E+01 -0.16500E+04  0.22000E+04 -0.16500E+04  0.10402E+04 -0.43426E+03 -0.37627E+03 -0.41038E+03 -0.42404E+03  0.13351E-04  0.13262E-01  0.24489E+03  0.16500E+04  0.00000E+00 330488  0.00000E+00      0.000
     450.0000 -0.37500E+01  0.50000E+01 -0.37501E+01  0.23742E+01 -0.13700E+01 -0.16875E+04  0.22500E+04 -0.16875E+04  0.10639E+04 -0.44795E+03 -0.37635E+03 -0.41038E+03 -0.42404E+03  0.66757E-04  0.13566E-01  0.24489E+03  0.16875E+04  0.00000E+00 338219  0.00000E+00      0.000
     460.0000 -0.37500E+01  0.50000E+01 -0.37500E+01  0.23742E+01 -0.13700E+01 -0.17250E+04  0.23000E+04 -0.17250E+04  0.10877E+04 -0.46165E+03 -0.37629E+03 -0.41038E+03 -0.42403E+03  0.21219E-04  0.13870E-01  0.24489E+03  0.17250E+04  0.00000E+00 345944  0.00000E+00      0.000
     470.0000 -0.37500E+01  0.50000E+01 -0.37500E+01  0.23742E+01 -0.13700E+01 -0.17625E+04  0.23500E+04 -0.17625E+04  0.11114E+04 -0.47535E+03 -0.37633E+03 -0.41038E+03 -0.42403E+03  0.38624E-04  0.14177E-01  0.24489E+03  0.17625E+04  0.00000E+00 353681  0.00000E+00      0.000
     480.0000 -0.37500E+01  0.50000E+01 -0.37500E+01  0.23742E+01 -0.13700E+01 -0.18000E+04  0.24000E+04 -0.18000E+04  0.11351E+04 -0.48905E+03 -0.37621E+03 -0.41038E+03 -0.42403E+03  0.00000E+00  0.14482E-01  0.24489E+03  0.18000E+04  0.00000E+00 361406  0.00000E+00      0.000
     490.0000 -0.37500E+01  0.50000E+01 -0.37500E+01  0.23742E+01 -0.13700E+01 -0.18375E+04  0.24500E+04 -0.18375E+04  0.11589E+04 -0.50275E+03 -0.37638E+03 -0.41038E+03 -0.42403E+03  0.00000E+00  0.14790E-01  0.24489E+03  0.18375E+04  0.00000E+00 369139  0.00000E+00      0.000
     500.0000 -0.37500E+01  0.50000E+01 -0.37500E+01  0.23742E+01 -0.13700E+01 -0.18750E+04  0.25000E+04 -0.18750E+04  0.11826E+04 -0.51645E+03 -0.37632E+03 -0.41038E+03 -0.42403E+03  0.48876E-04  0.15092E-01  0.24489E+03  0.18750E+04  0.00000E+00 376845  0.00000E+00      0.000
     510.0000 -0.37500E+01  0.50000E+01 -0.37500E+01  0.23742E+01 -0.13700E+01 -0.19125E+04  0.25500E+04 -0.19125E+04  0.12064E+04 -0.53015E+03 -0.37647E+03 -0.41038E+03 -0.42403E+03  0.43154E-04  0.15402E-01  0.24489E+03  0.19125E+04  0.00000E+00 384543  0.00000E+00      0.000
     520.0000 -0.37500E+01  0.50000E+01 -0.37500E+01  0.23742E+01 -0.13700E+01 -0.19500E+04  0.26000E+04 -0.19500E+04  0.12301E+04 -0.54385E+03 -0.37622E+03 -0.41038E+03 -0.42403E+03  0.15497E-04  0.15714E-01  0.24489E+03  0.19500E+04  0.00000E+00 392279  0.00000E+00      0.000
     530.0000 -0.37500E+01  0.50000E+01 -0.37500E+01  0.23742E+01 -0.13701E+01 -0.19875E+04  0.26500E+04 -0.19875E+04  0.12538E+04 -0.55755E+03 -0.37632E+03 -0.41038E+03 -0.42403E+03  0.12875E-04  0.16028E-01  0.24489E+03  0.19875E+04  0.00000E+00 400031  0.00000E+00      0.000
     540.0000 -0.37500E+01  0.50000E+01 -0.37500E+01  0.23742E+01 -0.13701E+01 -0.20250E+04  0.27000E+04 -0.20250E+04  0.12776E+04 -0.57125E+03 -0.37634E+03 -0.41038E+03 -0.42403E+03  0.00000E+00  0.16338E-01  0.24489E+03  0.20250E+04  0.00000E+00 407731  0.00000E+00      0.000
     550.0000 -0.37500E+01  0.50000E+01 -0.37500E+01  0.23742E+01 -0.13701E+01 -0.20625E+04  0.27500E+04 -0.20625E+04  0.13013E+04 -0.58495E+03 -0.37622E+03 -0.41038E+03 -0.42403E+03  0.19550E-04  0.16645E-01  0.24489E+03  0.20625E+04  0.00000E+00 415455  0.00000E+00      0.000
     560.0000 -0.37500E+01  0.50000E+01 -0.37500E+01  0.23743E+01 -0.13701E+01 -0.21000E+04  0.28000E+04 -0.21000E+04  0.13251E+04 -0.59865E+03 -0.37631E+03 -0.41038E+03 -0.42403E+03  0.36001E-04  0.16950E-01  0.24489E+03  0.21000E+04  0.00000E+00 423181  0.00000E+00      0.000
     570.0000 -0.37500E+01  0.50000E+01 -0.37501E+01  0.23743E+01 -0.13701E+01 -0.21375E+04  0.28500E+04 -0.21375E+04  0.13488E+04 -0.61235E+03 -0.37633E+03 -0.41038E+03 -0.42403E+03  0.85115E-04  0.17258E-01  0.24489E+03  0.21375E+04  0.00000E+00 430908  0.00000E+00      0.000
     580.0000 -0.37500E+01  0.50000E+01 -0.37500E+01  0.23742E+01 -0.13701E+01 -0.21750E+04  0.29000E+04 -0.21750E+04  0.13726E+04 -0.62605E+03 -0.37636E+03 -0.41038E+03 -0.42403E+03  0.42439E-04  0.17565E-01  0.24489E+03  0.21750E+04  0.00000E+00 438652  0.00000E+00      0.000
     590.0000 -0.37500E+01  0.50000E+01 -0.37500E+01  0.23742E+01 -0.13701E+01 -0.22125E+04  0.29500E+04 -0.22125E+04  0.13963E+04 -0.63975E+03 -0.37619E+03 -0.41038E+03 -0.42403E+03  0.36955E-04  0.17868E-01  0.24489E+03  0.22125E+04  0.00000E+00 446375  0.00000E+00      0.000
     600.0000 -0.37500E+01  0.50000E+01 -0.37500E+01  0.23742E+01 -0.13701E+01 -0.22500E+04  0.30000E+04 -0.22500E+04  0.14200E+04 -0.65345E+03 -0.37638E+03 -0.41038E+03 -0.42403E+03  0.34332E-04  0.18172E-01  0.24489E+03  0.22500E+04  0.00000E+00 454117  0.00000E+00      0.000
     610.0000 -0.37500E+01  0.50000E+01 -0.37500E+01  0.23742E+01 -0.13701E+01 -0.22875E+04  0.30500E+04 -0.22875E+04  0.14438E+04 -0.66715E+03 -0.37633E+03 -0.41038E+03 -0.42403E+03  0.48161E-04  0.18478E-01  0.24489E+03  0.22875E+04  0.00000E+00 461846  0.00000E+00      0.000
     620.0000 -0.37500E+01  0.50000E+01 -0.37500E+01  0.23742E+01 -0.13701E+01 -0.23250E+04  0.31000E+04 -0.23250E+04  0.14675E+04 -0.68085E+03 -0.37644E+03 -0.41038E+03 -0.42403E+03  0.10014E-04  0.18786E-01  0.24489E+03  0.23250E+04  0.00000E+00 469571  0.00000E+00      0.000
     630.0000 -0.37500E+01  0.50000E+01 -0.37500E+01  0.23742E+01 -0.13701E+01 -0.23625E+04  0.31500E+04 -0.23625E+04  0.14913E+04 -0.69455E+03 -0.37637E+03 -0.41038E+03 -0.42403E+03  0.18835E-04  0.19094E-01  0.24490E+03  0.23625E+04  0.00000E+00 477274  0.00000E+00      0.000
     640.0000 -0.37500E+01  0.50000E+01 -0.37500E+01  0.23742E+01 -0.13701E+01 -0.24000E+04  0.32000E+04 -0.24000E+04  0.15150E+04 -0.70825E+03 -0.37625E+03 -0.41038E+03 -0.42403E+03  0.25988E-04  0.19401E-01  0.24490E+03  0.24000E+04  0.00000E+00 484988  0.00000E+00      0.000
     650.0000 -0.37500E+01  0.50000E+01 -0.37500E+01  0.23743E+01 -0.13701E+01 -0.24375E+04  0.32500E+04 -0.24375E+04  0.15388E+04 -0.72195E+03 -0.37636E+03 -0.41038E+03 -0.42403E+03  0.38385E-04  0.19706E-01  0.24490E+03  0.24375E+04  0.00000E+00 492696  0.00000E+00      0.000
     660.0000 -0.37500E+01  0.50000E+01 -0.37500E+01  0.23743E+01 -0.13701E+01 -0.24750E+04  0.33000E+04 -0.24750E+04  0.15625E+04 -0.73565E+03 -0.37639E+03 -0.41038E+03 -0.42403E+03  0.26464E-04  0.20008E-01  0.24490E+03  0.24750E+04  0.00000E+00 500427  0.00000E+00      0.000
     670.0000 -0.37500E+01  0.50000E+01 -0.37501E+01  0.23742E+01 -0.13701E+01 -0.25125E+04  0.33500E+04 -0.25125E+04  0.15862E+04 -0.74935E+03 -0.37633E+03 -0.41038E+03 -0.42403E+03  0.59605E-04  0.20311E-01  0.24490E+03  0.25125E+04  0.00000E+00 508085  0.00000E+00      0.000
     680.0000 -0.37500E+01  0.50000E+01 -0.37500E+01  0.23743E+01 -0.13701E+01 -0.25500E+04  0.34000E+04 -0.25500E+04  0.16100E+04 -0.76305E+03 -0.37634E+03 -0.41038E+03 -0.42403E+03  0.00000E+00  0.20616E-01  0.24490E+03  0.25500E+04  0.00000E+00 515803  0.00000E+00      0.000
     690.0000 -0.37500E+01  0.50000E+01 -0.37500E+01  0.23743E+01 -0.13701E+01 -0.25875E+04  0.34500E+04 -0.25875E+04  0.16337E+04 -0.77675E+03 -0.37635E+03 -0.41038E+03 -0.42403E+03  0.42915E-04  0.20922E-01  0.24490E+03  0.25875E+04  0.00000E+00 523534  0.00000E+00      0.000
     700.0000 -0.37500E+01  0.50000E+01 -0.37500E+01  0.23743E+01 -0.13702E+01 -0.26250E+04  0.35000E+04 -0.26250E+04  0.16575E+04 -0.79045E+03 -0.37629E+03 -0.41038E+03 -0.42403E+03  0.19789E-04  0.21230E-01  0.24490E+03  0.26250E+04  0.00000E+00 531246  0.00000E+00      0.000
     710.0000 -0.37500E+01  0.50000E+01 -0.37499E+01  0.23743E+01 -0.13702E+01 -0.26625E+04  0.35500E+04 -0.26625E+04  0.16812E+04 -0.80416E+03 -0.37628E+03 -0.41038E+03 -0.42403E+03  0.50306E-04  0.21533E-01  0.24490E+03  0.26625E+04  0.00000E+00 538948  0.00000E+00      0.000
     720.0000 -0.37500E+01  0.50000E+01 -0.37499E+01  0.23742E+01 -0.13702E+01 -0.27000E+04  0.36000E+04 -0.27000E+04  0.17050E+04 -0.81786E+03 -0.37637E+03 -0.41038E+03 -0.42403E+03  0.11873E-03  0.21843E-01  0.24490E+03  0.27000E+04  0.00000E+00 546675  0.00000E+00      0.000
     730.0000 -0.37500E+01  0.50000E+01 -0.37500E+01  0.23743E+01 -0.13702E+01 -0.27375E+04  0.36500E+04 -0.27375E+04  0.17287E+04 -0.83155E+03 -0.37621E+03 -0.41038E+03 -0.42403E+03  0.33140E-04  0.22148E-01  0.24490E+03  0.27375E+04  0.00000E+00 554381  0.00000E+00      0.000
     740.0000 -0.37500E+01  0.50000E+01 -0.37500E+01  0.23743E+01 -0.13702E+01 -0.27750E+04  0.37000E+04 -0.27750E+04  0.17525E+04 -0.84526E+03 -0.37625E+03 -0.41038E+03 -0.42403E+03  0.00000E+00  0.22456E-01  0.24490E+03  0.27750E+04  0.00000E+00 562112  0.00000E+00      0.000
     750.0000 -0.37500E+01  0.50000E+01 -0.37499E+01  0.23743E+01 -0.13702E+01 -0.28125E+04  0.37500E+04 -0.28125E+04  0.17762E+04 -0.85896E+03 -0.37633E+03 -0.41038E+03 -0.42403E+03  0.58413E-04  0.22766E-01  0.24490E+03  0.28125E+04  0.00000E+00 569830  0.00000E+00      0.000
     760.0000 -0.37500E+01  0.50000E+01 -0.37500E+01  0.23743E+01 -0.13702E+01 -0.28500E+04  0.38000E+04 -0.28500E+04  0.17999E+04 -0.87266E+03 -0.37637E+03 -0.41038E+03 -0.42403E+03  0.00000E+00  0.23072E-01  0.24490E+03  0.28500E+04  0.00000E+00 577566  0.00000E+00      0.000
     770.0000 -0.37500E+01  0.50000E+01 -0.37500E+01  0.23743E+01 -0.13702E+01 -0.28875E+04  0.38500E+04 -0.28875E+04  0.18237E+04 -0.88636E+03 -0.37619E+03 -0.41038E+03 -0.42403E+03  0.00000E+00  0.23378E-01  0.24490E+03  0.28875E+04  0.00000E+00 585358  0.00000E+00      0.000
     780.0000 -0.37500E+01  0.50000E+01 -0.37500E+01  0.23743E+01 -0.13702E+01 -0.29250E+04  0.39000E+04 -0.29250E+04  0.18474E+04 -0.90006E+03 -0.37635E+03 -0.41038E+03 -0.42403E+03  0.42915E-04  0.23686E-01  0.24490E+03  0.29250E+04  0.00000E+00 593056  0.00000E+00      0.000
     790.0000 -0.37500E+01  0.50000E+01 -0.37500E+01  0.23743E+01 -0.13702E+01 -0.29625E+04  0.39500E+04 -0.29625E+04  0.18712E+04 -0.91376E+03 -0.37634E+03 -0.41038E+03 -0.42403E+03  0.13351E-04  0.23995E-01  0.24490E+03  0.29625E+04  0.00000E+00 600795  0.00000E+00      0.000
     800.0000 -0.37500E+01  0.50000E+01 -0.37500E+01  0.23743E+01 -0.13702E+01 -0.30000E+04  0.40000E+04 -0.30000E+04  0.18949E+04 -0.92746E+03 -0.37628E+03 -0.41038E+03 -0.42403E+03  0.00000E+00  0.24304E-01  0.24490E+03  0.30000E+04  0.00000E+00 608548  0.00000E+00      0.000
     810.0000 -0.37500E+01  0.50000E+01 -0.37500E+01  0.23743E+01 -0.13702E+01 -0.30375E+04  0.40500E+04 -0.30375E+04  0.19186E+04 -0.94116E+03 -0.37623E+03 -0.41038E+03 -0.42403E+03  0.27418E-04  0.24611E-01  0.24490E+03  0.30375E+04  0.00000E+00 616271  0.00000E+00      0.000
     820.0000 -0.37500E+01  0.50000E+01 -0.37499E+01  0.23743E+01 -0.13702E+01 -0.30750E+04  0.41000E+04 -0.30750E+04  0.19424E+04 -0.95486E+03 -0.37635E+03 -0.41038E+03 -0.42403E+03  0.10157E-03  0.24915E-01  0.24490E+03  0.30750E+04  0.00000E+00 623972  0.00000E+00      0.000
     830.0000 -0.37500E+01  0.50000E+01 -0.37500E+01  0.23743E+01 -0.13702E+01 -0.31125E+04  0.41500E+04 -0.31125E+04  0.19661E+04 -0.96856E+03 -0.37637E+03 -0.41038E+03 -0.42403E+03  0.32902E-04  0.25221E-01  0.24490E+03  0.31125E+04  0.00000E+00 631733  0.00000E+00      0.000
     840.0000 -0.37500E+01  0.50000E+01 -0.37499E+01  0.23743E+01 -0.13702E+01 -0.31500E+04  0.42000E+04 -0.31500E+04  0.19899E+04 -0.98227E+03 -0.37630E+03 -0.41038E+03 -0.42403E+03  0.51498E-04  0.25525E-01  0.24490E+03  0.31500E+04  0.00000E+00 639426  0.00000E+00      0.000
     850.0000 -0.37500E+01  0.50000E+01 -0.37500E+01  0.23743E+01 -0.13702E+01 -0.31875E+04  0.42500E+04 -0.31875E+04  0.20136E+04 -0.99597E+03 -0.37634E+03 -0.41038E+03 -0.42403E+03  0.19073E-04  0.25829E-01  0.24490E+03  0.31875E+04  0.00000E+00 647117  0.00000E+00      0.000
     860.0000 -0.37500E+01  0.50000E+01 -0.37499E+01  0.23743E+01 -0.13702E+01 -0.32250E+04  0.43000E+04 -0.32250E+04  0.20373E+04 -0.10097E+04 -0.37628E+03 -0.41038E+03 -0.42403E+03  0.57459E-04  0.26133E-01  0.24490E+03  0.32250E+04  0.00000E+00 654832  0.00000E+00      0.000
     870.0000 -0.37500E+01  0.50000E+01 -0.37500E+01  0.23743E+01 -0.13702E+01 -0.32625E+04  0.43500E+04 -0.32625E+04  0.20611E+04 -0.10234E+04 -0.37617E+03 -0.41038E+03 -0.42403E+03  0.00000E+00  0.26438E-01  0.24490E+03  0.32625E+04  0.00000E+00 662572  0.00000E+00      0.000
     880.0000 -0.37500E+01  0.50000E+01 -0.37501E+01  0.23743E+01 -0.13702E+01 -0.33000E+04  0.44000E+04 -0.33000E+04  0.20848E+04 -0.10371E+04 -0.37619E+03 -0.41038E+03 -0.42403E+03  0.54836E-04  0.26737E-01  0.24490E+03  0.33000E+04  0.00000E+00 670270  0.00000E+00      0.000
     890.0000 -0.37500E+01  0.50000E+01 -0.37500E+01  0.23742E+01 -0.13702E+01 -0.33375E+04  0.44500E+04 -0.33375E+04  0.21086E+04 -0.10508E+04 -0.37624E+03 -0.41038E+03 -0.42403E+03  0.10729E-04  0.27043E-01  0.24490E+03  0.33375E+04  0.00000E+00 678010  0.00000E+00      0.000
     900.0000 -0.37500E+01  0.50000E+01 -0.37500E+01  0.23743E+01 -0.13702E+01 -0.33750E+04  0.45000E+04 -0.33750E+04  0.21323E+04 -0.10645E+04 -0.37624E+03 -0.41038E+03 -0.42403E+03  0.00000E+00  0.27354E-01  0.24490E+03  0.33750E+04  0.00000E+00 685761  0.00000E+00      0.000
     910.0000 -0.37500E+01  0.50000E+01 -0.37501E+01  0.23743E+01 -0.13703E+01 -0.34125E+04  0.45500E+04 -0.34125E+04  0.21560E+04 -0.10782E+04 -0.37635E+03 -0.41038E+03 -0.42402E+03  0.10061E-03  0.27656E-01  0.24490E+03  0.34125E+04  0.00000E+00 693448  0.00000E+00      0.000
     920.0000 -0.37500E+01  0.50000E+01 -0.37499E+01  0.23743E+01 -0.13703E+01 -0.34500E+04  0.46000E+04 -0.34500E+04  0.21798E+04 -0.10919E+04 -0.37625E+03 -0.41038E+03 -0.42402E+03  0.51498E-04  0.27963E-01  0.24490E+03  0.34500E+04  0.00000E+00 701142  0.00000E+00      0.000
     930.0000 -0.37500E+01  0.50000E+01 -0.37500E+01  0.23743E+01 -0.13703E+01 -0.34875E+04  0.46500E+04 -0.34875E+04  0.22035E+04 -0.11056E+04 -0.37641E+03 -0.41038E+03 -0.42402E+03  0.39577E-04  0.28273E-01  0.24490E+03  0.34875E+04  0.00000E+00 708837  0.00000E+00      0.000
     940.0000 -0.37500E+01  0.50000E+01 -0.37499E+01  0.23743E+01 -0.13703E+01 -0.35250E+04  0.47000E+04 -0.35250E+04  0.22273E+04 -0.11193E+04 -0.37639E+03 -0.41038E+03 -0.42402E+03  0.82970E-04  0.28579E-01  0.24490E+03  0.35250E+04  0.00000E+00 716490  0.00000E+00      0.000
     950.0000 -0.37500E+01  0.50000E+01 -0.37500E+01  0.23743E+01 -0.13703E+01 -0.35625E+04  0.47500E+04 -0.35625E+04  0.22510E+04 -0.11330E+04 -0.37634E+03 -0.41038E+03 -0.42402E+03  0.18835E-04  0.28889E-01  0.24490E+03  0.35625E+04  0.00000E+00 724193  0.00000E+00      0.000
     960.0000 -0.37500E+01  0.50000E+01 -0.37500E+01  0.23743E+01 -0.13703E+01 -0.36000E+04  0.47999E+04 -0.36000E+04  0.22748E+04 -0.11467E+04 -0.37628E+03 -0.41038E+03 -0.42402E+03  0.34332E-04  0.29190E-01  0.24490E+03  0.36000E+04  0.00000E+00 731876  0.00000E+00      0.000
     970.0000 -0.37500E+01  0.50000E+01 -0.37500E+01  0.23743E+01 -0.13703E+01 -0.36375E+04  0.48499E+04 -0.36374E+04  0.22985E+04 -0.11604E+04 -0.37623E+03 -0.41038E+03 -0.42402E+03  0.20027E-04  0.29498E-01  0.24490E+03  0.36374E+04  0.00000E+00 739619  0.00000E+00      0.000
     980.0000 -0.37500E+01  0.50000E+01 -0.37500E+01  0.23743E+01 -0.13703E+01 -0.36749E+04  0.48999E+04 -0.36749E+04  0.23222E+04 -0.11741E+04 -0.37636E+03 -0.41038E+03 -0.42402E+03  0.32425E-04  0.29803E-01  0.24490E+03  0.36749E+04  0.00000E+00 747281  0.00000E+00      0.000
     990.0000 -0.37500E+01  0.50000E+01 -0.37500E+01  0.23743E+01 -0.13703E+01 -0.37125E+04  0.49499E+04 -0.37125E+04  0.23460E+04 -0.11878E+04 -0.37645E+03 -0.41038E+03 -0.42402E+03  0.19312E-04  0.30105E-01  0.24490E+03  0.37125E+04  0.00000E+00 754996  0.00000E+00      0.000
    1000.0000 -0.37500E+01  0.50000E+01 -0.37500E+01  0.23743E+01 -0.13703E+01 -0.37500E+04  0.49999E+04 -0.37500E+04  0.23697E+04 -0.12015E+04 -0.37635E+03 -0.41038E+03 -0.42402E+03  0.21935E-04  0.30412E-01  0.24490E+03  0.37500E+04  0.00000E+00 762726  0.00000E+00      0.000
end
