 ******* Program HYDRUS
 ******* 
 Welcome to HYDRUS-1D                                                    
 Date:   3. 2.    Time:  15:19:43
 Units: L = mm   , T = days , M = mmol 

----------------------------------------------------------
 Time       [T]        0.0000
----------------------------------------------------------
 Sub-region num.                     1
----------------------------------------------------------
 Length   [L]        0.10000E+04  0.10000E+04
 W-volume [L]        0.71414E+02  0.71414E+02
 In-flow  [L/T]      0.00000E+00  0.00000E+00
 h Mean   [L]       -0.10000E+04 -0.10000E+04
 ConcVol  [M/L2] 1   0.00000E+00  0.00000E+00
 cMean    [M/L3] 1   0.00000E+00  0.00000E+00
 Top Flux [L/T]     -0.17119E-09
 Bot Flux [L/T]     -0.17119E-09
----------------------------------------------------------

----------------------------------------------------------
 Time       [T]      200.0000
----------------------------------------------------------
 Sub-region num.                     1
----------------------------------------------------------
 Length   [L]        0.10000E+04  0.10000E+04
 W-volume [L]        0.27590E+03  0.27590E+03
 In-flow  [L/T]      0.76947E-03  0.76947E-03
 h Mean   [L]       -0.38815E+03 -0.38815E+03
 ConcVol  [M/L2] 1   0.16663E+05  0.16663E+05
 cMean    [M/L3] 1   0.60668E+02  0.60668E+02
 Top Flux [L/T]     -0.49366E+01
 Bot Flux [L/T]     -0.22071E+01
 WatBalT  [L]       -0.11413E+01
 WatBalR  [%]              0.064
 CncBalT  [M]    1   0.59174E+02
 CncBalR  [%]    1         0.136
----------------------------------------------------------

----------------------------------------------------------
 Time       [T]      400.0000
----------------------------------------------------------
 Sub-region num.                     1
----------------------------------------------------------
 Length   [L]        0.10000E+04  0.10000E+04
 W-volume [L]        0.27590E+03  0.27590E+03
 In-flow  [L/T]     -0.12294E-03 -0.12294E-03
 h Mean   [L]       -0.38815E+03 -0.38815E+03
 ConcVol  [M/L2] 1   0.16663E+05  0.16663E+05
 cMean    [M/L3] 1   0.60669E+02  0.60669E+02
 Top Flux [L/T]     -0.49525E+01
 Bot Flux [L/T]     -0.22073E+01
 WatBalT  [L]       -0.33528E+01
 WatBalR  [%]              0.088
 CncBalT  [M]    1   0.59779E+02
 CncBalR  [%]    1         0.058
----------------------------------------------------------

----------------------------------------------------------
 Time       [T]      600.0000
----------------------------------------------------------
 Sub-region num.                     1
----------------------------------------------------------
 Length   [L]        0.10000E+04  0.10000E+04
 W-volume [L]        0.27591E+03  0.27591E+03
 In-flow  [L/T]     -0.39248E-03 -0.39248E-03
 h Mean   [L]       -0.38815E+03 -0.38815E+03
 ConcVol  [M/L2] 1   0.16663E+05  0.16663E+05
 cMean    [M/L3] 1   0.60668E+02  0.60668E+02
 Top Flux [L/T]     -0.49119E+01
 Bot Flux [L/T]     -0.22074E+01
 WatBalT  [L]       -0.55191E+01
 WatBalR  [%]              0.095
 CncBalT  [M]    1   0.59666E+02
 CncBalR  [%]    1         0.037
----------------------------------------------------------

----------------------------------------------------------
 Time       [T]      800.0000
----------------------------------------------------------
 Sub-region num.                     1
----------------------------------------------------------
 Length   [L]        0.10000E+04  0.10000E+04
 W-volume [L]        0.27591E+03  0.27591E+03
 In-flow  [L/T]     -0.62194E-03 -0.62194E-03
 h Mean   [L]       -0.38815E+03 -0.38815E+03
 ConcVol  [M/L2] 1   0.16663E+05  0.16663E+05
 cMean    [M/L3] 1   0.60668E+02  0.60668E+02
 Top Flux [L/T]     -0.49743E+01
 Bot Flux [L/T]     -0.22075E+01
 WatBalT  [L]       -0.76660E+01
 WatBalR  [%]              0.098
 CncBalT  [M]    1   0.59635E+02
 CncBalR  [%]    1         0.027
----------------------------------------------------------

----------------------------------------------------------
 Time       [T]     1000.0000
----------------------------------------------------------
 Sub-region num.                     1
----------------------------------------------------------
 Length   [L]        0.10000E+04  0.10000E+04
 W-volume [L]        0.27591E+03  0.27591E+03
 In-flow  [L/T]      0.63290E-03  0.63290E-03
 h Mean   [L]       -0.38814E+03 -0.38814E+03
 ConcVol  [M/L2] 1   0.16663E+05  0.16663E+05
 cMean    [M/L3] 1   0.60667E+02  0.60667E+02
 Top Flux [L/T]     -0.49979E+01
 Bot Flux [L/T]     -0.22075E+01
 WatBalT  [L]       -0.98014E+01
 WatBalR  [%]              0.100
 CncBalT  [M]    1   0.59604E+02
 CncBalR  [%]    1         0.021
----------------------------------------------------------
 
 Calculation time [sec]   329.240000009537     
