 ******* Program HYDRUS
 ******* 
 Welcome to HYDRUS-1D                                                    
 Date:   3. 2.    Time:  15:19:43
 Units: L = mm   , T = days , M = mmol 


    TLevel      Time           dt     ItrW ItrC    ItCum  KodT  KodB Converg  Peclet   Courant

     8303  0.1000000E+02  0.12266E-02    6    1    36857    -4    -5     T     5.018     0.004
    20182  0.2000000E+02  0.50722E-03    2    1    89125    -4    -5     T     5.007     0.002
    32171  0.3000000E+02  0.12460E-02    2    1   141908    -4    -5     T     5.018     0.004
    43958  0.4000000E+02  0.98216E-03    2    1   194052    -4    -5     T     5.014     0.003
    55757  0.5000000E+02  0.98159E-03    2    1   246120    -4    -5     T     5.014     0.003
    67575  0.6000000E+02  0.93964E-03    2    1   298238    -4    -5     T     5.014     0.003
    79412  0.7000000E+02  0.96979E-03    2    1   350386    -4    -5     T     5.014     0.003
    91229  0.8000000E+02  0.88191E-03    2    1   402478    -4    -5     T     5.013     0.003
   103055  0.9000000E+02  0.12171E-02    2    1   454625    -4    -5     T     5.017     0.004
   114881  0.1000000E+03  0.96431E-03    2    1   506780    -4    -5     T     5.014     0.003
   126708  0.1100000E+03  0.87361E-03    2    1   558938    -4    -5     T     5.013     0.003
   138528  0.1200000E+03  0.44040E-03    2    1   611051    -4    -5     T     5.006     0.002
   150356  0.1300000E+03  0.11037E-02    2    1   663198    -4    -5     T     5.016     0.004
   162169  0.1400000E+03  0.44663E-03    2    1   715303    -4    -5     T     5.006     0.002
   174008  0.1500000E+03  0.95066E-03    2    1   767481    -4    -5     T     5.014     0.003
   185837  0.1600000E+03  0.45749E-03    2    1   819657    -4    -5     T     5.007     0.002
   197663  0.1700000E+03  0.10989E-02    2    1   871795    -4    -5     T     5.016     0.004
   209480  0.1800000E+03  0.12748E-02    2    1   923926    -4    -5     T     5.018     0.004
   221297  0.1900000E+03  0.97203E-03    2    1   976070    -4    -5     T     5.014     0.003
   233127  0.2000000E+03  0.12394E-02    3    1  1028242    -4    -5     T     5.018     0.004
   244971  0.2100000E+03  0.50008E-03    2    1  1080444    -4    -5     T     5.007     0.002
   256766  0.2200000E+03  0.85693E-03    2    1  1132546    -4    -5     T     5.012     0.003
   268580  0.2300000E+03  0.95973E-03    2    1  1184656    -4    -5     T     5.014     0.003
   280385  0.2400000E+03  0.13195E-02    3    1  1236763    -4    -5     T     5.019     0.005
   292188  0.2500000E+03  0.10245E-02    2    1  1288879    -4    -5     T     5.015     0.004
   304003  0.2600000E+03  0.13351E-02    2    1  1341000    -4    -5     T     5.019     0.005
   315828  0.2700000E+03  0.10852E-02    2    1  1393153    -4    -5     T     5.016     0.004
   327658  0.2800000E+03  0.50406E-03    2    1  1445373    -4    -5     T     5.007     0.002
   339488  0.2900000E+03  0.12843E-02    7    1  1497522    -4    -5     T     5.018     0.004
   351314  0.3000000E+03  0.81750E-03    2    1  1549683    -4    -5     T     5.012     0.003
   363154  0.3100000E+03  0.96167E-03    2    1  1601876    -4    -5     T     5.014     0.003
   374985  0.3200000E+03  0.46717E-03    2    1  1654046    -4    -5     T     5.007     0.002
   386783  0.3300000E+03  0.12198E-02    5    1  1706148    -4    -5     T     5.018     0.004
   398610  0.3400000E+03  0.11989E-02    2    1  1758330    -4    -5     T     5.017     0.004
   410399  0.3500000E+03  0.73388E-03    2    1  1810369    -4    -5     T     5.011     0.003
   422222  0.3600000E+03  0.97713E-03    2    1  1862488    -4    -5     T     5.014     0.003
   434041  0.3700000E+03  0.44636E-03    2    1  1914633    -4    -5     T     5.006     0.002
   445859  0.3800000E+03  0.67913E-03    2    1  1966757    -4    -5     T     5.010     0.002
   457652  0.3900000E+03  0.67350E-03    2    1  2018841    -4    -5     T     5.010     0.002
   469493  0.4000000E+03  0.96964E-03    2    1  2071048    -4    -5     T     5.014     0.003
   481313  0.4100000E+03  0.48283E-03    2    1  2123169    -4    -5     T     5.007     0.002
   493139  0.4200000E+03  0.95905E-03    2    1  2175327    -4    -5     T     5.014     0.003
   504949  0.4300000E+03  0.96327E-03    2    1  2227430    -4    -5     T     5.014     0.003
   516770  0.4400000E+03  0.13057E-02    3    1  2279550    -4    -5     T     5.019     0.004
   528599  0.4500000E+03  0.13125E-02    7    1  2331707    -4    -5     T     5.019     0.004
   540409  0.4600000E+03  0.46168E-03    2    1  2383819    -4    -5     T     5.007     0.002
   552221  0.4700000E+03  0.13587E-02    4    1  2435945    -4    -5     T     5.019     0.005
   564042  0.4800000E+03  0.87231E-03    2    1  2488092    -4    -5     T     5.013     0.003
   575851  0.4900000E+03  0.88361E-03    2    1  2540217    -4    -5     T     5.013     0.003
   587681  0.5000000E+03  0.44921E-03    2    1  2592378    -4    -5     T     5.006     0.002
   599478  0.5100000E+03  0.13160E-02    3    1  2644426    -4    -5     T     5.019     0.005
   611292  0.5200000E+03  0.10115E-02    2    1  2696518    -4    -5     T     5.015     0.004
   623119  0.5300000E+03  0.44691E-03    2    1  2748660    -4    -5     T     5.006     0.002
   634963  0.5400000E+03  0.97004E-03    2    1  2800852    -4    -5     T     5.014     0.003
   646806  0.5500000E+03  0.94761E-03    2    1  2853078    -4    -5     T     5.014     0.003
   658645  0.5600000E+03  0.89272E-03    2    1  2905245    -4    -5     T     5.013     0.003
   670463  0.5700000E+03  0.84295E-03    2    1  2957379    -4    -5     T     5.012     0.003
   682282  0.5800000E+03  0.65046E-03    2    1  3009516    -4    -5     T     5.009     0.002
   694088  0.5900000E+03  0.91730E-03    2    1  3061624    -4    -5     T     5.013     0.003
   705909  0.6000000E+03  0.12146E-02    7    1  3113770    -4    -5     T     5.017     0.004
   717712  0.6100000E+03  0.88670E-03    2    1  3165884    -4    -5     T     5.013     0.003
   729523  0.6200000E+03  0.47319E-03    2    1  3218006    -4    -5     T     5.007     0.002
   741340  0.6300000E+03  0.11420E-02    2    1  3270117    -4    -5     T     5.017     0.004
   753167  0.6400000E+03  0.95951E-03    2    1  3322262    -4    -5     T     5.014     0.003
   764969  0.6500000E+03  0.87973E-03    2    1  3374371    -4    -5     T     5.013     0.003
   776781  0.6600000E+03  0.10639E-02    2    1  3426484    -4    -5     T     5.015     0.004
   788604  0.6700000E+03  0.48669E-03    2    1  3478645    -4    -5     T     5.007     0.002
   800443  0.6800000E+03  0.13274E-02    4    1  3530819    -4    -5     T     5.019     0.005
   812255  0.6900000E+03  0.52047E-03    2    1  3582949    -4    -5     T     5.007     0.002
   824065  0.7000000E+03  0.42432E-03    2    1  3635065    -4    -5     T     5.006     0.001
   835901  0.7100000E+03  0.91366E-03    2    1  3687239    -4    -5     T     5.013     0.003
   847709  0.7200000E+03  0.85349E-03    2    1  3739355    -4    -5     T     5.012     0.003
   859531  0.7300000E+03  0.10097E-02    2    1  3791501    -4    -5     T     5.015     0.003
   871363  0.7400000E+03  0.96042E-03    2    1  3843654    -4    -5     T     5.014     0.003
   883175  0.7500000E+03  0.11505E-02    7    1  3895773    -4    -5     T     5.017     0.004
   895012  0.7600000E+03  0.50115E-03    2    1  3947943    -4    -5     T     5.007     0.002
   906849  0.7700000E+03  0.12719E-02    2    1  4000088    -4    -5     T     5.018     0.004
   918661  0.7800000E+03  0.95318E-03    2    1  4052217    -4    -5     T     5.014     0.003
   930466  0.7900000E+03  0.45791E-03    2    1  4104274    -4    -5     T     5.007     0.002
   942276  0.8000000E+03  0.95840E-03    2    1  4156369    -4    -5     T     5.014     0.003
   954123  0.8100000E+03  0.10100E-02    2    1  4208584    -4    -5     T     5.014     0.003
   965967  0.8200000E+03  0.87566E-03    2    1  4260818    -4    -5     T     5.013     0.003
   977778  0.8300000E+03  0.10241E-02    2    1  4312942    -4    -5     T     5.015     0.004
   989596  0.8400000E+03  0.99230E-03    2    1  4365071    -4    -5     T     5.014     0.003
     1427  0.8500000E+03  0.97230E-03    2    1  4417233    -4    -5     T     5.014     0.003
    13243  0.8600000E+03  0.46531E-03    2    1  4469362    -4    -5     T     5.007     0.002
    25053  0.8700000E+03  0.50300E-03    2    1  4521483    -4    -5     T     5.007     0.002
    36896  0.8800000E+03  0.13689E-02    3    1  4573668    -4    -5     T     5.020     0.005
    48726  0.8900000E+03  0.94939E-03    2    1  4625829    -4    -5     T     5.014     0.003
    60574  0.9000000E+03  0.13110E-02    4    1  4677991    -4    -5     T     5.019     0.005
    72381  0.9100000E+03  0.12027E-02    4    1  4730095    -4    -5     T     5.017     0.004
    84225  0.9200000E+03  0.12046E-02    6    1  4782294    -4    -5     T     5.017     0.004
    96046  0.9300000E+03  0.44065E-03    2    1  4834413    -4    -5     T     5.006     0.002
   107850  0.9400000E+03  0.11847E-02    2    1  4886502    -4    -5     T     5.018     0.004
   119647  0.9500000E+03  0.13167E-02    7    1  4938576    -4    -5     T     5.019     0.005
   131462  0.9600000E+03  0.86963E-03    2    1  4990700    -4    -5     T     5.012     0.003
   143263  0.9700000E+03  0.12155E-02    2    1  5042774    -4    -5     T     5.018     0.004
   155083  0.9800000E+03  0.87201E-03    2    1  5094989    -4    -5     T     5.013     0.003
   166894  0.9900000E+03  0.89779E-03    2    1  5147090    -4    -5     T     5.013     0.003
   178719  0.1000000E+04  0.13186E-02    3    1  5199247    -4    -5     T     5.019     0.005
end
