 All solute fluxes and cumulative solute fluxes are positive into the region

       Time         cvTop        cvBot      Sum(cvTop)   Sum(cvBot)     cvCh0        cvCh1         cTop        cRoot         cBot        cvRoot    Sum(cvRoot)  Sum(cvNEql) TLevel      cGWL        cRunOff   Sum(cRunOff)    (cv(i),    Sum(cv(i)), i=1,NObs)
        [T]        [M/L2/T]     [M/L2/T]      [M/L2]       [M/L2]       [M/L2]      [M/L2]        [M/L3]      [M/L3]        [M/L3]      [M/L2/T]      [M/L2]       [M/L2]              [M/L3]        [M/L2]      [M/L3]      [M/L2/T]      [M/L2]
       10.0000  0.15000E+03  0.00000E+00  0.15000E+04  0.00000E+00  0.00000E+00  0.00000E+00  0.30083E+02  0.11002E+02  0.00000E+00  0.00000E+00  0.00000E+00  0.00000E+00    8303  0.00000E+00  0.18311E-02  0.12802E-01
       20.0000  0.15000E+03  0.00000E+00  0.30000E+04  0.00000E+00  0.00000E+00  0.00000E+00  0.30080E+02  0.22051E+02  0.00000E+00  0.00000E+00  0.00000E+00  0.00000E+00   20182  0.00000E+00  0.13590E-02  0.26753E-01
       30.0000  0.15000E+03  0.00000E+00  0.45000E+04  0.00000E+00  0.00000E+00  0.00000E+00  0.30081E+02  0.33196E+02  0.00000E+00  0.00000E+00  0.00000E+00  0.00000E+00   32171  0.00000E+00  0.58651E-03  0.40678E-01
       40.0000  0.15000E+03  0.00000E+00  0.60000E+04  0.00000E+00  0.00000E+00  0.00000E+00  0.30080E+02  0.44323E+02  0.00000E+00  0.00000E+00  0.00000E+00  0.00000E+00   43958  0.00000E+00  0.00000E+00  0.54533E-01
       50.0000  0.15000E+03  0.00000E+00  0.75000E+04  0.00000E+00  0.00000E+00  0.00000E+00  0.30084E+02  0.53155E+02  0.00000E+00  0.00000E+00  0.00000E+00  0.00000E+00   55757  0.00000E+00  0.31471E-03  0.68100E-01
       60.0000  0.15000E+03  0.00000E+00  0.90000E+04  0.00000E+00  0.00000E+00  0.00000E+00  0.30083E+02  0.53448E+02  0.00000E+00  0.00000E+00  0.00000E+00  0.00000E+00   67575  0.00000E+00  0.33617E-02  0.82050E-01
       70.0000  0.15000E+03  0.00000E+00  0.10500E+05  0.00000E+00  0.00000E+00  0.00000E+00  0.30084E+02  0.53407E+02  0.00000E+00  0.00000E+00  0.00000E+00  0.00000E+00   79412  0.00000E+00  0.60081E-03  0.95954E-01
       80.0000  0.15000E+03  0.00000E+00  0.12000E+05  0.00000E+00  0.00000E+00  0.00000E+00  0.30079E+02  0.53396E+02  0.00000E+00  0.00000E+00  0.00000E+00  0.00000E+00   91229  0.00000E+00  0.71526E-03  0.10989E+00
       90.0000  0.15000E+03 -0.62695E-04  0.13500E+05 -0.40648E-04  0.00000E+00  0.00000E+00  0.30084E+02  0.53396E+02  0.37309E-04  0.00000E+00  0.00000E+00  0.00000E+00  103055  0.00000E+00  0.16022E-02  0.12380E+00
      100.0000  0.15000E+03 -0.11118E+01  0.15000E+05 -0.15594E+01  0.00000E+00  0.00000E+00  0.30082E+02  0.53402E+02  0.53188E+00  0.00000E+00  0.00000E+00  0.00000E+00  114881  0.00000E+00  0.21172E-02  0.13756E+00
      110.0000  0.15000E+03 -0.64594E+02  0.16500E+05 -0.21152E+03  0.00000E+00  0.00000E+00  0.30084E+02  0.53405E+02  0.29721E+02  0.00000E+00  0.00000E+00  0.00000E+00  126708  0.00000E+00  0.22030E-02  0.15140E+00
      120.0000  0.15000E+03 -0.14839E+03  0.18000E+05 -0.13974E+04  0.00000E+00  0.00000E+00  0.30085E+02  0.53406E+02  0.67490E+02  0.00000E+00  0.00000E+00  0.00000E+00  138528  0.00000E+00  0.49639E-02  0.16519E+00
      130.0000  0.15000E+03 -0.14977E+03  0.19501E+05 -0.28954E+04  0.00000E+00  0.00000E+00  0.30082E+02  0.53406E+02  0.67911E+02  0.00000E+00  0.00000E+00  0.00000E+00  150356  0.00000E+00  0.77248E-03  0.17903E+00
      140.0000  0.15000E+03 -0.14962E+03  0.21001E+05 -0.43921E+04  0.00000E+00  0.00000E+00  0.30084E+02  0.53406E+02  0.67814E+02  0.00000E+00  0.00000E+00  0.00000E+00  162169  0.00000E+00  0.16308E-02  0.19290E+00
      150.0000  0.15000E+03 -0.14964E+03  0.22501E+05 -0.58883E+04  0.00000E+00  0.00000E+00  0.30081E+02  0.53406E+02  0.67815E+02  0.00000E+00  0.00000E+00  0.00000E+00  174008  0.00000E+00  0.35906E-02  0.20676E+00
      160.0000  0.15000E+03 -0.14978E+03  0.24001E+05 -0.73853E+04  0.00000E+00  0.00000E+00  0.30086E+02  0.53406E+02  0.67872E+02  0.00000E+00  0.00000E+00  0.00000E+00  185837  0.00000E+00  0.23746E-02  0.22069E+00
      170.0000  0.15000E+03 -0.14992E+03  0.25501E+05 -0.88839E+04  0.00000E+00  0.00000E+00  0.30079E+02  0.53406E+02  0.67931E+02  0.00000E+00  0.00000E+00  0.00000E+00  197663  0.00000E+00  0.87261E-03  0.23462E+00
      180.0000  0.15000E+03 -0.14996E+03  0.27002E+05 -0.10383E+05  0.00000E+00  0.00000E+00  0.30080E+02  0.53406E+02  0.67949E+02  0.00000E+00  0.00000E+00  0.00000E+00  209480  0.00000E+00  0.12302E-02  0.24851E+00
      190.0000  0.15000E+03 -0.14996E+03  0.28502E+05 -0.11883E+05  0.00000E+00  0.00000E+00  0.30082E+02  0.53406E+02  0.67948E+02  0.00000E+00  0.00000E+00  0.00000E+00  221297  0.00000E+00  0.10157E-02  0.26226E+00
      200.0000  0.15000E+03 -0.14996E+03  0.30002E+05 -0.13383E+05  0.00000E+00  0.00000E+00  0.30083E+02  0.53405E+02  0.67948E+02  0.00000E+00  0.00000E+00  0.00000E+00  233127  0.00000E+00  0.11444E-02  0.27599E+00
      210.0000  0.15000E+03 -0.15003E+03  0.31502E+05 -0.14883E+05  0.00000E+00  0.00000E+00  0.30081E+02  0.53405E+02  0.67975E+02  0.00000E+00  0.00000E+00  0.00000E+00  244971  0.00000E+00  0.25749E-02  0.28972E+00
      220.0000  0.15000E+03 -0.15003E+03  0.33003E+05 -0.16383E+05  0.00000E+00  0.00000E+00  0.30081E+02  0.53405E+02  0.67977E+02  0.00000E+00  0.00000E+00  0.00000E+00  256766  0.00000E+00  0.11301E-02  0.30341E+00
      230.0000  0.15000E+03 -0.15003E+03  0.34502E+05 -0.17884E+05  0.00000E+00  0.00000E+00  0.30075E+02  0.53405E+02  0.67977E+02  0.00000E+00  0.00000E+00  0.00000E+00  268580  0.00000E+00  0.00000E+00  0.31735E+00
      240.0000  0.15000E+03 -0.15004E+03  0.36002E+05 -0.19384E+05  0.00000E+00  0.00000E+00  0.30079E+02  0.53405E+02  0.67977E+02  0.00000E+00  0.00000E+00  0.00000E+00  280385  0.00000E+00  0.85831E-03  0.33117E+00
      250.0000  0.15000E+03 -0.15004E+03  0.37502E+05 -0.20885E+05  0.00000E+00  0.00000E+00  0.30079E+02  0.53405E+02  0.67977E+02  0.00000E+00  0.00000E+00  0.00000E+00  292188  0.00000E+00  0.44346E-03  0.34501E+00
      260.0000  0.15000E+03 -0.15004E+03  0.39001E+05 -0.22385E+05  0.00000E+00  0.00000E+00  0.30083E+02  0.53405E+02  0.67977E+02  0.00000E+00  0.00000E+00  0.00000E+00  304003  0.00000E+00  0.12159E-02  0.35899E+00
      270.0000  0.15000E+03 -0.15004E+03  0.40501E+05 -0.23886E+05  0.00000E+00  0.00000E+00  0.30083E+02  0.53405E+02  0.67976E+02  0.00000E+00  0.00000E+00  0.00000E+00  315828  0.00000E+00  0.13590E-02  0.37303E+00
      280.0000  0.15000E+03 -0.15004E+03  0.42001E+05 -0.25387E+05  0.00000E+00  0.00000E+00  0.30081E+02  0.53405E+02  0.67976E+02  0.00000E+00  0.00000E+00  0.00000E+00  327658  0.00000E+00  0.50068E-03  0.38673E+00
      290.0000  0.15000E+03 -0.15004E+03  0.43500E+05 -0.26887E+05  0.00000E+00  0.00000E+00  0.30086E+02  0.53405E+02  0.67975E+02  0.00000E+00  0.00000E+00  0.00000E+00  339488  0.00000E+00  0.11301E-02  0.40070E+00
      300.0000  0.15000E+03 -0.15004E+03  0.45000E+05 -0.28388E+05  0.00000E+00  0.00000E+00  0.30080E+02  0.53405E+02  0.67975E+02  0.00000E+00  0.00000E+00  0.00000E+00  351314  0.00000E+00  0.24462E-02  0.41451E+00
      310.0000  0.15000E+03 -0.15004E+03  0.46500E+05 -0.29889E+05  0.00000E+00  0.00000E+00  0.30079E+02  0.53405E+02  0.67975E+02  0.00000E+00  0.00000E+00  0.00000E+00  363154  0.00000E+00  0.26894E-02  0.42840E+00
      320.0000  0.15000E+03 -0.15004E+03  0.47999E+05 -0.31389E+05  0.00000E+00  0.00000E+00  0.30077E+02  0.53405E+02  0.67975E+02  0.00000E+00  0.00000E+00  0.00000E+00  374985  0.00000E+00  0.20027E-02  0.44218E+00
      330.0000  0.15000E+03 -0.15004E+03  0.49499E+05 -0.32890E+05  0.00000E+00  0.00000E+00  0.30085E+02  0.53405E+02  0.67975E+02  0.00000E+00  0.00000E+00  0.00000E+00  386783  0.00000E+00  0.11730E-02  0.45590E+00
      340.0000  0.15000E+03 -0.15004E+03  0.50999E+05 -0.34390E+05  0.00000E+00  0.00000E+00  0.30079E+02  0.53405E+02  0.67975E+02  0.00000E+00  0.00000E+00  0.00000E+00  398610  0.00000E+00  0.16594E-02  0.46976E+00
      350.0000  0.15000E+03 -0.15004E+03  0.52499E+05 -0.35890E+05  0.00000E+00  0.00000E+00  0.30081E+02  0.53405E+02  0.67974E+02  0.00000E+00  0.00000E+00  0.00000E+00  410399  0.00000E+00  0.15020E-02  0.48354E+00
      360.0000  0.15000E+03 -0.15004E+03  0.53998E+05 -0.37390E+05  0.00000E+00  0.00000E+00  0.30083E+02  0.53405E+02  0.67974E+02  0.00000E+00  0.00000E+00  0.00000E+00  422222  0.00000E+00  0.14591E-02  0.49738E+00
      370.0000  0.15000E+03 -0.15004E+03  0.55498E+05 -0.38890E+05  0.00000E+00  0.00000E+00  0.30081E+02  0.53405E+02  0.67974E+02  0.00000E+00  0.00000E+00  0.00000E+00  434041  0.00000E+00  0.35763E-03  0.51111E+00
      380.0000  0.15000E+03 -0.15004E+03  0.56998E+05 -0.40390E+05  0.00000E+00  0.00000E+00  0.30081E+02  0.53405E+02  0.67974E+02  0.00000E+00  0.00000E+00  0.00000E+00  445859  0.00000E+00  0.19312E-02  0.52484E+00
      390.0000  0.15000E+03 -0.15004E+03  0.58497E+05 -0.41890E+05  0.00000E+00  0.00000E+00  0.30078E+02  0.53405E+02  0.67974E+02  0.00000E+00  0.00000E+00  0.00000E+00  457652  0.00000E+00  0.42915E-03  0.53852E+00
      400.0000  0.15000E+03 -0.15004E+03  0.59997E+05 -0.43390E+05  0.00000E+00  0.00000E+00  0.30079E+02  0.53405E+02  0.67973E+02  0.00000E+00  0.00000E+00  0.00000E+00  469493  0.00000E+00  0.78678E-03  0.55218E+00
      410.0000  0.15000E+03 -0.15004E+03  0.61497E+05 -0.44890E+05  0.00000E+00  0.00000E+00  0.30081E+02  0.53405E+02  0.67973E+02  0.00000E+00  0.00000E+00  0.00000E+00  481313  0.00000E+00  0.25463E-02  0.56593E+00
      420.0000  0.15000E+03 -0.15004E+03  0.62996E+05 -0.46390E+05  0.00000E+00  0.00000E+00  0.30080E+02  0.53405E+02  0.67973E+02  0.00000E+00  0.00000E+00  0.00000E+00  493139  0.00000E+00  0.19169E-02  0.57969E+00
      430.0000  0.15000E+03 -0.15004E+03  0.64496E+05 -0.47891E+05  0.00000E+00  0.00000E+00  0.30080E+02  0.53405E+02  0.67973E+02  0.00000E+00  0.00000E+00  0.00000E+00  504949  0.00000E+00  0.17881E-02  0.59353E+00
      440.0000  0.15000E+03 -0.15004E+03  0.65996E+05 -0.49391E+05  0.00000E+00  0.00000E+00  0.30086E+02  0.53405E+02  0.67973E+02  0.00000E+00  0.00000E+00  0.00000E+00  516770  0.00000E+00  0.00000E+00  0.60734E+00
      450.0000  0.15000E+03 -0.15004E+03  0.67495E+05 -0.50891E+05  0.00000E+00  0.00000E+00  0.30078E+02  0.53405E+02  0.67973E+02  0.00000E+00  0.00000E+00  0.00000E+00  528599  0.00000E+00  0.54359E-03  0.62111E+00
      460.0000  0.15000E+03 -0.15004E+03  0.68995E+05 -0.52391E+05  0.00000E+00  0.00000E+00  0.30080E+02  0.53405E+02  0.67973E+02  0.00000E+00  0.00000E+00  0.00000E+00  540409  0.00000E+00  0.94414E-03  0.63506E+00
      470.0000  0.15000E+03 -0.15004E+03  0.70494E+05 -0.53891E+05  0.00000E+00  0.00000E+00  0.30078E+02  0.53405E+02  0.67973E+02  0.00000E+00  0.00000E+00  0.00000E+00  552221  0.00000E+00  0.12732E-02  0.64882E+00
      480.0000  0.15000E+03 -0.15004E+03  0.71994E+05 -0.55391E+05  0.00000E+00  0.00000E+00  0.30081E+02  0.53405E+02  0.67973E+02  0.00000E+00  0.00000E+00  0.00000E+00  564042  0.00000E+00  0.10729E-02  0.66268E+00
      490.0000  0.15000E+03 -0.15004E+03  0.73494E+05 -0.56891E+05  0.00000E+00  0.00000E+00  0.30082E+02  0.53405E+02  0.67972E+02  0.00000E+00  0.00000E+00  0.00000E+00  575851  0.00000E+00  0.12732E-02  0.67651E+00
      500.0000  0.15000E+03 -0.15004E+03  0.74993E+05 -0.58392E+05  0.00000E+00  0.00000E+00  0.30081E+02  0.53405E+02  0.67972E+02  0.00000E+00  0.00000E+00  0.00000E+00  587681  0.00000E+00  0.22316E-02  0.69029E+00
      510.0000  0.15000E+03 -0.15004E+03  0.76493E+05 -0.59892E+05  0.00000E+00  0.00000E+00  0.30078E+02  0.53405E+02  0.67972E+02  0.00000E+00  0.00000E+00  0.00000E+00  599478  0.00000E+00  0.15306E-02  0.70413E+00
      520.0000  0.15000E+03 -0.15004E+03  0.77993E+05 -0.61392E+05  0.00000E+00  0.00000E+00  0.30082E+02  0.53405E+02  0.67972E+02  0.00000E+00  0.00000E+00  0.00000E+00  611292  0.00000E+00  0.55790E-03  0.71797E+00
      530.0000  0.15000E+03 -0.15004E+03  0.79492E+05 -0.62892E+05  0.00000E+00  0.00000E+00  0.30083E+02  0.53405E+02  0.67972E+02  0.00000E+00  0.00000E+00  0.00000E+00  623119  0.00000E+00  0.32902E-03  0.73181E+00
      540.0000  0.15000E+03 -0.15004E+03  0.80992E+05 -0.64392E+05  0.00000E+00  0.00000E+00  0.30078E+02  0.53405E+02  0.67972E+02  0.00000E+00  0.00000E+00  0.00000E+00  634963  0.00000E+00  0.29898E-02  0.74567E+00
      550.0000  0.15000E+03 -0.15004E+03  0.82492E+05 -0.65892E+05  0.00000E+00  0.00000E+00  0.30085E+02  0.53405E+02  0.67972E+02  0.00000E+00  0.00000E+00  0.00000E+00  646806  0.00000E+00  0.00000E+00  0.75945E+00
      560.0000  0.15000E+03 -0.15004E+03  0.83991E+05 -0.67392E+05  0.00000E+00  0.00000E+00  0.30083E+02  0.53405E+02  0.67972E+02  0.00000E+00  0.00000E+00  0.00000E+00  658645  0.00000E+00  0.31614E-02  0.77342E+00
      570.0000  0.15000E+03 -0.15004E+03  0.85491E+05 -0.68892E+05  0.00000E+00  0.00000E+00  0.30083E+02  0.53405E+02  0.67971E+02  0.00000E+00  0.00000E+00  0.00000E+00  670463  0.00000E+00  0.20885E-02  0.78736E+00
      580.0000  0.15000E+03 -0.15004E+03  0.86991E+05 -0.70393E+05  0.00000E+00  0.00000E+00  0.30078E+02  0.53405E+02  0.67971E+02  0.00000E+00  0.00000E+00  0.00000E+00  682282  0.00000E+00  0.14162E-02  0.80120E+00
      590.0000  0.15000E+03 -0.15004E+03  0.88491E+05 -0.71893E+05  0.00000E+00  0.00000E+00  0.30080E+02  0.53405E+02  0.67971E+02  0.00000E+00  0.00000E+00  0.00000E+00  694088  0.00000E+00  0.16737E-02  0.81491E+00
      600.0000  0.15000E+03 -0.15004E+03  0.89991E+05 -0.73393E+05  0.00000E+00  0.00000E+00  0.30084E+02  0.53405E+02  0.67971E+02  0.00000E+00  0.00000E+00  0.00000E+00  705909  0.00000E+00  0.00000E+00  0.82870E+00
      610.0000  0.15000E+03 -0.15004E+03  0.91490E+05 -0.74894E+05  0.00000E+00  0.00000E+00  0.30080E+02  0.53405E+02  0.67971E+02  0.00000E+00  0.00000E+00  0.00000E+00  717712  0.00000E+00  0.97275E-03  0.84242E+00
      620.0000  0.15000E+03 -0.15004E+03  0.92990E+05 -0.76394E+05  0.00000E+00  0.00000E+00  0.30081E+02  0.53405E+02  0.67971E+02  0.00000E+00  0.00000E+00  0.00000E+00  729523  0.00000E+00  0.17881E-02  0.85637E+00
      630.0000  0.15000E+03 -0.15004E+03  0.94490E+05 -0.77893E+05  0.00000E+00  0.00000E+00  0.30084E+02  0.53405E+02  0.67971E+02  0.00000E+00  0.00000E+00  0.00000E+00  741340  0.00000E+00  0.17023E-02  0.87017E+00
      640.0000  0.15000E+03 -0.15004E+03  0.95989E+05 -0.79393E+05  0.00000E+00  0.00000E+00  0.30078E+02  0.53405E+02  0.67971E+02  0.00000E+00  0.00000E+00  0.00000E+00  753167  0.00000E+00  0.33617E-02  0.88398E+00
      650.0000  0.15000E+03 -0.15004E+03  0.97489E+05 -0.80893E+05  0.00000E+00  0.00000E+00  0.30082E+02  0.53405E+02  0.67971E+02  0.00000E+00  0.00000E+00  0.00000E+00  764969  0.00000E+00  0.65804E-03  0.89791E+00
      660.0000  0.15000E+03 -0.15004E+03  0.98988E+05 -0.82393E+05  0.00000E+00  0.00000E+00  0.30085E+02  0.53405E+02  0.67971E+02  0.00000E+00  0.00000E+00  0.00000E+00  776781  0.00000E+00  0.52929E-03  0.91178E+00
      670.0000  0.15000E+03 -0.15004E+03  0.10049E+06 -0.83893E+05  0.00000E+00  0.00000E+00  0.30080E+02  0.53405E+02  0.67971E+02  0.00000E+00  0.00000E+00  0.00000E+00  788604  0.00000E+00  0.32473E-02  0.92559E+00
      680.0000  0.15000E+03 -0.15004E+03  0.10199E+06 -0.85393E+05  0.00000E+00  0.00000E+00  0.30087E+02  0.53405E+02  0.67971E+02  0.00000E+00  0.00000E+00  0.00000E+00  800443  0.00000E+00  0.21601E-02  0.93948E+00
      690.0000  0.15000E+03 -0.15004E+03  0.10349E+06 -0.86893E+05  0.00000E+00  0.00000E+00  0.30083E+02  0.53405E+02  0.67971E+02  0.00000E+00  0.00000E+00  0.00000E+00  812255  0.00000E+00  0.00000E+00  0.95327E+00
      700.0000  0.15000E+03 -0.15004E+03  0.10499E+06 -0.88393E+05  0.00000E+00  0.00000E+00  0.30079E+02  0.53405E+02  0.67971E+02  0.00000E+00  0.00000E+00  0.00000E+00  824065  0.00000E+00  0.37622E-02  0.96700E+00
      710.0000  0.15000E+03 -0.15004E+03  0.10649E+06 -0.89893E+05  0.00000E+00  0.00000E+00  0.30085E+02  0.53405E+02  0.67971E+02  0.00000E+00  0.00000E+00  0.00000E+00  835901  0.00000E+00  0.84400E-03  0.98093E+00
      720.0000  0.15000E+03 -0.15004E+03  0.10799E+06 -0.91394E+05  0.00000E+00  0.00000E+00  0.30086E+02  0.53405E+02  0.67971E+02  0.00000E+00  0.00000E+00  0.00000E+00  847709  0.00000E+00  0.22745E-02  0.99480E+00
      730.0000  0.15000E+03 -0.15004E+03  0.10949E+06 -0.92893E+05  0.00000E+00  0.00000E+00  0.30080E+02  0.53405E+02  0.67971E+02  0.00000E+00  0.00000E+00  0.00000E+00  859531  0.00000E+00  0.54359E-03  0.10086E+01
      740.0000  0.15000E+03 -0.15004E+03  0.11099E+06 -0.94393E+05  0.00000E+00  0.00000E+00  0.30083E+02  0.53405E+02  0.67970E+02  0.00000E+00  0.00000E+00  0.00000E+00  871363  0.00000E+00  0.00000E+00  0.10225E+01
      750.0000  0.15000E+03 -0.15004E+03  0.11249E+06 -0.95894E+05  0.00000E+00  0.00000E+00  0.30089E+02  0.53405E+02  0.67971E+02  0.00000E+00  0.00000E+00  0.00000E+00  883175  0.00000E+00  0.75817E-03  0.10363E+01
      760.0000  0.15000E+03 -0.15004E+03  0.11398E+06 -0.97394E+05  0.00000E+00  0.00000E+00  0.30082E+02  0.53405E+02  0.67970E+02  0.00000E+00  0.00000E+00  0.00000E+00  895012  0.00000E+00  0.18167E-02  0.10502E+01
      770.0000  0.15000E+03 -0.15004E+03  0.11548E+06 -0.98894E+05  0.00000E+00  0.00000E+00  0.30078E+02  0.53405E+02  0.67970E+02  0.00000E+00  0.00000E+00  0.00000E+00  906849  0.00000E+00  0.13590E-02  0.10639E+01
      780.0000  0.15000E+03 -0.15004E+03  0.11698E+06 -0.10039E+06  0.00000E+00  0.00000E+00  0.30083E+02  0.53404E+02  0.67970E+02  0.00000E+00  0.00000E+00  0.00000E+00  918661  0.00000E+00  0.17023E-02  0.10777E+01
      790.0000  0.15000E+03 -0.15004E+03  0.11848E+06 -0.10189E+06  0.00000E+00  0.00000E+00  0.30086E+02  0.53405E+02  0.67970E+02  0.00000E+00  0.00000E+00  0.00000E+00  930466  0.00000E+00  0.15306E-02  0.10915E+01
      800.0000  0.15000E+03 -0.15004E+03  0.11998E+06 -0.10339E+06  0.00000E+00  0.00000E+00  0.30080E+02  0.53405E+02  0.67970E+02  0.00000E+00  0.00000E+00  0.00000E+00  942276  0.00000E+00  0.18740E-02  0.11054E+01
      810.0000  0.15000E+03 -0.15004E+03  0.12148E+06 -0.10489E+06  0.00000E+00  0.00000E+00  0.30080E+02  0.53405E+02  0.67970E+02  0.00000E+00  0.00000E+00  0.00000E+00  954123  0.00000E+00  0.62943E-03  0.11194E+01
      820.0000  0.15000E+03 -0.15004E+03  0.12298E+06 -0.10639E+06  0.00000E+00  0.00000E+00  0.30083E+02  0.53404E+02  0.67970E+02  0.00000E+00  0.00000E+00  0.00000E+00  965967  0.00000E+00  0.34761E-02  0.11333E+01
      830.0000  0.15000E+03 -0.15004E+03  0.12448E+06 -0.10789E+06  0.00000E+00  0.00000E+00  0.30079E+02  0.53404E+02  0.67970E+02  0.00000E+00  0.00000E+00  0.00000E+00  977778  0.00000E+00  0.22602E-02  0.11472E+01
      840.0000  0.15000E+03 -0.15004E+03  0.12598E+06 -0.10939E+06  0.00000E+00  0.00000E+00  0.30085E+02  0.53404E+02  0.67970E+02  0.00000E+00  0.00000E+00  0.00000E+00  989596  0.00000E+00  0.64373E-03  0.11610E+01
      850.0000  0.15000E+03 -0.15004E+03  0.12748E+06 -0.11089E+06  0.00000E+00  0.00000E+00  0.30080E+02  0.53405E+02  0.67970E+02  0.00000E+00  0.00000E+00  0.00000E+00    1427  0.00000E+00  0.00000E+00  0.11747E+01
      860.0000  0.15000E+03 -0.15004E+03  0.12898E+06 -0.11239E+06  0.00000E+00  0.00000E+00  0.30084E+02  0.53405E+02  0.67970E+02  0.00000E+00  0.00000E+00  0.00000E+00   13243  0.00000E+00  0.91553E-03  0.11886E+01
      870.0000  0.15000E+03 -0.15004E+03  0.13048E+06 -0.11389E+06  0.00000E+00  0.00000E+00  0.30081E+02  0.53405E+02  0.67970E+02  0.00000E+00  0.00000E+00  0.00000E+00   25053  0.00000E+00  0.00000E+00  0.12024E+01
      880.0000  0.15000E+03 -0.15004E+03  0.13198E+06 -0.11539E+06  0.00000E+00  0.00000E+00  0.30080E+02  0.53405E+02  0.67970E+02  0.00000E+00  0.00000E+00  0.00000E+00   36896  0.00000E+00  0.15306E-02  0.12161E+01
      890.0000  0.15000E+03 -0.15004E+03  0.13348E+06 -0.11689E+06  0.00000E+00  0.00000E+00  0.30082E+02  0.53405E+02  0.67970E+02  0.00000E+00  0.00000E+00  0.00000E+00   48726  0.00000E+00  0.15736E-02  0.12300E+01
      900.0000  0.15000E+03 -0.15004E+03  0.13498E+06 -0.11839E+06  0.00000E+00  0.00000E+00  0.30079E+02  0.53405E+02  0.67970E+02  0.00000E+00  0.00000E+00  0.00000E+00   60574  0.00000E+00  0.16737E-02  0.12439E+01
      910.0000  0.15000E+03 -0.15004E+03  0.13648E+06 -0.11989E+06  0.00000E+00  0.00000E+00  0.30088E+02  0.53405E+02  0.67970E+02  0.00000E+00  0.00000E+00  0.00000E+00   72381  0.00000E+00  0.80109E-03  0.12577E+01
      920.0000  0.15000E+03 -0.15004E+03  0.13798E+06 -0.12139E+06  0.00000E+00  0.00000E+00  0.30080E+02  0.53405E+02  0.67970E+02  0.00000E+00  0.00000E+00  0.00000E+00   84225  0.00000E+00  0.00000E+00  0.12717E+01
      930.0000  0.15000E+03 -0.15004E+03  0.13948E+06 -0.12289E+06  0.00000E+00  0.00000E+00  0.30082E+02  0.53405E+02  0.67970E+02  0.00000E+00  0.00000E+00  0.00000E+00   96046  0.00000E+00  0.47207E-03  0.12857E+01
      940.0000  0.15000E+03 -0.15004E+03  0.14099E+06 -0.12439E+06  0.00000E+00  0.00000E+00  0.30080E+02  0.53404E+02  0.67970E+02  0.00000E+00  0.00000E+00  0.00000E+00  107850  0.00000E+00  0.98705E-03  0.12994E+01
      950.0000  0.15000E+03 -0.15004E+03  0.14249E+06 -0.12589E+06  0.00000E+00  0.00000E+00  0.30080E+02  0.53404E+02  0.67970E+02  0.00000E+00  0.00000E+00  0.00000E+00  119647  0.00000E+00  0.10443E-02  0.13131E+01
      960.0000  0.15000E+03 -0.15004E+03  0.14399E+06 -0.12739E+06  0.00000E+00  0.00000E+00  0.30082E+02  0.53404E+02  0.67970E+02  0.00000E+00  0.00000E+00  0.00000E+00  131462  0.00000E+00  0.14019E-02  0.13271E+01
      970.0000  0.15000E+03 -0.15004E+03  0.14549E+06 -0.12889E+06  0.00000E+00  0.00000E+00  0.30082E+02  0.53405E+02  0.67970E+02  0.00000E+00  0.00000E+00  0.00000E+00  143263  0.00000E+00  0.18311E-02  0.13408E+01
      980.0000  0.15000E+03 -0.15004E+03  0.14699E+06 -0.13039E+06  0.00000E+00  0.00000E+00  0.30079E+02  0.53404E+02  0.67970E+02  0.00000E+00  0.00000E+00  0.00000E+00  155083  0.00000E+00  0.74387E-03  0.13546E+01
      990.0000  0.15000E+03 -0.15004E+03  0.14849E+06 -0.13189E+06  0.00000E+00  0.00000E+00  0.30080E+02  0.53404E+02  0.67970E+02  0.00000E+00  0.00000E+00  0.00000E+00  166894  0.00000E+00  0.00000E+00  0.13685E+01
     1000.0000  0.15000E+03 -0.15004E+03  0.14999E+06 -0.13340E+06  0.00000E+00  0.00000E+00  0.30081E+02  0.53405E+02  0.67970E+02  0.00000E+00  0.00000E+00  0.00000E+00  178719  0.00000E+00  0.82970E-03  0.13822E+01
end
