 ******* Program HYDRUS
 ******* 
 Welcome to HYDRUS-1D                                                    
 Date:  13. 3.    Time:  14:46:23
 Units: L = mm   , T = days , M = mmol 

----------------------------------------------------------
 Time       [T]        0.0000
----------------------------------------------------------
 Sub-region num.                     1
----------------------------------------------------------
 Length   [L]        0.10000E+04  0.10000E+04
 W-volume [L]        0.64709E+02  0.64709E+02
 In-flow  [L/T]      0.00000E+00  0.00000E+00
 h Mean   [L]       -0.10000E+04 -0.10000E+04
 ConcVol  [M/L2] 1   0.00000E+00  0.00000E+00
 cMean    [M/L3] 1   0.00000E+00  0.00000E+00
 Top Flux [L/T]     -0.29768E-05
 Bot Flux [L/T]     -0.29768E-05
----------------------------------------------------------

----------------------------------------------------------
 Time       [T]      200.0000
----------------------------------------------------------
 Sub-region num.                     1
----------------------------------------------------------
 Length   [L]        0.10000E+04  0.10000E+04
 W-volume [L]        0.13589E+03  0.13589E+03
 In-flow  [L/T]      0.00000E+00  0.00000E+00
 h Mean   [L]       -0.35893E+03 -0.35893E+03
 ConcVol  [M/L2] 1   0.66081E+04  0.66081E+04
 cMean    [M/L3] 1   0.48744E+02  0.48744E+02
 Top Flux [L/T]     -0.74658E+01
 Bot Flux [L/T]     -0.42362E+01
 WatBalT  [L]       -0.18661E-01
 WatBalR  [%]              0.001
 CncBalT  [M]    1   0.17764E+02
 CncBalR  [%]    1         0.021
----------------------------------------------------------

----------------------------------------------------------
 Time       [T]      400.0000
----------------------------------------------------------
 Sub-region num.                     1
----------------------------------------------------------
 Length   [L]        0.10000E+04  0.10000E+04
 W-volume [L]        0.13589E+03  0.13589E+03
 In-flow  [L/T]      0.00000E+00  0.00000E+00
 h Mean   [L]       -0.35893E+03 -0.35893E+03
 ConcVol  [M/L2] 1   0.66081E+04  0.66081E+04
 cMean    [M/L3] 1   0.48744E+02  0.48744E+02
 Top Flux [L/T]     -0.74658E+01
 Bot Flux [L/T]     -0.42362E+01
 WatBalT  [L]       -0.18661E-01
 WatBalR  [%]              0.000
 CncBalT  [M]    1   0.17763E+02
 CncBalR  [%]    1         0.010
----------------------------------------------------------

----------------------------------------------------------
 Time       [T]      600.0000
----------------------------------------------------------
 Sub-region num.                     1
----------------------------------------------------------
 Length   [L]        0.10000E+04  0.10000E+04
 W-volume [L]        0.13589E+03  0.13589E+03
 In-flow  [L/T]      0.00000E+00  0.00000E+00
 h Mean   [L]       -0.35893E+03 -0.35893E+03
 ConcVol  [M/L2] 1   0.66081E+04  0.66081E+04
 cMean    [M/L3] 1   0.48744E+02  0.48744E+02
 Top Flux [L/T]     -0.74658E+01
 Bot Flux [L/T]     -0.42362E+01
 WatBalT  [L]       -0.18661E-01
 WatBalR  [%]              0.000
 CncBalT  [M]    1   0.17763E+02
 CncBalR  [%]    1         0.007
----------------------------------------------------------

----------------------------------------------------------
 Time       [T]      800.0000
----------------------------------------------------------
 Sub-region num.                     1
----------------------------------------------------------
 Length   [L]        0.10000E+04  0.10000E+04
 W-volume [L]        0.13589E+03  0.13589E+03
 In-flow  [L/T]      0.00000E+00  0.00000E+00
 h Mean   [L]       -0.35893E+03 -0.35893E+03
 ConcVol  [M/L2] 1   0.66081E+04  0.66081E+04
 cMean    [M/L3] 1   0.48744E+02  0.48744E+02
 Top Flux [L/T]     -0.74658E+01
 Bot Flux [L/T]     -0.42362E+01
 WatBalT  [L]       -0.18661E-01
 WatBalR  [%]              0.000
 CncBalT  [M]    1   0.17763E+02
 CncBalR  [%]    1         0.005
----------------------------------------------------------

----------------------------------------------------------
 Time       [T]     1000.0000
----------------------------------------------------------
 Sub-region num.                     1
----------------------------------------------------------
 Length   [L]        0.10000E+04  0.10000E+04
 W-volume [L]        0.13589E+03  0.13589E+03
 In-flow  [L/T]      0.00000E+00  0.00000E+00
 h Mean   [L]       -0.35893E+03 -0.35893E+03
 ConcVol  [M/L2] 1   0.66081E+04  0.66081E+04
 cMean    [M/L3] 1   0.48744E+02  0.48744E+02
 Top Flux [L/T]     -0.74658E+01
 Bot Flux [L/T]     -0.42362E+01
 WatBalT  [L]       -0.18661E-01
 WatBalR  [%]              0.000
 CncBalT  [M]    1   0.17763E+02
 CncBalR  [%]    1         0.004
----------------------------------------------------------
 
 Calculation time [sec]   7.74000000953674     
