 ******* Program HYDRUS
 ******* 
 Welcome to HYDRUS-1D                                                    
 Date:  13. 3.    Time:  14:46:23
 Units: L = mm   , T = days , M = mmol 


    TLevel      Time           dt     ItrW ItrC    ItCum  KodT  KodB Converg  Peclet   Courant

      591  0.1000000E+02  0.20449E-01    2    1     2784    -4    -5     T     6.076     0.213
     1007  0.2000000E+02  0.27950E-01    2    1     4388    -4    -5     T     6.597     0.290
     1354  0.3000000E+02  0.20218E-01    2    1     5082    -4    -5     T     6.061     0.210
     1701  0.4000000E+02  0.19252E-01    2    1     5776    -4    -5     T     6.000     0.200
     2048  0.5000000E+02  0.19131E-01    2    1     6470    -4    -5     T     5.993     0.199
     2395  0.6000000E+02  0.19116E-01    2    1     7164    -4    -5     T     5.992     0.199
     2742  0.7000000E+02  0.19114E-01    2    1     7858    -4    -5     T     5.992     0.199
     3089  0.8000000E+02  0.19114E-01    2    1     8552    -4    -5     T     5.992     0.199
     3436  0.9000000E+02  0.19114E-01    2    1     9246    -4    -5     T     5.992     0.199
     3783  0.1000000E+03  0.19114E-01    2    1     9940    -4    -5     T     5.992     0.199
     4130  0.1100000E+03  0.19114E-01    2    1    10634    -4    -5     T     5.992     0.199
     4477  0.1200000E+03  0.19114E-01    2    1    11328    -4    -5     T     5.992     0.199
     4824  0.1300000E+03  0.19114E-01    2    1    12022    -4    -5     T     5.992     0.199
     5171  0.1400000E+03  0.19114E-01    2    1    12716    -4    -5     T     5.992     0.199
     5518  0.1500000E+03  0.19114E-01    2    1    13410    -4    -5     T     5.992     0.199
     5865  0.1600000E+03  0.19114E-01    2    1    14104    -4    -5     T     5.992     0.199
     6212  0.1700000E+03  0.19114E-01    2    1    14798    -4    -5     T     5.992     0.199
     6559  0.1800000E+03  0.19114E-01    2    1    15492    -4    -5     T     5.992     0.199
     6906  0.1900000E+03  0.19114E-01    2    1    16186    -4    -5     T     5.992     0.199
     7253  0.2000000E+03  0.19114E-01    2    1    16880    -4    -5     T     5.992     0.199
     7600  0.2100000E+03  0.19114E-01    2    1    17574    -4    -5     T     5.992     0.199
     7947  0.2200000E+03  0.19114E-01    2    1    18268    -4    -5     T     5.992     0.199
     8294  0.2300000E+03  0.19114E-01    2    1    18962    -4    -5     T     5.992     0.199
     8641  0.2400000E+03  0.19114E-01    2    1    19656    -4    -5     T     5.992     0.199
     8988  0.2500000E+03  0.19114E-01    2    1    20350    -4    -5     T     5.992     0.199
     9335  0.2600000E+03  0.19114E-01    2    1    21044    -4    -5     T     5.992     0.199
     9682  0.2700000E+03  0.19114E-01    2    1    21738    -4    -5     T     5.992     0.199
    10029  0.2800000E+03  0.19114E-01    2    1    22432    -4    -5     T     5.992     0.199
    10376  0.2900000E+03  0.19114E-01    2    1    23126    -4    -5     T     5.992     0.199
    10723  0.3000000E+03  0.19114E-01    2    1    23820    -4    -5     T     5.992     0.199
    11070  0.3100000E+03  0.19114E-01    2    1    24514    -4    -5     T     5.992     0.199
    11417  0.3200000E+03  0.19114E-01    2    1    25208    -4    -5     T     5.992     0.199
    11764  0.3300000E+03  0.19114E-01    2    1    25902    -4    -5     T     5.992     0.199
    12111  0.3400000E+03  0.19114E-01    2    1    26596    -4    -5     T     5.992     0.199
    12458  0.3500000E+03  0.19114E-01    2    1    27290    -4    -5     T     5.992     0.199
    12805  0.3600000E+03  0.19114E-01    2    1    27984    -4    -5     T     5.992     0.199
    13152  0.3700000E+03  0.19114E-01    2    1    28678    -4    -5     T     5.992     0.199
    13499  0.3800000E+03  0.19114E-01    2    1    29372    -4    -5     T     5.992     0.199
    13846  0.3900000E+03  0.19114E-01    2    1    30066    -4    -5     T     5.992     0.199
    14193  0.4000000E+03  0.19114E-01    2    1    30760    -4    -5     T     5.992     0.199
    14540  0.4100000E+03  0.19114E-01    2    1    31454    -4    -5     T     5.992     0.199
    14887  0.4200000E+03  0.19114E-01    2    1    32148    -4    -5     T     5.992     0.199
    15234  0.4300000E+03  0.19114E-01    2    1    32842    -4    -5     T     5.992     0.199
    15581  0.4400000E+03  0.19114E-01    2    1    33536    -4    -5     T     5.992     0.199
    15928  0.4500000E+03  0.19114E-01    2    1    34230    -4    -5     T     5.992     0.199
    16275  0.4600000E+03  0.19114E-01    2    1    34924    -4    -5     T     5.992     0.199
    16622  0.4700000E+03  0.19114E-01    2    1    35618    -4    -5     T     5.992     0.199
    16969  0.4800000E+03  0.19114E-01    2    1    36312    -4    -5     T     5.992     0.199
    17316  0.4900000E+03  0.19114E-01    2    1    37006    -4    -5     T     5.992     0.199
    17663  0.5000000E+03  0.19114E-01    2    1    37700    -4    -5     T     5.992     0.199
    18010  0.5100000E+03  0.19114E-01    2    1    38394    -4    -5     T     5.992     0.199
    18357  0.5200000E+03  0.19114E-01    2    1    39088    -4    -5     T     5.992     0.199
    18704  0.5300000E+03  0.19114E-01    2    1    39782    -4    -5     T     5.992     0.199
    19051  0.5400000E+03  0.19114E-01    2    1    40476    -4    -5     T     5.992     0.199
    19398  0.5500000E+03  0.19114E-01    2    1    41170    -4    -5     T     5.992     0.199
    19745  0.5600000E+03  0.19114E-01    2    1    41864    -4    -5     T     5.992     0.199
    20092  0.5700000E+03  0.19114E-01    2    1    42558    -4    -5     T     5.992     0.199
    20439  0.5800000E+03  0.19114E-01    2    1    43252    -4    -5     T     5.992     0.199
    20786  0.5900000E+03  0.19114E-01    2    1    43946    -4    -5     T     5.992     0.199
    21133  0.6000000E+03  0.19114E-01    2    1    44640    -4    -5     T     5.992     0.199
    21480  0.6100000E+03  0.19114E-01    2    1    45334    -4    -5     T     5.992     0.199
    21827  0.6200000E+03  0.19114E-01    2    1    46028    -4    -5     T     5.992     0.199
    22174  0.6300000E+03  0.19114E-01    2    1    46722    -4    -5     T     5.992     0.199
    22521  0.6400000E+03  0.19114E-01    2    1    47416    -4    -5     T     5.992     0.199
    22868  0.6500000E+03  0.19114E-01    2    1    48110    -4    -5     T     5.992     0.199
    23215  0.6600000E+03  0.19114E-01    2    1    48804    -4    -5     T     5.992     0.199
    23562  0.6700000E+03  0.19114E-01    2    1    49498    -4    -5     T     5.992     0.199
    23909  0.6800000E+03  0.19114E-01    2    1    50192    -4    -5     T     5.992     0.199
    24256  0.6900000E+03  0.19114E-01    2    1    50886    -4    -5     T     5.992     0.199
    24603  0.7000000E+03  0.19114E-01    2    1    51580    -4    -5     T     5.992     0.199
    24950  0.7100000E+03  0.19114E-01    2    1    52274    -4    -5     T     5.992     0.199
    25297  0.7200000E+03  0.19114E-01    2    1    52968    -4    -5     T     5.992     0.199
    25644  0.7300000E+03  0.19114E-01    2    1    53662    -4    -5     T     5.992     0.199
    25991  0.7400000E+03  0.19114E-01    2    1    54356    -4    -5     T     5.992     0.199
    26338  0.7500000E+03  0.19114E-01    2    1    55050    -4    -5     T     5.992     0.199
    26685  0.7600000E+03  0.19114E-01    2    1    55744    -4    -5     T     5.992     0.199
    27032  0.7700000E+03  0.19114E-01    2    1    56438    -4    -5     T     5.992     0.199
    27379  0.7800000E+03  0.19114E-01    2    1    57132    -4    -5     T     5.992     0.199
    27726  0.7900000E+03  0.19114E-01    2    1    57826    -4    -5     T     5.992     0.199
    28073  0.8000000E+03  0.19114E-01    2    1    58520    -4    -5     T     5.992     0.199
    28420  0.8100000E+03  0.19114E-01    2    1    59214    -4    -5     T     5.992     0.199
    28767  0.8200000E+03  0.19114E-01    2    1    59908    -4    -5     T     5.992     0.199
    29114  0.8300000E+03  0.19114E-01    2    1    60602    -4    -5     T     5.992     0.199
    29461  0.8400000E+03  0.19114E-01    2    1    61296    -4    -5     T     5.992     0.199
    29808  0.8500000E+03  0.19114E-01    2    1    61990    -4    -5     T     5.992     0.199
    30155  0.8600000E+03  0.19114E-01    2    1    62684    -4    -5     T     5.992     0.199
    30502  0.8700000E+03  0.19114E-01    2    1    63378    -4    -5     T     5.992     0.199
    30849  0.8800000E+03  0.19114E-01    2    1    64072    -4    -5     T     5.992     0.199
    31196  0.8900000E+03  0.19114E-01    2    1    64766    -4    -5     T     5.992     0.199
    31543  0.9000000E+03  0.19114E-01    2    1    65460    -4    -5     T     5.992     0.199
    31890  0.9100000E+03  0.19114E-01    2    1    66154    -4    -5     T     5.992     0.199
    32237  0.9200000E+03  0.19114E-01    2    1    66848    -4    -5     T     5.992     0.199
    32584  0.9300000E+03  0.19114E-01    2    1    67542    -4    -5     T     5.992     0.199
    32931  0.9400000E+03  0.19114E-01    2    1    68236    -4    -5     T     5.992     0.199
    33278  0.9500000E+03  0.19114E-01    2    1    68930    -4    -5     T     5.992     0.199
    33625  0.9600000E+03  0.19114E-01    2    1    69624    -4    -5     T     5.992     0.199
    33972  0.9700000E+03  0.19114E-01    2    1    70318    -4    -5     T     5.992     0.199
    34319  0.9800000E+03  0.19114E-01    2    1    71012    -4    -5     T     5.992     0.199
    34666  0.9900000E+03  0.19114E-01    2    1    71706    -4    -5     T     5.992     0.199
    35013  0.1000000E+04  0.19114E-01    2    1    72400    -4    -5     T     5.992     0.199
end
