 All solute fluxes and cumulative solute fluxes are positive into the region

       Time         cvTop        cvBot      Sum(cvTop)   Sum(cvBot)     cvCh0        cvCh1         cTop        cRoot         cBot        cvRoot    Sum(cvRoot)  Sum(cvNEql) TLevel      cGWL        cRunOff   Sum(cRunOff)    (cv(i),    Sum(cv(i)), i=1,NObs)
        [T]        [M/L2/T]     [M/L2/T]      [M/L2]       [M/L2]       [M/L2]      [M/L2]        [M/L3]      [M/L3]        [M/L3]      [M/L2/T]      [M/L2]       [M/L2]              [M/L3]        [M/L2]      [M/L3]      [M/L2/T]      [M/L2]
       10.0000  0.22500E+03  0.00000E+00  0.22500E+04  0.00000E+00  0.00000E+00  0.00000E+00  0.30054E+02  0.32801E+02  0.00000E+00  0.00000E+00  0.00000E+00  0.00000E+00     591  0.00000E+00  0.34332E-03  0.47224E-02
       20.0000  0.22500E+03 -0.94216E-10  0.45000E+04 -0.16826E-10  0.00000E+00  0.00000E+00  0.30054E+02  0.44330E+02  0.24085E-10  0.00000E+00  0.00000E+00  0.00000E+00    1007  0.00000E+00  0.34332E-03  0.81556E-02
       30.0000  0.22500E+03 -0.15809E+03  0.67500E+04 -0.20981E+03  0.00000E+00  0.00000E+00  0.30054E+02  0.44330E+02  0.37469E+02  0.00000E+00  0.00000E+00  0.00000E+00    1354  0.00000E+00  0.34332E-03  0.11589E-01
       40.0000  0.22500E+03 -0.22500E+03  0.89999E+04 -0.24097E+04  0.00000E+00  0.00000E+00  0.30054E+02  0.44330E+02  0.53114E+02  0.00000E+00  0.00000E+00  0.00000E+00    1701  0.00000E+00  0.34332E-03  0.15022E-01
       50.0000  0.22500E+03 -0.22500E+03  0.11250E+05 -0.46596E+04  0.00000E+00  0.00000E+00  0.30054E+02  0.44330E+02  0.53114E+02  0.00000E+00  0.00000E+00  0.00000E+00    2048  0.00000E+00  0.34332E-03  0.18456E-01
       60.0000  0.22500E+03 -0.22500E+03  0.13500E+05 -0.69096E+04  0.00000E+00  0.00000E+00  0.30054E+02  0.44330E+02  0.53114E+02  0.00000E+00  0.00000E+00  0.00000E+00    2395  0.00000E+00  0.34332E-03  0.21889E-01
       70.0000  0.22500E+03 -0.22500E+03  0.15750E+05 -0.91596E+04  0.00000E+00  0.00000E+00  0.30054E+02  0.44330E+02  0.53114E+02  0.00000E+00  0.00000E+00  0.00000E+00    2742  0.00000E+00  0.34332E-03  0.25322E-01
       80.0000  0.22500E+03 -0.22500E+03  0.18000E+05 -0.11410E+05  0.00000E+00  0.00000E+00  0.30054E+02  0.44330E+02  0.53114E+02  0.00000E+00  0.00000E+00  0.00000E+00    3089  0.00000E+00  0.34332E-03  0.28755E-01
       90.0000  0.22500E+03 -0.22500E+03  0.20250E+05 -0.13660E+05  0.00000E+00  0.00000E+00  0.30054E+02  0.44330E+02  0.53114E+02  0.00000E+00  0.00000E+00  0.00000E+00    3436  0.00000E+00  0.34332E-03  0.32189E-01
      100.0000  0.22500E+03 -0.22500E+03  0.22501E+05 -0.15909E+05  0.00000E+00  0.00000E+00  0.30054E+02  0.44330E+02  0.53114E+02  0.00000E+00  0.00000E+00  0.00000E+00    3783  0.00000E+00  0.34332E-03  0.35621E-01
      110.0000  0.22500E+03 -0.22500E+03  0.24751E+05 -0.18160E+05  0.00000E+00  0.00000E+00  0.30054E+02  0.44330E+02  0.53114E+02  0.00000E+00  0.00000E+00  0.00000E+00    4130  0.00000E+00  0.34332E-03  0.39054E-01
      120.0000  0.22500E+03 -0.22500E+03  0.27001E+05 -0.20410E+05  0.00000E+00  0.00000E+00  0.30054E+02  0.44330E+02  0.53114E+02  0.00000E+00  0.00000E+00  0.00000E+00    4477  0.00000E+00  0.34332E-03  0.42487E-01
      130.0000  0.22500E+03 -0.22500E+03  0.29252E+05 -0.22660E+05  0.00000E+00  0.00000E+00  0.30054E+02  0.44330E+02  0.53114E+02  0.00000E+00  0.00000E+00  0.00000E+00    4824  0.00000E+00  0.34332E-03  0.45919E-01
      140.0000  0.22500E+03 -0.22500E+03  0.31502E+05 -0.24911E+05  0.00000E+00  0.00000E+00  0.30054E+02  0.44330E+02  0.53114E+02  0.00000E+00  0.00000E+00  0.00000E+00    5171  0.00000E+00  0.34332E-03  0.49352E-01
      150.0000  0.22500E+03 -0.22500E+03  0.33752E+05 -0.27161E+05  0.00000E+00  0.00000E+00  0.30054E+02  0.44330E+02  0.53114E+02  0.00000E+00  0.00000E+00  0.00000E+00    5518  0.00000E+00  0.34332E-03  0.52785E-01
      160.0000  0.22500E+03 -0.22500E+03  0.36002E+05 -0.29411E+05  0.00000E+00  0.00000E+00  0.30054E+02  0.44330E+02  0.53114E+02  0.00000E+00  0.00000E+00  0.00000E+00    5865  0.00000E+00  0.34332E-03  0.56217E-01
      170.0000  0.22500E+03 -0.22500E+03  0.38253E+05 -0.31661E+05  0.00000E+00  0.00000E+00  0.30054E+02  0.44330E+02  0.53114E+02  0.00000E+00  0.00000E+00  0.00000E+00    6212  0.00000E+00  0.34332E-03  0.59650E-01
      180.0000  0.22500E+03 -0.22500E+03  0.40503E+05 -0.33912E+05  0.00000E+00  0.00000E+00  0.30054E+02  0.44330E+02  0.53114E+02  0.00000E+00  0.00000E+00  0.00000E+00    6559  0.00000E+00  0.34332E-03  0.63083E-01
      190.0000  0.22500E+03 -0.22500E+03  0.42753E+05 -0.36162E+05  0.00000E+00  0.00000E+00  0.30054E+02  0.44330E+02  0.53114E+02  0.00000E+00  0.00000E+00  0.00000E+00    6906  0.00000E+00  0.34332E-03  0.66515E-01
      200.0000  0.22500E+03 -0.22500E+03  0.45004E+05 -0.38412E+05  0.00000E+00  0.00000E+00  0.30054E+02  0.44330E+02  0.53114E+02  0.00000E+00  0.00000E+00  0.00000E+00    7253  0.00000E+00  0.34332E-03  0.69948E-01
      210.0000  0.22500E+03 -0.22500E+03  0.47254E+05 -0.40663E+05  0.00000E+00  0.00000E+00  0.30054E+02  0.44330E+02  0.53114E+02  0.00000E+00  0.00000E+00  0.00000E+00    7600  0.00000E+00  0.34332E-03  0.73381E-01
      220.0000  0.22500E+03 -0.22500E+03  0.49504E+05 -0.42913E+05  0.00000E+00  0.00000E+00  0.30054E+02  0.44330E+02  0.53114E+02  0.00000E+00  0.00000E+00  0.00000E+00    7947  0.00000E+00  0.34332E-03  0.76813E-01
      230.0000  0.22500E+03 -0.22500E+03  0.51754E+05 -0.45163E+05  0.00000E+00  0.00000E+00  0.30054E+02  0.44330E+02  0.53114E+02  0.00000E+00  0.00000E+00  0.00000E+00    8294  0.00000E+00  0.34332E-03  0.80246E-01
      240.0000  0.22500E+03 -0.22500E+03  0.54005E+05 -0.47414E+05  0.00000E+00  0.00000E+00  0.30054E+02  0.44330E+02  0.53114E+02  0.00000E+00  0.00000E+00  0.00000E+00    8641  0.00000E+00  0.34332E-03  0.83679E-01
      250.0000  0.22500E+03 -0.22500E+03  0.56255E+05 -0.49664E+05  0.00000E+00  0.00000E+00  0.30054E+02  0.44330E+02  0.53114E+02  0.00000E+00  0.00000E+00  0.00000E+00    8988  0.00000E+00  0.34332E-03  0.87111E-01
      260.0000  0.22500E+03 -0.22500E+03  0.58505E+05 -0.51914E+05  0.00000E+00  0.00000E+00  0.30054E+02  0.44330E+02  0.53114E+02  0.00000E+00  0.00000E+00  0.00000E+00    9335  0.00000E+00  0.34332E-03  0.90544E-01
      270.0000  0.22500E+03 -0.22500E+03  0.60756E+05 -0.54164E+05  0.00000E+00  0.00000E+00  0.30054E+02  0.44330E+02  0.53114E+02  0.00000E+00  0.00000E+00  0.00000E+00    9682  0.00000E+00  0.34332E-03  0.93977E-01
      280.0000  0.22500E+03 -0.22500E+03  0.63006E+05 -0.56415E+05  0.00000E+00  0.00000E+00  0.30054E+02  0.44330E+02  0.53114E+02  0.00000E+00  0.00000E+00  0.00000E+00   10029  0.00000E+00  0.34332E-03  0.97409E-01
      290.0000  0.22500E+03 -0.22500E+03  0.65256E+05 -0.58665E+05  0.00000E+00  0.00000E+00  0.30054E+02  0.44330E+02  0.53114E+02  0.00000E+00  0.00000E+00  0.00000E+00   10376  0.00000E+00  0.34332E-03  0.10084E+00
      300.0000  0.22500E+03 -0.22500E+03  0.67505E+05 -0.60915E+05  0.00000E+00  0.00000E+00  0.30054E+02  0.44330E+02  0.53114E+02  0.00000E+00  0.00000E+00  0.00000E+00   10723  0.00000E+00  0.34332E-03  0.10427E+00
      310.0000  0.22500E+03 -0.22500E+03  0.69754E+05 -0.63166E+05  0.00000E+00  0.00000E+00  0.30054E+02  0.44330E+02  0.53114E+02  0.00000E+00  0.00000E+00  0.00000E+00   11070  0.00000E+00  0.34332E-03  0.10771E+00
      320.0000  0.22500E+03 -0.22500E+03  0.72003E+05 -0.65416E+05  0.00000E+00  0.00000E+00  0.30054E+02  0.44330E+02  0.53114E+02  0.00000E+00  0.00000E+00  0.00000E+00   11417  0.00000E+00  0.34332E-03  0.11114E+00
      330.0000  0.22500E+03 -0.22500E+03  0.74252E+05 -0.67665E+05  0.00000E+00  0.00000E+00  0.30054E+02  0.44330E+02  0.53114E+02  0.00000E+00  0.00000E+00  0.00000E+00   11764  0.00000E+00  0.34332E-03  0.11457E+00
      340.0000  0.22500E+03 -0.22500E+03  0.76501E+05 -0.69914E+05  0.00000E+00  0.00000E+00  0.30054E+02  0.44330E+02  0.53114E+02  0.00000E+00  0.00000E+00  0.00000E+00   12111  0.00000E+00  0.34332E-03  0.11801E+00
      350.0000  0.22500E+03 -0.22500E+03  0.78750E+05 -0.72163E+05  0.00000E+00  0.00000E+00  0.30054E+02  0.44330E+02  0.53114E+02  0.00000E+00  0.00000E+00  0.00000E+00   12458  0.00000E+00  0.34332E-03  0.12144E+00
      360.0000  0.22500E+03 -0.22500E+03  0.80999E+05 -0.74412E+05  0.00000E+00  0.00000E+00  0.30054E+02  0.44330E+02  0.53114E+02  0.00000E+00  0.00000E+00  0.00000E+00   12805  0.00000E+00  0.34332E-03  0.12487E+00
      370.0000  0.22500E+03 -0.22500E+03  0.83248E+05 -0.76661E+05  0.00000E+00  0.00000E+00  0.30054E+02  0.44330E+02  0.53114E+02  0.00000E+00  0.00000E+00  0.00000E+00   13152  0.00000E+00  0.34332E-03  0.12830E+00
      380.0000  0.22500E+03 -0.22500E+03  0.85497E+05 -0.78910E+05  0.00000E+00  0.00000E+00  0.30054E+02  0.44330E+02  0.53114E+02  0.00000E+00  0.00000E+00  0.00000E+00   13499  0.00000E+00  0.34332E-03  0.13174E+00
      390.0000  0.22500E+03 -0.22500E+03  0.87746E+05 -0.81159E+05  0.00000E+00  0.00000E+00  0.30054E+02  0.44330E+02  0.53114E+02  0.00000E+00  0.00000E+00  0.00000E+00   13846  0.00000E+00  0.34332E-03  0.13517E+00
      400.0000  0.22500E+03 -0.22500E+03  0.89995E+05 -0.83408E+05  0.00000E+00  0.00000E+00  0.30054E+02  0.44330E+02  0.53114E+02  0.00000E+00  0.00000E+00  0.00000E+00   14193  0.00000E+00  0.34332E-03  0.13860E+00
      410.0000  0.22500E+03 -0.22500E+03  0.92244E+05 -0.85657E+05  0.00000E+00  0.00000E+00  0.30054E+02  0.44330E+02  0.53114E+02  0.00000E+00  0.00000E+00  0.00000E+00   14540  0.00000E+00  0.34332E-03  0.14203E+00
      420.0000  0.22500E+03 -0.22500E+03  0.94493E+05 -0.87906E+05  0.00000E+00  0.00000E+00  0.30054E+02  0.44330E+02  0.53114E+02  0.00000E+00  0.00000E+00  0.00000E+00   14887  0.00000E+00  0.34332E-03  0.14547E+00
      430.0000  0.22500E+03 -0.22500E+03  0.96742E+05 -0.90155E+05  0.00000E+00  0.00000E+00  0.30054E+02  0.44330E+02  0.53114E+02  0.00000E+00  0.00000E+00  0.00000E+00   15234  0.00000E+00  0.34332E-03  0.14890E+00
      440.0000  0.22500E+03 -0.22500E+03  0.98991E+05 -0.92404E+05  0.00000E+00  0.00000E+00  0.30054E+02  0.44330E+02  0.53114E+02  0.00000E+00  0.00000E+00  0.00000E+00   15581  0.00000E+00  0.34332E-03  0.15233E+00
      450.0000  0.22500E+03 -0.22500E+03  0.10124E+06 -0.94653E+05  0.00000E+00  0.00000E+00  0.30054E+02  0.44330E+02  0.53114E+02  0.00000E+00  0.00000E+00  0.00000E+00   15928  0.00000E+00  0.34332E-03  0.15576E+00
      460.0000  0.22500E+03 -0.22500E+03  0.10349E+06 -0.96902E+05  0.00000E+00  0.00000E+00  0.30054E+02  0.44330E+02  0.53114E+02  0.00000E+00  0.00000E+00  0.00000E+00   16275  0.00000E+00  0.34332E-03  0.15920E+00
      470.0000  0.22500E+03 -0.22500E+03  0.10574E+06 -0.99151E+05  0.00000E+00  0.00000E+00  0.30054E+02  0.44330E+02  0.53114E+02  0.00000E+00  0.00000E+00  0.00000E+00   16622  0.00000E+00  0.34332E-03  0.16263E+00
      480.0000  0.22500E+03 -0.22500E+03  0.10799E+06 -0.10140E+06  0.00000E+00  0.00000E+00  0.30054E+02  0.44330E+02  0.53114E+02  0.00000E+00  0.00000E+00  0.00000E+00   16969  0.00000E+00  0.34332E-03  0.16606E+00
      490.0000  0.22500E+03 -0.22500E+03  0.11024E+06 -0.10365E+06  0.00000E+00  0.00000E+00  0.30054E+02  0.44330E+02  0.53114E+02  0.00000E+00  0.00000E+00  0.00000E+00   17316  0.00000E+00  0.34332E-03  0.16950E+00
      500.0000  0.22500E+03 -0.22500E+03  0.11248E+06 -0.10590E+06  0.00000E+00  0.00000E+00  0.30054E+02  0.44330E+02  0.53114E+02  0.00000E+00  0.00000E+00  0.00000E+00   17663  0.00000E+00  0.34332E-03  0.17293E+00
      510.0000  0.22500E+03 -0.22500E+03  0.11473E+06 -0.10815E+06  0.00000E+00  0.00000E+00  0.30054E+02  0.44330E+02  0.53114E+02  0.00000E+00  0.00000E+00  0.00000E+00   18010  0.00000E+00  0.34332E-03  0.17636E+00
      520.0000  0.22500E+03 -0.22500E+03  0.11698E+06 -0.11040E+06  0.00000E+00  0.00000E+00  0.30054E+02  0.44330E+02  0.53114E+02  0.00000E+00  0.00000E+00  0.00000E+00   18357  0.00000E+00  0.34332E-03  0.17979E+00
      530.0000  0.22500E+03 -0.22500E+03  0.11923E+06 -0.11264E+06  0.00000E+00  0.00000E+00  0.30054E+02  0.44330E+02  0.53114E+02  0.00000E+00  0.00000E+00  0.00000E+00   18704  0.00000E+00  0.34332E-03  0.18323E+00
      540.0000  0.22500E+03 -0.22500E+03  0.12148E+06 -0.11489E+06  0.00000E+00  0.00000E+00  0.30054E+02  0.44330E+02  0.53114E+02  0.00000E+00  0.00000E+00  0.00000E+00   19051  0.00000E+00  0.34332E-03  0.18666E+00
      550.0000  0.22500E+03 -0.22500E+03  0.12373E+06 -0.11714E+06  0.00000E+00  0.00000E+00  0.30054E+02  0.44330E+02  0.53114E+02  0.00000E+00  0.00000E+00  0.00000E+00   19398  0.00000E+00  0.34332E-03  0.19009E+00
      560.0000  0.22500E+03 -0.22500E+03  0.12598E+06 -0.11939E+06  0.00000E+00  0.00000E+00  0.30054E+02  0.44330E+02  0.53114E+02  0.00000E+00  0.00000E+00  0.00000E+00   19745  0.00000E+00  0.34332E-03  0.19352E+00
      570.0000  0.22500E+03 -0.22500E+03  0.12823E+06 -0.12164E+06  0.00000E+00  0.00000E+00  0.30054E+02  0.44330E+02  0.53114E+02  0.00000E+00  0.00000E+00  0.00000E+00   20092  0.00000E+00  0.34332E-03  0.19696E+00
      580.0000  0.22500E+03 -0.22500E+03  0.13048E+06 -0.12389E+06  0.00000E+00  0.00000E+00  0.30054E+02  0.44330E+02  0.53114E+02  0.00000E+00  0.00000E+00  0.00000E+00   20439  0.00000E+00  0.34332E-03  0.20039E+00
      590.0000  0.22500E+03 -0.22500E+03  0.13273E+06 -0.12614E+06  0.00000E+00  0.00000E+00  0.30054E+02  0.44330E+02  0.53114E+02  0.00000E+00  0.00000E+00  0.00000E+00   20786  0.00000E+00  0.34332E-03  0.20382E+00
      600.0000  0.22500E+03 -0.22500E+03  0.13498E+06 -0.12839E+06  0.00000E+00  0.00000E+00  0.30054E+02  0.44330E+02  0.53114E+02  0.00000E+00  0.00000E+00  0.00000E+00   21133  0.00000E+00  0.34332E-03  0.20725E+00
      610.0000  0.22500E+03 -0.22500E+03  0.13723E+06 -0.13064E+06  0.00000E+00  0.00000E+00  0.30054E+02  0.44330E+02  0.53114E+02  0.00000E+00  0.00000E+00  0.00000E+00   21480  0.00000E+00  0.34332E-03  0.21069E+00
      620.0000  0.22500E+03 -0.22500E+03  0.13948E+06 -0.13289E+06  0.00000E+00  0.00000E+00  0.30054E+02  0.44330E+02  0.53114E+02  0.00000E+00  0.00000E+00  0.00000E+00   21827  0.00000E+00  0.34332E-03  0.21412E+00
      630.0000  0.22500E+03 -0.22500E+03  0.14173E+06 -0.13514E+06  0.00000E+00  0.00000E+00  0.30054E+02  0.44330E+02  0.53114E+02  0.00000E+00  0.00000E+00  0.00000E+00   22174  0.00000E+00  0.34332E-03  0.21755E+00
      640.0000  0.22500E+03 -0.22500E+03  0.14399E+06 -0.13739E+06  0.00000E+00  0.00000E+00  0.30054E+02  0.44330E+02  0.53114E+02  0.00000E+00  0.00000E+00  0.00000E+00   22521  0.00000E+00  0.34332E-03  0.22098E+00
      650.0000  0.22500E+03 -0.22500E+03  0.14624E+06 -0.13964E+06  0.00000E+00  0.00000E+00  0.30054E+02  0.44330E+02  0.53114E+02  0.00000E+00  0.00000E+00  0.00000E+00   22868  0.00000E+00  0.34332E-03  0.22442E+00
      660.0000  0.22500E+03 -0.22500E+03  0.14849E+06 -0.14189E+06  0.00000E+00  0.00000E+00  0.30054E+02  0.44330E+02  0.53114E+02  0.00000E+00  0.00000E+00  0.00000E+00   23215  0.00000E+00  0.34332E-03  0.22785E+00
      670.0000  0.22500E+03 -0.22500E+03  0.15074E+06 -0.14415E+06  0.00000E+00  0.00000E+00  0.30054E+02  0.44330E+02  0.53114E+02  0.00000E+00  0.00000E+00  0.00000E+00   23562  0.00000E+00  0.34332E-03  0.23128E+00
      680.0000  0.22500E+03 -0.22500E+03  0.15299E+06 -0.14640E+06  0.00000E+00  0.00000E+00  0.30054E+02  0.44330E+02  0.53114E+02  0.00000E+00  0.00000E+00  0.00000E+00   23909  0.00000E+00  0.34332E-03  0.23472E+00
      690.0000  0.22500E+03 -0.22500E+03  0.15524E+06 -0.14865E+06  0.00000E+00  0.00000E+00  0.30054E+02  0.44330E+02  0.53114E+02  0.00000E+00  0.00000E+00  0.00000E+00   24256  0.00000E+00  0.34332E-03  0.23815E+00
      700.0000  0.22500E+03 -0.22500E+03  0.15750E+06 -0.15090E+06  0.00000E+00  0.00000E+00  0.30054E+02  0.44330E+02  0.53114E+02  0.00000E+00  0.00000E+00  0.00000E+00   24603  0.00000E+00  0.34332E-03  0.24158E+00
      710.0000  0.22500E+03 -0.22500E+03  0.15975E+06 -0.15315E+06  0.00000E+00  0.00000E+00  0.30054E+02  0.44330E+02  0.53114E+02  0.00000E+00  0.00000E+00  0.00000E+00   24950  0.00000E+00  0.34332E-03  0.24501E+00
      720.0000  0.22500E+03 -0.22500E+03  0.16200E+06 -0.15540E+06  0.00000E+00  0.00000E+00  0.30054E+02  0.44330E+02  0.53114E+02  0.00000E+00  0.00000E+00  0.00000E+00   25297  0.00000E+00  0.34332E-03  0.24845E+00
      730.0000  0.22500E+03 -0.22500E+03  0.16425E+06 -0.15766E+06  0.00000E+00  0.00000E+00  0.30054E+02  0.44330E+02  0.53114E+02  0.00000E+00  0.00000E+00  0.00000E+00   25644  0.00000E+00  0.34332E-03  0.25188E+00
      740.0000  0.22500E+03 -0.22500E+03  0.16650E+06 -0.15991E+06  0.00000E+00  0.00000E+00  0.30054E+02  0.44330E+02  0.53114E+02  0.00000E+00  0.00000E+00  0.00000E+00   25991  0.00000E+00  0.34332E-03  0.25532E+00
      750.0000  0.22500E+03 -0.22500E+03  0.16875E+06 -0.16216E+06  0.00000E+00  0.00000E+00  0.30054E+02  0.44330E+02  0.53114E+02  0.00000E+00  0.00000E+00  0.00000E+00   26338  0.00000E+00  0.34332E-03  0.25876E+00
      760.0000  0.22500E+03 -0.22500E+03  0.17101E+06 -0.16441E+06  0.00000E+00  0.00000E+00  0.30054E+02  0.44330E+02  0.53114E+02  0.00000E+00  0.00000E+00  0.00000E+00   26685  0.00000E+00  0.34332E-03  0.26219E+00
      770.0000  0.22500E+03 -0.22500E+03  0.17326E+06 -0.16666E+06  0.00000E+00  0.00000E+00  0.30054E+02  0.44330E+02  0.53114E+02  0.00000E+00  0.00000E+00  0.00000E+00   27032  0.00000E+00  0.34332E-03  0.26563E+00
      780.0000  0.22500E+03 -0.22500E+03  0.17551E+06 -0.16891E+06  0.00000E+00  0.00000E+00  0.30054E+02  0.44330E+02  0.53114E+02  0.00000E+00  0.00000E+00  0.00000E+00   27379  0.00000E+00  0.34332E-03  0.26907E+00
      790.0000  0.22500E+03 -0.22500E+03  0.17776E+06 -0.17117E+06  0.00000E+00  0.00000E+00  0.30054E+02  0.44330E+02  0.53114E+02  0.00000E+00  0.00000E+00  0.00000E+00   27726  0.00000E+00  0.34332E-03  0.27251E+00
      800.0000  0.22500E+03 -0.22500E+03  0.18001E+06 -0.17342E+06  0.00000E+00  0.00000E+00  0.30054E+02  0.44330E+02  0.53114E+02  0.00000E+00  0.00000E+00  0.00000E+00   28073  0.00000E+00  0.34332E-03  0.27595E+00
      810.0000  0.22500E+03 -0.22500E+03  0.18226E+06 -0.17567E+06  0.00000E+00  0.00000E+00  0.30054E+02  0.44330E+02  0.53114E+02  0.00000E+00  0.00000E+00  0.00000E+00   28420  0.00000E+00  0.34332E-03  0.27938E+00
      820.0000  0.22500E+03 -0.22500E+03  0.18452E+06 -0.17792E+06  0.00000E+00  0.00000E+00  0.30054E+02  0.44330E+02  0.53114E+02  0.00000E+00  0.00000E+00  0.00000E+00   28767  0.00000E+00  0.34332E-03  0.28282E+00
      830.0000  0.22500E+03 -0.22500E+03  0.18677E+06 -0.18017E+06  0.00000E+00  0.00000E+00  0.30054E+02  0.44330E+02  0.53114E+02  0.00000E+00  0.00000E+00  0.00000E+00   29114  0.00000E+00  0.34332E-03  0.28626E+00
      840.0000  0.22500E+03 -0.22500E+03  0.18902E+06 -0.18242E+06  0.00000E+00  0.00000E+00  0.30054E+02  0.44330E+02  0.53114E+02  0.00000E+00  0.00000E+00  0.00000E+00   29461  0.00000E+00  0.34332E-03  0.28970E+00
      850.0000  0.22500E+03 -0.22500E+03  0.19127E+06 -0.18467E+06  0.00000E+00  0.00000E+00  0.30054E+02  0.44330E+02  0.53114E+02  0.00000E+00  0.00000E+00  0.00000E+00   29808  0.00000E+00  0.34332E-03  0.29313E+00
      860.0000  0.22500E+03 -0.22500E+03  0.19352E+06 -0.18693E+06  0.00000E+00  0.00000E+00  0.30054E+02  0.44330E+02  0.53114E+02  0.00000E+00  0.00000E+00  0.00000E+00   30155  0.00000E+00  0.34332E-03  0.29657E+00
      870.0000  0.22500E+03 -0.22500E+03  0.19577E+06 -0.18918E+06  0.00000E+00  0.00000E+00  0.30054E+02  0.44330E+02  0.53114E+02  0.00000E+00  0.00000E+00  0.00000E+00   30502  0.00000E+00  0.34332E-03  0.30001E+00
      880.0000  0.22500E+03 -0.22500E+03  0.19802E+06 -0.19143E+06  0.00000E+00  0.00000E+00  0.30054E+02  0.44330E+02  0.53114E+02  0.00000E+00  0.00000E+00  0.00000E+00   30849  0.00000E+00  0.34332E-03  0.30345E+00
      890.0000  0.22500E+03 -0.22500E+03  0.20028E+06 -0.19368E+06  0.00000E+00  0.00000E+00  0.30054E+02  0.44330E+02  0.53114E+02  0.00000E+00  0.00000E+00  0.00000E+00   31196  0.00000E+00  0.34332E-03  0.30688E+00
      900.0000  0.22500E+03 -0.22500E+03  0.20253E+06 -0.19593E+06  0.00000E+00  0.00000E+00  0.30054E+02  0.44330E+02  0.53114E+02  0.00000E+00  0.00000E+00  0.00000E+00   31543  0.00000E+00  0.34332E-03  0.31032E+00
      910.0000  0.22500E+03 -0.22500E+03  0.20478E+06 -0.19818E+06  0.00000E+00  0.00000E+00  0.30054E+02  0.44330E+02  0.53114E+02  0.00000E+00  0.00000E+00  0.00000E+00   31890  0.00000E+00  0.34332E-03  0.31376E+00
      920.0000  0.22500E+03 -0.22500E+03  0.20703E+06 -0.20044E+06  0.00000E+00  0.00000E+00  0.30054E+02  0.44330E+02  0.53114E+02  0.00000E+00  0.00000E+00  0.00000E+00   32237  0.00000E+00  0.34332E-03  0.31720E+00
      930.0000  0.22500E+03 -0.22500E+03  0.20928E+06 -0.20269E+06  0.00000E+00  0.00000E+00  0.30054E+02  0.44330E+02  0.53114E+02  0.00000E+00  0.00000E+00  0.00000E+00   32584  0.00000E+00  0.34332E-03  0.32064E+00
      940.0000  0.22500E+03 -0.22500E+03  0.21153E+06 -0.20494E+06  0.00000E+00  0.00000E+00  0.30054E+02  0.44330E+02  0.53114E+02  0.00000E+00  0.00000E+00  0.00000E+00   32931  0.00000E+00  0.34332E-03  0.32407E+00
      950.0000  0.22500E+03 -0.22500E+03  0.21379E+06 -0.20719E+06  0.00000E+00  0.00000E+00  0.30054E+02  0.44330E+02  0.53114E+02  0.00000E+00  0.00000E+00  0.00000E+00   33278  0.00000E+00  0.34332E-03  0.32751E+00
      960.0000  0.22500E+03 -0.22500E+03  0.21604E+06 -0.20944E+06  0.00000E+00  0.00000E+00  0.30054E+02  0.44330E+02  0.53114E+02  0.00000E+00  0.00000E+00  0.00000E+00   33625  0.00000E+00  0.34332E-03  0.33095E+00
      970.0000  0.22500E+03 -0.22500E+03  0.21829E+06 -0.21169E+06  0.00000E+00  0.00000E+00  0.30054E+02  0.44330E+02  0.53114E+02  0.00000E+00  0.00000E+00  0.00000E+00   33972  0.00000E+00  0.34332E-03  0.33439E+00
      980.0000  0.22500E+03 -0.22500E+03  0.22054E+06 -0.21395E+06  0.00000E+00  0.00000E+00  0.30054E+02  0.44330E+02  0.53114E+02  0.00000E+00  0.00000E+00  0.00000E+00   34319  0.00000E+00  0.34332E-03  0.33782E+00
      990.0000  0.22500E+03 -0.22500E+03  0.22279E+06 -0.21620E+06  0.00000E+00  0.00000E+00  0.30054E+02  0.44330E+02  0.53114E+02  0.00000E+00  0.00000E+00  0.00000E+00   34666  0.00000E+00  0.34332E-03  0.34126E+00
     1000.0000  0.22500E+03 -0.22500E+03  0.22504E+06 -0.21845E+06  0.00000E+00  0.00000E+00  0.30054E+02  0.44330E+02  0.53114E+02  0.00000E+00  0.00000E+00  0.00000E+00   35013  0.00000E+00  0.34332E-03  0.34470E+00
end
