 ******* Program HYDRUS
 ******* 
 Welcome to HYDRUS-1D                                                    
 Date:  13. 3.    Time:  14:46:23
 Units: L = mm   , T = days , M = mmol 

       Time          rTop        rRoot        vTop         vRoot        vBot       sum(rTop)   sum(rRoot)    sum(vTop)   sum(vRoot)    sum(vBot)      hTop         hRoot        hBot        RunOff    sum(RunOff)     Volume     sum(Infil)    sum(Evap) TLevel Cum(WTrans)  SnowLayer
        [T]         [L/T]        [L/T]        [L/T]        [L/T]        [L/T]         [L]          [L]          [L]         [L]           [L]         [L]           [L]         [L]          [L/T]         [L]          [L]          [L]          [L]

      10.0000 -0.75000E+01  0.50000E+01 -0.75000E+01  0.34333E+01 -0.29768E-05 -0.75000E+02  0.50000E+02 -0.75000E+02  0.32488E+02 -0.29768E-04 -0.34781E+03 -0.35717E+03 -0.10000E+04  0.11444E-04  0.15741E-03  0.10721E+03  0.75000E+02  0.00000E+00    591  0.00000E+00      0.000
      20.0000 -0.75000E+01  0.50000E+01 -0.75000E+01  0.32638E+01 -0.42361E+01 -0.15000E+03  0.10000E+03 -0.15000E+03  0.65353E+02 -0.13444E+02 -0.34781E+03 -0.35697E+03 -0.36087E+03  0.11444E-04  0.27185E-03  0.13589E+03  0.15000E+03  0.00000E+00   1007  0.00000E+00      0.000
      30.0000 -0.75000E+01  0.50000E+01 -0.75000E+01  0.32638E+01 -0.42361E+01 -0.22500E+03  0.15000E+03 -0.22500E+03  0.97990E+02 -0.55805E+02 -0.34781E+03 -0.35697E+03 -0.36087E+03  0.11444E-04  0.38629E-03  0.13589E+03  0.22500E+03  0.00000E+00   1354  0.00000E+00      0.000
      40.0000 -0.75000E+01  0.50000E+01 -0.75000E+01  0.32638E+01 -0.42362E+01 -0.30000E+03  0.20000E+03 -0.30000E+03  0.13063E+03 -0.98168E+02 -0.34781E+03 -0.35697E+03 -0.36087E+03  0.11444E-04  0.50073E-03  0.13589E+03  0.30000E+03  0.00000E+00   1701  0.00000E+00      0.000
      50.0000 -0.75000E+01  0.50000E+01 -0.75000E+01  0.32638E+01 -0.42362E+01 -0.37501E+03  0.25000E+03 -0.37499E+03  0.16327E+03 -0.14053E+03 -0.34781E+03 -0.35697E+03 -0.36087E+03  0.11444E-04  0.61518E-03  0.13589E+03  0.37499E+03  0.00000E+00   2048  0.00000E+00      0.000
      60.0000 -0.75000E+01  0.50000E+01 -0.75000E+01  0.32638E+01 -0.42362E+01 -0.45001E+03  0.30000E+03 -0.44999E+03  0.19591E+03 -0.18289E+03 -0.34781E+03 -0.35697E+03 -0.36087E+03  0.11444E-04  0.72963E-03  0.13589E+03  0.44999E+03  0.00000E+00   2395  0.00000E+00      0.000
      70.0000 -0.75000E+01  0.50000E+01 -0.75000E+01  0.32638E+01 -0.42362E+01 -0.52502E+03  0.35000E+03 -0.52498E+03  0.22855E+03 -0.22525E+03 -0.34781E+03 -0.35697E+03 -0.36087E+03  0.11444E-04  0.84408E-03  0.13589E+03  0.52498E+03  0.00000E+00   2742  0.00000E+00      0.000
      80.0000 -0.75000E+01  0.50000E+01 -0.75000E+01  0.32638E+01 -0.42362E+01 -0.60001E+03  0.40001E+03 -0.59998E+03  0.26119E+03 -0.26761E+03 -0.34781E+03 -0.35697E+03 -0.36087E+03  0.11444E-04  0.95853E-03  0.13589E+03  0.59998E+03  0.00000E+00   3089  0.00000E+00      0.000
      90.0000 -0.75000E+01  0.50000E+01 -0.75000E+01  0.32638E+01 -0.42362E+01 -0.67501E+03  0.45001E+03 -0.67497E+03  0.29382E+03 -0.30997E+03 -0.34781E+03 -0.35697E+03 -0.36087E+03  0.11444E-04  0.10730E-02  0.13589E+03  0.67497E+03  0.00000E+00   3436  0.00000E+00      0.000
     100.0000 -0.75000E+01  0.50000E+01 -0.75000E+01  0.32638E+01 -0.42362E+01 -0.75000E+03  0.50001E+03 -0.74997E+03  0.32645E+03 -0.35233E+03 -0.34781E+03 -0.35697E+03 -0.36087E+03  0.11444E-04  0.11874E-02  0.13589E+03  0.74997E+03  0.00000E+00   3783  0.00000E+00      0.000
     110.0000 -0.75000E+01  0.50000E+01 -0.75000E+01  0.32638E+01 -0.42362E+01 -0.82500E+03  0.55002E+03 -0.82496E+03  0.35909E+03 -0.39469E+03 -0.34781E+03 -0.35697E+03 -0.36087E+03  0.11444E-04  0.13019E-02  0.13589E+03  0.82496E+03  0.00000E+00   4130  0.00000E+00      0.000
     120.0000 -0.75000E+01  0.50000E+01 -0.75000E+01  0.32638E+01 -0.42362E+01 -0.89999E+03  0.60002E+03 -0.89996E+03  0.39172E+03 -0.43705E+03 -0.34781E+03 -0.35697E+03 -0.36087E+03  0.11444E-04  0.14163E-02  0.13589E+03  0.89996E+03  0.00000E+00   4477  0.00000E+00      0.000
     130.0000 -0.75000E+01  0.50000E+01 -0.75000E+01  0.32638E+01 -0.42362E+01 -0.97498E+03  0.65002E+03 -0.97495E+03  0.42436E+03 -0.47941E+03 -0.34781E+03 -0.35697E+03 -0.36087E+03  0.11444E-04  0.15308E-02  0.13589E+03  0.97495E+03  0.00000E+00   4824  0.00000E+00      0.000
     140.0000 -0.75000E+01  0.50000E+01 -0.75000E+01  0.32638E+01 -0.42362E+01 -0.10500E+04  0.70003E+03 -0.10500E+04  0.45699E+03 -0.52177E+03 -0.34781E+03 -0.35697E+03 -0.36087E+03  0.11444E-04  0.16452E-02  0.13589E+03  0.10500E+04  0.00000E+00   5171  0.00000E+00      0.000
     150.0000 -0.75000E+01  0.50000E+01 -0.75000E+01  0.32638E+01 -0.42362E+01 -0.11250E+04  0.75003E+03 -0.11250E+04  0.48963E+03 -0.56415E+03 -0.34781E+03 -0.35697E+03 -0.36087E+03  0.11444E-04  0.17597E-02  0.13589E+03  0.11250E+04  0.00000E+00   5518  0.00000E+00      0.000
     160.0000 -0.75000E+01  0.50000E+01 -0.75000E+01  0.32638E+01 -0.42362E+01 -0.12000E+04  0.80003E+03 -0.12000E+04  0.52226E+03 -0.60652E+03 -0.34781E+03 -0.35697E+03 -0.36087E+03  0.11444E-04  0.18741E-02  0.13589E+03  0.12000E+04  0.00000E+00   5865  0.00000E+00      0.000
     170.0000 -0.75000E+01  0.50000E+01 -0.75000E+01  0.32638E+01 -0.42362E+01 -0.12750E+04  0.85004E+03 -0.12750E+04  0.55491E+03 -0.64889E+03 -0.34781E+03 -0.35697E+03 -0.36087E+03  0.11444E-04  0.19886E-02  0.13589E+03  0.12750E+04  0.00000E+00   6212  0.00000E+00      0.000
     180.0000 -0.75000E+01  0.50000E+01 -0.75000E+01  0.32638E+01 -0.42362E+01 -0.13500E+04  0.90004E+03 -0.13500E+04  0.58755E+03 -0.69126E+03 -0.34781E+03 -0.35697E+03 -0.36087E+03  0.11444E-04  0.21030E-02  0.13589E+03  0.13500E+04  0.00000E+00   6559  0.00000E+00      0.000
     190.0000 -0.75000E+01  0.50000E+01 -0.75000E+01  0.32638E+01 -0.42362E+01 -0.14251E+04  0.95004E+03 -0.14250E+04  0.62020E+03 -0.73363E+03 -0.34781E+03 -0.35697E+03 -0.36087E+03  0.11444E-04  0.22175E-02  0.13589E+03  0.14250E+04  0.00000E+00   6906  0.00000E+00      0.000
     200.0000 -0.75000E+01  0.50000E+01 -0.75000E+01  0.32638E+01 -0.42362E+01 -0.15001E+04  0.10000E+04 -0.15000E+04  0.65284E+03 -0.77600E+03 -0.34781E+03 -0.35697E+03 -0.36087E+03  0.11444E-04  0.23319E-02  0.13589E+03  0.15000E+04  0.00000E+00   7253  0.00000E+00      0.000
     210.0000 -0.75000E+01  0.50000E+01 -0.75000E+01  0.32638E+01 -0.42362E+01 -0.15751E+04  0.10500E+04 -0.15751E+04  0.68549E+03 -0.81837E+03 -0.34781E+03 -0.35697E+03 -0.36087E+03  0.11444E-04  0.24464E-02  0.13589E+03  0.15751E+04  0.00000E+00   7600  0.00000E+00      0.000
     220.0000 -0.75000E+01  0.50000E+01 -0.75000E+01  0.32638E+01 -0.42362E+01 -0.16501E+04  0.11000E+04 -0.16501E+04  0.71813E+03 -0.86074E+03 -0.34781E+03 -0.35697E+03 -0.36087E+03  0.11444E-04  0.25608E-02  0.13589E+03  0.16501E+04  0.00000E+00   7947  0.00000E+00      0.000
     230.0000 -0.75000E+01  0.50000E+01 -0.75000E+01  0.32638E+01 -0.42362E+01 -0.17251E+04  0.11500E+04 -0.17251E+04  0.75078E+03 -0.90311E+03 -0.34781E+03 -0.35697E+03 -0.36087E+03  0.11444E-04  0.26753E-02  0.13589E+03  0.17251E+04  0.00000E+00   8294  0.00000E+00      0.000
     240.0000 -0.75000E+01  0.50000E+01 -0.75000E+01  0.32638E+01 -0.42362E+01 -0.18001E+04  0.12000E+04 -0.18001E+04  0.78342E+03 -0.94548E+03 -0.34781E+03 -0.35697E+03 -0.36087E+03  0.11444E-04  0.27897E-02  0.13589E+03  0.18001E+04  0.00000E+00   8641  0.00000E+00      0.000
     250.0000 -0.75000E+01  0.50000E+01 -0.75000E+01  0.32638E+01 -0.42362E+01 -0.18752E+04  0.12500E+04 -0.18751E+04  0.81607E+03 -0.98785E+03 -0.34781E+03 -0.35697E+03 -0.36087E+03  0.11444E-04  0.29042E-02  0.13589E+03  0.18751E+04  0.00000E+00   8988  0.00000E+00      0.000
     260.0000 -0.75000E+01  0.50000E+01 -0.75000E+01  0.32638E+01 -0.42362E+01 -0.19502E+04  0.13000E+04 -0.19501E+04  0.84871E+03 -0.10302E+04 -0.34781E+03 -0.35697E+03 -0.36087E+03  0.11444E-04  0.30186E-02  0.13589E+03  0.19501E+04  0.00000E+00   9335  0.00000E+00      0.000
     270.0000 -0.75000E+01  0.50000E+01 -0.75000E+01  0.32638E+01 -0.42362E+01 -0.20252E+04  0.13499E+04 -0.20252E+04  0.88136E+03 -0.10726E+04 -0.34781E+03 -0.35697E+03 -0.36087E+03  0.11444E-04  0.31330E-02  0.13589E+03  0.20252E+04  0.00000E+00   9682  0.00000E+00      0.000
     280.0000 -0.75000E+01  0.50000E+01 -0.75000E+01  0.32638E+01 -0.42362E+01 -0.21002E+04  0.13999E+04 -0.21002E+04  0.91400E+03 -0.11150E+04 -0.34781E+03 -0.35697E+03 -0.36087E+03  0.11444E-04  0.32475E-02  0.13589E+03  0.21002E+04  0.00000E+00  10029  0.00000E+00      0.000
     290.0000 -0.75000E+01  0.50000E+01 -0.75000E+01  0.32638E+01 -0.42362E+01 -0.21752E+04  0.14499E+04 -0.21752E+04  0.94665E+03 -0.11573E+04 -0.34781E+03 -0.35697E+03 -0.36087E+03  0.11444E-04  0.33619E-02  0.13589E+03  0.21752E+04  0.00000E+00  10376  0.00000E+00      0.000
     300.0000 -0.75000E+01  0.50000E+01 -0.75000E+01  0.32638E+01 -0.42362E+01 -0.22502E+04  0.14999E+04 -0.22502E+04  0.97929E+03 -0.11997E+04 -0.34781E+03 -0.35697E+03 -0.36087E+03  0.11444E-04  0.34764E-02  0.13589E+03  0.22502E+04  0.00000E+00  10723  0.00000E+00      0.000
     310.0000 -0.75000E+01  0.50000E+01 -0.75000E+01  0.32638E+01 -0.42362E+01 -0.23252E+04  0.15499E+04 -0.23252E+04  0.10119E+04 -0.12421E+04 -0.34781E+03 -0.35697E+03 -0.36087E+03  0.11444E-04  0.35908E-02  0.13589E+03  0.23252E+04  0.00000E+00  11070  0.00000E+00      0.000
     320.0000 -0.75000E+01  0.50000E+01 -0.75000E+01  0.32638E+01 -0.42362E+01 -0.24003E+04  0.15998E+04 -0.24002E+04  0.10446E+04 -0.12844E+04 -0.34781E+03 -0.35697E+03 -0.36087E+03  0.11444E-04  0.37053E-02  0.13589E+03  0.24002E+04  0.00000E+00  11417  0.00000E+00      0.000
     330.0000 -0.75000E+01  0.50000E+01 -0.75000E+01  0.32638E+01 -0.42362E+01 -0.24753E+04  0.16498E+04 -0.24752E+04  0.10772E+04 -0.13268E+04 -0.34781E+03 -0.35697E+03 -0.36087E+03  0.11444E-04  0.38197E-02  0.13589E+03  0.24752E+04  0.00000E+00  11764  0.00000E+00      0.000
     340.0000 -0.75000E+01  0.50000E+01 -0.75000E+01  0.32638E+01 -0.42362E+01 -0.25503E+04  0.16998E+04 -0.25503E+04  0.11099E+04 -0.13692E+04 -0.34781E+03 -0.35697E+03 -0.36087E+03  0.11444E-04  0.39342E-02  0.13589E+03  0.25503E+04  0.00000E+00  12111  0.00000E+00      0.000
     350.0000 -0.75000E+01  0.50000E+01 -0.75000E+01  0.32638E+01 -0.42362E+01 -0.26253E+04  0.17498E+04 -0.26253E+04  0.11425E+04 -0.14116E+04 -0.34781E+03 -0.35697E+03 -0.36087E+03  0.11444E-04  0.40485E-02  0.13589E+03  0.26253E+04  0.00000E+00  12458  0.00000E+00      0.000
     360.0000 -0.75000E+01  0.50000E+01 -0.75000E+01  0.32638E+01 -0.42362E+01 -0.27003E+04  0.17998E+04 -0.27003E+04  0.11752E+04 -0.14539E+04 -0.34781E+03 -0.35697E+03 -0.36087E+03  0.11444E-04  0.41629E-02  0.13589E+03  0.27003E+04  0.00000E+00  12805  0.00000E+00      0.000
     370.0000 -0.75000E+01  0.50000E+01 -0.75000E+01  0.32638E+01 -0.42362E+01 -0.27753E+04  0.18498E+04 -0.27753E+04  0.12078E+04 -0.14963E+04 -0.34781E+03 -0.35697E+03 -0.36087E+03  0.11444E-04  0.42773E-02  0.13589E+03  0.27753E+04  0.00000E+00  13152  0.00000E+00      0.000
     380.0000 -0.75000E+01  0.50000E+01 -0.75000E+01  0.32638E+01 -0.42362E+01 -0.28504E+04  0.18997E+04 -0.28503E+04  0.12405E+04 -0.15387E+04 -0.34781E+03 -0.35697E+03 -0.36087E+03  0.11444E-04  0.43916E-02  0.13589E+03  0.28503E+04  0.00000E+00  13499  0.00000E+00      0.000
     390.0000 -0.75000E+01  0.50000E+01 -0.75000E+01  0.32638E+01 -0.42362E+01 -0.29254E+04  0.19497E+04 -0.29253E+04  0.12731E+04 -0.15810E+04 -0.34781E+03 -0.35697E+03 -0.36087E+03  0.11444E-04  0.45060E-02  0.13589E+03  0.29253E+04  0.00000E+00  13846  0.00000E+00      0.000
     400.0000 -0.75000E+01  0.50000E+01 -0.75000E+01  0.32638E+01 -0.42362E+01 -0.30004E+04  0.19997E+04 -0.30004E+04  0.13057E+04 -0.16234E+04 -0.34781E+03 -0.35697E+03 -0.36087E+03  0.11444E-04  0.46204E-02  0.13589E+03  0.30004E+04  0.00000E+00  14193  0.00000E+00      0.000
     410.0000 -0.75000E+01  0.50000E+01 -0.75000E+01  0.32638E+01 -0.42362E+01 -0.30754E+04  0.20497E+04 -0.30754E+04  0.13384E+04 -0.16658E+04 -0.34781E+03 -0.35697E+03 -0.36087E+03  0.11444E-04  0.47348E-02  0.13589E+03  0.30754E+04  0.00000E+00  14540  0.00000E+00      0.000
     420.0000 -0.75000E+01  0.50000E+01 -0.75000E+01  0.32638E+01 -0.42362E+01 -0.31504E+04  0.20997E+04 -0.31504E+04  0.13710E+04 -0.17081E+04 -0.34781E+03 -0.35697E+03 -0.36087E+03  0.11444E-04  0.48491E-02  0.13589E+03  0.31504E+04  0.00000E+00  14887  0.00000E+00      0.000
     430.0000 -0.75000E+01  0.50000E+01 -0.75000E+01  0.32638E+01 -0.42362E+01 -0.32254E+04  0.21497E+04 -0.32254E+04  0.14037E+04 -0.17505E+04 -0.34781E+03 -0.35697E+03 -0.36087E+03  0.11444E-04  0.49635E-02  0.13589E+03  0.32254E+04  0.00000E+00  15234  0.00000E+00      0.000
     440.0000 -0.75000E+01  0.50000E+01 -0.75000E+01  0.32638E+01 -0.42362E+01 -0.33004E+04  0.21996E+04 -0.33004E+04  0.14363E+04 -0.17929E+04 -0.34781E+03 -0.35697E+03 -0.36087E+03  0.11444E-04  0.50779E-02  0.13589E+03  0.33004E+04  0.00000E+00  15581  0.00000E+00      0.000
     450.0000 -0.75000E+01  0.50000E+01 -0.75000E+01  0.32638E+01 -0.42362E+01 -0.33755E+04  0.22496E+04 -0.33754E+04  0.14690E+04 -0.18353E+04 -0.34781E+03 -0.35697E+03 -0.36087E+03  0.11444E-04  0.51922E-02  0.13589E+03  0.33754E+04  0.00000E+00  15928  0.00000E+00      0.000
     460.0000 -0.75000E+01  0.50000E+01 -0.75000E+01  0.32638E+01 -0.42362E+01 -0.34505E+04  0.22996E+04 -0.34504E+04  0.15016E+04 -0.18776E+04 -0.34781E+03 -0.35697E+03 -0.36087E+03  0.11444E-04  0.53066E-02  0.13589E+03  0.34504E+04  0.00000E+00  16275  0.00000E+00      0.000
     470.0000 -0.75000E+01  0.50000E+01 -0.75000E+01  0.32638E+01 -0.42362E+01 -0.35255E+04  0.23496E+04 -0.35255E+04  0.15343E+04 -0.19200E+04 -0.34781E+03 -0.35697E+03 -0.36087E+03  0.11444E-04  0.54210E-02  0.13589E+03  0.35255E+04  0.00000E+00  16622  0.00000E+00      0.000
     480.0000 -0.75000E+01  0.50000E+01 -0.75000E+01  0.32638E+01 -0.42362E+01 -0.36005E+04  0.23996E+04 -0.36005E+04  0.15669E+04 -0.19624E+04 -0.34781E+03 -0.35697E+03 -0.36087E+03  0.11444E-04  0.55353E-02  0.13589E+03  0.36005E+04  0.00000E+00  16969  0.00000E+00      0.000
     490.0000 -0.75000E+01  0.50000E+01 -0.75000E+01  0.32638E+01 -0.42362E+01 -0.36755E+04  0.24496E+04 -0.36755E+04  0.15995E+04 -0.20047E+04 -0.34781E+03 -0.35697E+03 -0.36087E+03  0.11444E-04  0.56497E-02  0.13589E+03  0.36755E+04  0.00000E+00  17316  0.00000E+00      0.000
     500.0000 -0.75000E+01  0.50000E+01 -0.75000E+01  0.32638E+01 -0.42362E+01 -0.37505E+04  0.24995E+04 -0.37505E+04  0.16322E+04 -0.20471E+04 -0.34781E+03 -0.35697E+03 -0.36087E+03  0.11444E-04  0.57641E-02  0.13589E+03  0.37505E+04  0.00000E+00  17663  0.00000E+00      0.000
     510.0000 -0.75000E+01  0.50000E+01 -0.75000E+01  0.32638E+01 -0.42362E+01 -0.38256E+04  0.25495E+04 -0.38255E+04  0.16648E+04 -0.20895E+04 -0.34781E+03 -0.35697E+03 -0.36087E+03  0.11444E-04  0.58785E-02  0.13589E+03  0.38255E+04  0.00000E+00  18010  0.00000E+00      0.000
     520.0000 -0.75000E+01  0.50000E+01 -0.75000E+01  0.32638E+01 -0.42362E+01 -0.39006E+04  0.25995E+04 -0.39005E+04  0.16975E+04 -0.21319E+04 -0.34781E+03 -0.35697E+03 -0.36087E+03  0.11444E-04  0.59928E-02  0.13589E+03  0.39005E+04  0.00000E+00  18357  0.00000E+00      0.000
     530.0000 -0.75000E+01  0.50000E+01 -0.75000E+01  0.32638E+01 -0.42362E+01 -0.39756E+04  0.26495E+04 -0.39756E+04  0.17301E+04 -0.21742E+04 -0.34781E+03 -0.35697E+03 -0.36087E+03  0.11444E-04  0.61072E-02  0.13589E+03  0.39756E+04  0.00000E+00  18704  0.00000E+00      0.000
     540.0000 -0.75000E+01  0.50000E+01 -0.75000E+01  0.32638E+01 -0.42362E+01 -0.40506E+04  0.26995E+04 -0.40506E+04  0.17628E+04 -0.22166E+04 -0.34781E+03 -0.35697E+03 -0.36087E+03  0.11444E-04  0.62216E-02  0.13589E+03  0.40506E+04  0.00000E+00  19051  0.00000E+00      0.000
     550.0000 -0.75000E+01  0.50000E+01 -0.75000E+01  0.32638E+01 -0.42362E+01 -0.41256E+04  0.27495E+04 -0.41255E+04  0.17954E+04 -0.22590E+04 -0.34781E+03 -0.35697E+03 -0.36087E+03  0.11444E-04  0.63359E-02  0.13589E+03  0.41255E+04  0.00000E+00  19398  0.00000E+00      0.000
     560.0000 -0.75000E+01  0.50000E+01 -0.75000E+01  0.32638E+01 -0.42362E+01 -0.42005E+04  0.27994E+04 -0.42005E+04  0.18281E+04 -0.23013E+04 -0.34781E+03 -0.35697E+03 -0.36087E+03  0.11444E-04  0.64503E-02  0.13589E+03  0.42005E+04  0.00000E+00  19745  0.00000E+00      0.000
     570.0000 -0.75000E+01  0.50000E+01 -0.75000E+01  0.32638E+01 -0.42362E+01 -0.42754E+04  0.28494E+04 -0.42754E+04  0.18607E+04 -0.23437E+04 -0.34781E+03 -0.35697E+03 -0.36087E+03  0.11444E-04  0.65647E-02  0.13589E+03  0.42754E+04  0.00000E+00  20092  0.00000E+00      0.000
     580.0000 -0.75000E+01  0.50000E+01 -0.75000E+01  0.32638E+01 -0.42362E+01 -0.43504E+04  0.28994E+04 -0.43503E+04  0.18933E+04 -0.23861E+04 -0.34781E+03 -0.35697E+03 -0.36087E+03  0.11444E-04  0.66790E-02  0.13589E+03  0.43503E+04  0.00000E+00  20439  0.00000E+00      0.000
     590.0000 -0.75000E+01  0.50000E+01 -0.75000E+01  0.32638E+01 -0.42362E+01 -0.44253E+04  0.29494E+04 -0.44253E+04  0.19260E+04 -0.24284E+04 -0.34781E+03 -0.35697E+03 -0.36087E+03  0.11444E-04  0.67934E-02  0.13589E+03  0.44253E+04  0.00000E+00  20786  0.00000E+00      0.000
     600.0000 -0.75000E+01  0.50000E+01 -0.75000E+01  0.32638E+01 -0.42362E+01 -0.45002E+04  0.29994E+04 -0.45002E+04  0.19586E+04 -0.24708E+04 -0.34781E+03 -0.35697E+03 -0.36087E+03  0.11444E-04  0.69078E-02  0.13589E+03  0.45002E+04  0.00000E+00  21133  0.00000E+00      0.000
     610.0000 -0.75000E+01  0.50000E+01 -0.75000E+01  0.32638E+01 -0.42362E+01 -0.45752E+04  0.30493E+04 -0.45751E+04  0.19913E+04 -0.25132E+04 -0.34781E+03 -0.35697E+03 -0.36087E+03  0.11444E-04  0.70222E-02  0.13589E+03  0.45751E+04  0.00000E+00  21480  0.00000E+00      0.000
     620.0000 -0.75000E+01  0.50000E+01 -0.75000E+01  0.32638E+01 -0.42362E+01 -0.46501E+04  0.30993E+04 -0.46501E+04  0.20239E+04 -0.25556E+04 -0.34781E+03 -0.35697E+03 -0.36087E+03  0.11444E-04  0.71365E-02  0.13589E+03  0.46501E+04  0.00000E+00  21827  0.00000E+00      0.000
     630.0000 -0.75000E+01  0.50000E+01 -0.75000E+01  0.32638E+01 -0.42362E+01 -0.47250E+04  0.31493E+04 -0.47250E+04  0.20566E+04 -0.25979E+04 -0.34781E+03 -0.35697E+03 -0.36087E+03  0.11444E-04  0.72509E-02  0.13589E+03  0.47250E+04  0.00000E+00  22174  0.00000E+00      0.000
     640.0000 -0.75000E+01  0.50000E+01 -0.75000E+01  0.32638E+01 -0.42362E+01 -0.48000E+04  0.31993E+04 -0.47999E+04  0.20892E+04 -0.26403E+04 -0.34781E+03 -0.35697E+03 -0.36087E+03  0.11444E-04  0.73653E-02  0.13589E+03  0.47999E+04  0.00000E+00  22521  0.00000E+00      0.000
     650.0000 -0.75000E+01  0.50000E+01 -0.75000E+01  0.32638E+01 -0.42362E+01 -0.48749E+04  0.32493E+04 -0.48749E+04  0.21219E+04 -0.26827E+04 -0.34781E+03 -0.35697E+03 -0.36087E+03  0.11444E-04  0.74796E-02  0.13589E+03  0.48749E+04  0.00000E+00  22868  0.00000E+00      0.000
     660.0000 -0.75000E+01  0.50000E+01 -0.75000E+01  0.32638E+01 -0.42362E+01 -0.49498E+04  0.32993E+04 -0.49498E+04  0.21545E+04 -0.27250E+04 -0.34781E+03 -0.35697E+03 -0.36087E+03  0.11444E-04  0.75940E-02  0.13589E+03  0.49498E+04  0.00000E+00  23215  0.00000E+00      0.000
     670.0000 -0.75000E+01  0.50000E+01 -0.75000E+01  0.32638E+01 -0.42362E+01 -0.50248E+04  0.33492E+04 -0.50247E+04  0.21871E+04 -0.27674E+04 -0.34781E+03 -0.35697E+03 -0.36087E+03  0.11444E-04  0.77084E-02  0.13589E+03  0.50247E+04  0.00000E+00  23562  0.00000E+00      0.000
     680.0000 -0.75000E+01  0.50000E+01 -0.75000E+01  0.32638E+01 -0.42362E+01 -0.50997E+04  0.33992E+04 -0.50997E+04  0.22198E+04 -0.28098E+04 -0.34781E+03 -0.35697E+03 -0.36087E+03  0.11444E-04  0.78228E-02  0.13589E+03  0.50997E+04  0.00000E+00  23909  0.00000E+00      0.000
     690.0000 -0.75000E+01  0.50000E+01 -0.75000E+01  0.32638E+01 -0.42362E+01 -0.51746E+04  0.34492E+04 -0.51746E+04  0.22524E+04 -0.28522E+04 -0.34781E+03 -0.35697E+03 -0.36087E+03  0.11444E-04  0.79373E-02  0.13589E+03  0.51746E+04  0.00000E+00  24256  0.00000E+00      0.000
     700.0000 -0.75000E+01  0.50000E+01 -0.75000E+01  0.32638E+01 -0.42362E+01 -0.52496E+04  0.34992E+04 -0.52495E+04  0.22851E+04 -0.28945E+04 -0.34781E+03 -0.35697E+03 -0.36087E+03  0.11444E-04  0.80518E-02  0.13589E+03  0.52495E+04  0.00000E+00  24603  0.00000E+00      0.000
     710.0000 -0.75000E+01  0.50000E+01 -0.75000E+01  0.32638E+01 -0.42362E+01 -0.53245E+04  0.35492E+04 -0.53245E+04  0.23177E+04 -0.29369E+04 -0.34781E+03 -0.35697E+03 -0.36087E+03  0.11444E-04  0.81663E-02  0.13589E+03  0.53245E+04  0.00000E+00  24950  0.00000E+00      0.000
     720.0000 -0.75000E+01  0.50000E+01 -0.75000E+01  0.32638E+01 -0.42362E+01 -0.53994E+04  0.35992E+04 -0.53994E+04  0.23504E+04 -0.29793E+04 -0.34781E+03 -0.35697E+03 -0.36087E+03  0.11444E-04  0.82809E-02  0.13589E+03  0.53994E+04  0.00000E+00  25297  0.00000E+00      0.000
     730.0000 -0.75000E+01  0.50000E+01 -0.75000E+01  0.32638E+01 -0.42362E+01 -0.54744E+04  0.36491E+04 -0.54743E+04  0.23830E+04 -0.30216E+04 -0.34781E+03 -0.35697E+03 -0.36087E+03  0.11444E-04  0.83954E-02  0.13589E+03  0.54743E+04  0.00000E+00  25644  0.00000E+00      0.000
     740.0000 -0.75000E+01  0.50000E+01 -0.75000E+01  0.32638E+01 -0.42362E+01 -0.55493E+04  0.36991E+04 -0.55493E+04  0.24157E+04 -0.30640E+04 -0.34781E+03 -0.35697E+03 -0.36087E+03  0.11444E-04  0.85099E-02  0.13589E+03  0.55493E+04  0.00000E+00  25991  0.00000E+00      0.000
     750.0000 -0.75000E+01  0.50000E+01 -0.75000E+01  0.32638E+01 -0.42362E+01 -0.56242E+04  0.37491E+04 -0.56242E+04  0.24483E+04 -0.31064E+04 -0.34781E+03 -0.35697E+03 -0.36087E+03  0.11444E-04  0.86244E-02  0.13589E+03  0.56242E+04  0.00000E+00  26338  0.00000E+00      0.000
     760.0000 -0.75000E+01  0.50000E+01 -0.75000E+01  0.32638E+01 -0.42362E+01 -0.56992E+04  0.37991E+04 -0.56991E+04  0.24810E+04 -0.31488E+04 -0.34781E+03 -0.35697E+03 -0.36087E+03  0.11444E-04  0.87390E-02  0.13589E+03  0.56991E+04  0.00000E+00  26685  0.00000E+00      0.000
     770.0000 -0.75000E+01  0.50000E+01 -0.75000E+01  0.32638E+01 -0.42362E+01 -0.57741E+04  0.38491E+04 -0.57741E+04  0.25136E+04 -0.31911E+04 -0.34781E+03 -0.35697E+03 -0.36087E+03  0.11444E-04  0.88535E-02  0.13589E+03  0.57741E+04  0.00000E+00  27032  0.00000E+00      0.000
     780.0000 -0.75000E+01  0.50000E+01 -0.75000E+01  0.32638E+01 -0.42362E+01 -0.58490E+04  0.38991E+04 -0.58490E+04  0.25462E+04 -0.32335E+04 -0.34781E+03 -0.35697E+03 -0.36087E+03  0.11444E-04  0.89680E-02  0.13589E+03  0.58490E+04  0.00000E+00  27379  0.00000E+00      0.000
     790.0000 -0.75000E+01  0.50000E+01 -0.75000E+01  0.32638E+01 -0.42362E+01 -0.59240E+04  0.39490E+04 -0.59239E+04  0.25789E+04 -0.32759E+04 -0.34781E+03 -0.35697E+03 -0.36087E+03  0.11444E-04  0.90826E-02  0.13589E+03  0.59239E+04  0.00000E+00  27726  0.00000E+00      0.000
     800.0000 -0.75000E+01  0.50000E+01 -0.75000E+01  0.32638E+01 -0.42362E+01 -0.59989E+04  0.39990E+04 -0.59989E+04  0.26115E+04 -0.33182E+04 -0.34781E+03 -0.35697E+03 -0.36087E+03  0.11444E-04  0.91971E-02  0.13589E+03  0.59989E+04  0.00000E+00  28073  0.00000E+00      0.000
     810.0000 -0.75000E+01  0.50000E+01 -0.75000E+01  0.32638E+01 -0.42362E+01 -0.60738E+04  0.40490E+04 -0.60738E+04  0.26442E+04 -0.33606E+04 -0.34781E+03 -0.35697E+03 -0.36087E+03  0.11444E-04  0.93116E-02  0.13589E+03  0.60738E+04  0.00000E+00  28420  0.00000E+00      0.000
     820.0000 -0.75000E+01  0.50000E+01 -0.75000E+01  0.32638E+01 -0.42362E+01 -0.61488E+04  0.40990E+04 -0.61487E+04  0.26768E+04 -0.34030E+04 -0.34781E+03 -0.35697E+03 -0.36087E+03  0.11444E-04  0.94261E-02  0.13589E+03  0.61487E+04  0.00000E+00  28767  0.00000E+00      0.000
     830.0000 -0.75000E+01  0.50000E+01 -0.75000E+01  0.32638E+01 -0.42362E+01 -0.62237E+04  0.41491E+04 -0.62237E+04  0.27095E+04 -0.34454E+04 -0.34781E+03 -0.35697E+03 -0.36087E+03  0.11444E-04  0.95407E-02  0.13589E+03  0.62237E+04  0.00000E+00  29114  0.00000E+00      0.000
     840.0000 -0.75000E+01  0.50000E+01 -0.75000E+01  0.32638E+01 -0.42362E+01 -0.62986E+04  0.41991E+04 -0.62986E+04  0.27421E+04 -0.34877E+04 -0.34781E+03 -0.35697E+03 -0.36087E+03  0.11444E-04  0.96552E-02  0.13589E+03  0.62986E+04  0.00000E+00  29461  0.00000E+00      0.000
     850.0000 -0.75000E+01  0.50000E+01 -0.75000E+01  0.32638E+01 -0.42362E+01 -0.63736E+04  0.42492E+04 -0.63735E+04  0.27748E+04 -0.35301E+04 -0.34781E+03 -0.35697E+03 -0.36087E+03  0.11444E-04  0.97697E-02  0.13589E+03  0.63735E+04  0.00000E+00  29808  0.00000E+00      0.000
     860.0000 -0.75000E+01  0.50000E+01 -0.75000E+01  0.32638E+01 -0.42362E+01 -0.64485E+04  0.42993E+04 -0.64485E+04  0.28074E+04 -0.35725E+04 -0.34781E+03 -0.35697E+03 -0.36087E+03  0.11444E-04  0.98842E-02  0.13589E+03  0.64485E+04  0.00000E+00  30155  0.00000E+00      0.000
     870.0000 -0.75000E+01  0.50000E+01 -0.75000E+01  0.32638E+01 -0.42362E+01 -0.65234E+04  0.43493E+04 -0.65234E+04  0.28400E+04 -0.36148E+04 -0.34781E+03 -0.35697E+03 -0.36087E+03  0.11444E-04  0.99988E-02  0.13589E+03  0.65234E+04  0.00000E+00  30502  0.00000E+00      0.000
     880.0000 -0.75000E+01  0.50000E+01 -0.75000E+01  0.32638E+01 -0.42362E+01 -0.65984E+04  0.43994E+04 -0.65983E+04  0.28727E+04 -0.36572E+04 -0.34781E+03 -0.35697E+03 -0.36087E+03  0.11444E-04  0.10113E-01  0.13589E+03  0.65983E+04  0.00000E+00  30849  0.00000E+00      0.000
     890.0000 -0.75000E+01  0.50000E+01 -0.75000E+01  0.32638E+01 -0.42362E+01 -0.66733E+04  0.44494E+04 -0.66733E+04  0.29053E+04 -0.36996E+04 -0.34781E+03 -0.35697E+03 -0.36087E+03  0.11444E-04  0.10228E-01  0.13589E+03  0.66733E+04  0.00000E+00  31196  0.00000E+00      0.000
     900.0000 -0.75000E+01  0.50000E+01 -0.75000E+01  0.32638E+01 -0.42362E+01 -0.67482E+04  0.44995E+04 -0.67482E+04  0.29380E+04 -0.37419E+04 -0.34781E+03 -0.35697E+03 -0.36087E+03  0.11444E-04  0.10342E-01  0.13589E+03  0.67482E+04  0.00000E+00  31543  0.00000E+00      0.000
     910.0000 -0.75000E+01  0.50000E+01 -0.75000E+01  0.32638E+01 -0.42362E+01 -0.68232E+04  0.45496E+04 -0.68231E+04  0.29706E+04 -0.37843E+04 -0.34781E+03 -0.35697E+03 -0.36087E+03  0.11444E-04  0.10457E-01  0.13589E+03  0.68231E+04  0.00000E+00  31890  0.00000E+00      0.000
     920.0000 -0.75000E+01  0.50000E+01 -0.75000E+01  0.32638E+01 -0.42362E+01 -0.68981E+04  0.45996E+04 -0.68981E+04  0.30033E+04 -0.38267E+04 -0.34781E+03 -0.35697E+03 -0.36087E+03  0.11444E-04  0.10571E-01  0.13589E+03  0.68981E+04  0.00000E+00  32237  0.00000E+00      0.000
     930.0000 -0.75000E+01  0.50000E+01 -0.75000E+01  0.32638E+01 -0.42362E+01 -0.69730E+04  0.46497E+04 -0.69730E+04  0.30359E+04 -0.38691E+04 -0.34781E+03 -0.35697E+03 -0.36087E+03  0.11444E-04  0.10686E-01  0.13589E+03  0.69730E+04  0.00000E+00  32584  0.00000E+00      0.000
     940.0000 -0.75000E+01  0.50000E+01 -0.75000E+01  0.32638E+01 -0.42362E+01 -0.70480E+04  0.46998E+04 -0.70479E+04  0.30686E+04 -0.39114E+04 -0.34781E+03 -0.35697E+03 -0.36087E+03  0.11444E-04  0.10800E-01  0.13589E+03  0.70479E+04  0.00000E+00  32931  0.00000E+00      0.000
     950.0000 -0.75000E+01  0.50000E+01 -0.75000E+01  0.32638E+01 -0.42362E+01 -0.71229E+04  0.47498E+04 -0.71229E+04  0.31012E+04 -0.39538E+04 -0.34781E+03 -0.35697E+03 -0.36087E+03  0.11444E-04  0.10915E-01  0.13589E+03  0.71229E+04  0.00000E+00  33278  0.00000E+00      0.000
     960.0000 -0.75000E+01  0.50000E+01 -0.75000E+01  0.32638E+01 -0.42362E+01 -0.71978E+04  0.47999E+04 -0.71978E+04  0.31338E+04 -0.39962E+04 -0.34781E+03 -0.35697E+03 -0.36087E+03  0.11444E-04  0.11030E-01  0.13589E+03  0.71978E+04  0.00000E+00  33625  0.00000E+00      0.000
     970.0000 -0.75000E+01  0.50000E+01 -0.75000E+01  0.32638E+01 -0.42362E+01 -0.72728E+04  0.48500E+04 -0.72727E+04  0.31665E+04 -0.40385E+04 -0.34781E+03 -0.35697E+03 -0.36087E+03  0.11444E-04  0.11144E-01  0.13589E+03  0.72727E+04  0.00000E+00  33972  0.00000E+00      0.000
     980.0000 -0.75000E+01  0.50000E+01 -0.75000E+01  0.32638E+01 -0.42362E+01 -0.73477E+04  0.49000E+04 -0.73477E+04  0.31991E+04 -0.40809E+04 -0.34781E+03 -0.35697E+03 -0.36087E+03  0.11444E-04  0.11259E-01  0.13589E+03  0.73477E+04  0.00000E+00  34319  0.00000E+00      0.000
     990.0000 -0.75000E+01  0.50000E+01 -0.75000E+01  0.32638E+01 -0.42362E+01 -0.74226E+04  0.49501E+04 -0.74226E+04  0.32318E+04 -0.41232E+04 -0.34781E+03 -0.35697E+03 -0.36087E+03  0.11444E-04  0.11373E-01  0.13589E+03  0.74226E+04  0.00000E+00  34666  0.00000E+00      0.000
    1000.0000 -0.75000E+01  0.50000E+01 -0.75000E+01  0.32638E+01 -0.42362E+01 -0.74976E+04  0.50002E+04 -0.74975E+04  0.32644E+04 -0.41655E+04 -0.34781E+03 -0.35697E+03 -0.36087E+03  0.11444E-04  0.11488E-01  0.13589E+03  0.74975E+04  0.00000E+00  35013  0.00000E+00      0.000
end
