 ******* Program HYDRUS
 ******* 
 Welcome to HYDRUS-1D                                                    
 Date:  13. 3.    Time:  12:46:44
 Units: L = mm   , T = days , M = mmol 

----------------------------------------------------------
 Time       [T]        0.0000
----------------------------------------------------------
 Sub-region num.                     1
----------------------------------------------------------
 Length   [L]        0.10000E+04  0.10000E+04
 W-volume [L]        0.64709E+02  0.64709E+02
 In-flow  [L/T]      0.00000E+00  0.00000E+00
 h Mean   [L]       -0.10000E+04 -0.10000E+04
 ConcVol  [M/L2] 1   0.00000E+00  0.00000E+00
 cMean    [M/L3] 1   0.00000E+00  0.00000E+00
 Top Flux [L/T]     -0.29768E-05
 Bot Flux [L/T]     -0.29768E-05
----------------------------------------------------------

----------------------------------------------------------
 Time       [T]      200.0000
----------------------------------------------------------
 Sub-region num.                     1
----------------------------------------------------------
 Length   [L]        0.10000E+04  0.10000E+04
 W-volume [L]        0.95139E+02  0.95139E+02
 In-flow  [L/T]      0.18526E+00  0.18526E+00
 h Mean   [L]       -0.56312E+03 -0.56312E+03
 ConcVol  [M/L2] 1   0.18000E+05  0.18000E+05
 cMean    [M/L3] 1   0.17764E+03  0.17764E+03
 Top Flux [L/T]     -0.29569E+01
 Bot Flux [L/T]     -0.29768E-05
 WatBalT  [L]       -0.84724E-02
 WatBalR  [%]              0.001
 CncBalT  [M]    1  -0.21484E-01
 CncBalR  [%]    1         0.000
----------------------------------------------------------

----------------------------------------------------------
 Time       [T]      400.0000
----------------------------------------------------------
 Sub-region num.                     1
----------------------------------------------------------
 Length   [L]        0.10000E+04  0.10000E+04
 W-volume [L]        0.10304E+03  0.10304E+03
 In-flow  [L/T]      0.17705E-04  0.17705E-04
 h Mean   [L]       -0.44502E+03 -0.44502E+03
 ConcVol  [M/L2] 1   0.35986E+05  0.35986E+05
 cMean    [M/L3] 1   0.35852E+03  0.35852E+03
 Top Flux [L/T]     -0.29528E+01
 Bot Flux [L/T]     -0.18521E+00
 WatBalT  [L]       -0.89989E-02
 WatBalR  [%]              0.000
 CncBalT  [M]    1   0.31641E+01
 CncBalR  [%]    1         0.009
----------------------------------------------------------

----------------------------------------------------------
 Time       [T]      600.0000
----------------------------------------------------------
 Sub-region num.                     1
----------------------------------------------------------
 Length   [L]        0.10000E+04  0.10000E+04
 W-volume [L]        0.10304E+03  0.10304E+03
 In-flow  [L/T]     -0.79170E-05 -0.79170E-05
 h Mean   [L]       -0.44502E+03 -0.44502E+03
 ConcVol  [M/L2] 1   0.39434E+05  0.39434E+05
 cMean    [M/L3] 1   0.39320E+03  0.39320E+03
 Top Flux [L/T]     -0.29572E+01
 Bot Flux [L/T]     -0.18520E+00
 WatBalT  [L]       -0.93307E-02
 WatBalR  [%]              0.000
 CncBalT  [M]    1   0.12077E+03
 CncBalR  [%]    1         0.176
----------------------------------------------------------

----------------------------------------------------------
 Time       [T]      800.0000
----------------------------------------------------------
 Sub-region num.                     1
----------------------------------------------------------
 Length   [L]        0.10000E+04  0.10000E+04
 W-volume [L]        0.10304E+03  0.10304E+03
 In-flow  [L/T]      0.11194E-04  0.11194E-04
 h Mean   [L]       -0.44502E+03 -0.44502E+03
 ConcVol  [M/L2] 1   0.39434E+05  0.39434E+05
 cMean    [M/L3] 1   0.39320E+03  0.39320E+03
 Top Flux [L/T]     -0.29446E+01
 Bot Flux [L/T]     -0.18520E+00
 WatBalT  [L]       -0.94147E-02
 WatBalR  [%]              0.000
 CncBalT  [M]    1   0.12076E+03
 CncBalR  [%]    1         0.115
----------------------------------------------------------

----------------------------------------------------------
 Time       [T]     1000.0000
----------------------------------------------------------
 Sub-region num.                     1
----------------------------------------------------------
 Length   [L]        0.10000E+04  0.10000E+04
 W-volume [L]        0.10304E+03  0.10304E+03
 In-flow  [L/T]     -0.35255E-04 -0.35255E-04
 h Mean   [L]       -0.44502E+03 -0.44502E+03
 ConcVol  [M/L2] 1   0.39434E+05  0.39434E+05
 cMean    [M/L3] 1   0.39320E+03  0.39320E+03
 Top Flux [L/T]     -0.29469E+01
 Bot Flux [L/T]     -0.18520E+00
 WatBalT  [L]       -0.98572E-02
 WatBalR  [%]              0.000
 CncBalT  [M]    1   0.12082E+03
 CncBalR  [%]    1         0.086
----------------------------------------------------------
 
 Calculation time [sec]   3.82999998331070     
