 ******* Program HYDRUS
 ******* 
 Welcome to HYDRUS-1D                                                    
 Date:  13. 3.    Time:  12:46:44
 Units: L = mm   , T = days , M = mmol 


    TLevel      Time           dt     ItrW ItrC    ItCum  KodT  KodB Converg  Peclet   Courant

      270  0.1000000E+02  0.62292E-01    2    1     1080    -4    -5     T     6.548     0.284
      424  0.2000000E+02  0.39529E-01    3    1     1576    -4    -5     T     5.883     0.180
      576  0.3000000E+02  0.65753E-01    3    1     2018    -4    -5     T     6.660     0.299
      728  0.4000000E+02  0.64519E-01    3    1     2436    -4    -5     T     6.617     0.293
      880  0.5000000E+02  0.64480E-01    2    1     2844    -4    -5     T     6.625     0.294
     1032  0.6000000E+02  0.64249E-01    4    1     3248    -4    -5     T     6.612     0.293
     1184  0.7000000E+02  0.63961E-01    2    1     3654    -4    -5     T     6.600     0.291
     1336  0.8000000E+02  0.63979E-01    4    1     4064    -4    -5     T     6.601     0.291
     1488  0.9000000E+02  0.63966E-01    2    1     4472    -4    -5     T     6.603     0.291
     1640  0.1000000E+03  0.63801E-01    2    1     4880    -4    -5     T     6.597     0.290
     1792  0.1100000E+03  0.63876E-01    2    1     5287    -4    -5     T     6.598     0.291
     1944  0.1200000E+03  0.63977E-01    2    1     5694    -4    -5     T     6.604     0.291
     2096  0.1300000E+03  0.63796E-01    2    1     6100    -4    -5     T     6.592     0.290
     2248  0.1400000E+03  0.63927E-01    2    1     6506    -4    -5     T     6.602     0.291
     2400  0.1500000E+03  0.63906E-01    3    1     6913    -4    -5     T     6.599     0.291
     2552  0.1600000E+03  0.64023E-01    4    1     7318    -4    -5     T     6.602     0.291
     2704  0.1700000E+03  0.63823E-01    2    1     7724    -4    -5     T     6.602     0.291
     2856  0.1800000E+03  0.63815E-01    2    1     8129    -4    -5     T     6.596     0.290
     3008  0.1900000E+03  0.64003E-01    3    1     8537    -4    -5     T     6.608     0.292
     3160  0.2000000E+03  0.63965E-01    2    1     8945    -4    -5     T     6.608     0.292
     3312  0.2100000E+03  0.64164E-01    3    1     9352    -4    -5     T     6.610     0.292
     3464  0.2200000E+03  0.64081E-01    3    1     9762    -4    -5     T     6.610     0.292
     3616  0.2300000E+03  0.64072E-01    3    1    10169    -4    -5     T     6.611     0.292
     3768  0.2400000E+03  0.64162E-01    3    1    10577    -4    -5     T     6.615     0.293
     3920  0.2500000E+03  0.64058E-01    2    1    10984    -4    -5     T     6.610     0.292
     4072  0.2600000E+03  0.63812E-01    2    1    11388    -4    -5     T     6.593     0.290
     4224  0.2700000E+03  0.63855E-01    4    1    11796    -4    -5     T     6.597     0.290
     4376  0.2800000E+03  0.64019E-01    2    1    12203    -4    -5     T     6.600     0.291
     4528  0.2900000E+03  0.63850E-01    2    1    12611    -4    -5     T     6.600     0.291
     4680  0.3000000E+03  0.63795E-01    2    1    13017    -4    -5     T     6.592     0.290
     4832  0.3100000E+03  0.63843E-01    2    1    13425    -4    -5     T     6.600     0.291
     4984  0.3200000E+03  0.63932E-01    2    1    13832    -4    -5     T     6.598     0.291
     5136  0.3300000E+03  0.64092E-01    2    1    14239    -4    -5     T     6.603     0.291
     5288  0.3400000E+03  0.63888E-01    3    1    14646    -4    -5     T     6.595     0.290
     5440  0.3500000E+03  0.64044E-01    3    1    15055    -4    -5     T     6.604     0.291
     5592  0.3600000E+03  0.64173E-01    2    1    15460    -4    -5     T     6.610     0.292
     5744  0.3700000E+03  0.63748E-01    2    1    15868    -4    -5     T     6.590     0.289
     5896  0.3800000E+03  0.63915E-01    2    1    16273    -4    -5     T     6.601     0.291
     6048  0.3900000E+03  0.63777E-01    3    1    16679    -4    -5     T     6.595     0.290
     6200  0.4000000E+03  0.63957E-01    3    1    17086    -4    -5     T     6.605     0.292
     6352  0.4100000E+03  0.63844E-01    2    1    17492    -4    -5     T     6.603     0.291
     6504  0.4200000E+03  0.63937E-01    4    1    17899    -4    -5     T     6.603     0.291
     6656  0.4300000E+03  0.63837E-01    2    1    18305    -4    -5     T     6.603     0.291
     6808  0.4400000E+03  0.64085E-01    4    1    18712    -4    -5     T     6.608     0.292
     6960  0.4500000E+03  0.63901E-01    2    1    19118    -4    -5     T     6.605     0.292
     7112  0.4600000E+03  0.63902E-01    2    1    19522    -4    -5     T     6.596     0.290
     7264  0.4700000E+03  0.63729E-01    3    1    19929    -4    -5     T     6.595     0.290
     7416  0.4800000E+03  0.64168E-01    2    1    20334    -4    -5     T     6.607     0.292
     7568  0.4900000E+03  0.63885E-01    4    1    20742    -4    -5     T     6.598     0.291
     7720  0.5000000E+03  0.64036E-01    2    1    21147    -4    -5     T     6.609     0.292
     7872  0.5100000E+03  0.64272E-01    4    1    21556    -4    -5     T     6.614     0.293
     8024  0.5200000E+03  0.63882E-01    2    1    21962    -4    -5     T     6.602     0.291
     8176  0.5300000E+03  0.64060E-01    2    1    22370    -4    -5     T     6.607     0.292
     8328  0.5400000E+03  0.64135E-01    2    1    22779    -4    -5     T     6.609     0.292
     8480  0.5500000E+03  0.63865E-01    2    1    23186    -4    -5     T     6.597     0.290
     8632  0.5600000E+03  0.64071E-01    2    1    23592    -4    -5     T     6.605     0.292
     8784  0.5700000E+03  0.63962E-01    3    1    23998    -4    -5     T     6.608     0.292
     8936  0.5800000E+03  0.63998E-01    2    1    24403    -4    -5     T     6.607     0.292
     9088  0.5900000E+03  0.63988E-01    2    1    24811    -4    -5     T     6.607     0.292
     9240  0.6000000E+03  0.63968E-01    3    1    25217    -4    -5     T     6.609     0.292
     9392  0.6100000E+03  0.63812E-01    3    1    25626    -4    -5     T     6.593     0.290
     9544  0.6200000E+03  0.63806E-01    4    1    26034    -4    -5     T     6.596     0.290
     9696  0.6300000E+03  0.64070E-01    3    1    26440    -4    -5     T     6.601     0.291
     9848  0.6400000E+03  0.64034E-01    2    1    26847    -4    -5     T     6.601     0.291
    10000  0.6500000E+03  0.64090E-01    2    1    27253    -4    -5     T     6.610     0.292
    10152  0.6600000E+03  0.63852E-01    3    1    27660    -4    -5     T     6.605     0.292
    10304  0.6700000E+03  0.64035E-01    2    1    28068    -4    -5     T     6.608     0.292
    10456  0.6800000E+03  0.64051E-01    2    1    28473    -4    -5     T     6.603     0.291
    10608  0.6900000E+03  0.63891E-01    2    1    28880    -4    -5     T     6.601     0.291
    10760  0.7000000E+03  0.64007E-01    4    1    29285    -4    -5     T     6.601     0.291
    10912  0.7100000E+03  0.63729E-01    4    1    29691    -4    -5     T     6.592     0.290
    11064  0.7200000E+03  0.64048E-01    3    1    30098    -4    -5     T     6.606     0.292
    11216  0.7300000E+03  0.64021E-01    2    1    30507    -4    -5     T     6.601     0.291
    11368  0.7400000E+03  0.63844E-01    2    1    30914    -4    -5     T     6.595     0.290
    11520  0.7500000E+03  0.63884E-01    2    1    31321    -4    -5     T     6.595     0.290
    11672  0.7600000E+03  0.63616E-01    3    1    31727    -4    -5     T     6.586     0.289
    11824  0.7700000E+03  0.63869E-01    2    1    32135    -4    -5     T     6.598     0.291
    11976  0.7800000E+03  0.63883E-01    2    1    32542    -4    -5     T     6.601     0.291
    12128  0.7900000E+03  0.63830E-01    4    1    32950    -4    -5     T     6.601     0.291
    12280  0.8000000E+03  0.63900E-01    3    1    33360    -4    -5     T     6.595     0.290
    12432  0.8100000E+03  0.63869E-01    2    1    33767    -4    -5     T     6.597     0.290
    12584  0.8200000E+03  0.63917E-01    4    1    34174    -4    -5     T     6.599     0.291
    12736  0.8300000E+03  0.64108E-01    2    1    34583    -4    -5     T     6.607     0.292
    12888  0.8400000E+03  0.63984E-01    2    1    34989    -4    -5     T     6.600     0.291
    13040  0.8500000E+03  0.63952E-01    4    1    35396    -4    -5     T     6.599     0.291
    13192  0.8600000E+03  0.63820E-01    2    1    35802    -4    -5     T     6.595     0.290
    13344  0.8700000E+03  0.63919E-01    3    1    36208    -4    -5     T     6.597     0.290
    13496  0.8800000E+03  0.63997E-01    2    1    36617    -4    -5     T     6.599     0.291
    13648  0.8900000E+03  0.63732E-01    4    1    37024    -4    -5     T     6.595     0.290
    13800  0.9000000E+03  0.64152E-01    2    1    37431    -4    -5     T     6.605     0.292
    13952  0.9100000E+03  0.63757E-01    3    1    37837    -4    -5     T     6.590     0.289
    14104  0.9200000E+03  0.63904E-01    2    1    38244    -4    -5     T     6.601     0.291
    14256  0.9300000E+03  0.63979E-01    3    1    38649    -4    -5     T     6.601     0.291
    14408  0.9400000E+03  0.63819E-01    2    1    39055    -4    -5     T     6.596     0.290
    14560  0.9500000E+03  0.63937E-01    4    1    39464    -4    -5     T     6.600     0.291
    14712  0.9600000E+03  0.63867E-01    2    1    39869    -4    -5     T     6.596     0.290
    14864  0.9700000E+03  0.63921E-01    2    1    40277    -4    -5     T     6.602     0.291
    15016  0.9800000E+03  0.63951E-01    3    1    40683    -4    -5     T     6.597     0.290
    15168  0.9900000E+03  0.63952E-01    2    1    41092    -4    -5     T     6.603     0.291
    15320  0.1000000E+04  0.64244E-01    2    1    41498    -4    -5     T     6.608     0.292
end
