 All solute fluxes and cumulative solute fluxes are positive into the region

       Time         cvTop        cvBot      Sum(cvTop)   Sum(cvBot)     cvCh0        cvCh1         cTop        cRoot         cBot        cvRoot    Sum(cvRoot)  Sum(cvNEql) TLevel      cGWL        cRunOff   Sum(cRunOff)    (cv(i),    Sum(cv(i)), i=1,NObs)
        [T]        [M/L2/T]     [M/L2/T]      [M/L2]       [M/L2]       [M/L2]      [M/L2]        [M/L3]      [M/L3]        [M/L3]      [M/L2/T]      [M/L2]       [M/L2]              [M/L3]        [M/L2]      [M/L3]      [M/L2/T]      [M/L2]
       10.0000  0.90000E+02  0.00000E+00  0.90000E+03  0.00000E+00  0.00000E+00  0.00000E+00  0.30199E+02  0.15452E+02  0.00000E+00  0.00000E+00  0.00000E+00  0.00000E+00     270  0.00000E+00  0.00000E+00  0.32186E-03
       20.0000  0.90000E+02  0.00000E+00  0.18000E+04  0.00000E+00  0.00000E+00  0.00000E+00  0.30196E+02  0.33168E+02  0.00000E+00  0.00000E+00  0.00000E+00  0.00000E+00     424  0.00000E+00  0.00000E+00  0.33570E-03
       30.0000  0.90000E+02  0.00000E+00  0.27000E+04  0.00000E+00  0.00000E+00  0.00000E+00  0.30191E+02  0.50948E+02  0.00000E+00  0.00000E+00  0.00000E+00  0.00000E+00     576  0.00000E+00  0.00000E+00  0.33570E-03
       40.0000  0.90000E+02  0.00000E+00  0.36000E+04  0.00000E+00  0.00000E+00  0.00000E+00  0.30188E+02  0.68852E+02  0.00000E+00  0.00000E+00  0.00000E+00  0.00000E+00     728  0.00000E+00  0.00000E+00  0.35698E-03
       50.0000  0.90000E+02  0.00000E+00  0.45000E+04  0.00000E+00  0.00000E+00  0.00000E+00  0.30213E+02  0.86771E+02  0.00000E+00  0.00000E+00  0.00000E+00  0.00000E+00     880  0.00000E+00  0.00000E+00  0.41710E-03
       60.0000  0.90000E+02  0.00000E+00  0.54000E+04  0.00000E+00  0.00000E+00  0.00000E+00  0.30191E+02  0.10474E+03  0.00000E+00  0.00000E+00  0.00000E+00  0.00000E+00    1032  0.00000E+00  0.00000E+00  0.48023E-03
       70.0000  0.90000E+02  0.00000E+00  0.63000E+04  0.00000E+00  0.00000E+00  0.00000E+00  0.30179E+02  0.12275E+03  0.00000E+00  0.00000E+00  0.00000E+00  0.00000E+00    1184  0.00000E+00  0.00000E+00  0.52188E-03
       80.0000  0.90000E+02  0.00000E+00  0.72000E+04  0.00000E+00  0.00000E+00  0.00000E+00  0.30200E+02  0.14070E+03  0.00000E+00  0.00000E+00  0.00000E+00  0.00000E+00    1336  0.00000E+00  0.00000E+00  0.56464E-03
       90.0000  0.90000E+02  0.00000E+00  0.81000E+04  0.00000E+00  0.00000E+00  0.00000E+00  0.30197E+02  0.15872E+03  0.00000E+00  0.00000E+00  0.00000E+00  0.00000E+00    1488  0.00000E+00  0.00000E+00  0.56464E-03
      100.0000  0.90000E+02  0.00000E+00  0.90000E+04  0.00000E+00  0.00000E+00  0.00000E+00  0.30202E+02  0.17669E+03  0.00000E+00  0.00000E+00  0.00000E+00  0.00000E+00    1640  0.00000E+00  0.00000E+00  0.56464E-03
      110.0000  0.90000E+02  0.00000E+00  0.99000E+04  0.00000E+00  0.00000E+00  0.00000E+00  0.30195E+02  0.19470E+03  0.00000E+00  0.00000E+00  0.00000E+00  0.00000E+00    1792  0.00000E+00  0.00000E+00  0.62601E-03
      120.0000  0.90000E+02  0.00000E+00  0.10800E+05  0.00000E+00  0.00000E+00  0.00000E+00  0.30203E+02  0.21264E+03  0.00000E+00  0.00000E+00  0.00000E+00  0.00000E+00    1944  0.00000E+00  0.00000E+00  0.64583E-03
      130.0000  0.90000E+02  0.00000E+00  0.11700E+05  0.00000E+00  0.00000E+00  0.00000E+00  0.30183E+02  0.23058E+03  0.00000E+00  0.00000E+00  0.00000E+00  0.00000E+00    2096  0.00000E+00  0.00000E+00  0.66646E-03
      140.0000  0.90000E+02  0.00000E+00  0.12600E+05  0.00000E+00  0.00000E+00  0.00000E+00  0.30199E+02  0.24847E+03  0.00000E+00  0.00000E+00  0.00000E+00  0.00000E+00    2248  0.00000E+00  0.00000E+00  0.68821E-03
      150.0000  0.90000E+02  0.00000E+00  0.13500E+05  0.00000E+00  0.00000E+00  0.00000E+00  0.30185E+02  0.26635E+03  0.00000E+00  0.00000E+00  0.00000E+00  0.00000E+00    2400  0.00000E+00  0.00000E+00  0.76851E-03
      160.0000  0.90000E+02  0.00000E+00  0.14400E+05  0.00000E+00  0.00000E+00  0.00000E+00  0.30198E+02  0.28371E+03  0.00000E+00  0.00000E+00  0.00000E+00  0.00000E+00    2552  0.00000E+00  0.00000E+00  0.76851E-03
      170.0000  0.90000E+02  0.00000E+00  0.15300E+05  0.00000E+00  0.00000E+00  0.00000E+00  0.30211E+02  0.29564E+03  0.00000E+00  0.00000E+00  0.00000E+00  0.00000E+00    2704  0.00000E+00  0.00000E+00  0.76851E-03
      180.0000  0.90000E+02  0.00000E+00  0.16200E+05  0.00000E+00  0.00000E+00  0.00000E+00  0.30195E+02  0.29941E+03  0.00000E+00  0.00000E+00  0.00000E+00  0.00000E+00    2856  0.00000E+00  0.00000E+00  0.78823E-03
      190.0000  0.90000E+02  0.00000E+00  0.17100E+05  0.00000E+00  0.00000E+00  0.00000E+00  0.30205E+02  0.29966E+03  0.00000E+00  0.00000E+00  0.00000E+00  0.00000E+00    3008  0.00000E+00  0.00000E+00  0.81076E-03
      200.0000  0.90000E+02  0.00000E+00  0.18000E+05  0.00000E+00  0.00000E+00  0.00000E+00  0.30216E+02  0.29955E+03  0.00000E+00  0.00000E+00  0.00000E+00  0.00000E+00    3160  0.00000E+00  0.00000E+00  0.85225E-03
      210.0000  0.90000E+02  0.00000E+00  0.18900E+05  0.00000E+00  0.00000E+00  0.00000E+00  0.30194E+02  0.29953E+03  0.00000E+00  0.00000E+00  0.00000E+00  0.00000E+00    3312  0.00000E+00  0.00000E+00  0.89477E-03
      220.0000  0.90000E+02  0.00000E+00  0.19800E+05  0.00000E+00  0.00000E+00  0.00000E+00  0.30205E+02  0.29952E+03  0.00000E+00  0.00000E+00  0.00000E+00  0.00000E+00    3464  0.00000E+00  0.00000E+00  0.95351E-03
      230.0000  0.90000E+02  0.00000E+00  0.20700E+05  0.00000E+00  0.00000E+00  0.00000E+00  0.30209E+02  0.29952E+03  0.00000E+00  0.00000E+00  0.00000E+00  0.00000E+00    3616  0.00000E+00  0.00000E+00  0.97560E-03
      240.0000  0.90000E+02  0.00000E+00  0.21600E+05  0.00000E+00  0.00000E+00  0.00000E+00  0.30209E+02  0.29952E+03  0.00000E+00  0.00000E+00  0.00000E+00  0.00000E+00    3768  0.00000E+00  0.00000E+00  0.10165E-02
      250.0000  0.90000E+02 -0.21116E-25  0.22500E+05 -0.19927E-25  0.00000E+00  0.00000E+00  0.30211E+02  0.29952E+03  0.11888E-24  0.00000E+00  0.00000E+00  0.00000E+00    3920  0.00000E+00  0.00000E+00  0.10777E-02
      260.0000  0.90000E+02 -0.17477E-21  0.23400E+05 -0.21920E-21  0.00000E+00  0.00000E+00  0.30184E+02  0.29952E+03  0.96795E-21  0.00000E+00  0.00000E+00  0.00000E+00    4072  0.00000E+00  0.00000E+00  0.10777E-02
      270.0000  0.90000E+02 -0.26517E-18  0.24300E+05 -0.39243E-18  0.00000E+00  0.00000E+00  0.30199E+02  0.29952E+03  0.14628E-17  0.00000E+00  0.00000E+00  0.00000E+00    4224  0.00000E+00  0.00000E+00  0.10777E-02
      280.0000  0.90000E+02 -0.14595E-15  0.25200E+05 -0.24684E-15  0.00000E+00  0.00000E+00  0.30180E+02  0.29951E+03  0.80294E-15  0.00000E+00  0.00000E+00  0.00000E+00    4376  0.00000E+00  0.00000E+00  0.10976E-02
      290.0000  0.90000E+02 -0.37377E-13  0.26100E+05 -0.71302E-13  0.00000E+00  0.00000E+00  0.30198E+02  0.29951E+03  0.20517E-12  0.00000E+00  0.00000E+00  0.00000E+00    4528  0.00000E+00  0.00000E+00  0.11579E-02
      300.0000  0.90000E+02 -0.51010E-11  0.27000E+05 -0.10908E-10  0.00000E+00  0.00000E+00  0.30181E+02  0.29951E+03  0.27949E-10  0.00000E+00  0.00000E+00  0.00000E+00    4680  0.00000E+00  0.00000E+00  0.11776E-02
      310.0000  0.90000E+02 -0.40571E-09  0.27900E+05 -0.96957E-09  0.00000E+00  0.00000E+00  0.30199E+02  0.29952E+03  0.22195E-08  0.00000E+00  0.00000E+00  0.00000E+00    4832  0.00000E+00  0.00000E+00  0.11975E-02
      320.0000  0.90000E+02 -0.20076E-07  0.28800E+05 -0.53565E-07  0.00000E+00  0.00000E+00  0.30186E+02  0.29952E+03  0.10968E-06  0.00000E+00  0.00000E+00  0.00000E+00    4984  0.00000E+00  0.32902E-03  0.13006E-02
      330.0000  0.90000E+02 -0.64996E-06  0.29700E+05 -0.19371E-05  0.00000E+00  0.00000E+00  0.30185E+02  0.29952E+03  0.35465E-05  0.00000E+00  0.00000E+00  0.00000E+00    5136  0.00000E+00  0.00000E+00  0.13400E-02
      340.0000  0.90000E+02 -0.14333E-04  0.30600E+05 -0.47799E-04  0.00000E+00  0.00000E+00  0.30180E+02  0.29952E+03  0.78112E-04  0.00000E+00  0.00000E+00  0.00000E+00    5288  0.00000E+00  0.00000E+00  0.13816E-02
      350.0000  0.90000E+02 -0.22243E-03  0.31500E+05 -0.83266E-03  0.00000E+00  0.00000E+00  0.30185E+02  0.29952E+03  0.12109E-02  0.00000E+00  0.00000E+00  0.00000E+00    5440  0.00000E+00  0.00000E+00  0.14250E-02
      360.0000  0.90000E+02 -0.24956E-02  0.32400E+05 -0.10535E-01  0.00000E+00  0.00000E+00  0.30187E+02  0.29952E+03  0.13573E-01  0.00000E+00  0.00000E+00  0.00000E+00    5592  0.00000E+00  0.00000E+00  0.14250E-02
      370.0000  0.90000E+02 -0.20716E-01  0.33300E+05 -0.99180E-01  0.00000E+00  0.00000E+00  0.30175E+02  0.29952E+03  0.11256E+00  0.00000E+00  0.00000E+00  0.00000E+00    5744  0.00000E+00  0.00000E+00  0.14901E-02
      380.0000  0.90000E+02 -0.12972E+00  0.34200E+05 -0.70983E+00  0.00000E+00  0.00000E+00  0.30187E+02  0.29952E+03  0.70420E+00  0.00000E+00  0.00000E+00  0.00000E+00    5896  0.00000E+00  0.00000E+00  0.15112E-02
      390.0000  0.90000E+02 -0.62314E+00  0.35100E+05 -0.39351E+01  0.00000E+00  0.00000E+00  0.30196E+02  0.29951E+03  0.33802E+01  0.00000E+00  0.00000E+00  0.00000E+00    6048  0.00000E+00  0.00000E+00  0.15711E-02
      400.0000  0.90000E+02 -0.23315E+01  0.36000E+05 -0.17194E+02  0.00000E+00  0.00000E+00  0.30204E+02  0.29952E+03  0.12637E+02  0.00000E+00  0.00000E+00  0.00000E+00    6200  0.00000E+00  0.00000E+00  0.16127E-02
      410.0000  0.90000E+02 -0.68905E+01  0.36900E+05 -0.60207E+02  0.00000E+00  0.00000E+00  0.30206E+02  0.29952E+03  0.37321E+02  0.00000E+00  0.00000E+00  0.00000E+00    6352  0.00000E+00  0.00000E+00  0.16560E-02
      420.0000  0.90000E+02 -0.16312E+02  0.37800E+05 -0.17179E+03  0.00000E+00  0.00000E+00  0.30189E+02  0.29952E+03  0.88290E+02  0.00000E+00  0.00000E+00  0.00000E+00    6504  0.00000E+00  0.00000E+00  0.16764E-02
      430.0000  0.90000E+02 -0.31409E+02  0.38700E+05 -0.40650E+03  0.00000E+00  0.00000E+00  0.30207E+02  0.29952E+03  0.16990E+03  0.00000E+00  0.00000E+00  0.00000E+00    6656  0.00000E+00  0.00000E+00  0.17393E-02
      440.0000  0.90000E+02 -0.50120E+02  0.39600E+05 -0.81341E+03  0.00000E+00  0.00000E+00  0.30193E+02  0.29952E+03  0.27095E+03  0.00000E+00  0.00000E+00  0.00000E+00    6808  0.00000E+00  0.00000E+00  0.18197E-02
      450.0000  0.90000E+02 -0.67897E+02  0.40500E+05 -0.14069E+04  0.00000E+00  0.00000E+00  0.30211E+02  0.29952E+03  0.36690E+03  0.00000E+00  0.00000E+00  0.00000E+00    6960  0.00000E+00  0.00000E+00  0.18394E-02
      460.0000  0.90000E+02 -0.80632E+02  0.41400E+05 -0.21551E+04  0.00000E+00  0.00000E+00  0.30183E+02  0.29952E+03  0.43553E+03  0.00000E+00  0.00000E+00  0.00000E+00    7112  0.00000E+00  0.00000E+00  0.18593E-02
      470.0000  0.90000E+02 -0.87271E+02  0.42300E+05 -0.29995E+04  0.00000E+00  0.00000E+00  0.30192E+02  0.29952E+03  0.47129E+03  0.00000E+00  0.00000E+00  0.00000E+00    7264  0.00000E+00  0.00000E+00  0.18805E-02
      480.0000  0.90000E+02 -0.89611E+02  0.43200E+05 -0.38865E+04  0.00000E+00  0.00000E+00  0.30183E+02  0.29952E+03  0.48388E+03  0.00000E+00  0.00000E+00  0.00000E+00    7416  0.00000E+00  0.00000E+00  0.19210E-02
      490.0000  0.90000E+02 -0.90055E+02  0.44100E+05 -0.47856E+04  0.00000E+00  0.00000E+00  0.30198E+02  0.29951E+03  0.48627E+03  0.00000E+00  0.00000E+00  0.00000E+00    7568  0.00000E+00  0.00000E+00  0.19615E-02
      500.0000  0.90000E+02 -0.90042E+02  0.45000E+05 -0.56862E+04  0.00000E+00  0.00000E+00  0.30210E+02  0.29952E+03  0.48618E+03  0.00000E+00  0.00000E+00  0.00000E+00    7720  0.00000E+00  0.00000E+00  0.20232E-02
      510.0000  0.90000E+02 -0.90008E+02  0.45900E+05 -0.65864E+04  0.00000E+00  0.00000E+00  0.30190E+02  0.29952E+03  0.48601E+03  0.00000E+00  0.00000E+00  0.00000E+00    7872  0.00000E+00  0.00000E+00  0.20430E-02
      520.0000  0.90000E+02 -0.90000E+02  0.46800E+05 -0.74864E+04  0.00000E+00  0.00000E+00  0.30199E+02  0.29952E+03  0.48597E+03  0.00000E+00  0.00000E+00  0.00000E+00    8024  0.00000E+00  0.00000E+00  0.20628E-02
      530.0000  0.90000E+02 -0.90003E+02  0.47700E+05 -0.83864E+04  0.00000E+00  0.00000E+00  0.30197E+02  0.29951E+03  0.48597E+03  0.00000E+00  0.00000E+00  0.00000E+00    8176  0.00000E+00  0.00000E+00  0.21029E-02
      540.0000  0.90000E+02 -0.90001E+02  0.48600E+05 -0.92865E+04  0.00000E+00  0.00000E+00  0.30189E+02  0.29952E+03  0.48596E+03  0.00000E+00  0.00000E+00  0.00000E+00    8328  0.00000E+00  0.00000E+00  0.21233E-02
      550.0000  0.90000E+02 -0.90000E+02  0.49500E+05 -0.10186E+05  0.00000E+00  0.00000E+00  0.30186E+02  0.29952E+03  0.48596E+03  0.00000E+00  0.00000E+00  0.00000E+00    8480  0.00000E+00  0.00000E+00  0.21431E-02
      560.0000  0.90000E+02 -0.90000E+02  0.50400E+05 -0.11086E+05  0.00000E+00  0.00000E+00  0.30186E+02  0.29952E+03  0.48596E+03  0.00000E+00  0.00000E+00  0.00000E+00    8632  0.00000E+00  0.00000E+00  0.21640E-02
      570.0000  0.90000E+02 -0.89997E+02  0.51300E+05 -0.11986E+05  0.00000E+00  0.00000E+00  0.30208E+02  0.29952E+03  0.48596E+03  0.00000E+00  0.00000E+00  0.00000E+00    8784  0.00000E+00  0.00000E+00  0.22036E-02
      580.0000  0.90000E+02 -0.90000E+02  0.52200E+05 -0.12886E+05  0.00000E+00  0.00000E+00  0.30207E+02  0.29952E+03  0.48596E+03  0.00000E+00  0.00000E+00  0.00000E+00    8936  0.00000E+00  0.00000E+00  0.22242E-02
      590.0000  0.90000E+02 -0.90001E+02  0.53100E+05 -0.13786E+05  0.00000E+00  0.00000E+00  0.30211E+02  0.29952E+03  0.48596E+03  0.00000E+00  0.00000E+00  0.00000E+00    9088  0.00000E+00  0.00000E+00  0.22647E-02
      600.0000  0.90000E+02 -0.89998E+02  0.54000E+05 -0.14686E+05  0.00000E+00  0.00000E+00  0.30208E+02  0.29952E+03  0.48596E+03  0.00000E+00  0.00000E+00  0.00000E+00    9240  0.00000E+00  0.00000E+00  0.22647E-02
      610.0000  0.90000E+02 -0.90001E+02  0.54900E+05 -0.15586E+05  0.00000E+00  0.00000E+00  0.30183E+02  0.29952E+03  0.48596E+03  0.00000E+00  0.00000E+00  0.00000E+00    9392  0.00000E+00  0.00000E+00  0.22647E-02
      620.0000  0.90000E+02 -0.90000E+02  0.55800E+05 -0.16486E+05  0.00000E+00  0.00000E+00  0.30197E+02  0.29951E+03  0.48596E+03  0.00000E+00  0.00000E+00  0.00000E+00    9544  0.00000E+00  0.00000E+00  0.23255E-02
      630.0000  0.90000E+02 -0.90001E+02  0.56700E+05 -0.17386E+05  0.00000E+00  0.00000E+00  0.30182E+02  0.29952E+03  0.48596E+03  0.00000E+00  0.00000E+00  0.00000E+00    9696  0.00000E+00  0.00000E+00  0.23660E-02
      640.0000  0.90000E+02 -0.89998E+02  0.57600E+05 -0.18286E+05  0.00000E+00  0.00000E+00  0.30178E+02  0.29952E+03  0.48596E+03  0.00000E+00  0.00000E+00  0.00000E+00    9848  0.00000E+00  0.00000E+00  0.23867E-02
      650.0000  0.90000E+02 -0.90001E+02  0.58500E+05 -0.19186E+05  0.00000E+00  0.00000E+00  0.30201E+02  0.29952E+03  0.48596E+03  0.00000E+00  0.00000E+00  0.00000E+00   10000  0.00000E+00  0.00000E+00  0.24068E-02
      660.0000  0.90000E+02 -0.90000E+02  0.59400E+05 -0.20086E+05  0.00000E+00  0.00000E+00  0.30208E+02  0.29952E+03  0.48596E+03  0.00000E+00  0.00000E+00  0.00000E+00   10152  0.00000E+00  0.00000E+00  0.24471E-02
      670.0000  0.90000E+02 -0.90002E+02  0.60300E+05 -0.20986E+05  0.00000E+00  0.00000E+00  0.30202E+02  0.29951E+03  0.48596E+03  0.00000E+00  0.00000E+00  0.00000E+00   10304  0.00000E+00  0.00000E+00  0.24471E-02
      680.0000  0.90000E+02 -0.90003E+02  0.61200E+05 -0.21886E+05  0.00000E+00  0.00000E+00  0.30192E+02  0.29952E+03  0.48596E+03  0.00000E+00  0.00000E+00  0.00000E+00   10456  0.00000E+00  0.00000E+00  0.24669E-02
      690.0000  0.90000E+02 -0.89999E+02  0.62100E+05 -0.22786E+05  0.00000E+00  0.00000E+00  0.30199E+02  0.29951E+03  0.48596E+03  0.00000E+00  0.00000E+00  0.00000E+00   10608  0.00000E+00  0.00000E+00  0.24876E-02
      700.0000  0.90000E+02 -0.89999E+02  0.63000E+05 -0.23686E+05  0.00000E+00  0.00000E+00  0.30201E+02  0.29952E+03  0.48596E+03  0.00000E+00  0.00000E+00  0.00000E+00   10760  0.00000E+00  0.00000E+00  0.24876E-02
      710.0000  0.90000E+02 -0.90000E+02  0.63900E+05 -0.24586E+05  0.00000E+00  0.00000E+00  0.30200E+02  0.29952E+03  0.48596E+03  0.00000E+00  0.00000E+00  0.00000E+00   10912  0.00000E+00  0.00000E+00  0.25676E-02
      720.0000  0.90000E+02 -0.90002E+02  0.64800E+05 -0.25486E+05  0.00000E+00  0.00000E+00  0.30198E+02  0.29951E+03  0.48596E+03  0.00000E+00  0.00000E+00  0.00000E+00   11064  0.00000E+00  0.00000E+00  0.25878E-02
      730.0000  0.90000E+02 -0.90000E+02  0.65700E+05 -0.26386E+05  0.00000E+00  0.00000E+00  0.30179E+02  0.29952E+03  0.48596E+03  0.00000E+00  0.00000E+00  0.00000E+00   11216  0.00000E+00  0.00000E+00  0.26288E-02
      740.0000  0.90000E+02 -0.89998E+02  0.66600E+05 -0.27286E+05  0.00000E+00  0.00000E+00  0.30177E+02  0.29952E+03  0.48596E+03  0.00000E+00  0.00000E+00  0.00000E+00   11368  0.00000E+00  0.00000E+00  0.27526E-02
      750.0000  0.90000E+02 -0.90000E+02  0.67500E+05 -0.28186E+05  0.00000E+00  0.00000E+00  0.30181E+02  0.29951E+03  0.48596E+03  0.00000E+00  0.00000E+00  0.00000E+00   11520  0.00000E+00  0.00000E+00  0.27724E-02
      760.0000  0.90000E+02 -0.89999E+02  0.68400E+05 -0.29086E+05  0.00000E+00  0.00000E+00  0.30182E+02  0.29951E+03  0.48596E+03  0.00000E+00  0.00000E+00  0.00000E+00   11672  0.00000E+00  0.00000E+00  0.28564E-02
      770.0000  0.90000E+02 -0.90002E+02  0.69300E+05 -0.29986E+05  0.00000E+00  0.00000E+00  0.30195E+02  0.29952E+03  0.48596E+03  0.00000E+00  0.00000E+00  0.00000E+00   11824  0.00000E+00  0.00000E+00  0.28773E-02
      780.0000  0.90000E+02 -0.90001E+02  0.70200E+05 -0.30886E+05  0.00000E+00  0.00000E+00  0.30205E+02  0.29952E+03  0.48596E+03  0.00000E+00  0.00000E+00  0.00000E+00   11976  0.00000E+00  0.00000E+00  0.29169E-02
      790.0000  0.90000E+02 -0.89998E+02  0.71100E+05 -0.31786E+05  0.00000E+00  0.00000E+00  0.30188E+02  0.29952E+03  0.48596E+03  0.00000E+00  0.00000E+00  0.00000E+00   12128  0.00000E+00  0.00000E+00  0.29372E-02
      800.0000  0.90000E+02 -0.90001E+02  0.72000E+05 -0.32686E+05  0.00000E+00  0.00000E+00  0.30181E+02  0.29952E+03  0.48596E+03  0.00000E+00  0.00000E+00  0.00000E+00   12280  0.00000E+00  0.00000E+00  0.29996E-02
      810.0000  0.90000E+02 -0.89999E+02  0.72900E+05 -0.33586E+05  0.00000E+00  0.00000E+00  0.30186E+02  0.29952E+03  0.48596E+03  0.00000E+00  0.00000E+00  0.00000E+00   12432  0.00000E+00  0.00000E+00  0.31040E-02
      820.0000  0.90000E+02 -0.90001E+02  0.73800E+05 -0.34486E+05  0.00000E+00  0.00000E+00  0.30198E+02  0.29952E+03  0.48596E+03  0.00000E+00  0.00000E+00  0.00000E+00   12584  0.00000E+00  0.00000E+00  0.32059E-02
      830.0000  0.90000E+02 -0.90001E+02  0.74700E+05 -0.35386E+05  0.00000E+00  0.00000E+00  0.30197E+02  0.29952E+03  0.48596E+03  0.00000E+00  0.00000E+00  0.00000E+00   12736  0.00000E+00  0.00000E+00  0.32463E-02
      840.0000  0.90000E+02 -0.90001E+02  0.75600E+05 -0.36286E+05  0.00000E+00  0.00000E+00  0.30187E+02  0.29951E+03  0.48596E+03  0.00000E+00  0.00000E+00  0.00000E+00   12888  0.00000E+00  0.00000E+00  0.32463E-02
      850.0000  0.90000E+02 -0.90002E+02  0.76500E+05 -0.37186E+05  0.00000E+00  0.00000E+00  0.30201E+02  0.29952E+03  0.48596E+03  0.00000E+00  0.00000E+00  0.00000E+00   13040  0.00000E+00  0.00000E+00  0.32463E-02
      860.0000  0.90000E+02 -0.90001E+02  0.77400E+05 -0.38086E+05  0.00000E+00  0.00000E+00  0.30186E+02  0.29952E+03  0.48596E+03  0.00000E+00  0.00000E+00  0.00000E+00   13192  0.00000E+00  0.00000E+00  0.32463E-02
      870.0000  0.90000E+02 -0.90000E+02  0.78300E+05 -0.38986E+05  0.00000E+00  0.00000E+00  0.30183E+02  0.29952E+03  0.48596E+03  0.00000E+00  0.00000E+00  0.00000E+00   13344  0.00000E+00  0.00000E+00  0.32876E-02
      880.0000  0.90000E+02 -0.89998E+02  0.79200E+05 -0.39886E+05  0.00000E+00  0.00000E+00  0.30181E+02  0.29951E+03  0.48596E+03  0.00000E+00  0.00000E+00  0.00000E+00   13496  0.00000E+00  0.00000E+00  0.33098E-02
      890.0000  0.90000E+02 -0.90001E+02  0.80100E+05 -0.40786E+05  0.00000E+00  0.00000E+00  0.30198E+02  0.29952E+03  0.48596E+03  0.00000E+00  0.00000E+00  0.00000E+00   13648  0.00000E+00  0.00000E+00  0.33098E-02
      900.0000  0.90000E+02 -0.89999E+02  0.81000E+05 -0.41686E+05  0.00000E+00  0.00000E+00  0.30190E+02  0.29952E+03  0.48596E+03  0.00000E+00  0.00000E+00  0.00000E+00   13800  0.00000E+00  0.00000E+00  0.33098E-02
      910.0000  0.90000E+02 -0.89998E+02  0.81900E+05 -0.42586E+05  0.00000E+00  0.00000E+00  0.30182E+02  0.29952E+03  0.48596E+03  0.00000E+00  0.00000E+00  0.00000E+00   13952  0.00000E+00  0.00000E+00  0.34120E-02
      920.0000  0.90000E+02 -0.90001E+02  0.82800E+05 -0.43486E+05  0.00000E+00  0.00000E+00  0.30197E+02  0.29952E+03  0.48596E+03  0.00000E+00  0.00000E+00  0.00000E+00   14104  0.00000E+00  0.00000E+00  0.34939E-02
      930.0000  0.90000E+02 -0.89999E+02  0.83700E+05 -0.44386E+05  0.00000E+00  0.00000E+00  0.30194E+02  0.29952E+03  0.48596E+03  0.00000E+00  0.00000E+00  0.00000E+00   14256  0.00000E+00  0.00000E+00  0.35138E-02
      940.0000  0.90000E+02 -0.89999E+02  0.84600E+05 -0.45286E+05  0.00000E+00  0.00000E+00  0.30185E+02  0.29952E+03  0.48596E+03  0.00000E+00  0.00000E+00  0.00000E+00   14408  0.00000E+00  0.00000E+00  0.35780E-02
      950.0000  0.90000E+02 -0.90000E+02  0.85500E+05 -0.46186E+05  0.00000E+00  0.00000E+00  0.30197E+02  0.29952E+03  0.48596E+03  0.00000E+00  0.00000E+00  0.00000E+00   14560  0.00000E+00  0.00000E+00  0.36612E-02
      960.0000  0.90000E+02 -0.90001E+02  0.86400E+05 -0.47086E+05  0.00000E+00  0.00000E+00  0.30178E+02  0.29952E+03  0.48596E+03  0.00000E+00  0.00000E+00  0.00000E+00   14712  0.00000E+00  0.00000E+00  0.36810E-02
      970.0000  0.90000E+02 -0.90001E+02  0.87300E+05 -0.47987E+05  0.00000E+00  0.00000E+00  0.30200E+02  0.29951E+03  0.48596E+03  0.00000E+00  0.00000E+00  0.00000E+00   14864  0.00000E+00  0.00000E+00  0.36810E-02
      980.0000  0.90000E+02 -0.90001E+02  0.88200E+05 -0.48886E+05  0.00000E+00  0.00000E+00  0.30181E+02  0.29952E+03  0.48596E+03  0.00000E+00  0.00000E+00  0.00000E+00   15016  0.00000E+00  0.00000E+00  0.37007E-02
      990.0000  0.90000E+02 -0.89997E+02  0.89100E+05 -0.49787E+05  0.00000E+00  0.00000E+00  0.30201E+02  0.29952E+03  0.48596E+03  0.00000E+00  0.00000E+00  0.00000E+00   15168  0.00000E+00  0.00000E+00  0.37244E-02
     1000.0000  0.90000E+02 -0.89999E+02  0.90000E+05 -0.50686E+05  0.00000E+00  0.00000E+00  0.30185E+02  0.29952E+03  0.48596E+03  0.00000E+00  0.00000E+00  0.00000E+00   15320  0.00000E+00  0.00000E+00  0.37643E-02
end
