 ******* Program HYDRUS
 ******* 
 Welcome to HYDRUS-1D                                                    
 Date:  13. 3.    Time:  12:46:44
 Units: L = mm   , T = days , M = mmol 

       Time          rTop        rRoot        vTop         vRoot        vBot       sum(rTop)   sum(rRoot)    sum(vTop)   sum(vRoot)    sum(vBot)      hTop         hRoot        hBot        RunOff    sum(RunOff)     Volume     sum(Infil)    sum(Evap) TLevel Cum(WTrans)  SnowLayer
        [T]         [L/T]        [L/T]        [L/T]        [L/T]        [L/T]         [L]          [L]          [L]         [L]           [L]         [L]           [L]         [L]          [L/T]         [L]          [L]          [L]          [L]

      10.0000 -0.30000E+01  0.60000E+01 -0.30000E+01  0.28128E+01 -0.29768E-05 -0.30000E+02  0.60000E+02 -0.30000E+02  0.23888E+02 -0.29768E-04 -0.36767E+03 -0.24207E+04 -0.10000E+04  0.00000E+00  0.10729E-04  0.70812E+02  0.30000E+02  0.00000E+00    270  0.00000E+00      0.000
      20.0000 -0.30000E+01  0.60000E+01 -0.30000E+01  0.28357E+01 -0.29768E-05 -0.60000E+02  0.12000E+03 -0.60000E+02  0.52275E+02 -0.59537E-04 -0.36771E+03 -0.22241E+04 -0.10000E+04  0.00000E+00  0.11190E-04  0.72426E+02  0.60000E+02  0.00000E+00    424  0.00000E+00      0.000
      30.0000 -0.30000E+01  0.60000E+01 -0.30000E+01  0.28708E+01 -0.29768E-05 -0.90000E+02  0.18000E+03 -0.90000E+02  0.80857E+02 -0.89305E-04 -0.36732E+03 -0.20283E+04 -0.10000E+04  0.00000E+00  0.11190E-04  0.73846E+02  0.90000E+02  0.00000E+00    576  0.00000E+00      0.000
      40.0000 -0.30000E+01  0.60000E+01 -0.30000E+01  0.28770E+01 -0.29768E-05 -0.12000E+03  0.24000E+03 -0.12000E+03  0.10967E+03 -0.11907E-03 -0.36741E+03 -0.18702E+04 -0.10000E+04  0.00000E+00  0.11899E-04  0.75037E+02  0.12000E+03  0.00000E+00    728  0.00000E+00      0.000
      50.0000 -0.30000E+01  0.60000E+01 -0.30000E+01  0.28904E+01 -0.29768E-05 -0.15000E+03  0.30000E+03 -0.15000E+03  0.13859E+03 -0.14884E-03 -0.36779E+03 -0.17116E+04 -0.10000E+04  0.00000E+00  0.13903E-04  0.76117E+02  0.15000E+03  0.00000E+00    880  0.00000E+00      0.000
      60.0000 -0.30000E+01  0.60000E+01 -0.30000E+01  0.28897E+01 -0.29768E-05 -0.18000E+03  0.36000E+03 -0.18000E+03  0.16759E+03 -0.17861E-03 -0.36742E+03 -0.15561E+04 -0.10000E+04  0.00000E+00  0.16008E-04  0.77113E+02  0.18000E+03  0.00000E+00   1032  0.00000E+00      0.000
      70.0000 -0.30000E+01  0.60000E+01 -0.30000E+01  0.29077E+01 -0.29768E-05 -0.21000E+03  0.42000E+03 -0.21000E+03  0.19665E+03 -0.20838E-03 -0.36738E+03 -0.14274E+04 -0.10000E+04  0.00000E+00  0.17396E-04  0.78053E+02  0.21000E+03  0.00000E+00   1184  0.00000E+00      0.000
      80.0000 -0.30000E+01  0.60000E+01 -0.30000E+01  0.29124E+01 -0.29768E-05 -0.24000E+03  0.48000E+03 -0.24000E+03  0.22574E+03 -0.23815E-03 -0.36762E+03 -0.13025E+04 -0.10000E+04  0.00000E+00  0.18821E-04  0.78970E+02  0.24000E+03  0.00000E+00   1336  0.00000E+00      0.000
      90.0000 -0.30000E+01  0.60000E+01 -0.30000E+01  0.29091E+01 -0.29768E-05 -0.27000E+03  0.54000E+03 -0.27000E+03  0.25485E+03 -0.26791E-03 -0.36767E+03 -0.11659E+04 -0.10000E+04  0.00000E+00  0.18821E-04  0.79852E+02  0.27000E+03  0.00000E+00   1488  0.00000E+00      0.000
     100.0000 -0.30000E+01  0.60000E+01 -0.30000E+01  0.29094E+01 -0.29768E-05 -0.30000E+03  0.60000E+03 -0.30000E+03  0.28397E+03 -0.29768E-03 -0.36770E+03 -0.10431E+04 -0.10000E+04  0.00000E+00  0.18821E-04  0.80735E+02  0.30000E+03  0.00000E+00   1640  0.00000E+00      0.000
     110.0000 -0.30000E+01  0.60000E+01 -0.30000E+01  0.29069E+01 -0.29768E-05 -0.33000E+03  0.66000E+03 -0.33000E+03  0.31309E+03 -0.32745E-03 -0.36766E+03 -0.90690E+03 -0.10000E+04  0.00000E+00  0.20867E-04  0.81616E+02  0.33000E+03  0.00000E+00   1792  0.00000E+00      0.000
     120.0000 -0.30000E+01  0.60000E+01 -0.30000E+01  0.29076E+01 -0.29768E-05 -0.36000E+03  0.72000E+03 -0.36000E+03  0.34218E+03 -0.35722E-03 -0.36773E+03 -0.77135E+03 -0.10000E+04  0.00000E+00  0.21528E-04  0.82522E+02  0.36000E+03  0.00000E+00   1944  0.00000E+00      0.000
     130.0000 -0.30000E+01  0.60000E+01 -0.30000E+01  0.28967E+01 -0.29768E-05 -0.39000E+03  0.78000E+03 -0.39000E+03  0.37122E+03 -0.38699E-03 -0.36751E+03 -0.63529E+03 -0.10000E+04  0.00000E+00  0.22215E-04  0.83488E+02  0.39000E+03  0.00000E+00   2096  0.00000E+00      0.000
     140.0000 -0.30000E+01  0.60000E+01 -0.30000E+01  0.28756E+01 -0.29768E-05 -0.42000E+03  0.84000E+03 -0.42000E+03  0.40010E+03 -0.41676E-03 -0.36771E+03 -0.47549E+03 -0.10000E+04  0.00000E+00  0.22940E-04  0.84601E+02  0.42000E+03  0.00000E+00   2248  0.00000E+00      0.000
     150.0000 -0.30000E+01  0.60000E+01 -0.30000E+01  0.28396E+01 -0.29768E-05 -0.45000E+03  0.90000E+03 -0.45000E+03  0.42867E+03 -0.44652E-03 -0.36771E+03 -0.43449E+03 -0.10000E+04  0.00000E+00  0.25617E-04  0.86032E+02  0.45000E+03  0.00000E+00   2400  0.00000E+00      0.000
     160.0000 -0.30000E+01  0.60000E+01 -0.30000E+01  0.28197E+01 -0.29768E-05 -0.48000E+03  0.96000E+03 -0.48000E+03  0.45695E+03 -0.47629E-03 -0.36740E+03 -0.43361E+03 -0.10000E+04  0.00000E+00  0.25617E-04  0.87749E+02  0.48000E+03  0.00000E+00   2552  0.00000E+00      0.000
     170.0000 -0.30000E+01  0.60000E+01 -0.30000E+01  0.28150E+01 -0.29768E-05 -0.51000E+03  0.10200E+04 -0.51000E+03  0.48512E+03 -0.50606E-03 -0.36760E+03 -0.43347E+03 -0.10000E+04  0.00000E+00  0.25617E-04  0.89584E+02  0.51000E+03  0.00000E+00   2704  0.00000E+00      0.000
     180.0000 -0.30000E+01  0.60000E+01 -0.30000E+01  0.28148E+01 -0.29768E-05 -0.54000E+03  0.10800E+04 -0.54000E+03  0.51326E+03 -0.53583E-03 -0.36766E+03 -0.43345E+03 -0.10000E+04  0.00000E+00  0.26274E-04  0.91435E+02  0.54000E+03  0.00000E+00   2856  0.00000E+00      0.000
     190.0000 -0.30000E+01  0.60000E+01 -0.30000E+01  0.28148E+01 -0.29768E-05 -0.57000E+03  0.11400E+04 -0.57000E+03  0.54141E+03 -0.56560E-03 -0.36781E+03 -0.43345E+03 -0.10000E+04  0.00000E+00  0.27025E-04  0.93287E+02  0.57000E+03  0.00000E+00   3008  0.00000E+00      0.000
     200.0000 -0.30000E+01  0.60000E+01 -0.30000E+01  0.28147E+01 -0.29768E-05 -0.60000E+03  0.12000E+04 -0.60000E+03  0.56956E+03 -0.59537E-03 -0.36769E+03 -0.43345E+03 -0.10000E+04  0.00000E+00  0.28408E-04  0.95139E+02  0.60000E+03  0.00000E+00   3160  0.00000E+00      0.000
     210.0000 -0.30000E+01  0.60000E+01 -0.30000E+01  0.28148E+01 -0.29768E-05 -0.63000E+03  0.12600E+04 -0.63000E+03  0.59771E+03 -0.62513E-03 -0.36780E+03 -0.43345E+03 -0.10000E+04  0.00000E+00  0.29826E-04  0.96991E+02  0.63000E+03  0.00000E+00   3312  0.00000E+00      0.000
     220.0000 -0.30000E+01  0.60000E+01 -0.30000E+01  0.28148E+01 -0.29768E-05 -0.66000E+03  0.13200E+04 -0.66000E+03  0.62586E+03 -0.65490E-03 -0.36749E+03 -0.43346E+03 -0.10000E+04  0.00000E+00  0.31784E-04  0.98843E+02  0.66000E+03  0.00000E+00   3464  0.00000E+00      0.000
     230.0000 -0.30000E+01  0.60000E+01 -0.30000E+01  0.28148E+01 -0.29768E-05 -0.69000E+03  0.13800E+04 -0.69000E+03  0.65400E+03 -0.68467E-03 -0.36771E+03 -0.43345E+03 -0.10000E+04  0.00000E+00  0.32520E-04  0.10070E+03  0.69000E+03  0.00000E+00   3616  0.00000E+00      0.000
     240.0000 -0.30000E+01  0.60000E+01 -0.30000E+01  0.28148E+01 -0.37636E-02 -0.72000E+03  0.14400E+04 -0.72000E+03  0.68215E+03 -0.18943E-02 -0.36774E+03 -0.43345E+03 -0.64325E+03  0.00000E+00  0.33883E-04  0.10255E+03  0.72000E+03  0.00000E+00   3768  0.00000E+00      0.000
     250.0000 -0.30000E+01  0.60000E+01 -0.30000E+01  0.28148E+01 -0.18359E+00 -0.75000E+03  0.15000E+04 -0.75000E+03  0.71030E+03 -0.13689E+01 -0.36763E+03 -0.43345E+03 -0.45667E+03  0.00000E+00  0.35923E-04  0.10303E+03  0.75000E+03  0.00000E+00   3920  0.00000E+00      0.000
     260.0000 -0.30000E+01  0.60000E+01 -0.30000E+01  0.28148E+01 -0.18515E+00 -0.78000E+03  0.15600E+04 -0.78000E+03  0.73845E+03 -0.32167E+01 -0.36751E+03 -0.43346E+03 -0.45648E+03  0.00000E+00  0.35923E-04  0.10303E+03  0.78000E+03  0.00000E+00   4072  0.00000E+00      0.000
     270.0000 -0.30000E+01  0.60000E+01 -0.30000E+01  0.28148E+01 -0.18519E+00 -0.81000E+03  0.16200E+04 -0.81000E+03  0.76660E+03 -0.50685E+01 -0.36763E+03 -0.43345E+03 -0.45647E+03  0.00000E+00  0.35923E-04  0.10304E+03  0.81000E+03  0.00000E+00   4224  0.00000E+00      0.000
     280.0000 -0.30000E+01  0.60000E+01 -0.30000E+01  0.28148E+01 -0.18520E+00 -0.84000E+03  0.16800E+04 -0.84000E+03  0.79474E+03 -0.69205E+01 -0.36749E+03 -0.43345E+03 -0.45647E+03  0.00000E+00  0.36586E-04  0.10304E+03  0.84000E+03  0.00000E+00   4376  0.00000E+00      0.000
     290.0000 -0.30000E+01  0.60000E+01 -0.30000E+01  0.28148E+01 -0.18520E+00 -0.87000E+03  0.17400E+04 -0.87000E+03  0.82289E+03 -0.87725E+01 -0.36770E+03 -0.43345E+03 -0.45647E+03  0.00000E+00  0.38596E-04  0.10304E+03  0.87000E+03  0.00000E+00   4528  0.00000E+00      0.000
     300.0000 -0.30000E+01  0.60000E+01 -0.30000E+01  0.28148E+01 -0.18521E+00 -0.90000E+03  0.18000E+04 -0.90000E+03  0.85104E+03 -0.10625E+02 -0.36749E+03 -0.43345E+03 -0.45647E+03  0.00000E+00  0.39253E-04  0.10304E+03  0.90000E+03  0.00000E+00   4680  0.00000E+00      0.000
     310.0000 -0.30000E+01  0.60000E+01 -0.30000E+01  0.28148E+01 -0.18520E+00 -0.93000E+03  0.18600E+04 -0.93000E+03  0.87919E+03 -0.12477E+02 -0.36771E+03 -0.43345E+03 -0.45647E+03  0.00000E+00  0.39915E-04  0.10304E+03  0.93000E+03  0.00000E+00   4832  0.00000E+00      0.000
     320.0000 -0.30000E+01  0.60000E+01 -0.30000E+01  0.28148E+01 -0.18520E+00 -0.96000E+03  0.19200E+04 -0.96000E+03  0.90734E+03 -0.14329E+02 -0.36755E+03 -0.43345E+03 -0.45647E+03  0.10967E-04  0.43352E-04  0.10304E+03  0.96000E+03  0.00000E+00   4984  0.00000E+00      0.000
     330.0000 -0.30000E+01  0.60000E+01 -0.30000E+01  0.28148E+01 -0.18520E+00 -0.99000E+03  0.19800E+04 -0.99000E+03  0.93548E+03 -0.16181E+02 -0.36750E+03 -0.43345E+03 -0.45647E+03  0.00000E+00  0.44667E-04  0.10304E+03  0.99000E+03  0.00000E+00   5136  0.00000E+00      0.000
     340.0000 -0.30000E+01  0.60000E+01 -0.30000E+01  0.28148E+01 -0.18520E+00 -0.10200E+04  0.20400E+04 -0.10200E+04  0.96363E+03 -0.18032E+02 -0.36751E+03 -0.43346E+03 -0.45647E+03  0.00000E+00  0.46055E-04  0.10304E+03  0.10200E+04  0.00000E+00   5288  0.00000E+00      0.000
     350.0000 -0.30000E+01  0.60000E+01 -0.30000E+01  0.28148E+01 -0.18521E+00 -0.10500E+04  0.21000E+04 -0.10500E+04  0.99178E+03 -0.19885E+02 -0.36773E+03 -0.43345E+03 -0.45647E+03  0.00000E+00  0.47498E-04  0.10304E+03  0.10500E+04  0.00000E+00   5440  0.00000E+00      0.000
     360.0000 -0.30000E+01  0.60000E+01 -0.30000E+01  0.28148E+01 -0.18520E+00 -0.10800E+04  0.21600E+04 -0.10800E+04  0.10199E+04 -0.21737E+02 -0.36743E+03 -0.43346E+03 -0.45647E+03  0.00000E+00  0.47498E-04  0.10304E+03  0.10800E+04  0.00000E+00   5592  0.00000E+00      0.000
     370.0000 -0.30000E+01  0.60000E+01 -0.30000E+01  0.28148E+01 -0.18520E+00 -0.11100E+04  0.22200E+04 -0.11100E+04  0.10481E+04 -0.23588E+02 -0.36739E+03 -0.43346E+03 -0.45647E+03  0.00000E+00  0.49671E-04  0.10304E+03  0.11100E+04  0.00000E+00   5744  0.00000E+00      0.000
     380.0000 -0.30000E+01  0.60000E+01 -0.30000E+01  0.28148E+01 -0.18521E+00 -0.11400E+04  0.22800E+04 -0.11400E+04  0.10762E+04 -0.25441E+02 -0.36745E+03 -0.43346E+03 -0.45647E+03  0.00000E+00  0.50374E-04  0.10304E+03  0.11400E+04  0.00000E+00   5896  0.00000E+00      0.000
     390.0000 -0.30000E+01  0.60000E+01 -0.30000E+01  0.28148E+01 -0.18520E+00 -0.11700E+04  0.23400E+04 -0.11700E+04  0.11044E+04 -0.27293E+02 -0.36735E+03 -0.43346E+03 -0.45647E+03  0.00000E+00  0.52371E-04  0.10304E+03  0.11700E+04  0.00000E+00   6048  0.00000E+00      0.000
     400.0000 -0.30000E+01  0.60000E+01 -0.30000E+01  0.28148E+01 -0.18521E+00 -0.12000E+04  0.24000E+04 -0.12000E+04  0.11325E+04 -0.29145E+02 -0.36745E+03 -0.43346E+03 -0.45647E+03  0.00000E+00  0.53755E-04  0.10304E+03  0.12000E+04  0.00000E+00   6200  0.00000E+00      0.000
     410.0000 -0.30000E+01  0.60000E+01 -0.30000E+01  0.28148E+01 -0.18520E+00 -0.12300E+04  0.24600E+04 -0.12300E+04  0.11607E+04 -0.30997E+02 -0.36767E+03 -0.43346E+03 -0.45647E+03  0.00000E+00  0.55201E-04  0.10304E+03  0.12300E+04  0.00000E+00   6352  0.00000E+00      0.000
     420.0000 -0.30000E+01  0.60000E+01 -0.30000E+01  0.28148E+01 -0.18520E+00 -0.12600E+04  0.25200E+04 -0.12600E+04  0.11888E+04 -0.32849E+02 -0.36750E+03 -0.43346E+03 -0.45647E+03  0.00000E+00  0.55880E-04  0.10304E+03  0.12600E+04  0.00000E+00   6504  0.00000E+00      0.000
     430.0000 -0.30000E+01  0.60000E+01 -0.30000E+01  0.28148E+01 -0.18520E+00 -0.12900E+04  0.25800E+04 -0.12900E+04  0.12170E+04 -0.34701E+02 -0.36767E+03 -0.43346E+03 -0.45647E+03  0.00000E+00  0.57977E-04  0.10304E+03  0.12900E+04  0.00000E+00   6656  0.00000E+00      0.000
     440.0000 -0.30000E+01  0.60000E+01 -0.30000E+01  0.28148E+01 -0.18520E+00 -0.13200E+04  0.26400E+04 -0.13200E+04  0.12451E+04 -0.36553E+02 -0.36755E+03 -0.43346E+03 -0.45647E+03  0.00000E+00  0.60655E-04  0.10304E+03  0.13200E+04  0.00000E+00   6808  0.00000E+00      0.000
     450.0000 -0.30000E+01  0.60000E+01 -0.30000E+01  0.28148E+01 -0.18520E+00 -0.13500E+04  0.27000E+04 -0.13500E+04  0.12733E+04 -0.38405E+02 -0.36763E+03 -0.43345E+03 -0.45647E+03  0.00000E+00  0.61315E-04  0.10304E+03  0.13500E+04  0.00000E+00   6960  0.00000E+00      0.000
     460.0000 -0.30000E+01  0.60000E+01 -0.30000E+01  0.28148E+01 -0.18520E+00 -0.13800E+04  0.27600E+04 -0.13800E+04  0.13014E+04 -0.40257E+02 -0.36751E+03 -0.43346E+03 -0.45647E+03  0.00000E+00  0.61978E-04  0.10304E+03  0.13800E+04  0.00000E+00   7112  0.00000E+00      0.000
     470.0000 -0.30000E+01  0.60000E+01 -0.30000E+01  0.28147E+01 -0.18520E+00 -0.14100E+04  0.28200E+04 -0.14100E+04  0.13296E+04 -0.42109E+02 -0.36780E+03 -0.43345E+03 -0.45647E+03  0.00000E+00  0.62682E-04  0.10304E+03  0.14100E+04  0.00000E+00   7264  0.00000E+00      0.000
     480.0000 -0.30000E+01  0.60000E+01 -0.30000E+01  0.28148E+01 -0.18520E+00 -0.14400E+04  0.28800E+04 -0.14400E+04  0.13577E+04 -0.43961E+02 -0.36738E+03 -0.43346E+03 -0.45647E+03  0.00000E+00  0.64032E-04  0.10304E+03  0.14400E+04  0.00000E+00   7416  0.00000E+00      0.000
     490.0000 -0.30000E+01  0.60000E+01 -0.30000E+01  0.28148E+01 -0.18520E+00 -0.14700E+04  0.29400E+04 -0.14700E+04  0.13859E+04 -0.45813E+02 -0.36751E+03 -0.43345E+03 -0.45647E+03  0.00000E+00  0.65384E-04  0.10304E+03  0.14700E+04  0.00000E+00   7568  0.00000E+00      0.000
     500.0000 -0.30000E+01  0.60000E+01 -0.30000E+01  0.28148E+01 -0.18520E+00 -0.15000E+04  0.30000E+04 -0.15000E+04  0.14140E+04 -0.47665E+02 -0.36758E+03 -0.43345E+03 -0.45647E+03  0.00000E+00  0.67439E-04  0.10304E+03  0.15000E+04  0.00000E+00   7720  0.00000E+00      0.000
     510.0000 -0.30000E+01  0.60000E+01 -0.30000E+01  0.28148E+01 -0.18520E+00 -0.15300E+04  0.30600E+04 -0.15300E+04  0.14421E+04 -0.49517E+02 -0.36746E+03 -0.43346E+03 -0.45647E+03  0.00000E+00  0.68100E-04  0.10304E+03  0.15300E+04  0.00000E+00   7872  0.00000E+00      0.000
     520.0000 -0.30000E+01  0.60000E+01 -0.30000E+01  0.28148E+01 -0.18519E+00 -0.15600E+04  0.31200E+04 -0.15600E+04  0.14703E+04 -0.51368E+02 -0.36751E+03 -0.43346E+03 -0.45647E+03  0.00000E+00  0.68761E-04  0.10304E+03  0.15600E+04  0.00000E+00   8024  0.00000E+00      0.000
     530.0000 -0.30000E+01  0.60000E+01 -0.30000E+01  0.28148E+01 -0.18520E+00 -0.15900E+04  0.31800E+04 -0.15900E+04  0.14984E+04 -0.53220E+02 -0.36750E+03 -0.43346E+03 -0.45647E+03  0.00000E+00  0.70096E-04  0.10304E+03  0.15900E+04  0.00000E+00   8176  0.00000E+00      0.000
     540.0000 -0.30000E+01  0.60000E+01 -0.30000E+01  0.28148E+01 -0.18520E+00 -0.16200E+04  0.32400E+04 -0.16200E+04  0.15266E+04 -0.55072E+02 -0.36744E+03 -0.43346E+03 -0.45647E+03  0.00000E+00  0.70775E-04  0.10304E+03  0.16200E+04  0.00000E+00   8328  0.00000E+00      0.000
     550.0000 -0.30000E+01  0.60000E+01 -0.30000E+01  0.28148E+01 -0.18520E+00 -0.16500E+04  0.33000E+04 -0.16500E+04  0.15547E+04 -0.56924E+02 -0.36740E+03 -0.43346E+03 -0.45647E+03  0.00000E+00  0.71437E-04  0.10304E+03  0.16500E+04  0.00000E+00   8480  0.00000E+00      0.000
     560.0000 -0.30000E+01  0.60000E+01 -0.30000E+01  0.28148E+01 -0.18520E+00 -0.16800E+04  0.33600E+04 -0.16800E+04  0.15829E+04 -0.58777E+02 -0.36742E+03 -0.43346E+03 -0.45647E+03  0.00000E+00  0.72132E-04  0.10304E+03  0.16800E+04  0.00000E+00   8632  0.00000E+00      0.000
     570.0000 -0.30000E+01  0.60000E+01 -0.30000E+01  0.28148E+01 -0.18519E+00 -0.17100E+04  0.34200E+04 -0.17100E+04  0.16110E+04 -0.60628E+02 -0.36766E+03 -0.43345E+03 -0.45647E+03  0.00000E+00  0.73452E-04  0.10304E+03  0.17100E+04  0.00000E+00   8784  0.00000E+00      0.000
     580.0000 -0.30000E+01  0.60000E+01 -0.30000E+01  0.28148E+01 -0.18520E+00 -0.17400E+04  0.34800E+04 -0.17400E+04  0.16392E+04 -0.62480E+02 -0.36780E+03 -0.43345E+03 -0.45647E+03  0.00000E+00  0.74140E-04  0.10304E+03  0.17400E+04  0.00000E+00   8936  0.00000E+00      0.000
     590.0000 -0.30000E+01  0.60000E+01 -0.30000E+01  0.28148E+01 -0.18520E+00 -0.17700E+04  0.35400E+04 -0.17700E+04  0.16673E+04 -0.64332E+02 -0.36760E+03 -0.43345E+03 -0.45647E+03  0.00000E+00  0.75490E-04  0.10304E+03  0.17700E+04  0.00000E+00   9088  0.00000E+00      0.000
     600.0000 -0.30000E+01  0.60000E+01 -0.30000E+01  0.28148E+01 -0.18520E+00 -0.18000E+04  0.36000E+04 -0.18000E+04  0.16955E+04 -0.66184E+02 -0.36775E+03 -0.43345E+03 -0.45647E+03  0.00000E+00  0.75490E-04  0.10304E+03  0.18000E+04  0.00000E+00   9240  0.00000E+00      0.000
     610.0000 -0.30000E+01  0.60000E+01 -0.30000E+01  0.28148E+01 -0.18520E+00 -0.18300E+04  0.36600E+04 -0.18300E+04  0.17236E+04 -0.68036E+02 -0.36737E+03 -0.43346E+03 -0.45647E+03  0.00000E+00  0.75490E-04  0.10304E+03  0.18300E+04  0.00000E+00   9392  0.00000E+00      0.000
     620.0000 -0.30000E+01  0.60000E+01 -0.30000E+01  0.28148E+01 -0.18520E+00 -0.18600E+04  0.37200E+04 -0.18600E+04  0.17518E+04 -0.69888E+02 -0.36759E+03 -0.43345E+03 -0.45647E+03  0.00000E+00  0.77518E-04  0.10304E+03  0.18600E+04  0.00000E+00   9544  0.00000E+00      0.000
     630.0000 -0.30000E+01  0.60000E+01 -0.30000E+01  0.28148E+01 -0.18520E+00 -0.18900E+04  0.37800E+04 -0.18900E+04  0.17799E+04 -0.71740E+02 -0.36741E+03 -0.43346E+03 -0.45647E+03  0.00000E+00  0.78867E-04  0.10304E+03  0.18900E+04  0.00000E+00   9696  0.00000E+00      0.000
     640.0000 -0.30000E+01  0.60000E+01 -0.30000E+01  0.28148E+01 -0.18520E+00 -0.19200E+04  0.38400E+04 -0.19200E+04  0.18081E+04 -0.73592E+02 -0.36738E+03 -0.43346E+03 -0.45647E+03  0.00000E+00  0.79555E-04  0.10304E+03  0.19200E+04  0.00000E+00   9848  0.00000E+00      0.000
     650.0000 -0.30000E+01  0.60000E+01 -0.30000E+01  0.28147E+01 -0.18520E+00 -0.19500E+04  0.39000E+04 -0.19500E+04  0.18362E+04 -0.75444E+02 -0.36762E+03 -0.43346E+03 -0.45647E+03  0.00000E+00  0.80227E-04  0.10304E+03  0.19500E+04  0.00000E+00  10000  0.00000E+00      0.000
     660.0000 -0.30000E+01  0.60000E+01 -0.30000E+01  0.28147E+01 -0.18520E+00 -0.19800E+04  0.39600E+04 -0.19800E+04  0.18644E+04 -0.77296E+02 -0.36771E+03 -0.43346E+03 -0.45647E+03  0.00000E+00  0.81570E-04  0.10304E+03  0.19800E+04  0.00000E+00  10152  0.00000E+00      0.000
     670.0000 -0.30000E+01  0.60000E+01 -0.30000E+01  0.28149E+01 -0.18520E+00 -0.20100E+04  0.40200E+04 -0.20100E+04  0.18925E+04 -0.79148E+02 -0.36753E+03 -0.43345E+03 -0.45647E+03  0.00000E+00  0.81570E-04  0.10304E+03  0.20100E+04  0.00000E+00  10304  0.00000E+00      0.000
     680.0000 -0.30000E+01  0.60000E+01 -0.30000E+01  0.28148E+01 -0.18521E+00 -0.20400E+04  0.40800E+04 -0.20400E+04  0.19207E+04 -0.81000E+02 -0.36760E+03 -0.43345E+03 -0.45647E+03  0.00000E+00  0.82231E-04  0.10304E+03  0.20400E+04  0.00000E+00  10456  0.00000E+00      0.000
     690.0000 -0.30000E+01  0.60000E+01 -0.30000E+01  0.28148E+01 -0.18520E+00 -0.20700E+04  0.41400E+04 -0.20700E+04  0.19488E+04 -0.82852E+02 -0.36770E+03 -0.43345E+03 -0.45647E+03  0.00000E+00  0.82920E-04  0.10304E+03  0.20700E+04  0.00000E+00  10608  0.00000E+00      0.000
     700.0000 -0.30000E+01  0.60000E+01 -0.30000E+01  0.28148E+01 -0.18520E+00 -0.21000E+04  0.42000E+04 -0.21000E+04  0.19770E+04 -0.84704E+02 -0.36744E+03 -0.43345E+03 -0.45647E+03  0.00000E+00  0.82920E-04  0.10304E+03  0.21000E+04  0.00000E+00  10760  0.00000E+00      0.000
     710.0000 -0.30000E+01  0.60000E+01 -0.30000E+01  0.28148E+01 -0.18520E+00 -0.21300E+04  0.42600E+04 -0.21300E+04  0.20051E+04 -0.86556E+02 -0.36747E+03 -0.43345E+03 -0.45647E+03  0.00000E+00  0.85585E-04  0.10304E+03  0.21300E+04  0.00000E+00  10912  0.00000E+00      0.000
     720.0000 -0.30000E+01  0.60000E+01 -0.30000E+01  0.28148E+01 -0.18520E+00 -0.21600E+04  0.43200E+04 -0.21600E+04  0.20333E+04 -0.88408E+02 -0.36735E+03 -0.43346E+03 -0.45647E+03  0.00000E+00  0.86259E-04  0.10304E+03  0.21600E+04  0.00000E+00  11064  0.00000E+00      0.000
     730.0000 -0.30000E+01  0.60000E+01 -0.30000E+01  0.28148E+01 -0.18520E+00 -0.21900E+04  0.43800E+04 -0.21900E+04  0.20614E+04 -0.90260E+02 -0.36757E+03 -0.43346E+03 -0.45647E+03  0.00000E+00  0.87626E-04  0.10304E+03  0.21900E+04  0.00000E+00  11216  0.00000E+00      0.000
     740.0000 -0.30000E+01  0.60000E+01 -0.30000E+01  0.28148E+01 -0.18520E+00 -0.22200E+04  0.44400E+04 -0.22200E+04  0.20895E+04 -0.92112E+02 -0.36754E+03 -0.43346E+03 -0.45647E+03  0.00000E+00  0.91752E-04  0.10304E+03  0.22200E+04  0.00000E+00  11368  0.00000E+00      0.000
     750.0000 -0.30000E+01  0.60000E+01 -0.30000E+01  0.28148E+01 -0.18520E+00 -0.22500E+04  0.45000E+04 -0.22500E+04  0.21177E+04 -0.93964E+02 -0.36749E+03 -0.43345E+03 -0.45647E+03  0.00000E+00  0.92413E-04  0.10304E+03  0.22500E+04  0.00000E+00  11520  0.00000E+00      0.000
     760.0000 -0.30000E+01  0.60000E+01 -0.30000E+01  0.28148E+01 -0.18520E+00 -0.22800E+04  0.45600E+04 -0.22800E+04  0.21458E+04 -0.95816E+02 -0.36752E+03 -0.43345E+03 -0.45647E+03  0.00000E+00  0.95215E-04  0.10304E+03  0.22800E+04  0.00000E+00  11672  0.00000E+00      0.000
     770.0000 -0.30000E+01  0.60000E+01 -0.30000E+01  0.28148E+01 -0.18520E+00 -0.23100E+04  0.46200E+04 -0.23100E+04  0.21740E+04 -0.97668E+02 -0.36765E+03 -0.43345E+03 -0.45647E+03  0.00000E+00  0.95909E-04  0.10304E+03  0.23100E+04  0.00000E+00  11824  0.00000E+00      0.000
     780.0000 -0.30000E+01  0.60000E+01 -0.30000E+01  0.28148E+01 -0.18520E+00 -0.23400E+04  0.46800E+04 -0.23400E+04  0.22021E+04 -0.99520E+02 -0.36776E+03 -0.43345E+03 -0.45647E+03  0.00000E+00  0.97231E-04  0.10304E+03  0.23400E+04  0.00000E+00  11976  0.00000E+00      0.000
     790.0000 -0.30000E+01  0.60000E+01 -0.30000E+01  0.28148E+01 -0.18519E+00 -0.23700E+04  0.47400E+04 -0.23700E+04  0.22303E+04 -0.10137E+03 -0.36771E+03 -0.43346E+03 -0.45647E+03  0.00000E+00  0.97905E-04  0.10304E+03  0.23700E+04  0.00000E+00  12128  0.00000E+00      0.000
     800.0000 -0.30000E+01  0.60000E+01 -0.30000E+01  0.28148E+01 -0.18520E+00 -0.24000E+04  0.48000E+04 -0.24000E+04  0.22584E+04 -0.10322E+03 -0.36748E+03 -0.43346E+03 -0.45647E+03  0.00000E+00  0.99985E-04  0.10304E+03  0.24000E+04  0.00000E+00  12280  0.00000E+00      0.000
     810.0000 -0.30000E+01  0.60000E+01 -0.30000E+01  0.28147E+01 -0.18520E+00 -0.24300E+04  0.48600E+04 -0.24300E+04  0.22866E+04 -0.10508E+03 -0.36763E+03 -0.43346E+03 -0.45647E+03  0.00000E+00  0.10347E-03  0.10304E+03  0.24300E+04  0.00000E+00  12432  0.00000E+00      0.000
     820.0000 -0.30000E+01  0.60000E+01 -0.30000E+01  0.28148E+01 -0.18520E+00 -0.24600E+04  0.49200E+04 -0.24600E+04  0.23147E+04 -0.10693E+03 -0.36754E+03 -0.43345E+03 -0.45647E+03  0.00000E+00  0.10686E-03  0.10304E+03  0.24600E+04  0.00000E+00  12584  0.00000E+00      0.000
     830.0000 -0.30000E+01  0.60000E+01 -0.30000E+01  0.28148E+01 -0.18520E+00 -0.24900E+04  0.49800E+04 -0.24900E+04  0.23429E+04 -0.10878E+03 -0.36768E+03 -0.43345E+03 -0.45647E+03  0.00000E+00  0.10821E-03  0.10304E+03  0.24900E+04  0.00000E+00  12736  0.00000E+00      0.000
     840.0000 -0.30000E+01  0.60000E+01 -0.30000E+01  0.28148E+01 -0.18520E+00 -0.25200E+04  0.50400E+04 -0.25200E+04  0.23710E+04 -0.11063E+03 -0.36753E+03 -0.43345E+03 -0.45647E+03  0.00000E+00  0.10821E-03  0.10304E+03  0.25200E+04  0.00000E+00  12888  0.00000E+00      0.000
     850.0000 -0.30000E+01  0.60000E+01 -0.30000E+01  0.28148E+01 -0.18520E+00 -0.25500E+04  0.51000E+04 -0.25500E+04  0.23992E+04 -0.11248E+03 -0.36745E+03 -0.43345E+03 -0.45647E+03  0.00000E+00  0.10821E-03  0.10304E+03  0.25500E+04  0.00000E+00  13040  0.00000E+00      0.000
     860.0000 -0.30000E+01  0.60000E+01 -0.30000E+01  0.28147E+01 -0.18520E+00 -0.25800E+04  0.51600E+04 -0.25800E+04  0.24273E+04 -0.11434E+03 -0.36763E+03 -0.43346E+03 -0.45647E+03  0.00000E+00  0.10821E-03  0.10304E+03  0.25800E+04  0.00000E+00  13192  0.00000E+00      0.000
     870.0000 -0.30000E+01  0.60000E+01 -0.30000E+01  0.28148E+01 -0.18520E+00 -0.26100E+04  0.52200E+04 -0.26100E+04  0.24555E+04 -0.11619E+03 -0.36737E+03 -0.43346E+03 -0.45647E+03  0.00000E+00  0.10959E-03  0.10304E+03  0.26100E+04  0.00000E+00  13344  0.00000E+00      0.000
     880.0000 -0.30000E+01  0.60000E+01 -0.30000E+01  0.28148E+01 -0.18520E+00 -0.26400E+04  0.52800E+04 -0.26400E+04  0.24836E+04 -0.11804E+03 -0.36750E+03 -0.43345E+03 -0.45647E+03  0.00000E+00  0.11033E-03  0.10304E+03  0.26400E+04  0.00000E+00  13496  0.00000E+00      0.000
     890.0000 -0.30000E+01  0.60000E+01 -0.30000E+01  0.28148E+01 -0.18520E+00 -0.26700E+04  0.53400E+04 -0.26700E+04  0.25118E+04 -0.11989E+03 -0.36774E+03 -0.43345E+03 -0.45647E+03  0.00000E+00  0.11033E-03  0.10304E+03  0.26700E+04  0.00000E+00  13648  0.00000E+00      0.000
     900.0000 -0.30000E+01  0.60000E+01 -0.30000E+01  0.28148E+01 -0.18520E+00 -0.27000E+04  0.54000E+04 -0.27000E+04  0.25399E+04 -0.12174E+03 -0.36758E+03 -0.43345E+03 -0.45647E+03  0.00000E+00  0.11033E-03  0.10304E+03  0.27000E+04  0.00000E+00  13800  0.00000E+00      0.000
     910.0000 -0.30000E+01  0.60000E+01 -0.30000E+01  0.28148E+01 -0.18520E+00 -0.27300E+04  0.54600E+04 -0.27300E+04  0.25681E+04 -0.12360E+03 -0.36752E+03 -0.43345E+03 -0.45647E+03  0.00000E+00  0.11373E-03  0.10304E+03  0.27300E+04  0.00000E+00  13952  0.00000E+00      0.000
     920.0000 -0.30000E+01  0.60000E+01 -0.30000E+01  0.28148E+01 -0.18520E+00 -0.27600E+04  0.55200E+04 -0.27600E+04  0.25962E+04 -0.12545E+03 -0.36769E+03 -0.43345E+03 -0.45647E+03  0.00000E+00  0.11646E-03  0.10304E+03  0.27600E+04  0.00000E+00  14104  0.00000E+00      0.000
     930.0000 -0.30000E+01  0.60000E+01 -0.30000E+01  0.28148E+01 -0.18520E+00 -0.27900E+04  0.55800E+04 -0.27900E+04  0.26244E+04 -0.12730E+03 -0.36733E+03 -0.43346E+03 -0.45647E+03  0.00000E+00  0.11713E-03  0.10304E+03  0.27900E+04  0.00000E+00  14256  0.00000E+00      0.000
     940.0000 -0.30000E+01  0.60000E+01 -0.30000E+01  0.28148E+01 -0.18520E+00 -0.28200E+04  0.56400E+04 -0.28200E+04  0.26525E+04 -0.12915E+03 -0.36740E+03 -0.43346E+03 -0.45647E+03  0.00000E+00  0.11927E-03  0.10304E+03  0.28200E+04  0.00000E+00  14408  0.00000E+00      0.000
     950.0000 -0.30000E+01  0.60000E+01 -0.30000E+01  0.28148E+01 -0.18520E+00 -0.28500E+04  0.57000E+04 -0.28500E+04  0.26806E+04 -0.13100E+03 -0.36760E+03 -0.43345E+03 -0.45647E+03  0.00000E+00  0.12204E-03  0.10304E+03  0.28500E+04  0.00000E+00  14560  0.00000E+00      0.000
     960.0000 -0.30000E+01  0.60000E+01 -0.30000E+01  0.28147E+01 -0.18520E+00 -0.28800E+04  0.57600E+04 -0.28800E+04  0.27088E+04 -0.13286E+03 -0.36738E+03 -0.43347E+03 -0.45647E+03  0.00000E+00  0.12270E-03  0.10304E+03  0.28800E+04  0.00000E+00  14712  0.00000E+00      0.000
     970.0000 -0.30000E+01  0.60000E+01 -0.30000E+01  0.28148E+01 -0.18520E+00 -0.29100E+04  0.58200E+04 -0.29100E+04  0.27369E+04 -0.13471E+03 -0.36770E+03 -0.43345E+03 -0.45647E+03  0.00000E+00  0.12270E-03  0.10304E+03  0.29100E+04  0.00000E+00  14864  0.00000E+00      0.000
     980.0000 -0.30000E+01  0.60000E+01 -0.30000E+01  0.28148E+01 -0.18520E+00 -0.29400E+04  0.58800E+04 -0.29400E+04  0.27651E+04 -0.13656E+03 -0.36745E+03 -0.43346E+03 -0.45647E+03  0.00000E+00  0.12336E-03  0.10304E+03  0.29400E+04  0.00000E+00  15016  0.00000E+00      0.000
     990.0000 -0.30000E+01  0.60000E+01 -0.30000E+01  0.28148E+01 -0.18519E+00 -0.29700E+04  0.59400E+04 -0.29700E+04  0.27932E+04 -0.13841E+03 -0.36774E+03 -0.43345E+03 -0.45647E+03  0.00000E+00  0.12415E-03  0.10304E+03  0.29700E+04  0.00000E+00  15168  0.00000E+00      0.000
    1000.0000 -0.30000E+01  0.60000E+01 -0.30000E+01  0.28148E+01 -0.18520E+00 -0.30000E+04  0.60000E+04 -0.30000E+04  0.28214E+04 -0.14026E+03 -0.36750E+03 -0.43345E+03 -0.45647E+03  0.00000E+00  0.12548E-03  0.10304E+03  0.30000E+04  0.00000E+00  15320  0.00000E+00      0.000
end
