 ******* Program HYDRUS
 ******* 
 Welcome to HYDRUS-1D                                                    
 Date:  13. 3.    Time:  12:47:36
 Units: L = mm   , T = days , M = mmol 

----------------------------------------------------------
 Time       [T]        0.0000
----------------------------------------------------------
 Sub-region num.                     1
----------------------------------------------------------
 Length   [L]        0.10000E+04  0.10000E+04
 W-volume [L]        0.64709E+02  0.64709E+02
 In-flow  [L/T]      0.00000E+00  0.00000E+00
 h Mean   [L]       -0.10000E+04 -0.10000E+04
 ConcVol  [M/L2] 1   0.00000E+00  0.00000E+00
 cMean    [M/L3] 1   0.00000E+00  0.00000E+00
 Top Flux [L/T]     -0.29768E-05
 Bot Flux [L/T]     -0.29768E-05
----------------------------------------------------------

----------------------------------------------------------
 Time       [T]      200.0000
----------------------------------------------------------
 Sub-region num.                     1
----------------------------------------------------------
 Length   [L]        0.10000E+04  0.10000E+04
 W-volume [L]        0.12604E+03  0.12604E+03
 In-flow  [L/T]     -0.13424E-02 -0.13424E-02
 h Mean   [L]       -0.37282E+03 -0.37282E+03
 ConcVol  [M/L2] 1   0.18480E+05  0.18480E+05
 cMean    [M/L3] 1   0.14827E+03  0.14827E+03
 Top Flux [L/T]     -0.59504E+01
 Bot Flux [L/T]     -0.94926E+00
 WatBalT  [L]        0.19199E-01
 WatBalR  [%]              0.001
 CncBalT  [M]    1   0.58844E+02
 CncBalR  [%]    1         0.110
----------------------------------------------------------

----------------------------------------------------------
 Time       [T]      400.0000
----------------------------------------------------------
 Sub-region num.                     1
----------------------------------------------------------
 Length   [L]        0.10000E+04  0.10000E+04
 W-volume [L]        0.12604E+03  0.12604E+03
 In-flow  [L/T]     -0.11702E-02 -0.11702E-02
 h Mean   [L]       -0.37282E+03 -0.37282E+03
 ConcVol  [M/L2] 1   0.18480E+05  0.18480E+05
 cMean    [M/L3] 1   0.14827E+03  0.14827E+03
 Top Flux [L/T]     -0.59504E+01
 Bot Flux [L/T]     -0.94917E+00
 WatBalT  [L]        0.17891E-01
 WatBalR  [%]              0.000
 CncBalT  [M]    1   0.58785E+02
 CncBalR  [%]    1         0.047
----------------------------------------------------------

----------------------------------------------------------
 Time       [T]      600.0000
----------------------------------------------------------
 Sub-region num.                     1
----------------------------------------------------------
 Length   [L]        0.10000E+04  0.10000E+04
 W-volume [L]        0.12604E+03  0.12604E+03
 In-flow  [L/T]     -0.85170E-04 -0.85170E-04
 h Mean   [L]       -0.37282E+03 -0.37282E+03
 ConcVol  [M/L2] 1   0.18480E+05  0.18480E+05
 cMean    [M/L3] 1   0.14827E+03  0.14827E+03
 Top Flux [L/T]     -0.59504E+01
 Bot Flux [L/T]     -0.94806E+00
 WatBalT  [L]        0.16705E-01
 WatBalR  [%]              0.000
 CncBalT  [M]    1   0.58773E+02
 CncBalR  [%]    1         0.030
----------------------------------------------------------

----------------------------------------------------------
 Time       [T]      800.0000
----------------------------------------------------------
 Sub-region num.                     1
----------------------------------------------------------
 Length   [L]        0.10000E+04  0.10000E+04
 W-volume [L]        0.12604E+03  0.12604E+03
 In-flow  [L/T]     -0.37034E-03 -0.37034E-03
 h Mean   [L]       -0.37282E+03 -0.37282E+03
 ConcVol  [M/L2] 1   0.18480E+05  0.18480E+05
 cMean    [M/L3] 1   0.14827E+03  0.14827E+03
 Top Flux [L/T]     -0.59504E+01
 Bot Flux [L/T]     -0.94843E+00
 WatBalT  [L]        0.15480E-01
 WatBalR  [%]              0.000
 CncBalT  [M]    1   0.58721E+02
 CncBalR  [%]    1         0.022
----------------------------------------------------------

----------------------------------------------------------
 Time       [T]     1000.0000
----------------------------------------------------------
 Sub-region num.                     1
----------------------------------------------------------
 Length   [L]        0.10000E+04  0.10000E+04
 W-volume [L]        0.12604E+03  0.12604E+03
 In-flow  [L/T]     -0.48882E-03 -0.48882E-03
 h Mean   [L]       -0.37282E+03 -0.37282E+03
 ConcVol  [M/L2] 1   0.18480E+05  0.18480E+05
 cMean    [M/L3] 1   0.14827E+03  0.14827E+03
 Top Flux [L/T]     -0.59504E+01
 Bot Flux [L/T]     -0.94852E+00
 WatBalT  [L]        0.14408E-01
 WatBalR  [%]              0.000
 CncBalT  [M]    1   0.58637E+02
 CncBalR  [%]    1         0.017
----------------------------------------------------------
 
 Calculation time [sec]   9.41999998688698     
