 ******* Program HYDRUS
 ******* 
 Welcome to HYDRUS-1D                                                    
 Date:  13. 3.    Time:  12:47:36
 Units: L = mm   , T = days , M = mmol 


    TLevel      Time           dt     ItrW ItrC    ItCum  KodT  KodB Converg  Peclet   Courant

      472  0.1000000E+02  0.20675E-01    3    1     2000    -4    -5     T     5.868     0.178
      759  0.2000000E+02  0.19947E-01    2    1     2664    -4    -5     T     5.833     0.171
     1046  0.3000000E+02  0.20687E-01    2    1     3388    -4    -5     T     5.869     0.178
     1337  0.4000000E+02  0.30557E-01    2    1     4487    -4    -5     T     6.399     0.262
     1642  0.5000000E+02  0.31480E-01    5    1     6200    -4    -5     T     6.454     0.270
     1949  0.6000000E+02  0.32190E-01    5    1     7896    -4    -5     T     6.497     0.276
     2256  0.7000000E+02  0.32190E-01    5    1     9600    -4    -5     T     6.497     0.276
     2563  0.8000000E+02  0.32190E-01    5    1    11299    -4    -5     T     6.497     0.276
     2870  0.9000000E+02  0.32190E-01    5    1    12997    -4    -5     T     6.497     0.276
     3177  0.1000000E+03  0.32190E-01    6    1    14686    -4    -5     T     6.497     0.276
     3484  0.1100000E+03  0.32190E-01    5    1    16376    -4    -5     T     6.497     0.276
     3791  0.1200000E+03  0.32190E-01    5    1    18087    -4    -5     T     6.497     0.276
     4098  0.1300000E+03  0.32190E-01    5    1    19788    -4    -5     T     6.497     0.276
     4405  0.1400000E+03  0.32190E-01    5    1    21477    -4    -5     T     6.497     0.276
     4712  0.1500000E+03  0.32190E-01    5    1    23186    -4    -5     T     6.497     0.276
     5019  0.1600000E+03  0.32190E-01    5    1    24883    -4    -5     T     6.497     0.276
     5326  0.1700000E+03  0.32190E-01    5    1    26581    -4    -5     T     6.497     0.276
     5633  0.1800000E+03  0.32190E-01    5    1    28288    -4    -5     T     6.497     0.276
     5940  0.1900000E+03  0.32190E-01    5    1    29992    -4    -5     T     6.497     0.276
     6247  0.2000000E+03  0.32190E-01    5    1    31685    -4    -5     T     6.497     0.276
     6554  0.2100000E+03  0.32190E-01    6    1    33390    -4    -5     T     6.497     0.276
     6861  0.2200000E+03  0.32190E-01    6    1    35097    -4    -5     T     6.497     0.276
     7168  0.2300000E+03  0.32190E-01    5    1    36804    -4    -5     T     6.497     0.276
     7475  0.2400000E+03  0.32190E-01    5    1    38507    -4    -5     T     6.497     0.276
     7782  0.2500000E+03  0.32190E-01    6    1    40201    -4    -5     T     6.497     0.276
     8089  0.2600000E+03  0.32190E-01    5    1    41901    -4    -5     T     6.497     0.276
     8396  0.2700000E+03  0.32190E-01    5    1    43594    -4    -5     T     6.497     0.276
     8703  0.2800000E+03  0.32190E-01    5    1    45294    -4    -5     T     6.497     0.276
     9010  0.2900000E+03  0.32190E-01    6    1    46989    -4    -5     T     6.497     0.276
     9317  0.3000000E+03  0.32190E-01    5    1    48692    -4    -5     T     6.497     0.276
     9624  0.3100000E+03  0.32190E-01    5    1    50404    -4    -5     T     6.497     0.276
     9931  0.3200000E+03  0.32190E-01    5    1    52100    -4    -5     T     6.497     0.276
    10238  0.3300000E+03  0.32190E-01    5    1    53798    -4    -5     T     6.497     0.276
    10545  0.3400000E+03  0.32190E-01    5    1    55492    -4    -5     T     6.497     0.276
    10852  0.3500000E+03  0.32190E-01    5    1    57196    -4    -5     T     6.497     0.276
    11159  0.3600000E+03  0.32190E-01    5    1    58900    -4    -5     T     6.497     0.276
    11466  0.3700000E+03  0.32190E-01    5    1    60595    -4    -5     T     6.497     0.276
    11773  0.3800000E+03  0.32190E-01    5    1    62299    -4    -5     T     6.497     0.276
    12080  0.3900000E+03  0.32190E-01    5    1    64007    -4    -5     T     6.497     0.276
    12387  0.4000000E+03  0.32190E-01    5    1    65714    -4    -5     T     6.497     0.276
    12694  0.4100000E+03  0.32190E-01    5    1    67417    -4    -5     T     6.497     0.276
    13001  0.4200000E+03  0.32190E-01    5    1    69127    -4    -5     T     6.497     0.276
    13308  0.4300000E+03  0.32190E-01    5    1    70820    -4    -5     T     6.497     0.276
    13615  0.4400000E+03  0.32190E-01    5    1    72518    -4    -5     T     6.497     0.276
    13922  0.4500000E+03  0.32190E-01    6    1    74212    -4    -5     T     6.497     0.276
    14229  0.4600000E+03  0.32190E-01    5    1    75909    -4    -5     T     6.497     0.276
    14536  0.4700000E+03  0.32190E-01    5    1    77600    -4    -5     T     6.497     0.276
    14843  0.4800000E+03  0.32190E-01    6    1    79291    -4    -5     T     6.497     0.276
    15150  0.4900000E+03  0.32190E-01    5    1    80996    -4    -5     T     6.497     0.276
    15457  0.5000000E+03  0.32190E-01    5    1    82692    -4    -5     T     6.497     0.276
    15764  0.5100000E+03  0.32190E-01    5    1    84400    -4    -5     T     6.497     0.276
    16071  0.5200000E+03  0.32190E-01    5    1    86097    -4    -5     T     6.497     0.276
    16378  0.5300000E+03  0.32190E-01    5    1    87792    -4    -5     T     6.497     0.276
    16685  0.5400000E+03  0.32190E-01    5    1    89487    -4    -5     T     6.497     0.276
    16992  0.5500000E+03  0.32190E-01    5    1    91188    -4    -5     T     6.497     0.276
    17299  0.5600000E+03  0.32190E-01    5    1    92884    -4    -5     T     6.497     0.276
    17606  0.5700000E+03  0.32190E-01    5    1    94580    -4    -5     T     6.497     0.276
    17913  0.5800000E+03  0.32190E-01    5    1    96278    -4    -5     T     6.497     0.276
    18220  0.5900000E+03  0.32190E-01    5    1    97971    -4    -5     T     6.497     0.276
    18527  0.6000000E+03  0.32190E-01    6    1    99666    -4    -5     T     6.497     0.276
    18834  0.6100000E+03  0.32190E-01    5    1   101361    -4    -5     T     6.497     0.276
    19141  0.6200000E+03  0.32190E-01    5    1   103060    -4    -5     T     6.497     0.276
    19448  0.6300000E+03  0.32190E-01    5    1   104757    -4    -5     T     6.497     0.276
    19755  0.6400000E+03  0.32190E-01    5    1   106459    -4    -5     T     6.497     0.276
    20062  0.6500000E+03  0.32190E-01    5    1   108160    -4    -5     T     6.497     0.276
    20369  0.6600000E+03  0.32190E-01    5    1   109859    -4    -5     T     6.497     0.276
    20676  0.6700000E+03  0.32190E-01    5    1   111562    -4    -5     T     6.497     0.276
    20983  0.6800000E+03  0.32190E-01    5    1   113268    -4    -5     T     6.497     0.276
    21290  0.6900000E+03  0.32190E-01    5    1   114967    -4    -5     T     6.497     0.276
    21597  0.7000000E+03  0.32190E-01    5    1   116665    -4    -5     T     6.497     0.276
    21904  0.7100000E+03  0.32190E-01    5    1   118362    -4    -5     T     6.497     0.276
    22211  0.7200000E+03  0.32190E-01    5    1   120060    -4    -5     T     6.497     0.276
    22518  0.7300000E+03  0.32190E-01    5    1   121762    -4    -5     T     6.497     0.276
    22825  0.7400000E+03  0.32190E-01    5    1   123464    -4    -5     T     6.497     0.276
    23132  0.7500000E+03  0.32190E-01    5    1   125160    -4    -5     T     6.497     0.276
    23439  0.7600000E+03  0.32190E-01    5    1   126861    -4    -5     T     6.497     0.276
    23746  0.7700000E+03  0.32190E-01    5    1   128566    -4    -5     T     6.497     0.276
    24053  0.7800000E+03  0.32190E-01    5    1   130258    -4    -5     T     6.497     0.276
    24360  0.7900000E+03  0.32190E-01    5    1   131960    -4    -5     T     6.497     0.276
    24667  0.8000000E+03  0.32190E-01    5    1   133658    -4    -5     T     6.497     0.276
    24974  0.8100000E+03  0.32190E-01    5    1   135352    -4    -5     T     6.497     0.276
    25281  0.8200000E+03  0.32190E-01    6    1   137044    -4    -5     T     6.497     0.276
    25588  0.8300000E+03  0.32190E-01    5    1   138741    -4    -5     T     6.497     0.276
    25895  0.8400000E+03  0.32190E-01    5    1   140444    -4    -5     T     6.497     0.276
    26202  0.8500000E+03  0.32190E-01    5    1   142146    -4    -5     T     6.497     0.276
    26509  0.8600000E+03  0.32190E-01    5    1   143846    -4    -5     T     6.497     0.276
    26816  0.8700000E+03  0.32190E-01    5    1   145550    -4    -5     T     6.497     0.276
    27123  0.8800000E+03  0.32190E-01    5    1   147243    -4    -5     T     6.497     0.276
    27430  0.8900000E+03  0.32190E-01    6    1   148949    -4    -5     T     6.497     0.276
    27737  0.9000000E+03  0.32190E-01    5    1   150645    -4    -5     T     6.497     0.276
    28044  0.9100000E+03  0.32190E-01    5    1   152341    -4    -5     T     6.497     0.276
    28351  0.9200000E+03  0.32190E-01    5    1   154036    -4    -5     T     6.497     0.276
    28658  0.9300000E+03  0.32190E-01    5    1   155737    -4    -5     T     6.497     0.276
    28965  0.9400000E+03  0.32190E-01    5    1   157444    -4    -5     T     6.497     0.276
    29272  0.9500000E+03  0.32190E-01    5    1   159139    -4    -5     T     6.497     0.276
    29579  0.9600000E+03  0.32190E-01    5    1   160847    -4    -5     T     6.497     0.276
    29886  0.9700000E+03  0.32190E-01    5    1   162553    -4    -5     T     6.497     0.276
    30193  0.9800000E+03  0.32190E-01    5    1   164246    -4    -5     T     6.497     0.276
    30500  0.9900000E+03  0.32190E-01    5    1   165942    -4    -5     T     6.497     0.276
    30807  0.1000000E+04  0.32190E-01    5    1   167638    -4    -5     T     6.497     0.276
end
