 All solute fluxes and cumulative solute fluxes are positive into the region

       Time         cvTop        cvBot      Sum(cvTop)   Sum(cvBot)     cvCh0        cvCh1         cTop        cRoot         cBot        cvRoot    Sum(cvRoot)  Sum(cvNEql) TLevel      cGWL        cRunOff   Sum(cRunOff)    (cv(i),    Sum(cv(i)), i=1,NObs)
        [T]        [M/L2/T]     [M/L2/T]      [M/L2]       [M/L2]       [M/L2]      [M/L2]        [M/L3]      [M/L3]        [M/L3]      [M/L2/T]      [M/L2]       [M/L2]              [M/L3]        [M/L2]      [M/L3]      [M/L2/T]      [M/L2]
       10.0000  0.18000E+03  0.00000E+00  0.18000E+04  0.00000E+00  0.00000E+00  0.00000E+00  0.30098E+02  0.27656E+02  0.00000E+00  0.00000E+00  0.00000E+00  0.00000E+00     472  0.00000E+00  0.00000E+00  0.10139E-02
       20.0000  0.18000E+03  0.00000E+00  0.36000E+04  0.00000E+00  0.00000E+00  0.00000E+00  0.30098E+02  0.56997E+02  0.00000E+00  0.00000E+00  0.00000E+00  0.00000E+00     759  0.00000E+00  0.00000E+00  0.10139E-02
       30.0000  0.18000E+03  0.00000E+00  0.54000E+04  0.00000E+00  0.00000E+00  0.00000E+00  0.30098E+02  0.86217E+02  0.00000E+00  0.00000E+00  0.00000E+00  0.00000E+00    1046  0.00000E+00  0.00000E+00  0.12838E-02
       40.0000  0.18000E+03  0.00000E+00  0.72001E+04  0.00000E+00  0.00000E+00  0.00000E+00  0.30098E+02  0.10611E+03  0.00000E+00  0.00000E+00  0.00000E+00  0.00000E+00    1337  0.00000E+00  0.00000E+00  0.12838E-02
       50.0000  0.18000E+03  0.00000E+00  0.90001E+04  0.00000E+00  0.00000E+00  0.00000E+00  0.30098E+02  0.10624E+03  0.00000E+00  0.00000E+00  0.00000E+00  0.00000E+00    1642  0.00000E+00  0.00000E+00  0.12838E-02
       60.0000  0.18000E+03 -0.80696E-21  0.10800E+05 -0.24258E-21  0.00000E+00  0.00000E+00  0.30098E+02  0.10624E+03  0.12115E-20  0.00000E+00  0.00000E+00  0.00000E+00    1949  0.00000E+00  0.00000E+00  0.12838E-02
       70.0000  0.18000E+03 -0.20129E-09  0.12600E+05 -0.11113E-09  0.00000E+00  0.00000E+00  0.30098E+02  0.10623E+03  0.21855E-09  0.00000E+00  0.00000E+00  0.00000E+00    2256  0.00000E+00  0.00000E+00  0.12838E-02
       80.0000  0.18000E+03 -0.22919E-03  0.14400E+05 -0.20946E-03  0.00000E+00  0.00000E+00  0.30098E+02  0.10624E+03  0.24610E-03  0.00000E+00  0.00000E+00  0.00000E+00    2563  0.00000E+00  0.00000E+00  0.12838E-02
       90.0000  0.18000E+03 -0.85544E+00  0.16200E+05 -0.13093E+01  0.00000E+00  0.00000E+00  0.30098E+02  0.10624E+03  0.91109E+00  0.00000E+00  0.00000E+00  0.00000E+00    2870  0.00000E+00  0.00000E+00  0.12838E-02
      100.0000  0.18000E+03 -0.54107E+02  0.18000E+05 -0.16614E+03  0.00000E+00  0.00000E+00  0.30098E+02  0.10623E+03  0.57302E+02  0.00000E+00  0.00000E+00  0.00000E+00    3177  0.00000E+00  0.00000E+00  0.12838E-02
      110.0000  0.18000E+03 -0.17204E+03  0.19800E+05 -0.13899E+04  0.00000E+00  0.00000E+00  0.30098E+02  0.10624E+03  0.18157E+03  0.00000E+00  0.00000E+00  0.00000E+00    3484  0.00000E+00  0.00000E+00  0.12838E-02
      120.0000  0.18000E+03 -0.18000E+03  0.21600E+05 -0.31785E+04  0.00000E+00  0.00000E+00  0.30098E+02  0.10624E+03  0.18989E+03  0.00000E+00  0.00000E+00  0.00000E+00    3791  0.00000E+00  0.00000E+00  0.12838E-02
      130.0000  0.18000E+03 -0.17987E+03  0.23399E+05 -0.49784E+04  0.00000E+00  0.00000E+00  0.30098E+02  0.10623E+03  0.18988E+03  0.00000E+00  0.00000E+00  0.00000E+00    4098  0.00000E+00  0.00000E+00  0.12838E-02
      140.0000  0.18000E+03 -0.18006E+03  0.25199E+05 -0.67784E+04  0.00000E+00  0.00000E+00  0.30098E+02  0.10624E+03  0.18988E+03  0.00000E+00  0.00000E+00  0.00000E+00    4405  0.00000E+00  0.00000E+00  0.12838E-02
      150.0000  0.18000E+03 -0.17997E+03  0.26999E+05 -0.85784E+04  0.00000E+00  0.00000E+00  0.30098E+02  0.10624E+03  0.18988E+03  0.00000E+00  0.00000E+00  0.00000E+00    4712  0.00000E+00  0.00000E+00  0.12838E-02
      160.0000  0.18000E+03 -0.18013E+03  0.28799E+05 -0.10378E+05  0.00000E+00  0.00000E+00  0.30098E+02  0.10624E+03  0.18988E+03  0.00000E+00  0.00000E+00  0.00000E+00    5019  0.00000E+00  0.00000E+00  0.12838E-02
      170.0000  0.18000E+03 -0.18004E+03  0.30599E+05 -0.12178E+05  0.00000E+00  0.00000E+00  0.30098E+02  0.10624E+03  0.18988E+03  0.00000E+00  0.00000E+00  0.00000E+00    5326  0.00000E+00  0.00000E+00  0.12838E-02
      180.0000  0.18000E+03 -0.18001E+03  0.32399E+05 -0.13978E+05  0.00000E+00  0.00000E+00  0.30098E+02  0.10624E+03  0.18988E+03  0.00000E+00  0.00000E+00  0.00000E+00    5633  0.00000E+00  0.00000E+00  0.12838E-02
      190.0000  0.18000E+03 -0.17998E+03  0.34199E+05 -0.15778E+05  0.00000E+00  0.00000E+00  0.30098E+02  0.10624E+03  0.18988E+03  0.00000E+00  0.00000E+00  0.00000E+00    5940  0.00000E+00  0.00000E+00  0.12838E-02
      200.0000  0.18000E+03 -0.18017E+03  0.36000E+05 -0.17578E+05  0.00000E+00  0.00000E+00  0.30098E+02  0.10624E+03  0.18988E+03  0.00000E+00  0.00000E+00  0.00000E+00    6247  0.00000E+00  0.00000E+00  0.12838E-02
      210.0000  0.18000E+03 -0.17992E+03  0.37800E+05 -0.19378E+05  0.00000E+00  0.00000E+00  0.30098E+02  0.10624E+03  0.18988E+03  0.00000E+00  0.00000E+00  0.00000E+00    6554  0.00000E+00  0.00000E+00  0.12838E-02
      220.0000  0.18000E+03 -0.18002E+03  0.39601E+05 -0.21178E+05  0.00000E+00  0.00000E+00  0.30098E+02  0.10623E+03  0.18988E+03  0.00000E+00  0.00000E+00  0.00000E+00    6861  0.00000E+00  0.00000E+00  0.12838E-02
      230.0000  0.18000E+03 -0.17998E+03  0.41401E+05 -0.22978E+05  0.00000E+00  0.00000E+00  0.30098E+02  0.10623E+03  0.18988E+03  0.00000E+00  0.00000E+00  0.00000E+00    7168  0.00000E+00  0.00000E+00  0.12838E-02
      240.0000  0.18000E+03 -0.18001E+03  0.43202E+05 -0.24778E+05  0.00000E+00  0.00000E+00  0.30098E+02  0.10624E+03  0.18988E+03  0.00000E+00  0.00000E+00  0.00000E+00    7475  0.00000E+00  0.00000E+00  0.12838E-02
      250.0000  0.18000E+03 -0.17996E+03  0.45002E+05 -0.26578E+05  0.00000E+00  0.00000E+00  0.30098E+02  0.10624E+03  0.18988E+03  0.00000E+00  0.00000E+00  0.00000E+00    7782  0.00000E+00  0.00000E+00  0.12838E-02
      260.0000  0.18000E+03 -0.17994E+03  0.46803E+05 -0.28378E+05  0.00000E+00  0.00000E+00  0.30098E+02  0.10624E+03  0.18988E+03  0.00000E+00  0.00000E+00  0.00000E+00    8089  0.00000E+00  0.00000E+00  0.12838E-02
      270.0000  0.18000E+03 -0.18006E+03  0.48603E+05 -0.30178E+05  0.00000E+00  0.00000E+00  0.30098E+02  0.10624E+03  0.18988E+03  0.00000E+00  0.00000E+00  0.00000E+00    8396  0.00000E+00  0.00000E+00  0.12838E-02
      280.0000  0.18000E+03 -0.18006E+03  0.50404E+05 -0.31978E+05  0.00000E+00  0.00000E+00  0.30098E+02  0.10624E+03  0.18988E+03  0.00000E+00  0.00000E+00  0.00000E+00    8703  0.00000E+00  0.00000E+00  0.12838E-02
      290.0000  0.18000E+03 -0.17993E+03  0.52204E+05 -0.33778E+05  0.00000E+00  0.00000E+00  0.30098E+02  0.10623E+03  0.18988E+03  0.00000E+00  0.00000E+00  0.00000E+00    9010  0.00000E+00  0.00000E+00  0.12838E-02
      300.0000  0.18000E+03 -0.17998E+03  0.54005E+05 -0.35578E+05  0.00000E+00  0.00000E+00  0.30098E+02  0.10624E+03  0.18988E+03  0.00000E+00  0.00000E+00  0.00000E+00    9317  0.00000E+00  0.00000E+00  0.12838E-02
      310.0000  0.18000E+03 -0.17996E+03  0.55805E+05 -0.37378E+05  0.00000E+00  0.00000E+00  0.30098E+02  0.10623E+03  0.18988E+03  0.00000E+00  0.00000E+00  0.00000E+00    9624  0.00000E+00  0.00000E+00  0.12838E-02
      320.0000  0.18000E+03 -0.18006E+03  0.57606E+05 -0.39178E+05  0.00000E+00  0.00000E+00  0.30098E+02  0.10624E+03  0.18988E+03  0.00000E+00  0.00000E+00  0.00000E+00    9931  0.00000E+00  0.00000E+00  0.12838E-02
      330.0000  0.18000E+03 -0.17992E+03  0.59406E+05 -0.40978E+05  0.00000E+00  0.00000E+00  0.30098E+02  0.10624E+03  0.18988E+03  0.00000E+00  0.00000E+00  0.00000E+00   10238  0.00000E+00  0.00000E+00  0.12838E-02
      340.0000  0.18000E+03 -0.17999E+03  0.61207E+05 -0.42778E+05  0.00000E+00  0.00000E+00  0.30098E+02  0.10624E+03  0.18988E+03  0.00000E+00  0.00000E+00  0.00000E+00   10545  0.00000E+00  0.00000E+00  0.12838E-02
      350.0000  0.18000E+03 -0.18004E+03  0.63007E+05 -0.44578E+05  0.00000E+00  0.00000E+00  0.30098E+02  0.10624E+03  0.18988E+03  0.00000E+00  0.00000E+00  0.00000E+00   10852  0.00000E+00  0.00000E+00  0.12838E-02
      360.0000  0.18000E+03 -0.17998E+03  0.64808E+05 -0.46378E+05  0.00000E+00  0.00000E+00  0.30098E+02  0.10624E+03  0.18988E+03  0.00000E+00  0.00000E+00  0.00000E+00   11159  0.00000E+00  0.00000E+00  0.12838E-02
      370.0000  0.18000E+03 -0.17998E+03  0.66608E+05 -0.48178E+05  0.00000E+00  0.00000E+00  0.30098E+02  0.10624E+03  0.18988E+03  0.00000E+00  0.00000E+00  0.00000E+00   11466  0.00000E+00  0.00000E+00  0.12838E-02
      380.0000  0.18000E+03 -0.18004E+03  0.68409E+05 -0.49978E+05  0.00000E+00  0.00000E+00  0.30098E+02  0.10624E+03  0.18988E+03  0.00000E+00  0.00000E+00  0.00000E+00   11773  0.00000E+00  0.00000E+00  0.12838E-02
      390.0000  0.18000E+03 -0.17998E+03  0.70209E+05 -0.51778E+05  0.00000E+00  0.00000E+00  0.30098E+02  0.10624E+03  0.18988E+03  0.00000E+00  0.00000E+00  0.00000E+00   12080  0.00000E+00  0.00000E+00  0.12838E-02
      400.0000  0.18000E+03 -0.18015E+03  0.72010E+05 -0.53578E+05  0.00000E+00  0.00000E+00  0.30098E+02  0.10624E+03  0.18988E+03  0.00000E+00  0.00000E+00  0.00000E+00   12387  0.00000E+00  0.00000E+00  0.12838E-02
      410.0000  0.18000E+03 -0.18001E+03  0.73810E+05 -0.55378E+05  0.00000E+00  0.00000E+00  0.30098E+02  0.10624E+03  0.18988E+03  0.00000E+00  0.00000E+00  0.00000E+00   12694  0.00000E+00  0.00000E+00  0.12838E-02
      420.0000  0.18000E+03 -0.18009E+03  0.75611E+05 -0.57178E+05  0.00000E+00  0.00000E+00  0.30098E+02  0.10624E+03  0.18988E+03  0.00000E+00  0.00000E+00  0.00000E+00   13001  0.00000E+00  0.00000E+00  0.12838E-02
      430.0000  0.18000E+03 -0.18000E+03  0.77411E+05 -0.58978E+05  0.00000E+00  0.00000E+00  0.30098E+02  0.10623E+03  0.18988E+03  0.00000E+00  0.00000E+00  0.00000E+00   13308  0.00000E+00  0.00000E+00  0.12838E-02
      440.0000  0.18000E+03 -0.18005E+03  0.79212E+05 -0.60778E+05  0.00000E+00  0.00000E+00  0.30098E+02  0.10624E+03  0.18988E+03  0.00000E+00  0.00000E+00  0.00000E+00   13615  0.00000E+00  0.00000E+00  0.12838E-02
      450.0000  0.18000E+03 -0.17993E+03  0.81012E+05 -0.62578E+05  0.00000E+00  0.00000E+00  0.30098E+02  0.10624E+03  0.18988E+03  0.00000E+00  0.00000E+00  0.00000E+00   13922  0.00000E+00  0.00000E+00  0.12838E-02
      460.0000  0.18000E+03 -0.17994E+03  0.82813E+05 -0.64378E+05  0.00000E+00  0.00000E+00  0.30098E+02  0.10624E+03  0.18988E+03  0.00000E+00  0.00000E+00  0.00000E+00   14229  0.00000E+00  0.00000E+00  0.12838E-02
      470.0000  0.18000E+03 -0.18001E+03  0.84613E+05 -0.66178E+05  0.00000E+00  0.00000E+00  0.30098E+02  0.10624E+03  0.18988E+03  0.00000E+00  0.00000E+00  0.00000E+00   14536  0.00000E+00  0.00000E+00  0.12838E-02
      480.0000  0.18000E+03 -0.17998E+03  0.86414E+05 -0.67978E+05  0.00000E+00  0.00000E+00  0.30098E+02  0.10623E+03  0.18988E+03  0.00000E+00  0.00000E+00  0.00000E+00   14843  0.00000E+00  0.00000E+00  0.12838E-02
      490.0000  0.18000E+03 -0.18010E+03  0.88214E+05 -0.69779E+05  0.00000E+00  0.00000E+00  0.30098E+02  0.10624E+03  0.18988E+03  0.00000E+00  0.00000E+00  0.00000E+00   15150  0.00000E+00  0.00000E+00  0.12838E-02
      500.0000  0.18000E+03 -0.18003E+03  0.90015E+05 -0.71579E+05  0.00000E+00  0.00000E+00  0.30098E+02  0.10624E+03  0.18988E+03  0.00000E+00  0.00000E+00  0.00000E+00   15457  0.00000E+00  0.00000E+00  0.12838E-02
      510.0000  0.18000E+03 -0.18008E+03  0.91816E+05 -0.73379E+05  0.00000E+00  0.00000E+00  0.30098E+02  0.10624E+03  0.18988E+03  0.00000E+00  0.00000E+00  0.00000E+00   15764  0.00000E+00  0.00000E+00  0.12838E-02
      520.0000  0.18000E+03 -0.17999E+03  0.93616E+05 -0.75179E+05  0.00000E+00  0.00000E+00  0.30098E+02  0.10623E+03  0.18988E+03  0.00000E+00  0.00000E+00  0.00000E+00   16071  0.00000E+00  0.00000E+00  0.12838E-02
      530.0000  0.18000E+03 -0.18001E+03  0.95417E+05 -0.76979E+05  0.00000E+00  0.00000E+00  0.30098E+02  0.10623E+03  0.18988E+03  0.00000E+00  0.00000E+00  0.00000E+00   16378  0.00000E+00  0.00000E+00  0.12838E-02
      540.0000  0.18000E+03 -0.17992E+03  0.97217E+05 -0.78779E+05  0.00000E+00  0.00000E+00  0.30098E+02  0.10623E+03  0.18988E+03  0.00000E+00  0.00000E+00  0.00000E+00   16685  0.00000E+00  0.00000E+00  0.12838E-02
      550.0000  0.18000E+03 -0.18007E+03  0.99018E+05 -0.80579E+05  0.00000E+00  0.00000E+00  0.30098E+02  0.10624E+03  0.18988E+03  0.00000E+00  0.00000E+00  0.00000E+00   16992  0.00000E+00  0.00000E+00  0.12838E-02
      560.0000  0.18000E+03 -0.17997E+03  0.10082E+06 -0.82379E+05  0.00000E+00  0.00000E+00  0.30098E+02  0.10624E+03  0.18988E+03  0.00000E+00  0.00000E+00  0.00000E+00   17299  0.00000E+00  0.00000E+00  0.12838E-02
      570.0000  0.18000E+03 -0.17995E+03  0.10262E+06 -0.84179E+05  0.00000E+00  0.00000E+00  0.30098E+02  0.10624E+03  0.18988E+03  0.00000E+00  0.00000E+00  0.00000E+00   17606  0.00000E+00  0.00000E+00  0.12838E-02
      580.0000  0.18000E+03 -0.17996E+03  0.10442E+06 -0.85979E+05  0.00000E+00  0.00000E+00  0.30098E+02  0.10624E+03  0.18988E+03  0.00000E+00  0.00000E+00  0.00000E+00   17913  0.00000E+00  0.00000E+00  0.12838E-02
      590.0000  0.18000E+03 -0.18005E+03  0.10622E+06 -0.87779E+05  0.00000E+00  0.00000E+00  0.30098E+02  0.10624E+03  0.18988E+03  0.00000E+00  0.00000E+00  0.00000E+00   18220  0.00000E+00  0.00000E+00  0.12838E-02
      600.0000  0.18000E+03 -0.17998E+03  0.10802E+06 -0.89579E+05  0.00000E+00  0.00000E+00  0.30098E+02  0.10623E+03  0.18988E+03  0.00000E+00  0.00000E+00  0.00000E+00   18527  0.00000E+00  0.00000E+00  0.12838E-02
      610.0000  0.18000E+03 -0.17990E+03  0.10982E+06 -0.91379E+05  0.00000E+00  0.00000E+00  0.30098E+02  0.10624E+03  0.18988E+03  0.00000E+00  0.00000E+00  0.00000E+00   18834  0.00000E+00  0.00000E+00  0.12838E-02
      620.0000  0.18000E+03 -0.18004E+03  0.11162E+06 -0.93179E+05  0.00000E+00  0.00000E+00  0.30098E+02  0.10624E+03  0.18988E+03  0.00000E+00  0.00000E+00  0.00000E+00   19141  0.00000E+00  0.00000E+00  0.12838E-02
      630.0000  0.18000E+03 -0.18000E+03  0.11342E+06 -0.94979E+05  0.00000E+00  0.00000E+00  0.30098E+02  0.10624E+03  0.18988E+03  0.00000E+00  0.00000E+00  0.00000E+00   19448  0.00000E+00  0.00000E+00  0.12838E-02
      640.0000  0.18000E+03 -0.17998E+03  0.11522E+06 -0.96780E+05  0.00000E+00  0.00000E+00  0.30098E+02  0.10624E+03  0.18988E+03  0.00000E+00  0.00000E+00  0.00000E+00   19755  0.00000E+00  0.00000E+00  0.12838E-02
      650.0000  0.18000E+03 -0.18010E+03  0.11702E+06 -0.98580E+05  0.00000E+00  0.00000E+00  0.30098E+02  0.10624E+03  0.18988E+03  0.00000E+00  0.00000E+00  0.00000E+00   20062  0.00000E+00  0.00000E+00  0.12838E-02
      660.0000  0.18000E+03 -0.18003E+03  0.11882E+06 -0.10038E+06  0.00000E+00  0.00000E+00  0.30098E+02  0.10624E+03  0.18988E+03  0.00000E+00  0.00000E+00  0.00000E+00   20369  0.00000E+00  0.00000E+00  0.12838E-02
      670.0000  0.18000E+03 -0.18007E+03  0.12062E+06 -0.10218E+06  0.00000E+00  0.00000E+00  0.30098E+02  0.10624E+03  0.18988E+03  0.00000E+00  0.00000E+00  0.00000E+00   20676  0.00000E+00  0.00000E+00  0.12838E-02
      680.0000  0.18000E+03 -0.18008E+03  0.12242E+06 -0.10398E+06  0.00000E+00  0.00000E+00  0.30098E+02  0.10624E+03  0.18988E+03  0.00000E+00  0.00000E+00  0.00000E+00   20983  0.00000E+00  0.00000E+00  0.12838E-02
      690.0000  0.18000E+03 -0.17996E+03  0.12422E+06 -0.10578E+06  0.00000E+00  0.00000E+00  0.30098E+02  0.10624E+03  0.18988E+03  0.00000E+00  0.00000E+00  0.00000E+00   21290  0.00000E+00  0.00000E+00  0.12838E-02
      700.0000  0.18000E+03 -0.18011E+03  0.12603E+06 -0.10758E+06  0.00000E+00  0.00000E+00  0.30098E+02  0.10624E+03  0.18988E+03  0.00000E+00  0.00000E+00  0.00000E+00   21597  0.00000E+00  0.00000E+00  0.12838E-02
      710.0000  0.18000E+03 -0.17997E+03  0.12783E+06 -0.10938E+06  0.00000E+00  0.00000E+00  0.30098E+02  0.10624E+03  0.18988E+03  0.00000E+00  0.00000E+00  0.00000E+00   21904  0.00000E+00  0.00000E+00  0.12838E-02
      720.0000  0.18000E+03 -0.18008E+03  0.12963E+06 -0.11118E+06  0.00000E+00  0.00000E+00  0.30098E+02  0.10624E+03  0.18988E+03  0.00000E+00  0.00000E+00  0.00000E+00   22211  0.00000E+00  0.00000E+00  0.12838E-02
      730.0000  0.18000E+03 -0.17987E+03  0.13143E+06 -0.11298E+06  0.00000E+00  0.00000E+00  0.30098E+02  0.10623E+03  0.18988E+03  0.00000E+00  0.00000E+00  0.00000E+00   22518  0.00000E+00  0.00000E+00  0.12838E-02
      740.0000  0.18000E+03 -0.18004E+03  0.13322E+06 -0.11478E+06  0.00000E+00  0.00000E+00  0.30098E+02  0.10624E+03  0.18988E+03  0.00000E+00  0.00000E+00  0.00000E+00   22825  0.00000E+00  0.00000E+00  0.12838E-02
      750.0000  0.18000E+03 -0.18004E+03  0.13502E+06 -0.11658E+06  0.00000E+00  0.00000E+00  0.30098E+02  0.10624E+03  0.18988E+03  0.00000E+00  0.00000E+00  0.00000E+00   23132  0.00000E+00  0.00000E+00  0.12838E-02
      760.0000  0.18000E+03 -0.17996E+03  0.13682E+06 -0.11838E+06  0.00000E+00  0.00000E+00  0.30098E+02  0.10624E+03  0.18988E+03  0.00000E+00  0.00000E+00  0.00000E+00   23439  0.00000E+00  0.00000E+00  0.12838E-02
      770.0000  0.18000E+03 -0.18005E+03  0.13862E+06 -0.12018E+06  0.00000E+00  0.00000E+00  0.30098E+02  0.10624E+03  0.18988E+03  0.00000E+00  0.00000E+00  0.00000E+00   23746  0.00000E+00  0.00000E+00  0.12838E-02
      780.0000  0.18000E+03 -0.17993E+03  0.14042E+06 -0.12198E+06  0.00000E+00  0.00000E+00  0.30098E+02  0.10624E+03  0.18988E+03  0.00000E+00  0.00000E+00  0.00000E+00   24053  0.00000E+00  0.00000E+00  0.12838E-02
      790.0000  0.18000E+03 -0.18015E+03  0.14222E+06 -0.12378E+06  0.00000E+00  0.00000E+00  0.30098E+02  0.10624E+03  0.18988E+03  0.00000E+00  0.00000E+00  0.00000E+00   24360  0.00000E+00  0.00000E+00  0.12838E-02
      800.0000  0.18000E+03 -0.18002E+03  0.14401E+06 -0.12558E+06  0.00000E+00  0.00000E+00  0.30098E+02  0.10624E+03  0.18988E+03  0.00000E+00  0.00000E+00  0.00000E+00   24667  0.00000E+00  0.00000E+00  0.12838E-02
      810.0000  0.18000E+03 -0.18004E+03  0.14581E+06 -0.12738E+06  0.00000E+00  0.00000E+00  0.30098E+02  0.10624E+03  0.18988E+03  0.00000E+00  0.00000E+00  0.00000E+00   24974  0.00000E+00  0.00000E+00  0.12838E-02
      820.0000  0.18000E+03 -0.17999E+03  0.14761E+06 -0.12918E+06  0.00000E+00  0.00000E+00  0.30098E+02  0.10623E+03  0.18988E+03  0.00000E+00  0.00000E+00  0.00000E+00   25281  0.00000E+00  0.00000E+00  0.12838E-02
      830.0000  0.18000E+03 -0.18009E+03  0.14941E+06 -0.13098E+06  0.00000E+00  0.00000E+00  0.30098E+02  0.10624E+03  0.18988E+03  0.00000E+00  0.00000E+00  0.00000E+00   25588  0.00000E+00  0.00000E+00  0.12838E-02
      840.0000  0.18000E+03 -0.18003E+03  0.15121E+06 -0.13278E+06  0.00000E+00  0.00000E+00  0.30098E+02  0.10624E+03  0.18988E+03  0.00000E+00  0.00000E+00  0.00000E+00   25895  0.00000E+00  0.00000E+00  0.12838E-02
      850.0000  0.18000E+03 -0.17996E+03  0.15301E+06 -0.13458E+06  0.00000E+00  0.00000E+00  0.30098E+02  0.10624E+03  0.18988E+03  0.00000E+00  0.00000E+00  0.00000E+00   26202  0.00000E+00  0.00000E+00  0.12838E-02
      860.0000  0.18000E+03 -0.18007E+03  0.15480E+06 -0.13638E+06  0.00000E+00  0.00000E+00  0.30098E+02  0.10624E+03  0.18988E+03  0.00000E+00  0.00000E+00  0.00000E+00   26509  0.00000E+00  0.00000E+00  0.12838E-02
      870.0000  0.18000E+03 -0.17992E+03  0.15660E+06 -0.13818E+06  0.00000E+00  0.00000E+00  0.30098E+02  0.10623E+03  0.18988E+03  0.00000E+00  0.00000E+00  0.00000E+00   26816  0.00000E+00  0.00000E+00  0.12838E-02
      880.0000  0.18000E+03 -0.18001E+03  0.15840E+06 -0.13998E+06  0.00000E+00  0.00000E+00  0.30098E+02  0.10624E+03  0.18988E+03  0.00000E+00  0.00000E+00  0.00000E+00   27123  0.00000E+00  0.00000E+00  0.12838E-02
      890.0000  0.18000E+03 -0.17998E+03  0.16020E+06 -0.14178E+06  0.00000E+00  0.00000E+00  0.30098E+02  0.10623E+03  0.18988E+03  0.00000E+00  0.00000E+00  0.00000E+00   27430  0.00000E+00  0.00000E+00  0.12838E-02
      900.0000  0.18000E+03 -0.18004E+03  0.16200E+06 -0.14358E+06  0.00000E+00  0.00000E+00  0.30098E+02  0.10624E+03  0.18988E+03  0.00000E+00  0.00000E+00  0.00000E+00   27737  0.00000E+00  0.00000E+00  0.12838E-02
      910.0000  0.18000E+03 -0.18002E+03  0.16379E+06 -0.14538E+06  0.00000E+00  0.00000E+00  0.30098E+02  0.10624E+03  0.18988E+03  0.00000E+00  0.00000E+00  0.00000E+00   28044  0.00000E+00  0.00000E+00  0.12838E-02
      920.0000  0.18000E+03 -0.17999E+03  0.16559E+06 -0.14718E+06  0.00000E+00  0.00000E+00  0.30098E+02  0.10624E+03  0.18988E+03  0.00000E+00  0.00000E+00  0.00000E+00   28351  0.00000E+00  0.00000E+00  0.12838E-02
      930.0000  0.18000E+03 -0.18001E+03  0.16739E+06 -0.14898E+06  0.00000E+00  0.00000E+00  0.30098E+02  0.10624E+03  0.18988E+03  0.00000E+00  0.00000E+00  0.00000E+00   28658  0.00000E+00  0.00000E+00  0.12838E-02
      940.0000  0.18000E+03 -0.18011E+03  0.16919E+06 -0.15077E+06  0.00000E+00  0.00000E+00  0.30098E+02  0.10624E+03  0.18988E+03  0.00000E+00  0.00000E+00  0.00000E+00   28965  0.00000E+00  0.00000E+00  0.12838E-02
      950.0000  0.18000E+03 -0.18002E+03  0.17099E+06 -0.15257E+06  0.00000E+00  0.00000E+00  0.30098E+02  0.10624E+03  0.18988E+03  0.00000E+00  0.00000E+00  0.00000E+00   29272  0.00000E+00  0.00000E+00  0.12838E-02
      960.0000  0.18000E+03 -0.18004E+03  0.17279E+06 -0.15437E+06  0.00000E+00  0.00000E+00  0.30098E+02  0.10624E+03  0.18988E+03  0.00000E+00  0.00000E+00  0.00000E+00   29579  0.00000E+00  0.00000E+00  0.12838E-02
      970.0000  0.18000E+03 -0.17996E+03  0.17458E+06 -0.15617E+06  0.00000E+00  0.00000E+00  0.30098E+02  0.10623E+03  0.18988E+03  0.00000E+00  0.00000E+00  0.00000E+00   29886  0.00000E+00  0.00000E+00  0.12838E-02
      980.0000  0.18000E+03 -0.17999E+03  0.17638E+06 -0.15797E+06  0.00000E+00  0.00000E+00  0.30098E+02  0.10624E+03  0.18988E+03  0.00000E+00  0.00000E+00  0.00000E+00   30193  0.00000E+00  0.00000E+00  0.12838E-02
      990.0000  0.18000E+03 -0.17998E+03  0.17818E+06 -0.15977E+06  0.00000E+00  0.00000E+00  0.30098E+02  0.10624E+03  0.18988E+03  0.00000E+00  0.00000E+00  0.00000E+00   30500  0.00000E+00  0.00000E+00  0.12838E-02
     1000.0000  0.18000E+03 -0.18004E+03  0.17998E+06 -0.16157E+06  0.00000E+00  0.00000E+00  0.30098E+02  0.10623E+03  0.18988E+03  0.00000E+00  0.00000E+00  0.00000E+00   30807  0.00000E+00  0.00000E+00  0.12838E-02
end
