 ******* Program HYDRUS
 ******* 
 Welcome to HYDRUS-1D                                                    
 Date:  13. 3.    Time:  12:47:36
 Units: L = mm   , T = days , M = mmol 

       Time          rTop        rRoot        vTop         vRoot        vBot       sum(rTop)   sum(rRoot)    sum(vTop)   sum(vRoot)    sum(vBot)      hTop         hRoot        hBot        RunOff    sum(RunOff)     Volume     sum(Infil)    sum(Evap) TLevel Cum(WTrans)  SnowLayer
        [T]         [L/T]        [L/T]        [L/T]        [L/T]        [L/T]         [L]          [L]          [L]         [L]           [L]         [L]           [L]         [L]          [L/T]         [L]          [L]          [L]          [L]

      10.0000 -0.60000E+01  0.60000E+01 -0.60000E+01  0.51589E+01 -0.29768E-05 -0.60000E+02  0.60000E+02 -0.60000E+02  0.40096E+02 -0.29768E-04 -0.35492E+03 -0.12389E+04 -0.10000E+04  0.00000E+00  0.33798E-04  0.84637E+02  0.60000E+02  0.00000E+00    472  0.00000E+00      0.000
      20.0000 -0.60000E+01  0.60000E+01 -0.60000E+01  0.53303E+01 -0.29768E-05 -0.12000E+03  0.12000E+03 -0.12000E+03  0.93191E+02 -0.59536E-04 -0.35492E+03 -0.60146E+03 -0.10000E+04  0.00000E+00  0.33798E-04  0.91548E+02  0.12000E+03  0.00000E+00    759  0.00000E+00      0.000
      30.0000 -0.60000E+01  0.60000E+01 -0.60000E+01  0.51156E+01 -0.29768E-05 -0.18000E+03  0.18000E+03 -0.18000E+03  0.14541E+03 -0.89304E-04 -0.35492E+03 -0.37342E+03 -0.10000E+04  0.00000E+00  0.42793E-04  0.99318E+02  0.18000E+03  0.00000E+00   1046  0.00000E+00      0.000
      40.0000 -0.60000E+01  0.60000E+01 -0.60000E+01  0.50520E+01 -0.29768E-05 -0.24000E+03  0.24000E+03 -0.24000E+03  0.19612E+03 -0.11907E-03 -0.35492E+03 -0.36970E+03 -0.10000E+04  0.00000E+00  0.42793E-04  0.10861E+03  0.24000E+03  0.00000E+00   1337  0.00000E+00      0.000
      50.0000 -0.60000E+01  0.60000E+01 -0.60000E+01  0.50520E+01 -0.29768E-05 -0.30000E+03  0.30000E+03 -0.30000E+03  0.24663E+03 -0.14884E-03 -0.35492E+03 -0.36970E+03 -0.10000E+04  0.00000E+00  0.42793E-04  0.11809E+03  0.30000E+03  0.00000E+00   1642  0.00000E+00      0.000
      60.0000 -0.60000E+01  0.60000E+01 -0.60000E+01  0.50520E+01 -0.70297E+00 -0.36000E+03  0.36000E+03 -0.36000E+03  0.29715E+03 -0.19673E+01 -0.35492E+03 -0.36970E+03 -0.39123E+03  0.00000E+00  0.42793E-04  0.12561E+03  0.36000E+03  0.00000E+00   1949  0.00000E+00      0.000
      70.0000 -0.60000E+01  0.60000E+01 -0.60000E+01  0.50520E+01 -0.94784E+00 -0.42001E+03  0.42001E+03 -0.42001E+03  0.34767E+03 -0.11014E+02 -0.35492E+03 -0.36971E+03 -0.37591E+03  0.00000E+00  0.42793E-04  0.12604E+03  0.42001E+03  0.00000E+00   2256  0.00000E+00      0.000
      80.0000 -0.60000E+01  0.60000E+01 -0.60000E+01  0.50520E+01 -0.94685E+00 -0.48001E+03  0.48001E+03 -0.48001E+03  0.39818E+03 -0.20493E+02 -0.35492E+03 -0.36970E+03 -0.37591E+03  0.00000E+00  0.42793E-04  0.12604E+03  0.48001E+03  0.00000E+00   2563  0.00000E+00      0.000
      90.0000 -0.60000E+01  0.60000E+01 -0.60000E+01  0.50520E+01 -0.94760E+00 -0.54001E+03  0.54001E+03 -0.54001E+03  0.44870E+03 -0.29973E+02 -0.35492E+03 -0.36969E+03 -0.37591E+03  0.00000E+00  0.42793E-04  0.12604E+03  0.54001E+03  0.00000E+00   2870  0.00000E+00      0.000
     100.0000 -0.60000E+01  0.60000E+01 -0.60000E+01  0.50520E+01 -0.94831E+00 -0.60000E+03  0.60000E+03 -0.60000E+03  0.49922E+03 -0.39453E+02 -0.35492E+03 -0.36970E+03 -0.37591E+03  0.00000E+00  0.42793E-04  0.12604E+03  0.60000E+03  0.00000E+00   3177  0.00000E+00      0.000
     110.0000 -0.60000E+01  0.60000E+01 -0.60000E+01  0.50520E+01 -0.94869E+00 -0.65999E+03  0.65999E+03 -0.65999E+03  0.54973E+03 -0.48932E+02 -0.35492E+03 -0.36970E+03 -0.37591E+03  0.00000E+00  0.42793E-04  0.12604E+03  0.65999E+03  0.00000E+00   3484  0.00000E+00      0.000
     120.0000 -0.60000E+01  0.60000E+01 -0.60000E+01  0.50520E+01 -0.94721E+00 -0.71999E+03  0.71999E+03 -0.71999E+03  0.60025E+03 -0.58412E+02 -0.35492E+03 -0.36970E+03 -0.37591E+03  0.00000E+00  0.42793E-04  0.12604E+03  0.71999E+03  0.00000E+00   3791  0.00000E+00      0.000
     130.0000 -0.60000E+01  0.60000E+01 -0.60000E+01  0.50520E+01 -0.94779E+00 -0.77998E+03  0.77998E+03 -0.77998E+03  0.65076E+03 -0.67892E+02 -0.35492E+03 -0.36971E+03 -0.37591E+03  0.00000E+00  0.42793E-04  0.12604E+03  0.77998E+03  0.00000E+00   4098  0.00000E+00      0.000
     140.0000 -0.60000E+01  0.60000E+01 -0.60000E+01  0.50520E+01 -0.94752E+00 -0.83997E+03  0.83997E+03 -0.83997E+03  0.70128E+03 -0.77372E+02 -0.35492E+03 -0.36970E+03 -0.37591E+03  0.00000E+00  0.42793E-04  0.12604E+03  0.83997E+03  0.00000E+00   4405  0.00000E+00      0.000
     150.0000 -0.60000E+01  0.60000E+01 -0.60000E+01  0.50520E+01 -0.94740E+00 -0.89997E+03  0.89997E+03 -0.89997E+03  0.75179E+03 -0.86851E+02 -0.35492E+03 -0.36970E+03 -0.37591E+03  0.00000E+00  0.42793E-04  0.12604E+03  0.89997E+03  0.00000E+00   4712  0.00000E+00      0.000
     160.0000 -0.60000E+01  0.60000E+01 -0.60000E+01  0.50520E+01 -0.94900E+00 -0.95996E+03  0.95996E+03 -0.95996E+03  0.80231E+03 -0.96331E+02 -0.35492E+03 -0.36970E+03 -0.37591E+03  0.00000E+00  0.42793E-04  0.12604E+03  0.95996E+03  0.00000E+00   5019  0.00000E+00      0.000
     170.0000 -0.60000E+01  0.60000E+01 -0.60000E+01  0.50520E+01 -0.94851E+00 -0.10200E+04  0.10200E+04 -0.10200E+04  0.85283E+03 -0.10581E+03 -0.35492E+03 -0.36971E+03 -0.37590E+03  0.00000E+00  0.42793E-04  0.12604E+03  0.10200E+04  0.00000E+00   5326  0.00000E+00      0.000
     180.0000 -0.60000E+01  0.60000E+01 -0.60000E+01  0.50520E+01 -0.94737E+00 -0.10800E+04  0.10800E+04 -0.10800E+04  0.90334E+03 -0.11529E+03 -0.35492E+03 -0.36970E+03 -0.37591E+03  0.00000E+00  0.42793E-04  0.12604E+03  0.10800E+04  0.00000E+00   5633  0.00000E+00      0.000
     190.0000 -0.60000E+01  0.60000E+01 -0.60000E+01  0.50520E+01 -0.94746E+00 -0.11400E+04  0.11400E+04 -0.11400E+04  0.95386E+03 -0.12477E+03 -0.35492E+03 -0.36970E+03 -0.37591E+03  0.00000E+00  0.42793E-04  0.12604E+03  0.11400E+04  0.00000E+00   5940  0.00000E+00      0.000
     200.0000 -0.60000E+01  0.60000E+01 -0.60000E+01  0.50520E+01 -0.94927E+00 -0.12000E+04  0.12000E+04 -0.12000E+04  0.10044E+04 -0.13425E+03 -0.35492E+03 -0.36970E+03 -0.37591E+03  0.00000E+00  0.42793E-04  0.12604E+03  0.12000E+04  0.00000E+00   6247  0.00000E+00      0.000
     210.0000 -0.60000E+01  0.60000E+01 -0.60000E+01  0.50520E+01 -0.94765E+00 -0.12600E+04  0.12600E+04 -0.12600E+04  0.10549E+04 -0.14373E+03 -0.35492E+03 -0.36970E+03 -0.37591E+03  0.00000E+00  0.42793E-04  0.12604E+03  0.12600E+04  0.00000E+00   6554  0.00000E+00      0.000
     220.0000 -0.60000E+01  0.60000E+01 -0.60000E+01  0.50520E+01 -0.94847E+00 -0.13200E+04  0.13200E+04 -0.13200E+04  0.11054E+04 -0.15321E+03 -0.35492E+03 -0.36970E+03 -0.37591E+03  0.00000E+00  0.42793E-04  0.12604E+03  0.13200E+04  0.00000E+00   6861  0.00000E+00      0.000
     230.0000 -0.60000E+01  0.60000E+01 -0.60000E+01  0.50520E+01 -0.94771E+00 -0.13800E+04  0.13800E+04 -0.13800E+04  0.11560E+04 -0.16269E+03 -0.35492E+03 -0.36971E+03 -0.37591E+03  0.00000E+00  0.42793E-04  0.12604E+03  0.13800E+04  0.00000E+00   7168  0.00000E+00      0.000
     240.0000 -0.60000E+01  0.60000E+01 -0.60000E+01  0.50520E+01 -0.94732E+00 -0.14400E+04  0.14400E+04 -0.14400E+04  0.12065E+04 -0.17217E+03 -0.35492E+03 -0.36970E+03 -0.37591E+03  0.00000E+00  0.42793E-04  0.12604E+03  0.14400E+04  0.00000E+00   7475  0.00000E+00      0.000
     250.0000 -0.60000E+01  0.60000E+01 -0.60000E+01  0.50520E+01 -0.94802E+00 -0.15000E+04  0.15000E+04 -0.15000E+04  0.12570E+04 -0.18165E+03 -0.35492E+03 -0.36969E+03 -0.37591E+03  0.00000E+00  0.42793E-04  0.12604E+03  0.15000E+04  0.00000E+00   7782  0.00000E+00      0.000
     260.0000 -0.60000E+01  0.60000E+01 -0.60000E+01  0.50520E+01 -0.94722E+00 -0.15601E+04  0.15601E+04 -0.15601E+04  0.13076E+04 -0.19113E+03 -0.35492E+03 -0.36969E+03 -0.37591E+03  0.00000E+00  0.42793E-04  0.12604E+03  0.15601E+04  0.00000E+00   8089  0.00000E+00      0.000
     270.0000 -0.60000E+01  0.60000E+01 -0.60000E+01  0.50520E+01 -0.94898E+00 -0.16201E+04  0.16201E+04 -0.16201E+04  0.13581E+04 -0.20061E+03 -0.35492E+03 -0.36970E+03 -0.37591E+03  0.00000E+00  0.42793E-04  0.12604E+03  0.16201E+04  0.00000E+00   8396  0.00000E+00      0.000
     280.0000 -0.60000E+01  0.60000E+01 -0.60000E+01  0.50520E+01 -0.94883E+00 -0.16801E+04  0.16801E+04 -0.16801E+04  0.14086E+04 -0.21009E+03 -0.35492E+03 -0.36970E+03 -0.37591E+03  0.00000E+00  0.42793E-04  0.12604E+03  0.16801E+04  0.00000E+00   8703  0.00000E+00      0.000
     290.0000 -0.60000E+01  0.60000E+01 -0.60000E+01  0.50520E+01 -0.94819E+00 -0.17401E+04  0.17401E+04 -0.17401E+04  0.14592E+04 -0.21957E+03 -0.35492E+03 -0.36969E+03 -0.37591E+03  0.00000E+00  0.42793E-04  0.12604E+03  0.17401E+04  0.00000E+00   9010  0.00000E+00      0.000
     300.0000 -0.60000E+01  0.60000E+01 -0.60000E+01  0.50520E+01 -0.94843E+00 -0.18001E+04  0.18001E+04 -0.18001E+04  0.15097E+04 -0.22905E+03 -0.35492E+03 -0.36971E+03 -0.37591E+03  0.00000E+00  0.42793E-04  0.12604E+03  0.18001E+04  0.00000E+00   9317  0.00000E+00      0.000
     310.0000 -0.60000E+01  0.60000E+01 -0.60000E+01  0.50520E+01 -0.94790E+00 -0.18601E+04  0.18601E+04 -0.18601E+04  0.15602E+04 -0.23853E+03 -0.35492E+03 -0.36970E+03 -0.37591E+03  0.00000E+00  0.42793E-04  0.12604E+03  0.18601E+04  0.00000E+00   9624  0.00000E+00      0.000
     320.0000 -0.60000E+01  0.60000E+01 -0.60000E+01  0.50520E+01 -0.94901E+00 -0.19201E+04  0.19201E+04 -0.19201E+04  0.16108E+04 -0.24801E+03 -0.35492E+03 -0.36970E+03 -0.37591E+03  0.00000E+00  0.42793E-04  0.12604E+03  0.19201E+04  0.00000E+00   9931  0.00000E+00      0.000
     330.0000 -0.60000E+01  0.60000E+01 -0.60000E+01  0.50520E+01 -0.94714E+00 -0.19801E+04  0.19801E+04 -0.19801E+04  0.16613E+04 -0.25749E+03 -0.35492E+03 -0.36970E+03 -0.37591E+03  0.00000E+00  0.42793E-04  0.12604E+03  0.19801E+04  0.00000E+00  10238  0.00000E+00      0.000
     340.0000 -0.60000E+01  0.60000E+01 -0.60000E+01  0.50520E+01 -0.94724E+00 -0.20401E+04  0.20401E+04 -0.20401E+04  0.17118E+04 -0.26697E+03 -0.35492E+03 -0.36970E+03 -0.37591E+03  0.00000E+00  0.42793E-04  0.12604E+03  0.20401E+04  0.00000E+00  10545  0.00000E+00      0.000
     350.0000 -0.60000E+01  0.60000E+01 -0.60000E+01  0.50520E+01 -0.94745E+00 -0.21002E+04  0.21002E+04 -0.21002E+04  0.17624E+04 -0.27645E+03 -0.35492E+03 -0.36970E+03 -0.37591E+03  0.00000E+00  0.42793E-04  0.12604E+03  0.21002E+04  0.00000E+00  10852  0.00000E+00      0.000
     360.0000 -0.60000E+01  0.60000E+01 -0.60000E+01  0.50520E+01 -0.94741E+00 -0.21602E+04  0.21602E+04 -0.21602E+04  0.18129E+04 -0.28593E+03 -0.35492E+03 -0.36969E+03 -0.37591E+03  0.00000E+00  0.42793E-04  0.12604E+03  0.21602E+04  0.00000E+00  11159  0.00000E+00      0.000
     370.0000 -0.60000E+01  0.60000E+01 -0.60000E+01  0.50520E+01 -0.94714E+00 -0.22202E+04  0.22202E+04 -0.22202E+04  0.18634E+04 -0.29541E+03 -0.35492E+03 -0.36970E+03 -0.37591E+03  0.00000E+00  0.42793E-04  0.12604E+03  0.22202E+04  0.00000E+00  11466  0.00000E+00      0.000
     380.0000 -0.60000E+01  0.60000E+01 -0.60000E+01  0.50520E+01 -0.94752E+00 -0.22802E+04  0.22802E+04 -0.22802E+04  0.19140E+04 -0.30489E+03 -0.35492E+03 -0.36970E+03 -0.37591E+03  0.00000E+00  0.42793E-04  0.12604E+03  0.22802E+04  0.00000E+00  11773  0.00000E+00      0.000
     390.0000 -0.60000E+01  0.60000E+01 -0.60000E+01  0.50520E+01 -0.94738E+00 -0.23402E+04  0.23402E+04 -0.23402E+04  0.19645E+04 -0.31437E+03 -0.35492E+03 -0.36969E+03 -0.37591E+03  0.00000E+00  0.42793E-04  0.12604E+03  0.23402E+04  0.00000E+00  12080  0.00000E+00      0.000
     400.0000 -0.60000E+01  0.60000E+01 -0.60000E+01  0.50520E+01 -0.94917E+00 -0.24002E+04  0.24002E+04 -0.24002E+04  0.20150E+04 -0.32384E+03 -0.35492E+03 -0.36970E+03 -0.37591E+03  0.00000E+00  0.42793E-04  0.12604E+03  0.24002E+04  0.00000E+00  12387  0.00000E+00      0.000
     410.0000 -0.60000E+01  0.60000E+01 -0.60000E+01  0.50520E+01 -0.94854E+00 -0.24602E+04  0.24602E+04 -0.24602E+04  0.20656E+04 -0.33332E+03 -0.35492E+03 -0.36971E+03 -0.37591E+03  0.00000E+00  0.42793E-04  0.12604E+03  0.24602E+04  0.00000E+00  12694  0.00000E+00      0.000
     420.0000 -0.60000E+01  0.60000E+01 -0.60000E+01  0.50520E+01 -0.94826E+00 -0.25202E+04  0.25202E+04 -0.25202E+04  0.21161E+04 -0.34280E+03 -0.35492E+03 -0.36970E+03 -0.37591E+03  0.00000E+00  0.42793E-04  0.12604E+03  0.25202E+04  0.00000E+00  13001  0.00000E+00      0.000
     430.0000 -0.60000E+01  0.60000E+01 -0.60000E+01  0.50520E+01 -0.94832E+00 -0.25803E+04  0.25803E+04 -0.25803E+04  0.21666E+04 -0.35228E+03 -0.35492E+03 -0.36971E+03 -0.37590E+03  0.00000E+00  0.42793E-04  0.12604E+03  0.25803E+04  0.00000E+00  13308  0.00000E+00      0.000
     440.0000 -0.60000E+01  0.60000E+01 -0.60000E+01  0.50520E+01 -0.94738E+00 -0.26403E+04  0.26403E+04 -0.26403E+04  0.22171E+04 -0.36176E+03 -0.35492E+03 -0.36970E+03 -0.37591E+03  0.00000E+00  0.42793E-04  0.12604E+03  0.26403E+04  0.00000E+00  13615  0.00000E+00      0.000
     450.0000 -0.60000E+01  0.60000E+01 -0.60000E+01  0.50520E+01 -0.94786E+00 -0.27003E+04  0.27003E+04 -0.27003E+04  0.22676E+04 -0.37124E+03 -0.35492E+03 -0.36969E+03 -0.37591E+03  0.00000E+00  0.42793E-04  0.12604E+03  0.27003E+04  0.00000E+00  13922  0.00000E+00      0.000
     460.0000 -0.60000E+01  0.60000E+01 -0.60000E+01  0.50520E+01 -0.94798E+00 -0.27603E+04  0.27603E+04 -0.27603E+04  0.23181E+04 -0.38072E+03 -0.35492E+03 -0.36971E+03 -0.37591E+03  0.00000E+00  0.42793E-04  0.12604E+03  0.27603E+04  0.00000E+00  14229  0.00000E+00      0.000
     470.0000 -0.60000E+01  0.60000E+01 -0.60000E+01  0.50520E+01 -0.94868E+00 -0.28203E+04  0.28203E+04 -0.28203E+04  0.23685E+04 -0.39020E+03 -0.35492E+03 -0.36970E+03 -0.37591E+03  0.00000E+00  0.42793E-04  0.12604E+03  0.28203E+04  0.00000E+00  14536  0.00000E+00      0.000
     480.0000 -0.60000E+01  0.60000E+01 -0.60000E+01  0.50520E+01 -0.94828E+00 -0.28803E+04  0.28803E+04 -0.28803E+04  0.24190E+04 -0.39968E+03 -0.35492E+03 -0.36970E+03 -0.37591E+03  0.00000E+00  0.42793E-04  0.12604E+03  0.28803E+04  0.00000E+00  14843  0.00000E+00      0.000
     490.0000 -0.60000E+01  0.60000E+01 -0.60000E+01  0.50520E+01 -0.94831E+00 -0.29403E+04  0.29403E+04 -0.29403E+04  0.24695E+04 -0.40916E+03 -0.35492E+03 -0.36970E+03 -0.37591E+03  0.00000E+00  0.42793E-04  0.12604E+03  0.29403E+04  0.00000E+00  15150  0.00000E+00      0.000
     500.0000 -0.60000E+01  0.60000E+01 -0.60000E+01  0.50520E+01 -0.94727E+00 -0.30003E+04  0.30003E+04 -0.30003E+04  0.25200E+04 -0.41864E+03 -0.35492E+03 -0.36970E+03 -0.37591E+03  0.00000E+00  0.42793E-04  0.12604E+03  0.30003E+04  0.00000E+00  15457  0.00000E+00      0.000
     510.0000 -0.60000E+01  0.60000E+01 -0.60000E+01  0.50520E+01 -0.94783E+00 -0.30603E+04  0.30603E+04 -0.30603E+04  0.25705E+04 -0.42812E+03 -0.35492E+03 -0.36969E+03 -0.37591E+03  0.00000E+00  0.42793E-04  0.12604E+03  0.30603E+04  0.00000E+00  15764  0.00000E+00      0.000
     520.0000 -0.60000E+01  0.60000E+01 -0.60000E+01  0.50520E+01 -0.94830E+00 -0.31204E+04  0.31204E+04 -0.31204E+04  0.26210E+04 -0.43760E+03 -0.35492E+03 -0.36971E+03 -0.37591E+03  0.00000E+00  0.42793E-04  0.12604E+03  0.31204E+04  0.00000E+00  16071  0.00000E+00      0.000
     530.0000 -0.60000E+01  0.60000E+01 -0.60000E+01  0.50520E+01 -0.94841E+00 -0.31804E+04  0.31804E+04 -0.31804E+04  0.26715E+04 -0.44708E+03 -0.35492E+03 -0.36971E+03 -0.37590E+03  0.00000E+00  0.42793E-04  0.12604E+03  0.31804E+04  0.00000E+00  16378  0.00000E+00      0.000
     540.0000 -0.60000E+01  0.60000E+01 -0.60000E+01  0.50520E+01 -0.94797E+00 -0.32404E+04  0.32404E+04 -0.32404E+04  0.27220E+04 -0.45656E+03 -0.35492E+03 -0.36971E+03 -0.37591E+03  0.00000E+00  0.42793E-04  0.12604E+03  0.32404E+04  0.00000E+00  16685  0.00000E+00      0.000
     550.0000 -0.60000E+01  0.60000E+01 -0.60000E+01  0.50520E+01 -0.94847E+00 -0.33004E+04  0.33004E+04 -0.33004E+04  0.27725E+04 -0.46604E+03 -0.35492E+03 -0.36970E+03 -0.37591E+03  0.00000E+00  0.42793E-04  0.12604E+03  0.33004E+04  0.00000E+00  16992  0.00000E+00      0.000
     560.0000 -0.60000E+01  0.60000E+01 -0.60000E+01  0.50520E+01 -0.94734E+00 -0.33604E+04  0.33604E+04 -0.33604E+04  0.28230E+04 -0.47552E+03 -0.35492E+03 -0.36969E+03 -0.37591E+03  0.00000E+00  0.42793E-04  0.12604E+03  0.33604E+04  0.00000E+00  17299  0.00000E+00      0.000
     570.0000 -0.60000E+01  0.60000E+01 -0.60000E+01  0.50520E+01 -0.94726E+00 -0.34204E+04  0.34204E+04 -0.34204E+04  0.28735E+04 -0.48500E+03 -0.35492E+03 -0.36970E+03 -0.37591E+03  0.00000E+00  0.42793E-04  0.12604E+03  0.34204E+04  0.00000E+00  17606  0.00000E+00      0.000
     580.0000 -0.60000E+01  0.60000E+01 -0.60000E+01  0.50520E+01 -0.94732E+00 -0.34804E+04  0.34804E+04 -0.34804E+04  0.29240E+04 -0.49448E+03 -0.35492E+03 -0.36969E+03 -0.37591E+03  0.00000E+00  0.42793E-04  0.12604E+03  0.34804E+04  0.00000E+00  17913  0.00000E+00      0.000
     590.0000 -0.60000E+01  0.60000E+01 -0.60000E+01  0.50520E+01 -0.94896E+00 -0.35404E+04  0.35404E+04 -0.35404E+04  0.29745E+04 -0.50396E+03 -0.35492E+03 -0.36970E+03 -0.37591E+03  0.00000E+00  0.42793E-04  0.12604E+03  0.35404E+04  0.00000E+00  18220  0.00000E+00      0.000
     600.0000 -0.60000E+01  0.60000E+01 -0.60000E+01  0.50520E+01 -0.94808E+00 -0.36004E+04  0.36004E+04 -0.36004E+04  0.30250E+04 -0.51344E+03 -0.35492E+03 -0.36970E+03 -0.37591E+03  0.00000E+00  0.42793E-04  0.12604E+03  0.36004E+04  0.00000E+00  18527  0.00000E+00      0.000
     610.0000 -0.60000E+01  0.60000E+01 -0.60000E+01  0.50520E+01 -0.94815E+00 -0.36605E+04  0.36605E+04 -0.36605E+04  0.30755E+04 -0.52292E+03 -0.35492E+03 -0.36970E+03 -0.37591E+03  0.00000E+00  0.42793E-04  0.12604E+03  0.36605E+04  0.00000E+00  18834  0.00000E+00      0.000
     620.0000 -0.60000E+01  0.60000E+01 -0.60000E+01  0.50520E+01 -0.94874E+00 -0.37205E+04  0.37205E+04 -0.37205E+04  0.31260E+04 -0.53239E+03 -0.35492E+03 -0.36971E+03 -0.37590E+03  0.00000E+00  0.42793E-04  0.12604E+03  0.37205E+04  0.00000E+00  19141  0.00000E+00      0.000
     630.0000 -0.60000E+01  0.60000E+01 -0.60000E+01  0.50520E+01 -0.94759E+00 -0.37805E+04  0.37805E+04 -0.37805E+04  0.31765E+04 -0.54187E+03 -0.35492E+03 -0.36969E+03 -0.37591E+03  0.00000E+00  0.42793E-04  0.12604E+03  0.37805E+04  0.00000E+00  19448  0.00000E+00      0.000
     640.0000 -0.60000E+01  0.60000E+01 -0.60000E+01  0.50520E+01 -0.94839E+00 -0.38405E+04  0.38405E+04 -0.38405E+04  0.32270E+04 -0.55135E+03 -0.35492E+03 -0.36971E+03 -0.37591E+03  0.00000E+00  0.42793E-04  0.12604E+03  0.38405E+04  0.00000E+00  19755  0.00000E+00      0.000
     650.0000 -0.60000E+01  0.60000E+01 -0.60000E+01  0.50520E+01 -0.94823E+00 -0.39005E+04  0.39005E+04 -0.39005E+04  0.32775E+04 -0.56083E+03 -0.35492E+03 -0.36970E+03 -0.37591E+03  0.00000E+00  0.42793E-04  0.12604E+03  0.39005E+04  0.00000E+00  20062  0.00000E+00      0.000
     660.0000 -0.60000E+01  0.60000E+01 -0.60000E+01  0.50520E+01 -0.94829E+00 -0.39605E+04  0.39605E+04 -0.39605E+04  0.33280E+04 -0.57031E+03 -0.35492E+03 -0.36970E+03 -0.37591E+03  0.00000E+00  0.42793E-04  0.12604E+03  0.39605E+04  0.00000E+00  20369  0.00000E+00      0.000
     670.0000 -0.60000E+01  0.60000E+01 -0.60000E+01  0.50520E+01 -0.94878E+00 -0.40205E+04  0.40205E+04 -0.40205E+04  0.33785E+04 -0.57979E+03 -0.35492E+03 -0.36971E+03 -0.37591E+03  0.00000E+00  0.42793E-04  0.12604E+03  0.40205E+04  0.00000E+00  20676  0.00000E+00      0.000
     680.0000 -0.60000E+01  0.60000E+01 -0.60000E+01  0.50520E+01 -0.94776E+00 -0.40805E+04  0.40805E+04 -0.40805E+04  0.34290E+04 -0.58927E+03 -0.35492E+03 -0.36970E+03 -0.37591E+03  0.00000E+00  0.42793E-04  0.12604E+03  0.40805E+04  0.00000E+00  20983  0.00000E+00      0.000
     690.0000 -0.60000E+01  0.60000E+01 -0.60000E+01  0.50520E+01 -0.94732E+00 -0.41405E+04  0.41405E+04 -0.41405E+04  0.34795E+04 -0.59875E+03 -0.35492E+03 -0.36969E+03 -0.37591E+03  0.00000E+00  0.42793E-04  0.12604E+03  0.41405E+04  0.00000E+00  21290  0.00000E+00      0.000
     700.0000 -0.60000E+01  0.60000E+01 -0.60000E+01  0.50520E+01 -0.94927E+00 -0.42004E+04  0.42004E+04 -0.42004E+04  0.35300E+04 -0.60823E+03 -0.35492E+03 -0.36970E+03 -0.37591E+03  0.00000E+00  0.42793E-04  0.12604E+03  0.42004E+04  0.00000E+00  21597  0.00000E+00      0.000
     710.0000 -0.60000E+01  0.60000E+01 -0.60000E+01  0.50520E+01 -0.94712E+00 -0.42604E+04  0.42604E+04 -0.42604E+04  0.35805E+04 -0.61771E+03 -0.35492E+03 -0.36970E+03 -0.37591E+03  0.00000E+00  0.42793E-04  0.12604E+03  0.42604E+04  0.00000E+00  21904  0.00000E+00      0.000
     720.0000 -0.60000E+01  0.60000E+01 -0.60000E+01  0.50520E+01 -0.94874E+00 -0.43203E+04  0.43203E+04 -0.43203E+04  0.36310E+04 -0.62719E+03 -0.35492E+03 -0.36970E+03 -0.37591E+03  0.00000E+00  0.42793E-04  0.12604E+03  0.43203E+04  0.00000E+00  22211  0.00000E+00      0.000
     730.0000 -0.60000E+01  0.60000E+01 -0.60000E+01  0.50520E+01 -0.94740E+00 -0.43803E+04  0.43803E+04 -0.43803E+04  0.36815E+04 -0.63667E+03 -0.35492E+03 -0.36970E+03 -0.37591E+03  0.00000E+00  0.42793E-04  0.12604E+03  0.43803E+04  0.00000E+00  22518  0.00000E+00      0.000
     740.0000 -0.60000E+01  0.60000E+01 -0.60000E+01  0.50520E+01 -0.94797E+00 -0.44402E+04  0.44402E+04 -0.44402E+04  0.37320E+04 -0.64615E+03 -0.35492E+03 -0.36969E+03 -0.37591E+03  0.00000E+00  0.42793E-04  0.12604E+03  0.44402E+04  0.00000E+00  22825  0.00000E+00      0.000
     750.0000 -0.60000E+01  0.60000E+01 -0.60000E+01  0.50520E+01 -0.94746E+00 -0.45001E+04  0.45001E+04 -0.45001E+04  0.37825E+04 -0.65563E+03 -0.35492E+03 -0.36970E+03 -0.37590E+03  0.00000E+00  0.42793E-04  0.12604E+03  0.45001E+04  0.00000E+00  23132  0.00000E+00      0.000
     760.0000 -0.60000E+01  0.60000E+01 -0.60000E+01  0.50520E+01 -0.94829E+00 -0.45601E+04  0.45601E+04 -0.45601E+04  0.38330E+04 -0.66511E+03 -0.35492E+03 -0.36971E+03 -0.37591E+03  0.00000E+00  0.42793E-04  0.12604E+03  0.45601E+04  0.00000E+00  23439  0.00000E+00      0.000
     770.0000 -0.60000E+01  0.60000E+01 -0.60000E+01  0.50520E+01 -0.94849E+00 -0.46200E+04  0.46200E+04 -0.46200E+04  0.38835E+04 -0.67459E+03 -0.35492E+03 -0.36970E+03 -0.37591E+03  0.00000E+00  0.42793E-04  0.12604E+03  0.46200E+04  0.00000E+00  23746  0.00000E+00      0.000
     780.0000 -0.60000E+01  0.60000E+01 -0.60000E+01  0.50520E+01 -0.94711E+00 -0.46800E+04  0.46800E+04 -0.46800E+04  0.39340E+04 -0.68407E+03 -0.35492E+03 -0.36970E+03 -0.37591E+03  0.00000E+00  0.42793E-04  0.12604E+03  0.46800E+04  0.00000E+00  24053  0.00000E+00      0.000
     790.0000 -0.60000E+01  0.60000E+01 -0.60000E+01  0.50520E+01 -0.94918E+00 -0.47399E+04  0.47399E+04 -0.47399E+04  0.39845E+04 -0.69354E+03 -0.35492E+03 -0.36970E+03 -0.37591E+03  0.00000E+00  0.42793E-04  0.12604E+03  0.47399E+04  0.00000E+00  24360  0.00000E+00      0.000
     800.0000 -0.60000E+01  0.60000E+01 -0.60000E+01  0.50520E+01 -0.94835E+00 -0.47999E+04  0.47999E+04 -0.47999E+04  0.40350E+04 -0.70302E+03 -0.35492E+03 -0.36971E+03 -0.37590E+03  0.00000E+00  0.42793E-04  0.12604E+03  0.47999E+04  0.00000E+00  24667  0.00000E+00      0.000
     810.0000 -0.60000E+01  0.60000E+01 -0.60000E+01  0.50520E+01 -0.94755E+00 -0.48598E+04  0.48598E+04 -0.48598E+04  0.40855E+04 -0.71250E+03 -0.35492E+03 -0.36970E+03 -0.37590E+03  0.00000E+00  0.42793E-04  0.12604E+03  0.48598E+04  0.00000E+00  24974  0.00000E+00      0.000
     820.0000 -0.60000E+01  0.60000E+01 -0.60000E+01  0.50520E+01 -0.94813E+00 -0.49197E+04  0.49197E+04 -0.49197E+04  0.41360E+04 -0.72198E+03 -0.35492E+03 -0.36970E+03 -0.37591E+03  0.00000E+00  0.42793E-04  0.12604E+03  0.49197E+04  0.00000E+00  25281  0.00000E+00      0.000
     830.0000 -0.60000E+01  0.60000E+01 -0.60000E+01  0.50520E+01 -0.94776E+00 -0.49797E+04  0.49797E+04 -0.49797E+04  0.41865E+04 -0.73146E+03 -0.35492E+03 -0.36969E+03 -0.37591E+03  0.00000E+00  0.42793E-04  0.12604E+03  0.49797E+04  0.00000E+00  25588  0.00000E+00      0.000
     840.0000 -0.60000E+01  0.60000E+01 -0.60000E+01  0.50520E+01 -0.94831E+00 -0.50396E+04  0.50396E+04 -0.50396E+04  0.42370E+04 -0.74094E+03 -0.35492E+03 -0.36970E+03 -0.37591E+03  0.00000E+00  0.42793E-04  0.12604E+03  0.50396E+04  0.00000E+00  25895  0.00000E+00      0.000
     850.0000 -0.60000E+01  0.60000E+01 -0.60000E+01  0.50520E+01 -0.94799E+00 -0.50996E+04  0.50996E+04 -0.50996E+04  0.42875E+04 -0.75042E+03 -0.35492E+03 -0.36971E+03 -0.37591E+03  0.00000E+00  0.42793E-04  0.12604E+03  0.50996E+04  0.00000E+00  26202  0.00000E+00      0.000
     860.0000 -0.60000E+01  0.60000E+01 -0.60000E+01  0.50520E+01 -0.94881E+00 -0.51595E+04  0.51595E+04 -0.51595E+04  0.43380E+04 -0.75990E+03 -0.35492E+03 -0.36971E+03 -0.37590E+03  0.00000E+00  0.42793E-04  0.12604E+03  0.51595E+04  0.00000E+00  26509  0.00000E+00      0.000
     870.0000 -0.60000E+01  0.60000E+01 -0.60000E+01  0.50520E+01 -0.94815E+00 -0.52194E+04  0.52194E+04 -0.52194E+04  0.43885E+04 -0.76938E+03 -0.35492E+03 -0.36971E+03 -0.37591E+03  0.00000E+00  0.42793E-04  0.12604E+03  0.52194E+04  0.00000E+00  26816  0.00000E+00      0.000
     880.0000 -0.60000E+01  0.60000E+01 -0.60000E+01  0.50520E+01 -0.94734E+00 -0.52794E+04  0.52794E+04 -0.52794E+04  0.44389E+04 -0.77886E+03 -0.35492E+03 -0.36970E+03 -0.37591E+03  0.00000E+00  0.42793E-04  0.12604E+03  0.52794E+04  0.00000E+00  27123  0.00000E+00      0.000
     890.0000 -0.60000E+01  0.60000E+01 -0.60000E+01  0.50520E+01 -0.94798E+00 -0.53393E+04  0.53393E+04 -0.53393E+04  0.44894E+04 -0.78834E+03 -0.35492E+03 -0.36970E+03 -0.37591E+03  0.00000E+00  0.42793E-04  0.12604E+03  0.53393E+04  0.00000E+00  27430  0.00000E+00      0.000
     900.0000 -0.60000E+01  0.60000E+01 -0.60000E+01  0.50520E+01 -0.94835E+00 -0.53993E+04  0.53993E+04 -0.53993E+04  0.45399E+04 -0.79782E+03 -0.35492E+03 -0.36970E+03 -0.37591E+03  0.00000E+00  0.42793E-04  0.12604E+03  0.53993E+04  0.00000E+00  27737  0.00000E+00      0.000
     910.0000 -0.60000E+01  0.60000E+01 -0.60000E+01  0.50520E+01 -0.94751E+00 -0.54592E+04  0.54592E+04 -0.54592E+04  0.45904E+04 -0.80730E+03 -0.35492E+03 -0.36969E+03 -0.37591E+03  0.00000E+00  0.42793E-04  0.12604E+03  0.54592E+04  0.00000E+00  28044  0.00000E+00      0.000
     920.0000 -0.60000E+01  0.60000E+01 -0.60000E+01  0.50520E+01 -0.94733E+00 -0.55192E+04  0.55192E+04 -0.55192E+04  0.46409E+04 -0.81678E+03 -0.35492E+03 -0.36969E+03 -0.37591E+03  0.00000E+00  0.42793E-04  0.12604E+03  0.55192E+04  0.00000E+00  28351  0.00000E+00      0.000
     930.0000 -0.60000E+01  0.60000E+01 -0.60000E+01  0.50520E+01 -0.94826E+00 -0.55791E+04  0.55791E+04 -0.55791E+04  0.46914E+04 -0.82626E+03 -0.35492E+03 -0.36971E+03 -0.37590E+03  0.00000E+00  0.42793E-04  0.12604E+03  0.55791E+04  0.00000E+00  28658  0.00000E+00      0.000
     940.0000 -0.60000E+01  0.60000E+01 -0.60000E+01  0.50520E+01 -0.94792E+00 -0.56390E+04  0.56390E+04 -0.56390E+04  0.47419E+04 -0.83573E+03 -0.35492E+03 -0.36970E+03 -0.37591E+03  0.00000E+00  0.42793E-04  0.12604E+03  0.56390E+04  0.00000E+00  28965  0.00000E+00      0.000
     950.0000 -0.60000E+01  0.60000E+01 -0.60000E+01  0.50520E+01 -0.94737E+00 -0.56990E+04  0.56990E+04 -0.56990E+04  0.47924E+04 -0.84521E+03 -0.35492E+03 -0.36970E+03 -0.37591E+03  0.00000E+00  0.42793E-04  0.12604E+03  0.56990E+04  0.00000E+00  29272  0.00000E+00      0.000
     960.0000 -0.60000E+01  0.60000E+01 -0.60000E+01  0.50520E+01 -0.94763E+00 -0.57589E+04  0.57589E+04 -0.57589E+04  0.48429E+04 -0.85469E+03 -0.35492E+03 -0.36969E+03 -0.37591E+03  0.00000E+00  0.42793E-04  0.12604E+03  0.57589E+04  0.00000E+00  29579  0.00000E+00      0.000
     970.0000 -0.60000E+01  0.60000E+01 -0.60000E+01  0.50520E+01 -0.94799E+00 -0.58189E+04  0.58189E+04 -0.58189E+04  0.48934E+04 -0.86417E+03 -0.35492E+03 -0.36971E+03 -0.37591E+03  0.00000E+00  0.42793E-04  0.12604E+03  0.58189E+04  0.00000E+00  29886  0.00000E+00      0.000
     980.0000 -0.60000E+01  0.60000E+01 -0.60000E+01  0.50520E+01 -0.94717E+00 -0.58788E+04  0.58788E+04 -0.58788E+04  0.49439E+04 -0.87365E+03 -0.35492E+03 -0.36969E+03 -0.37591E+03  0.00000E+00  0.42793E-04  0.12604E+03  0.58788E+04  0.00000E+00  30193  0.00000E+00      0.000
     990.0000 -0.60000E+01  0.60000E+01 -0.60000E+01  0.50520E+01 -0.94737E+00 -0.59387E+04  0.59387E+04 -0.59387E+04  0.49944E+04 -0.88313E+03 -0.35492E+03 -0.36970E+03 -0.37591E+03  0.00000E+00  0.42793E-04  0.12604E+03  0.59387E+04  0.00000E+00  30500  0.00000E+00      0.000
    1000.0000 -0.60000E+01  0.60000E+01 -0.60000E+01  0.50520E+01 -0.94847E+00 -0.59987E+04  0.59987E+04 -0.59987E+04  0.50449E+04 -0.89261E+03 -0.35492E+03 -0.36971E+03 -0.37590E+03  0.00000E+00  0.42793E-04  0.12604E+03  0.59987E+04  0.00000E+00  30807  0.00000E+00      0.000
end
