 ******* Program HYDRUS
 ******* 
 Welcome to HYDRUS-1D                                                    
 Date:  13. 3.    Time:  12:50:18
 Units: L = mm   , T = days , M = mmol 

----------------------------------------------------------
 Time       [T]        0.0000
----------------------------------------------------------
 Sub-region num.                     1
----------------------------------------------------------
 Length   [L]        0.10000E+04  0.10000E+04
 W-volume [L]        0.64709E+02  0.64709E+02
 In-flow  [L/T]      0.00000E+00  0.00000E+00
 h Mean   [L]       -0.10000E+04 -0.10000E+04
 ConcVol  [M/L2] 1   0.00000E+00  0.00000E+00
 cMean    [M/L3] 1   0.00000E+00  0.00000E+00
 Top Flux [L/T]     -0.29768E-05
 Bot Flux [L/T]     -0.29768E-05
----------------------------------------------------------

----------------------------------------------------------
 Time       [T]      200.0000
----------------------------------------------------------
 Sub-region num.                     1
----------------------------------------------------------
 Length   [L]        0.10000E+04  0.10000E+04
 W-volume [L]        0.12060E+03  0.12060E+03
 In-flow  [L/T]     -0.11041E-04 -0.11041E-04
 h Mean   [L]       -0.38673E+03 -0.38673E+03
 ConcVol  [M/L2] 1   0.11236E+05  0.11236E+05
 cMean    [M/L3] 1   0.93650E+02  0.93650E+02
 Top Flux [L/T]     -0.24654E+01
 Bot Flux [L/T]     -0.70013E+00
 WatBalT  [L]       -0.24551E-01
 WatBalR  [%]              0.003
 CncBalT  [M]    1   0.31836E+02
 CncBalR  [%]    1         0.169
----------------------------------------------------------

----------------------------------------------------------
 Time       [T]      400.0000
----------------------------------------------------------
 Sub-region num.                     1
----------------------------------------------------------
 Length   [L]        0.10000E+04  0.10000E+04
 W-volume [L]        0.12060E+03  0.12060E+03
 In-flow  [L/T]      0.15749E-04  0.15749E-04
 h Mean   [L]       -0.38673E+03 -0.38673E+03
 ConcVol  [M/L2] 1   0.11235E+05  0.11235E+05
 cMean    [M/L3] 1   0.93648E+02  0.93648E+02
 Top Flux [L/T]     -0.24659E+01
 Bot Flux [L/T]     -0.70014E+00
 WatBalT  [L]       -0.24574E-01
 WatBalR  [%]              0.001
 CncBalT  [M]    1   0.31622E+02
 CncBalR  [%]    1         0.065
----------------------------------------------------------

----------------------------------------------------------
 Time       [T]      600.0000
----------------------------------------------------------
 Sub-region num.                     1
----------------------------------------------------------
 Length   [L]        0.10000E+04  0.10000E+04
 W-volume [L]        0.12060E+03  0.12060E+03
 In-flow  [L/T]      0.44507E-04  0.44507E-04
 h Mean   [L]       -0.38673E+03 -0.38673E+03
 ConcVol  [M/L2] 1   0.11236E+05  0.11236E+05
 cMean    [M/L3] 1   0.93648E+02  0.93648E+02
 Top Flux [L/T]     -0.24664E+01
 Bot Flux [L/T]     -0.70014E+00
 WatBalT  [L]       -0.24544E-01
 WatBalR  [%]              0.001
 CncBalT  [M]    1   0.31659E+02
 CncBalR  [%]    1         0.040
----------------------------------------------------------

----------------------------------------------------------
 Time       [T]      800.0000
----------------------------------------------------------
 Sub-region num.                     1
----------------------------------------------------------
 Length   [L]        0.10000E+04  0.10000E+04
 W-volume [L]        0.12060E+03  0.12060E+03
 In-flow  [L/T]     -0.56852E-05 -0.56852E-05
 h Mean   [L]       -0.38673E+03 -0.38673E+03
 ConcVol  [M/L2] 1   0.11235E+05  0.11235E+05
 cMean    [M/L3] 1   0.93648E+02  0.93648E+02
 Top Flux [L/T]     -0.24662E+01
 Bot Flux [L/T]     -0.70014E+00
 WatBalT  [L]       -0.24567E-01
 WatBalR  [%]              0.001
 CncBalT  [M]    1   0.31621E+02
 CncBalR  [%]    1         0.029
----------------------------------------------------------

----------------------------------------------------------
 Time       [T]     1000.0000
----------------------------------------------------------
 Sub-region num.                     1
----------------------------------------------------------
 Length   [L]        0.10000E+04  0.10000E+04
 W-volume [L]        0.12060E+03  0.12060E+03
 In-flow  [L/T]     -0.16708E-05 -0.16708E-05
 h Mean   [L]       -0.38673E+03 -0.38673E+03
 ConcVol  [M/L2] 1   0.11235E+05  0.11235E+05
 cMean    [M/L3] 1   0.93648E+02  0.93648E+02
 Top Flux [L/T]     -0.24656E+01
 Bot Flux [L/T]     -0.70014E+00
 WatBalT  [L]       -0.24521E-01
 WatBalR  [%]              0.000
 CncBalT  [M]    1   0.31619E+02
 CncBalR  [%]    1         0.023
----------------------------------------------------------
 
 Calculation time [sec]   8.98000001907349     
