 ******* Program HYDRUS
 ******* 
 Welcome to HYDRUS-1D                                                    
 Date:  13. 3.    Time:  12:50:18
 Units: L = mm   , T = days , M = mmol 


    TLevel      Time           dt     ItrW ItrC    ItCum  KodT  KodB Converg  Peclet   Courant

      280  0.1000000E+02  0.61434E-01    7    1     1265    -4    -5     T     6.223     0.236
      488  0.2000000E+02  0.52924E-01    8    1     2243    -4    -5     T     6.020     0.203
      737  0.3000000E+02  0.33286E-01    3    1     3425    -4    -5     T     5.596     0.128
     1023  0.4000000E+02  0.42610E-01    4    1     4745    -4    -5     T     5.790     0.164
     1316  0.5000000E+02  0.35171E-01    3    1     6126    -4    -5     T     5.635     0.135
     1620  0.6000000E+02  0.31615E-01    3    1     7574    -4    -5     T     5.563     0.121
     1925  0.7000000E+02  0.37682E-01    3    1     9020    -4    -5     T     5.686     0.145
     2242  0.8000000E+02  0.28582E-01    2    1    10528    -4    -5     T     5.504     0.110
     2549  0.9000000E+02  0.37943E-01    2    1    12002    -4    -5     T     5.692     0.146
     2837  0.1000000E+03  0.38688E-01    2    1    13449    -4    -5     T     5.707     0.149
     3160  0.1100000E+03  0.41107E-01    7    1    14964    -4    -5     T     5.758     0.158
     3466  0.1200000E+03  0.37914E-01    3    1    16504    -4    -5     T     5.691     0.146
     3785  0.1300000E+03  0.27080E-01    2    1    18032    -4    -5     T     5.475     0.104
     4094  0.1400000E+03  0.37754E-01    4    1    19533    -4    -5     T     5.688     0.145
     4397  0.1500000E+03  0.30475E-01    3    1    21005    -4    -5     T     5.541     0.117
     4706  0.1600000E+03  0.19170E-01    2    1    22487    -4    -5     T     5.327     0.074
     5015  0.1700000E+03  0.37861E-01    6    1    23988    -4    -5     T     5.690     0.145
     5292  0.1800000E+03  0.37030E-01    6    1    25560    -4    -5     T     5.673     0.142
     5606  0.1900000E+03  0.21256E-01    2    1    27070    -4    -5     T     5.365     0.082
     5895  0.2000000E+03  0.21601E-01    2    1    28479    -4    -5     T     5.372     0.083
     6196  0.2100000E+03  0.37669E-01    3    1    29966    -4    -5     T     5.686     0.145
     6520  0.2200000E+03  0.28997E-01    2    1    31479    -4    -5     T     5.512     0.111
     6832  0.2300000E+03  0.22278E-01    2    1    32956    -4    -5     T     5.384     0.086
     7151  0.2400000E+03  0.42268E-01    8    1    34454    -4    -5     T     5.783     0.162
     7468  0.2500000E+03  0.38515E-01    3    1    35961    -4    -5     T     5.703     0.148
     7749  0.2600000E+03  0.37672E-01    6    1    37391    -4    -5     T     5.686     0.145
     8032  0.2700000E+03  0.19165E-01    2    1    38848    -4    -5     T     5.327     0.074
     8356  0.2800000E+03  0.37074E-01    6    1    40358    -4    -5     T     5.674     0.142
     8661  0.2900000E+03  0.33737E-01    2    1    41828    -4    -5     T     5.606     0.130
     8984  0.3000000E+03  0.38764E-01    7    1    43348    -4    -5     T     5.709     0.149
     9304  0.3100000E+03  0.29429E-01    3    1    44872    -4    -5     T     5.520     0.113
     9630  0.3200000E+03  0.34407E-01    2    1    46402    -4    -5     T     5.619     0.132
     9945  0.3300000E+03  0.28850E-01    2    1    47922    -4    -5     T     5.509     0.111
    10255  0.3400000E+03  0.20953E-01    2    1    49392    -4    -5     T     5.360     0.081
    10541  0.3500000E+03  0.27277E-01    2    1    50816    -4    -5     T     5.479     0.105
    10847  0.3600000E+03  0.37378E-01    6    1    52303    -4    -5     T     5.680     0.144
    11143  0.3700000E+03  0.28906E-01    2    1    53778    -4    -5     T     5.510     0.111
    11463  0.3800000E+03  0.29621E-01    2    1    55271    -4    -5     T     5.524     0.114
    11795  0.3900000E+03  0.30747E-01    2    1    56827    -4    -5     T     5.546     0.118
    12115  0.4000000E+03  0.30273E-01    3    1    58329    -4    -5     T     5.537     0.116
    12435  0.4100000E+03  0.29741E-01    2    1    59833    -4    -5     T     5.527     0.114
    12742  0.4200000E+03  0.26883E-01    2    1    61336    -4    -5     T     5.471     0.103
    13048  0.4300000E+03  0.27846E-01    2    1    62783    -4    -5     T     5.490     0.107
    13365  0.4400000E+03  0.21047E-01    2    1    64295    -4    -5     T     5.361     0.081
    13672  0.4500000E+03  0.37350E-01    5    1    65775    -4    -5     T     5.680     0.144
    13981  0.4600000E+03  0.41118E-01    6    1    67274    -4    -5     T     5.758     0.158
    14279  0.4700000E+03  0.30956E-01    3    1    68733    -4    -5     T     5.550     0.119
    14585  0.4800000E+03  0.36725E-01    4    1    70205    -4    -5     T     5.667     0.141
    14912  0.4900000E+03  0.37359E-01    2    1    71743    -4    -5     T     5.680     0.144
    15223  0.5000000E+03  0.36892E-01    5    1    73244    -4    -5     T     5.670     0.142
    15525  0.5100000E+03  0.34959E-01    5    1    74710    -4    -5     T     5.631     0.134
    15834  0.5200000E+03  0.37266E-01    6    1    76180    -4    -5     T     5.678     0.143
    16158  0.5300000E+03  0.22086E-01    2    1    77701    -4    -5     T     5.381     0.085
    16461  0.5400000E+03  0.37954E-01    3    1    79179    -4    -5     T     5.692     0.146
    16781  0.5500000E+03  0.22707E-01    2    1    80713    -4    -5     T     5.392     0.087
    17102  0.5600000E+03  0.36202E-01    2    1    82203    -4    -5     T     5.656     0.139
    17424  0.5700000E+03  0.37340E-01    5    1    83720    -4    -5     T     5.679     0.144
    17724  0.5800000E+03  0.27987E-01    2    1    85197    -4    -5     T     5.492     0.108
    18043  0.5900000E+03  0.21621E-01    2    1    86733    -4    -5     T     5.372     0.083
    18342  0.6000000E+03  0.28130E-01    2    1    88230    -4    -5     T     5.495     0.108
    18639  0.6100000E+03  0.37012E-01    4    1    89688    -4    -5     T     5.672     0.142
    18951  0.6200000E+03  0.37505E-01    6    1    91203    -4    -5     T     5.683     0.144
    19266  0.6300000E+03  0.37689E-01    6    1    92685    -4    -5     T     5.686     0.145
    19574  0.6400000E+03  0.40615E-01    8    1    94168    -4    -5     T     5.748     0.156
    19895  0.6500000E+03  0.40045E-01    6    1    95692    -4    -5     T     5.736     0.154
    20209  0.6600000E+03  0.27171E-01    2    1    97177    -4    -5     T     5.477     0.104
    20511  0.6700000E+03  0.31849E-01    2    1    98661    -4    -5     T     5.568     0.122
    20833  0.6800000E+03  0.37721E-01    5    1   100176    -4    -5     T     5.687     0.145
    21145  0.6900000E+03  0.30587E-01    2    1   101660    -4    -5     T     5.543     0.118
    21450  0.7000000E+03  0.22330E-01    2    1   103129    -4    -5     T     5.385     0.086
    21763  0.7100000E+03  0.20977E-01    2    1   104660    -4    -5     T     5.360     0.081
    22088  0.7200000E+03  0.34986E-01    2    1   106194    -4    -5     T     5.631     0.134
    22407  0.7300000E+03  0.37952E-01    6    1   107710    -4    -5     T     5.692     0.146
    22714  0.7400000E+03  0.38659E-01    5    1   109193    -4    -5     T     5.707     0.149
    23032  0.7500000E+03  0.36210E-01    4    1   110703    -4    -5     T     5.656     0.139
    23342  0.7600000E+03  0.33287E-01    2    1   112180    -4    -5     T     5.597     0.128
    23653  0.7700000E+03  0.22715E-01    2    1   113688    -4    -5     T     5.392     0.087
    23970  0.7800000E+03  0.42159E-01    7    1   115191    -4    -5     T     5.781     0.162
    24278  0.7900000E+03  0.20952E-01    2    1   116682    -4    -5     T     5.360     0.081
    24589  0.8000000E+03  0.31452E-01    3    1   118165    -4    -5     T     5.560     0.121
    24902  0.8100000E+03  0.36542E-01    3    1   119660    -4    -5     T     5.663     0.140
    25207  0.8200000E+03  0.30345E-01    4    1   121125    -4    -5     T     5.538     0.117
    25499  0.8300000E+03  0.38425E-01    6    1   122578    -4    -5     T     5.702     0.148
    25815  0.8400000E+03  0.26808E-01    2    1   124058    -4    -5     T     5.470     0.103
    26120  0.8500000E+03  0.20670E-01    2    1   125555    -4    -5     T     5.354     0.079
    26431  0.8600000E+03  0.37015E-01    4    1   127035    -4    -5     T     5.673     0.142
    26747  0.8700000E+03  0.31505E-01    3    1   128545    -4    -5     T     5.561     0.121
    27065  0.8800000E+03  0.37550E-01    2    1   130049    -4    -5     T     5.683     0.144
    27378  0.8900000E+03  0.33515E-01    2    1   131544    -4    -5     T     5.601     0.129
    27689  0.9000000E+03  0.19395E-01    2    1   133052    -4    -5     T     5.331     0.075
    28002  0.9100000E+03  0.37687E-01    7    1   134546    -4    -5     T     5.687     0.145
    28308  0.9200000E+03  0.27982E-01    2    1   136032    -4    -5     T     5.492     0.108
    28616  0.9300000E+03  0.38686E-01    5    1   137532    -4    -5     T     5.707     0.149
    28923  0.9400000E+03  0.36251E-01    2    1   138980    -4    -5     T     5.657     0.139
    29246  0.9500000E+03  0.31306E-01    3    1   140514    -4    -5     T     5.557     0.120
    29562  0.9600000E+03  0.20224E-01    2    1   142010    -4    -5     T     5.346     0.078
    29879  0.9700000E+03  0.37205E-01    5    1   143524    -4    -5     T     5.677     0.143
    30180  0.9800000E+03  0.37660E-01    3    1   144991    -4    -5     T     5.686     0.145
    30491  0.9900000E+03  0.34849E-01    3    1   146472    -4    -5     T     5.628     0.134
    30783  0.1000000E+04  0.35716E-01    3    1   147921    -4    -5     T     5.646     0.137
end
