 All solute fluxes and cumulative solute fluxes are positive into the region

       Time         cvTop        cvBot      Sum(cvTop)   Sum(cvBot)     cvCh0        cvCh1         cTop        cRoot         cBot        cvRoot    Sum(cvRoot)  Sum(cvNEql) TLevel      cGWL        cRunOff   Sum(cRunOff)    (cv(i),    Sum(cv(i)), i=1,NObs)
        [T]        [M/L2/T]     [M/L2/T]      [M/L2]       [M/L2]       [M/L2]      [M/L2]        [M/L3]      [M/L3]        [M/L3]      [M/L2/T]      [M/L2]       [M/L2]              [M/L3]        [M/L2]      [M/L3]      [M/L2/T]      [M/L2]
       10.0000  0.75000E+02  0.00000E+00  0.75000E+03  0.00000E+00  0.00000E+00  0.00000E+00  0.30152E+02  0.12259E+02  0.00000E+00  0.00000E+00  0.00000E+00  0.00000E+00     280  0.00000E+00  0.75102E-03  0.63413E-02
       20.0000  0.75000E+02  0.00000E+00  0.15000E+04  0.00000E+00  0.00000E+00  0.00000E+00  0.30165E+02  0.24974E+02  0.00000E+00  0.00000E+00  0.00000E+00  0.00000E+00     488  0.00000E+00  0.00000E+00  0.72050E-02
       30.0000  0.75000E+02  0.00000E+00  0.22500E+04  0.00000E+00  0.00000E+00  0.00000E+00  0.30162E+02  0.37717E+02  0.00000E+00  0.00000E+00  0.00000E+00  0.00000E+00     737  0.00000E+00  0.00000E+00  0.74203E-02
       40.0000  0.75000E+02  0.00000E+00  0.30000E+04  0.00000E+00  0.00000E+00  0.00000E+00  0.30161E+02  0.50382E+02  0.00000E+00  0.00000E+00  0.00000E+00  0.00000E+00    1023  0.00000E+00  0.00000E+00  0.75151E-02
       50.0000  0.75000E+02  0.00000E+00  0.37500E+04  0.00000E+00  0.00000E+00  0.00000E+00  0.30163E+02  0.62969E+02  0.00000E+00  0.00000E+00  0.00000E+00  0.00000E+00    1316  0.00000E+00  0.00000E+00  0.75318E-02
       60.0000  0.75000E+02  0.00000E+00  0.45000E+04  0.00000E+00  0.00000E+00  0.00000E+00  0.30161E+02  0.75196E+02  0.00000E+00  0.00000E+00  0.00000E+00  0.00000E+00    1620  0.00000E+00  0.00000E+00  0.75597E-02
       70.0000  0.75000E+02  0.00000E+00  0.52500E+04  0.00000E+00  0.00000E+00  0.00000E+00  0.30161E+02  0.80183E+02  0.00000E+00  0.00000E+00  0.00000E+00  0.00000E+00    1925  0.00000E+00  0.00000E+00  0.75696E-02
       80.0000  0.75000E+02  0.00000E+00  0.60000E+04  0.00000E+00  0.00000E+00  0.00000E+00  0.30161E+02  0.80100E+02  0.00000E+00  0.00000E+00  0.00000E+00  0.00000E+00    2242  0.00000E+00  0.00000E+00  0.75803E-02
       90.0000  0.75000E+02 -0.95646E-27  0.67500E+04 -0.21345E-27  0.00000E+00  0.00000E+00  0.30162E+02  0.80064E+02  0.32606E-26  0.00000E+00  0.00000E+00  0.00000E+00    2549  0.00000E+00  0.00000E+00  0.75973E-02
      100.0000  0.75000E+02 -0.19736E-15  0.75000E+04 -0.10429E-15  0.00000E+00  0.00000E+00  0.30162E+02  0.80049E+02  0.32063E-15  0.00000E+00  0.00000E+00  0.00000E+00    2837  0.00000E+00  0.00000E+00  0.76088E-02
      110.0000  0.75000E+02 -0.12355E-08  0.82500E+04 -0.96829E-09  0.00000E+00  0.00000E+00  0.30162E+02  0.80043E+02  0.18636E-08  0.00000E+00  0.00000E+00  0.00000E+00    3160  0.00000E+00  0.00000E+00  0.76367E-02
      120.0000  0.75000E+02 -0.48033E-04  0.90000E+04 -0.54140E-04  0.00000E+00  0.00000E+00  0.30160E+02  0.80041E+02  0.70445E-04  0.00000E+00  0.00000E+00  0.00000E+00    3466  0.00000E+00  0.00000E+00  0.76429E-02
      130.0000  0.75000E+02 -0.56748E-01  0.97500E+04 -0.94568E-01  0.00000E+00  0.00000E+00  0.30161E+02  0.80040E+02  0.81982E-01  0.00000E+00  0.00000E+00  0.00000E+00    3785  0.00000E+00  0.00000E+00  0.76634E-02
      140.0000  0.75000E+02 -0.44564E+01  0.10500E+05 -0.12006E+02  0.00000E+00  0.00000E+00  0.30162E+02  0.80040E+02  0.64128E+01  0.00000E+00  0.00000E+00  0.00000E+00    4094  0.00000E+00  0.00000E+00  0.77014E-02
      150.0000  0.75000E+02 -0.39356E+02  0.11250E+05 -0.19902E+03  0.00000E+00  0.00000E+00  0.30161E+02  0.80039E+02  0.56352E+02  0.00000E+00  0.00000E+00  0.00000E+00    4397  0.00000E+00  0.00000E+00  0.77213E-02
      160.0000  0.75000E+02 -0.72719E+02  0.12000E+05 -0.79510E+03  0.00000E+00  0.00000E+00  0.30161E+02  0.80039E+02  0.10391E+03  0.00000E+00  0.00000E+00  0.00000E+00    4706  0.00000E+00  0.00000E+00  0.77445E-02
      170.0000  0.75000E+02 -0.75259E+02  0.12750E+05 -0.15436E+04  0.00000E+00  0.00000E+00  0.30161E+02  0.80039E+02  0.10750E+03  0.00000E+00  0.00000E+00  0.00000E+00    5015  0.00000E+00  0.00000E+00  0.77512E-02
      180.0000  0.75000E+02 -0.75096E+02  0.13500E+05 -0.22952E+04  0.00000E+00  0.00000E+00  0.30161E+02  0.80039E+02  0.10726E+03  0.00000E+00  0.00000E+00  0.00000E+00    5292  0.00000E+00  0.00000E+00  0.77737E-02
      190.0000  0.75000E+02 -0.75039E+02  0.14250E+05 -0.30458E+04  0.00000E+00  0.00000E+00  0.30161E+02  0.80039E+02  0.10718E+03  0.00000E+00  0.00000E+00  0.00000E+00    5606  0.00000E+00  0.00000E+00  0.77737E-02
      200.0000  0.75000E+02 -0.75016E+02  0.15000E+05 -0.37961E+04  0.00000E+00  0.00000E+00  0.30161E+02  0.80039E+02  0.10715E+03  0.00000E+00  0.00000E+00  0.00000E+00    5895  0.00000E+00  0.00000E+00  0.77964E-02
      210.0000  0.75000E+02 -0.75006E+02  0.15750E+05 -0.45462E+04  0.00000E+00  0.00000E+00  0.30161E+02  0.80039E+02  0.10713E+03  0.00000E+00  0.00000E+00  0.00000E+00    6196  0.00000E+00  0.00000E+00  0.78193E-02
      220.0000  0.75000E+02 -0.75004E+02  0.16500E+05 -0.52962E+04  0.00000E+00  0.00000E+00  0.30161E+02  0.80039E+02  0.10713E+03  0.00000E+00  0.00000E+00  0.00000E+00    6520  0.00000E+00  0.00000E+00  0.78575E-02
      230.0000  0.75000E+02 -0.75003E+02  0.17250E+05 -0.60463E+04  0.00000E+00  0.00000E+00  0.30162E+02  0.80039E+02  0.10713E+03  0.00000E+00  0.00000E+00  0.00000E+00    6832  0.00000E+00  0.00000E+00  0.78742E-02
      240.0000  0.75000E+02 -0.75002E+02  0.18000E+05 -0.67963E+04  0.00000E+00  0.00000E+00  0.30161E+02  0.80039E+02  0.10713E+03  0.00000E+00  0.00000E+00  0.00000E+00    7151  0.00000E+00  0.00000E+00  0.78742E-02
      250.0000  0.75000E+02 -0.75001E+02  0.18750E+05 -0.75463E+04  0.00000E+00  0.00000E+00  0.30161E+02  0.80039E+02  0.10712E+03  0.00000E+00  0.00000E+00  0.00000E+00    7468  0.00000E+00  0.00000E+00  0.79127E-02
      260.0000  0.75000E+02 -0.75001E+02  0.19500E+05 -0.82963E+04  0.00000E+00  0.00000E+00  0.30162E+02  0.80039E+02  0.10712E+03  0.00000E+00  0.00000E+00  0.00000E+00    7749  0.00000E+00  0.00000E+00  0.79241E-02
      270.0000  0.75000E+02 -0.75001E+02  0.20250E+05 -0.90464E+04  0.00000E+00  0.00000E+00  0.30161E+02  0.80039E+02  0.10712E+03  0.00000E+00  0.00000E+00  0.00000E+00    8032  0.00000E+00  0.00000E+00  0.79417E-02
      280.0000  0.75000E+02 -0.75001E+02  0.21000E+05 -0.97964E+04  0.00000E+00  0.00000E+00  0.30162E+02  0.80039E+02  0.10712E+03  0.00000E+00  0.00000E+00  0.00000E+00    8356  0.00000E+00  0.00000E+00  0.79606E-02
      290.0000  0.75000E+02 -0.75001E+02  0.21750E+05 -0.10546E+05  0.00000E+00  0.00000E+00  0.30161E+02  0.80039E+02  0.10712E+03  0.00000E+00  0.00000E+00  0.00000E+00    8661  0.00000E+00  0.00000E+00  0.79824E-02
      300.0000  0.75000E+02 -0.75000E+02  0.22500E+05 -0.11296E+05  0.00000E+00  0.00000E+00  0.30161E+02  0.80039E+02  0.10712E+03  0.00000E+00  0.00000E+00  0.00000E+00    8984  0.00000E+00  0.00000E+00  0.80174E-02
      310.0000  0.75000E+02 -0.74999E+02  0.23250E+05 -0.12046E+05  0.00000E+00  0.00000E+00  0.30161E+02  0.80039E+02  0.10712E+03  0.00000E+00  0.00000E+00  0.00000E+00    9304  0.00000E+00  0.00000E+00  0.80487E-02
      320.0000  0.75000E+02 -0.74999E+02  0.24000E+05 -0.12796E+05  0.00000E+00  0.00000E+00  0.30162E+02  0.80039E+02  0.10712E+03  0.00000E+00  0.00000E+00  0.00000E+00    9630  0.00000E+00  0.00000E+00  0.80666E-02
      330.0000  0.75000E+02 -0.74999E+02  0.24750E+05 -0.13546E+05  0.00000E+00  0.00000E+00  0.30162E+02  0.80039E+02  0.10712E+03  0.00000E+00  0.00000E+00  0.00000E+00    9945  0.00000E+00  0.00000E+00  0.80854E-02
      340.0000  0.75000E+02 -0.74999E+02  0.25500E+05 -0.14296E+05  0.00000E+00  0.00000E+00  0.30162E+02  0.80039E+02  0.10712E+03  0.00000E+00  0.00000E+00  0.00000E+00   10255  0.00000E+00  0.00000E+00  0.80969E-02
      350.0000  0.75000E+02 -0.75000E+02  0.26250E+05 -0.15046E+05  0.00000E+00  0.00000E+00  0.30162E+02  0.80039E+02  0.10712E+03  0.00000E+00  0.00000E+00  0.00000E+00   10541  0.00000E+00  0.00000E+00  0.80969E-02
      360.0000  0.75000E+02 -0.75001E+02  0.27000E+05 -0.15796E+05  0.00000E+00  0.00000E+00  0.30160E+02  0.80039E+02  0.10712E+03  0.00000E+00  0.00000E+00  0.00000E+00   10847  0.00000E+00  0.00000E+00  0.81284E-02
      370.0000  0.75000E+02 -0.75000E+02  0.27750E+05 -0.16546E+05  0.00000E+00  0.00000E+00  0.30161E+02  0.80039E+02  0.10712E+03  0.00000E+00  0.00000E+00  0.00000E+00   11143  0.00000E+00  0.00000E+00  0.81284E-02
      380.0000  0.75000E+02 -0.74999E+02  0.28500E+05 -0.17296E+05  0.00000E+00  0.00000E+00  0.30162E+02  0.80039E+02  0.10712E+03  0.00000E+00  0.00000E+00  0.00000E+00   11463  0.00000E+00  0.00000E+00  0.81394E-02
      390.0000  0.75000E+02 -0.74999E+02  0.29250E+05 -0.18046E+05  0.00000E+00  0.00000E+00  0.30161E+02  0.80039E+02  0.10712E+03  0.00000E+00  0.00000E+00  0.00000E+00   11795  0.00000E+00  0.00000E+00  0.81538E-02
      400.0000  0.75000E+02 -0.75000E+02  0.30000E+05 -0.18796E+05  0.00000E+00  0.00000E+00  0.30161E+02  0.80039E+02  0.10712E+03  0.00000E+00  0.00000E+00  0.00000E+00   12115  0.00000E+00  0.00000E+00  0.81784E-02
      410.0000  0.75000E+02 -0.75000E+02  0.30750E+05 -0.19546E+05  0.00000E+00  0.00000E+00  0.30162E+02  0.80039E+02  0.10712E+03  0.00000E+00  0.00000E+00  0.00000E+00   12435  0.00000E+00  0.00000E+00  0.81828E-02
      420.0000  0.75000E+02 -0.75000E+02  0.31500E+05 -0.20296E+05  0.00000E+00  0.00000E+00  0.30162E+02  0.80039E+02  0.10712E+03  0.00000E+00  0.00000E+00  0.00000E+00   12742  0.00000E+00  0.00000E+00  0.81944E-02
      430.0000  0.75000E+02 -0.75000E+02  0.32250E+05 -0.21046E+05  0.00000E+00  0.00000E+00  0.30161E+02  0.80039E+02  0.10712E+03  0.00000E+00  0.00000E+00  0.00000E+00   13048  0.00000E+00  0.00000E+00  0.82191E-02
      440.0000  0.75000E+02 -0.75000E+02  0.33000E+05 -0.21796E+05  0.00000E+00  0.00000E+00  0.30161E+02  0.80039E+02  0.10712E+03  0.00000E+00  0.00000E+00  0.00000E+00   13365  0.00000E+00  0.00000E+00  0.82445E-02
      450.0000  0.75000E+02 -0.75000E+02  0.33750E+05 -0.22546E+05  0.00000E+00  0.00000E+00  0.30162E+02  0.80039E+02  0.10712E+03  0.00000E+00  0.00000E+00  0.00000E+00   13672  0.00000E+00  0.00000E+00  0.82573E-02
      460.0000  0.75000E+02 -0.75000E+02  0.34500E+05 -0.23296E+05  0.00000E+00  0.00000E+00  0.30161E+02  0.80039E+02  0.10712E+03  0.00000E+00  0.00000E+00  0.00000E+00   13981  0.00000E+00  0.00000E+00  0.82667E-02
      470.0000  0.75000E+02 -0.75000E+02  0.35250E+05 -0.24046E+05  0.00000E+00  0.00000E+00  0.30161E+02  0.80039E+02  0.10712E+03  0.00000E+00  0.00000E+00  0.00000E+00   14279  0.00000E+00  0.00000E+00  0.82714E-02
      480.0000  0.75000E+02 -0.75000E+02  0.36000E+05 -0.24796E+05  0.00000E+00  0.00000E+00  0.30161E+02  0.80039E+02  0.10712E+03  0.00000E+00  0.00000E+00  0.00000E+00   14585  0.00000E+00  0.00000E+00  0.83189E-02
      490.0000  0.75000E+02 -0.74999E+02  0.36750E+05 -0.25546E+05  0.00000E+00  0.00000E+00  0.30161E+02  0.80039E+02  0.10712E+03  0.00000E+00  0.00000E+00  0.00000E+00   14912  0.00000E+00  0.00000E+00  0.83357E-02
      500.0000  0.75000E+02 -0.75000E+02  0.37500E+05 -0.26296E+05  0.00000E+00  0.00000E+00  0.30161E+02  0.80039E+02  0.10712E+03  0.00000E+00  0.00000E+00  0.00000E+00   15223  0.00000E+00  0.00000E+00  0.83554E-02
      510.0000  0.75000E+02 -0.75001E+02  0.38250E+05 -0.27046E+05  0.00000E+00  0.00000E+00  0.30162E+02  0.80039E+02  0.10712E+03  0.00000E+00  0.00000E+00  0.00000E+00   15525  0.00000E+00  0.00000E+00  0.83989E-02
      520.0000  0.75000E+02 -0.75001E+02  0.39000E+05 -0.27796E+05  0.00000E+00  0.00000E+00  0.30162E+02  0.80039E+02  0.10712E+03  0.00000E+00  0.00000E+00  0.00000E+00   15834  0.00000E+00  0.00000E+00  0.83989E-02
      530.0000  0.75000E+02 -0.75000E+02  0.39750E+05 -0.28546E+05  0.00000E+00  0.00000E+00  0.30162E+02  0.80039E+02  0.10712E+03  0.00000E+00  0.00000E+00  0.00000E+00   16158  0.00000E+00  0.00000E+00  0.84081E-02
      540.0000  0.75000E+02 -0.75000E+02  0.40500E+05 -0.29296E+05  0.00000E+00  0.00000E+00  0.30161E+02  0.80039E+02  0.10712E+03  0.00000E+00  0.00000E+00  0.00000E+00   16461  0.00000E+00  0.00000E+00  0.84247E-02
      550.0000  0.75000E+02 -0.75000E+02  0.41250E+05 -0.30046E+05  0.00000E+00  0.00000E+00  0.30161E+02  0.80039E+02  0.10712E+03  0.00000E+00  0.00000E+00  0.00000E+00   16781  0.00000E+00  0.00000E+00  0.84519E-02
      560.0000  0.75000E+02 -0.75000E+02  0.42000E+05 -0.30796E+05  0.00000E+00  0.00000E+00  0.30161E+02  0.80039E+02  0.10712E+03  0.00000E+00  0.00000E+00  0.00000E+00   17102  0.00000E+00  0.00000E+00  0.84631E-02
      570.0000  0.75000E+02 -0.75000E+02  0.42750E+05 -0.31546E+05  0.00000E+00  0.00000E+00  0.30161E+02  0.80039E+02  0.10712E+03  0.00000E+00  0.00000E+00  0.00000E+00   17424  0.00000E+00  0.00000E+00  0.84745E-02
      580.0000  0.75000E+02 -0.74999E+02  0.43500E+05 -0.32296E+05  0.00000E+00  0.00000E+00  0.30161E+02  0.80039E+02  0.10712E+03  0.00000E+00  0.00000E+00  0.00000E+00   17724  0.00000E+00  0.00000E+00  0.84864E-02
      590.0000  0.75000E+02 -0.74999E+02  0.44250E+05 -0.33046E+05  0.00000E+00  0.00000E+00  0.30161E+02  0.80039E+02  0.10712E+03  0.00000E+00  0.00000E+00  0.00000E+00   18043  0.00000E+00  0.00000E+00  0.84864E-02
      600.0000  0.75000E+02 -0.75000E+02  0.45000E+05 -0.33796E+05  0.00000E+00  0.00000E+00  0.30162E+02  0.80039E+02  0.10712E+03  0.00000E+00  0.00000E+00  0.00000E+00   18342  0.00000E+00  0.00000E+00  0.85143E-02
      610.0000  0.75000E+02 -0.75001E+02  0.45750E+05 -0.34546E+05  0.00000E+00  0.00000E+00  0.30162E+02  0.80039E+02  0.10712E+03  0.00000E+00  0.00000E+00  0.00000E+00   18639  0.00000E+00  0.00000E+00  0.85492E-02
      620.0000  0.75000E+02 -0.75000E+02  0.46500E+05 -0.35296E+05  0.00000E+00  0.00000E+00  0.30162E+02  0.80039E+02  0.10712E+03  0.00000E+00  0.00000E+00  0.00000E+00   18951  0.00000E+00  0.00000E+00  0.85605E-02
      630.0000  0.75000E+02 -0.75000E+02  0.47250E+05 -0.36046E+05  0.00000E+00  0.00000E+00  0.30161E+02  0.80039E+02  0.10712E+03  0.00000E+00  0.00000E+00  0.00000E+00   19266  0.00000E+00  0.00000E+00  0.85989E-02
      640.0000  0.75000E+02 -0.75000E+02  0.48000E+05 -0.36796E+05  0.00000E+00  0.00000E+00  0.30161E+02  0.80039E+02  0.10712E+03  0.00000E+00  0.00000E+00  0.00000E+00   19574  0.00000E+00  0.00000E+00  0.86139E-02
      650.0000  0.75000E+02 -0.75000E+02  0.48750E+05 -0.37546E+05  0.00000E+00  0.00000E+00  0.30163E+02  0.80039E+02  0.10712E+03  0.00000E+00  0.00000E+00  0.00000E+00   19895  0.00000E+00  0.00000E+00  0.86345E-02
      660.0000  0.75000E+02 -0.75000E+02  0.49500E+05 -0.38296E+05  0.00000E+00  0.00000E+00  0.30161E+02  0.80039E+02  0.10712E+03  0.00000E+00  0.00000E+00  0.00000E+00   20209  0.00000E+00  0.00000E+00  0.86800E-02
      670.0000  0.75000E+02 -0.75000E+02  0.50250E+05 -0.39046E+05  0.00000E+00  0.00000E+00  0.30161E+02  0.80039E+02  0.10712E+03  0.00000E+00  0.00000E+00  0.00000E+00   20511  0.00000E+00  0.00000E+00  0.87147E-02
      680.0000  0.75000E+02 -0.75000E+02  0.51000E+05 -0.39796E+05  0.00000E+00  0.00000E+00  0.30162E+02  0.80039E+02  0.10712E+03  0.00000E+00  0.00000E+00  0.00000E+00   20833  0.00000E+00  0.00000E+00  0.87353E-02
      690.0000  0.75000E+02 -0.75000E+02  0.51750E+05 -0.40546E+05  0.00000E+00  0.00000E+00  0.30161E+02  0.80039E+02  0.10712E+03  0.00000E+00  0.00000E+00  0.00000E+00   21145  0.00000E+00  0.00000E+00  0.87582E-02
      700.0000  0.75000E+02 -0.75000E+02  0.52500E+05 -0.41296E+05  0.00000E+00  0.00000E+00  0.30161E+02  0.80039E+02  0.10712E+03  0.00000E+00  0.00000E+00  0.00000E+00   21450  0.00000E+00  0.00000E+00  0.87648E-02
      710.0000  0.75000E+02 -0.75000E+02  0.53250E+05 -0.42046E+05  0.00000E+00  0.00000E+00  0.30162E+02  0.80039E+02  0.10712E+03  0.00000E+00  0.00000E+00  0.00000E+00   21763  0.00000E+00  0.00000E+00  0.87711E-02
      720.0000  0.75000E+02 -0.75000E+02  0.54000E+05 -0.42796E+05  0.00000E+00  0.00000E+00  0.30162E+02  0.80039E+02  0.10712E+03  0.00000E+00  0.00000E+00  0.00000E+00   22088  0.00000E+00  0.00000E+00  0.87858E-02
      730.0000  0.75000E+02 -0.75000E+02  0.54750E+05 -0.43546E+05  0.00000E+00  0.00000E+00  0.30161E+02  0.80039E+02  0.10712E+03  0.00000E+00  0.00000E+00  0.00000E+00   22407  0.00000E+00  0.00000E+00  0.87907E-02
      740.0000  0.75000E+02 -0.75001E+02  0.55500E+05 -0.44296E+05  0.00000E+00  0.00000E+00  0.30163E+02  0.80039E+02  0.10712E+03  0.00000E+00  0.00000E+00  0.00000E+00   22714  0.00000E+00  0.00000E+00  0.88088E-02
      750.0000  0.75000E+02 -0.75000E+02  0.56250E+05 -0.45046E+05  0.00000E+00  0.00000E+00  0.30162E+02  0.80039E+02  0.10712E+03  0.00000E+00  0.00000E+00  0.00000E+00   23032  0.00000E+00  0.00000E+00  0.88088E-02
      760.0000  0.75000E+02 -0.75000E+02  0.57000E+05 -0.45796E+05  0.00000E+00  0.00000E+00  0.30161E+02  0.80039E+02  0.10712E+03  0.00000E+00  0.00000E+00  0.00000E+00   23342  0.00000E+00  0.30041E-03  0.88466E-02
      770.0000  0.75000E+02 -0.75001E+02  0.57750E+05 -0.46546E+05  0.00000E+00  0.00000E+00  0.30162E+02  0.80039E+02  0.10712E+03  0.00000E+00  0.00000E+00  0.00000E+00   23653  0.00000E+00  0.00000E+00  0.88838E-02
      780.0000  0.75000E+02 -0.75000E+02  0.58500E+05 -0.47296E+05  0.00000E+00  0.00000E+00  0.30161E+02  0.80039E+02  0.10712E+03  0.00000E+00  0.00000E+00  0.00000E+00   23970  0.00000E+00  0.00000E+00  0.89055E-02
      790.0000  0.75000E+02 -0.75000E+02  0.59250E+05 -0.48046E+05  0.00000E+00  0.00000E+00  0.30161E+02  0.80039E+02  0.10712E+03  0.00000E+00  0.00000E+00  0.00000E+00   24278  0.00000E+00  0.00000E+00  0.89220E-02
      800.0000  0.75000E+02 -0.75000E+02  0.60000E+05 -0.48796E+05  0.00000E+00  0.00000E+00  0.30162E+02  0.80039E+02  0.10712E+03  0.00000E+00  0.00000E+00  0.00000E+00   24589  0.00000E+00  0.00000E+00  0.89410E-02
      810.0000  0.75000E+02 -0.75000E+02  0.60750E+05 -0.49546E+05  0.00000E+00  0.00000E+00  0.30162E+02  0.80039E+02  0.10712E+03  0.00000E+00  0.00000E+00  0.00000E+00   24902  0.00000E+00  0.00000E+00  0.89550E-02
      820.0000  0.75000E+02 -0.75000E+02  0.61500E+05 -0.50296E+05  0.00000E+00  0.00000E+00  0.30161E+02  0.80039E+02  0.10712E+03  0.00000E+00  0.00000E+00  0.00000E+00   25207  0.00000E+00  0.00000E+00  0.89602E-02
      830.0000  0.75000E+02 -0.75000E+02  0.62251E+05 -0.51046E+05  0.00000E+00  0.00000E+00  0.30162E+02  0.80039E+02  0.10712E+03  0.00000E+00  0.00000E+00  0.00000E+00   25499  0.00000E+00  0.00000E+00  0.89772E-02
      840.0000  0.75000E+02 -0.75000E+02  0.63000E+05 -0.51796E+05  0.00000E+00  0.00000E+00  0.30161E+02  0.80039E+02  0.10712E+03  0.00000E+00  0.00000E+00  0.00000E+00   25815  0.00000E+00  0.00000E+00  0.90144E-02
      850.0000  0.75000E+02 -0.75000E+02  0.63750E+05 -0.52546E+05  0.00000E+00  0.00000E+00  0.30161E+02  0.80039E+02  0.10712E+03  0.00000E+00  0.00000E+00  0.00000E+00   26120  0.00000E+00  0.00000E+00  0.90452E-02
      860.0000  0.75000E+02 -0.75000E+02  0.64500E+05 -0.53296E+05  0.00000E+00  0.00000E+00  0.30162E+02  0.80039E+02  0.10712E+03  0.00000E+00  0.00000E+00  0.00000E+00   26431  0.00000E+00  0.00000E+00  0.90519E-02
      870.0000  0.75000E+02 -0.75001E+02  0.65250E+05 -0.54046E+05  0.00000E+00  0.00000E+00  0.30161E+02  0.80039E+02  0.10712E+03  0.00000E+00  0.00000E+00  0.00000E+00   26747  0.00000E+00  0.00000E+00  0.90572E-02
      880.0000  0.75000E+02 -0.75001E+02  0.66000E+05 -0.54796E+05  0.00000E+00  0.00000E+00  0.30160E+02  0.80039E+02  0.10712E+03  0.00000E+00  0.00000E+00  0.00000E+00   27065  0.00000E+00  0.00000E+00  0.90572E-02
      890.0000  0.75000E+02 -0.75001E+02  0.66750E+05 -0.55546E+05  0.00000E+00  0.00000E+00  0.30162E+02  0.80039E+02  0.10712E+03  0.00000E+00  0.00000E+00  0.00000E+00   27378  0.00000E+00  0.00000E+00  0.90694E-02
      900.0000  0.75000E+02 -0.75000E+02  0.67500E+05 -0.56296E+05  0.00000E+00  0.00000E+00  0.30162E+02  0.80039E+02  0.10712E+03  0.00000E+00  0.00000E+00  0.00000E+00   27689  0.00000E+00  0.00000E+00  0.90903E-02
      910.0000  0.75000E+02 -0.75000E+02  0.68250E+05 -0.57046E+05  0.00000E+00  0.00000E+00  0.30162E+02  0.80039E+02  0.10712E+03  0.00000E+00  0.00000E+00  0.00000E+00   28002  0.00000E+00  0.00000E+00  0.91217E-02
      920.0000  0.75000E+02 -0.75000E+02  0.69000E+05 -0.57796E+05  0.00000E+00  0.00000E+00  0.30161E+02  0.80039E+02  0.10712E+03  0.00000E+00  0.00000E+00  0.00000E+00   28308  0.00000E+00  0.00000E+00  0.91509E-02
      930.0000  0.75000E+02 -0.75001E+02  0.69750E+05 -0.58546E+05  0.00000E+00  0.00000E+00  0.30163E+02  0.80039E+02  0.10712E+03  0.00000E+00  0.00000E+00  0.00000E+00   28616  0.00000E+00  0.00000E+00  0.91740E-02
      940.0000  0.75000E+02 -0.75000E+02  0.70500E+05 -0.59296E+05  0.00000E+00  0.00000E+00  0.30163E+02  0.80039E+02  0.10712E+03  0.00000E+00  0.00000E+00  0.00000E+00   28923  0.00000E+00  0.00000E+00  0.91947E-02
      950.0000  0.75000E+02 -0.74999E+02  0.71250E+05 -0.60046E+05  0.00000E+00  0.00000E+00  0.30161E+02  0.80039E+02  0.10712E+03  0.00000E+00  0.00000E+00  0.00000E+00   29246  0.00000E+00  0.00000E+00  0.92156E-02
      960.0000  0.75000E+02 -0.74999E+02  0.72000E+05 -0.60796E+05  0.00000E+00  0.00000E+00  0.30162E+02  0.80039E+02  0.10712E+03  0.00000E+00  0.00000E+00  0.00000E+00   29562  0.00000E+00  0.00000E+00  0.92212E-02
      970.0000  0.75000E+02 -0.74999E+02  0.72750E+05 -0.61546E+05  0.00000E+00  0.00000E+00  0.30162E+02  0.80039E+02  0.10712E+03  0.00000E+00  0.00000E+00  0.00000E+00   29879  0.00000E+00  0.00000E+00  0.92266E-02
      980.0000  0.75000E+02 -0.75000E+02  0.73500E+05 -0.62296E+05  0.00000E+00  0.00000E+00  0.30161E+02  0.80039E+02  0.10712E+03  0.00000E+00  0.00000E+00  0.00000E+00   30180  0.00000E+00  0.00000E+00  0.92266E-02
      990.0000  0.75000E+02 -0.74999E+02  0.74250E+05 -0.63046E+05  0.00000E+00  0.00000E+00  0.30161E+02  0.80039E+02  0.10712E+03  0.00000E+00  0.00000E+00  0.00000E+00   30491  0.00000E+00  0.00000E+00  0.92770E-02
     1000.0000  0.75000E+02 -0.74999E+02  0.75000E+05 -0.63797E+05  0.00000E+00  0.00000E+00  0.30162E+02  0.80039E+02  0.10712E+03  0.00000E+00  0.00000E+00  0.00000E+00   30783  0.00000E+00  0.00000E+00  0.92770E-02
end
