 ******* Program HYDRUS
 ******* 
 Welcome to HYDRUS-1D                                                    
 Date:  13. 3.    Time:  12:50:18
 Units: L = mm   , T = days , M = mmol 

       Time          rTop        rRoot        vTop         vRoot        vBot       sum(rTop)   sum(rRoot)    sum(vTop)   sum(vRoot)    sum(vBot)      hTop         hRoot        hBot        RunOff    sum(RunOff)     Volume     sum(Infil)    sum(Evap) TLevel Cum(WTrans)  SnowLayer
        [T]         [L/T]        [L/T]        [L/T]        [L/T]        [L/T]         [L]          [L]          [L]         [L]           [L]         [L]           [L]         [L]          [L/T]         [L]          [L]          [L]          [L]

      10.0000 -0.25000E+01  0.50000E+01 -0.25000E+01  0.19553E+01 -0.29768E-05 -0.25000E+02  0.50000E+02 -0.25000E+02  0.17221E+02 -0.29768E-04 -0.36945E+03 -0.22730E+04 -0.10000E+04  0.25034E-04  0.21138E-03  0.72463E+02  0.25000E+02  0.00000E+00    280  0.00000E+00      0.000
      20.0000 -0.25000E+01  0.50000E+01 -0.25000E+01  0.20530E+01 -0.29768E-05 -0.50000E+02  0.10000E+03 -0.50000E+02  0.37296E+02 -0.59537E-04 -0.36945E+03 -0.17611E+04 -0.10000E+04  0.00000E+00  0.24017E-03  0.77394E+02  0.50000E+02  0.00000E+00    488  0.00000E+00      0.000
      30.0000 -0.25000E+01  0.50000E+01 -0.25000E+01  0.20533E+01 -0.29768E-05 -0.75000E+02  0.15000E+03 -0.75000E+02  0.57828E+02 -0.89305E-04 -0.36944E+03 -0.13011E+04 -0.10000E+04  0.00000E+00  0.24734E-03  0.81863E+02  0.75000E+02  0.00000E+00    737  0.00000E+00      0.000
      40.0000 -0.25000E+01  0.50000E+01 -0.25000E+01  0.20422E+01 -0.29768E-05 -0.10000E+03  0.20000E+03 -0.10000E+03  0.78387E+02 -0.11907E-03 -0.36945E+03 -0.84195E+03 -0.10000E+04  0.00000E+00  0.25050E-03  0.86306E+02  0.10000E+03  0.00000E+00   1023  0.00000E+00      0.000
      50.0000 -0.25000E+01  0.50000E+01 -0.25000E+01  0.19273E+01 -0.29768E-05 -0.12500E+03  0.25000E+03 -0.12500E+03  0.98359E+02 -0.14884E-03 -0.36944E+03 -0.39639E+03 -0.10000E+04  0.00000E+00  0.25106E-03  0.91330E+02  0.12500E+03  0.00000E+00   1316  0.00000E+00      0.000
      60.0000 -0.25000E+01  0.50000E+01 -0.25000E+01  0.18118E+01 -0.29768E-05 -0.15000E+03  0.30000E+03 -0.15000E+03  0.11694E+03 -0.17861E-03 -0.36942E+03 -0.38650E+03 -0.10000E+04  0.00000E+00  0.25199E-03  0.97742E+02  0.15000E+03  0.00000E+00   1620  0.00000E+00      0.000
      70.0000 -0.25000E+01  0.50000E+01 -0.25000E+01  0.17994E+01 -0.29768E-05 -0.17500E+03  0.35000E+03 -0.17500E+03  0.13496E+03 -0.20838E-03 -0.36942E+03 -0.38359E+03 -0.10000E+04  0.00000E+00  0.25232E-03  0.10473E+03  0.17500E+03  0.00000E+00   1925  0.00000E+00      0.000
      80.0000 -0.25000E+01  0.50000E+01 -0.25000E+01  0.17997E+01 -0.29768E-05 -0.20000E+03  0.40000E+03 -0.20000E+03  0.15295E+03 -0.23815E-03 -0.36942E+03 -0.38256E+03 -0.10000E+04  0.00000E+00  0.25268E-03  0.11173E+03  0.20000E+03  0.00000E+00   2242  0.00000E+00      0.000
      90.0000 -0.25000E+01  0.50000E+01 -0.25000E+01  0.17998E+01 -0.31679E+00 -0.22500E+03  0.45000E+03 -0.22500E+03  0.17095E+03 -0.16410E+00 -0.36943E+03 -0.38215E+03 -0.44003E+03  0.00000E+00  0.25324E-03  0.11857E+03  0.22500E+03  0.00000E+00   2549  0.00000E+00      0.000
     100.0000 -0.25000E+01  0.50000E+01 -0.25000E+01  0.17998E+01 -0.63839E+00 -0.25000E+03  0.50000E+03 -0.25000E+03  0.18895E+03 -0.56903E+01 -0.36945E+03 -0.38197E+03 -0.39936E+03  0.00000E+00  0.25363E-03  0.12004E+03  0.25000E+03  0.00000E+00   2837  0.00000E+00      0.000
     110.0000 -0.25000E+01  0.50000E+01 -0.25000E+01  0.17999E+01 -0.68032E+00 -0.27500E+03  0.55000E+03 -0.27500E+03  0.20695E+03 -0.12329E+02 -0.36944E+03 -0.38190E+03 -0.39407E+03  0.00000E+00  0.25456E-03  0.12041E+03  0.27500E+03  0.00000E+00   3160  0.00000E+00      0.000
     120.0000 -0.25000E+01  0.50000E+01 -0.25000E+01  0.17999E+01 -0.69303E+00 -0.30000E+03  0.60000E+03 -0.30000E+03  0.22495E+03 -0.19207E+02 -0.36942E+03 -0.38187E+03 -0.39247E+03  0.00000E+00  0.25476E-03  0.12053E+03  0.30000E+03  0.00000E+00   3466  0.00000E+00      0.000
     130.0000 -0.25000E+01  0.50000E+01 -0.25000E+01  0.17999E+01 -0.69747E+00 -0.32500E+03  0.65000E+03 -0.32500E+03  0.24295E+03 -0.26164E+02 -0.36942E+03 -0.38185E+03 -0.39191E+03  0.00000E+00  0.25545E-03  0.12058E+03  0.32500E+03  0.00000E+00   3785  0.00000E+00      0.000
     140.0000 -0.25000E+01  0.50000E+01 -0.25000E+01  0.17999E+01 -0.69911E+00 -0.35000E+03  0.70000E+03 -0.35000E+03  0.26095E+03 -0.33148E+02 -0.36942E+03 -0.38185E+03 -0.39170E+03  0.00000E+00  0.25671E-03  0.12059E+03  0.35000E+03  0.00000E+00   4094  0.00000E+00      0.000
     150.0000 -0.25000E+01  0.50000E+01 -0.25000E+01  0.17999E+01 -0.69974E+00 -0.37500E+03  0.75000E+03 -0.37500E+03  0.27895E+03 -0.40143E+02 -0.36943E+03 -0.38185E+03 -0.39162E+03  0.00000E+00  0.25738E-03  0.12060E+03  0.37500E+03  0.00000E+00   4397  0.00000E+00      0.000
     160.0000 -0.25000E+01  0.50000E+01 -0.25000E+01  0.17999E+01 -0.69997E+00 -0.40000E+03  0.80000E+03 -0.40000E+03  0.29694E+03 -0.47141E+02 -0.36943E+03 -0.38185E+03 -0.39159E+03  0.00000E+00  0.25815E-03  0.12060E+03  0.40000E+03  0.00000E+00   4706  0.00000E+00      0.000
     170.0000 -0.25000E+01  0.50000E+01 -0.25000E+01  0.17999E+01 -0.70005E+00 -0.42500E+03  0.85000E+03 -0.42500E+03  0.31494E+03 -0.54141E+02 -0.36944E+03 -0.38185E+03 -0.39158E+03  0.00000E+00  0.25837E-03  0.12060E+03  0.42500E+03  0.00000E+00   5015  0.00000E+00      0.000
     180.0000 -0.25000E+01  0.50000E+01 -0.25000E+01  0.17999E+01 -0.70010E+00 -0.45000E+03  0.90000E+03 -0.45000E+03  0.33294E+03 -0.61142E+02 -0.36943E+03 -0.38185E+03 -0.39158E+03  0.00000E+00  0.25912E-03  0.12060E+03  0.45000E+03  0.00000E+00   5292  0.00000E+00      0.000
     190.0000 -0.25000E+01  0.50000E+01 -0.25000E+01  0.17999E+01 -0.70013E+00 -0.47500E+03  0.95000E+03 -0.47500E+03  0.35094E+03 -0.68143E+02 -0.36943E+03 -0.38185E+03 -0.39157E+03  0.00000E+00  0.25912E-03  0.12060E+03  0.47500E+03  0.00000E+00   5606  0.00000E+00      0.000
     200.0000 -0.25000E+01  0.50000E+01 -0.25000E+01  0.17999E+01 -0.70013E+00 -0.50000E+03  0.10000E+04 -0.50000E+03  0.36894E+03 -0.75144E+02 -0.36942E+03 -0.38184E+03 -0.39157E+03  0.00000E+00  0.25988E-03  0.12060E+03  0.50000E+03  0.00000E+00   5895  0.00000E+00      0.000
     210.0000 -0.25000E+01  0.50000E+01 -0.25000E+01  0.17999E+01 -0.70014E+00 -0.52500E+03  0.10500E+04 -0.52500E+03  0.38694E+03 -0.82146E+02 -0.36944E+03 -0.38184E+03 -0.39157E+03  0.00000E+00  0.26064E-03  0.12060E+03  0.52500E+03  0.00000E+00   6196  0.00000E+00      0.000
     220.0000 -0.25000E+01  0.50000E+01 -0.25000E+01  0.17999E+01 -0.70014E+00 -0.55000E+03  0.11000E+04 -0.55000E+03  0.40494E+03 -0.89147E+02 -0.36944E+03 -0.38184E+03 -0.39157E+03  0.00000E+00  0.26192E-03  0.12060E+03  0.55000E+03  0.00000E+00   6520  0.00000E+00      0.000
     230.0000 -0.25000E+01  0.50000E+01 -0.25000E+01  0.17999E+01 -0.70014E+00 -0.57500E+03  0.11500E+04 -0.57500E+03  0.42294E+03 -0.96149E+02 -0.36942E+03 -0.38185E+03 -0.39157E+03  0.00000E+00  0.26247E-03  0.12060E+03  0.57500E+03  0.00000E+00   6832  0.00000E+00      0.000
     240.0000 -0.25000E+01  0.50000E+01 -0.25000E+01  0.17999E+01 -0.70014E+00 -0.60000E+03  0.12000E+04 -0.60000E+03  0.44094E+03 -0.10315E+03 -0.36942E+03 -0.38185E+03 -0.39157E+03  0.00000E+00  0.26247E-03  0.12060E+03  0.60000E+03  0.00000E+00   7151  0.00000E+00      0.000
     250.0000 -0.25000E+01  0.50000E+01 -0.25000E+01  0.17999E+01 -0.70014E+00 -0.62500E+03  0.12500E+04 -0.62500E+03  0.45894E+03 -0.11015E+03 -0.36941E+03 -0.38185E+03 -0.39157E+03  0.00000E+00  0.26376E-03  0.12060E+03  0.62500E+03  0.00000E+00   7468  0.00000E+00      0.000
     260.0000 -0.25000E+01  0.50000E+01 -0.25000E+01  0.17998E+01 -0.70014E+00 -0.65000E+03  0.13000E+04 -0.65000E+03  0.47693E+03 -0.11715E+03 -0.36944E+03 -0.38184E+03 -0.39157E+03  0.00000E+00  0.26414E-03  0.12060E+03  0.65000E+03  0.00000E+00   7749  0.00000E+00      0.000
     270.0000 -0.25000E+01  0.50000E+01 -0.25000E+01  0.17999E+01 -0.70014E+00 -0.67501E+03  0.13500E+04 -0.67501E+03  0.49493E+03 -0.12416E+03 -0.36943E+03 -0.38184E+03 -0.39157E+03  0.00000E+00  0.26472E-03  0.12060E+03  0.67501E+03  0.00000E+00   8032  0.00000E+00      0.000
     280.0000 -0.25000E+01  0.50000E+01 -0.25000E+01  0.17999E+01 -0.70014E+00 -0.70001E+03  0.14000E+04 -0.70001E+03  0.51293E+03 -0.13116E+03 -0.36944E+03 -0.38185E+03 -0.39157E+03  0.00000E+00  0.26535E-03  0.12060E+03  0.70001E+03  0.00000E+00   8356  0.00000E+00      0.000
     290.0000 -0.25000E+01  0.50000E+01 -0.25000E+01  0.17999E+01 -0.70014E+00 -0.72500E+03  0.14500E+04 -0.72500E+03  0.53093E+03 -0.13816E+03 -0.36944E+03 -0.38185E+03 -0.39157E+03  0.00000E+00  0.26608E-03  0.12060E+03  0.72500E+03  0.00000E+00   8661  0.00000E+00      0.000
     300.0000 -0.25000E+01  0.50000E+01 -0.25000E+01  0.17999E+01 -0.70014E+00 -0.75000E+03  0.15000E+04 -0.75000E+03  0.54892E+03 -0.14516E+03 -0.36942E+03 -0.38184E+03 -0.39157E+03  0.00000E+00  0.26725E-03  0.12060E+03  0.75000E+03  0.00000E+00   8984  0.00000E+00      0.000
     310.0000 -0.25000E+01  0.50000E+01 -0.25000E+01  0.17999E+01 -0.70014E+00 -0.77500E+03  0.15500E+04 -0.77500E+03  0.56692E+03 -0.15216E+03 -0.36944E+03 -0.38184E+03 -0.39157E+03  0.00000E+00  0.26829E-03  0.12060E+03  0.77500E+03  0.00000E+00   9304  0.00000E+00      0.000
     320.0000 -0.25000E+01  0.50000E+01 -0.25000E+01  0.17999E+01 -0.70014E+00 -0.80000E+03  0.16000E+04 -0.80000E+03  0.58492E+03 -0.15916E+03 -0.36944E+03 -0.38185E+03 -0.39157E+03  0.00000E+00  0.26889E-03  0.12060E+03  0.80000E+03  0.00000E+00   9630  0.00000E+00      0.000
     330.0000 -0.25000E+01  0.50000E+01 -0.25000E+01  0.17999E+01 -0.70014E+00 -0.82500E+03  0.16500E+04 -0.82500E+03  0.60292E+03 -0.16616E+03 -0.36944E+03 -0.38184E+03 -0.39157E+03  0.00000E+00  0.26951E-03  0.12060E+03  0.82500E+03  0.00000E+00   9945  0.00000E+00      0.000
     340.0000 -0.25000E+01  0.50000E+01 -0.25000E+01  0.17999E+01 -0.70013E+00 -0.85000E+03  0.17000E+04 -0.85000E+03  0.62092E+03 -0.17317E+03 -0.36944E+03 -0.38184E+03 -0.39157E+03  0.00000E+00  0.26990E-03  0.12060E+03  0.85000E+03  0.00000E+00  10255  0.00000E+00      0.000
     350.0000 -0.25000E+01  0.50000E+01 -0.25000E+01  0.17998E+01 -0.70013E+00 -0.87501E+03  0.17500E+04 -0.87501E+03  0.63892E+03 -0.18017E+03 -0.36943E+03 -0.38184E+03 -0.39157E+03  0.00000E+00  0.26990E-03  0.12060E+03  0.87501E+03  0.00000E+00  10541  0.00000E+00      0.000
     360.0000 -0.25000E+01  0.50000E+01 -0.25000E+01  0.17999E+01 -0.70014E+00 -0.90001E+03  0.18000E+04 -0.90001E+03  0.65692E+03 -0.18717E+03 -0.36942E+03 -0.38185E+03 -0.39157E+03  0.00000E+00  0.27095E-03  0.12060E+03  0.90001E+03  0.00000E+00  10847  0.00000E+00      0.000
     370.0000 -0.25000E+01  0.50000E+01 -0.25000E+01  0.17999E+01 -0.70014E+00 -0.92501E+03  0.18500E+04 -0.92501E+03  0.67492E+03 -0.19417E+03 -0.36942E+03 -0.38184E+03 -0.39157E+03  0.00000E+00  0.27095E-03  0.12060E+03  0.92501E+03  0.00000E+00  11143  0.00000E+00      0.000
     380.0000 -0.25000E+01  0.50000E+01 -0.25000E+01  0.17999E+01 -0.70014E+00 -0.95001E+03  0.19000E+04 -0.95001E+03  0.69292E+03 -0.20117E+03 -0.36944E+03 -0.38184E+03 -0.39157E+03  0.00000E+00  0.27131E-03  0.12060E+03  0.95001E+03  0.00000E+00  11463  0.00000E+00      0.000
     390.0000 -0.25000E+01  0.50000E+01 -0.25000E+01  0.17999E+01 -0.70014E+00 -0.97501E+03  0.19500E+04 -0.97501E+03  0.71092E+03 -0.20817E+03 -0.36943E+03 -0.38185E+03 -0.39157E+03  0.00000E+00  0.27179E-03  0.12060E+03  0.97501E+03  0.00000E+00  11795  0.00000E+00      0.000
     400.0000 -0.25000E+01  0.50000E+01 -0.25000E+01  0.17999E+01 -0.70014E+00 -0.10000E+04  0.20000E+04 -0.10000E+04  0.72892E+03 -0.21518E+03 -0.36944E+03 -0.38185E+03 -0.39157E+03  0.00000E+00  0.27261E-03  0.12060E+03  0.10000E+04  0.00000E+00  12115  0.00000E+00      0.000
     410.0000 -0.25000E+01  0.50000E+01 -0.25000E+01  0.17999E+01 -0.70014E+00 -0.10250E+04  0.20500E+04 -0.10250E+04  0.74692E+03 -0.22218E+03 -0.36943E+03 -0.38184E+03 -0.39157E+03  0.00000E+00  0.27276E-03  0.12060E+03  0.10250E+04  0.00000E+00  12435  0.00000E+00      0.000
     420.0000 -0.25000E+01  0.50000E+01 -0.25000E+01  0.17999E+01 -0.70014E+00 -0.10500E+04  0.21000E+04 -0.10500E+04  0.76491E+03 -0.22918E+03 -0.36944E+03 -0.38184E+03 -0.39157E+03  0.00000E+00  0.27315E-03  0.12060E+03  0.10500E+04  0.00000E+00  12742  0.00000E+00      0.000
     430.0000 -0.25000E+01  0.50000E+01 -0.25000E+01  0.17999E+01 -0.70014E+00 -0.10750E+04  0.21500E+04 -0.10750E+04  0.78291E+03 -0.23618E+03 -0.36944E+03 -0.38184E+03 -0.39157E+03  0.00000E+00  0.27397E-03  0.12060E+03  0.10750E+04  0.00000E+00  13048  0.00000E+00      0.000
     440.0000 -0.25000E+01  0.50000E+01 -0.25000E+01  0.17999E+01 -0.70014E+00 -0.11000E+04  0.22000E+04 -0.11000E+04  0.80091E+03 -0.24318E+03 -0.36942E+03 -0.38185E+03 -0.39157E+03  0.00000E+00  0.27482E-03  0.12060E+03  0.11000E+04  0.00000E+00  13365  0.00000E+00      0.000
     450.0000 -0.25000E+01  0.50000E+01 -0.25000E+01  0.17999E+01 -0.70014E+00 -0.11250E+04  0.22500E+04 -0.11250E+04  0.81891E+03 -0.25018E+03 -0.36944E+03 -0.38185E+03 -0.39157E+03  0.00000E+00  0.27525E-03  0.12060E+03  0.11250E+04  0.00000E+00  13672  0.00000E+00      0.000
     460.0000 -0.25000E+01  0.50000E+01 -0.25000E+01  0.17999E+01 -0.70014E+00 -0.11500E+04  0.23000E+04 -0.11500E+04  0.83691E+03 -0.25718E+03 -0.36942E+03 -0.38185E+03 -0.39157E+03  0.00000E+00  0.27556E-03  0.12060E+03  0.11500E+04  0.00000E+00  13981  0.00000E+00      0.000
     470.0000 -0.25000E+01  0.50000E+01 -0.25000E+01  0.17999E+01 -0.70014E+00 -0.11750E+04  0.23500E+04 -0.11750E+04  0.85491E+03 -0.26419E+03 -0.36942E+03 -0.38184E+03 -0.39157E+03  0.00000E+00  0.27572E-03  0.12060E+03  0.11750E+04  0.00000E+00  14279  0.00000E+00      0.000
     480.0000 -0.25000E+01  0.50000E+01 -0.25000E+01  0.17999E+01 -0.70014E+00 -0.12000E+04  0.24000E+04 -0.12000E+04  0.87291E+03 -0.27119E+03 -0.36944E+03 -0.38185E+03 -0.39157E+03  0.00000E+00  0.27730E-03  0.12060E+03  0.12000E+04  0.00000E+00  14585  0.00000E+00      0.000
     490.0000 -0.25000E+01  0.50000E+01 -0.25000E+01  0.17999E+01 -0.70014E+00 -0.12250E+04  0.24500E+04 -0.12250E+04  0.89091E+03 -0.27819E+03 -0.36943E+03 -0.38185E+03 -0.39157E+03  0.00000E+00  0.27786E-03  0.12060E+03  0.12250E+04  0.00000E+00  14912  0.00000E+00      0.000
     500.0000 -0.25000E+01  0.50000E+01 -0.25000E+01  0.17999E+01 -0.70014E+00 -0.12500E+04  0.25000E+04 -0.12500E+04  0.90891E+03 -0.28519E+03 -0.36943E+03 -0.38185E+03 -0.39157E+03  0.00000E+00  0.27851E-03  0.12060E+03  0.12500E+04  0.00000E+00  15223  0.00000E+00      0.000
     510.0000 -0.25000E+01  0.50000E+01 -0.25000E+01  0.17999E+01 -0.70014E+00 -0.12750E+04  0.25500E+04 -0.12750E+04  0.92690E+03 -0.29219E+03 -0.36944E+03 -0.38184E+03 -0.39157E+03  0.00000E+00  0.27996E-03  0.12060E+03  0.12750E+04  0.00000E+00  15525  0.00000E+00      0.000
     520.0000 -0.25000E+01  0.50000E+01 -0.25000E+01  0.17999E+01 -0.70014E+00 -0.13000E+04  0.26000E+04 -0.13000E+04  0.94490E+03 -0.29919E+03 -0.36944E+03 -0.38184E+03 -0.39157E+03  0.00000E+00  0.27996E-03  0.12060E+03  0.13000E+04  0.00000E+00  15834  0.00000E+00      0.000
     530.0000 -0.25000E+01  0.50000E+01 -0.25000E+01  0.17999E+01 -0.70014E+00 -0.13250E+04  0.26500E+04 -0.13250E+04  0.96290E+03 -0.30620E+03 -0.36944E+03 -0.38185E+03 -0.39157E+03  0.00000E+00  0.28027E-03  0.12060E+03  0.13250E+04  0.00000E+00  16158  0.00000E+00      0.000
     540.0000 -0.25000E+01  0.50000E+01 -0.25000E+01  0.17999E+01 -0.70014E+00 -0.13500E+04  0.27000E+04 -0.13500E+04  0.98090E+03 -0.31320E+03 -0.36942E+03 -0.38185E+03 -0.39157E+03  0.00000E+00  0.28082E-03  0.12060E+03  0.13500E+04  0.00000E+00  16461  0.00000E+00      0.000
     550.0000 -0.25000E+01  0.50000E+01 -0.25000E+01  0.17999E+01 -0.70014E+00 -0.13750E+04  0.27500E+04 -0.13750E+04  0.99890E+03 -0.32020E+03 -0.36943E+03 -0.38184E+03 -0.39157E+03  0.00000E+00  0.28173E-03  0.12060E+03  0.13750E+04  0.00000E+00  16781  0.00000E+00      0.000
     560.0000 -0.25000E+01  0.50000E+01 -0.25000E+01  0.17999E+01 -0.70014E+00 -0.14000E+04  0.28000E+04 -0.14000E+04  0.10169E+04 -0.32720E+03 -0.36942E+03 -0.38185E+03 -0.39157E+03  0.00000E+00  0.28210E-03  0.12060E+03  0.14000E+04  0.00000E+00  17102  0.00000E+00      0.000
     570.0000 -0.25000E+01  0.50000E+01 -0.25000E+01  0.17999E+01 -0.70014E+00 -0.14250E+04  0.28500E+04 -0.14250E+04  0.10349E+04 -0.33420E+03 -0.36943E+03 -0.38185E+03 -0.39157E+03  0.00000E+00  0.28248E-03  0.12060E+03  0.14250E+04  0.00000E+00  17424  0.00000E+00      0.000
     580.0000 -0.25000E+01  0.50000E+01 -0.25000E+01  0.17999E+01 -0.70014E+00 -0.14500E+04  0.29000E+04 -0.14500E+04  0.10529E+04 -0.34120E+03 -0.36942E+03 -0.38185E+03 -0.39157E+03  0.00000E+00  0.28288E-03  0.12060E+03  0.14500E+04  0.00000E+00  17724  0.00000E+00      0.000
     590.0000 -0.25000E+01  0.50000E+01 -0.25000E+01  0.17999E+01 -0.70014E+00 -0.14750E+04  0.29500E+04 -0.14750E+04  0.10709E+04 -0.34820E+03 -0.36942E+03 -0.38184E+03 -0.39157E+03  0.00000E+00  0.28288E-03  0.12060E+03  0.14750E+04  0.00000E+00  18043  0.00000E+00      0.000
     600.0000 -0.25000E+01  0.50000E+01 -0.25000E+01  0.17999E+01 -0.70014E+00 -0.15000E+04  0.30000E+04 -0.15000E+04  0.10889E+04 -0.35521E+03 -0.36944E+03 -0.38184E+03 -0.39157E+03  0.00000E+00  0.28381E-03  0.12060E+03  0.15000E+04  0.00000E+00  18342  0.00000E+00      0.000
     610.0000 -0.25000E+01  0.50000E+01 -0.25000E+01  0.17999E+01 -0.70014E+00 -0.15250E+04  0.30500E+04 -0.15250E+04  0.11069E+04 -0.36221E+03 -0.36942E+03 -0.38185E+03 -0.39157E+03  0.00000E+00  0.28497E-03  0.12060E+03  0.15250E+04  0.00000E+00  18639  0.00000E+00      0.000
     620.0000 -0.25000E+01  0.50000E+01 -0.25000E+01  0.17999E+01 -0.70014E+00 -0.15500E+04  0.31000E+04 -0.15500E+04  0.11249E+04 -0.36921E+03 -0.36944E+03 -0.38184E+03 -0.39157E+03  0.00000E+00  0.28535E-03  0.12060E+03  0.15500E+04  0.00000E+00  18951  0.00000E+00      0.000
     630.0000 -0.25000E+01  0.50000E+01 -0.25000E+01  0.17999E+01 -0.70014E+00 -0.15750E+04  0.31500E+04 -0.15750E+04  0.11429E+04 -0.37621E+03 -0.36943E+03 -0.38185E+03 -0.39157E+03  0.00000E+00  0.28663E-03  0.12060E+03  0.15750E+04  0.00000E+00  19266  0.00000E+00      0.000
     640.0000 -0.25000E+01  0.50000E+01 -0.25000E+01  0.17999E+01 -0.70014E+00 -0.16000E+04  0.32000E+04 -0.16000E+04  0.11609E+04 -0.38321E+03 -0.36944E+03 -0.38185E+03 -0.39157E+03  0.00000E+00  0.28713E-03  0.12060E+03  0.16000E+04  0.00000E+00  19574  0.00000E+00      0.000
     650.0000 -0.25000E+01  0.50000E+01 -0.25000E+01  0.17999E+01 -0.70014E+00 -0.16250E+04  0.32500E+04 -0.16250E+04  0.11789E+04 -0.39021E+03 -0.36944E+03 -0.38184E+03 -0.39157E+03  0.00000E+00  0.28782E-03  0.12060E+03  0.16250E+04  0.00000E+00  19895  0.00000E+00      0.000
     660.0000 -0.25000E+01  0.50000E+01 -0.25000E+01  0.17999E+01 -0.70014E+00 -0.16500E+04  0.33000E+04 -0.16500E+04  0.11969E+04 -0.39721E+03 -0.36943E+03 -0.38185E+03 -0.39157E+03  0.00000E+00  0.28933E-03  0.12060E+03  0.16500E+04  0.00000E+00  20209  0.00000E+00      0.000
     670.0000 -0.25000E+01  0.50000E+01 -0.25000E+01  0.17999E+01 -0.70014E+00 -0.16750E+04  0.33500E+04 -0.16750E+04  0.12149E+04 -0.40421E+03 -0.36942E+03 -0.38185E+03 -0.39157E+03  0.00000E+00  0.29049E-03  0.12060E+03  0.16750E+04  0.00000E+00  20511  0.00000E+00      0.000
     680.0000 -0.25000E+01  0.50000E+01 -0.25000E+01  0.17999E+01 -0.70014E+00 -0.17000E+04  0.34000E+04 -0.17000E+04  0.12329E+04 -0.41121E+03 -0.36942E+03 -0.38185E+03 -0.39157E+03  0.00000E+00  0.29118E-03  0.12060E+03  0.17000E+04  0.00000E+00  20833  0.00000E+00      0.000
     690.0000 -0.25000E+01  0.50000E+01 -0.25000E+01  0.17999E+01 -0.70014E+00 -0.17250E+04  0.34500E+04 -0.17250E+04  0.12509E+04 -0.41822E+03 -0.36942E+03 -0.38185E+03 -0.39157E+03  0.00000E+00  0.29194E-03  0.12060E+03  0.17250E+04  0.00000E+00  21145  0.00000E+00      0.000
     700.0000 -0.25000E+01  0.50000E+01 -0.25000E+01  0.17999E+01 -0.70014E+00 -0.17500E+04  0.35000E+04 -0.17500E+04  0.12689E+04 -0.42522E+03 -0.36943E+03 -0.38184E+03 -0.39157E+03  0.00000E+00  0.29216E-03  0.12060E+03  0.17500E+04  0.00000E+00  21450  0.00000E+00      0.000
     710.0000 -0.25000E+01  0.50000E+01 -0.25000E+01  0.17999E+01 -0.70014E+00 -0.17750E+04  0.35500E+04 -0.17750E+04  0.12869E+04 -0.43222E+03 -0.36944E+03 -0.38184E+03 -0.39157E+03  0.00000E+00  0.29237E-03  0.12060E+03  0.17750E+04  0.00000E+00  21763  0.00000E+00      0.000
     720.0000 -0.25000E+01  0.50000E+01 -0.25000E+01  0.17999E+01 -0.70014E+00 -0.18000E+04  0.36000E+04 -0.18000E+04  0.13049E+04 -0.43922E+03 -0.36944E+03 -0.38184E+03 -0.39157E+03  0.00000E+00  0.29286E-03  0.12060E+03  0.18000E+04  0.00000E+00  22088  0.00000E+00      0.000
     730.0000 -0.25000E+01  0.50000E+01 -0.25000E+01  0.17999E+01 -0.70014E+00 -0.18250E+04  0.36500E+04 -0.18250E+04  0.13229E+04 -0.44622E+03 -0.36942E+03 -0.38185E+03 -0.39157E+03  0.00000E+00  0.29303E-03  0.12060E+03  0.18250E+04  0.00000E+00  22407  0.00000E+00      0.000
     740.0000 -0.25000E+01  0.50000E+01 -0.25000E+01  0.17999E+01 -0.70014E+00 -0.18500E+04  0.37000E+04 -0.18500E+04  0.13409E+04 -0.45322E+03 -0.36944E+03 -0.38184E+03 -0.39157E+03  0.00000E+00  0.29363E-03  0.12060E+03  0.18500E+04  0.00000E+00  22714  0.00000E+00      0.000
     750.0000 -0.25000E+01  0.50000E+01 -0.25000E+01  0.17999E+01 -0.70014E+00 -0.18750E+04  0.37500E+04 -0.18750E+04  0.13589E+04 -0.46023E+03 -0.36944E+03 -0.38185E+03 -0.39157E+03  0.00000E+00  0.29363E-03  0.12060E+03  0.18750E+04  0.00000E+00  23032  0.00000E+00      0.000
     760.0000 -0.25000E+01  0.50000E+01 -0.25000E+01  0.17999E+01 -0.70014E+00 -0.19000E+04  0.38000E+04 -0.19000E+04  0.13769E+04 -0.46723E+03 -0.36943E+03 -0.38185E+03 -0.39157E+03  0.10014E-04  0.29489E-03  0.12060E+03  0.19000E+04  0.00000E+00  23342  0.00000E+00      0.000
     770.0000 -0.25000E+01  0.50000E+01 -0.25000E+01  0.17999E+01 -0.70014E+00 -0.19250E+04  0.38500E+04 -0.19250E+04  0.13949E+04 -0.47423E+03 -0.36944E+03 -0.38185E+03 -0.39157E+03  0.00000E+00  0.29613E-03  0.12060E+03  0.19250E+04  0.00000E+00  23653  0.00000E+00      0.000
     780.0000 -0.25000E+01  0.50000E+01 -0.25000E+01  0.17999E+01 -0.70014E+00 -0.19500E+04  0.39000E+04 -0.19500E+04  0.14129E+04 -0.48123E+03 -0.36942E+03 -0.38185E+03 -0.39157E+03  0.00000E+00  0.29685E-03  0.12060E+03  0.19500E+04  0.00000E+00  23970  0.00000E+00      0.000
     790.0000 -0.25000E+01  0.50000E+01 -0.25000E+01  0.17999E+01 -0.70014E+00 -0.19750E+04  0.39500E+04 -0.19750E+04  0.14309E+04 -0.48823E+03 -0.36943E+03 -0.38184E+03 -0.39157E+03  0.00000E+00  0.29740E-03  0.12060E+03  0.19750E+04  0.00000E+00  24278  0.00000E+00      0.000
     800.0000 -0.25000E+01  0.50000E+01 -0.25000E+01  0.17999E+01 -0.70014E+00 -0.20000E+04  0.40000E+04 -0.20000E+04  0.14489E+04 -0.49523E+03 -0.36944E+03 -0.38184E+03 -0.39157E+03  0.00000E+00  0.29803E-03  0.12060E+03  0.20000E+04  0.00000E+00  24589  0.00000E+00      0.000
     810.0000 -0.25000E+01  0.50000E+01 -0.25000E+01  0.17999E+01 -0.70014E+00 -0.20250E+04  0.40500E+04 -0.20250E+04  0.14669E+04 -0.50223E+03 -0.36943E+03 -0.38185E+03 -0.39157E+03  0.00000E+00  0.29850E-03  0.12060E+03  0.20250E+04  0.00000E+00  24902  0.00000E+00      0.000
     820.0000 -0.25000E+01  0.50000E+01 -0.25000E+01  0.17999E+01 -0.70014E+00 -0.20500E+04  0.41000E+04 -0.20500E+04  0.14849E+04 -0.50923E+03 -0.36942E+03 -0.38185E+03 -0.39157E+03  0.00000E+00  0.29868E-03  0.12060E+03  0.20500E+04  0.00000E+00  25207  0.00000E+00      0.000
     830.0000 -0.25000E+01  0.50000E+01 -0.25000E+01  0.17999E+01 -0.70014E+00 -0.20750E+04  0.41501E+04 -0.20750E+04  0.15029E+04 -0.51623E+03 -0.36944E+03 -0.38184E+03 -0.39157E+03  0.00000E+00  0.29924E-03  0.12060E+03  0.20750E+04  0.00000E+00  25499  0.00000E+00      0.000
     840.0000 -0.25000E+01  0.50000E+01 -0.25000E+01  0.17999E+01 -0.70014E+00 -0.21000E+04  0.42001E+04 -0.21000E+04  0.15209E+04 -0.52324E+03 -0.36942E+03 -0.38184E+03 -0.39157E+03  0.00000E+00  0.30048E-03  0.12060E+03  0.21000E+04  0.00000E+00  25815  0.00000E+00      0.000
     850.0000 -0.25000E+01  0.50000E+01 -0.25000E+01  0.17999E+01 -0.70014E+00 -0.21250E+04  0.42501E+04 -0.21250E+04  0.15389E+04 -0.53024E+03 -0.36943E+03 -0.38185E+03 -0.39157E+03  0.00000E+00  0.30151E-03  0.12060E+03  0.21250E+04  0.00000E+00  26120  0.00000E+00      0.000
     860.0000 -0.25000E+01  0.50000E+01 -0.25000E+01  0.17999E+01 -0.70014E+00 -0.21500E+04  0.43001E+04 -0.21500E+04  0.15569E+04 -0.53724E+03 -0.36944E+03 -0.38184E+03 -0.39157E+03  0.00000E+00  0.30173E-03  0.12060E+03  0.21500E+04  0.00000E+00  26431  0.00000E+00      0.000
     870.0000 -0.25000E+01  0.50000E+01 -0.25000E+01  0.17999E+01 -0.70014E+00 -0.21750E+04  0.43501E+04 -0.21750E+04  0.15749E+04 -0.54424E+03 -0.36943E+03 -0.38185E+03 -0.39157E+03  0.00000E+00  0.30191E-03  0.12060E+03  0.21750E+04  0.00000E+00  26747  0.00000E+00      0.000
     880.0000 -0.25000E+01  0.50000E+01 -0.25000E+01  0.17999E+01 -0.70014E+00 -0.22000E+04  0.44001E+04 -0.22000E+04  0.15929E+04 -0.55124E+03 -0.36942E+03 -0.38185E+03 -0.39157E+03  0.00000E+00  0.30191E-03  0.12060E+03  0.22000E+04  0.00000E+00  27065  0.00000E+00      0.000
     890.0000 -0.25000E+01  0.50000E+01 -0.25000E+01  0.17999E+01 -0.70014E+00 -0.22250E+04  0.44501E+04 -0.22250E+04  0.16109E+04 -0.55824E+03 -0.36944E+03 -0.38184E+03 -0.39157E+03  0.00000E+00  0.30231E-03  0.12060E+03  0.22250E+04  0.00000E+00  27378  0.00000E+00      0.000
     900.0000 -0.25000E+01  0.50000E+01 -0.25000E+01  0.17999E+01 -0.70014E+00 -0.22500E+04  0.45001E+04 -0.22500E+04  0.16289E+04 -0.56524E+03 -0.36943E+03 -0.38184E+03 -0.39157E+03  0.00000E+00  0.30301E-03  0.12060E+03  0.22500E+04  0.00000E+00  27689  0.00000E+00      0.000
     910.0000 -0.25000E+01  0.50000E+01 -0.25000E+01  0.17999E+01 -0.70014E+00 -0.22750E+04  0.45501E+04 -0.22750E+04  0.16469E+04 -0.57224E+03 -0.36945E+03 -0.38184E+03 -0.39157E+03  0.00000E+00  0.30406E-03  0.12060E+03  0.22750E+04  0.00000E+00  28002  0.00000E+00      0.000
     920.0000 -0.25000E+01  0.50000E+01 -0.25000E+01  0.17999E+01 -0.70014E+00 -0.23000E+04  0.46001E+04 -0.23000E+04  0.16649E+04 -0.57924E+03 -0.36942E+03 -0.38185E+03 -0.39157E+03  0.00000E+00  0.30503E-03  0.12060E+03  0.23000E+04  0.00000E+00  28308  0.00000E+00      0.000
     930.0000 -0.25000E+01  0.50000E+01 -0.25000E+01  0.17999E+01 -0.70014E+00 -0.23250E+04  0.46501E+04 -0.23250E+04  0.16829E+04 -0.58624E+03 -0.36944E+03 -0.38184E+03 -0.39157E+03  0.00000E+00  0.30580E-03  0.12060E+03  0.23250E+04  0.00000E+00  28616  0.00000E+00      0.000
     940.0000 -0.25000E+01  0.50000E+01 -0.25000E+01  0.17999E+01 -0.70014E+00 -0.23500E+04  0.47001E+04 -0.23500E+04  0.17009E+04 -0.59325E+03 -0.36944E+03 -0.38184E+03 -0.39157E+03  0.00000E+00  0.30649E-03  0.12060E+03  0.23500E+04  0.00000E+00  28923  0.00000E+00      0.000
     950.0000 -0.25000E+01  0.50000E+01 -0.25000E+01  0.17999E+01 -0.70014E+00 -0.23750E+04  0.47501E+04 -0.23750E+04  0.17189E+04 -0.60025E+03 -0.36941E+03 -0.38185E+03 -0.39157E+03  0.00000E+00  0.30719E-03  0.12060E+03  0.23750E+04  0.00000E+00  29246  0.00000E+00      0.000
     960.0000 -0.25000E+01  0.50000E+01 -0.25000E+01  0.17999E+01 -0.70014E+00 -0.24000E+04  0.48001E+04 -0.24000E+04  0.17369E+04 -0.60725E+03 -0.36943E+03 -0.38184E+03 -0.39157E+03  0.00000E+00  0.30737E-03  0.12060E+03  0.24000E+04  0.00000E+00  29562  0.00000E+00      0.000
     970.0000 -0.25000E+01  0.50000E+01 -0.25000E+01  0.17999E+01 -0.70014E+00 -0.24251E+04  0.48501E+04 -0.24250E+04  0.17549E+04 -0.61425E+03 -0.36944E+03 -0.38184E+03 -0.39157E+03  0.00000E+00  0.30755E-03  0.12060E+03  0.24250E+04  0.00000E+00  29879  0.00000E+00      0.000
     980.0000 -0.25000E+01  0.50000E+01 -0.25000E+01  0.17999E+01 -0.70014E+00 -0.24500E+04  0.49001E+04 -0.24500E+04  0.17729E+04 -0.62125E+03 -0.36943E+03 -0.38184E+03 -0.39157E+03  0.00000E+00  0.30755E-03  0.12060E+03  0.24500E+04  0.00000E+00  30180  0.00000E+00      0.000
     990.0000 -0.25000E+01  0.50000E+01 -0.25000E+01  0.17999E+01 -0.70014E+00 -0.24750E+04  0.49501E+04 -0.24750E+04  0.17909E+04 -0.62825E+03 -0.36942E+03 -0.38184E+03 -0.39157E+03  0.00000E+00  0.30923E-03  0.12060E+03  0.24750E+04  0.00000E+00  30491  0.00000E+00      0.000
    1000.0000 -0.25000E+01  0.50000E+01 -0.25000E+01  0.17999E+01 -0.70014E+00 -0.25001E+04  0.50001E+04 -0.25001E+04  0.18089E+04 -0.63525E+03 -0.36942E+03 -0.38184E+03 -0.39157E+03  0.00000E+00  0.30923E-03  0.12060E+03  0.25001E+04  0.00000E+00  30783  0.00000E+00      0.000
end
